2021-10-05 22:23:03,581 - root - DEBUG - Opening watch face 'bc8dd2389fad6c6faf5e3005b9509883.bin'
2021-10-05 22:23:03,591 - root - DEBUG - Reading parameters...
2021-10-05 22:23:03,591 - root - INFO - Reading header...
2021-10-05 22:23:03,592 - root - INFO - Header was read:
2021-10-05 22:23:03,592 - root - INFO - Signature: b'UIHH\x01\x00\xff', Unknown: 58, ParametersSize: 40, isValid: True, deviceId: 73
2021-10-05 22:23:03,592 - root - INFO - Reading parameter offsets...
2021-10-05 22:23:03,592 - root - INFO - Parameter offsets were read from file
2021-10-05 22:23:03,593 - root - INFO - Reading parameters descriptor...
2021-10-05 22:23:03,593 - root - INFO - 1 ( A): 5 bytes
2021-10-05 22:23:03,593 - root - INFO -     1 ( 8): 223 DF
2021-10-05 22:23:03,593 - root - INFO -     2 (10): 67 43
2021-10-05 22:23:03,593 - root - INFO - getParameters descriptor was read:
2021-10-05 22:23:03,593 - root - INFO - ParametersTableLength: 223, ImagesCount: 67
2021-10-05 22:23:03,593 - root - INFO - Reading parameters locations...
2021-10-05 22:23:03,593 - root - INFO - 2 (12): 4 bytes
2021-10-05 22:23:03,593 - root - INFO -     1 ( 8): 0  0
2021-10-05 22:23:03,593 - root - INFO -     2 (10): 22 16
2021-10-05 22:23:03,594 - root - INFO - 3 (1A): 4 bytes
2021-10-05 22:23:03,594 - root - INFO -     1 ( 8): 22 16
2021-10-05 22:23:03,594 - root - INFO -     2 (10): 54 36
2021-10-05 22:23:03,594 - root - INFO - 4 (22): 5 bytes
2021-10-05 22:23:03,594 - root - INFO -     1 ( 8): 134 86
2021-10-05 22:23:03,594 - root - INFO -     2 (10): 35 23
2021-10-05 22:23:03,594 - root - INFO - 5 (2A): 4 bytes
2021-10-05 22:23:03,594 - root - INFO -     1 ( 8): 76 4C
2021-10-05 22:23:03,594 - root - INFO -     2 (10): 58 3A
2021-10-05 22:23:03,595 - root - INFO - 29 (EA): 5 bytes
2021-10-05 22:23:03,595 - root - INFO -     1 ( 8): 169 A9
2021-10-05 22:23:03,595 - root - INFO -     2 (10): 54 36
2021-10-05 22:23:03,595 - root - INFO - Watch face parameters locations were read:
2021-10-05 22:23:03,595 - root - INFO - Reading descriptor for parameter 2
2021-10-05 22:23:03,595 - root - INFO - Descriptor offset: 0, Descriptor length: 22
2021-10-05 22:23:03,595 - root - INFO - Parsing descriptor for parameter 2...
2021-10-05 22:23:03,595 - root - INFO - 2 (10): 4278190080 FF000000
2021-10-05 22:23:03,595 - root - INFO - 3 (1A): 6 bytes
2021-10-05 22:23:03,595 - root - INFO -     1 ( 8): 18 12
2021-10-05 22:23:03,595 - root - INFO -     2 (10): 17 11
2021-10-05 22:23:03,596 - root - INFO -     3 (18): 1  1
2021-10-05 22:23:03,596 - root - INFO - 5 (2A): 6 bytes
2021-10-05 22:23:03,596 - root - INFO -     1 ( 8): 18 12
2021-10-05 22:23:03,596 - root - INFO -     2 (10): 17 11
2021-10-05 22:23:03,596 - root - INFO -     3 (18): 0  0
2021-10-05 22:23:03,596 - root - INFO - Reading descriptor for parameter 3
2021-10-05 22:23:03,596 - root - INFO - Descriptor offset: 22, Descriptor length: 54
2021-10-05 22:23:03,596 - root - INFO - Parsing descriptor for parameter 3...
2021-10-05 22:23:03,596 - root - INFO - 1 ( A): 52 bytes
2021-10-05 22:23:03,596 - root - INFO -     1 ( A): 21 bytes
2021-10-05 22:23:03,596 - root - INFO -         1 ( A): 8 bytes
2021-10-05 22:23:03,596 - root - INFO -             1 ( 8): 30 1E
2021-10-05 22:23:03,597 - root - INFO -             2 (10): 16 10
2021-10-05 22:23:03,597 - root - INFO -             3 (18): 2  2
2021-10-05 22:23:03,597 - root - INFO -             4 (20): 10  A
2021-10-05 22:23:03,597 - root - INFO -         2 (12): 9 bytes
2021-10-05 22:23:03,597 - root - INFO -             1 ( 8): 152 98
2021-10-05 22:23:03,597 - root - INFO -             2 (10): 16 10
2021-10-05 22:23:03,597 - root - INFO -             3 (18): 2  2
2021-10-05 22:23:03,597 - root - INFO -             4 (20): 10  A
2021-10-05 22:23:03,598 - root - INFO -     2 (12): 23 bytes
2021-10-05 22:23:03,598 - root - INFO -         1 ( A): 9 bytes
2021-10-05 22:23:03,598 - root - INFO -             1 ( 8): 30 1E
2021-10-05 22:23:03,598 - root - INFO -             2 (10): 194 C2
2021-10-05 22:23:03,598 - root - INFO -             3 (18): 12  C
2021-10-05 22:23:03,598 - root - INFO -             4 (20): 10  A
2021-10-05 22:23:03,598 - root - INFO -         2 (12): 10 bytes
2021-10-05 22:23:03,598 - root - INFO -             1 ( 8): 152 98
2021-10-05 22:23:03,599 - root - INFO -             2 (10): 194 C2
2021-10-05 22:23:03,599 - root - INFO -             3 (18): 12  C
2021-10-05 22:23:03,599 - root - INFO -             4 (20): 10  A
2021-10-05 22:23:03,599 - root - INFO -     7 (38): 0  0
2021-10-05 22:23:03,599 - root - INFO -     8 (40): 1  1
2021-10-05 22:23:03,599 - root - INFO - Reading descriptor for parameter 4
2021-10-05 22:23:03,599 - root - INFO - Descriptor offset: 134, Descriptor length: 35
2021-10-05 22:23:03,599 - root - INFO - Parsing descriptor for parameter 4...
2021-10-05 22:23:03,600 - root - INFO - 6 (32): 31 bytes
2021-10-05 22:23:03,600 - root - INFO -     1 ( A): 20 bytes
2021-10-05 22:23:03,600 - root - INFO -         1 ( 8): 92 5C
2021-10-05 22:23:03,600 - root - INFO -         2 (10): 167 A7
2021-10-05 22:23:03,600 - root - INFO -         3 (18): 123 7B
2021-10-05 22:23:03,600 - root - INFO -         4 (20): 188 BC
2021-10-05 22:23:03,600 - root - INFO -         5 (28): 18 12
2021-10-05 22:23:03,600 - root - INFO -         6 (30): 0  0
2021-10-05 22:23:03,601 - root - INFO -         7 (38): 0  0
2021-10-05 22:23:03,601 - root - INFO -         8 (40): 46 2E
2021-10-05 22:23:03,601 - root - INFO -         9 (48): 10  A
2021-10-05 22:23:03,601 - root - INFO -     3 (1A): 7 bytes
2021-10-05 22:23:03,601 - root - INFO -         1 ( 8): 46 2E
2021-10-05 22:23:03,601 - root - INFO -         2 (10): 167 A7
2021-10-05 22:23:03,601 - root - INFO -         3 (18): 56 38
2021-10-05 22:23:03,601 - root - INFO - 7 (38): 0  0
2021-10-05 22:23:03,601 - root - INFO - Reading descriptor for parameter 5
2021-10-05 22:23:03,602 - root - INFO - Descriptor offset: 76, Descriptor length: 58
2021-10-05 22:23:03,602 - root - INFO - Parsing descriptor for parameter 5...
2021-10-05 22:23:03,602 - root - INFO - 1 ( A): 32 bytes
2021-10-05 22:23:03,602 - root - INFO -     1 ( A): 24 bytes
2021-10-05 22:23:03,602 - root - INFO -         4 (22): 22 bytes
2021-10-05 22:23:03,602 - root - INFO -             1 ( 8): 231 E7
2021-10-05 22:23:03,602 - root - INFO -             2 (10): 167 A7
2021-10-05 22:23:03,602 - root - INFO -             3 (18): 262 106
2021-10-05 22:23:03,602 - root - INFO -             4 (20): 188 BC
2021-10-05 22:23:03,603 - root - INFO -             5 (28): 18 12
2021-10-05 22:23:03,603 - root - INFO -             6 (30): 0  0
2021-10-05 22:23:03,603 - root - INFO -             7 (38): 0  0
2021-10-05 22:23:03,603 - root - INFO -             8 (40): 22 16
2021-10-05 22:23:03,603 - root - INFO -             9 (48): 10  A
2021-10-05 22:23:03,603 - root - INFO -     4 (20): 1  1
2021-10-05 22:23:03,603 - root - INFO -     5 (28): 1  1
2021-10-05 22:23:03,603 - root - INFO -     6 (30): 0  0
2021-10-05 22:23:03,603 - root - INFO - 4 (22): 10 bytes
2021-10-05 22:23:03,603 - root - INFO -     1 ( 8): 165 A5
2021-10-05 22:23:03,603 - root - INFO -     2 (10): 167 A7
2021-10-05 22:23:03,604 - root - INFO -     3 (18): 32 20
2021-10-05 22:23:03,604 - root - INFO -     4 (20): 7  7
2021-10-05 22:23:03,604 - root - INFO - 6 (32): 10 bytes
2021-10-05 22:23:03,604 - root - INFO -     1 ( 8): 165 A5
2021-10-05 22:23:03,604 - root - INFO -     2 (10): 167 A7
2021-10-05 22:23:03,604 - root - INFO -     3 (18): 39 27
2021-10-05 22:23:03,604 - root - INFO -     4 (20): 7  7
2021-10-05 22:23:03,604 - root - INFO - Reading descriptor for parameter 29
2021-10-05 22:23:03,604 - root - INFO - Descriptor offset: 169, Descriptor length: 54
2021-10-05 22:23:03,604 - root - INFO - Parsing descriptor for parameter 29...
2021-10-05 22:23:03,604 - root - INFO - 1 ( A): 52 bytes
2021-10-05 22:23:03,605 - root - INFO -     1 ( A): 50 bytes
2021-10-05 22:23:03,605 - root - INFO -         1 ( A): 21 bytes
2021-10-05 22:23:03,605 - root - INFO -             1 ( A): 8 bytes
2021-10-05 22:23:03,605 - root - INFO -                 1 ( 8): 30 1E
2021-10-05 22:23:03,605 - root - INFO -                 2 (10): 21 15
2021-10-05 22:23:03,605 - root - INFO -                 3 (18): 57 39
2021-10-05 22:23:03,605 - root - INFO -                 4 (20): 10  A
2021-10-05 22:23:03,605 - root - INFO -             2 (12): 9 bytes
2021-10-05 22:23:03,605 - root - INFO -                 1 ( 8): 152 98
2021-10-05 22:23:03,605 - root - INFO -                 2 (10): 21 15
2021-10-05 22:23:03,605 - root - INFO -                 3 (18): 57 39
2021-10-05 22:23:03,606 - root - INFO -                 4 (20): 10  A
2021-10-05 22:23:03,606 - root - INFO -         2 (12): 23 bytes
2021-10-05 22:23:03,606 - root - INFO -             1 ( A): 9 bytes
2021-10-05 22:23:03,606 - root - INFO -                 1 ( 8): 30 1E
2021-10-05 22:23:03,606 - root - INFO -                 2 (10): 189 BD
2021-10-05 22:23:03,606 - root - INFO -                 3 (18): 57 39
2021-10-05 22:23:03,606 - root - INFO -                 4 (20): 10  A
2021-10-05 22:23:03,606 - root - INFO -             2 (12): 10 bytes
2021-10-05 22:23:03,606 - root - INFO -                 1 ( 8): 152 98
2021-10-05 22:23:03,606 - root - INFO -                 2 (10): 189 BD
2021-10-05 22:23:03,606 - root - INFO -                 3 (18): 57 39
2021-10-05 22:23:03,607 - root - INFO -                 4 (20): 10  A
2021-10-05 22:23:03,607 - root - INFO -         4 (20): 1  1
2021-10-05 22:23:03,615 - root - INFO - Reading resources offsets table with 67 elements (268 bytes)
2021-10-05 22:23:03,616 - root - INFO - Resource 0 offset: 618, length: 37816...
2021-10-05 22:23:03,616 - root - DEBUG - Reading resource 0...
2021-10-05 22:23:03,660 - root - INFO - The image is bme.
2021-10-05 22:23:03,660 - root - INFO - Reading image header(readHeader16E)...
2021-10-05 22:23:03,660 - root - INFO - Image header was read:
2021-10-05 22:23:03,660 - root - INFO - Width: 210, Height: 242, RowLength: 420
2021-10-05 22:23:03,661 - root - INFO - datalength: 37800, _step: 2
2021-10-05 22:23:03,661 - root - INFO - BPP: 16, Transparency: False
2021-10-05 22:23:03,726 - root - INFO - Resource 1 offset: 38434, length: 37518...
2021-10-05 22:23:03,726 - root - DEBUG - Reading resource 1...
2021-10-05 22:23:03,727 - root - INFO - The image is bme.
2021-10-05 22:23:03,727 - root - INFO - Reading image header(readHeader16E)...
2021-10-05 22:23:03,727 - root - INFO - Image header was read:
2021-10-05 22:23:03,727 - root - INFO - Width: 210, Height: 242, RowLength: 420
2021-10-05 22:23:03,727 - root - INFO - datalength: 37502, _step: 2
2021-10-05 22:23:03,727 - root - INFO - BPP: 16, Transparency: False
2021-10-05 22:23:03,804 - root - INFO - Resource 2 offset: 75952, length: 17218...
2021-10-05 22:23:03,804 - root - DEBUG - Reading resource 2...
2021-10-05 22:23:03,804 - root - INFO - The image is bme.
2021-10-05 22:23:03,804 - root - INFO - Reading image header(readHeader16E)...
2021-10-05 22:23:03,804 - root - INFO - Image header was read:
2021-10-05 22:23:03,804 - root - INFO - Width: 124, Height: 144, RowLength: 248
2021-10-05 22:23:03,804 - root - INFO - datalength: 17202, _step: 2
2021-10-05 22:23:03,804 - root - INFO - BPP: 16, Transparency: False
2021-10-05 22:23:03,835 - root - INFO - Resource 3 offset: 93170, length: 10590...
2021-10-05 22:23:03,835 - root - DEBUG - Reading resource 3...
2021-10-05 22:23:03,835 - root - INFO - The image is bme.
2021-10-05 22:23:03,835 - root - INFO - Reading image header(readHeader16E)...
2021-10-05 22:23:03,835 - root - INFO - Image header was read:
2021-10-05 22:23:03,835 - root - INFO - Width: 124, Height: 144, RowLength: 248
2021-10-05 22:23:03,835 - root - INFO - datalength: 10574, _step: 2
2021-10-05 22:23:03,835 - root - INFO - BPP: 16, Transparency: False
2021-10-05 22:23:03,853 - root - INFO - Resource 4 offset: 103760, length: 15464...
2021-10-05 22:23:03,853 - root - DEBUG - Reading resource 4...
2021-10-05 22:23:03,853 - root - INFO - The image is bme.
2021-10-05 22:23:03,853 - root - INFO - Reading image header(readHeader16E)...
2021-10-05 22:23:03,853 - root - INFO - Image header was read:
2021-10-05 22:23:03,853 - root - INFO - Width: 124, Height: 144, RowLength: 248
2021-10-05 22:23:03,853 - root - INFO - datalength: 15448, _step: 2
2021-10-05 22:23:03,853 - root - INFO - BPP: 16, Transparency: False
2021-10-05 22:23:03,882 - root - INFO - Resource 5 offset: 119224, length: 14600...
2021-10-05 22:23:03,882 - root - DEBUG - Reading resource 5...
2021-10-05 22:23:03,882 - root - INFO - The image is bme.
2021-10-05 22:23:03,882 - root - INFO - Reading image header(readHeader16E)...
2021-10-05 22:23:03,882 - root - INFO - Image header was read:
2021-10-05 22:23:03,882 - root - INFO - Width: 124, Height: 144, RowLength: 248
2021-10-05 22:23:03,882 - root - INFO - datalength: 14584, _step: 2
2021-10-05 22:23:03,883 - root - INFO - BPP: 16, Transparency: False
2021-10-05 22:23:03,912 - root - INFO - Resource 6 offset: 133824, length: 14496...
2021-10-05 22:23:03,912 - root - DEBUG - Reading resource 6...
2021-10-05 22:23:03,912 - root - INFO - The image is bme.
2021-10-05 22:23:03,912 - root - INFO - Reading image header(readHeader16E)...
2021-10-05 22:23:03,912 - root - INFO - Image header was read:
2021-10-05 22:23:03,912 - root - INFO - Width: 124, Height: 144, RowLength: 248
2021-10-05 22:23:03,913 - root - INFO - datalength: 14480, _step: 2
2021-10-05 22:23:03,913 - root - INFO - BPP: 16, Transparency: False
2021-10-05 22:23:03,940 - root - INFO - Resource 7 offset: 148320, length: 15922...
2021-10-05 22:23:03,940 - root - DEBUG - Reading resource 7...
2021-10-05 22:23:03,940 - root - INFO - The image is bme.
2021-10-05 22:23:03,940 - root - INFO - Reading image header(readHeader16E)...
2021-10-05 22:23:03,940 - root - INFO - Image header was read:
2021-10-05 22:23:03,941 - root - INFO - Width: 124, Height: 144, RowLength: 248
2021-10-05 22:23:03,941 - root - INFO - datalength: 15906, _step: 2
2021-10-05 22:23:03,941 - root - INFO - BPP: 16, Transparency: False
2021-10-05 22:23:03,971 - root - INFO - Resource 8 offset: 164242, length: 15484...
2021-10-05 22:23:03,971 - root - DEBUG - Reading resource 8...
2021-10-05 22:23:03,971 - root - INFO - The image is bme.
2021-10-05 22:23:03,971 - root - INFO - Reading image header(readHeader16E)...
2021-10-05 22:23:03,971 - root - INFO - Image header was read:
2021-10-05 22:23:03,971 - root - INFO - Width: 124, Height: 144, RowLength: 248
2021-10-05 22:23:03,971 - root - INFO - datalength: 15468, _step: 2
2021-10-05 22:23:03,971 - root - INFO - BPP: 16, Transparency: False
2021-10-05 22:23:03,998 - root - INFO - Resource 9 offset: 179726, length: 11464...
2021-10-05 22:23:03,998 - root - DEBUG - Reading resource 9...
2021-10-05 22:23:03,998 - root - INFO - The image is bme.
2021-10-05 22:23:03,998 - root - INFO - Reading image header(readHeader16E)...
2021-10-05 22:23:03,998 - root - INFO - Image header was read:
2021-10-05 22:23:03,999 - root - INFO - Width: 124, Height: 144, RowLength: 248
2021-10-05 22:23:03,999 - root - INFO - datalength: 11448, _step: 2
2021-10-05 22:23:03,999 - root - INFO - BPP: 16, Transparency: False
2021-10-05 22:23:04,019 - root - INFO - Resource 10 offset: 191190, length: 17294...
2021-10-05 22:23:04,019 - root - DEBUG - Reading resource 10...
2021-10-05 22:23:04,019 - root - INFO - The image is bme.
2021-10-05 22:23:04,019 - root - INFO - Reading image header(readHeader16E)...
2021-10-05 22:23:04,019 - root - INFO - Image header was read:
2021-10-05 22:23:04,019 - root - INFO - Width: 124, Height: 144, RowLength: 248
2021-10-05 22:23:04,020 - root - INFO - datalength: 17278, _step: 2
2021-10-05 22:23:04,020 - root - INFO - BPP: 16, Transparency: False
2021-10-05 22:23:04,050 - root - INFO - Resource 11 offset: 208484, length: 15530...
2021-10-05 22:23:04,050 - root - DEBUG - Reading resource 11...
2021-10-05 22:23:04,050 - root - INFO - The image is bme.
2021-10-05 22:23:04,050 - root - INFO - Reading image header(readHeader16E)...
2021-10-05 22:23:04,050 - root - INFO - Image header was read:
2021-10-05 22:23:04,050 - root - INFO - Width: 124, Height: 144, RowLength: 248
2021-10-05 22:23:04,050 - root - INFO - datalength: 15514, _step: 2
2021-10-05 22:23:04,051 - root - INFO - BPP: 16, Transparency: False
2021-10-05 22:23:04,079 - root - INFO - Resource 12 offset: 224014, length: 17254...
2021-10-05 22:23:04,079 - root - DEBUG - Reading resource 12...
2021-10-05 22:23:04,079 - root - INFO - The image is bme.
2021-10-05 22:23:04,079 - root - INFO - Reading image header(readHeader16E)...
2021-10-05 22:23:04,079 - root - INFO - Image header was read:
2021-10-05 22:23:04,079 - root - INFO - Width: 124, Height: 144, RowLength: 248
2021-10-05 22:23:04,079 - root - INFO - datalength: 17238, _step: 2
2021-10-05 22:23:04,079 - root - INFO - BPP: 16, Transparency: False
2021-10-05 22:23:04,109 - root - INFO - Resource 13 offset: 241268, length: 10612...
2021-10-05 22:23:04,110 - root - DEBUG - Reading resource 13...
2021-10-05 22:23:04,110 - root - INFO - The image is bme.
2021-10-05 22:23:04,110 - root - INFO - Reading image header(readHeader16E)...
2021-10-05 22:23:04,110 - root - INFO - Image header was read:
2021-10-05 22:23:04,110 - root - INFO - Width: 124, Height: 144, RowLength: 248
2021-10-05 22:23:04,110 - root - INFO - datalength: 10596, _step: 2
2021-10-05 22:23:04,110 - root - INFO - BPP: 16, Transparency: False
2021-10-05 22:23:04,128 - root - INFO - Resource 14 offset: 251880, length: 15518...
2021-10-05 22:23:04,128 - root - DEBUG - Reading resource 14...
2021-10-05 22:23:04,128 - root - INFO - The image is bme.
2021-10-05 22:23:04,128 - root - INFO - Reading image header(readHeader16E)...
2021-10-05 22:23:04,129 - root - INFO - Image header was read:
2021-10-05 22:23:04,129 - root - INFO - Width: 124, Height: 144, RowLength: 248
2021-10-05 22:23:04,129 - root - INFO - datalength: 15502, _step: 2
2021-10-05 22:23:04,129 - root - INFO - BPP: 16, Transparency: False
2021-10-05 22:23:04,157 - root - INFO - Resource 15 offset: 267398, length: 14646...
2021-10-05 22:23:04,157 - root - DEBUG - Reading resource 15...
2021-10-05 22:23:04,157 - root - INFO - The image is bme.
2021-10-05 22:23:04,157 - root - INFO - Reading image header(readHeader16E)...
2021-10-05 22:23:04,157 - root - INFO - Image header was read:
2021-10-05 22:23:04,157 - root - INFO - Width: 124, Height: 144, RowLength: 248
2021-10-05 22:23:04,157 - root - INFO - datalength: 14630, _step: 2
2021-10-05 22:23:04,158 - root - INFO - BPP: 16, Transparency: False
2021-10-05 22:23:04,185 - root - INFO - Resource 16 offset: 282044, length: 14518...
2021-10-05 22:23:04,185 - root - DEBUG - Reading resource 16...
2021-10-05 22:23:04,185 - root - INFO - The image is bme.
2021-10-05 22:23:04,185 - root - INFO - Reading image header(readHeader16E)...
2021-10-05 22:23:04,185 - root - INFO - Image header was read:
2021-10-05 22:23:04,185 - root - INFO - Width: 124, Height: 144, RowLength: 248
2021-10-05 22:23:04,186 - root - INFO - datalength: 14502, _step: 2
2021-10-05 22:23:04,186 - root - INFO - BPP: 16, Transparency: False
2021-10-05 22:23:04,211 - root - INFO - Resource 17 offset: 296562, length: 15984...
2021-10-05 22:23:04,211 - root - DEBUG - Reading resource 17...
2021-10-05 22:23:04,211 - root - INFO - The image is bme.
2021-10-05 22:23:04,211 - root - INFO - Reading image header(readHeader16E)...
2021-10-05 22:23:04,211 - root - INFO - Image header was read:
2021-10-05 22:23:04,211 - root - INFO - Width: 124, Height: 144, RowLength: 248
2021-10-05 22:23:04,211 - root - INFO - datalength: 15968, _step: 2
2021-10-05 22:23:04,211 - root - INFO - BPP: 16, Transparency: False
2021-10-05 22:23:04,240 - root - INFO - Resource 18 offset: 312546, length: 15528...
2021-10-05 22:23:04,240 - root - DEBUG - Reading resource 18...
2021-10-05 22:23:04,240 - root - INFO - The image is bme.
2021-10-05 22:23:04,240 - root - INFO - Reading image header(readHeader16E)...
2021-10-05 22:23:04,240 - root - INFO - Image header was read:
2021-10-05 22:23:04,240 - root - INFO - Width: 124, Height: 144, RowLength: 248
2021-10-05 22:23:04,241 - root - INFO - datalength: 15512, _step: 2
2021-10-05 22:23:04,241 - root - INFO - BPP: 16, Transparency: False
2021-10-05 22:23:04,268 - root - INFO - Resource 19 offset: 328074, length: 11504...
2021-10-05 22:23:04,268 - root - DEBUG - Reading resource 19...
2021-10-05 22:23:04,268 - root - INFO - The image is bme.
2021-10-05 22:23:04,268 - root - INFO - Reading image header(readHeader16E)...
2021-10-05 22:23:04,268 - root - INFO - Image header was read:
2021-10-05 22:23:04,269 - root - INFO - Width: 124, Height: 144, RowLength: 248
2021-10-05 22:23:04,269 - root - INFO - datalength: 11488, _step: 2
2021-10-05 22:23:04,269 - root - INFO - BPP: 16, Transparency: False
2021-10-05 22:23:04,290 - root - INFO - Resource 20 offset: 339578, length: 17382...
2021-10-05 22:23:04,290 - root - DEBUG - Reading resource 20...
2021-10-05 22:23:04,290 - root - INFO - The image is bme.
2021-10-05 22:23:04,290 - root - INFO - Reading image header(readHeader16E)...
2021-10-05 22:23:04,290 - root - INFO - Image header was read:
2021-10-05 22:23:04,290 - root - INFO - Width: 124, Height: 144, RowLength: 248
2021-10-05 22:23:04,290 - root - INFO - datalength: 17366, _step: 2
2021-10-05 22:23:04,290 - root - INFO - BPP: 16, Transparency: False
2021-10-05 22:23:04,321 - root - INFO - Resource 21 offset: 356960, length: 15606...
2021-10-05 22:23:04,321 - root - DEBUG - Reading resource 21...
2021-10-05 22:23:04,321 - root - INFO - The image is bme.
2021-10-05 22:23:04,321 - root - INFO - Reading image header(readHeader16E)...
2021-10-05 22:23:04,322 - root - INFO - Image header was read:
2021-10-05 22:23:04,322 - root - INFO - Width: 124, Height: 144, RowLength: 248
2021-10-05 22:23:04,322 - root - INFO - datalength: 15590, _step: 2
2021-10-05 22:23:04,322 - root - INFO - BPP: 16, Transparency: False
2021-10-05 22:23:04,350 - root - INFO - Resource 22 offset: 372566, length: 476...
2021-10-05 22:23:04,350 - root - DEBUG - Reading resource 22...
2021-10-05 22:23:04,350 - root - INFO - The image is bme.
2021-10-05 22:23:04,350 - root - INFO - Reading image header(readHeader16E)...
2021-10-05 22:23:04,350 - root - INFO - Image header was read:
2021-10-05 22:23:04,350 - root - INFO - Width: 15, Height: 19, RowLength: 30
2021-10-05 22:23:04,350 - root - INFO - datalength: 460, _step: 2
2021-10-05 22:23:04,350 - root - INFO - BPP: 16, Transparency: False
2021-10-05 22:23:04,351 - root - INFO - Resource 23 offset: 373042, length: 282...
2021-10-05 22:23:04,351 - root - DEBUG - Reading resource 23...
2021-10-05 22:23:04,351 - root - INFO - The image is bme.
2021-10-05 22:23:04,351 - root - INFO - Reading image header(readHeader16E)...
2021-10-05 22:23:04,351 - root - INFO - Image header was read:
2021-10-05 22:23:04,351 - root - INFO - Width: 15, Height: 19, RowLength: 30
2021-10-05 22:23:04,351 - root - INFO - datalength: 266, _step: 2
2021-10-05 22:23:04,351 - root - INFO - BPP: 16, Transparency: False
2021-10-05 22:23:04,352 - root - INFO - Resource 24 offset: 373324, length: 378...
2021-10-05 22:23:04,352 - root - DEBUG - Reading resource 24...
2021-10-05 22:23:04,352 - root - INFO - The image is bme.
2021-10-05 22:23:04,352 - root - INFO - Reading image header(readHeader16E)...
2021-10-05 22:23:04,352 - root - INFO - Image header was read:
2021-10-05 22:23:04,352 - root - INFO - Width: 15, Height: 19, RowLength: 30
2021-10-05 22:23:04,352 - root - INFO - datalength: 362, _step: 2
2021-10-05 22:23:04,352 - root - INFO - BPP: 16, Transparency: False
2021-10-05 22:23:04,353 - root - INFO - Resource 25 offset: 373702, length: 404...
2021-10-05 22:23:04,353 - root - DEBUG - Reading resource 25...
2021-10-05 22:23:04,353 - root - INFO - The image is bme.
2021-10-05 22:23:04,353 - root - INFO - Reading image header(readHeader16E)...
2021-10-05 22:23:04,353 - root - INFO - Image header was read:
2021-10-05 22:23:04,353 - root - INFO - Width: 15, Height: 19, RowLength: 30
2021-10-05 22:23:04,353 - root - INFO - datalength: 388, _step: 2
2021-10-05 22:23:04,353 - root - INFO - BPP: 16, Transparency: False
2021-10-05 22:23:04,354 - root - INFO - Resource 26 offset: 374106, length: 388...
2021-10-05 22:23:04,354 - root - DEBUG - Reading resource 26...
2021-10-05 22:23:04,354 - root - INFO - The image is bme.
2021-10-05 22:23:04,354 - root - INFO - Reading image header(readHeader16E)...
2021-10-05 22:23:04,354 - root - INFO - Image header was read:
2021-10-05 22:23:04,354 - root - INFO - Width: 15, Height: 19, RowLength: 30
2021-10-05 22:23:04,355 - root - INFO - datalength: 372, _step: 2
2021-10-05 22:23:04,355 - root - INFO - BPP: 16, Transparency: False
2021-10-05 22:23:04,355 - root - INFO - Resource 27 offset: 374494, length: 408...
2021-10-05 22:23:04,355 - root - DEBUG - Reading resource 27...
2021-10-05 22:23:04,355 - root - INFO - The image is bme.
2021-10-05 22:23:04,355 - root - INFO - Reading image header(readHeader16E)...
2021-10-05 22:23:04,355 - root - INFO - Image header was read:
2021-10-05 22:23:04,356 - root - INFO - Width: 15, Height: 19, RowLength: 30
2021-10-05 22:23:04,356 - root - INFO - datalength: 392, _step: 2
2021-10-05 22:23:04,356 - root - INFO - BPP: 16, Transparency: False
2021-10-05 22:23:04,356 - root - INFO - Resource 28 offset: 374902, length: 408...
2021-10-05 22:23:04,356 - root - DEBUG - Reading resource 28...
2021-10-05 22:23:04,357 - root - INFO - The image is bme.
2021-10-05 22:23:04,357 - root - INFO - Reading image header(readHeader16E)...
2021-10-05 22:23:04,357 - root - INFO - Image header was read:
2021-10-05 22:23:04,357 - root - INFO - Width: 15, Height: 19, RowLength: 30
2021-10-05 22:23:04,357 - root - INFO - datalength: 392, _step: 2
2021-10-05 22:23:04,357 - root - INFO - BPP: 16, Transparency: False
2021-10-05 22:23:04,357 - root - INFO - Resource 29 offset: 375310, length: 286...
2021-10-05 22:23:04,358 - root - DEBUG - Reading resource 29...
2021-10-05 22:23:04,358 - root - INFO - The image is bme.
2021-10-05 22:23:04,358 - root - INFO - Reading image header(readHeader16E)...
2021-10-05 22:23:04,358 - root - INFO - Image header was read:
2021-10-05 22:23:04,358 - root - INFO - Width: 15, Height: 19, RowLength: 30
2021-10-05 22:23:04,358 - root - INFO - datalength: 270, _step: 2
2021-10-05 22:23:04,358 - root - INFO - BPP: 16, Transparency: False
2021-10-05 22:23:04,359 - root - INFO - Resource 30 offset: 375596, length: 490...
2021-10-05 22:23:04,359 - root - DEBUG - Reading resource 30...
2021-10-05 22:23:04,359 - root - INFO - The image is bme.
2021-10-05 22:23:04,359 - root - INFO - Reading image header(readHeader16E)...
2021-10-05 22:23:04,359 - root - INFO - Image header was read:
2021-10-05 22:23:04,359 - root - INFO - Width: 15, Height: 19, RowLength: 30
2021-10-05 22:23:04,359 - root - INFO - datalength: 474, _step: 2
2021-10-05 22:23:04,359 - root - INFO - BPP: 16, Transparency: False
2021-10-05 22:23:04,360 - root - INFO - Resource 31 offset: 376086, length: 394...
2021-10-05 22:23:04,360 - root - DEBUG - Reading resource 31...
2021-10-05 22:23:04,360 - root - INFO - The image is bme.
2021-10-05 22:23:04,360 - root - INFO - Reading image header(readHeader16E)...
2021-10-05 22:23:04,360 - root - INFO - Image header was read:
2021-10-05 22:23:04,360 - root - INFO - Width: 15, Height: 19, RowLength: 30
2021-10-05 22:23:04,360 - root - INFO - datalength: 378, _step: 2
2021-10-05 22:23:04,360 - root - INFO - BPP: 16, Transparency: False
2021-10-05 22:23:04,361 - root - INFO - Resource 32 offset: 376480, length: 1542...
2021-10-05 22:23:04,361 - root - DEBUG - Reading resource 32...
2021-10-05 22:23:04,361 - root - INFO - The image is bme.
2021-10-05 22:23:04,361 - root - INFO - Reading image header(readHeader16E)...
2021-10-05 22:23:04,361 - root - INFO - Image header was read:
2021-10-05 22:23:04,361 - root - INFO - Width: 58, Height: 19, RowLength: 116
2021-10-05 22:23:04,361 - root - INFO - datalength: 1526, _step: 2
2021-10-05 22:23:04,361 - root - INFO - BPP: 16, Transparency: False
2021-10-05 22:23:04,364 - root - INFO - Resource 33 offset: 378022, length: 1098...
2021-10-05 22:23:04,364 - root - DEBUG - Reading resource 33...
2021-10-05 22:23:04,364 - root - INFO - The image is bme.
2021-10-05 22:23:04,364 - root - INFO - Reading image header(readHeader16E)...
2021-10-05 22:23:04,364 - root - INFO - Image header was read:
2021-10-05 22:23:04,364 - root - INFO - Width: 58, Height: 19, RowLength: 116
2021-10-05 22:23:04,364 - root - INFO - datalength: 1082, _step: 2
2021-10-05 22:23:04,364 - root - INFO - BPP: 16, Transparency: False
2021-10-05 22:23:04,366 - root - INFO - Resource 34 offset: 379120, length: 1380...
2021-10-05 22:23:04,366 - root - DEBUG - Reading resource 34...
2021-10-05 22:23:04,366 - root - INFO - The image is bme.
2021-10-05 22:23:04,366 - root - INFO - Reading image header(readHeader16E)...
2021-10-05 22:23:04,366 - root - INFO - Image header was read:
2021-10-05 22:23:04,366 - root - INFO - Width: 58, Height: 19, RowLength: 116
2021-10-05 22:23:04,366 - root - INFO - datalength: 1364, _step: 2
2021-10-05 22:23:04,366 - root - INFO - BPP: 16, Transparency: False
2021-10-05 22:23:04,368 - root - INFO - Resource 35 offset: 380500, length: 1192...
2021-10-05 22:23:04,368 - root - DEBUG - Reading resource 35...
2021-10-05 22:23:04,368 - root - INFO - The image is bme.
2021-10-05 22:23:04,369 - root - INFO - Reading image header(readHeader16E)...
2021-10-05 22:23:04,369 - root - INFO - Image header was read:
2021-10-05 22:23:04,369 - root - INFO - Width: 58, Height: 19, RowLength: 116
2021-10-05 22:23:04,369 - root - INFO - datalength: 1176, _step: 2
2021-10-05 22:23:04,369 - root - INFO - BPP: 16, Transparency: False
2021-10-05 22:23:04,370 - root - INFO - Resource 36 offset: 381692, length: 972...
2021-10-05 22:23:04,371 - root - DEBUG - Reading resource 36...
2021-10-05 22:23:04,371 - root - INFO - The image is bme.
2021-10-05 22:23:04,371 - root - INFO - Reading image header(readHeader16E)...
2021-10-05 22:23:04,371 - root - INFO - Image header was read:
2021-10-05 22:23:04,371 - root - INFO - Width: 58, Height: 19, RowLength: 116
2021-10-05 22:23:04,371 - root - INFO - datalength: 956, _step: 2
2021-10-05 22:23:04,371 - root - INFO - BPP: 16, Transparency: False
2021-10-05 22:23:04,372 - root - INFO - Resource 37 offset: 382664, length: 1112...
2021-10-05 22:23:04,372 - root - DEBUG - Reading resource 37...
2021-10-05 22:23:04,373 - root - INFO - The image is bme.
2021-10-05 22:23:04,373 - root - INFO - Reading image header(readHeader16E)...
2021-10-05 22:23:04,373 - root - INFO - Image header was read:
2021-10-05 22:23:04,373 - root - INFO - Width: 58, Height: 19, RowLength: 116
2021-10-05 22:23:04,373 - root - INFO - datalength: 1096, _step: 2
2021-10-05 22:23:04,373 - root - INFO - BPP: 16, Transparency: False
2021-10-05 22:23:04,375 - root - INFO - Resource 38 offset: 383776, length: 1414...
2021-10-05 22:23:04,375 - root - DEBUG - Reading resource 38...
2021-10-05 22:23:04,375 - root - INFO - The image is bme.
2021-10-05 22:23:04,375 - root - INFO - Reading image header(readHeader16E)...
2021-10-05 22:23:04,375 - root - INFO - Image header was read:
2021-10-05 22:23:04,375 - root - INFO - Width: 58, Height: 19, RowLength: 116
2021-10-05 22:23:04,375 - root - INFO - datalength: 1398, _step: 2
2021-10-05 22:23:04,375 - root - INFO - BPP: 16, Transparency: False
2021-10-05 22:23:04,377 - root - INFO - Resource 39 offset: 385190, length: 1452...
2021-10-05 22:23:04,377 - root - DEBUG - Reading resource 39...
2021-10-05 22:23:04,377 - root - INFO - The image is bme.
2021-10-05 22:23:04,377 - root - INFO - Reading image header(readHeader16E)...
2021-10-05 22:23:04,377 - root - INFO - Image header was read:
2021-10-05 22:23:04,377 - root - INFO - Width: 58, Height: 19, RowLength: 116
2021-10-05 22:23:04,377 - root - INFO - datalength: 1436, _step: 2
2021-10-05 22:23:04,378 - root - INFO - BPP: 16, Transparency: False
2021-10-05 22:23:04,380 - root - INFO - Resource 40 offset: 386642, length: 1544...
2021-10-05 22:23:04,380 - root - DEBUG - Reading resource 40...
2021-10-05 22:23:04,380 - root - INFO - The image is bme.
2021-10-05 22:23:04,380 - root - INFO - Reading image header(readHeader16E)...
2021-10-05 22:23:04,380 - root - INFO - Image header was read:
2021-10-05 22:23:04,380 - root - INFO - Width: 58, Height: 19, RowLength: 116
2021-10-05 22:23:04,380 - root - INFO - datalength: 1528, _step: 2
2021-10-05 22:23:04,380 - root - INFO - BPP: 16, Transparency: False
2021-10-05 22:23:04,383 - root - INFO - Resource 41 offset: 388186, length: 1640...
2021-10-05 22:23:04,383 - root - DEBUG - Reading resource 41...
2021-10-05 22:23:04,383 - root - INFO - The image is bme.
2021-10-05 22:23:04,383 - root - INFO - Reading image header(readHeader16E)...
2021-10-05 22:23:04,384 - root - INFO - Image header was read:
2021-10-05 22:23:04,384 - root - INFO - Width: 58, Height: 19, RowLength: 116
2021-10-05 22:23:04,384 - root - INFO - datalength: 1624, _step: 2
2021-10-05 22:23:04,384 - root - INFO - BPP: 16, Transparency: False
2021-10-05 22:23:04,386 - root - INFO - Resource 42 offset: 389826, length: 1962...
2021-10-05 22:23:04,387 - root - DEBUG - Reading resource 42...
2021-10-05 22:23:04,387 - root - INFO - The image is bme.
2021-10-05 22:23:04,387 - root - INFO - Reading image header(readHeader16E)...
2021-10-05 22:23:04,387 - root - INFO - Image header was read:
2021-10-05 22:23:04,387 - root - INFO - Width: 58, Height: 19, RowLength: 116
2021-10-05 22:23:04,387 - root - INFO - datalength: 1946, _step: 2
2021-10-05 22:23:04,387 - root - INFO - BPP: 16, Transparency: False
2021-10-05 22:23:04,390 - root - INFO - Resource 43 offset: 391788, length: 1778...
2021-10-05 22:23:04,390 - root - DEBUG - Reading resource 43...
2021-10-05 22:23:04,390 - root - INFO - The image is bme.
2021-10-05 22:23:04,390 - root - INFO - Reading image header(readHeader16E)...
2021-10-05 22:23:04,390 - root - INFO - Image header was read:
2021-10-05 22:23:04,390 - root - INFO - Width: 58, Height: 19, RowLength: 116
2021-10-05 22:23:04,391 - root - INFO - datalength: 1762, _step: 2
2021-10-05 22:23:04,391 - root - INFO - BPP: 16, Transparency: False
2021-10-05 22:23:04,393 - root - INFO - Resource 44 offset: 393566, length: 1730...
2021-10-05 22:23:04,394 - root - DEBUG - Reading resource 44...
2021-10-05 22:23:04,394 - root - INFO - The image is bme.
2021-10-05 22:23:04,394 - root - INFO - Reading image header(readHeader16E)...
2021-10-05 22:23:04,394 - root - INFO - Image header was read:
2021-10-05 22:23:04,394 - root - INFO - Width: 58, Height: 19, RowLength: 116
2021-10-05 22:23:04,394 - root - INFO - datalength: 1714, _step: 2
2021-10-05 22:23:04,394 - root - INFO - BPP: 16, Transparency: False
2021-10-05 22:23:04,397 - root - INFO - Resource 45 offset: 395296, length: 1770...
2021-10-05 22:23:04,397 - root - DEBUG - Reading resource 45...
2021-10-05 22:23:04,397 - root - INFO - The image is bme.
2021-10-05 22:23:04,397 - root - INFO - Reading image header(readHeader16E)...
2021-10-05 22:23:04,397 - root - INFO - Image header was read:
2021-10-05 22:23:04,397 - root - INFO - Width: 58, Height: 19, RowLength: 116
2021-10-05 22:23:04,397 - root - INFO - datalength: 1754, _step: 2
2021-10-05 22:23:04,397 - root - INFO - BPP: 16, Transparency: False
2021-10-05 22:23:04,400 - root - INFO - Resource 46 offset: 397066, length: 462...
2021-10-05 22:23:04,400 - root - DEBUG - Reading resource 46...
2021-10-05 22:23:04,400 - root - INFO - The image is bme.
2021-10-05 22:23:04,400 - root - INFO - Reading image header(readHeader16E)...
2021-10-05 22:23:04,401 - root - INFO - Image header was read:
2021-10-05 22:23:04,401 - root - INFO - Width: 15, Height: 19, RowLength: 30
2021-10-05 22:23:04,401 - root - INFO - datalength: 446, _step: 2
2021-10-05 22:23:04,401 - root - INFO - BPP: 16, Transparency: False
2021-10-05 22:23:04,401 - root - INFO - Resource 47 offset: 397528, length: 282...
2021-10-05 22:23:04,402 - root - DEBUG - Reading resource 47...
2021-10-05 22:23:04,402 - root - INFO - The image is bme.
2021-10-05 22:23:04,402 - root - INFO - Reading image header(readHeader16E)...
2021-10-05 22:23:04,402 - root - INFO - Image header was read:
2021-10-05 22:23:04,402 - root - INFO - Width: 15, Height: 19, RowLength: 30
2021-10-05 22:23:04,402 - root - INFO - datalength: 266, _step: 2
2021-10-05 22:23:04,402 - root - INFO - BPP: 16, Transparency: False
2021-10-05 22:23:04,402 - root - INFO - Resource 48 offset: 397810, length: 368...
2021-10-05 22:23:04,403 - root - DEBUG - Reading resource 48...
2021-10-05 22:23:04,403 - root - INFO - The image is bme.
2021-10-05 22:23:04,403 - root - INFO - Reading image header(readHeader16E)...
2021-10-05 22:23:04,403 - root - INFO - Image header was read:
2021-10-05 22:23:04,403 - root - INFO - Width: 15, Height: 19, RowLength: 30
2021-10-05 22:23:04,403 - root - INFO - datalength: 352, _step: 2
2021-10-05 22:23:04,403 - root - INFO - BPP: 16, Transparency: False
2021-10-05 22:23:04,404 - root - INFO - Resource 49 offset: 398178, length: 394...
2021-10-05 22:23:04,404 - root - DEBUG - Reading resource 49...
2021-10-05 22:23:04,404 - root - INFO - The image is bme.
2021-10-05 22:23:04,404 - root - INFO - Reading image header(readHeader16E)...
2021-10-05 22:23:04,404 - root - INFO - Image header was read:
2021-10-05 22:23:04,404 - root - INFO - Width: 15, Height: 19, RowLength: 30
2021-10-05 22:23:04,404 - root - INFO - datalength: 378, _step: 2
2021-10-05 22:23:04,404 - root - INFO - BPP: 16, Transparency: False
2021-10-05 22:23:04,405 - root - INFO - Resource 50 offset: 398572, length: 378...
2021-10-05 22:23:04,405 - root - DEBUG - Reading resource 50...
2021-10-05 22:23:04,405 - root - INFO - The image is bme.
2021-10-05 22:23:04,405 - root - INFO - Reading image header(readHeader16E)...
2021-10-05 22:23:04,405 - root - INFO - Image header was read:
2021-10-05 22:23:04,405 - root - INFO - Width: 15, Height: 19, RowLength: 30
2021-10-05 22:23:04,405 - root - INFO - datalength: 362, _step: 2
2021-10-05 22:23:04,405 - root - INFO - BPP: 16, Transparency: False
2021-10-05 22:23:04,406 - root - INFO - Resource 51 offset: 398950, length: 406...
2021-10-05 22:23:04,406 - root - DEBUG - Reading resource 51...
2021-10-05 22:23:04,406 - root - INFO - The image is bme.
2021-10-05 22:23:04,406 - root - INFO - Reading image header(readHeader16E)...
2021-10-05 22:23:04,406 - root - INFO - Image header was read:
2021-10-05 22:23:04,406 - root - INFO - Width: 15, Height: 19, RowLength: 30
2021-10-05 22:23:04,406 - root - INFO - datalength: 390, _step: 2
2021-10-05 22:23:04,406 - root - INFO - BPP: 16, Transparency: False
2021-10-05 22:23:04,407 - root - INFO - Resource 52 offset: 399356, length: 406...
2021-10-05 22:23:04,407 - root - DEBUG - Reading resource 52...
2021-10-05 22:23:04,407 - root - INFO - The image is bme.
2021-10-05 22:23:04,407 - root - INFO - Reading image header(readHeader16E)...
2021-10-05 22:23:04,407 - root - INFO - Image header was read:
2021-10-05 22:23:04,407 - root - INFO - Width: 15, Height: 19, RowLength: 30
2021-10-05 22:23:04,407 - root - INFO - datalength: 390, _step: 2
2021-10-05 22:23:04,407 - root - INFO - BPP: 16, Transparency: False
2021-10-05 22:23:04,408 - root - INFO - Resource 53 offset: 399762, length: 286...
2021-10-05 22:23:04,408 - root - DEBUG - Reading resource 53...
2021-10-05 22:23:04,408 - root - INFO - The image is bme.
2021-10-05 22:23:04,408 - root - INFO - Reading image header(readHeader16E)...
2021-10-05 22:23:04,408 - root - INFO - Image header was read:
2021-10-05 22:23:04,409 - root - INFO - Width: 15, Height: 19, RowLength: 30
2021-10-05 22:23:04,409 - root - INFO - datalength: 270, _step: 2
2021-10-05 22:23:04,409 - root - INFO - BPP: 16, Transparency: False
2021-10-05 22:23:04,409 - root - INFO - Resource 54 offset: 400048, length: 482...
2021-10-05 22:23:04,409 - root - DEBUG - Reading resource 54...
2021-10-05 22:23:04,409 - root - INFO - The image is bme.
2021-10-05 22:23:04,409 - root - INFO - Reading image header(readHeader16E)...
2021-10-05 22:23:04,409 - root - INFO - Image header was read:
2021-10-05 22:23:04,410 - root - INFO - Width: 15, Height: 19, RowLength: 30
2021-10-05 22:23:04,410 - root - INFO - datalength: 466, _step: 2
2021-10-05 22:23:04,410 - root - INFO - BPP: 16, Transparency: False
2021-10-05 22:23:04,410 - root - INFO - Resource 55 offset: 400530, length: 388...
2021-10-05 22:23:04,411 - root - DEBUG - Reading resource 55...
2021-10-05 22:23:04,411 - root - INFO - The image is bme.
2021-10-05 22:23:04,411 - root - INFO - Reading image header(readHeader16E)...
2021-10-05 22:23:04,411 - root - INFO - Image header was read:
2021-10-05 22:23:04,411 - root - INFO - Width: 15, Height: 19, RowLength: 30
2021-10-05 22:23:04,411 - root - INFO - datalength: 372, _step: 2
2021-10-05 22:23:04,411 - root - INFO - BPP: 16, Transparency: False
2021-10-05 22:23:04,412 - root - INFO - Resource 56 offset: 400918, length: 996...
2021-10-05 22:23:04,412 - root - DEBUG - Reading resource 56...
2021-10-05 22:23:04,412 - root - INFO - The image is bme.
2021-10-05 22:23:04,412 - root - INFO - Reading image header(readHeader16E)...
2021-10-05 22:23:04,412 - root - INFO - Image header was read:
2021-10-05 22:23:04,412 - root - INFO - Width: 38, Height: 19, RowLength: 76
2021-10-05 22:23:04,412 - root - INFO - datalength: 980, _step: 2
2021-10-05 22:23:04,412 - root - INFO - BPP: 16, Transparency: False
2021-10-05 22:23:04,414 - root - INFO - Resource 57 offset: 401914, length: 17282...
2021-10-05 22:23:04,414 - root - DEBUG - Reading resource 57...
2021-10-05 22:23:04,414 - root - INFO - The image is bme.
2021-10-05 22:23:04,414 - root - INFO - Reading image header(readHeader16E)...
2021-10-05 22:23:04,414 - root - INFO - Image header was read:
2021-10-05 22:23:04,414 - root - INFO - Width: 124, Height: 144, RowLength: 248
2021-10-05 22:23:04,414 - root - INFO - datalength: 17266, _step: 2
2021-10-05 22:23:04,414 - root - INFO - BPP: 16, Transparency: False
2021-10-05 22:23:04,444 - root - INFO - Resource 58 offset: 419196, length: 10628...
2021-10-05 22:23:04,444 - root - DEBUG - Reading resource 58...
2021-10-05 22:23:04,444 - root - INFO - The image is bme.
2021-10-05 22:23:04,444 - root - INFO - Reading image header(readHeader16E)...
2021-10-05 22:23:04,444 - root - INFO - Image header was read:
2021-10-05 22:23:04,444 - root - INFO - Width: 124, Height: 144, RowLength: 248
2021-10-05 22:23:04,445 - root - INFO - datalength: 10612, _step: 2
2021-10-05 22:23:04,445 - root - INFO - BPP: 16, Transparency: False
2021-10-05 22:23:04,462 - root - INFO - Resource 59 offset: 429824, length: 15582...
2021-10-05 22:23:04,463 - root - DEBUG - Reading resource 59...
2021-10-05 22:23:04,463 - root - INFO - The image is bme.
2021-10-05 22:23:04,463 - root - INFO - Reading image header(readHeader16E)...
2021-10-05 22:23:04,463 - root - INFO - Image header was read:
2021-10-05 22:23:04,463 - root - INFO - Width: 124, Height: 144, RowLength: 248
2021-10-05 22:23:04,463 - root - INFO - datalength: 15566, _step: 2
2021-10-05 22:23:04,463 - root - INFO - BPP: 16, Transparency: False
2021-10-05 22:23:04,491 - root - INFO - Resource 60 offset: 445406, length: 14682...
2021-10-05 22:23:04,491 - root - DEBUG - Reading resource 60...
2021-10-05 22:23:04,491 - root - INFO - The image is bme.
2021-10-05 22:23:04,491 - root - INFO - Reading image header(readHeader16E)...
2021-10-05 22:23:04,491 - root - INFO - Image header was read:
2021-10-05 22:23:04,492 - root - INFO - Width: 124, Height: 144, RowLength: 248
2021-10-05 22:23:04,492 - root - INFO - datalength: 14666, _step: 2
2021-10-05 22:23:04,492 - root - INFO - BPP: 16, Transparency: False
2021-10-05 22:23:04,520 - root - INFO - Resource 61 offset: 460088, length: 14530...
2021-10-05 22:23:04,520 - root - DEBUG - Reading resource 61...
2021-10-05 22:23:04,520 - root - INFO - The image is bme.
2021-10-05 22:23:04,520 - root - INFO - Reading image header(readHeader16E)...
2021-10-05 22:23:04,520 - root - INFO - Image header was read:
2021-10-05 22:23:04,520 - root - INFO - Width: 124, Height: 144, RowLength: 248
2021-10-05 22:23:04,520 - root - INFO - datalength: 14514, _step: 2
2021-10-05 22:23:04,520 - root - INFO - BPP: 16, Transparency: False
2021-10-05 22:23:04,546 - root - INFO - Resource 62 offset: 474618, length: 16030...
2021-10-05 22:23:04,546 - root - DEBUG - Reading resource 62...
2021-10-05 22:23:04,546 - root - INFO - The image is bme.
2021-10-05 22:23:04,546 - root - INFO - Reading image header(readHeader16E)...
2021-10-05 22:23:04,546 - root - INFO - Image header was read:
2021-10-05 22:23:04,546 - root - INFO - Width: 124, Height: 144, RowLength: 248
2021-10-05 22:23:04,546 - root - INFO - datalength: 16014, _step: 2
2021-10-05 22:23:04,546 - root - INFO - BPP: 16, Transparency: False
2021-10-05 22:23:04,581 - root - INFO - Resource 63 offset: 490648, length: 15616...
2021-10-05 22:23:04,582 - root - DEBUG - Reading resource 63...
2021-10-05 22:23:04,582 - root - INFO - The image is bme.
2021-10-05 22:23:04,582 - root - INFO - Reading image header(readHeader16E)...
2021-10-05 22:23:04,582 - root - INFO - Image header was read:
2021-10-05 22:23:04,582 - root - INFO - Width: 124, Height: 144, RowLength: 248
2021-10-05 22:23:04,582 - root - INFO - datalength: 15600, _step: 2
2021-10-05 22:23:04,582 - root - INFO - BPP: 16, Transparency: False
2021-10-05 22:23:04,611 - root - INFO - Resource 64 offset: 506264, length: 11528...
2021-10-05 22:23:04,611 - root - DEBUG - Reading resource 64...
2021-10-05 22:23:04,611 - root - INFO - The image is bme.
2021-10-05 22:23:04,611 - root - INFO - Reading image header(readHeader16E)...
2021-10-05 22:23:04,611 - root - INFO - Image header was read:
2021-10-05 22:23:04,611 - root - INFO - Width: 124, Height: 144, RowLength: 248
2021-10-05 22:23:04,611 - root - INFO - datalength: 11512, _step: 2
2021-10-05 22:23:04,611 - root - INFO - BPP: 16, Transparency: False
2021-10-05 22:23:04,632 - root - INFO - Resource 65 offset: 517792, length: 17436...
2021-10-05 22:23:04,632 - root - DEBUG - Reading resource 65...
2021-10-05 22:23:04,632 - root - INFO - The image is bme.
2021-10-05 22:23:04,632 - root - INFO - Reading image header(readHeader16E)...
2021-10-05 22:23:04,632 - root - INFO - Image header was read:
2021-10-05 22:23:04,632 - root - INFO - Width: 124, Height: 144, RowLength: 248
2021-10-05 22:23:04,632 - root - INFO - datalength: 17420, _step: 2
2021-10-05 22:23:04,632 - root - INFO - BPP: 16, Transparency: False
2021-10-05 22:23:04,668 - root - INFO - Resource 66 offset: 535228, length: 15656...
2021-10-05 22:23:04,668 - root - DEBUG - Reading resource 66...
2021-10-05 22:23:04,669 - root - INFO - The image is bme.
2021-10-05 22:23:04,669 - root - INFO - Reading image header(readHeader16E)...
2021-10-05 22:23:04,669 - root - INFO - Image header was read:
2021-10-05 22:23:04,669 - root - INFO - Width: 124, Height: 144, RowLength: 248
2021-10-05 22:23:04,669 - root - INFO - datalength: 15640, _step: 2
2021-10-05 22:23:04,669 - root - INFO - BPP: 16, Transparency: False
2021-10-05 22:23:04,698 - root - DEBUG - Parsing parameters...
2021-10-05 22:23:04,788 - root - DEBUG - 0 Value: None
2021-10-05 22:23:04,788 - root - DEBUG - 0.1 Value: 73
2021-10-05 22:23:04,788 - root - DEBUG - 2 Value: None
2021-10-05 22:23:04,788 - root - DEBUG - 2.2 Value: 4278190080
2021-10-05 22:23:04,788 - root - DEBUG - 2.3 Value: None
2021-10-05 22:23:04,789 - root - DEBUG - 2.3.1 Value: 18
2021-10-05 22:23:04,789 - root - DEBUG - 2.3.2 Value: 17
2021-10-05 22:23:04,789 - root - DEBUG - 2.3.3 Value: 1
2021-10-05 22:23:04,789 - root - DEBUG - 2.5 Value: None
2021-10-05 22:23:04,789 - root - DEBUG - 2.5.1 Value: 18
2021-10-05 22:23:04,789 - root - DEBUG - 2.5.2 Value: 17
2021-10-05 22:23:04,789 - root - DEBUG - 2.5.3 Value: 0
2021-10-05 22:23:04,789 - root - DEBUG - 3 Value: None
2021-10-05 22:23:04,789 - root - DEBUG - 3.1 Value: None
2021-10-05 22:23:04,789 - root - DEBUG - 3.1.1 Value: None
2021-10-05 22:23:04,789 - root - DEBUG - 3.1.1.1 Value: None
2021-10-05 22:23:04,789 - root - DEBUG - 3.1.1.1.1 Value: 30
2021-10-05 22:23:04,789 - root - DEBUG - 3.1.1.1.2 Value: 16
2021-10-05 22:23:04,789 - root - DEBUG - 3.1.1.1.3 Value: 2
2021-10-05 22:23:04,789 - root - DEBUG - 3.1.1.1.4 Value: 10
2021-10-05 22:23:04,790 - root - DEBUG - 3.1.1.2 Value: None
2021-10-05 22:23:04,790 - root - DEBUG - 3.1.1.2.1 Value: 152
2021-10-05 22:23:04,790 - root - DEBUG - 3.1.1.2.2 Value: 16
2021-10-05 22:23:04,790 - root - DEBUG - 3.1.1.2.3 Value: 2
2021-10-05 22:23:04,790 - root - DEBUG - 3.1.1.2.4 Value: 10
2021-10-05 22:23:04,790 - root - DEBUG - 3.1.2 Value: None
2021-10-05 22:23:04,790 - root - DEBUG - 3.1.2.1 Value: None
2021-10-05 22:23:04,790 - root - DEBUG - 3.1.2.1.1 Value: 30
2021-10-05 22:23:04,790 - root - DEBUG - 3.1.2.1.2 Value: 194
2021-10-05 22:23:04,790 - root - DEBUG - 3.1.2.1.3 Value: 12
2021-10-05 22:23:04,790 - root - DEBUG - 3.1.2.1.4 Value: 10
2021-10-05 22:23:04,790 - root - DEBUG - 3.1.2.2 Value: None
2021-10-05 22:23:04,790 - root - DEBUG - 3.1.2.2.1 Value: 152
2021-10-05 22:23:04,790 - root - DEBUG - 3.1.2.2.2 Value: 194
2021-10-05 22:23:04,791 - root - DEBUG - 3.1.2.2.3 Value: 12
2021-10-05 22:23:04,791 - root - DEBUG - 3.1.2.2.4 Value: 10
2021-10-05 22:23:04,791 - root - DEBUG - 3.1.7 Value: 0
2021-10-05 22:23:04,791 - root - DEBUG - 3.1.8 Value: 1
2021-10-05 22:23:04,791 - root - DEBUG - 4 Value: None
2021-10-05 22:23:04,791 - root - DEBUG - 4.6 Value: None
2021-10-05 22:23:04,791 - root - DEBUG - 4.6.1 Value: None
2021-10-05 22:23:04,791 - root - DEBUG - 4.6.1.1 Value: 92
2021-10-05 22:23:04,791 - root - DEBUG - 4.6.1.2 Value: 167
2021-10-05 22:23:04,791 - root - DEBUG - 4.6.1.3 Value: 123
2021-10-05 22:23:04,791 - root - DEBUG - 4.6.1.4 Value: 188
2021-10-05 22:23:04,791 - root - DEBUG - 4.6.1.5 Value: 18
2021-10-05 22:23:04,791 - root - DEBUG - 4.6.1.6 Value: 0
2021-10-05 22:23:04,792 - root - DEBUG - 4.6.1.7 Value: 0
2021-10-05 22:23:04,792 - root - DEBUG - 4.6.1.8 Value: 46
2021-10-05 22:23:04,792 - root - DEBUG - 4.6.1.9 Value: 10
2021-10-05 22:23:04,792 - root - DEBUG - 4.6.3 Value: None
2021-10-05 22:23:04,792 - root - DEBUG - 4.6.3.1 Value: 46
2021-10-05 22:23:04,792 - root - DEBUG - 4.6.3.2 Value: 167
2021-10-05 22:23:04,792 - root - DEBUG - 4.6.3.3 Value: 56
2021-10-05 22:23:04,792 - root - DEBUG - 4.7 Value: 0
2021-10-05 22:23:04,792 - root - DEBUG - 5 Value: None
2021-10-05 22:23:04,792 - root - DEBUG - 5.1 Value: None
2021-10-05 22:23:04,792 - root - DEBUG - 5.1.1 Value: None
2021-10-05 22:23:04,792 - root - DEBUG - 5.1.1.4 Value: None
2021-10-05 22:23:04,792 - root - DEBUG - 5.1.1.4.1 Value: 231
2021-10-05 22:23:04,792 - root - DEBUG - 5.1.1.4.2 Value: 167
2021-10-05 22:23:04,793 - root - DEBUG - 5.1.1.4.3 Value: 262
2021-10-05 22:23:04,793 - root - DEBUG - 5.1.1.4.4 Value: 188
2021-10-05 22:23:04,793 - root - DEBUG - 5.1.1.4.5 Value: 18
2021-10-05 22:23:04,793 - root - DEBUG - 5.1.1.4.6 Value: 0
2021-10-05 22:23:04,793 - root - DEBUG - 5.1.1.4.7 Value: 0
2021-10-05 22:23:04,793 - root - DEBUG - 5.1.1.4.8 Value: 22
2021-10-05 22:23:04,793 - root - DEBUG - 5.1.1.4.9 Value: 10
2021-10-05 22:23:04,793 - root - DEBUG - 5.1.4 Value: 1
2021-10-05 22:23:04,793 - root - DEBUG - 5.1.5 Value: 1
2021-10-05 22:23:04,793 - root - DEBUG - 5.1.6 Value: 0
2021-10-05 22:23:04,793 - root - DEBUG - 5.4 Value: None
2021-10-05 22:23:04,793 - root - DEBUG - 5.4.1 Value: 165
2021-10-05 22:23:04,793 - root - DEBUG - 5.4.2 Value: 167
2021-10-05 22:23:04,793 - root - DEBUG - 5.4.3 Value: 32
2021-10-05 22:23:04,794 - root - DEBUG - 5.4.4 Value: 7
2021-10-05 22:23:04,794 - root - DEBUG - 5.6 Value: None
2021-10-05 22:23:04,794 - root - DEBUG - 5.6.1 Value: 165
2021-10-05 22:23:04,794 - root - DEBUG - 5.6.2 Value: 167
2021-10-05 22:23:04,794 - root - DEBUG - 5.6.3 Value: 39
2021-10-05 22:23:04,794 - root - DEBUG - 5.6.4 Value: 7
2021-10-05 22:23:04,794 - root - DEBUG - 29 Value: None
2021-10-05 22:23:04,794 - root - DEBUG - 29.1 Value: None
2021-10-05 22:23:04,794 - root - DEBUG - 29.1.1 Value: None
2021-10-05 22:23:04,794 - root - DEBUG - 29.1.1.1 Value: None
2021-10-05 22:23:04,794 - root - DEBUG - 29.1.1.1.1 Value: None
2021-10-05 22:23:04,794 - root - DEBUG - 29.1.1.1.1.1 Value: 30
2021-10-05 22:23:04,794 - root - DEBUG - 29.1.1.1.1.2 Value: 21
2021-10-05 22:23:04,794 - root - DEBUG - 29.1.1.1.1.3 Value: 57
2021-10-05 22:23:04,794 - root - DEBUG - 29.1.1.1.1.4 Value: 10
2021-10-05 22:23:04,795 - root - DEBUG - 29.1.1.1.2 Value: None
2021-10-05 22:23:04,795 - root - DEBUG - 29.1.1.1.2.1 Value: 152
2021-10-05 22:23:04,795 - root - DEBUG - 29.1.1.1.2.2 Value: 21
2021-10-05 22:23:04,795 - root - DEBUG - 29.1.1.1.2.3 Value: 57
2021-10-05 22:23:04,795 - root - DEBUG - 29.1.1.1.2.4 Value: 10
2021-10-05 22:23:04,795 - root - DEBUG - 29.1.1.2 Value: None
2021-10-05 22:23:04,795 - root - DEBUG - 29.1.1.2.1 Value: None
2021-10-05 22:23:04,795 - root - DEBUG - 29.1.1.2.1.1 Value: 30
2021-10-05 22:23:04,795 - root - DEBUG - 29.1.1.2.1.2 Value: 189
2021-10-05 22:23:04,795 - root - DEBUG - 29.1.1.2.1.3 Value: 57
2021-10-05 22:23:04,795 - root - DEBUG - 29.1.1.2.1.4 Value: 10
2021-10-05 22:23:04,795 - root - DEBUG - 29.1.1.2.2 Value: None
2021-10-05 22:23:04,795 - root - DEBUG - 29.1.1.2.2.1 Value: 152
2021-10-05 22:23:04,796 - root - DEBUG - 29.1.1.2.2.2 Value: 189
2021-10-05 22:23:04,796 - root - DEBUG - 29.1.1.2.2.3 Value: 57
2021-10-05 22:23:04,796 - root - DEBUG - 29.1.1.2.2.4 Value: 10
2021-10-05 22:23:04,796 - root - DEBUG - 29.1.1.4 Value: 1
2021-10-05 22:23:04,796 - root - DEBUG - 0-Info
2021-10-05 22:23:04,796 - root - DEBUG - 0.1-DeviceId
2021-10-05 22:23:04,796 - root - DEBUG - 2-Background
2021-10-05 22:23:04,796 - root - DEBUG - 2.2-BackgroundColor
2021-10-05 22:23:04,796 - root - DEBUG - 2.3-Preview
2021-10-05 22:23:04,796 - root - DEBUG - 2.3.1-X
2021-10-05 22:23:04,796 - root - DEBUG - 2.3.2-Y
2021-10-05 22:23:04,797 - root - DEBUG - 2.3.3-ImageIndex
2021-10-05 22:23:04,797 - root - DEBUG - 2.5-PreviewChinese
2021-10-05 22:23:04,797 - root - DEBUG - 2.5.1-X
2021-10-05 22:23:04,797 - root - DEBUG - 2.5.2-Y
2021-10-05 22:23:04,797 - root - DEBUG - 2.5.3-ImageIndex
2021-10-05 22:23:04,797 - root - DEBUG - 3-TimeExtended
2021-10-05 22:23:04,797 - root - DEBUG - 3.1-TimeSeparateDigits
2021-10-05 22:23:04,797 - root - DEBUG - 3.1.1-Hours
2021-10-05 22:23:04,797 - root - DEBUG - 3.1.1.1-Tens
2021-10-05 22:23:04,798 - root - DEBUG - 3.1.1.1.1-X
2021-10-05 22:23:04,798 - root - DEBUG - 3.1.1.1.2-Y
2021-10-05 22:23:04,798 - root - DEBUG - 3.1.1.1.3-ImageIndex
2021-10-05 22:23:04,798 - root - DEBUG - 3.1.1.1.4-ImagesCount
2021-10-05 22:23:04,798 - root - DEBUG - 3.1.1.2-Ones
2021-10-05 22:23:04,798 - root - DEBUG - 3.1.1.2.1-X
2021-10-05 22:23:04,798 - root - DEBUG - 3.1.1.2.2-Y
2021-10-05 22:23:04,798 - root - DEBUG - 3.1.1.2.3-ImageIndex
2021-10-05 22:23:04,799 - root - DEBUG - 3.1.1.2.4-ImagesCount
2021-10-05 22:23:04,799 - root - DEBUG - 3.1.2-Minutes
2021-10-05 22:23:04,799 - root - DEBUG - 3.1.2.1-Tens
2021-10-05 22:23:04,799 - root - DEBUG - 3.1.2.1.1-X
2021-10-05 22:23:04,799 - root - DEBUG - 3.1.2.1.2-Y
2021-10-05 22:23:04,799 - root - DEBUG - 3.1.2.1.3-ImageIndex
2021-10-05 22:23:04,799 - root - DEBUG - 3.1.2.1.4-ImagesCount
2021-10-05 22:23:04,799 - root - DEBUG - 3.1.2.2-Ones
2021-10-05 22:23:04,799 - root - DEBUG - 3.1.2.2.1-X
2021-10-05 22:23:04,799 - root - DEBUG - 3.1.2.2.2-Y
2021-10-05 22:23:04,800 - root - DEBUG - 3.1.2.2.3-ImageIndex
2021-10-05 22:23:04,800 - root - DEBUG - 3.1.2.2.4-ImagesCount
2021-10-05 22:23:04,800 - root - DEBUG - 3.1.7-Unknown7
2021-10-05 22:23:04,800 - root - DEBUG - 3.1.8-Unknown8
2021-10-05 22:23:04,800 - root - DEBUG - 4-Activity
2021-10-05 22:23:04,800 - root - DEBUG - 4.6-PAI
2021-10-05 22:23:04,800 - root - DEBUG - 4.6.1-ImageNumber
2021-10-05 22:23:04,800 - root - DEBUG - 4.6.1.1-TopLeftX
2021-10-05 22:23:04,800 - root - DEBUG - 4.6.1.2-TopLeftY
2021-10-05 22:23:04,801 - root - DEBUG - 4.6.1.3-BottomRightX
2021-10-05 22:23:04,801 - root - DEBUG - 4.6.1.4-BottomRightY
2021-10-05 22:23:04,801 - root - DEBUG - 4.6.1.5-Alignment
2021-10-05 22:23:04,801 - root - DEBUG - 4.6.1.6-Spacing
2021-10-05 22:23:04,801 - root - DEBUG - 4.6.1.7-VerticalOffset
2021-10-05 22:23:04,801 - root - DEBUG - 4.6.1.8-ImageIndex
2021-10-05 22:23:04,801 - root - DEBUG - 4.6.1.9-ImagesCount
2021-10-05 22:23:04,801 - root - DEBUG - 4.6.3-Icon
2021-10-05 22:23:04,801 - root - DEBUG - 4.6.3.1-X
2021-10-05 22:23:04,801 - root - DEBUG - 4.6.3.2-Y
2021-10-05 22:23:04,802 - root - DEBUG - 4.6.3.3-ImageIndex
2021-10-05 22:23:04,802 - root - DEBUG - 4.7-UnknownLongValue7
2021-10-05 22:23:04,802 - root - DEBUG - 5-DateBlock
2021-10-05 22:23:04,802 - root - DEBUG - 5.1-Date
2021-10-05 22:23:04,802 - root - DEBUG - 5.1.1-MonthAndDayAlt
2021-10-05 22:23:04,802 - root - DEBUG - 5.1.1.4-Day
2021-10-05 22:23:04,802 - root - DEBUG - 5.1.1.4.1-TopLeftX
2021-10-05 22:23:04,802 - root - DEBUG - 5.1.1.4.2-TopLeftY
2021-10-05 22:23:04,802 - root - DEBUG - 5.1.1.4.3-BottomRightX
2021-10-05 22:23:04,802 - root - DEBUG - 5.1.1.4.4-BottomRightY
2021-10-05 22:23:04,803 - root - DEBUG - 5.1.1.4.5-Alignment
2021-10-05 22:23:04,803 - root - DEBUG - 5.1.1.4.6-Spacing
2021-10-05 22:23:04,803 - root - DEBUG - 5.1.1.4.7-VerticalOffset
2021-10-05 22:23:04,803 - root - DEBUG - 5.1.1.4.8-ImageIndex
2021-10-05 22:23:04,803 - root - DEBUG - 5.1.1.4.9-ImagesCount
2021-10-05 22:23:04,803 - root - DEBUG - 5.1.4-PaddingZeroMonth
2021-10-05 22:23:04,803 - root - DEBUG - 5.1.5-PaddingZeroDay
2021-10-05 22:23:04,803 - root - DEBUG - 5.1.6-Unknown6
2021-10-05 22:23:04,803 - root - DEBUG - 5.4-Weekday
2021-10-05 22:23:04,804 - root - DEBUG - 5.4.1-X
2021-10-05 22:23:04,804 - root - DEBUG - 5.4.2-Y
2021-10-05 22:23:04,804 - root - DEBUG - 5.4.3-ImageIndex
2021-10-05 22:23:04,804 - root - DEBUG - 5.4.4-ImagesCount
2021-10-05 22:23:04,804 - root - DEBUG - 5.6-WeekdayKorean
2021-10-05 22:23:04,804 - root - DEBUG - 5.6.1-X
2021-10-05 22:23:04,804 - root - DEBUG - 5.6.2-Y
2021-10-05 22:23:04,804 - root - DEBUG - 5.6.3-ImageIndex
2021-10-05 22:23:04,804 - root - DEBUG - 5.6.4-ImagesCount
2021-10-05 22:23:04,804 - root - DEBUG - 29-AlwaysOnDisplay
2021-10-05 22:23:04,805 - root - DEBUG - 29.1-TimeExtended
2021-10-05 22:23:04,805 - root - DEBUG - 29.1.1-TimeSeparateDigits
2021-10-05 22:23:04,805 - root - DEBUG - 29.1.1.1-Hours
2021-10-05 22:23:04,805 - root - DEBUG - 29.1.1.1.1-Tens
2021-10-05 22:23:04,805 - root - DEBUG - 29.1.1.1.1.1-X
2021-10-05 22:23:04,805 - root - DEBUG - 29.1.1.1.1.2-Y
2021-10-05 22:23:04,805 - root - DEBUG - 29.1.1.1.1.3-ImageIndex
2021-10-05 22:23:04,805 - root - DEBUG - 29.1.1.1.1.4-ImagesCount
2021-10-05 22:23:04,805 - root - DEBUG - 29.1.1.1.2-Ones
2021-10-05 22:23:04,805 - root - DEBUG - 29.1.1.1.2.1-X
2021-10-05 22:23:04,806 - root - DEBUG - 29.1.1.1.2.2-Y
2021-10-05 22:23:04,806 - root - DEBUG - 29.1.1.1.2.3-ImageIndex
2021-10-05 22:23:04,806 - root - DEBUG - 29.1.1.1.2.4-ImagesCount
2021-10-05 22:23:04,806 - root - DEBUG - 29.1.1.2-Minutes
2021-10-05 22:23:04,806 - root - DEBUG - 29.1.1.2.1-Tens
2021-10-05 22:23:04,806 - root - DEBUG - 29.1.1.2.1.1-X
2021-10-05 22:23:04,806 - root - DEBUG - 29.1.1.2.1.2-Y
2021-10-05 22:23:04,806 - root - DEBUG - 29.1.1.2.1.3-ImageIndex
2021-10-05 22:23:04,806 - root - DEBUG - 29.1.1.2.1.4-ImagesCount
2021-10-05 22:23:04,806 - root - DEBUG - 29.1.1.2.2-Ones
2021-10-05 22:23:04,806 - root - DEBUG - 29.1.1.2.2.1-X
2021-10-05 22:23:04,807 - root - DEBUG - 29.1.1.2.2.2-Y
2021-10-05 22:23:04,807 - root - DEBUG - 29.1.1.2.2.3-ImageIndex
2021-10-05 22:23:04,807 - root - DEBUG - 29.1.1.2.2.4-ImagesCount
2021-10-05 22:23:04,807 - root - DEBUG - 29.1.1.4-PaddingZeroHours
2021-10-05 22:23:04,807 - root - DEBUG - generatePreviews
2021-10-05 22:23:04,807 - root - DEBUG - Generating previews...
2021-10-05 22:23:04,809 - root - DEBUG - Generating states done...
2021-10-05 22:23:04,819 - root - DEBUG - >>>>>>>>>>>> 0 <watchFaceParser.models.parameter.Parameter object at 0x0000028BEB1250C8>
2021-10-05 22:23:04,819 - root - DEBUG - >>>>>>>>>>>> 2 <watchFaceParser.models.parameter.Parameter object at 0x0000028BEB116F48>
2021-10-05 22:23:04,821 - root - DEBUG - >>>>>>>>>>>> 3 <watchFaceParser.models.parameter.Parameter object at 0x0000028BEB116B08>
2021-10-05 22:23:04,831 - root - DEBUG - >>>>>>>>>>>> 4 <watchFaceParser.models.parameter.Parameter object at 0x0000028BEB122848>
2021-10-05 22:23:04,844 - root - DEBUG - >>>>>>>>>>>> 5 <watchFaceParser.models.parameter.Parameter object at 0x0000028BEB122548>
2021-10-05 22:23:04,852 - root - DEBUG - >>>>>>>>>>>> 29 <watchFaceParser.models.parameter.Parameter object at 0x0000028BEB1253C8>
2021-10-05 22:23:04,868 - root - DEBUG - Generating static preview gen done...
2021-10-05 22:23:04,916 - root - DEBUG - Generating static preview save done...
2021-10-05 22:23:04,916 - root - DEBUG - Generating anim preview gen done...
2021-10-05 22:23:04,916 - root - DEBUG - >>>>>>>>>>>> 0 <watchFaceParser.models.parameter.Parameter object at 0x0000028BEB1250C8>
2021-10-05 22:23:04,916 - root - DEBUG - >>>>>>>>>>>> 2 <watchFaceParser.models.parameter.Parameter object at 0x0000028BEB116F48>
2021-10-05 22:23:04,916 - root - DEBUG - >>>>>>>>>>>> 3 <watchFaceParser.models.parameter.Parameter object at 0x0000028BEB116B08>
2021-10-05 22:23:04,917 - root - DEBUG - >>>>>>>>>>>> 4 <watchFaceParser.models.parameter.Parameter object at 0x0000028BEB122848>
2021-10-05 22:23:04,917 - root - DEBUG - >>>>>>>>>>>> 5 <watchFaceParser.models.parameter.Parameter object at 0x0000028BEB122548>
2021-10-05 22:23:04,917 - root - DEBUG - >>>>>>>>>>>> 29 <watchFaceParser.models.parameter.Parameter object at 0x0000028BEB1253C8>
2021-10-05 22:23:05,026 - root - DEBUG - generatePreviews done
2021-10-05 22:23:05,026 - root - DEBUG - Exporting resources to 'bc8dd2389fad6c6faf5e3005b9509883'
2021-10-05 22:23:05,030 - root - DEBUG - extracting bc8dd2389fad6c6faf5e3005b9509883\0000.png...
2021-10-05 22:23:05,038 - root - DEBUG - extracting bc8dd2389fad6c6faf5e3005b9509883\0001.png...
2021-10-05 22:23:05,047 - root - DEBUG - extracting bc8dd2389fad6c6faf5e3005b9509883\0002.png...
2021-10-05 22:23:05,050 - root - DEBUG - extracting bc8dd2389fad6c6faf5e3005b9509883\0003.png...
2021-10-05 22:23:05,053 - root - DEBUG - extracting bc8dd2389fad6c6faf5e3005b9509883\0004.png...
2021-10-05 22:23:05,055 - root - DEBUG - extracting bc8dd2389fad6c6faf5e3005b9509883\0005.png...
2021-10-05 22:23:05,059 - root - DEBUG - extracting bc8dd2389fad6c6faf5e3005b9509883\0006.png...
2021-10-05 22:23:05,062 - root - DEBUG - extracting bc8dd2389fad6c6faf5e3005b9509883\0007.png...
2021-10-05 22:23:05,065 - root - DEBUG - extracting bc8dd2389fad6c6faf5e3005b9509883\0008.png...
2021-10-05 22:23:05,069 - root - DEBUG - extracting bc8dd2389fad6c6faf5e3005b9509883\0009.png...
2021-10-05 22:23:05,072 - root - DEBUG - extracting bc8dd2389fad6c6faf5e3005b9509883\0010.png...
2021-10-05 22:23:05,075 - root - DEBUG - extracting bc8dd2389fad6c6faf5e3005b9509883\0011.png...
2021-10-05 22:23:05,078 - root - DEBUG - extracting bc8dd2389fad6c6faf5e3005b9509883\0012.png...
2021-10-05 22:23:05,081 - root - DEBUG - extracting bc8dd2389fad6c6faf5e3005b9509883\0013.png...
2021-10-05 22:23:05,084 - root - DEBUG - extracting bc8dd2389fad6c6faf5e3005b9509883\0014.png...
2021-10-05 22:23:05,087 - root - DEBUG - extracting bc8dd2389fad6c6faf5e3005b9509883\0015.png...
2021-10-05 22:23:05,090 - root - DEBUG - extracting bc8dd2389fad6c6faf5e3005b9509883\0016.png...
2021-10-05 22:23:05,093 - root - DEBUG - extracting bc8dd2389fad6c6faf5e3005b9509883\0017.png...
2021-10-05 22:23:05,096 - root - DEBUG - extracting bc8dd2389fad6c6faf5e3005b9509883\0018.png...
2021-10-05 22:23:05,099 - root - DEBUG - extracting bc8dd2389fad6c6faf5e3005b9509883\0019.png...
2021-10-05 22:23:05,102 - root - DEBUG - extracting bc8dd2389fad6c6faf5e3005b9509883\0020.png...
2021-10-05 22:23:05,105 - root - DEBUG - extracting bc8dd2389fad6c6faf5e3005b9509883\0021.png...
2021-10-05 22:23:05,108 - root - DEBUG - extracting bc8dd2389fad6c6faf5e3005b9509883\0022.png...
2021-10-05 22:23:05,109 - root - DEBUG - extracting bc8dd2389fad6c6faf5e3005b9509883\0023.png...
2021-10-05 22:23:05,110 - root - DEBUG - extracting bc8dd2389fad6c6faf5e3005b9509883\0024.png...
2021-10-05 22:23:05,110 - root - DEBUG - extracting bc8dd2389fad6c6faf5e3005b9509883\0025.png...
2021-10-05 22:23:05,111 - root - DEBUG - extracting bc8dd2389fad6c6faf5e3005b9509883\0026.png...
2021-10-05 22:23:05,111 - root - DEBUG - extracting bc8dd2389fad6c6faf5e3005b9509883\0027.png...
2021-10-05 22:23:05,112 - root - DEBUG - extracting bc8dd2389fad6c6faf5e3005b9509883\0028.png...
2021-10-05 22:23:05,113 - root - DEBUG - extracting bc8dd2389fad6c6faf5e3005b9509883\0029.png...
2021-10-05 22:23:05,113 - root - DEBUG - extracting bc8dd2389fad6c6faf5e3005b9509883\0030.png...
2021-10-05 22:23:05,114 - root - DEBUG - extracting bc8dd2389fad6c6faf5e3005b9509883\0031.png...
2021-10-05 22:23:05,115 - root - DEBUG - extracting bc8dd2389fad6c6faf5e3005b9509883\0032.png...
2021-10-05 22:23:05,116 - root - DEBUG - extracting bc8dd2389fad6c6faf5e3005b9509883\0033.png...
2021-10-05 22:23:05,116 - root - DEBUG - extracting bc8dd2389fad6c6faf5e3005b9509883\0034.png...
2021-10-05 22:23:05,117 - root - DEBUG - extracting bc8dd2389fad6c6faf5e3005b9509883\0035.png...
2021-10-05 22:23:05,118 - root - DEBUG - extracting bc8dd2389fad6c6faf5e3005b9509883\0036.png...
2021-10-05 22:23:05,119 - root - DEBUG - extracting bc8dd2389fad6c6faf5e3005b9509883\0037.png...
2021-10-05 22:23:05,119 - root - DEBUG - extracting bc8dd2389fad6c6faf5e3005b9509883\0038.png...
2021-10-05 22:23:05,120 - root - DEBUG - extracting bc8dd2389fad6c6faf5e3005b9509883\0039.png...
2021-10-05 22:23:05,121 - root - DEBUG - extracting bc8dd2389fad6c6faf5e3005b9509883\0040.png...
2021-10-05 22:23:05,122 - root - DEBUG - extracting bc8dd2389fad6c6faf5e3005b9509883\0041.png...
2021-10-05 22:23:05,122 - root - DEBUG - extracting bc8dd2389fad6c6faf5e3005b9509883\0042.png...
2021-10-05 22:23:05,123 - root - DEBUG - extracting bc8dd2389fad6c6faf5e3005b9509883\0043.png...
2021-10-05 22:23:05,124 - root - DEBUG - extracting bc8dd2389fad6c6faf5e3005b9509883\0044.png...
2021-10-05 22:23:05,125 - root - DEBUG - extracting bc8dd2389fad6c6faf5e3005b9509883\0045.png...
2021-10-05 22:23:05,125 - root - DEBUG - extracting bc8dd2389fad6c6faf5e3005b9509883\0046.png...
2021-10-05 22:23:05,126 - root - DEBUG - extracting bc8dd2389fad6c6faf5e3005b9509883\0047.png...
2021-10-05 22:23:05,127 - root - DEBUG - extracting bc8dd2389fad6c6faf5e3005b9509883\0048.png...
2021-10-05 22:23:05,127 - root - DEBUG - extracting bc8dd2389fad6c6faf5e3005b9509883\0049.png...
2021-10-05 22:23:05,128 - root - DEBUG - extracting bc8dd2389fad6c6faf5e3005b9509883\0050.png...
2021-10-05 22:23:05,129 - root - DEBUG - extracting bc8dd2389fad6c6faf5e3005b9509883\0051.png...
2021-10-05 22:23:05,129 - root - DEBUG - extracting bc8dd2389fad6c6faf5e3005b9509883\0052.png...
2021-10-05 22:23:05,130 - root - DEBUG - extracting bc8dd2389fad6c6faf5e3005b9509883\0053.png...
2021-10-05 22:23:05,130 - root - DEBUG - extracting bc8dd2389fad6c6faf5e3005b9509883\0054.png...
2021-10-05 22:23:05,131 - root - DEBUG - extracting bc8dd2389fad6c6faf5e3005b9509883\0055.png...
2021-10-05 22:23:05,132 - root - DEBUG - extracting bc8dd2389fad6c6faf5e3005b9509883\0056.png...
2021-10-05 22:23:05,133 - root - DEBUG - extracting bc8dd2389fad6c6faf5e3005b9509883\0057.png...
2021-10-05 22:23:05,135 - root - DEBUG - extracting bc8dd2389fad6c6faf5e3005b9509883\0058.png...
2021-10-05 22:23:05,138 - root - DEBUG - extracting bc8dd2389fad6c6faf5e3005b9509883\0059.png...
2021-10-05 22:23:05,140 - root - DEBUG - extracting bc8dd2389fad6c6faf5e3005b9509883\0060.png...
2021-10-05 22:23:05,142 - root - DEBUG - extracting bc8dd2389fad6c6faf5e3005b9509883\0061.png...
2021-10-05 22:23:05,145 - root - DEBUG - extracting bc8dd2389fad6c6faf5e3005b9509883\0062.png...
2021-10-05 22:23:05,147 - root - DEBUG - extracting bc8dd2389fad6c6faf5e3005b9509883\0063.png...
2021-10-05 22:23:05,150 - root - DEBUG - extracting bc8dd2389fad6c6faf5e3005b9509883\0064.png...
2021-10-05 22:23:05,153 - root - DEBUG - extracting bc8dd2389fad6c6faf5e3005b9509883\0065.png...
2021-10-05 22:23:05,155 - root - DEBUG - extracting bc8dd2389fad6c6faf5e3005b9509883\0066.png...
2021-10-05 22:23:05,158 - root - DEBUG - Exporting config...
