2023-07-09 17:51:16,846 - root - DEBUG - Opening watch face 'E:\Codez\zepp-gts2mini-wf\6fb23096f618a26fa1281cd2fb62aecf.bin'
2023-07-09 17:51:16,858 - root - DEBUG - Reading parameters...
2023-07-09 17:51:16,858 - root - INFO - Reading header...
2023-07-09 17:51:16,860 - root - INFO - Header was read:
2023-07-09 17:51:16,860 - root - INFO - Signature: b'UIHH\x01\x00\xff', Unknown: 121, ParametersSize: 54, isValid: True, deviceId: 73
2023-07-09 17:51:16,860 - root - INFO - Reading parameter offsets...
2023-07-09 17:51:16,860 - root - INFO - Parameter offsets were read from file
2023-07-09 17:51:16,861 - root - INFO - Reading parameters descriptor...
2023-07-09 17:51:16,861 - root - INFO - 1 ( A): 5 bytes
2023-07-09 17:51:16,861 - root - INFO -     1 ( 8): 387 183
2023-07-09 17:51:16,861 - root - INFO -     2 (10): 69 45
2023-07-09 17:51:16,861 - root - INFO - getParameters descriptor was read:
2023-07-09 17:51:16,861 - root - INFO - ParametersTableLength: 387, ImagesCount: 69
2023-07-09 17:51:16,861 - root - INFO - Reading parameters locations...
2023-07-09 17:51:16,861 - root - INFO - 2 (12): 4 bytes
2023-07-09 17:51:16,862 - root - INFO -     1 ( 8): 0  0
2023-07-09 17:51:16,862 - root - INFO -     2 (10): 32 20
2023-07-09 17:51:16,862 - root - INFO - 3 (1A): 4 bytes
2023-07-09 17:51:16,862 - root - INFO -     1 ( 8): 32 20
2023-07-09 17:51:16,862 - root - INFO -     2 (10): 75 4B
2023-07-09 17:51:16,862 - root - INFO - 4 (22): 5 bytes
2023-07-09 17:51:16,862 - root - INFO -     1 ( 8): 189 BD
2023-07-09 17:51:16,863 - root - INFO -     2 (10): 39 27
2023-07-09 17:51:16,863 - root - INFO - 5 (2A): 4 bytes
2023-07-09 17:51:16,863 - root - INFO -     1 ( 8): 107 6B
2023-07-09 17:51:16,863 - root - INFO -     2 (10): 82 52
2023-07-09 17:51:16,863 - root - INFO - 11 (5A): 5 bytes
2023-07-09 17:51:16,863 - root - INFO -     1 ( 8): 228 E4
2023-07-09 17:51:16,863 - root - INFO -     2 (10): 18 12
2023-07-09 17:51:16,864 - root - INFO - 12 (62): 5 bytes
2023-07-09 17:51:16,864 - root - INFO -     1 ( 8): 246 F6
2023-07-09 17:51:16,864 - root - INFO -     2 (10): 20 14
2023-07-09 17:51:16,864 - root - INFO - 29 (EA): 5 bytes
2023-07-09 17:51:16,864 - root - INFO -     1 ( 8): 266 10A
2023-07-09 17:51:16,864 - root - INFO -     2 (10): 121 79
2023-07-09 17:51:16,864 - root - INFO - Watch face parameters locations were read:
2023-07-09 17:51:16,865 - root - INFO - Reading descriptor for parameter 2
2023-07-09 17:51:16,865 - root - INFO - Descriptor offset: 0, Descriptor length: 32
2023-07-09 17:51:16,865 - root - INFO - Parsing descriptor for parameter 2...
2023-07-09 17:51:16,865 - root - INFO - 1 ( A): 6 bytes
2023-07-09 17:51:16,865 - root - INFO -     1 ( 8): 0  0
2023-07-09 17:51:16,866 - root - INFO -     2 (10): 0  0
2023-07-09 17:51:16,866 - root - INFO -     3 (18): 2  2
2023-07-09 17:51:16,866 - root - INFO - 3 (1A): 6 bytes
2023-07-09 17:51:16,866 - root - INFO -     1 ( 8): 0  0
2023-07-09 17:51:16,866 - root - INFO -     2 (10): 0  0
2023-07-09 17:51:16,866 - root - INFO -     3 (18): 1  1
2023-07-09 17:51:16,866 - root - INFO - 4 (22): 6 bytes
2023-07-09 17:51:16,867 - root - INFO -     1 ( 8): 0  0
2023-07-09 17:51:16,867 - root - INFO -     2 (10): 0  0
2023-07-09 17:51:16,867 - root - INFO -     3 (18): 0  0
2023-07-09 17:51:16,867 - root - INFO - 5 (2A): 6 bytes
2023-07-09 17:51:16,867 - root - INFO -     1 ( 8): 0  0
2023-07-09 17:51:16,867 - root - INFO -     2 (10): 0  0
2023-07-09 17:51:16,867 - root - INFO -     3 (18): 0  0
2023-07-09 17:51:16,868 - root - INFO - Reading descriptor for parameter 3
2023-07-09 17:51:16,868 - root - INFO - Descriptor offset: 32, Descriptor length: 75
2023-07-09 17:51:16,868 - root - INFO - Parsing descriptor for parameter 3...
2023-07-09 17:51:16,868 - root - INFO - 1 ( A): 73 bytes
2023-07-09 17:51:16,868 - root - INFO -     1 ( A): 20 bytes
2023-07-09 17:51:16,868 - root - INFO -         1 ( A): 8 bytes
2023-07-09 17:51:16,869 - root - INFO -             1 ( 8): 34 22
2023-07-09 17:51:16,869 - root - INFO -             2 (10): 100 64
2023-07-09 17:51:16,869 - root - INFO -             3 (18): 3  3
2023-07-09 17:51:16,869 - root - INFO -             4 (20): 10  A
2023-07-09 17:51:16,869 - root - INFO -         2 (12): 8 bytes
2023-07-09 17:51:16,869 - root - INFO -             1 ( 8): 67 43
2023-07-09 17:51:16,870 - root - INFO -             2 (10): 100 64
2023-07-09 17:51:16,870 - root - INFO -             3 (18): 3  3
2023-07-09 17:51:16,870 - root - INFO -             4 (20): 10  A
2023-07-09 17:51:16,870 - root - INFO -     2 (12): 21 bytes
2023-07-09 17:51:16,870 - root - INFO -         1 ( A): 8 bytes
2023-07-09 17:51:16,870 - root - INFO -             1 ( 8): 121 79
2023-07-09 17:51:16,870 - root - INFO -             2 (10): 100 64
2023-07-09 17:51:16,871 - root - INFO -             3 (18): 3  3
2023-07-09 17:51:16,871 - root - INFO -             4 (20): 10  A
2023-07-09 17:51:16,871 - root - INFO -         2 (12): 9 bytes
2023-07-09 17:51:16,871 - root - INFO -             1 ( 8): 154 9A
2023-07-09 17:51:16,871 - root - INFO -             2 (10): 100 64
2023-07-09 17:51:16,871 - root - INFO -             3 (18): 3  3
2023-07-09 17:51:16,871 - root - INFO -             4 (20): 10  A
2023-07-09 17:51:16,872 - root - INFO -     3 (1A): 22 bytes
2023-07-09 17:51:16,872 - root - INFO -         1 ( A): 9 bytes
2023-07-09 17:51:16,872 - root - INFO -             1 ( 8): 208 D0
2023-07-09 17:51:16,872 - root - INFO -             2 (10): 100 64
2023-07-09 17:51:16,872 - root - INFO -             3 (18): 3  3
2023-07-09 17:51:16,872 - root - INFO -             4 (20): 10  A
2023-07-09 17:51:16,872 - root - INFO -         2 (12): 9 bytes
2023-07-09 17:51:16,872 - root - INFO -             1 ( 8): 241 F1
2023-07-09 17:51:16,873 - root - INFO -             2 (10): 100 64
2023-07-09 17:51:16,873 - root - INFO -             3 (18): 3  3
2023-07-09 17:51:16,873 - root - INFO -             4 (20): 10  A
2023-07-09 17:51:16,873 - root - INFO -     7 (38): 0  0
2023-07-09 17:51:16,873 - root - INFO -     8 (40): 1  1
2023-07-09 17:51:16,874 - root - INFO - Reading descriptor for parameter 4
2023-07-09 17:51:16,874 - root - INFO - Descriptor offset: 189, Descriptor length: 39
2023-07-09 17:51:16,874 - root - INFO - Parsing descriptor for parameter 4...
2023-07-09 17:51:16,874 - root - INFO - 4 (22): 35 bytes
2023-07-09 17:51:16,874 - root - INFO -     1 ( A): 22 bytes
2023-07-09 17:51:16,874 - root - INFO -         1 ( 8): 192 C0
2023-07-09 17:51:16,875 - root - INFO -         2 (10): 321 141
2023-07-09 17:51:16,875 - root - INFO -         3 (18): 222 DE
2023-07-09 17:51:16,875 - root - INFO -         4 (20): 339 153
2023-07-09 17:51:16,875 - root - INFO -         5 (28): 20 14
2023-07-09 17:51:16,875 - root - INFO -         6 (30): 0  0
2023-07-09 17:51:16,875 - root - INFO -         7 (38): 0  0
2023-07-09 17:51:16,875 - root - INFO -         8 (40): 42 2A
2023-07-09 17:51:16,875 - root - INFO -         9 (48): 10  A
2023-07-09 17:51:16,876 - root - INFO -     3 (18): 52 34
2023-07-09 17:51:16,876 - root - INFO -     5 (2A): 7 bytes
2023-07-09 17:51:16,876 - root - INFO -         1 ( 8): 123 7B
2023-07-09 17:51:16,876 - root - INFO -         2 (10): 279 117
2023-07-09 17:51:16,876 - root - INFO -         3 (18): 53 35
2023-07-09 17:51:16,877 - root - INFO - 7 (38): 0  0
2023-07-09 17:51:16,877 - root - INFO - Reading descriptor for parameter 5
2023-07-09 17:51:16,877 - root - INFO - Descriptor offset: 107, Descriptor length: 82
2023-07-09 17:51:16,877 - root - INFO - Parsing descriptor for parameter 5...
2023-07-09 17:51:16,878 - root - INFO - 1 ( A): 31 bytes
2023-07-09 17:51:16,878 - root - INFO -     2 (12): 23 bytes
2023-07-09 17:51:16,879 - root - INFO -         1 ( A): 19 bytes
2023-07-09 17:51:16,879 - root - INFO -             1 ( 8): 90 5A
2023-07-09 17:51:16,879 - root - INFO -             2 (10): 42 2A
2023-07-09 17:51:16,879 - root - INFO -             3 (18): 156 9C
2023-07-09 17:51:16,879 - root - INFO -             4 (20): 60 3C
2023-07-09 17:51:16,879 - root - INFO -             5 (28): 18 12
2023-07-09 17:51:16,879 - root - INFO -             6 (30): 1  1
2023-07-09 17:51:16,880 - root - INFO -             7 (38): 0  0
2023-07-09 17:51:16,880 - root - INFO -             8 (40): 13  D
2023-07-09 17:51:16,880 - root - INFO -             9 (48): 10  A
2023-07-09 17:51:16,880 - root - INFO -         2 (10): 23 17
2023-07-09 17:51:16,880 - root - INFO -     4 (20): 1  1
2023-07-09 17:51:16,881 - root - INFO -     5 (28): 1  1
2023-07-09 17:51:16,881 - root - INFO -     6 (30): 0  0
2023-07-09 17:51:16,881 - root - INFO - 2 (12): 14 bytes
2023-07-09 17:51:16,881 - root - INFO -     1 ( 8): 207 CF
2023-07-09 17:51:16,881 - root - INFO -     2 (10): 162 A2
2023-07-09 17:51:16,881 - root - INFO -     3 (18): 38 26
2023-07-09 17:51:16,881 - root - INFO -     4 (20): 39 27
2023-07-09 17:51:16,882 - root - INFO -     5 (28): 40 28
2023-07-09 17:51:16,882 - root - INFO -     6 (30): 41 29
2023-07-09 17:51:16,882 - root - INFO - 4 (22): 9 bytes
2023-07-09 17:51:16,882 - root - INFO -     1 ( 8): 160 A0
2023-07-09 17:51:16,882 - root - INFO -     2 (10): 42 2A
2023-07-09 17:51:16,882 - root - INFO -     3 (18): 24 18
2023-07-09 17:51:16,882 - root - INFO -     4 (20): 7  7
2023-07-09 17:51:16,883 - root - INFO - 5 (2A): 9 bytes
2023-07-09 17:51:16,883 - root - INFO -     1 ( 8): 160 A0
2023-07-09 17:51:16,883 - root - INFO -     2 (10): 42 2A
2023-07-09 17:51:16,883 - root - INFO -     3 (18): 24 18
2023-07-09 17:51:16,883 - root - INFO -     4 (20): 7  7
2023-07-09 17:51:16,883 - root - INFO - 6 (32): 9 bytes
2023-07-09 17:51:16,884 - root - INFO -     1 ( 8): 160 A0
2023-07-09 17:51:16,884 - root - INFO -     2 (10): 42 2A
2023-07-09 17:51:16,884 - root - INFO -     3 (18): 31 1F
2023-07-09 17:51:16,884 - root - INFO -     4 (20): 7  7
2023-07-09 17:51:16,884 - root - INFO - Reading descriptor for parameter 11
2023-07-09 17:51:16,885 - root - INFO - Descriptor offset: 228, Descriptor length: 18
2023-07-09 17:51:16,885 - root - INFO - Parsing descriptor for parameter 11...
2023-07-09 17:51:16,885 - root - INFO - 1 ( A): 16 bytes
2023-07-09 17:51:16,885 - root - INFO -     1 ( A): 8 bytes
2023-07-09 17:51:16,885 - root - INFO -         1 ( 8): 0  0
2023-07-09 17:51:16,885 - root - INFO -         2 (10): 0  0
2023-07-09 17:51:16,885 - root - INFO -         3 (18): 59 3B
2023-07-09 17:51:16,886 - root - INFO -         4 (20): 8  8
2023-07-09 17:51:16,886 - root - INFO -     2 (10): 10  A
2023-07-09 17:51:16,886 - root - INFO -     3 (18): 1  1
2023-07-09 17:51:16,886 - root - INFO -     4 (20): 0  0
2023-07-09 17:51:16,886 - root - INFO - Reading descriptor for parameter 12
2023-07-09 17:51:16,887 - root - INFO - Descriptor offset: 246, Descriptor length: 20
2023-07-09 17:51:16,887 - root - INFO - Parsing descriptor for parameter 12...
2023-07-09 17:51:16,887 - root - INFO - 2 (12): 9 bytes
2023-07-09 17:51:16,887 - root - INFO -     1 ( 8): 123 7B
2023-07-09 17:51:16,887 - root - INFO -     2 (10): 279 117
2023-07-09 17:51:16,887 - root - INFO -     3 (18): 53 35
2023-07-09 17:51:16,887 - root - INFO -     4 (20): 6  6
2023-07-09 17:51:16,888 - root - INFO - 7 (3A): 7 bytes
2023-07-09 17:51:16,888 - root - INFO -     1 ( 8): 123 7B
2023-07-09 17:51:16,888 - root - INFO -     2 (10): 279 117
2023-07-09 17:51:16,888 - root - INFO -     3 (18): 67 43
2023-07-09 17:51:16,889 - root - INFO - Reading descriptor for parameter 29
2023-07-09 17:51:16,889 - root - INFO - Descriptor offset: 266, Descriptor length: 121
2023-07-09 17:51:16,889 - root - INFO - Parsing descriptor for parameter 29...
2023-07-09 17:51:16,889 - root - INFO - 1 ( A): 59 bytes
2023-07-09 17:51:16,889 - root - INFO -     1 ( A): 57 bytes
2023-07-09 17:51:16,889 - root - INFO -         1 ( A): 20 bytes
2023-07-09 17:51:16,889 - root - INFO -             1 ( A): 8 bytes
2023-07-09 17:51:16,889 - root - INFO -                 1 ( 8): 77 4D
2023-07-09 17:51:16,890 - root - INFO -                 2 (10): 94 5E
2023-07-09 17:51:16,890 - root - INFO -                 3 (18): 3  3
2023-07-09 17:51:16,890 - root - INFO -                 4 (20): 10  A
2023-07-09 17:51:16,890 - root - INFO -             2 (12): 8 bytes
2023-07-09 17:51:16,890 - root - INFO -                 1 ( 8): 110 6E
2023-07-09 17:51:16,890 - root - INFO -                 2 (10): 94 5E
2023-07-09 17:51:16,891 - root - INFO -                 3 (18): 3  3
2023-07-09 17:51:16,891 - root - INFO -                 4 (20): 10  A
2023-07-09 17:51:16,891 - root - INFO -         2 (12): 22 bytes
2023-07-09 17:51:16,891 - root - INFO -             1 ( A): 9 bytes
2023-07-09 17:51:16,891 - root - INFO -                 1 ( 8): 164 A4
2023-07-09 17:51:16,892 - root - INFO -                 2 (10): 94 5E
2023-07-09 17:51:16,892 - root - INFO -                 3 (18): 3  3
2023-07-09 17:51:16,892 - root - INFO -                 4 (20): 10  A
2023-07-09 17:51:16,892 - root - INFO -             2 (12): 9 bytes
2023-07-09 17:51:16,892 - root - INFO -                 1 ( 8): 197 C5
2023-07-09 17:51:16,893 - root - INFO -                 2 (10): 94 5E
2023-07-09 17:51:16,893 - root - INFO -                 3 (18): 3  3
2023-07-09 17:51:16,893 - root - INFO -                 4 (20): 10  A
2023-07-09 17:51:16,893 - root - INFO -         3 (1A): 7 bytes
2023-07-09 17:51:16,893 - root - INFO -             1 ( 8): 143 8F
2023-07-09 17:51:16,893 - root - INFO -             2 (10): 94 5E
2023-07-09 17:51:16,893 - root - INFO -             3 (18): 68 44
2023-07-09 17:51:16,894 - root - INFO -         4 (20): 1  1
2023-07-09 17:51:16,894 - root - INFO - 2 (12): 23 bytes
2023-07-09 17:51:16,894 - root - INFO -     1 ( A): 19 bytes
2023-07-09 17:51:16,895 - root - INFO -         1 ( 8): 93 5D
2023-07-09 17:51:16,895 - root - INFO -         2 (10): 56 38
2023-07-09 17:51:16,895 - root - INFO -         3 (18): 159 9F
2023-07-09 17:51:16,895 - root - INFO -         4 (20): 74 4A
2023-07-09 17:51:16,895 - root - INFO -         5 (28): 18 12
2023-07-09 17:51:16,895 - root - INFO -         6 (30): 1  1
2023-07-09 17:51:16,895 - root - INFO -         7 (38): 0  0
2023-07-09 17:51:16,896 - root - INFO -         8 (40): 13  D
2023-07-09 17:51:16,896 - root - INFO -         9 (48): 10  A
2023-07-09 17:51:16,896 - root - INFO -     2 (10): 23 17
2023-07-09 17:51:16,896 - root - INFO - 3 (1A): 33 bytes
2023-07-09 17:51:16,896 - root - INFO -     1 ( A): 9 bytes
2023-07-09 17:51:16,896 - root - INFO -         1 ( 8): 163 A3
2023-07-09 17:51:16,896 - root - INFO -         2 (10): 56 38
2023-07-09 17:51:16,897 - root - INFO -         3 (18): 24 18
2023-07-09 17:51:16,897 - root - INFO -         4 (20): 7  7
2023-07-09 17:51:16,897 - root - INFO -     2 (12): 9 bytes
2023-07-09 17:51:16,897 - root - INFO -         1 ( 8): 163 A3
2023-07-09 17:51:16,897 - root - INFO -         2 (10): 56 38
2023-07-09 17:51:16,897 - root - INFO -         3 (18): 24 18
2023-07-09 17:51:16,898 - root - INFO -         4 (20): 7  7
2023-07-09 17:51:16,898 - root - INFO -     3 (1A): 9 bytes
2023-07-09 17:51:16,898 - root - INFO -         1 ( 8): 163 A3
2023-07-09 17:51:16,898 - root - INFO -         2 (10): 56 38
2023-07-09 17:51:16,898 - root - INFO -         3 (18): 31 1F
2023-07-09 17:51:16,898 - root - INFO -         4 (20): 7  7
2023-07-09 17:51:16,903 - root - INFO - Reading resources offsets table with 69 elements (276 bytes)
2023-07-09 17:51:16,904 - root - INFO - Resource 0 offset: 804, length: 101656...
2023-07-09 17:51:16,904 - root - DEBUG - Reading resource 0...
2023-07-09 17:51:16,969 - root - INFO - The image is bmc.
2023-07-09 17:51:16,969 - root - INFO - Reading image header(readHeader16C)...
2023-07-09 17:51:16,969 - root - INFO - Image header was read:
2023-07-09 17:51:16,969 - root - INFO - Width: 210, Height: 242, RowLength: 420
2023-07-09 17:51:16,969 - root - INFO - _step: 2, unknown2: 0,
2023-07-09 17:51:16,970 - root - INFO - BPP: 16, Transparency: False
2023-07-09 17:51:17,414 - root - INFO - Resource 1 offset: 102460, length: 101656...
2023-07-09 17:51:17,414 - root - DEBUG - Reading resource 1...
2023-07-09 17:51:17,414 - root - INFO - The image is bmc.
2023-07-09 17:51:17,414 - root - INFO - Reading image header(readHeader16C)...
2023-07-09 17:51:17,414 - root - INFO - Image header was read:
2023-07-09 17:51:17,414 - root - INFO - Width: 210, Height: 242, RowLength: 420
2023-07-09 17:51:17,415 - root - INFO - _step: 2, unknown2: 0,
2023-07-09 17:51:17,415 - root - INFO - BPP: 16, Transparency: False
2023-07-09 17:51:17,999 - root - INFO - Resource 2 offset: 204116, length: 216664...
2023-07-09 17:51:18,000 - root - DEBUG - Reading resource 2...
2023-07-09 17:51:18,000 - root - INFO - The image is bmc.
2023-07-09 17:51:18,000 - root - INFO - Reading image header(readHeader16C)...
2023-07-09 17:51:18,000 - root - INFO - Image header was read:
2023-07-09 17:51:18,000 - root - INFO - Width: 306, Height: 354, RowLength: 612
2023-07-09 17:51:18,000 - root - INFO - _step: 2, unknown2: 0,
2023-07-09 17:51:18,000 - root - INFO - BPP: 16, Transparency: False
2023-07-09 17:51:18,803 - root - INFO - Resource 3 offset: 420780, length: 2578...
2023-07-09 17:51:18,803 - root - DEBUG - Reading resource 3...
2023-07-09 17:51:18,803 - root - INFO - The image is bme.
2023-07-09 17:51:18,803 - root - INFO - Reading image header(readHeader16E)...
2023-07-09 17:51:18,804 - root - INFO - Image header was read:
2023-07-09 17:51:18,804 - root - INFO - Width: 31, Height: 47, RowLength: 62
2023-07-09 17:51:18,804 - root - INFO - datalength: 2562, _step: 2
2023-07-09 17:51:18,804 - root - INFO - BPP: 16, Transparency: False
2023-07-09 17:51:18,812 - root - INFO - Resource 4 offset: 423358, length: 1388...
2023-07-09 17:51:18,812 - root - DEBUG - Reading resource 4...
2023-07-09 17:51:18,812 - root - INFO - The image is bme.
2023-07-09 17:51:18,813 - root - INFO - Reading image header(readHeader16E)...
2023-07-09 17:51:18,813 - root - INFO - Image header was read:
2023-07-09 17:51:18,813 - root - INFO - Width: 31, Height: 47, RowLength: 62
2023-07-09 17:51:18,813 - root - INFO - datalength: 1372, _step: 2
2023-07-09 17:51:18,813 - root - INFO - BPP: 16, Transparency: False
2023-07-09 17:51:18,818 - root - INFO - Resource 5 offset: 424746, length: 1918...
2023-07-09 17:51:18,818 - root - DEBUG - Reading resource 5...
2023-07-09 17:51:18,818 - root - INFO - The image is bme.
2023-07-09 17:51:18,818 - root - INFO - Reading image header(readHeader16E)...
2023-07-09 17:51:18,818 - root - INFO - Image header was read:
2023-07-09 17:51:18,818 - root - INFO - Width: 31, Height: 47, RowLength: 62
2023-07-09 17:51:18,818 - root - INFO - datalength: 1902, _step: 2
2023-07-09 17:51:18,819 - root - INFO - BPP: 16, Transparency: False
2023-07-09 17:51:18,825 - root - INFO - Resource 6 offset: 426664, length: 1922...
2023-07-09 17:51:18,825 - root - DEBUG - Reading resource 6...
2023-07-09 17:51:18,825 - root - INFO - The image is bme.
2023-07-09 17:51:18,825 - root - INFO - Reading image header(readHeader16E)...
2023-07-09 17:51:18,825 - root - INFO - Image header was read:
2023-07-09 17:51:18,826 - root - INFO - Width: 31, Height: 47, RowLength: 62
2023-07-09 17:51:18,826 - root - INFO - datalength: 1906, _step: 2
2023-07-09 17:51:18,826 - root - INFO - BPP: 16, Transparency: False
2023-07-09 17:51:18,831 - root - INFO - Resource 7 offset: 428586, length: 2134...
2023-07-09 17:51:18,832 - root - DEBUG - Reading resource 7...
2023-07-09 17:51:18,832 - root - INFO - The image is bme.
2023-07-09 17:51:18,832 - root - INFO - Reading image header(readHeader16E)...
2023-07-09 17:51:18,832 - root - INFO - Image header was read:
2023-07-09 17:51:18,832 - root - INFO - Width: 31, Height: 47, RowLength: 62
2023-07-09 17:51:18,833 - root - INFO - datalength: 2118, _step: 2
2023-07-09 17:51:18,833 - root - INFO - BPP: 16, Transparency: False
2023-07-09 17:51:18,839 - root - INFO - Resource 8 offset: 430720, length: 1964...
2023-07-09 17:51:18,839 - root - DEBUG - Reading resource 8...
2023-07-09 17:51:18,839 - root - INFO - The image is bme.
2023-07-09 17:51:18,840 - root - INFO - Reading image header(readHeader16E)...
2023-07-09 17:51:18,840 - root - INFO - Image header was read:
2023-07-09 17:51:18,840 - root - INFO - Width: 31, Height: 47, RowLength: 62
2023-07-09 17:51:18,840 - root - INFO - datalength: 1948, _step: 2
2023-07-09 17:51:18,840 - root - INFO - BPP: 16, Transparency: False
2023-07-09 17:51:18,846 - root - INFO - Resource 9 offset: 432684, length: 2358...
2023-07-09 17:51:18,847 - root - DEBUG - Reading resource 9...
2023-07-09 17:51:18,847 - root - INFO - The image is bme.
2023-07-09 17:51:18,847 - root - INFO - Reading image header(readHeader16E)...
2023-07-09 17:51:18,847 - root - INFO - Image header was read:
2023-07-09 17:51:18,847 - root - INFO - Width: 31, Height: 47, RowLength: 62
2023-07-09 17:51:18,847 - root - INFO - datalength: 2342, _step: 2
2023-07-09 17:51:18,847 - root - INFO - BPP: 16, Transparency: False
2023-07-09 17:51:18,855 - root - INFO - Resource 10 offset: 435042, length: 1600...
2023-07-09 17:51:18,855 - root - DEBUG - Reading resource 10...
2023-07-09 17:51:18,856 - root - INFO - The image is bme.
2023-07-09 17:51:18,856 - root - INFO - Reading image header(readHeader16E)...
2023-07-09 17:51:18,856 - root - INFO - Image header was read:
2023-07-09 17:51:18,856 - root - INFO - Width: 31, Height: 47, RowLength: 62
2023-07-09 17:51:18,856 - root - INFO - datalength: 1584, _step: 2
2023-07-09 17:51:18,856 - root - INFO - BPP: 16, Transparency: False
2023-07-09 17:51:18,862 - root - INFO - Resource 11 offset: 436642, length: 2606...
2023-07-09 17:51:18,862 - root - DEBUG - Reading resource 11...
2023-07-09 17:51:18,862 - root - INFO - The image is bme.
2023-07-09 17:51:18,862 - root - INFO - Reading image header(readHeader16E)...
2023-07-09 17:51:18,863 - root - INFO - Image header was read:
2023-07-09 17:51:18,863 - root - INFO - Width: 31, Height: 47, RowLength: 62
2023-07-09 17:51:18,863 - root - INFO - datalength: 2590, _step: 2
2023-07-09 17:51:18,863 - root - INFO - BPP: 16, Transparency: False
2023-07-09 17:51:18,871 - root - INFO - Resource 12 offset: 439248, length: 2276...
2023-07-09 17:51:18,871 - root - DEBUG - Reading resource 12...
2023-07-09 17:51:18,871 - root - INFO - The image is bme.
2023-07-09 17:51:18,871 - root - INFO - Reading image header(readHeader16E)...
2023-07-09 17:51:18,871 - root - INFO - Image header was read:
2023-07-09 17:51:18,871 - root - INFO - Width: 31, Height: 47, RowLength: 62
2023-07-09 17:51:18,872 - root - INFO - datalength: 2260, _step: 2
2023-07-09 17:51:18,872 - root - INFO - BPP: 16, Transparency: False
2023-07-09 17:51:18,879 - root - INFO - Resource 13 offset: 441524, length: 438...
2023-07-09 17:51:18,879 - root - DEBUG - Reading resource 13...
2023-07-09 17:51:18,879 - root - INFO - The image is bme.
2023-07-09 17:51:18,879 - root - INFO - Reading image header(readHeader16E)...
2023-07-09 17:51:18,879 - root - INFO - Image header was read:
2023-07-09 17:51:18,879 - root - INFO - Width: 13, Height: 18, RowLength: 26
2023-07-09 17:51:18,879 - root - INFO - datalength: 422, _step: 2
2023-07-09 17:51:18,879 - root - INFO - BPP: 16, Transparency: False
2023-07-09 17:51:18,880 - root - INFO - Resource 14 offset: 441962, length: 298...
2023-07-09 17:51:18,881 - root - DEBUG - Reading resource 14...
2023-07-09 17:51:18,881 - root - INFO - The image is bme.
2023-07-09 17:51:18,881 - root - INFO - Reading image header(readHeader16E)...
2023-07-09 17:51:18,881 - root - INFO - Image header was read:
2023-07-09 17:51:18,881 - root - INFO - Width: 14, Height: 18, RowLength: 28
2023-07-09 17:51:18,881 - root - INFO - datalength: 282, _step: 2
2023-07-09 17:51:18,881 - root - INFO - BPP: 16, Transparency: False
2023-07-09 17:51:18,882 - root - INFO - Resource 15 offset: 442260, length: 314...
2023-07-09 17:51:18,882 - root - DEBUG - Reading resource 15...
2023-07-09 17:51:18,882 - root - INFO - The image is bme.
2023-07-09 17:51:18,883 - root - INFO - Reading image header(readHeader16E)...
2023-07-09 17:51:18,883 - root - INFO - Image header was read:
2023-07-09 17:51:18,883 - root - INFO - Width: 13, Height: 18, RowLength: 26
2023-07-09 17:51:18,883 - root - INFO - datalength: 298, _step: 2
2023-07-09 17:51:18,883 - root - INFO - BPP: 16, Transparency: False
2023-07-09 17:51:18,884 - root - INFO - Resource 16 offset: 442574, length: 368...
2023-07-09 17:51:18,884 - root - DEBUG - Reading resource 16...
2023-07-09 17:51:18,884 - root - INFO - The image is bme.
2023-07-09 17:51:18,884 - root - INFO - Reading image header(readHeader16E)...
2023-07-09 17:51:18,884 - root - INFO - Image header was read:
2023-07-09 17:51:18,885 - root - INFO - Width: 14, Height: 18, RowLength: 28
2023-07-09 17:51:18,885 - root - INFO - datalength: 352, _step: 2
2023-07-09 17:51:18,885 - root - INFO - BPP: 16, Transparency: False
2023-07-09 17:51:18,886 - root - INFO - Resource 17 offset: 442942, length: 348...
2023-07-09 17:51:18,886 - root - DEBUG - Reading resource 17...
2023-07-09 17:51:18,886 - root - INFO - The image is bme.
2023-07-09 17:51:18,886 - root - INFO - Reading image header(readHeader16E)...
2023-07-09 17:51:18,886 - root - INFO - Image header was read:
2023-07-09 17:51:18,887 - root - INFO - Width: 14, Height: 18, RowLength: 28
2023-07-09 17:51:18,887 - root - INFO - datalength: 332, _step: 2
2023-07-09 17:51:18,887 - root - INFO - BPP: 16, Transparency: False
2023-07-09 17:51:18,888 - root - INFO - Resource 18 offset: 443290, length: 374...
2023-07-09 17:51:18,888 - root - DEBUG - Reading resource 18...
2023-07-09 17:51:18,888 - root - INFO - The image is bme.
2023-07-09 17:51:18,888 - root - INFO - Reading image header(readHeader16E)...
2023-07-09 17:51:18,889 - root - INFO - Image header was read:
2023-07-09 17:51:18,889 - root - INFO - Width: 14, Height: 18, RowLength: 28
2023-07-09 17:51:18,889 - root - INFO - datalength: 358, _step: 2
2023-07-09 17:51:18,889 - root - INFO - BPP: 16, Transparency: False
2023-07-09 17:51:18,890 - root - INFO - Resource 19 offset: 443664, length: 436...
2023-07-09 17:51:18,890 - root - DEBUG - Reading resource 19...
2023-07-09 17:51:18,890 - root - INFO - The image is bme.
2023-07-09 17:51:18,890 - root - INFO - Reading image header(readHeader16E)...
2023-07-09 17:51:18,890 - root - INFO - Image header was read:
2023-07-09 17:51:18,891 - root - INFO - Width: 14, Height: 18, RowLength: 28
2023-07-09 17:51:18,891 - root - INFO - datalength: 420, _step: 2
2023-07-09 17:51:18,891 - root - INFO - BPP: 16, Transparency: False
2023-07-09 17:51:18,893 - root - INFO - Resource 20 offset: 444100, length: 302...
2023-07-09 17:51:18,893 - root - DEBUG - Reading resource 20...
2023-07-09 17:51:18,893 - root - INFO - The image is bme.
2023-07-09 17:51:18,893 - root - INFO - Reading image header(readHeader16E)...
2023-07-09 17:51:18,893 - root - INFO - Image header was read:
2023-07-09 17:51:18,893 - root - INFO - Width: 14, Height: 18, RowLength: 28
2023-07-09 17:51:18,893 - root - INFO - datalength: 286, _step: 2
2023-07-09 17:51:18,893 - root - INFO - BPP: 16, Transparency: False
2023-07-09 17:51:18,894 - root - INFO - Resource 21 offset: 444402, length: 456...
2023-07-09 17:51:18,894 - root - DEBUG - Reading resource 21...
2023-07-09 17:51:18,894 - root - INFO - The image is bme.
2023-07-09 17:51:18,895 - root - INFO - Reading image header(readHeader16E)...
2023-07-09 17:51:18,895 - root - INFO - Image header was read:
2023-07-09 17:51:18,895 - root - INFO - Width: 13, Height: 18, RowLength: 26
2023-07-09 17:51:18,895 - root - INFO - datalength: 440, _step: 2
2023-07-09 17:51:18,895 - root - INFO - BPP: 16, Transparency: False
2023-07-09 17:51:18,896 - root - INFO - Resource 22 offset: 444858, length: 428...
2023-07-09 17:51:18,896 - root - DEBUG - Reading resource 22...
2023-07-09 17:51:18,897 - root - INFO - The image is bme.
2023-07-09 17:51:18,897 - root - INFO - Reading image header(readHeader16E)...
2023-07-09 17:51:18,897 - root - INFO - Image header was read:
2023-07-09 17:51:18,897 - root - INFO - Width: 14, Height: 18, RowLength: 28
2023-07-09 17:51:18,897 - root - INFO - datalength: 412, _step: 2
2023-07-09 17:51:18,897 - root - INFO - BPP: 16, Transparency: False
2023-07-09 17:51:18,898 - root - INFO - Resource 23 offset: 445286, length: 80...
2023-07-09 17:51:18,899 - root - DEBUG - Reading resource 23...
2023-07-09 17:51:18,899 - root - INFO - The image is bme.
2023-07-09 17:51:18,899 - root - INFO - Reading image header(readHeader16E)...
2023-07-09 17:51:18,899 - root - INFO - Image header was read:
2023-07-09 17:51:18,899 - root - INFO - Width: 10, Height: 18, RowLength: 20
2023-07-09 17:51:18,899 - root - INFO - datalength: 64, _step: 2
2023-07-09 17:51:18,899 - root - INFO - BPP: 16, Transparency: False
2023-07-09 17:51:18,900 - root - INFO - Resource 24 offset: 445366, length: 1382...
2023-07-09 17:51:18,900 - root - DEBUG - Reading resource 24...
2023-07-09 17:51:18,900 - root - INFO - The image is bme.
2023-07-09 17:51:18,900 - root - INFO - Reading image header(readHeader16E)...
2023-07-09 17:51:18,900 - root - INFO - Image header was read:
2023-07-09 17:51:18,900 - root - INFO - Width: 56, Height: 18, RowLength: 112
2023-07-09 17:51:18,900 - root - INFO - datalength: 1366, _step: 2
2023-07-09 17:51:18,900 - root - INFO - BPP: 16, Transparency: False
2023-07-09 17:51:18,904 - root - INFO - Resource 25 offset: 446748, length: 1088...
2023-07-09 17:51:18,904 - root - DEBUG - Reading resource 25...
2023-07-09 17:51:18,904 - root - INFO - The image is bme.
2023-07-09 17:51:18,904 - root - INFO - Reading image header(readHeader16E)...
2023-07-09 17:51:18,905 - root - INFO - Image header was read:
2023-07-09 17:51:18,905 - root - INFO - Width: 56, Height: 18, RowLength: 112
2023-07-09 17:51:18,905 - root - INFO - datalength: 1072, _step: 2
2023-07-09 17:51:18,905 - root - INFO - BPP: 16, Transparency: False
2023-07-09 17:51:18,908 - root - INFO - Resource 26 offset: 447836, length: 1232...
2023-07-09 17:51:18,908 - root - DEBUG - Reading resource 26...
2023-07-09 17:51:18,908 - root - INFO - The image is bme.
2023-07-09 17:51:18,909 - root - INFO - Reading image header(readHeader16E)...
2023-07-09 17:51:18,909 - root - INFO - Image header was read:
2023-07-09 17:51:18,909 - root - INFO - Width: 56, Height: 18, RowLength: 112
2023-07-09 17:51:18,909 - root - INFO - datalength: 1216, _step: 2
2023-07-09 17:51:18,909 - root - INFO - BPP: 16, Transparency: False
2023-07-09 17:51:18,913 - root - INFO - Resource 27 offset: 449068, length: 1202...
2023-07-09 17:51:18,913 - root - DEBUG - Reading resource 27...
2023-07-09 17:51:18,913 - root - INFO - The image is bme.
2023-07-09 17:51:18,913 - root - INFO - Reading image header(readHeader16E)...
2023-07-09 17:51:18,913 - root - INFO - Image header was read:
2023-07-09 17:51:18,913 - root - INFO - Width: 56, Height: 18, RowLength: 112
2023-07-09 17:51:18,913 - root - INFO - datalength: 1186, _step: 2
2023-07-09 17:51:18,914 - root - INFO - BPP: 16, Transparency: False
2023-07-09 17:51:18,918 - root - INFO - Resource 28 offset: 450270, length: 1076...
2023-07-09 17:51:18,918 - root - DEBUG - Reading resource 28...
2023-07-09 17:51:18,918 - root - INFO - The image is bme.
2023-07-09 17:51:18,918 - root - INFO - Reading image header(readHeader16E)...
2023-07-09 17:51:18,918 - root - INFO - Image header was read:
2023-07-09 17:51:18,918 - root - INFO - Width: 56, Height: 18, RowLength: 112
2023-07-09 17:51:18,919 - root - INFO - datalength: 1060, _step: 2
2023-07-09 17:51:18,919 - root - INFO - BPP: 16, Transparency: False
2023-07-09 17:51:18,921 - root - INFO - Resource 29 offset: 451346, length: 1050...
2023-07-09 17:51:18,922 - root - DEBUG - Reading resource 29...
2023-07-09 17:51:18,922 - root - INFO - The image is bme.
2023-07-09 17:51:18,922 - root - INFO - Reading image header(readHeader16E)...
2023-07-09 17:51:18,922 - root - INFO - Image header was read:
2023-07-09 17:51:18,922 - root - INFO - Width: 56, Height: 18, RowLength: 112
2023-07-09 17:51:18,922 - root - INFO - datalength: 1034, _step: 2
2023-07-09 17:51:18,922 - root - INFO - BPP: 16, Transparency: False
2023-07-09 17:51:18,926 - root - INFO - Resource 30 offset: 452396, length: 1260...
2023-07-09 17:51:18,927 - root - DEBUG - Reading resource 30...
2023-07-09 17:51:18,927 - root - INFO - The image is bme.
2023-07-09 17:51:18,927 - root - INFO - Reading image header(readHeader16E)...
2023-07-09 17:51:18,927 - root - INFO - Image header was read:
2023-07-09 17:51:18,927 - root - INFO - Width: 56, Height: 18, RowLength: 112
2023-07-09 17:51:18,927 - root - INFO - datalength: 1244, _step: 2
2023-07-09 17:51:18,928 - root - INFO - BPP: 16, Transparency: False
2023-07-09 17:51:18,931 - root - INFO - Resource 31 offset: 453656, length: 1256...
2023-07-09 17:51:18,931 - root - DEBUG - Reading resource 31...
2023-07-09 17:51:18,931 - root - INFO - The image is bme.
2023-07-09 17:51:18,931 - root - INFO - Reading image header(readHeader16E)...
2023-07-09 17:51:18,931 - root - INFO - Image header was read:
2023-07-09 17:51:18,931 - root - INFO - Width: 56, Height: 18, RowLength: 112
2023-07-09 17:51:18,932 - root - INFO - datalength: 1240, _step: 2
2023-07-09 17:51:18,932 - root - INFO - BPP: 16, Transparency: False
2023-07-09 17:51:18,935 - root - INFO - Resource 32 offset: 454912, length: 1288...
2023-07-09 17:51:18,935 - root - DEBUG - Reading resource 32...
2023-07-09 17:51:18,936 - root - INFO - The image is bme.
2023-07-09 17:51:18,936 - root - INFO - Reading image header(readHeader16E)...
2023-07-09 17:51:18,936 - root - INFO - Image header was read:
2023-07-09 17:51:18,936 - root - INFO - Width: 56, Height: 18, RowLength: 112
2023-07-09 17:51:18,936 - root - INFO - datalength: 1272, _step: 2
2023-07-09 17:51:18,936 - root - INFO - BPP: 16, Transparency: False
2023-07-09 17:51:18,940 - root - INFO - Resource 33 offset: 456200, length: 1424...
2023-07-09 17:51:18,940 - root - DEBUG - Reading resource 33...
2023-07-09 17:51:18,940 - root - INFO - The image is bme.
2023-07-09 17:51:18,940 - root - INFO - Reading image header(readHeader16E)...
2023-07-09 17:51:18,941 - root - INFO - Image header was read:
2023-07-09 17:51:18,941 - root - INFO - Width: 56, Height: 18, RowLength: 112
2023-07-09 17:51:18,942 - root - INFO - datalength: 1408, _step: 2
2023-07-09 17:51:18,942 - root - INFO - BPP: 16, Transparency: False
2023-07-09 17:51:18,947 - root - INFO - Resource 34 offset: 457624, length: 1604...
2023-07-09 17:51:18,947 - root - DEBUG - Reading resource 34...
2023-07-09 17:51:18,947 - root - INFO - The image is bme.
2023-07-09 17:51:18,947 - root - INFO - Reading image header(readHeader16E)...
2023-07-09 17:51:18,947 - root - INFO - Image header was read:
2023-07-09 17:51:18,947 - root - INFO - Width: 56, Height: 18, RowLength: 112
2023-07-09 17:51:18,948 - root - INFO - datalength: 1588, _step: 2
2023-07-09 17:51:18,948 - root - INFO - BPP: 16, Transparency: False
2023-07-09 17:51:18,953 - root - INFO - Resource 35 offset: 459228, length: 1574...
2023-07-09 17:51:18,953 - root - DEBUG - Reading resource 35...
2023-07-09 17:51:18,953 - root - INFO - The image is bme.
2023-07-09 17:51:18,953 - root - INFO - Reading image header(readHeader16E)...
2023-07-09 17:51:18,953 - root - INFO - Image header was read:
2023-07-09 17:51:18,953 - root - INFO - Width: 56, Height: 18, RowLength: 112
2023-07-09 17:51:18,953 - root - INFO - datalength: 1558, _step: 2
2023-07-09 17:51:18,954 - root - INFO - BPP: 16, Transparency: False
2023-07-09 17:51:18,960 - root - INFO - Resource 36 offset: 460802, length: 1564...
2023-07-09 17:51:18,960 - root - DEBUG - Reading resource 36...
2023-07-09 17:51:18,960 - root - INFO - The image is bme.
2023-07-09 17:51:18,960 - root - INFO - Reading image header(readHeader16E)...
2023-07-09 17:51:18,961 - root - INFO - Image header was read:
2023-07-09 17:51:18,961 - root - INFO - Width: 56, Height: 18, RowLength: 112
2023-07-09 17:51:18,961 - root - INFO - datalength: 1548, _step: 2
2023-07-09 17:51:18,961 - root - INFO - BPP: 16, Transparency: False
2023-07-09 17:51:18,965 - root - INFO - Resource 37 offset: 462366, length: 1662...
2023-07-09 17:51:18,965 - root - DEBUG - Reading resource 37...
2023-07-09 17:51:18,966 - root - INFO - The image is bme.
2023-07-09 17:51:18,966 - root - INFO - Reading image header(readHeader16E)...
2023-07-09 17:51:18,966 - root - INFO - Image header was read:
2023-07-09 17:51:18,966 - root - INFO - Width: 56, Height: 18, RowLength: 112
2023-07-09 17:51:18,966 - root - INFO - datalength: 1646, _step: 2
2023-07-09 17:51:18,966 - root - INFO - BPP: 16, Transparency: False
2023-07-09 17:51:18,972 - root - INFO - Resource 38 offset: 464028, length: 1924...
2023-07-09 17:51:18,972 - root - DEBUG - Reading resource 38...
2023-07-09 17:51:18,972 - root - INFO - The image is bme.
2023-07-09 17:51:18,972 - root - INFO - Reading image header(readHeader16E)...
2023-07-09 17:51:18,972 - root - INFO - Image header was read:
2023-07-09 17:51:18,972 - root - INFO - Width: 50, Height: 18, RowLength: 100
2023-07-09 17:51:18,972 - root - INFO - datalength: 1908, _step: 2
2023-07-09 17:51:18,972 - root - INFO - BPP: 16, Transparency: False
2023-07-09 17:51:18,980 - root - INFO - Resource 39 offset: 465952, length: 1924...
2023-07-09 17:51:18,980 - root - DEBUG - Reading resource 39...
2023-07-09 17:51:18,980 - root - INFO - The image is bme.
2023-07-09 17:51:18,980 - root - INFO - Reading image header(readHeader16E)...
2023-07-09 17:51:18,980 - root - INFO - Image header was read:
2023-07-09 17:51:18,980 - root - INFO - Width: 50, Height: 18, RowLength: 100
2023-07-09 17:51:18,980 - root - INFO - datalength: 1908, _step: 2
2023-07-09 17:51:18,981 - root - INFO - BPP: 16, Transparency: False
2023-07-09 17:51:18,987 - root - INFO - Resource 40 offset: 467876, length: 1924...
2023-07-09 17:51:18,987 - root - DEBUG - Reading resource 40...
2023-07-09 17:51:18,987 - root - INFO - The image is bme.
2023-07-09 17:51:18,987 - root - INFO - Reading image header(readHeader16E)...
2023-07-09 17:51:18,987 - root - INFO - Image header was read:
2023-07-09 17:51:18,987 - root - INFO - Width: 50, Height: 18, RowLength: 100
2023-07-09 17:51:18,987 - root - INFO - datalength: 1908, _step: 2
2023-07-09 17:51:18,987 - root - INFO - BPP: 16, Transparency: False
2023-07-09 17:51:18,995 - root - INFO - Resource 41 offset: 469800, length: 1924...
2023-07-09 17:51:18,995 - root - DEBUG - Reading resource 41...
2023-07-09 17:51:18,995 - root - INFO - The image is bme.
2023-07-09 17:51:18,995 - root - INFO - Reading image header(readHeader16E)...
2023-07-09 17:51:18,995 - root - INFO - Image header was read:
2023-07-09 17:51:18,995 - root - INFO - Width: 50, Height: 18, RowLength: 100
2023-07-09 17:51:18,995 - root - INFO - datalength: 1908, _step: 2
2023-07-09 17:51:18,996 - root - INFO - BPP: 16, Transparency: False
2023-07-09 17:51:19,002 - root - INFO - Resource 42 offset: 471724, length: 272...
2023-07-09 17:51:19,002 - root - DEBUG - Reading resource 42...
2023-07-09 17:51:19,002 - root - INFO - The image is bme.
2023-07-09 17:51:19,002 - root - INFO - Reading image header(readHeader16E)...
2023-07-09 17:51:19,002 - root - INFO - Image header was read:
2023-07-09 17:51:19,002 - root - INFO - Width: 10, Height: 18, RowLength: 20
2023-07-09 17:51:19,002 - root - INFO - datalength: 256, _step: 2
2023-07-09 17:51:19,002 - root - INFO - BPP: 16, Transparency: False
2023-07-09 17:51:19,003 - root - INFO - Resource 43 offset: 471996, length: 156...
2023-07-09 17:51:19,003 - root - DEBUG - Reading resource 43...
2023-07-09 17:51:19,003 - root - INFO - The image is bme.
2023-07-09 17:51:19,003 - root - INFO - Reading image header(readHeader16E)...
2023-07-09 17:51:19,003 - root - INFO - Image header was read:
2023-07-09 17:51:19,004 - root - INFO - Width: 10, Height: 18, RowLength: 20
2023-07-09 17:51:19,004 - root - INFO - datalength: 140, _step: 2
2023-07-09 17:51:19,004 - root - INFO - BPP: 16, Transparency: False
2023-07-09 17:51:19,005 - root - INFO - Resource 44 offset: 472152, length: 200...
2023-07-09 17:51:19,005 - root - DEBUG - Reading resource 44...
2023-07-09 17:51:19,005 - root - INFO - The image is bme.
2023-07-09 17:51:19,005 - root - INFO - Reading image header(readHeader16E)...
2023-07-09 17:51:19,006 - root - INFO - Image header was read:
2023-07-09 17:51:19,006 - root - INFO - Width: 10, Height: 18, RowLength: 20
2023-07-09 17:51:19,006 - root - INFO - datalength: 184, _step: 2
2023-07-09 17:51:19,006 - root - INFO - BPP: 16, Transparency: False
2023-07-09 17:51:19,006 - root - INFO - Resource 45 offset: 472352, length: 220...
2023-07-09 17:51:19,007 - root - DEBUG - Reading resource 45...
2023-07-09 17:51:19,007 - root - INFO - The image is bme.
2023-07-09 17:51:19,007 - root - INFO - Reading image header(readHeader16E)...
2023-07-09 17:51:19,007 - root - INFO - Image header was read:
2023-07-09 17:51:19,007 - root - INFO - Width: 10, Height: 18, RowLength: 20
2023-07-09 17:51:19,007 - root - INFO - datalength: 204, _step: 2
2023-07-09 17:51:19,008 - root - INFO - BPP: 16, Transparency: False
2023-07-09 17:51:19,009 - root - INFO - Resource 46 offset: 472572, length: 232...
2023-07-09 17:51:19,009 - root - DEBUG - Reading resource 46...
2023-07-09 17:51:19,009 - root - INFO - The image is bme.
2023-07-09 17:51:19,009 - root - INFO - Reading image header(readHeader16E)...
2023-07-09 17:51:19,009 - root - INFO - Image header was read:
2023-07-09 17:51:19,009 - root - INFO - Width: 10, Height: 18, RowLength: 20
2023-07-09 17:51:19,009 - root - INFO - datalength: 216, _step: 2
2023-07-09 17:51:19,009 - root - INFO - BPP: 16, Transparency: False
2023-07-09 17:51:19,010 - root - INFO - Resource 47 offset: 472804, length: 180...
2023-07-09 17:51:19,010 - root - DEBUG - Reading resource 47...
2023-07-09 17:51:19,011 - root - INFO - The image is bme.
2023-07-09 17:51:19,011 - root - INFO - Reading image header(readHeader16E)...
2023-07-09 17:51:19,011 - root - INFO - Image header was read:
2023-07-09 17:51:19,011 - root - INFO - Width: 10, Height: 18, RowLength: 20
2023-07-09 17:51:19,011 - root - INFO - datalength: 164, _step: 2
2023-07-09 17:51:19,011 - root - INFO - BPP: 16, Transparency: False
2023-07-09 17:51:19,012 - root - INFO - Resource 48 offset: 472984, length: 228...
2023-07-09 17:51:19,012 - root - DEBUG - Reading resource 48...
2023-07-09 17:51:19,012 - root - INFO - The image is bme.
2023-07-09 17:51:19,012 - root - INFO - Reading image header(readHeader16E)...
2023-07-09 17:51:19,012 - root - INFO - Image header was read:
2023-07-09 17:51:19,012 - root - INFO - Width: 10, Height: 18, RowLength: 20
2023-07-09 17:51:19,012 - root - INFO - datalength: 212, _step: 2
2023-07-09 17:51:19,012 - root - INFO - BPP: 16, Transparency: False
2023-07-09 17:51:19,013 - root - INFO - Resource 49 offset: 473212, length: 184...
2023-07-09 17:51:19,013 - root - DEBUG - Reading resource 49...
2023-07-09 17:51:19,013 - root - INFO - The image is bme.
2023-07-09 17:51:19,013 - root - INFO - Reading image header(readHeader16E)...
2023-07-09 17:51:19,014 - root - INFO - Image header was read:
2023-07-09 17:51:19,014 - root - INFO - Width: 10, Height: 18, RowLength: 20
2023-07-09 17:51:19,014 - root - INFO - datalength: 168, _step: 2
2023-07-09 17:51:19,014 - root - INFO - BPP: 16, Transparency: False
2023-07-09 17:51:19,014 - root - INFO - Resource 50 offset: 473396, length: 260...
2023-07-09 17:51:19,015 - root - DEBUG - Reading resource 50...
2023-07-09 17:51:19,015 - root - INFO - The image is bme.
2023-07-09 17:51:19,015 - root - INFO - Reading image header(readHeader16E)...
2023-07-09 17:51:19,015 - root - INFO - Image header was read:
2023-07-09 17:51:19,015 - root - INFO - Width: 10, Height: 18, RowLength: 20
2023-07-09 17:51:19,015 - root - INFO - datalength: 244, _step: 2
2023-07-09 17:51:19,015 - root - INFO - BPP: 16, Transparency: False
2023-07-09 17:51:19,016 - root - INFO - Resource 51 offset: 473656, length: 228...
2023-07-09 17:51:19,016 - root - DEBUG - Reading resource 51...
2023-07-09 17:51:19,016 - root - INFO - The image is bme.
2023-07-09 17:51:19,016 - root - INFO - Reading image header(readHeader16E)...
2023-07-09 17:51:19,016 - root - INFO - Image header was read:
2023-07-09 17:51:19,016 - root - INFO - Width: 10, Height: 18, RowLength: 20
2023-07-09 17:51:19,017 - root - INFO - datalength: 212, _step: 2
2023-07-09 17:51:19,017 - root - INFO - BPP: 16, Transparency: False
2023-07-09 17:51:19,017 - root - INFO - Resource 52 offset: 473884, length: 72...
2023-07-09 17:51:19,017 - root - DEBUG - Reading resource 52...
2023-07-09 17:51:19,018 - root - INFO - The image is bme.
2023-07-09 17:51:19,018 - root - INFO - Reading image header(readHeader16E)...
2023-07-09 17:51:19,018 - root - INFO - Image header was read:
2023-07-09 17:51:19,018 - root - INFO - Width: 20, Height: 18, RowLength: 40
2023-07-09 17:51:19,018 - root - INFO - datalength: 56, _step: 2
2023-07-09 17:51:19,018 - root - INFO - BPP: 16, Transparency: False
2023-07-09 17:51:19,018 - root - INFO - Resource 53 offset: 473956, length: 6920...
2023-07-09 17:51:19,019 - root - DEBUG - Reading resource 53...
2023-07-09 17:51:19,019 - root - INFO - The image is bme.
2023-07-09 17:51:19,020 - root - INFO - Reading image header(readHeader16E)...
2023-07-09 17:51:19,020 - root - INFO - Image header was read:
2023-07-09 17:51:19,020 - root - INFO - Width: 66, Height: 66, RowLength: 132
2023-07-09 17:51:19,020 - root - INFO - datalength: 6904, _step: 2
2023-07-09 17:51:19,020 - root - INFO - BPP: 16, Transparency: False
2023-07-09 17:51:19,043 - root - INFO - Resource 54 offset: 480876, length: 6920...
2023-07-09 17:51:19,044 - root - DEBUG - Reading resource 54...
2023-07-09 17:51:19,044 - root - INFO - The image is bme.
2023-07-09 17:51:19,044 - root - INFO - Reading image header(readHeader16E)...
2023-07-09 17:51:19,044 - root - INFO - Image header was read:
2023-07-09 17:51:19,044 - root - INFO - Width: 66, Height: 66, RowLength: 132
2023-07-09 17:51:19,044 - root - INFO - datalength: 6904, _step: 2
2023-07-09 17:51:19,044 - root - INFO - BPP: 16, Transparency: False
2023-07-09 17:51:19,068 - root - INFO - Resource 55 offset: 487796, length: 6920...
2023-07-09 17:51:19,068 - root - DEBUG - Reading resource 55...
2023-07-09 17:51:19,068 - root - INFO - The image is bme.
2023-07-09 17:51:19,068 - root - INFO - Reading image header(readHeader16E)...
2023-07-09 17:51:19,068 - root - INFO - Image header was read:
2023-07-09 17:51:19,068 - root - INFO - Width: 66, Height: 66, RowLength: 132
2023-07-09 17:51:19,069 - root - INFO - datalength: 6904, _step: 2
2023-07-09 17:51:19,069 - root - INFO - BPP: 16, Transparency: False
2023-07-09 17:51:19,094 - root - INFO - Resource 56 offset: 494716, length: 6920...
2023-07-09 17:51:19,094 - root - DEBUG - Reading resource 56...
2023-07-09 17:51:19,094 - root - INFO - The image is bme.
2023-07-09 17:51:19,094 - root - INFO - Reading image header(readHeader16E)...
2023-07-09 17:51:19,094 - root - INFO - Image header was read:
2023-07-09 17:51:19,094 - root - INFO - Width: 66, Height: 66, RowLength: 132
2023-07-09 17:51:19,094 - root - INFO - datalength: 6904, _step: 2
2023-07-09 17:51:19,094 - root - INFO - BPP: 16, Transparency: False
2023-07-09 17:51:19,122 - root - INFO - Resource 57 offset: 501636, length: 6920...
2023-07-09 17:51:19,122 - root - DEBUG - Reading resource 57...
2023-07-09 17:51:19,123 - root - INFO - The image is bme.
2023-07-09 17:51:19,123 - root - INFO - Reading image header(readHeader16E)...
2023-07-09 17:51:19,123 - root - INFO - Image header was read:
2023-07-09 17:51:19,123 - root - INFO - Width: 66, Height: 66, RowLength: 132
2023-07-09 17:51:19,123 - root - INFO - datalength: 6904, _step: 2
2023-07-09 17:51:19,123 - root - INFO - BPP: 16, Transparency: False
2023-07-09 17:51:19,160 - root - INFO - Resource 58 offset: 508556, length: 6920...
2023-07-09 17:51:19,161 - root - DEBUG - Reading resource 58...
2023-07-09 17:51:19,161 - root - INFO - The image is bme.
2023-07-09 17:51:19,161 - root - INFO - Reading image header(readHeader16E)...
2023-07-09 17:51:19,162 - root - INFO - Image header was read:
2023-07-09 17:51:19,162 - root - INFO - Width: 66, Height: 66, RowLength: 132
2023-07-09 17:51:19,162 - root - INFO - datalength: 6904, _step: 2
2023-07-09 17:51:19,162 - root - INFO - BPP: 16, Transparency: False
2023-07-09 17:51:19,196 - root - INFO - Resource 59 offset: 515476, length: 10016...
2023-07-09 17:51:19,197 - root - DEBUG - Reading resource 59...
2023-07-09 17:51:19,197 - root - INFO - The image is bme.
2023-07-09 17:51:19,197 - root - INFO - Reading image header(readHeader16E)...
2023-07-09 17:51:19,197 - root - INFO - Image header was read:
2023-07-09 17:51:19,197 - root - INFO - Width: 282, Height: 260, RowLength: 564
2023-07-09 17:51:19,197 - root - INFO - datalength: 10000, _step: 2
2023-07-09 17:51:19,197 - root - INFO - BPP: 16, Transparency: False
2023-07-09 17:51:19,233 - root - INFO - Resource 60 offset: 525492, length: 24500...
2023-07-09 17:51:19,234 - root - DEBUG - Reading resource 60...
2023-07-09 17:51:19,234 - root - INFO - The image is bme.
2023-07-09 17:51:19,234 - root - INFO - Reading image header(readHeader16E)...
2023-07-09 17:51:19,234 - root - INFO - Image header was read:
2023-07-09 17:51:19,234 - root - INFO - Width: 282, Height: 260, RowLength: 564
2023-07-09 17:51:19,234 - root - INFO - datalength: 24484, _step: 2
2023-07-09 17:51:19,234 - root - INFO - BPP: 16, Transparency: False
2023-07-09 17:51:19,324 - root - INFO - Resource 61 offset: 549992, length: 10016...
2023-07-09 17:51:19,324 - root - DEBUG - Reading resource 61...
2023-07-09 17:51:19,324 - root - INFO - The image is bme.
2023-07-09 17:51:19,325 - root - INFO - Reading image header(readHeader16E)...
2023-07-09 17:51:19,325 - root - INFO - Image header was read:
2023-07-09 17:51:19,325 - root - INFO - Width: 282, Height: 260, RowLength: 564
2023-07-09 17:51:19,325 - root - INFO - datalength: 10000, _step: 2
2023-07-09 17:51:19,325 - root - INFO - BPP: 16, Transparency: False
2023-07-09 17:51:19,361 - root - INFO - Resource 62 offset: 560008, length: 24500...
2023-07-09 17:51:19,361 - root - DEBUG - Reading resource 62...
2023-07-09 17:51:19,361 - root - INFO - The image is bme.
2023-07-09 17:51:19,362 - root - INFO - Reading image header(readHeader16E)...
2023-07-09 17:51:19,362 - root - INFO - Image header was read:
2023-07-09 17:51:19,362 - root - INFO - Width: 282, Height: 260, RowLength: 564
2023-07-09 17:51:19,362 - root - INFO - datalength: 24484, _step: 2
2023-07-09 17:51:19,362 - root - INFO - BPP: 16, Transparency: False
2023-07-09 17:51:19,453 - root - INFO - Resource 63 offset: 584508, length: 40462...
2023-07-09 17:51:19,454 - root - DEBUG - Reading resource 63...
2023-07-09 17:51:19,454 - root - INFO - The image is bme.
2023-07-09 17:51:19,454 - root - INFO - Reading image header(readHeader16E)...
2023-07-09 17:51:19,454 - root - INFO - Image header was read:
2023-07-09 17:51:19,454 - root - INFO - Width: 282, Height: 260, RowLength: 564
2023-07-09 17:51:19,454 - root - INFO - datalength: 40446, _step: 2
2023-07-09 17:51:19,454 - root - INFO - BPP: 16, Transparency: False
2023-07-09 17:51:19,639 - root - INFO - Resource 64 offset: 624970, length: 29034...
2023-07-09 17:51:19,639 - root - DEBUG - Reading resource 64...
2023-07-09 17:51:19,639 - root - INFO - The image is bme.
2023-07-09 17:51:19,639 - root - INFO - Reading image header(readHeader16E)...
2023-07-09 17:51:19,639 - root - INFO - Image header was read:
2023-07-09 17:51:19,640 - root - INFO - Width: 282, Height: 260, RowLength: 564
2023-07-09 17:51:19,640 - root - INFO - datalength: 29018, _step: 2
2023-07-09 17:51:19,640 - root - INFO - BPP: 16, Transparency: False
2023-07-09 17:51:19,784 - root - INFO - Resource 65 offset: 654004, length: 24500...
2023-07-09 17:51:19,784 - root - DEBUG - Reading resource 65...
2023-07-09 17:51:19,784 - root - INFO - The image is bme.
2023-07-09 17:51:19,784 - root - INFO - Reading image header(readHeader16E)...
2023-07-09 17:51:19,784 - root - INFO - Image header was read:
2023-07-09 17:51:19,784 - root - INFO - Width: 282, Height: 260, RowLength: 564
2023-07-09 17:51:19,785 - root - INFO - datalength: 24484, _step: 2
2023-07-09 17:51:19,785 - root - INFO - BPP: 16, Transparency: False
2023-07-09 17:51:19,881 - root - INFO - Resource 66 offset: 678504, length: 10016...
2023-07-09 17:51:19,881 - root - DEBUG - Reading resource 66...
2023-07-09 17:51:19,881 - root - INFO - The image is bme.
2023-07-09 17:51:19,881 - root - INFO - Reading image header(readHeader16E)...
2023-07-09 17:51:19,881 - root - INFO - Image header was read:
2023-07-09 17:51:19,881 - root - INFO - Width: 282, Height: 260, RowLength: 564
2023-07-09 17:51:19,881 - root - INFO - datalength: 10000, _step: 2
2023-07-09 17:51:19,882 - root - INFO - BPP: 16, Transparency: False
2023-07-09 17:51:19,918 - root - INFO - Resource 67 offset: 688520, length: 6920...
2023-07-09 17:51:19,918 - root - DEBUG - Reading resource 67...
2023-07-09 17:51:19,918 - root - INFO - The image is bme.
2023-07-09 17:51:19,919 - root - INFO - Reading image header(readHeader16E)...
2023-07-09 17:51:19,919 - root - INFO - Image header was read:
2023-07-09 17:51:19,919 - root - INFO - Width: 66, Height: 66, RowLength: 132
2023-07-09 17:51:19,919 - root - INFO - datalength: 6904, _step: 2
2023-07-09 17:51:19,919 - root - INFO - BPP: 16, Transparency: False
2023-07-09 17:51:19,945 - root - INFO - Resource 68 offset: 695440, length: 420...
2023-07-09 17:51:19,945 - root - DEBUG - Reading resource 68...
2023-07-09 17:51:19,945 - root - INFO - The image is bme.
2023-07-09 17:51:19,945 - root - INFO - Reading image header(readHeader16E)...
2023-07-09 17:51:19,945 - root - INFO - Image header was read:
2023-07-09 17:51:19,945 - root - INFO - Width: 20, Height: 48, RowLength: 40
2023-07-09 17:51:19,945 - root - INFO - datalength: 404, _step: 2
2023-07-09 17:51:19,946 - root - INFO - BPP: 16, Transparency: False
2023-07-09 17:51:19,947 - root - DEBUG - Parsing parameters...
2023-07-09 17:51:20,071 - root - DEBUG - 0 Value: None
2023-07-09 17:51:20,071 - root - DEBUG - 0.1 Value: 73
2023-07-09 17:51:20,071 - root - DEBUG - 2 Value: None
2023-07-09 17:51:20,071 - root - DEBUG - 2.1 Value: None
2023-07-09 17:51:20,071 - root - DEBUG - 2.1.1 Value: 0
2023-07-09 17:51:20,071 - root - DEBUG - 2.1.2 Value: 0
2023-07-09 17:51:20,072 - root - DEBUG - 2.1.3 Value: 2
2023-07-09 17:51:20,073 - root - DEBUG - 2.3 Value: None
2023-07-09 17:51:20,073 - root - DEBUG - 2.3.1 Value: 0
2023-07-09 17:51:20,073 - root - DEBUG - 2.3.2 Value: 0
2023-07-09 17:51:20,073 - root - DEBUG - 2.3.3 Value: 1
2023-07-09 17:51:20,073 - root - DEBUG - 2.4 Value: None
2023-07-09 17:51:20,073 - root - DEBUG - 2.4.1 Value: 0
2023-07-09 17:51:20,073 - root - DEBUG - 2.4.2 Value: 0
2023-07-09 17:51:20,074 - root - DEBUG - 2.4.3 Value: 0
2023-07-09 17:51:20,074 - root - DEBUG - 2.5 Value: None
2023-07-09 17:51:20,074 - root - DEBUG - 2.5.1 Value: 0
2023-07-09 17:51:20,074 - root - DEBUG - 2.5.2 Value: 0
2023-07-09 17:51:20,074 - root - DEBUG - 2.5.3 Value: 0
2023-07-09 17:51:20,074 - root - DEBUG - 3 Value: None
2023-07-09 17:51:20,074 - root - DEBUG - 3.1 Value: None
2023-07-09 17:51:20,075 - root - DEBUG - 3.1.1 Value: None
2023-07-09 17:51:20,075 - root - DEBUG - 3.1.1.1 Value: None
2023-07-09 17:51:20,075 - root - DEBUG - 3.1.1.1.1 Value: 34
2023-07-09 17:51:20,076 - root - DEBUG - 3.1.1.1.2 Value: 100
2023-07-09 17:51:20,076 - root - DEBUG - 3.1.1.1.3 Value: 3
2023-07-09 17:51:20,076 - root - DEBUG - 3.1.1.1.4 Value: 10
2023-07-09 17:51:20,076 - root - DEBUG - 3.1.1.2 Value: None
2023-07-09 17:51:20,076 - root - DEBUG - 3.1.1.2.1 Value: 67
2023-07-09 17:51:20,076 - root - DEBUG - 3.1.1.2.2 Value: 100
2023-07-09 17:51:20,076 - root - DEBUG - 3.1.1.2.3 Value: 3
2023-07-09 17:51:20,076 - root - DEBUG - 3.1.1.2.4 Value: 10
2023-07-09 17:51:20,077 - root - DEBUG - 3.1.2 Value: None
2023-07-09 17:51:20,077 - root - DEBUG - 3.1.2.1 Value: None
2023-07-09 17:51:20,077 - root - DEBUG - 3.1.2.1.1 Value: 121
2023-07-09 17:51:20,077 - root - DEBUG - 3.1.2.1.2 Value: 100
2023-07-09 17:51:20,077 - root - DEBUG - 3.1.2.1.3 Value: 3
2023-07-09 17:51:20,077 - root - DEBUG - 3.1.2.1.4 Value: 10
2023-07-09 17:51:20,077 - root - DEBUG - 3.1.2.2 Value: None
2023-07-09 17:51:20,077 - root - DEBUG - 3.1.2.2.1 Value: 154
2023-07-09 17:51:20,078 - root - DEBUG - 3.1.2.2.2 Value: 100
2023-07-09 17:51:20,078 - root - DEBUG - 3.1.2.2.3 Value: 3
2023-07-09 17:51:20,078 - root - DEBUG - 3.1.2.2.4 Value: 10
2023-07-09 17:51:20,078 - root - DEBUG - 3.1.3 Value: None
2023-07-09 17:51:20,078 - root - DEBUG - 3.1.3.1 Value: None
2023-07-09 17:51:20,078 - root - DEBUG - 3.1.3.1.1 Value: 208
2023-07-09 17:51:20,078 - root - DEBUG - 3.1.3.1.2 Value: 100
2023-07-09 17:51:20,078 - root - DEBUG - 3.1.3.1.3 Value: 3
2023-07-09 17:51:20,079 - root - DEBUG - 3.1.3.1.4 Value: 10
2023-07-09 17:51:20,079 - root - DEBUG - 3.1.3.2 Value: None
2023-07-09 17:51:20,079 - root - DEBUG - 3.1.3.2.1 Value: 241
2023-07-09 17:51:20,079 - root - DEBUG - 3.1.3.2.2 Value: 100
2023-07-09 17:51:20,079 - root - DEBUG - 3.1.3.2.3 Value: 3
2023-07-09 17:51:20,079 - root - DEBUG - 3.1.3.2.4 Value: 10
2023-07-09 17:51:20,079 - root - DEBUG - 3.1.7 Value: 0
2023-07-09 17:51:20,079 - root - DEBUG - 3.1.8 Value: 1
2023-07-09 17:51:20,080 - root - DEBUG - 4 Value: None
2023-07-09 17:51:20,080 - root - DEBUG - 4.4 Value: None
2023-07-09 17:51:20,080 - root - DEBUG - 4.4.1 Value: None
2023-07-09 17:51:20,080 - root - DEBUG - 4.4.1.1 Value: 192
2023-07-09 17:51:20,080 - root - DEBUG - 4.4.1.2 Value: 321
2023-07-09 17:51:20,080 - root - DEBUG - 4.4.1.3 Value: 222
2023-07-09 17:51:20,080 - root - DEBUG - 4.4.1.4 Value: 339
2023-07-09 17:51:20,080 - root - DEBUG - 4.4.1.5 Value: 20
2023-07-09 17:51:20,081 - root - DEBUG - 4.4.1.6 Value: 0
2023-07-09 17:51:20,081 - root - DEBUG - 4.4.1.7 Value: 0
2023-07-09 17:51:20,081 - root - DEBUG - 4.4.1.8 Value: 42
2023-07-09 17:51:20,081 - root - DEBUG - 4.4.1.9 Value: 10
2023-07-09 17:51:20,081 - root - DEBUG - 4.4.3 Value: 52
2023-07-09 17:51:20,081 - root - DEBUG - 4.4.5 Value: None
2023-07-09 17:51:20,081 - root - DEBUG - 4.4.5.1 Value: 123
2023-07-09 17:51:20,082 - root - DEBUG - 4.4.5.2 Value: 279
2023-07-09 17:51:20,082 - root - DEBUG - 4.4.5.3 Value: 53
2023-07-09 17:51:20,082 - root - DEBUG - 4.7 Value: 0
2023-07-09 17:51:20,082 - root - DEBUG - 5 Value: None
2023-07-09 17:51:20,082 - root - DEBUG - 5.1 Value: None
2023-07-09 17:51:20,082 - root - DEBUG - 5.1.2 Value: None
2023-07-09 17:51:20,082 - root - DEBUG - 5.1.2.1 Value: None
2023-07-09 17:51:20,082 - root - DEBUG - 5.1.2.1.1 Value: 90
2023-07-09 17:51:20,083 - root - DEBUG - 5.1.2.1.2 Value: 42
2023-07-09 17:51:20,083 - root - DEBUG - 5.1.2.1.3 Value: 156
2023-07-09 17:51:20,083 - root - DEBUG - 5.1.2.1.4 Value: 60
2023-07-09 17:51:20,083 - root - DEBUG - 5.1.2.1.5 Value: 18
2023-07-09 17:51:20,083 - root - DEBUG - 5.1.2.1.6 Value: 1
2023-07-09 17:51:20,083 - root - DEBUG - 5.1.2.1.7 Value: 0
2023-07-09 17:51:20,083 - root - DEBUG - 5.1.2.1.8 Value: 13
2023-07-09 17:51:20,083 - root - DEBUG - 5.1.2.1.9 Value: 10
2023-07-09 17:51:20,084 - root - DEBUG - 5.1.2.2 Value: 23
2023-07-09 17:51:20,084 - root - DEBUG - 5.1.4 Value: 1
2023-07-09 17:51:20,084 - root - DEBUG - 5.1.5 Value: 1
2023-07-09 17:51:20,084 - root - DEBUG - 5.1.6 Value: 0
2023-07-09 17:51:20,084 - root - DEBUG - 5.2 Value: None
2023-07-09 17:51:20,084 - root - DEBUG - 5.2.1 Value: 207
2023-07-09 17:51:20,084 - root - DEBUG - 5.2.2 Value: 162
2023-07-09 17:51:20,085 - root - DEBUG - 5.2.3 Value: 38
2023-07-09 17:51:20,085 - root - DEBUG - 5.2.4 Value: 39
2023-07-09 17:51:20,085 - root - DEBUG - 5.2.5 Value: 40
2023-07-09 17:51:20,085 - root - DEBUG - 5.2.6 Value: 41
2023-07-09 17:51:20,085 - root - DEBUG - 5.4 Value: None
2023-07-09 17:51:20,085 - root - DEBUG - 5.4.1 Value: 160
2023-07-09 17:51:20,085 - root - DEBUG - 5.4.2 Value: 42
2023-07-09 17:51:20,085 - root - DEBUG - 5.4.3 Value: 24
2023-07-09 17:51:20,086 - root - DEBUG - 5.4.4 Value: 7
2023-07-09 17:51:20,086 - root - DEBUG - 5.5 Value: None
2023-07-09 17:51:20,086 - root - DEBUG - 5.5.1 Value: 160
2023-07-09 17:51:20,086 - root - DEBUG - 5.5.2 Value: 42
2023-07-09 17:51:20,086 - root - DEBUG - 5.5.3 Value: 24
2023-07-09 17:51:20,086 - root - DEBUG - 5.5.4 Value: 7
2023-07-09 17:51:20,086 - root - DEBUG - 5.6 Value: None
2023-07-09 17:51:20,086 - root - DEBUG - 5.6.1 Value: 160
2023-07-09 17:51:20,087 - root - DEBUG - 5.6.2 Value: 42
2023-07-09 17:51:20,087 - root - DEBUG - 5.6.3 Value: 31
2023-07-09 17:51:20,087 - root - DEBUG - 5.6.4 Value: 7
2023-07-09 17:51:20,087 - root - DEBUG - 11 Value: None
2023-07-09 17:51:20,087 - root - DEBUG - 11.1 Value: None
2023-07-09 17:51:20,087 - root - DEBUG - 11.1.1 Value: None
2023-07-09 17:51:20,087 - root - DEBUG - 11.1.1.1 Value: 0
2023-07-09 17:51:20,087 - root - DEBUG - 11.1.1.2 Value: 0
2023-07-09 17:51:20,088 - root - DEBUG - 11.1.1.3 Value: 59
2023-07-09 17:51:20,088 - root - DEBUG - 11.1.1.4 Value: 8
2023-07-09 17:51:20,088 - root - DEBUG - 11.1.2 Value: 10
2023-07-09 17:51:20,088 - root - DEBUG - 11.1.3 Value: 1
2023-07-09 17:51:20,088 - root - DEBUG - 11.1.4 Value: 0
2023-07-09 17:51:20,088 - root - DEBUG - 12 Value: None
2023-07-09 17:51:20,088 - root - DEBUG - 12.2 Value: None
2023-07-09 17:51:20,088 - root - DEBUG - 12.2.1 Value: 123
2023-07-09 17:51:20,089 - root - DEBUG - 12.2.2 Value: 279
2023-07-09 17:51:20,089 - root - DEBUG - 12.2.3 Value: 53
2023-07-09 17:51:20,089 - root - DEBUG - 12.2.4 Value: 6
2023-07-09 17:51:20,089 - root - DEBUG - 12.7 Value: None
2023-07-09 17:51:20,089 - root - DEBUG - 12.7.1 Value: 123
2023-07-09 17:51:20,089 - root - DEBUG - 12.7.2 Value: 279
2023-07-09 17:51:20,089 - root - DEBUG - 12.7.3 Value: 67
2023-07-09 17:51:20,089 - root - DEBUG - 29 Value: None
2023-07-09 17:51:20,090 - root - DEBUG - 29.1 Value: None
2023-07-09 17:51:20,090 - root - DEBUG - 29.1.1 Value: None
2023-07-09 17:51:20,090 - root - DEBUG - 29.1.1.1 Value: None
2023-07-09 17:51:20,090 - root - DEBUG - 29.1.1.1.1 Value: None
2023-07-09 17:51:20,090 - root - DEBUG - 29.1.1.1.1.1 Value: 77
2023-07-09 17:51:20,090 - root - DEBUG - 29.1.1.1.1.2 Value: 94
2023-07-09 17:51:20,090 - root - DEBUG - 29.1.1.1.1.3 Value: 3
2023-07-09 17:51:20,090 - root - DEBUG - 29.1.1.1.1.4 Value: 10
2023-07-09 17:51:20,091 - root - DEBUG - 29.1.1.1.2 Value: None
2023-07-09 17:51:20,091 - root - DEBUG - 29.1.1.1.2.1 Value: 110
2023-07-09 17:51:20,091 - root - DEBUG - 29.1.1.1.2.2 Value: 94
2023-07-09 17:51:20,092 - root - DEBUG - 29.1.1.1.2.3 Value: 3
2023-07-09 17:51:20,092 - root - DEBUG - 29.1.1.1.2.4 Value: 10
2023-07-09 17:51:20,092 - root - DEBUG - 29.1.1.2 Value: None
2023-07-09 17:51:20,093 - root - DEBUG - 29.1.1.2.1 Value: None
2023-07-09 17:51:20,093 - root - DEBUG - 29.1.1.2.1.1 Value: 164
2023-07-09 17:51:20,093 - root - DEBUG - 29.1.1.2.1.2 Value: 94
2023-07-09 17:51:20,093 - root - DEBUG - 29.1.1.2.1.3 Value: 3
2023-07-09 17:51:20,093 - root - DEBUG - 29.1.1.2.1.4 Value: 10
2023-07-09 17:51:20,093 - root - DEBUG - 29.1.1.2.2 Value: None
2023-07-09 17:51:20,093 - root - DEBUG - 29.1.1.2.2.1 Value: 197
2023-07-09 17:51:20,093 - root - DEBUG - 29.1.1.2.2.2 Value: 94
2023-07-09 17:51:20,094 - root - DEBUG - 29.1.1.2.2.3 Value: 3
2023-07-09 17:51:20,094 - root - DEBUG - 29.1.1.2.2.4 Value: 10
2023-07-09 17:51:20,094 - root - DEBUG - 29.1.1.3 Value: None
2023-07-09 17:51:20,094 - root - DEBUG - 29.1.1.3.1 Value: 143
2023-07-09 17:51:20,094 - root - DEBUG - 29.1.1.3.2 Value: 94
2023-07-09 17:51:20,094 - root - DEBUG - 29.1.1.3.3 Value: 68
2023-07-09 17:51:20,094 - root - DEBUG - 29.1.1.4 Value: 1
2023-07-09 17:51:20,095 - root - DEBUG - 29.2 Value: None
2023-07-09 17:51:20,095 - root - DEBUG - 29.2.1 Value: None
2023-07-09 17:51:20,095 - root - DEBUG - 29.2.1.1 Value: 93
2023-07-09 17:51:20,095 - root - DEBUG - 29.2.1.2 Value: 56
2023-07-09 17:51:20,095 - root - DEBUG - 29.2.1.3 Value: 159
2023-07-09 17:51:20,095 - root - DEBUG - 29.2.1.4 Value: 74
2023-07-09 17:51:20,095 - root - DEBUG - 29.2.1.5 Value: 18
2023-07-09 17:51:20,095 - root - DEBUG - 29.2.1.6 Value: 1
2023-07-09 17:51:20,096 - root - DEBUG - 29.2.1.7 Value: 0
2023-07-09 17:51:20,096 - root - DEBUG - 29.2.1.8 Value: 13
2023-07-09 17:51:20,096 - root - DEBUG - 29.2.1.9 Value: 10
2023-07-09 17:51:20,096 - root - DEBUG - 29.2.2 Value: 23
2023-07-09 17:51:20,096 - root - DEBUG - 29.3 Value: None
2023-07-09 17:51:20,096 - root - DEBUG - 29.3.1 Value: None
2023-07-09 17:51:20,096 - root - DEBUG - 29.3.1.1 Value: 163
2023-07-09 17:51:20,096 - root - DEBUG - 29.3.1.2 Value: 56
2023-07-09 17:51:20,097 - root - DEBUG - 29.3.1.3 Value: 24
2023-07-09 17:51:20,097 - root - DEBUG - 29.3.1.4 Value: 7
2023-07-09 17:51:20,097 - root - DEBUG - 29.3.2 Value: None
2023-07-09 17:51:20,097 - root - DEBUG - 29.3.2.1 Value: 163
2023-07-09 17:51:20,097 - root - DEBUG - 29.3.2.2 Value: 56
2023-07-09 17:51:20,097 - root - DEBUG - 29.3.2.3 Value: 24
2023-07-09 17:51:20,097 - root - DEBUG - 29.3.2.4 Value: 7
2023-07-09 17:51:20,097 - root - DEBUG - 29.3.3 Value: None
2023-07-09 17:51:20,098 - root - DEBUG - 29.3.3.1 Value: 163
2023-07-09 17:51:20,098 - root - DEBUG - 29.3.3.2 Value: 56
2023-07-09 17:51:20,098 - root - DEBUG - 29.3.3.3 Value: 31
2023-07-09 17:51:20,098 - root - DEBUG - 29.3.3.4 Value: 7
2023-07-09 17:51:20,098 - root - DEBUG - 0-Info
2023-07-09 17:51:20,098 - root - DEBUG - 0.1-DeviceId
2023-07-09 17:51:20,098 - root - DEBUG - 2-Background
2023-07-09 17:51:20,099 - root - DEBUG - 2.1-Image
2023-07-09 17:51:20,100 - root - DEBUG - 2.1.1-X
2023-07-09 17:51:20,100 - root - DEBUG - 2.1.2-Y
2023-07-09 17:51:20,100 - root - DEBUG - 2.1.3-ImageIndex
2023-07-09 17:51:20,100 - root - DEBUG - 2.3-Preview
2023-07-09 17:51:20,101 - root - DEBUG - 2.3.1-X
2023-07-09 17:51:20,101 - root - DEBUG - 2.3.2-Y
2023-07-09 17:51:20,101 - root - DEBUG - 2.3.3-ImageIndex
2023-07-09 17:51:20,101 - root - DEBUG - 2.4-PreviewTradChinese
2023-07-09 17:51:20,101 - root - DEBUG - 2.4.1-X
2023-07-09 17:51:20,102 - root - DEBUG - 2.4.2-Y
2023-07-09 17:51:20,102 - root - DEBUG - 2.4.3-ImageIndex
2023-07-09 17:51:20,102 - root - DEBUG - 2.5-PreviewChinese
2023-07-09 17:51:20,102 - root - DEBUG - 2.5.1-X
2023-07-09 17:51:20,102 - root - DEBUG - 2.5.2-Y
2023-07-09 17:51:20,103 - root - DEBUG - 2.5.3-ImageIndex
2023-07-09 17:51:20,103 - root - DEBUG - 3-TimeExtended
2023-07-09 17:51:20,103 - root - DEBUG - 3.1-TimeSeparateDigits
2023-07-09 17:51:20,103 - root - DEBUG - 3.1.1-Hours
2023-07-09 17:51:20,103 - root - DEBUG - 3.1.1.1-Tens
2023-07-09 17:51:20,103 - root - DEBUG - 3.1.1.1.1-X
2023-07-09 17:51:20,104 - root - DEBUG - 3.1.1.1.2-Y
2023-07-09 17:51:20,104 - root - DEBUG - 3.1.1.1.3-ImageIndex
2023-07-09 17:51:20,104 - root - DEBUG - 3.1.1.1.4-ImagesCount
2023-07-09 17:51:20,104 - root - DEBUG - 3.1.1.2-Ones
2023-07-09 17:51:20,104 - root - DEBUG - 3.1.1.2.1-X
2023-07-09 17:51:20,104 - root - DEBUG - 3.1.1.2.2-Y
2023-07-09 17:51:20,105 - root - DEBUG - 3.1.1.2.3-ImageIndex
2023-07-09 17:51:20,105 - root - DEBUG - 3.1.1.2.4-ImagesCount
2023-07-09 17:51:20,105 - root - DEBUG - 3.1.2-Minutes
2023-07-09 17:51:20,105 - root - DEBUG - 3.1.2.1-Tens
2023-07-09 17:51:20,105 - root - DEBUG - 3.1.2.1.1-X
2023-07-09 17:51:20,105 - root - DEBUG - 3.1.2.1.2-Y
2023-07-09 17:51:20,106 - root - DEBUG - 3.1.2.1.3-ImageIndex
2023-07-09 17:51:20,106 - root - DEBUG - 3.1.2.1.4-ImagesCount
2023-07-09 17:51:20,106 - root - DEBUG - 3.1.2.2-Ones
2023-07-09 17:51:20,106 - root - DEBUG - 3.1.2.2.1-X
2023-07-09 17:51:20,106 - root - DEBUG - 3.1.2.2.2-Y
2023-07-09 17:51:20,106 - root - DEBUG - 3.1.2.2.3-ImageIndex
2023-07-09 17:51:20,107 - root - DEBUG - 3.1.2.2.4-ImagesCount
2023-07-09 17:51:20,107 - root - DEBUG - 3.1.3-Seconds
2023-07-09 17:51:20,107 - root - DEBUG - 3.1.3.1-Tens
2023-07-09 17:51:20,109 - root - DEBUG - 3.1.3.1.1-X
2023-07-09 17:51:20,109 - root - DEBUG - 3.1.3.1.2-Y
2023-07-09 17:51:20,110 - root - DEBUG - 3.1.3.1.3-ImageIndex
2023-07-09 17:51:20,110 - root - DEBUG - 3.1.3.1.4-ImagesCount
2023-07-09 17:51:20,110 - root - DEBUG - 3.1.3.2-Ones
2023-07-09 17:51:20,110 - root - DEBUG - 3.1.3.2.1-X
2023-07-09 17:51:20,110 - root - DEBUG - 3.1.3.2.2-Y
2023-07-09 17:51:20,110 - root - DEBUG - 3.1.3.2.3-ImageIndex
2023-07-09 17:51:20,111 - root - DEBUG - 3.1.3.2.4-ImagesCount
2023-07-09 17:51:20,111 - root - DEBUG - 3.1.7-UnknowBoolean7
2023-07-09 17:51:20,111 - root - DEBUG - 3.1.8-PaddingZeroMinutes
2023-07-09 17:51:20,111 - root - DEBUG - 4-Activity
2023-07-09 17:51:20,112 - root - DEBUG - 4.4-HeartRate
2023-07-09 17:51:20,112 - root - DEBUG - 4.4.1-ImageNumber
2023-07-09 17:51:20,112 - root - DEBUG - 4.4.1.1-TopLeftX
2023-07-09 17:51:20,112 - root - DEBUG - 4.4.1.2-TopLeftY
2023-07-09 17:51:20,112 - root - DEBUG - 4.4.1.3-BottomRightX
2023-07-09 17:51:20,112 - root - DEBUG - 4.4.1.4-BottomRightY
2023-07-09 17:51:20,113 - root - DEBUG - 4.4.1.5-Alignment
2023-07-09 17:51:20,113 - root - DEBUG - 4.4.1.6-Spacing
2023-07-09 17:51:20,113 - root - DEBUG - 4.4.1.7-VerticalOffset
2023-07-09 17:51:20,113 - root - DEBUG - 4.4.1.8-ImageIndex
2023-07-09 17:51:20,113 - root - DEBUG - 4.4.1.9-ImagesCount
2023-07-09 17:51:20,114 - root - DEBUG - 4.4.3-NoDataImageIndex
2023-07-09 17:51:20,115 - root - DEBUG - 4.4.5-Icon
2023-07-09 17:51:20,115 - root - DEBUG - 4.4.5.1-X
2023-07-09 17:51:20,115 - root - DEBUG - 4.4.5.2-Y
2023-07-09 17:51:20,115 - root - DEBUG - 4.4.5.3-ImageIndex
2023-07-09 17:51:20,115 - root - DEBUG - 4.7-UnknownLongValue7
2023-07-09 17:51:20,116 - root - DEBUG - 5-DateBlock
2023-07-09 17:51:20,116 - root - DEBUG - 5.1-Date
2023-07-09 17:51:20,116 - root - DEBUG - 5.1.2-OneLineMonthAndDay
2023-07-09 17:51:20,116 - root - DEBUG - 5.1.2.1-Number
2023-07-09 17:51:20,116 - root - DEBUG - 5.1.2.1.1-TopLeftX
2023-07-09 17:51:20,117 - root - DEBUG - 5.1.2.1.2-TopLeftY
2023-07-09 17:51:20,117 - root - DEBUG - 5.1.2.1.3-BottomRightX
2023-07-09 17:51:20,117 - root - DEBUG - 5.1.2.1.4-BottomRightY
2023-07-09 17:51:20,117 - root - DEBUG - 5.1.2.1.5-Alignment
2023-07-09 17:51:20,117 - root - DEBUG - 5.1.2.1.6-Spacing
2023-07-09 17:51:20,118 - root - DEBUG - 5.1.2.1.7-VerticalOffset
2023-07-09 17:51:20,118 - root - DEBUG - 5.1.2.1.8-ImageIndex
2023-07-09 17:51:20,118 - root - DEBUG - 5.1.2.1.9-ImagesCount
2023-07-09 17:51:20,118 - root - DEBUG - 5.1.2.2-DelimiterImageIndex
2023-07-09 17:51:20,118 - root - DEBUG - 5.1.4-PaddingZeroMonth
2023-07-09 17:51:20,119 - root - DEBUG - 5.1.5-PaddingZeroDay
2023-07-09 17:51:20,119 - root - DEBUG - 5.1.6-UnknownBoolean6
2023-07-09 17:51:20,119 - root - DEBUG - 5.2-AmPm
2023-07-09 17:51:20,119 - root - DEBUG - 5.2.1-CommonX
2023-07-09 17:51:20,119 - root - DEBUG - 5.2.2-CommonY
2023-07-09 17:51:20,120 - root - DEBUG - 5.2.3-ImageIndexAMCN
2023-07-09 17:51:20,120 - root - DEBUG - 5.2.4-ImageIndexPMCN
2023-07-09 17:51:20,120 - root - DEBUG - 5.2.5-AmImageIndexEN
2023-07-09 17:51:20,120 - root - DEBUG - 5.2.6-PmImageIndexEN
2023-07-09 17:51:20,121 - root - DEBUG - 5.4-Weekday
2023-07-09 17:51:20,121 - root - DEBUG - 5.4.1-X
2023-07-09 17:51:20,121 - root - DEBUG - 5.4.2-Y
2023-07-09 17:51:20,121 - root - DEBUG - 5.4.3-ImageIndex
2023-07-09 17:51:20,121 - root - DEBUG - 5.4.4-ImagesCount
2023-07-09 17:51:20,121 - root - DEBUG - 5.5-WeekdayChinese
2023-07-09 17:51:20,122 - root - DEBUG - 5.5.1-X
2023-07-09 17:51:20,122 - root - DEBUG - 5.5.2-Y
2023-07-09 17:51:20,122 - root - DEBUG - 5.5.3-ImageIndex
2023-07-09 17:51:20,122 - root - DEBUG - 5.5.4-ImagesCount
2023-07-09 17:51:20,122 - root - DEBUG - 5.6-WeekdayTradChinese
2023-07-09 17:51:20,122 - root - DEBUG - 5.6.1-X
2023-07-09 17:51:20,123 - root - DEBUG - 5.6.2-Y
2023-07-09 17:51:20,123 - root - DEBUG - 5.6.3-ImageIndex
2023-07-09 17:51:20,123 - root - DEBUG - 5.6.4-ImagesCount
2023-07-09 17:51:20,123 - root - DEBUG - 11-Animation
2023-07-09 17:51:20,123 - root - DEBUG - 11.1-ImageSetAnimation
2023-07-09 17:51:20,123 - root - DEBUG - 11.1.1-ImageProgress
2023-07-09 17:51:20,124 - root - DEBUG - 11.1.1.1-X
2023-07-09 17:51:20,127 - root - DEBUG - 11.1.1.2-Y
2023-07-09 17:51:20,127 - root - DEBUG - 11.1.1.3-ImageIndex
2023-07-09 17:51:20,127 - root - DEBUG - 11.1.1.4-ImagesCount
2023-07-09 17:51:20,127 - root - DEBUG - 11.1.2-FrameInterval
2023-07-09 17:51:20,128 - root - DEBUG - 11.1.3-PlayTimes
2023-07-09 17:51:20,128 - root - DEBUG - 11.1.4-Repeat
2023-07-09 17:51:20,128 - root - DEBUG - 12-HeartProgress
2023-07-09 17:51:20,128 - root - DEBUG - 12.2-ImageProgress
2023-07-09 17:51:20,129 - root - DEBUG - 12.2.1-X
2023-07-09 17:51:20,129 - root - DEBUG - 12.2.2-Y
2023-07-09 17:51:20,129 - root - DEBUG - 12.2.3-ImageIndex
2023-07-09 17:51:20,129 - root - DEBUG - 12.2.4-ImagesCount
2023-07-09 17:51:20,129 - root - DEBUG - 12.7-BackgroundLayer
2023-07-09 17:51:20,129 - root - DEBUG - 12.7.1-X
2023-07-09 17:51:20,130 - root - DEBUG - 12.7.2-Y
2023-07-09 17:51:20,130 - root - DEBUG - 12.7.3-ImageIndex
2023-07-09 17:51:20,130 - root - DEBUG - 29-AlwaysOnDisplay
2023-07-09 17:51:20,130 - root - DEBUG - 29.1-TimeExtended
2023-07-09 17:51:20,131 - root - DEBUG - 29.1.1-TimeSeparateDigits
2023-07-09 17:51:20,131 - root - DEBUG - 29.1.1.1-Hours
2023-07-09 17:51:20,131 - root - DEBUG - 29.1.1.1.1-Tens
2023-07-09 17:51:20,131 - root - DEBUG - 29.1.1.1.1.1-X
2023-07-09 17:51:20,131 - root - DEBUG - 29.1.1.1.1.2-Y
2023-07-09 17:51:20,131 - root - DEBUG - 29.1.1.1.1.3-ImageIndex
2023-07-09 17:51:20,132 - root - DEBUG - 29.1.1.1.1.4-ImagesCount
2023-07-09 17:51:20,132 - root - DEBUG - 29.1.1.1.2-Ones
2023-07-09 17:51:20,132 - root - DEBUG - 29.1.1.1.2.1-X
2023-07-09 17:51:20,132 - root - DEBUG - 29.1.1.1.2.2-Y
2023-07-09 17:51:20,132 - root - DEBUG - 29.1.1.1.2.3-ImageIndex
2023-07-09 17:51:20,133 - root - DEBUG - 29.1.1.1.2.4-ImagesCount
2023-07-09 17:51:20,133 - root - DEBUG - 29.1.1.2-Minutes
2023-07-09 17:51:20,133 - root - DEBUG - 29.1.1.2.1-Tens
2023-07-09 17:51:20,133 - root - DEBUG - 29.1.1.2.1.1-X
2023-07-09 17:51:20,133 - root - DEBUG - 29.1.1.2.1.2-Y
2023-07-09 17:51:20,133 - root - DEBUG - 29.1.1.2.1.3-ImageIndex
2023-07-09 17:51:20,134 - root - DEBUG - 29.1.1.2.1.4-ImagesCount
2023-07-09 17:51:20,134 - root - DEBUG - 29.1.1.2.2-Ones
2023-07-09 17:51:20,134 - root - DEBUG - 29.1.1.2.2.1-X
2023-07-09 17:51:20,134 - root - DEBUG - 29.1.1.2.2.2-Y
2023-07-09 17:51:20,134 - root - DEBUG - 29.1.1.2.2.3-ImageIndex
2023-07-09 17:51:20,134 - root - DEBUG - 29.1.1.2.2.4-ImagesCount
2023-07-09 17:51:20,135 - root - DEBUG - 29.1.1.3-Separator
2023-07-09 17:51:20,135 - root - DEBUG - 29.1.1.3.1-X
2023-07-09 17:51:20,135 - root - DEBUG - 29.1.1.3.2-Y
2023-07-09 17:51:20,135 - root - DEBUG - 29.1.1.3.3-ImageIndex
2023-07-09 17:51:20,135 - root - DEBUG - 29.1.1.4-PaddingZeroHours
2023-07-09 17:51:20,136 - root - DEBUG - 29.2-DateOneLine
2023-07-09 17:51:20,136 - root - DEBUG - 29.2.1-MonthAndDay
2023-07-09 17:51:20,136 - root - DEBUG - 29.2.1.1-TopLeftX
2023-07-09 17:51:20,136 - root - DEBUG - 29.2.1.2-TopLeftY
2023-07-09 17:51:20,136 - root - DEBUG - 29.2.1.3-BottomRightX
2023-07-09 17:51:20,137 - root - DEBUG - 29.2.1.4-BottomRightY
2023-07-09 17:51:20,137 - root - DEBUG - 29.2.1.5-Alignment
2023-07-09 17:51:20,137 - root - DEBUG - 29.2.1.6-Spacing
2023-07-09 17:51:20,138 - root - DEBUG - 29.2.1.7-VerticalOffset
2023-07-09 17:51:20,138 - root - DEBUG - 29.2.1.8-ImageIndex
2023-07-09 17:51:20,138 - root - DEBUG - 29.2.1.9-ImagesCount
2023-07-09 17:51:20,138 - root - DEBUG - 29.2.2-SeparatorImageIndex
2023-07-09 17:51:20,138 - root - DEBUG - 29.3-Week
2023-07-09 17:51:20,139 - root - DEBUG - 29.3.1-Weekday
2023-07-09 17:51:20,139 - root - DEBUG - 29.3.1.1-X
2023-07-09 17:51:20,139 - root - DEBUG - 29.3.1.2-Y
2023-07-09 17:51:20,139 - root - DEBUG - 29.3.1.3-ImageIndex
2023-07-09 17:51:20,140 - root - DEBUG - 29.3.1.4-ImagesCount
2023-07-09 17:51:20,140 - root - DEBUG - 29.3.2-WeekdayChinese
2023-07-09 17:51:20,140 - root - DEBUG - 29.3.2.1-X
2023-07-09 17:51:20,140 - root - DEBUG - 29.3.2.2-Y
2023-07-09 17:51:20,141 - root - DEBUG - 29.3.2.3-ImageIndex
2023-07-09 17:51:20,142 - root - DEBUG - 29.3.2.4-ImagesCount
2023-07-09 17:51:20,142 - root - DEBUG - 29.3.3-WeekdayTradChinese
2023-07-09 17:51:20,142 - root - DEBUG - 29.3.3.1-X
2023-07-09 17:51:20,143 - root - DEBUG - 29.3.3.2-Y
2023-07-09 17:51:20,144 - root - DEBUG - 29.3.3.3-ImageIndex
2023-07-09 17:51:20,144 - root - DEBUG - 29.3.3.4-ImagesCount
2023-07-09 17:51:20,144 - root - DEBUG - generatePreviews
2023-07-09 17:51:20,145 - root - DEBUG - Generating previews...
2023-07-09 17:51:20,151 - root - DEBUG - Generating states done...
2023-07-09 17:51:20,168 - root - DEBUG - >>>>>>>>>>>> 0 <watchFaceParser.models.parameter.Parameter object at 0x000001E8A63736D0>
2023-07-09 17:51:20,169 - root - DEBUG - >>>>>>>>>>>> 2 <watchFaceParser.models.parameter.Parameter object at 0x000001E8A6369850>
2023-07-09 17:51:20,182 - root - DEBUG - >>>>>>>>>>>> 3 <watchFaceParser.models.parameter.Parameter object at 0x000001E8A6369160>
2023-07-09 17:51:20,199 - root - DEBUG - >>>>>>>>>>>> 4 <watchFaceParser.models.parameter.Parameter object at 0x000001E8A636BE80>
2023-07-09 17:51:20,220 - root - DEBUG - >>>>>>>>>>>> 5 <watchFaceParser.models.parameter.Parameter object at 0x000001E8A636C820>
2023-07-09 17:51:20,236 - root - DEBUG - >>>>>>>>>>>> 11 <watchFaceParser.models.parameter.Parameter object at 0x000001E8A636F760>
2023-07-09 17:51:20,248 - root - DEBUG - >>>>>>>>>>>> 12 <watchFaceParser.models.parameter.Parameter object at 0x000001E8A63497C0>
2023-07-09 17:51:20,250 - root - DEBUG - >>>>>>>>>>>> 29 <watchFaceParser.models.parameter.Parameter object at 0x000001E8A63497F0>
2023-07-09 17:51:20,283 - root - DEBUG - Generating static preview gen done...
2023-07-09 17:51:20,457 - root - DEBUG - Generating static preview save done...
2023-07-09 17:51:20,457 - root - DEBUG - Generating anim preview gen done...
2023-07-09 17:51:20,457 - root - DEBUG - >>>>>>>>>>>> 0 <watchFaceParser.models.parameter.Parameter object at 0x000001E8A63736D0>
2023-07-09 17:51:20,458 - root - DEBUG - >>>>>>>>>>>> 2 <watchFaceParser.models.parameter.Parameter object at 0x000001E8A6369850>
2023-07-09 17:51:20,458 - root - DEBUG - >>>>>>>>>>>> 3 <watchFaceParser.models.parameter.Parameter object at 0x000001E8A6369160>
2023-07-09 17:51:20,459 - root - DEBUG - >>>>>>>>>>>> 4 <watchFaceParser.models.parameter.Parameter object at 0x000001E8A636BE80>
2023-07-09 17:51:20,459 - root - DEBUG - >>>>>>>>>>>> 5 <watchFaceParser.models.parameter.Parameter object at 0x000001E8A636C820>
2023-07-09 17:51:20,459 - root - DEBUG - >>>>>>>>>>>> 11 <watchFaceParser.models.parameter.Parameter object at 0x000001E8A636F760>
2023-07-09 17:51:20,460 - root - DEBUG - >>>>>>>>>>>> 12 <watchFaceParser.models.parameter.Parameter object at 0x000001E8A63497C0>
2023-07-09 17:51:20,460 - root - DEBUG - >>>>>>>>>>>> 29 <watchFaceParser.models.parameter.Parameter object at 0x000001E8A63497F0>
2023-07-09 17:51:20,655 - root - DEBUG - generatePreviews done
2023-07-09 17:51:20,655 - root - DEBUG - Exporting resources to 'E:\Codez\zepp-gts2mini-wf\6fb23096f618a26fa1281cd2fb62aecf'
2023-07-09 17:51:20,660 - root - DEBUG - extracting E:\Codez\zepp-gts2mini-wf\6fb23096f618a26fa1281cd2fb62aecf\0000.png...
2023-07-09 17:51:20,688 - root - DEBUG - extracting E:\Codez\zepp-gts2mini-wf\6fb23096f618a26fa1281cd2fb62aecf\0001.png...
2023-07-09 17:51:20,715 - root - DEBUG - extracting E:\Codez\zepp-gts2mini-wf\6fb23096f618a26fa1281cd2fb62aecf\0002.png...
2023-07-09 17:51:20,764 - root - DEBUG - extracting E:\Codez\zepp-gts2mini-wf\6fb23096f618a26fa1281cd2fb62aecf\0003.png...
2023-07-09 17:51:20,766 - root - DEBUG - extracting E:\Codez\zepp-gts2mini-wf\6fb23096f618a26fa1281cd2fb62aecf\0004.png...
2023-07-09 17:51:20,767 - root - DEBUG - extracting E:\Codez\zepp-gts2mini-wf\6fb23096f618a26fa1281cd2fb62aecf\0005.png...
2023-07-09 17:51:20,769 - root - DEBUG - extracting E:\Codez\zepp-gts2mini-wf\6fb23096f618a26fa1281cd2fb62aecf\0006.png...
2023-07-09 17:51:20,770 - root - DEBUG - extracting E:\Codez\zepp-gts2mini-wf\6fb23096f618a26fa1281cd2fb62aecf\0007.png...
2023-07-09 17:51:20,772 - root - DEBUG - extracting E:\Codez\zepp-gts2mini-wf\6fb23096f618a26fa1281cd2fb62aecf\0008.png...
2023-07-09 17:51:20,773 - root - DEBUG - extracting E:\Codez\zepp-gts2mini-wf\6fb23096f618a26fa1281cd2fb62aecf\0009.png...
2023-07-09 17:51:20,775 - root - DEBUG - extracting E:\Codez\zepp-gts2mini-wf\6fb23096f618a26fa1281cd2fb62aecf\0010.png...
2023-07-09 17:51:20,776 - root - DEBUG - extracting E:\Codez\zepp-gts2mini-wf\6fb23096f618a26fa1281cd2fb62aecf\0011.png...
2023-07-09 17:51:20,777 - root - DEBUG - extracting E:\Codez\zepp-gts2mini-wf\6fb23096f618a26fa1281cd2fb62aecf\0012.png...
2023-07-09 17:51:20,779 - root - DEBUG - extracting E:\Codez\zepp-gts2mini-wf\6fb23096f618a26fa1281cd2fb62aecf\0013.png...
2023-07-09 17:51:20,780 - root - DEBUG - extracting E:\Codez\zepp-gts2mini-wf\6fb23096f618a26fa1281cd2fb62aecf\0014.png...
2023-07-09 17:51:20,781 - root - DEBUG - extracting E:\Codez\zepp-gts2mini-wf\6fb23096f618a26fa1281cd2fb62aecf\0015.png...
2023-07-09 17:51:20,783 - root - DEBUG - extracting E:\Codez\zepp-gts2mini-wf\6fb23096f618a26fa1281cd2fb62aecf\0016.png...
2023-07-09 17:51:20,784 - root - DEBUG - extracting E:\Codez\zepp-gts2mini-wf\6fb23096f618a26fa1281cd2fb62aecf\0017.png...
2023-07-09 17:51:20,785 - root - DEBUG - extracting E:\Codez\zepp-gts2mini-wf\6fb23096f618a26fa1281cd2fb62aecf\0018.png...
2023-07-09 17:51:20,786 - root - DEBUG - extracting E:\Codez\zepp-gts2mini-wf\6fb23096f618a26fa1281cd2fb62aecf\0019.png...
2023-07-09 17:51:20,787 - root - DEBUG - extracting E:\Codez\zepp-gts2mini-wf\6fb23096f618a26fa1281cd2fb62aecf\0020.png...
2023-07-09 17:51:20,788 - root - DEBUG - extracting E:\Codez\zepp-gts2mini-wf\6fb23096f618a26fa1281cd2fb62aecf\0021.png...
2023-07-09 17:51:20,789 - root - DEBUG - extracting E:\Codez\zepp-gts2mini-wf\6fb23096f618a26fa1281cd2fb62aecf\0022.png...
2023-07-09 17:51:20,790 - root - DEBUG - extracting E:\Codez\zepp-gts2mini-wf\6fb23096f618a26fa1281cd2fb62aecf\0023.png...
2023-07-09 17:51:20,792 - root - DEBUG - extracting E:\Codez\zepp-gts2mini-wf\6fb23096f618a26fa1281cd2fb62aecf\0024.png...
2023-07-09 17:51:20,794 - root - DEBUG - extracting E:\Codez\zepp-gts2mini-wf\6fb23096f618a26fa1281cd2fb62aecf\0025.png...
2023-07-09 17:51:20,796 - root - DEBUG - extracting E:\Codez\zepp-gts2mini-wf\6fb23096f618a26fa1281cd2fb62aecf\0026.png...
2023-07-09 17:51:20,797 - root - DEBUG - extracting E:\Codez\zepp-gts2mini-wf\6fb23096f618a26fa1281cd2fb62aecf\0027.png...
2023-07-09 17:51:20,799 - root - DEBUG - extracting E:\Codez\zepp-gts2mini-wf\6fb23096f618a26fa1281cd2fb62aecf\0028.png...
2023-07-09 17:51:20,800 - root - DEBUG - extracting E:\Codez\zepp-gts2mini-wf\6fb23096f618a26fa1281cd2fb62aecf\0029.png...
2023-07-09 17:51:20,802 - root - DEBUG - extracting E:\Codez\zepp-gts2mini-wf\6fb23096f618a26fa1281cd2fb62aecf\0030.png...
2023-07-09 17:51:20,804 - root - DEBUG - extracting E:\Codez\zepp-gts2mini-wf\6fb23096f618a26fa1281cd2fb62aecf\0031.png...
2023-07-09 17:51:20,806 - root - DEBUG - extracting E:\Codez\zepp-gts2mini-wf\6fb23096f618a26fa1281cd2fb62aecf\0032.png...
2023-07-09 17:51:20,809 - root - DEBUG - extracting E:\Codez\zepp-gts2mini-wf\6fb23096f618a26fa1281cd2fb62aecf\0033.png...
2023-07-09 17:51:20,813 - root - DEBUG - extracting E:\Codez\zepp-gts2mini-wf\6fb23096f618a26fa1281cd2fb62aecf\0034.png...
2023-07-09 17:51:20,814 - root - DEBUG - extracting E:\Codez\zepp-gts2mini-wf\6fb23096f618a26fa1281cd2fb62aecf\0035.png...
2023-07-09 17:51:20,816 - root - DEBUG - extracting E:\Codez\zepp-gts2mini-wf\6fb23096f618a26fa1281cd2fb62aecf\0036.png...
2023-07-09 17:51:20,818 - root - DEBUG - extracting E:\Codez\zepp-gts2mini-wf\6fb23096f618a26fa1281cd2fb62aecf\0037.png...
2023-07-09 17:51:20,819 - root - DEBUG - extracting E:\Codez\zepp-gts2mini-wf\6fb23096f618a26fa1281cd2fb62aecf\0038.png...
2023-07-09 17:51:20,821 - root - DEBUG - extracting E:\Codez\zepp-gts2mini-wf\6fb23096f618a26fa1281cd2fb62aecf\0039.png...
2023-07-09 17:51:20,823 - root - DEBUG - extracting E:\Codez\zepp-gts2mini-wf\6fb23096f618a26fa1281cd2fb62aecf\0040.png...
2023-07-09 17:51:20,828 - root - DEBUG - extracting E:\Codez\zepp-gts2mini-wf\6fb23096f618a26fa1281cd2fb62aecf\0041.png...
2023-07-09 17:51:20,835 - root - DEBUG - extracting E:\Codez\zepp-gts2mini-wf\6fb23096f618a26fa1281cd2fb62aecf\0042.png...
2023-07-09 17:51:20,836 - root - DEBUG - extracting E:\Codez\zepp-gts2mini-wf\6fb23096f618a26fa1281cd2fb62aecf\0043.png...
2023-07-09 17:51:20,838 - root - DEBUG - extracting E:\Codez\zepp-gts2mini-wf\6fb23096f618a26fa1281cd2fb62aecf\0044.png...
2023-07-09 17:51:20,839 - root - DEBUG - extracting E:\Codez\zepp-gts2mini-wf\6fb23096f618a26fa1281cd2fb62aecf\0045.png...
2023-07-09 17:51:20,841 - root - DEBUG - extracting E:\Codez\zepp-gts2mini-wf\6fb23096f618a26fa1281cd2fb62aecf\0046.png...
2023-07-09 17:51:20,843 - root - DEBUG - extracting E:\Codez\zepp-gts2mini-wf\6fb23096f618a26fa1281cd2fb62aecf\0047.png...
2023-07-09 17:51:20,845 - root - DEBUG - extracting E:\Codez\zepp-gts2mini-wf\6fb23096f618a26fa1281cd2fb62aecf\0048.png...
2023-07-09 17:51:20,847 - root - DEBUG - extracting E:\Codez\zepp-gts2mini-wf\6fb23096f618a26fa1281cd2fb62aecf\0049.png...
2023-07-09 17:51:20,849 - root - DEBUG - extracting E:\Codez\zepp-gts2mini-wf\6fb23096f618a26fa1281cd2fb62aecf\0050.png...
2023-07-09 17:51:20,850 - root - DEBUG - extracting E:\Codez\zepp-gts2mini-wf\6fb23096f618a26fa1281cd2fb62aecf\0051.png...
2023-07-09 17:51:20,851 - root - DEBUG - extracting E:\Codez\zepp-gts2mini-wf\6fb23096f618a26fa1281cd2fb62aecf\0052.png...
2023-07-09 17:51:20,853 - root - DEBUG - extracting E:\Codez\zepp-gts2mini-wf\6fb23096f618a26fa1281cd2fb62aecf\0053.png...
2023-07-09 17:51:20,858 - root - DEBUG - extracting E:\Codez\zepp-gts2mini-wf\6fb23096f618a26fa1281cd2fb62aecf\0054.png...
2023-07-09 17:51:20,863 - root - DEBUG - extracting E:\Codez\zepp-gts2mini-wf\6fb23096f618a26fa1281cd2fb62aecf\0055.png...
2023-07-09 17:51:20,869 - root - DEBUG - extracting E:\Codez\zepp-gts2mini-wf\6fb23096f618a26fa1281cd2fb62aecf\0056.png...
2023-07-09 17:51:20,873 - root - DEBUG - extracting E:\Codez\zepp-gts2mini-wf\6fb23096f618a26fa1281cd2fb62aecf\0057.png...
2023-07-09 17:51:20,877 - root - DEBUG - extracting E:\Codez\zepp-gts2mini-wf\6fb23096f618a26fa1281cd2fb62aecf\0058.png...
2023-07-09 17:51:20,883 - root - DEBUG - extracting E:\Codez\zepp-gts2mini-wf\6fb23096f618a26fa1281cd2fb62aecf\0059.png...
2023-07-09 17:51:20,896 - root - DEBUG - extracting E:\Codez\zepp-gts2mini-wf\6fb23096f618a26fa1281cd2fb62aecf\0060.png...
2023-07-09 17:51:20,912 - root - DEBUG - extracting E:\Codez\zepp-gts2mini-wf\6fb23096f618a26fa1281cd2fb62aecf\0061.png...
2023-07-09 17:51:20,925 - root - DEBUG - extracting E:\Codez\zepp-gts2mini-wf\6fb23096f618a26fa1281cd2fb62aecf\0062.png...
2023-07-09 17:51:20,941 - root - DEBUG - extracting E:\Codez\zepp-gts2mini-wf\6fb23096f618a26fa1281cd2fb62aecf\0063.png...
2023-07-09 17:51:20,955 - root - DEBUG - extracting E:\Codez\zepp-gts2mini-wf\6fb23096f618a26fa1281cd2fb62aecf\0064.png...
2023-07-09 17:51:20,970 - root - DEBUG - extracting E:\Codez\zepp-gts2mini-wf\6fb23096f618a26fa1281cd2fb62aecf\0065.png...
2023-07-09 17:51:20,984 - root - DEBUG - extracting E:\Codez\zepp-gts2mini-wf\6fb23096f618a26fa1281cd2fb62aecf\0066.png...
2023-07-09 17:51:20,996 - root - DEBUG - extracting E:\Codez\zepp-gts2mini-wf\6fb23096f618a26fa1281cd2fb62aecf\0067.png...
2023-07-09 17:51:20,999 - root - DEBUG - extracting E:\Codez\zepp-gts2mini-wf\6fb23096f618a26fa1281cd2fb62aecf\0068.png...
2023-07-09 17:51:21,001 - root - DEBUG - Exporting config...
