2023-01-21 12:25:08,121 - root - DEBUG - Opening watch face 'E:\Codez\zepp-gts2mini-wf\11d4f36b8c589c5521fd95d43a23777f.bin'
2023-01-21 12:25:08,121 - root - DEBUG - Reading parameters...
2023-01-21 12:25:08,121 - root - INFO - Reading header...
2023-01-21 12:25:08,121 - root - INFO - Header was read:
2023-01-21 12:25:08,121 - root - INFO - Signature: b'UIHH\x01\x00\xff', Unknown: 64, ParametersSize: 46, isValid: True, deviceId: 73
2023-01-21 12:25:08,121 - root - INFO - Reading parameter offsets...
2023-01-21 12:25:08,121 - root - INFO - Parameter offsets were read from file
2023-01-21 12:25:08,121 - root - INFO - Reading parameters descriptor...
2023-01-21 12:25:08,121 - root - INFO - 1 ( A): 5 bytes
2023-01-21 12:25:08,121 - root - INFO -     1 ( 8): 225 E1
2023-01-21 12:25:08,121 - root - INFO -     2 (10): 34 22
2023-01-21 12:25:08,121 - root - INFO - getParameters descriptor was read:
2023-01-21 12:25:08,121 - root - INFO - ParametersTableLength: 225, ImagesCount: 34
2023-01-21 12:25:08,121 - root - INFO - Reading parameters locations...
2023-01-21 12:25:08,121 - root - INFO - 2 (12): 4 bytes
2023-01-21 12:25:08,121 - root - INFO -     1 ( 8): 0  0
2023-01-21 12:25:08,121 - root - INFO -     2 (10): 32 20
2023-01-21 12:25:08,121 - root - INFO - 3 (1A): 4 bytes
2023-01-21 12:25:08,121 - root - INFO -     1 ( 8): 32 20
2023-01-21 12:25:08,121 - root - INFO -     2 (10): 64 40
2023-01-21 12:25:08,121 - root - INFO - 4 (22): 4 bytes
2023-01-21 12:25:08,121 - root - INFO -     1 ( 8): 104 68
2023-01-21 12:25:08,121 - root - INFO -     2 (10): 55 37
2023-01-21 12:25:08,121 - root - INFO - 5 (2A): 4 bytes
2023-01-21 12:25:08,121 - root - INFO -     1 ( 8): 96 60
2023-01-21 12:25:08,121 - root - INFO -     2 (10): 8  8
2023-01-21 12:25:08,121 - root - INFO - 9 (4A): 5 bytes
2023-01-21 12:25:08,121 - root - INFO -     1 ( 8): 159 9F
2023-01-21 12:25:08,121 - root - INFO -     2 (10): 10  A
2023-01-21 12:25:08,121 - root - INFO - 29 (EA): 5 bytes
2023-01-21 12:25:08,121 - root - INFO -     1 ( 8): 169 A9
2023-01-21 12:25:08,121 - root - INFO -     2 (10): 56 38
2023-01-21 12:25:08,121 - root - INFO - Watch face parameters locations were read:
2023-01-21 12:25:08,121 - root - INFO - Reading descriptor for parameter 2
2023-01-21 12:25:08,121 - root - INFO - Descriptor offset: 0, Descriptor length: 32
2023-01-21 12:25:08,121 - root - INFO - Parsing descriptor for parameter 2...
2023-01-21 12:25:08,121 - root - INFO - 1 ( A): 6 bytes
2023-01-21 12:25:08,121 - root - INFO -     1 ( 8): 0  0
2023-01-21 12:25:08,121 - root - INFO -     2 (10): 0  0
2023-01-21 12:25:08,137 - root - INFO -     3 (18): 1  1
2023-01-21 12:25:08,137 - root - INFO - 3 (1A): 6 bytes
2023-01-21 12:25:08,137 - root - INFO -     1 ( 8): 0  0
2023-01-21 12:25:08,137 - root - INFO -     2 (10): 0  0
2023-01-21 12:25:08,137 - root - INFO -     3 (18): 0  0
2023-01-21 12:25:08,137 - root - INFO - 4 (22): 6 bytes
2023-01-21 12:25:08,137 - root - INFO -     1 ( 8): 0  0
2023-01-21 12:25:08,137 - root - INFO -     2 (10): 0  0
2023-01-21 12:25:08,137 - root - INFO -     3 (18): 0  0
2023-01-21 12:25:08,137 - root - INFO - 5 (2A): 6 bytes
2023-01-21 12:25:08,137 - root - INFO -     1 ( 8): 0  0
2023-01-21 12:25:08,137 - root - INFO -     2 (10): 0  0
2023-01-21 12:25:08,137 - root - INFO -     3 (18): 0  0
2023-01-21 12:25:08,137 - root - INFO - Reading descriptor for parameter 3
2023-01-21 12:25:08,137 - root - INFO - Descriptor offset: 32, Descriptor length: 64
2023-01-21 12:25:08,137 - root - INFO - Parsing descriptor for parameter 3...
2023-01-21 12:25:08,137 - root - INFO - 1 ( A): 62 bytes
2023-01-21 12:25:08,137 - root - INFO -     1 ( A): 22 bytes
2023-01-21 12:25:08,137 - root - INFO -         1 ( A): 9 bytes
2023-01-21 12:25:08,137 - root - INFO -             1 ( 8): 11  B
2023-01-21 12:25:08,137 - root - INFO -             2 (10): 192 C0
2023-01-21 12:25:08,137 - root - INFO -             3 (18): 2  2
2023-01-21 12:25:08,137 - root - INFO -             4 (20): 10  A
2023-01-21 12:25:08,137 - root - INFO -         2 (12): 9 bytes
2023-01-21 12:25:08,137 - root - INFO -             1 ( 8): 77 4D
2023-01-21 12:25:08,137 - root - INFO -             2 (10): 192 C0
2023-01-21 12:25:08,137 - root - INFO -             3 (18): 2  2
2023-01-21 12:25:08,137 - root - INFO -             4 (20): 10  A
2023-01-21 12:25:08,137 - root - INFO -     2 (12): 24 bytes
2023-01-21 12:25:08,137 - root - INFO -         1 ( A): 10 bytes
2023-01-21 12:25:08,137 - root - INFO -             1 ( 8): 163 A3
2023-01-21 12:25:08,137 - root - INFO -             2 (10): 192 C0
2023-01-21 12:25:08,137 - root - INFO -             3 (18): 2  2
2023-01-21 12:25:08,137 - root - INFO -             4 (20): 10  A
2023-01-21 12:25:08,137 - root - INFO -         2 (12): 10 bytes
2023-01-21 12:25:08,137 - root - INFO -             1 ( 8): 229 E5
2023-01-21 12:25:08,137 - root - INFO -             2 (10): 192 C0
2023-01-21 12:25:08,137 - root - INFO -             3 (18): 2  2
2023-01-21 12:25:08,137 - root - INFO -             4 (20): 10  A
2023-01-21 12:25:08,137 - root - INFO -     6 (32): 6 bytes
2023-01-21 12:25:08,137 - root - INFO -         1 ( 8): 0  0
2023-01-21 12:25:08,137 - root - INFO -         2 (10): 0  0
2023-01-21 12:25:08,137 - root - INFO -         3 (18): 12  C
2023-01-21 12:25:08,137 - root - INFO -     7 (38): 0  0
2023-01-21 12:25:08,137 - root - INFO -     8 (40): 1  1
2023-01-21 12:25:08,137 - root - INFO - Reading descriptor for parameter 4
2023-01-21 12:25:08,137 - root - INFO - Descriptor offset: 104, Descriptor length: 55
2023-01-21 12:25:08,137 - root - INFO - Parsing descriptor for parameter 4...
2023-01-21 12:25:08,137 - root - INFO - 1 ( A): 23 bytes
2023-01-21 12:25:08,137 - root - INFO -     1 ( A): 21 bytes
2023-01-21 12:25:08,137 - root - INFO -         1 ( 8): 86 56
2023-01-21 12:25:08,137 - root - INFO -         2 (10): 302 12E
2023-01-21 12:25:08,137 - root - INFO -         3 (18): 156 9C
2023-01-21 12:25:08,137 - root - INFO -         4 (20): 323 143
2023-01-21 12:25:08,137 - root - INFO -         5 (28): 18 12
2023-01-21 12:25:08,137 - root - INFO -         6 (30): 0  0
2023-01-21 12:25:08,137 - root - INFO -         7 (38): 0  0
2023-01-21 12:25:08,137 - root - INFO -         8 (40): 13  D
2023-01-21 12:25:08,137 - root - INFO -         9 (48): 10  A
2023-01-21 12:25:08,137 - root - INFO - 4 (22): 26 bytes
2023-01-21 12:25:08,137 - root - INFO -     1 ( A): 22 bytes
2023-01-21 12:25:08,137 - root - INFO -         1 ( 8): 199 C7
2023-01-21 12:25:08,137 - root - INFO -         2 (10): 302 12E
2023-01-21 12:25:08,137 - root - INFO -         3 (18): 241 F1
2023-01-21 12:25:08,137 - root - INFO -         4 (20): 323 143
2023-01-21 12:25:08,137 - root - INFO -         5 (28): 18 12
2023-01-21 12:25:08,137 - root - INFO -         6 (30): 0  0
2023-01-21 12:25:08,137 - root - INFO -         7 (38): 0  0
2023-01-21 12:25:08,137 - root - INFO -         8 (40): 13  D
2023-01-21 12:25:08,137 - root - INFO -         9 (48): 10  A
2023-01-21 12:25:08,137 - root - INFO -     3 (18): 23 17
2023-01-21 12:25:08,137 - root - INFO - 7 (38): 0  0
2023-01-21 12:25:08,137 - root - INFO - Reading descriptor for parameter 5
2023-01-21 12:25:08,137 - root - INFO - Descriptor offset: 96, Descriptor length: 8
2023-01-21 12:25:08,137 - root - INFO - Parsing descriptor for parameter 5...
2023-01-21 12:25:08,137 - root - INFO - 1 ( A): 6 bytes
2023-01-21 12:25:08,137 - root - INFO -     4 (20): 1  1
2023-01-21 12:25:08,137 - root - INFO -     5 (28): 1  1
2023-01-21 12:25:08,137 - root - INFO -     6 (30): 0  0
2023-01-21 12:25:08,137 - root - INFO - Reading descriptor for parameter 9
2023-01-21 12:25:08,137 - root - INFO - Descriptor offset: 159, Descriptor length: 10
2023-01-21 12:25:08,137 - root - INFO - Parsing descriptor for parameter 9...
2023-01-21 12:25:08,137 - root - INFO - 2 (12): 8 bytes
2023-01-21 12:25:08,137 - root - INFO -     1 ( 8): 8  8
2023-01-21 12:25:08,137 - root - INFO -     2 (10): 21 15
2023-01-21 12:25:08,137 - root - INFO -     3 (18): 24 18
2023-01-21 12:25:08,137 - root - INFO -     4 (20): 10  A
2023-01-21 12:25:08,137 - root - INFO - Reading descriptor for parameter 29
2023-01-21 12:25:08,137 - root - INFO - Descriptor offset: 169, Descriptor length: 56
2023-01-21 12:25:08,137 - root - INFO - Parsing descriptor for parameter 29...
2023-01-21 12:25:08,137 - root - INFO - 1 ( A): 54 bytes
2023-01-21 12:25:08,137 - root - INFO -     1 ( A): 52 bytes
2023-01-21 12:25:08,137 - root - INFO -         1 ( A): 22 bytes
2023-01-21 12:25:08,137 - root - INFO -             1 ( A): 9 bytes
2023-01-21 12:25:08,137 - root - INFO -                 1 ( 8): 11  B
2023-01-21 12:25:08,137 - root - INFO -                 2 (10): 192 C0
2023-01-21 12:25:08,137 - root - INFO -                 3 (18): 2  2
2023-01-21 12:25:08,137 - root - INFO -                 4 (20): 10  A
2023-01-21 12:25:08,137 - root - INFO -             2 (12): 9 bytes
2023-01-21 12:25:08,137 - root - INFO -                 1 ( 8): 77 4D
2023-01-21 12:25:08,137 - root - INFO -                 2 (10): 192 C0
2023-01-21 12:25:08,137 - root - INFO -                 3 (18): 2  2
2023-01-21 12:25:08,137 - root - INFO -                 4 (20): 10  A
2023-01-21 12:25:08,137 - root - INFO -         2 (12): 24 bytes
2023-01-21 12:25:08,137 - root - INFO -             1 ( A): 10 bytes
2023-01-21 12:25:08,137 - root - INFO -                 1 ( 8): 163 A3
2023-01-21 12:25:08,137 - root - INFO -                 2 (10): 192 C0
2023-01-21 12:25:08,137 - root - INFO -                 3 (18): 2  2
2023-01-21 12:25:08,137 - root - INFO -                 4 (20): 10  A
2023-01-21 12:25:08,137 - root - INFO -             2 (12): 10 bytes
2023-01-21 12:25:08,137 - root - INFO -                 1 ( 8): 229 E5
2023-01-21 12:25:08,137 - root - INFO -                 2 (10): 192 C0
2023-01-21 12:25:08,137 - root - INFO -                 3 (18): 2  2
2023-01-21 12:25:08,137 - root - INFO -                 4 (20): 10  A
2023-01-21 12:25:08,137 - root - INFO -         4 (20): 1  1
2023-01-21 12:25:08,137 - root - INFO - Reading resources offsets table with 34 elements (136 bytes)
2023-01-21 12:25:08,137 - root - INFO - Resource 0 offset: 494, length: 153106...
2023-01-21 12:25:08,137 - root - DEBUG - Reading resource 0...
2023-01-21 12:25:08,184 - root - INFO - The image is bmc.
2023-01-21 12:25:08,184 - root - INFO - Reading image header(readHeader16C)...
2023-01-21 12:25:08,184 - root - INFO - Image header was read:
2023-01-21 12:25:08,184 - root - INFO - Width: 210, Height: 243, RowLength: 630
2023-01-21 12:25:08,184 - root - INFO - _step: 3, unknown2: 0,
2023-01-21 12:25:08,184 - root - INFO - BPP: 24, Transparency: False
2023-01-21 12:25:08,387 - root - INFO - Resource 1 offset: 153600, length: 216664...
2023-01-21 12:25:08,387 - root - DEBUG - Reading resource 1...
2023-01-21 12:25:08,387 - root - INFO - The image is bmc.
2023-01-21 12:25:08,387 - root - INFO - Reading image header(readHeader16C)...
2023-01-21 12:25:08,387 - root - INFO - Image header was read:
2023-01-21 12:25:08,387 - root - INFO - Width: 306, Height: 354, RowLength: 612
2023-01-21 12:25:08,387 - root - INFO - _step: 2, unknown2: 0,
2023-01-21 12:25:08,387 - root - INFO - BPP: 16, Transparency: False
2023-01-21 12:25:08,948 - root - INFO - Resource 2 offset: 370264, length: 6672...
2023-01-21 12:25:08,948 - root - DEBUG - Reading resource 2...
2023-01-21 12:25:08,948 - root - INFO - The image is bme.
2023-01-21 12:25:08,948 - root - INFO - Reading image header(readHeader16E)...
2023-01-21 12:25:08,948 - root - INFO - Image header was read:
2023-01-21 12:25:08,948 - root - INFO - Width: 66, Height: 80, RowLength: 132
2023-01-21 12:25:08,948 - root - INFO - datalength: 6656, _step: 2
2023-01-21 12:25:08,948 - root - INFO - BPP: 16, Transparency: False
2023-01-21 12:25:08,964 - root - INFO - Resource 3 offset: 376936, length: 3758...
2023-01-21 12:25:08,964 - root - DEBUG - Reading resource 3...
2023-01-21 12:25:08,964 - root - INFO - The image is bme.
2023-01-21 12:25:08,964 - root - INFO - Reading image header(readHeader16E)...
2023-01-21 12:25:08,964 - root - INFO - Image header was read:
2023-01-21 12:25:08,964 - root - INFO - Width: 66, Height: 80, RowLength: 132
2023-01-21 12:25:08,964 - root - INFO - datalength: 3742, _step: 2
2023-01-21 12:25:08,964 - root - INFO - BPP: 16, Transparency: False
2023-01-21 12:25:08,980 - root - INFO - Resource 4 offset: 380694, length: 5746...
2023-01-21 12:25:08,980 - root - DEBUG - Reading resource 4...
2023-01-21 12:25:08,980 - root - INFO - The image is bme.
2023-01-21 12:25:08,980 - root - INFO - Reading image header(readHeader16E)...
2023-01-21 12:25:08,980 - root - INFO - Image header was read:
2023-01-21 12:25:08,980 - root - INFO - Width: 66, Height: 80, RowLength: 132
2023-01-21 12:25:08,980 - root - INFO - datalength: 5730, _step: 2
2023-01-21 12:25:08,980 - root - INFO - BPP: 16, Transparency: False
2023-01-21 12:25:08,980 - root - INFO - Resource 5 offset: 386440, length: 5666...
2023-01-21 12:25:08,980 - root - DEBUG - Reading resource 5...
2023-01-21 12:25:08,980 - root - INFO - The image is bme.
2023-01-21 12:25:08,980 - root - INFO - Reading image header(readHeader16E)...
2023-01-21 12:25:08,980 - root - INFO - Image header was read:
2023-01-21 12:25:08,980 - root - INFO - Width: 66, Height: 80, RowLength: 132
2023-01-21 12:25:08,980 - root - INFO - datalength: 5650, _step: 2
2023-01-21 12:25:08,980 - root - INFO - BPP: 16, Transparency: False
2023-01-21 12:25:08,995 - root - INFO - Resource 6 offset: 392106, length: 6220...
2023-01-21 12:25:08,995 - root - DEBUG - Reading resource 6...
2023-01-21 12:25:08,995 - root - INFO - The image is bme.
2023-01-21 12:25:08,995 - root - INFO - Reading image header(readHeader16E)...
2023-01-21 12:25:08,995 - root - INFO - Image header was read:
2023-01-21 12:25:08,995 - root - INFO - Width: 66, Height: 80, RowLength: 132
2023-01-21 12:25:08,995 - root - INFO - datalength: 6204, _step: 2
2023-01-21 12:25:08,995 - root - INFO - BPP: 16, Transparency: False
2023-01-21 12:25:09,011 - root - INFO - Resource 7 offset: 398326, length: 6366...
2023-01-21 12:25:09,011 - root - DEBUG - Reading resource 7...
2023-01-21 12:25:09,011 - root - INFO - The image is bme.
2023-01-21 12:25:09,011 - root - INFO - Reading image header(readHeader16E)...
2023-01-21 12:25:09,011 - root - INFO - Image header was read:
2023-01-21 12:25:09,011 - root - INFO - Width: 66, Height: 80, RowLength: 132
2023-01-21 12:25:09,011 - root - INFO - datalength: 6350, _step: 2
2023-01-21 12:25:09,011 - root - INFO - BPP: 16, Transparency: False
2023-01-21 12:25:09,026 - root - INFO - Resource 8 offset: 404692, length: 6232...
2023-01-21 12:25:09,026 - root - DEBUG - Reading resource 8...
2023-01-21 12:25:09,026 - root - INFO - The image is bme.
2023-01-21 12:25:09,026 - root - INFO - Reading image header(readHeader16E)...
2023-01-21 12:25:09,026 - root - INFO - Image header was read:
2023-01-21 12:25:09,026 - root - INFO - Width: 66, Height: 80, RowLength: 132
2023-01-21 12:25:09,026 - root - INFO - datalength: 6216, _step: 2
2023-01-21 12:25:09,026 - root - INFO - BPP: 16, Transparency: False
2023-01-21 12:25:09,042 - root - INFO - Resource 9 offset: 410924, length: 4402...
2023-01-21 12:25:09,042 - root - DEBUG - Reading resource 9...
2023-01-21 12:25:09,042 - root - INFO - The image is bme.
2023-01-21 12:25:09,042 - root - INFO - Reading image header(readHeader16E)...
2023-01-21 12:25:09,042 - root - INFO - Image header was read:
2023-01-21 12:25:09,042 - root - INFO - Width: 66, Height: 80, RowLength: 132
2023-01-21 12:25:09,042 - root - INFO - datalength: 4386, _step: 2
2023-01-21 12:25:09,042 - root - INFO - BPP: 16, Transparency: False
2023-01-21 12:25:09,057 - root - INFO - Resource 10 offset: 415326, length: 6662...
2023-01-21 12:25:09,059 - root - DEBUG - Reading resource 10...
2023-01-21 12:25:09,059 - root - INFO - The image is bme.
2023-01-21 12:25:09,060 - root - INFO - Reading image header(readHeader16E)...
2023-01-21 12:25:09,060 - root - INFO - Image header was read:
2023-01-21 12:25:09,060 - root - INFO - Width: 66, Height: 80, RowLength: 132
2023-01-21 12:25:09,060 - root - INFO - datalength: 6646, _step: 2
2023-01-21 12:25:09,060 - root - INFO - BPP: 16, Transparency: False
2023-01-21 12:25:09,072 - root - INFO - Resource 11 offset: 421988, length: 6198...
2023-01-21 12:25:09,072 - root - DEBUG - Reading resource 11...
2023-01-21 12:25:09,072 - root - INFO - The image is bme.
2023-01-21 12:25:09,072 - root - INFO - Reading image header(readHeader16E)...
2023-01-21 12:25:09,072 - root - INFO - Image header was read:
2023-01-21 12:25:09,072 - root - INFO - Width: 66, Height: 80, RowLength: 132
2023-01-21 12:25:09,072 - root - INFO - datalength: 6182, _step: 2
2023-01-21 12:25:09,072 - root - INFO - BPP: 16, Transparency: False
2023-01-21 12:25:09,088 - root - INFO - Resource 12 offset: 428186, length: 324070...
2023-01-21 12:25:09,088 - root - DEBUG - Reading resource 12...
2023-01-21 12:25:09,088 - root - INFO - The image is bmc.
2023-01-21 12:25:09,088 - root - INFO - Reading image header(readHeader16C)...
2023-01-21 12:25:09,088 - root - INFO - Image header was read:
2023-01-21 12:25:09,088 - root - INFO - Width: 306, Height: 353, RowLength: 918
2023-01-21 12:25:09,088 - root - INFO - _step: 3, unknown2: 0,
2023-01-21 12:25:09,088 - root - INFO - BPP: 24, Transparency: False
2023-01-21 12:25:09,510 - root - INFO - Resource 13 offset: 752256, length: 554...
2023-01-21 12:25:09,510 - root - DEBUG - Reading resource 13...
2023-01-21 12:25:09,510 - root - INFO - The image is bme.
2023-01-21 12:25:09,510 - root - INFO - Reading image header(readHeader16E)...
2023-01-21 12:25:09,510 - root - INFO - Image header was read:
2023-01-21 12:25:09,526 - root - INFO - Width: 14, Height: 21, RowLength: 28
2023-01-21 12:25:09,526 - root - INFO - datalength: 538, _step: 2
2023-01-21 12:25:09,526 - root - INFO - BPP: 16, Transparency: False
2023-01-21 12:25:09,526 - root - INFO - Resource 14 offset: 752810, length: 330...
2023-01-21 12:25:09,526 - root - DEBUG - Reading resource 14...
2023-01-21 12:25:09,526 - root - INFO - The image is bme.
2023-01-21 12:25:09,526 - root - INFO - Reading image header(readHeader16E)...
2023-01-21 12:25:09,526 - root - INFO - Image header was read:
2023-01-21 12:25:09,526 - root - INFO - Width: 14, Height: 21, RowLength: 28
2023-01-21 12:25:09,526 - root - INFO - datalength: 314, _step: 2
2023-01-21 12:25:09,526 - root - INFO - BPP: 16, Transparency: False
2023-01-21 12:25:09,526 - root - INFO - Resource 15 offset: 753140, length: 432...
2023-01-21 12:25:09,526 - root - DEBUG - Reading resource 15...
2023-01-21 12:25:09,526 - root - INFO - The image is bme.
2023-01-21 12:25:09,526 - root - INFO - Reading image header(readHeader16E)...
2023-01-21 12:25:09,526 - root - INFO - Image header was read:
2023-01-21 12:25:09,526 - root - INFO - Width: 14, Height: 21, RowLength: 28
2023-01-21 12:25:09,526 - root - INFO - datalength: 416, _step: 2
2023-01-21 12:25:09,526 - root - INFO - BPP: 16, Transparency: False
2023-01-21 12:25:09,526 - root - INFO - Resource 16 offset: 753572, length: 454...
2023-01-21 12:25:09,526 - root - DEBUG - Reading resource 16...
2023-01-21 12:25:09,526 - root - INFO - The image is bme.
2023-01-21 12:25:09,526 - root - INFO - Reading image header(readHeader16E)...
2023-01-21 12:25:09,526 - root - INFO - Image header was read:
2023-01-21 12:25:09,526 - root - INFO - Width: 14, Height: 21, RowLength: 28
2023-01-21 12:25:09,526 - root - INFO - datalength: 438, _step: 2
2023-01-21 12:25:09,526 - root - INFO - BPP: 16, Transparency: False
2023-01-21 12:25:09,526 - root - INFO - Resource 17 offset: 754026, length: 416...
2023-01-21 12:25:09,526 - root - DEBUG - Reading resource 17...
2023-01-21 12:25:09,526 - root - INFO - The image is bme.
2023-01-21 12:25:09,526 - root - INFO - Reading image header(readHeader16E)...
2023-01-21 12:25:09,526 - root - INFO - Image header was read:
2023-01-21 12:25:09,526 - root - INFO - Width: 14, Height: 21, RowLength: 28
2023-01-21 12:25:09,526 - root - INFO - datalength: 400, _step: 2
2023-01-21 12:25:09,526 - root - INFO - BPP: 16, Transparency: False
2023-01-21 12:25:09,526 - root - INFO - Resource 18 offset: 754442, length: 478...
2023-01-21 12:25:09,526 - root - DEBUG - Reading resource 18...
2023-01-21 12:25:09,526 - root - INFO - The image is bme.
2023-01-21 12:25:09,526 - root - INFO - Reading image header(readHeader16E)...
2023-01-21 12:25:09,526 - root - INFO - Image header was read:
2023-01-21 12:25:09,526 - root - INFO - Width: 14, Height: 21, RowLength: 28
2023-01-21 12:25:09,526 - root - INFO - datalength: 462, _step: 2
2023-01-21 12:25:09,526 - root - INFO - BPP: 16, Transparency: False
2023-01-21 12:25:09,526 - root - INFO - Resource 19 offset: 754920, length: 448...
2023-01-21 12:25:09,526 - root - DEBUG - Reading resource 19...
2023-01-21 12:25:09,526 - root - INFO - The image is bme.
2023-01-21 12:25:09,526 - root - INFO - Reading image header(readHeader16E)...
2023-01-21 12:25:09,526 - root - INFO - Image header was read:
2023-01-21 12:25:09,526 - root - INFO - Width: 14, Height: 21, RowLength: 28
2023-01-21 12:25:09,526 - root - INFO - datalength: 432, _step: 2
2023-01-21 12:25:09,526 - root - INFO - BPP: 16, Transparency: False
2023-01-21 12:25:09,526 - root - INFO - Resource 20 offset: 755368, length: 408...
2023-01-21 12:25:09,526 - root - DEBUG - Reading resource 20...
2023-01-21 12:25:09,526 - root - INFO - The image is bme.
2023-01-21 12:25:09,526 - root - INFO - Reading image header(readHeader16E)...
2023-01-21 12:25:09,526 - root - INFO - Image header was read:
2023-01-21 12:25:09,526 - root - INFO - Width: 14, Height: 21, RowLength: 28
2023-01-21 12:25:09,526 - root - INFO - datalength: 392, _step: 2
2023-01-21 12:25:09,526 - root - INFO - BPP: 16, Transparency: False
2023-01-21 12:25:09,526 - root - INFO - Resource 21 offset: 755776, length: 546...
2023-01-21 12:25:09,526 - root - DEBUG - Reading resource 21...
2023-01-21 12:25:09,526 - root - INFO - The image is bme.
2023-01-21 12:25:09,526 - root - INFO - Reading image header(readHeader16E)...
2023-01-21 12:25:09,526 - root - INFO - Image header was read:
2023-01-21 12:25:09,526 - root - INFO - Width: 14, Height: 21, RowLength: 28
2023-01-21 12:25:09,526 - root - INFO - datalength: 530, _step: 2
2023-01-21 12:25:09,526 - root - INFO - BPP: 16, Transparency: False
2023-01-21 12:25:09,526 - root - INFO - Resource 22 offset: 756322, length: 426...
2023-01-21 12:25:09,526 - root - DEBUG - Reading resource 22...
2023-01-21 12:25:09,526 - root - INFO - The image is bme.
2023-01-21 12:25:09,526 - root - INFO - Reading image header(readHeader16E)...
2023-01-21 12:25:09,526 - root - INFO - Image header was read:
2023-01-21 12:25:09,526 - root - INFO - Width: 14, Height: 21, RowLength: 28
2023-01-21 12:25:09,526 - root - INFO - datalength: 410, _step: 2
2023-01-21 12:25:09,526 - root - INFO - BPP: 16, Transparency: False
2023-01-21 12:25:09,526 - root - INFO - Resource 23 offset: 756748, length: 80...
2023-01-21 12:25:09,526 - root - DEBUG - Reading resource 23...
2023-01-21 12:25:09,526 - root - INFO - The image is bme.
2023-01-21 12:25:09,526 - root - INFO - Reading image header(readHeader16E)...
2023-01-21 12:25:09,526 - root - INFO - Image header was read:
2023-01-21 12:25:09,526 - root - INFO - Width: 14, Height: 21, RowLength: 28
2023-01-21 12:25:09,526 - root - INFO - datalength: 64, _step: 2
2023-01-21 12:25:09,526 - root - INFO - BPP: 16, Transparency: False
2023-01-21 12:25:09,526 - root - INFO - Resource 24 offset: 756828, length: 51584...
2023-01-21 12:25:09,526 - root - DEBUG - Reading resource 24...
2023-01-21 12:25:09,526 - root - INFO - The image is bme.
2023-01-21 12:25:09,526 - root - INFO - Reading image header(readHeader16E)...
2023-01-21 12:25:09,526 - root - INFO - Image header was read:
2023-01-21 12:25:09,526 - root - INFO - Width: 290, Height: 88, RowLength: 580
2023-01-21 12:25:09,526 - root - INFO - datalength: 51568, _step: 2
2023-01-21 12:25:09,526 - root - INFO - BPP: 16, Transparency: False
2023-01-21 12:25:09,649 - root - INFO - Resource 25 offset: 808412, length: 51584...
2023-01-21 12:25:09,649 - root - DEBUG - Reading resource 25...
2023-01-21 12:25:09,649 - root - INFO - The image is bme.
2023-01-21 12:25:09,649 - root - INFO - Reading image header(readHeader16E)...
2023-01-21 12:25:09,649 - root - INFO - Image header was read:
2023-01-21 12:25:09,649 - root - INFO - Width: 290, Height: 88, RowLength: 580
2023-01-21 12:25:09,649 - root - INFO - datalength: 51568, _step: 2
2023-01-21 12:25:09,649 - root - INFO - BPP: 16, Transparency: False
2023-01-21 12:25:09,819 - root - INFO - Resource 26 offset: 859996, length: 51584...
2023-01-21 12:25:09,819 - root - DEBUG - Reading resource 26...
2023-01-21 12:25:09,819 - root - INFO - The image is bme.
2023-01-21 12:25:09,819 - root - INFO - Reading image header(readHeader16E)...
2023-01-21 12:25:09,819 - root - INFO - Image header was read:
2023-01-21 12:25:09,819 - root - INFO - Width: 290, Height: 88, RowLength: 580
2023-01-21 12:25:09,819 - root - INFO - datalength: 51568, _step: 2
2023-01-21 12:25:09,819 - root - INFO - BPP: 16, Transparency: False
2023-01-21 12:25:09,947 - root - INFO - Resource 27 offset: 911580, length: 51584...
2023-01-21 12:25:09,947 - root - DEBUG - Reading resource 27...
2023-01-21 12:25:09,947 - root - INFO - The image is bme.
2023-01-21 12:25:09,947 - root - INFO - Reading image header(readHeader16E)...
2023-01-21 12:25:09,947 - root - INFO - Image header was read:
2023-01-21 12:25:09,947 - root - INFO - Width: 290, Height: 88, RowLength: 580
2023-01-21 12:25:09,947 - root - INFO - datalength: 51568, _step: 2
2023-01-21 12:25:09,947 - root - INFO - BPP: 16, Transparency: False
2023-01-21 12:25:10,066 - root - INFO - Resource 28 offset: 963164, length: 51584...
2023-01-21 12:25:10,066 - root - DEBUG - Reading resource 28...
2023-01-21 12:25:10,066 - root - INFO - The image is bme.
2023-01-21 12:25:10,066 - root - INFO - Reading image header(readHeader16E)...
2023-01-21 12:25:10,066 - root - INFO - Image header was read:
2023-01-21 12:25:10,066 - root - INFO - Width: 290, Height: 88, RowLength: 580
2023-01-21 12:25:10,066 - root - INFO - datalength: 51568, _step: 2
2023-01-21 12:25:10,066 - root - INFO - BPP: 16, Transparency: False
2023-01-21 12:25:10,175 - root - INFO - Resource 29 offset: 1014748, length: 51584...
2023-01-21 12:25:10,191 - root - DEBUG - Reading resource 29...
2023-01-21 12:25:10,191 - root - INFO - The image is bme.
2023-01-21 12:25:10,191 - root - INFO - Reading image header(readHeader16E)...
2023-01-21 12:25:10,191 - root - INFO - Image header was read:
2023-01-21 12:25:10,191 - root - INFO - Width: 290, Height: 88, RowLength: 580
2023-01-21 12:25:10,191 - root - INFO - datalength: 51568, _step: 2
2023-01-21 12:25:10,191 - root - INFO - BPP: 16, Transparency: False
2023-01-21 12:25:10,300 - root - INFO - Resource 30 offset: 1066332, length: 51584...
2023-01-21 12:25:10,300 - root - DEBUG - Reading resource 30...
2023-01-21 12:25:10,300 - root - INFO - The image is bme.
2023-01-21 12:25:10,300 - root - INFO - Reading image header(readHeader16E)...
2023-01-21 12:25:10,300 - root - INFO - Image header was read:
2023-01-21 12:25:10,300 - root - INFO - Width: 290, Height: 88, RowLength: 580
2023-01-21 12:25:10,300 - root - INFO - datalength: 51568, _step: 2
2023-01-21 12:25:10,300 - root - INFO - BPP: 16, Transparency: False
2023-01-21 12:25:10,409 - root - INFO - Resource 31 offset: 1117916, length: 51584...
2023-01-21 12:25:10,409 - root - DEBUG - Reading resource 31...
2023-01-21 12:25:10,409 - root - INFO - The image is bme.
2023-01-21 12:25:10,409 - root - INFO - Reading image header(readHeader16E)...
2023-01-21 12:25:10,409 - root - INFO - Image header was read:
2023-01-21 12:25:10,409 - root - INFO - Width: 290, Height: 88, RowLength: 580
2023-01-21 12:25:10,409 - root - INFO - datalength: 51568, _step: 2
2023-01-21 12:25:10,409 - root - INFO - BPP: 16, Transparency: False
2023-01-21 12:25:10,519 - root - INFO - Resource 32 offset: 1169500, length: 51584...
2023-01-21 12:25:10,519 - root - DEBUG - Reading resource 32...
2023-01-21 12:25:10,519 - root - INFO - The image is bme.
2023-01-21 12:25:10,519 - root - INFO - Reading image header(readHeader16E)...
2023-01-21 12:25:10,519 - root - INFO - Image header was read:
2023-01-21 12:25:10,519 - root - INFO - Width: 290, Height: 88, RowLength: 580
2023-01-21 12:25:10,519 - root - INFO - datalength: 51568, _step: 2
2023-01-21 12:25:10,519 - root - INFO - BPP: 16, Transparency: False
2023-01-21 12:25:10,673 - root - INFO - Resource 33 offset: 1221084, length: 51584...
2023-01-21 12:25:10,673 - root - DEBUG - Reading resource 33...
2023-01-21 12:25:10,673 - root - INFO - The image is bme.
2023-01-21 12:25:10,673 - root - INFO - Reading image header(readHeader16E)...
2023-01-21 12:25:10,673 - root - INFO - Image header was read:
2023-01-21 12:25:10,673 - root - INFO - Width: 290, Height: 88, RowLength: 580
2023-01-21 12:25:10,673 - root - INFO - datalength: 51568, _step: 2
2023-01-21 12:25:10,673 - root - INFO - BPP: 16, Transparency: False
2023-01-21 12:25:10,798 - root - DEBUG - Parsing parameters...
2023-01-21 12:25:10,876 - root - DEBUG - 0 Value: None
2023-01-21 12:25:10,876 - root - DEBUG - 0.1 Value: 73
2023-01-21 12:25:10,876 - root - DEBUG - 2 Value: None
2023-01-21 12:25:10,876 - root - DEBUG - 2.1 Value: None
2023-01-21 12:25:10,876 - root - DEBUG - 2.1.1 Value: 0
2023-01-21 12:25:10,876 - root - DEBUG - 2.1.2 Value: 0
2023-01-21 12:25:10,876 - root - DEBUG - 2.1.3 Value: 1
2023-01-21 12:25:10,876 - root - DEBUG - 2.3 Value: None
2023-01-21 12:25:10,876 - root - DEBUG - 2.3.1 Value: 0
2023-01-21 12:25:10,876 - root - DEBUG - 2.3.2 Value: 0
2023-01-21 12:25:10,876 - root - DEBUG - 2.3.3 Value: 0
2023-01-21 12:25:10,876 - root - DEBUG - 2.4 Value: None
2023-01-21 12:25:10,876 - root - DEBUG - 2.4.1 Value: 0
2023-01-21 12:25:10,876 - root - DEBUG - 2.4.2 Value: 0
2023-01-21 12:25:10,876 - root - DEBUG - 2.4.3 Value: 0
2023-01-21 12:25:10,876 - root - DEBUG - 2.5 Value: None
2023-01-21 12:25:10,876 - root - DEBUG - 2.5.1 Value: 0
2023-01-21 12:25:10,876 - root - DEBUG - 2.5.2 Value: 0
2023-01-21 12:25:10,876 - root - DEBUG - 2.5.3 Value: 0
2023-01-21 12:25:10,876 - root - DEBUG - 3 Value: None
2023-01-21 12:25:10,876 - root - DEBUG - 3.1 Value: None
2023-01-21 12:25:10,876 - root - DEBUG - 3.1.1 Value: None
2023-01-21 12:25:10,876 - root - DEBUG - 3.1.1.1 Value: None
2023-01-21 12:25:10,876 - root - DEBUG - 3.1.1.1.1 Value: 11
2023-01-21 12:25:10,876 - root - DEBUG - 3.1.1.1.2 Value: 192
2023-01-21 12:25:10,876 - root - DEBUG - 3.1.1.1.3 Value: 2
2023-01-21 12:25:10,876 - root - DEBUG - 3.1.1.1.4 Value: 10
2023-01-21 12:25:10,876 - root - DEBUG - 3.1.1.2 Value: None
2023-01-21 12:25:10,876 - root - DEBUG - 3.1.1.2.1 Value: 77
2023-01-21 12:25:10,876 - root - DEBUG - 3.1.1.2.2 Value: 192
2023-01-21 12:25:10,876 - root - DEBUG - 3.1.1.2.3 Value: 2
2023-01-21 12:25:10,876 - root - DEBUG - 3.1.1.2.4 Value: 10
2023-01-21 12:25:10,876 - root - DEBUG - 3.1.2 Value: None
2023-01-21 12:25:10,876 - root - DEBUG - 3.1.2.1 Value: None
2023-01-21 12:25:10,876 - root - DEBUG - 3.1.2.1.1 Value: 163
2023-01-21 12:25:10,876 - root - DEBUG - 3.1.2.1.2 Value: 192
2023-01-21 12:25:10,876 - root - DEBUG - 3.1.2.1.3 Value: 2
2023-01-21 12:25:10,876 - root - DEBUG - 3.1.2.1.4 Value: 10
2023-01-21 12:25:10,876 - root - DEBUG - 3.1.2.2 Value: None
2023-01-21 12:25:10,876 - root - DEBUG - 3.1.2.2.1 Value: 229
2023-01-21 12:25:10,876 - root - DEBUG - 3.1.2.2.2 Value: 192
2023-01-21 12:25:10,876 - root - DEBUG - 3.1.2.2.3 Value: 2
2023-01-21 12:25:10,876 - root - DEBUG - 3.1.2.2.4 Value: 10
2023-01-21 12:25:10,876 - root - DEBUG - 3.1.6 Value: None
2023-01-21 12:25:10,876 - root - DEBUG - 3.1.6.1 Value: 0
2023-01-21 12:25:10,876 - root - DEBUG - 3.1.6.2 Value: 0
2023-01-21 12:25:10,876 - root - DEBUG - 3.1.6.3 Value: 12
2023-01-21 12:25:10,876 - root - DEBUG - 3.1.7 Value: 0
2023-01-21 12:25:10,876 - root - DEBUG - 3.1.8 Value: 1
2023-01-21 12:25:10,876 - root - DEBUG - 4 Value: None
2023-01-21 12:25:10,876 - root - DEBUG - 4.1 Value: None
2023-01-21 12:25:10,876 - root - DEBUG - 4.1.1 Value: None
2023-01-21 12:25:10,876 - root - DEBUG - 4.1.1.1 Value: 86
2023-01-21 12:25:10,876 - root - DEBUG - 4.1.1.2 Value: 302
2023-01-21 12:25:10,876 - root - DEBUG - 4.1.1.3 Value: 156
2023-01-21 12:25:10,876 - root - DEBUG - 4.1.1.4 Value: 323
2023-01-21 12:25:10,876 - root - DEBUG - 4.1.1.5 Value: 18
2023-01-21 12:25:10,876 - root - DEBUG - 4.1.1.6 Value: 0
2023-01-21 12:25:10,876 - root - DEBUG - 4.1.1.7 Value: 0
2023-01-21 12:25:10,876 - root - DEBUG - 4.1.1.8 Value: 13
2023-01-21 12:25:10,876 - root - DEBUG - 4.1.1.9 Value: 10
2023-01-21 12:25:10,876 - root - DEBUG - 4.4 Value: None
2023-01-21 12:25:10,876 - root - DEBUG - 4.4.1 Value: None
2023-01-21 12:25:10,876 - root - DEBUG - 4.4.1.1 Value: 199
2023-01-21 12:25:10,876 - root - DEBUG - 4.4.1.2 Value: 302
2023-01-21 12:25:10,876 - root - DEBUG - 4.4.1.3 Value: 241
2023-01-21 12:25:10,876 - root - DEBUG - 4.4.1.4 Value: 323
2023-01-21 12:25:10,876 - root - DEBUG - 4.4.1.5 Value: 18
2023-01-21 12:25:10,876 - root - DEBUG - 4.4.1.6 Value: 0
2023-01-21 12:25:10,876 - root - DEBUG - 4.4.1.7 Value: 0
2023-01-21 12:25:10,876 - root - DEBUG - 4.4.1.8 Value: 13
2023-01-21 12:25:10,876 - root - DEBUG - 4.4.1.9 Value: 10
2023-01-21 12:25:10,876 - root - DEBUG - 4.4.3 Value: 23
2023-01-21 12:25:10,876 - root - DEBUG - 4.7 Value: 0
2023-01-21 12:25:10,876 - root - DEBUG - 5 Value: None
2023-01-21 12:25:10,876 - root - DEBUG - 5.1 Value: None
2023-01-21 12:25:10,876 - root - DEBUG - 5.1.4 Value: 1
2023-01-21 12:25:10,876 - root - DEBUG - 5.1.5 Value: 1
2023-01-21 12:25:10,876 - root - DEBUG - 5.1.6 Value: 0
2023-01-21 12:25:10,876 - root - DEBUG - 9 Value: None
2023-01-21 12:25:10,876 - root - DEBUG - 9.2 Value: None
2023-01-21 12:25:10,876 - root - DEBUG - 9.2.1 Value: 8
2023-01-21 12:25:10,876 - root - DEBUG - 9.2.2 Value: 21
2023-01-21 12:25:10,876 - root - DEBUG - 9.2.3 Value: 24
2023-01-21 12:25:10,876 - root - DEBUG - 9.2.4 Value: 10
2023-01-21 12:25:10,876 - root - DEBUG - 29 Value: None
2023-01-21 12:25:10,876 - root - DEBUG - 29.1 Value: None
2023-01-21 12:25:10,876 - root - DEBUG - 29.1.1 Value: None
2023-01-21 12:25:10,876 - root - DEBUG - 29.1.1.1 Value: None
2023-01-21 12:25:10,876 - root - DEBUG - 29.1.1.1.1 Value: None
2023-01-21 12:25:10,876 - root - DEBUG - 29.1.1.1.1.1 Value: 11
2023-01-21 12:25:10,876 - root - DEBUG - 29.1.1.1.1.2 Value: 192
2023-01-21 12:25:10,876 - root - DEBUG - 29.1.1.1.1.3 Value: 2
2023-01-21 12:25:10,876 - root - DEBUG - 29.1.1.1.1.4 Value: 10
2023-01-21 12:25:10,876 - root - DEBUG - 29.1.1.1.2 Value: None
2023-01-21 12:25:10,876 - root - DEBUG - 29.1.1.1.2.1 Value: 77
2023-01-21 12:25:10,876 - root - DEBUG - 29.1.1.1.2.2 Value: 192
2023-01-21 12:25:10,876 - root - DEBUG - 29.1.1.1.2.3 Value: 2
2023-01-21 12:25:10,876 - root - DEBUG - 29.1.1.1.2.4 Value: 10
2023-01-21 12:25:10,876 - root - DEBUG - 29.1.1.2 Value: None
2023-01-21 12:25:10,876 - root - DEBUG - 29.1.1.2.1 Value: None
2023-01-21 12:25:10,876 - root - DEBUG - 29.1.1.2.1.1 Value: 163
2023-01-21 12:25:10,876 - root - DEBUG - 29.1.1.2.1.2 Value: 192
2023-01-21 12:25:10,876 - root - DEBUG - 29.1.1.2.1.3 Value: 2
2023-01-21 12:25:10,876 - root - DEBUG - 29.1.1.2.1.4 Value: 10
2023-01-21 12:25:10,876 - root - DEBUG - 29.1.1.2.2 Value: None
2023-01-21 12:25:10,876 - root - DEBUG - 29.1.1.2.2.1 Value: 229
2023-01-21 12:25:10,876 - root - DEBUG - 29.1.1.2.2.2 Value: 192
2023-01-21 12:25:10,876 - root - DEBUG - 29.1.1.2.2.3 Value: 2
2023-01-21 12:25:10,876 - root - DEBUG - 29.1.1.2.2.4 Value: 10
2023-01-21 12:25:10,876 - root - DEBUG - 29.1.1.4 Value: 1
2023-01-21 12:25:10,876 - root - DEBUG - 0-Info
2023-01-21 12:25:10,876 - root - DEBUG - 0.1-DeviceId
2023-01-21 12:25:10,876 - root - DEBUG - 2-Background
2023-01-21 12:25:10,876 - root - DEBUG - 2.1-Image
2023-01-21 12:25:10,876 - root - DEBUG - 2.1.1-X
2023-01-21 12:25:10,876 - root - DEBUG - 2.1.2-Y
2023-01-21 12:25:10,891 - root - DEBUG - 2.1.3-ImageIndex
2023-01-21 12:25:10,891 - root - DEBUG - 2.3-Preview
2023-01-21 12:25:10,891 - root - DEBUG - 2.3.1-X
2023-01-21 12:25:10,891 - root - DEBUG - 2.3.2-Y
2023-01-21 12:25:10,891 - root - DEBUG - 2.3.3-ImageIndex
2023-01-21 12:25:10,891 - root - DEBUG - 2.4-PreviewTradChinese
2023-01-21 12:25:10,891 - root - DEBUG - 2.4.1-X
2023-01-21 12:25:10,891 - root - DEBUG - 2.4.2-Y
2023-01-21 12:25:10,891 - root - DEBUG - 2.4.3-ImageIndex
2023-01-21 12:25:10,891 - root - DEBUG - 2.5-PreviewChinese
2023-01-21 12:25:10,891 - root - DEBUG - 2.5.1-X
2023-01-21 12:25:10,891 - root - DEBUG - 2.5.2-Y
2023-01-21 12:25:10,891 - root - DEBUG - 2.5.3-ImageIndex
2023-01-21 12:25:10,891 - root - DEBUG - 3-TimeExtended
2023-01-21 12:25:10,891 - root - DEBUG - 3.1-TimeSeparateDigits
2023-01-21 12:25:10,891 - root - DEBUG - 3.1.1-Hours
2023-01-21 12:25:10,891 - root - DEBUG - 3.1.1.1-Tens
2023-01-21 12:25:10,891 - root - DEBUG - 3.1.1.1.1-X
2023-01-21 12:25:10,891 - root - DEBUG - 3.1.1.1.2-Y
2023-01-21 12:25:10,891 - root - DEBUG - 3.1.1.1.3-ImageIndex
2023-01-21 12:25:10,891 - root - DEBUG - 3.1.1.1.4-ImagesCount
2023-01-21 12:25:10,891 - root - DEBUG - 3.1.1.2-Ones
2023-01-21 12:25:10,891 - root - DEBUG - 3.1.1.2.1-X
2023-01-21 12:25:10,891 - root - DEBUG - 3.1.1.2.2-Y
2023-01-21 12:25:10,891 - root - DEBUG - 3.1.1.2.3-ImageIndex
2023-01-21 12:25:10,891 - root - DEBUG - 3.1.1.2.4-ImagesCount
2023-01-21 12:25:10,891 - root - DEBUG - 3.1.2-Minutes
2023-01-21 12:25:10,891 - root - DEBUG - 3.1.2.1-Tens
2023-01-21 12:25:10,891 - root - DEBUG - 3.1.2.1.1-X
2023-01-21 12:25:10,891 - root - DEBUG - 3.1.2.1.2-Y
2023-01-21 12:25:10,891 - root - DEBUG - 3.1.2.1.3-ImageIndex
2023-01-21 12:25:10,891 - root - DEBUG - 3.1.2.1.4-ImagesCount
2023-01-21 12:25:10,891 - root - DEBUG - 3.1.2.2-Ones
2023-01-21 12:25:10,891 - root - DEBUG - 3.1.2.2.1-X
2023-01-21 12:25:10,891 - root - DEBUG - 3.1.2.2.2-Y
2023-01-21 12:25:10,891 - root - DEBUG - 3.1.2.2.3-ImageIndex
2023-01-21 12:25:10,891 - root - DEBUG - 3.1.2.2.4-ImagesCount
2023-01-21 12:25:10,891 - root - DEBUG - 3.1.6-SeparatorMinutes
2023-01-21 12:25:10,891 - root - DEBUG - 3.1.6.1-X
2023-01-21 12:25:10,891 - root - DEBUG - 3.1.6.2-Y
2023-01-21 12:25:10,891 - root - DEBUG - 3.1.6.3-ImageIndex
2023-01-21 12:25:10,891 - root - DEBUG - 3.1.7-PaddingZeroHours
2023-01-21 12:25:10,891 - root - DEBUG - 3.1.8-PaddingZeroMinutes
2023-01-21 12:25:10,891 - root - DEBUG - 4-Activity
2023-01-21 12:25:10,891 - root - DEBUG - 4.1-Steps
2023-01-21 12:25:10,891 - root - DEBUG - 4.1.1-ImageNumber
2023-01-21 12:25:10,891 - root - DEBUG - 4.1.1.1-TopLeftX
2023-01-21 12:25:10,891 - root - DEBUG - 4.1.1.2-TopLeftY
2023-01-21 12:25:10,891 - root - DEBUG - 4.1.1.3-BottomRightX
2023-01-21 12:25:10,891 - root - DEBUG - 4.1.1.4-BottomRightY
2023-01-21 12:25:10,891 - root - DEBUG - 4.1.1.5-Alignment
2023-01-21 12:25:10,891 - root - DEBUG - 4.1.1.6-Spacing
2023-01-21 12:25:10,891 - root - DEBUG - 4.1.1.7-VerticalOffset
2023-01-21 12:25:10,891 - root - DEBUG - 4.1.1.8-ImageIndex
2023-01-21 12:25:10,891 - root - DEBUG - 4.1.1.9-ImagesCount
2023-01-21 12:25:10,891 - root - DEBUG - 4.4-HeartRate
2023-01-21 12:25:10,891 - root - DEBUG - 4.4.1-ImageNumber
2023-01-21 12:25:10,891 - root - DEBUG - 4.4.1.1-TopLeftX
2023-01-21 12:25:10,891 - root - DEBUG - 4.4.1.2-TopLeftY
2023-01-21 12:25:10,891 - root - DEBUG - 4.4.1.3-BottomRightX
2023-01-21 12:25:10,891 - root - DEBUG - 4.4.1.4-BottomRightY
2023-01-21 12:25:10,891 - root - DEBUG - 4.4.1.5-Alignment
2023-01-21 12:25:10,891 - root - DEBUG - 4.4.1.6-Spacing
2023-01-21 12:25:10,891 - root - DEBUG - 4.4.1.7-VerticalOffset
2023-01-21 12:25:10,891 - root - DEBUG - 4.4.1.8-ImageIndex
2023-01-21 12:25:10,891 - root - DEBUG - 4.4.1.9-ImagesCount
2023-01-21 12:25:10,891 - root - DEBUG - 4.4.3-NoDataImageIndex
2023-01-21 12:25:10,891 - root - DEBUG - 4.7-UnknownLongValue7
2023-01-21 12:25:10,891 - root - DEBUG - 5-DateBlock
2023-01-21 12:25:10,891 - root - DEBUG - 5.1-Date
2023-01-21 12:25:10,891 - root - DEBUG - 5.1.4-PaddingZeroMonth
2023-01-21 12:25:10,891 - root - DEBUG - 5.1.5-PaddingZeroDay
2023-01-21 12:25:10,891 - root - DEBUG - 5.1.6-UnknownBoolean6
2023-01-21 12:25:10,891 - root - DEBUG - 9-Battery
2023-01-21 12:25:10,891 - root - DEBUG - 9.2-ImageProgress
2023-01-21 12:25:10,891 - root - DEBUG - 9.2.1-X
2023-01-21 12:25:10,891 - root - DEBUG - 9.2.2-Y
2023-01-21 12:25:10,891 - root - DEBUG - 9.2.3-ImageIndex
2023-01-21 12:25:10,891 - root - DEBUG - 9.2.4-ImagesCount
2023-01-21 12:25:10,891 - root - DEBUG - 29-AlwaysOnDisplay
2023-01-21 12:25:10,891 - root - DEBUG - 29.1-TimeExtended
2023-01-21 12:25:10,891 - root - DEBUG - 29.1.1-TimeSeparateDigits
2023-01-21 12:25:10,891 - root - DEBUG - 29.1.1.1-Hours
2023-01-21 12:25:10,891 - root - DEBUG - 29.1.1.1.1-Tens
2023-01-21 12:25:10,891 - root - DEBUG - 29.1.1.1.1.1-X
2023-01-21 12:25:10,891 - root - DEBUG - 29.1.1.1.1.2-Y
2023-01-21 12:25:10,891 - root - DEBUG - 29.1.1.1.1.3-ImageIndex
2023-01-21 12:25:10,891 - root - DEBUG - 29.1.1.1.1.4-ImagesCount
2023-01-21 12:25:10,891 - root - DEBUG - 29.1.1.1.2-Ones
2023-01-21 12:25:10,891 - root - DEBUG - 29.1.1.1.2.1-X
2023-01-21 12:25:10,891 - root - DEBUG - 29.1.1.1.2.2-Y
2023-01-21 12:25:10,891 - root - DEBUG - 29.1.1.1.2.3-ImageIndex
2023-01-21 12:25:10,891 - root - DEBUG - 29.1.1.1.2.4-ImagesCount
2023-01-21 12:25:10,891 - root - DEBUG - 29.1.1.2-Minutes
2023-01-21 12:25:10,891 - root - DEBUG - 29.1.1.2.1-Tens
2023-01-21 12:25:10,891 - root - DEBUG - 29.1.1.2.1.1-X
2023-01-21 12:25:10,891 - root - DEBUG - 29.1.1.2.1.2-Y
2023-01-21 12:25:10,891 - root - DEBUG - 29.1.1.2.1.3-ImageIndex
2023-01-21 12:25:10,891 - root - DEBUG - 29.1.1.2.1.4-ImagesCount
2023-01-21 12:25:10,891 - root - DEBUG - 29.1.1.2.2-Ones
2023-01-21 12:25:10,891 - root - DEBUG - 29.1.1.2.2.1-X
2023-01-21 12:25:10,891 - root - DEBUG - 29.1.1.2.2.2-Y
2023-01-21 12:25:10,891 - root - DEBUG - 29.1.1.2.2.3-ImageIndex
2023-01-21 12:25:10,891 - root - DEBUG - 29.1.1.2.2.4-ImagesCount
2023-01-21 12:25:10,891 - root - DEBUG - 29.1.1.4-PaddingZeroHours
2023-01-21 12:25:10,891 - root - DEBUG - generatePreviews
2023-01-21 12:25:10,891 - root - DEBUG - Generating previews...
2023-01-21 12:25:10,891 - root - DEBUG - Generating states done...
2023-01-21 12:25:10,913 - root - DEBUG - >>>>>>>>>>>> 0 <watchFaceParser.models.parameter.Parameter object at 0x0000020ADF2700A0>
2023-01-21 12:25:10,913 - root - DEBUG - >>>>>>>>>>>> 2 <watchFaceParser.models.parameter.Parameter object at 0x0000020ADF2662E0>
2023-01-21 12:25:10,919 - root - DEBUG - >>>>>>>>>>>> 3 <watchFaceParser.models.parameter.Parameter object at 0x0000020ADF26B250>
2023-01-21 12:25:10,925 - root - DEBUG - >>>>>>>>>>>> 4 <watchFaceParser.models.parameter.Parameter object at 0x0000020ADF26C610>
2023-01-21 12:25:10,929 - root - DEBUG - >>>>>>>>>>>> 5 <watchFaceParser.models.parameter.Parameter object at 0x0000020ADF26E280>
2023-01-21 12:25:10,929 - root - DEBUG - >>>>>>>>>>>> 9 <watchFaceParser.models.parameter.Parameter object at 0x0000020ADF26E460>
2023-01-21 12:25:10,929 - root - DEBUG - >>>>>>>>>>>> 29 <watchFaceParser.models.parameter.Parameter object at 0x0000020ADF26E250>
2023-01-21 12:25:10,945 - root - DEBUG - Generating static preview gen done...
2023-01-21 12:25:10,991 - root - DEBUG - Generating static preview save done...
2023-01-21 12:25:10,991 - root - DEBUG - Generating anim preview gen done...
2023-01-21 12:25:10,991 - root - DEBUG - >>>>>>>>>>>> 0 <watchFaceParser.models.parameter.Parameter object at 0x0000020ADF2700A0>
2023-01-21 12:25:10,991 - root - DEBUG - >>>>>>>>>>>> 2 <watchFaceParser.models.parameter.Parameter object at 0x0000020ADF2662E0>
2023-01-21 12:25:10,991 - root - DEBUG - >>>>>>>>>>>> 3 <watchFaceParser.models.parameter.Parameter object at 0x0000020ADF26B250>
2023-01-21 12:25:10,991 - root - DEBUG - >>>>>>>>>>>> 4 <watchFaceParser.models.parameter.Parameter object at 0x0000020ADF26C610>
2023-01-21 12:25:10,991 - root - DEBUG - >>>>>>>>>>>> 5 <watchFaceParser.models.parameter.Parameter object at 0x0000020ADF26E280>
2023-01-21 12:25:11,007 - root - DEBUG - >>>>>>>>>>>> 9 <watchFaceParser.models.parameter.Parameter object at 0x0000020ADF26E460>
2023-01-21 12:25:11,007 - root - DEBUG - >>>>>>>>>>>> 29 <watchFaceParser.models.parameter.Parameter object at 0x0000020ADF26E250>
2023-01-21 12:25:11,125 - root - DEBUG - generatePreviews done
2023-01-21 12:25:11,125 - root - DEBUG - Exporting resources to 'E:\Codez\zepp-gts2mini-wf\11d4f36b8c589c5521fd95d43a23777f'
2023-01-21 12:25:11,127 - root - DEBUG - extracting E:\Codez\zepp-gts2mini-wf\11d4f36b8c589c5521fd95d43a23777f\0000.png...
2023-01-21 12:25:11,144 - root - DEBUG - extracting E:\Codez\zepp-gts2mini-wf\11d4f36b8c589c5521fd95d43a23777f\0001.png...
2023-01-21 12:25:11,167 - root - DEBUG - extracting E:\Codez\zepp-gts2mini-wf\11d4f36b8c589c5521fd95d43a23777f\0002.png...
2023-01-21 12:25:11,169 - root - DEBUG - extracting E:\Codez\zepp-gts2mini-wf\11d4f36b8c589c5521fd95d43a23777f\0003.png...
2023-01-21 12:25:11,171 - root - DEBUG - extracting E:\Codez\zepp-gts2mini-wf\11d4f36b8c589c5521fd95d43a23777f\0004.png...
2023-01-21 12:25:11,173 - root - DEBUG - extracting E:\Codez\zepp-gts2mini-wf\11d4f36b8c589c5521fd95d43a23777f\0005.png...
2023-01-21 12:25:11,175 - root - DEBUG - extracting E:\Codez\zepp-gts2mini-wf\11d4f36b8c589c5521fd95d43a23777f\0006.png...
2023-01-21 12:25:11,176 - root - DEBUG - extracting E:\Codez\zepp-gts2mini-wf\11d4f36b8c589c5521fd95d43a23777f\0007.png...
2023-01-21 12:25:11,178 - root - DEBUG - extracting E:\Codez\zepp-gts2mini-wf\11d4f36b8c589c5521fd95d43a23777f\0008.png...
2023-01-21 12:25:11,180 - root - DEBUG - extracting E:\Codez\zepp-gts2mini-wf\11d4f36b8c589c5521fd95d43a23777f\0009.png...
2023-01-21 12:25:11,181 - root - DEBUG - extracting E:\Codez\zepp-gts2mini-wf\11d4f36b8c589c5521fd95d43a23777f\0010.png...
2023-01-21 12:25:11,183 - root - DEBUG - extracting E:\Codez\zepp-gts2mini-wf\11d4f36b8c589c5521fd95d43a23777f\0011.png...
2023-01-21 12:25:11,185 - root - DEBUG - extracting E:\Codez\zepp-gts2mini-wf\11d4f36b8c589c5521fd95d43a23777f\0012.png...
2023-01-21 12:25:11,197 - root - DEBUG - extracting E:\Codez\zepp-gts2mini-wf\11d4f36b8c589c5521fd95d43a23777f\0013.png...
2023-01-21 12:25:11,198 - root - DEBUG - extracting E:\Codez\zepp-gts2mini-wf\11d4f36b8c589c5521fd95d43a23777f\0014.png...
2023-01-21 12:25:11,199 - root - DEBUG - extracting E:\Codez\zepp-gts2mini-wf\11d4f36b8c589c5521fd95d43a23777f\0015.png...
2023-01-21 12:25:11,199 - root - DEBUG - extracting E:\Codez\zepp-gts2mini-wf\11d4f36b8c589c5521fd95d43a23777f\0016.png...
2023-01-21 12:25:11,199 - root - DEBUG - extracting E:\Codez\zepp-gts2mini-wf\11d4f36b8c589c5521fd95d43a23777f\0017.png...
2023-01-21 12:25:11,199 - root - DEBUG - extracting E:\Codez\zepp-gts2mini-wf\11d4f36b8c589c5521fd95d43a23777f\0018.png...
2023-01-21 12:25:11,199 - root - DEBUG - extracting E:\Codez\zepp-gts2mini-wf\11d4f36b8c589c5521fd95d43a23777f\0019.png...
2023-01-21 12:25:11,199 - root - DEBUG - extracting E:\Codez\zepp-gts2mini-wf\11d4f36b8c589c5521fd95d43a23777f\0020.png...
2023-01-21 12:25:11,199 - root - DEBUG - extracting E:\Codez\zepp-gts2mini-wf\11d4f36b8c589c5521fd95d43a23777f\0021.png...
2023-01-21 12:25:11,199 - root - DEBUG - extracting E:\Codez\zepp-gts2mini-wf\11d4f36b8c589c5521fd95d43a23777f\0022.png...
2023-01-21 12:25:11,199 - root - DEBUG - extracting E:\Codez\zepp-gts2mini-wf\11d4f36b8c589c5521fd95d43a23777f\0023.png...
2023-01-21 12:25:11,199 - root - DEBUG - extracting E:\Codez\zepp-gts2mini-wf\11d4f36b8c589c5521fd95d43a23777f\0024.png...
2023-01-21 12:25:11,199 - root - DEBUG - extracting E:\Codez\zepp-gts2mini-wf\11d4f36b8c589c5521fd95d43a23777f\0025.png...
2023-01-21 12:25:11,199 - root - DEBUG - extracting E:\Codez\zepp-gts2mini-wf\11d4f36b8c589c5521fd95d43a23777f\0026.png...
2023-01-21 12:25:11,215 - root - DEBUG - extracting E:\Codez\zepp-gts2mini-wf\11d4f36b8c589c5521fd95d43a23777f\0027.png...
2023-01-21 12:25:11,215 - root - DEBUG - extracting E:\Codez\zepp-gts2mini-wf\11d4f36b8c589c5521fd95d43a23777f\0028.png...
2023-01-21 12:25:11,215 - root - DEBUG - extracting E:\Codez\zepp-gts2mini-wf\11d4f36b8c589c5521fd95d43a23777f\0029.png...
2023-01-21 12:25:11,215 - root - DEBUG - extracting E:\Codez\zepp-gts2mini-wf\11d4f36b8c589c5521fd95d43a23777f\0030.png...
2023-01-21 12:25:11,230 - root - DEBUG - extracting E:\Codez\zepp-gts2mini-wf\11d4f36b8c589c5521fd95d43a23777f\0031.png...
2023-01-21 12:25:11,230 - root - DEBUG - extracting E:\Codez\zepp-gts2mini-wf\11d4f36b8c589c5521fd95d43a23777f\0032.png...
2023-01-21 12:25:11,230 - root - DEBUG - extracting E:\Codez\zepp-gts2mini-wf\11d4f36b8c589c5521fd95d43a23777f\0033.png...
2023-01-21 12:25:11,230 - root - DEBUG - Exporting config...
