2021-12-27 17:04:51,117 - root - DEBUG - Opening watch face '9ab2ccafb3b7b67fd47cc350236ddffe.bin'
2021-12-27 17:04:51,123 - root - DEBUG - Reading parameters...
2021-12-27 17:04:51,124 - root - INFO - Reading header...
2021-12-27 17:04:51,125 - root - INFO - Header was read:
2021-12-27 17:04:51,125 - root - INFO - Signature: b'UIHH\x01\x00\xff', Unknown: 122, ParametersSize: 70, isValid: True, deviceId: 73
2021-12-27 17:04:51,125 - root - INFO - Reading parameter offsets...
2021-12-27 17:04:51,125 - root - INFO - Parameter offsets were read from file
2021-12-27 17:04:51,125 - root - INFO - Reading parameters descriptor...
2021-12-27 17:04:51,125 - root - INFO - 1 ( A): 5 bytes
2021-12-27 17:04:51,125 - root - INFO -     1 ( 8): 429 1AD
2021-12-27 17:04:51,125 - root - INFO -     2 (10): 61 3D
2021-12-27 17:04:51,125 - root - INFO - getParameters descriptor was read:
2021-12-27 17:04:51,125 - root - INFO - ParametersTableLength: 429, ImagesCount: 61
2021-12-27 17:04:51,125 - root - INFO - Reading parameters locations...
2021-12-27 17:04:51,126 - root - INFO - 2 (12): 4 bytes
2021-12-27 17:04:51,126 - root - INFO -     1 ( 8): 0  0
2021-12-27 17:04:51,126 - root - INFO -     2 (10): 32 20
2021-12-27 17:04:51,126 - root - INFO - 3 (1A): 4 bytes
2021-12-27 17:04:51,126 - root - INFO -     1 ( 8): 32 20
2021-12-27 17:04:51,126 - root - INFO -     2 (10): 82 52
2021-12-27 17:04:51,126 - root - INFO - 4 (22): 5 bytes
2021-12-27 17:04:51,126 - root - INFO -     1 ( 8): 137 89
2021-12-27 17:04:51,126 - root - INFO -     2 (10): 122 7A
2021-12-27 17:04:51,126 - root - INFO - 5 (2A): 4 bytes
2021-12-27 17:04:51,126 - root - INFO -     1 ( 8): 114 72
2021-12-27 17:04:51,127 - root - INFO -     2 (10): 23 17
2021-12-27 17:04:51,127 - root - INFO - 6 (32): 5 bytes
2021-12-27 17:04:51,127 - root - INFO -     1 ( 8): 259 103
2021-12-27 17:04:51,127 - root - INFO -     2 (10): 53 35
2021-12-27 17:04:51,127 - root - INFO - 9 (4A): 5 bytes
2021-12-27 17:04:51,127 - root - INFO -     1 ( 8): 312 138
2021-12-27 17:04:51,127 - root - INFO -     2 (10): 27 1B
2021-12-27 17:04:51,127 - root - INFO - 23 (BA): 5 bytes
2021-12-27 17:04:51,127 - root - INFO -     1 ( 8): 339 153
2021-12-27 17:04:51,127 - root - INFO -     2 (10): 11  B
2021-12-27 17:04:51,127 - root - INFO - 26 (D2): 5 bytes
2021-12-27 17:04:51,128 - root - INFO -     1 ( 8): 350 15E
2021-12-27 17:04:51,128 - root - INFO -     2 (10): 12  C
2021-12-27 17:04:51,128 - root - INFO - 29 (EA): 5 bytes
2021-12-27 17:04:51,128 - root - INFO -     1 ( 8): 362 16A
2021-12-27 17:04:51,128 - root - INFO -     2 (10): 67 43
2021-12-27 17:04:51,128 - root - INFO - Watch face parameters locations were read:
2021-12-27 17:04:51,129 - root - INFO - Reading descriptor for parameter 2
2021-12-27 17:04:51,129 - root - INFO - Descriptor offset: 0, Descriptor length: 32
2021-12-27 17:04:51,129 - root - INFO - Parsing descriptor for parameter 2...
2021-12-27 17:04:51,129 - root - INFO - 1 ( A): 6 bytes
2021-12-27 17:04:51,129 - root - INFO -     1 ( 8): 0  0
2021-12-27 17:04:51,129 - root - INFO -     2 (10): 0  0
2021-12-27 17:04:51,130 - root - INFO -     3 (18): 2  2
2021-12-27 17:04:51,130 - root - INFO - 3 (1A): 6 bytes
2021-12-27 17:04:51,130 - root - INFO -     1 ( 8): 0  0
2021-12-27 17:04:51,130 - root - INFO -     2 (10): 0  0
2021-12-27 17:04:51,130 - root - INFO -     3 (18): 1  1
2021-12-27 17:04:51,130 - root - INFO - 4 (22): 6 bytes
2021-12-27 17:04:51,130 - root - INFO -     1 ( 8): 0  0
2021-12-27 17:04:51,130 - root - INFO -     2 (10): 0  0
2021-12-27 17:04:51,130 - root - INFO -     3 (18): 0  0
2021-12-27 17:04:51,130 - root - INFO - 5 (2A): 6 bytes
2021-12-27 17:04:51,131 - root - INFO -     1 ( 8): 0  0
2021-12-27 17:04:51,131 - root - INFO -     2 (10): 0  0
2021-12-27 17:04:51,131 - root - INFO -     3 (18): 0  0
2021-12-27 17:04:51,131 - root - INFO - Reading descriptor for parameter 3
2021-12-27 17:04:51,131 - root - INFO - Descriptor offset: 32, Descriptor length: 82
2021-12-27 17:04:51,131 - root - INFO - Parsing descriptor for parameter 3...
2021-12-27 17:04:51,131 - root - INFO - 1 ( A): 80 bytes
2021-12-27 17:04:51,132 - root - INFO -     1 ( A): 22 bytes
2021-12-27 17:04:51,132 - root - INFO -         1 ( A): 9 bytes
2021-12-27 17:04:51,132 - root - INFO -             1 ( 8): 39 27
2021-12-27 17:04:51,132 - root - INFO -             2 (10): 132 84
2021-12-27 17:04:51,132 - root - INFO -             3 (18): 3  3
2021-12-27 17:04:51,132 - root - INFO -             4 (20): 10  A
2021-12-27 17:04:51,132 - root - INFO -         2 (12): 9 bytes
2021-12-27 17:04:51,132 - root - INFO -             1 ( 8): 94 5E
2021-12-27 17:04:51,132 - root - INFO -             2 (10): 132 84
2021-12-27 17:04:51,132 - root - INFO -             3 (18): 3  3
2021-12-27 17:04:51,132 - root - INFO -             4 (20): 10  A
2021-12-27 17:04:51,132 - root - INFO -     2 (12): 24 bytes
2021-12-27 17:04:51,133 - root - INFO -         1 ( A): 10 bytes
2021-12-27 17:04:51,133 - root - INFO -             1 ( 8): 165 A5
2021-12-27 17:04:51,133 - root - INFO -             2 (10): 132 84
2021-12-27 17:04:51,133 - root - INFO -             3 (18): 13  D
2021-12-27 17:04:51,133 - root - INFO -             4 (20): 10  A
2021-12-27 17:04:51,133 - root - INFO -         2 (12): 10 bytes
2021-12-27 17:04:51,133 - root - INFO -             1 ( 8): 220 DC
2021-12-27 17:04:51,133 - root - INFO -             2 (10): 132 84
2021-12-27 17:04:51,133 - root - INFO -             3 (18): 13  D
2021-12-27 17:04:51,133 - root - INFO -             4 (20): 10  A
2021-12-27 17:04:51,134 - root - INFO -     3 (1A): 24 bytes
2021-12-27 17:04:51,134 - root - INFO -         1 ( A): 10 bytes
2021-12-27 17:04:51,134 - root - INFO -             1 ( 8): 275 113
2021-12-27 17:04:51,134 - root - INFO -             2 (10): 133 85
2021-12-27 17:04:51,134 - root - INFO -             3 (18): 23 17
2021-12-27 17:04:51,134 - root - INFO -             4 (20): 10  A
2021-12-27 17:04:51,134 - root - INFO -         2 (12): 10 bytes
2021-12-27 17:04:51,134 - root - INFO -             1 ( 8): 288 120
2021-12-27 17:04:51,134 - root - INFO -             2 (10): 133 85
2021-12-27 17:04:51,134 - root - INFO -             3 (18): 23 17
2021-12-27 17:04:51,134 - root - INFO -             4 (20): 10  A
2021-12-27 17:04:51,135 - root - INFO -     7 (38): 0  0
2021-12-27 17:04:51,135 - root - INFO -     8 (40): 1  1
2021-12-27 17:04:51,135 - root - INFO - Reading descriptor for parameter 4
2021-12-27 17:04:51,135 - root - INFO - Descriptor offset: 137, Descriptor length: 122
2021-12-27 17:04:51,135 - root - INFO - Parsing descriptor for parameter 4...
2021-12-27 17:04:51,135 - root - INFO - 1 ( A): 21 bytes
2021-12-27 17:04:51,135 - root - INFO -     1 ( A): 19 bytes
2021-12-27 17:04:51,135 - root - INFO -         1 ( 8): 76 4C
2021-12-27 17:04:51,135 - root - INFO -         2 (10): 22 16
2021-12-27 17:04:51,135 - root - INFO -         3 (18): 144 90
2021-12-27 17:04:51,136 - root - INFO -         4 (20): 42 2A
2021-12-27 17:04:51,136 - root - INFO -         5 (28): 20 14
2021-12-27 17:04:51,136 - root - INFO -         6 (30): 2  2
2021-12-27 17:04:51,136 - root - INFO -         7 (38): 0  0
2021-12-27 17:04:51,136 - root - INFO -         8 (40): 23 17
2021-12-27 17:04:51,136 - root - INFO -         9 (48): 10  A
2021-12-27 17:04:51,136 - root - INFO - 3 (1A): 21 bytes
2021-12-27 17:04:51,136 - root - INFO -     1 ( A): 19 bytes
2021-12-27 17:04:51,136 - root - INFO -         1 ( 8): 90 5A
2021-12-27 17:04:51,136 - root - INFO -         2 (10): 56 38
2021-12-27 17:04:51,136 - root - INFO -         3 (18): 144 90
2021-12-27 17:04:51,136 - root - INFO -         4 (20): 76 4C
2021-12-27 17:04:51,137 - root - INFO -         5 (28): 20 14
2021-12-27 17:04:51,137 - root - INFO -         6 (30): 2  2
2021-12-27 17:04:51,137 - root - INFO -         7 (38): 0  0
2021-12-27 17:04:51,137 - root - INFO -         8 (40): 23 17
2021-12-27 17:04:51,137 - root - INFO -         9 (48): 10  A
2021-12-27 17:04:51,137 - root - INFO - 4 (22): 23 bytes
2021-12-27 17:04:51,137 - root - INFO -     1 ( A): 19 bytes
2021-12-27 17:04:51,137 - root - INFO -         1 ( 8): 104 68
2021-12-27 17:04:51,137 - root - INFO -         2 (10): 90 5A
2021-12-27 17:04:51,137 - root - INFO -         3 (18): 144 90
2021-12-27 17:04:51,137 - root - INFO -         4 (20): 110 6E
2021-12-27 17:04:51,138 - root - INFO -         5 (28): 20 14
2021-12-27 17:04:51,138 - root - INFO -         6 (30): 2  2
2021-12-27 17:04:51,138 - root - INFO -         7 (38): 0  0
2021-12-27 17:04:51,138 - root - INFO -         8 (40): 23 17
2021-12-27 17:04:51,138 - root - INFO -         9 (48): 10  A
2021-12-27 17:04:51,138 - root - INFO -     3 (18): 37 25
2021-12-27 17:04:51,138 - root - INFO - 6 (32): 22 bytes
2021-12-27 17:04:51,138 - root - INFO -     1 ( A): 20 bytes
2021-12-27 17:04:51,138 - root - INFO -         1 ( 8): 222 DE
2021-12-27 17:04:51,138 - root - INFO -         2 (10): 50 32
2021-12-27 17:04:51,138 - root - INFO -         3 (18): 245 F5
2021-12-27 17:04:51,139 - root - INFO -         4 (20): 67 43
2021-12-27 17:04:51,139 - root - INFO -         5 (28): 24 18
2021-12-27 17:04:51,139 - root - INFO -         6 (30): 1  1
2021-12-27 17:04:51,139 - root - INFO -         7 (38): 0  0
2021-12-27 17:04:51,139 - root - INFO -         8 (40): 38 26
2021-12-27 17:04:51,139 - root - INFO -         9 (48): 10  A
2021-12-27 17:04:51,139 - root - INFO - 7 (38): 0  0
2021-12-27 17:04:51,139 - root - INFO - 8 (42): 23 bytes
2021-12-27 17:04:51,139 - root - INFO -     1 ( A): 21 bytes
2021-12-27 17:04:51,139 - root - INFO -         1 ( 8): 118 76
2021-12-27 17:04:51,139 - root - INFO -         2 (10): 246 F6
2021-12-27 17:04:51,139 - root - INFO -         3 (18): 144 90
2021-12-27 17:04:51,140 - root - INFO -         4 (20): 266 10A
2021-12-27 17:04:51,140 - root - INFO -         5 (28): 20 14
2021-12-27 17:04:51,140 - root - INFO -         6 (30): 2  2
2021-12-27 17:04:51,140 - root - INFO -         7 (38): 0  0
2021-12-27 17:04:51,140 - root - INFO -         8 (40): 23 17
2021-12-27 17:04:51,140 - root - INFO -         9 (48): 10  A
2021-12-27 17:04:51,140 - root - INFO - Reading descriptor for parameter 5
2021-12-27 17:04:51,140 - root - INFO - Descriptor offset: 114, Descriptor length: 23
2021-12-27 17:04:51,140 - root - INFO - Parsing descriptor for parameter 5...
2021-12-27 17:04:51,141 - root - INFO - 1 ( A): 6 bytes
2021-12-27 17:04:51,141 - root - INFO -     4 (20): 1  1
2021-12-27 17:04:51,141 - root - INFO -     5 (28): 1  1
2021-12-27 17:04:51,141 - root - INFO -     6 (30): 0  0
2021-12-27 17:04:51,141 - root - INFO - 2 (12): 13 bytes
2021-12-27 17:04:51,141 - root - INFO -     1 ( 8): 3  3
2021-12-27 17:04:51,141 - root - INFO -     2 (10): 196 C4
2021-12-27 17:04:51,141 - root - INFO -     3 (18): 33 21
2021-12-27 17:04:51,141 - root - INFO -     4 (20): 34 22
2021-12-27 17:04:51,141 - root - INFO -     5 (28): 35 23
2021-12-27 17:04:51,141 - root - INFO -     6 (30): 36 24
2021-12-27 17:04:51,142 - root - INFO - Reading descriptor for parameter 6
2021-12-27 17:04:51,142 - root - INFO - Descriptor offset: 259, Descriptor length: 53
2021-12-27 17:04:51,142 - root - INFO - Parsing descriptor for parameter 6...
2021-12-27 17:04:51,142 - root - INFO - 4 (22): 25 bytes
2021-12-27 17:04:51,142 - root - INFO -     1 ( A): 21 bytes
2021-12-27 17:04:51,142 - root - INFO -         1 ( 8): 91 5B
2021-12-27 17:04:51,142 - root - INFO -         2 (10): 280 118
2021-12-27 17:04:51,142 - root - INFO -         3 (18): 144 90
2021-12-27 17:04:51,142 - root - INFO -         4 (20): 300 12C
2021-12-27 17:04:51,142 - root - INFO -         5 (28): 20 14
2021-12-27 17:04:51,142 - root - INFO -         6 (30): 2  2
2021-12-27 17:04:51,143 - root - INFO -         7 (38): 0  0
2021-12-27 17:04:51,143 - root - INFO -         8 (40): 23 17
2021-12-27 17:04:51,143 - root - INFO -         9 (48): 10  A
2021-12-27 17:04:51,143 - root - INFO -     2 (10): 48 30
2021-12-27 17:04:51,143 - root - INFO - 6 (32): 24 bytes
2021-12-27 17:04:51,143 - root - INFO -     1 ( A): 22 bytes
2021-12-27 17:04:51,143 - root - INFO -         1 ( 8): 228 E4
2021-12-27 17:04:51,143 - root - INFO -         2 (10): 280 118
2021-12-27 17:04:51,143 - root - INFO -         3 (18): 239 EF
2021-12-27 17:04:51,143 - root - INFO -         4 (20): 297 129
2021-12-27 17:04:51,143 - root - INFO -         5 (28): 20 14
2021-12-27 17:04:51,144 - root - INFO -         6 (30): 0  0
2021-12-27 17:04:51,144 - root - INFO -         7 (38): 0  0
2021-12-27 17:04:51,144 - root - INFO -         8 (40): 38 26
2021-12-27 17:04:51,144 - root - INFO -         9 (48): 10  A
2021-12-27 17:04:51,144 - root - INFO - Reading descriptor for parameter 9
2021-12-27 17:04:51,144 - root - INFO - Descriptor offset: 312, Descriptor length: 27
2021-12-27 17:04:51,144 - root - INFO - Parsing descriptor for parameter 9...
2021-12-27 17:04:51,144 - root - INFO - 1 ( A): 25 bytes
2021-12-27 17:04:51,144 - root - INFO -     1 ( A): 21 bytes
2021-12-27 17:04:51,145 - root - INFO -         1 ( 8): 91 5B
2021-12-27 17:04:51,145 - root - INFO -         2 (10): 314 13A
2021-12-27 17:04:51,145 - root - INFO -         3 (18): 144 90
2021-12-27 17:04:51,145 - root - INFO -         4 (20): 334 14E
2021-12-27 17:04:51,145 - root - INFO -         5 (28): 20 14
2021-12-27 17:04:51,145 - root - INFO -         6 (30): 2  2
2021-12-27 17:04:51,145 - root - INFO -         7 (38): 0  0
2021-12-27 17:04:51,145 - root - INFO -         8 (40): 23 17
2021-12-27 17:04:51,145 - root - INFO -         9 (48): 10  A
2021-12-27 17:04:51,146 - root - INFO -     4 (20): 48 30
2021-12-27 17:04:51,146 - root - INFO - Reading descriptor for parameter 23
2021-12-27 17:04:51,146 - root - INFO - Descriptor offset: 339, Descriptor length: 11
2021-12-27 17:04:51,146 - root - INFO - Parsing descriptor for parameter 23...
2021-12-27 17:04:51,146 - root - INFO - 2 (12): 9 bytes
2021-12-27 17:04:51,146 - root - INFO -     1 ( 8): 199 C7
2021-12-27 17:04:51,146 - root - INFO -     2 (10): 30 1E
2021-12-27 17:04:51,146 - root - INFO -     3 (18): 49 31
2021-12-27 17:04:51,146 - root - INFO -     4 (20): 12  C
2021-12-27 17:04:51,147 - root - INFO - Reading descriptor for parameter 26
2021-12-27 17:04:51,147 - root - INFO - Descriptor offset: 350, Descriptor length: 12
2021-12-27 17:04:51,147 - root - INFO - Parsing descriptor for parameter 26...
2021-12-27 17:04:51,147 - root - INFO - 1 ( A): 10 bytes
2021-12-27 17:04:51,147 - root - INFO -     1 ( 8): 199 C7
2021-12-27 17:04:51,147 - root - INFO -     2 (10): 260 104
2021-12-27 17:04:51,147 - root - INFO -     3 (18): 49 31
2021-12-27 17:04:51,147 - root - INFO -     4 (20): 12  C
2021-12-27 17:04:51,147 - root - INFO - Reading descriptor for parameter 29
2021-12-27 17:04:51,147 - root - INFO - Descriptor offset: 362, Descriptor length: 67
2021-12-27 17:04:51,148 - root - INFO - Parsing descriptor for parameter 29...
2021-12-27 17:04:51,148 - root - INFO - 1 ( A): 65 bytes
2021-12-27 17:04:51,148 - root - INFO -     1 ( A): 48 bytes
2021-12-27 17:04:51,148 - root - INFO -         1 ( A): 20 bytes
2021-12-27 17:04:51,148 - root - INFO -             1 ( A): 8 bytes
2021-12-27 17:04:51,148 - root - INFO -                 1 ( 8): 31 1F
2021-12-27 17:04:51,148 - root - INFO -                 2 (10): 115 73
2021-12-27 17:04:51,148 - root - INFO -                 3 (18): 13  D
2021-12-27 17:04:51,148 - root - INFO -                 4 (20): 10  A
2021-12-27 17:04:51,148 - root - INFO -             2 (12): 8 bytes
2021-12-27 17:04:51,148 - root - INFO -                 1 ( 8): 87 57
2021-12-27 17:04:51,149 - root - INFO -                 2 (10): 115 73
2021-12-27 17:04:51,149 - root - INFO -                 3 (18): 13  D
2021-12-27 17:04:51,149 - root - INFO -                 4 (20): 10  A
2021-12-27 17:04:51,149 - root - INFO -         2 (12): 22 bytes
2021-12-27 17:04:51,149 - root - INFO -             1 ( A): 9 bytes
2021-12-27 17:04:51,149 - root - INFO -                 1 ( 8): 168 A8
2021-12-27 17:04:51,149 - root - INFO -                 2 (10): 115 73
2021-12-27 17:04:51,150 - root - INFO -                 3 (18): 13  D
2021-12-27 17:04:51,150 - root - INFO -                 4 (20): 10  A
2021-12-27 17:04:51,150 - root - INFO -             2 (12): 9 bytes
2021-12-27 17:04:51,150 - root - INFO -                 1 ( 8): 223 DF
2021-12-27 17:04:51,150 - root - INFO -                 2 (10): 115 73
2021-12-27 17:04:51,150 - root - INFO -                 3 (18): 13  D
2021-12-27 17:04:51,150 - root - INFO -                 4 (20): 10  A
2021-12-27 17:04:51,150 - root - INFO -         4 (20): 1  1
2021-12-27 17:04:51,150 - root - INFO -     4 (22): 13 bytes
2021-12-27 17:04:51,151 - root - INFO -         1 ( 8): 232 E8
2021-12-27 17:04:51,151 - root - INFO -         2 (10): 75 4B
2021-12-27 17:04:51,151 - root - INFO -         3 (18): 33 21
2021-12-27 17:04:51,151 - root - INFO -         4 (20): 34 22
2021-12-27 17:04:51,151 - root - INFO -         5 (28): 35 23
2021-12-27 17:04:51,151 - root - INFO -         6 (30): 36 24
2021-12-27 17:04:51,154 - root - INFO - Reading resources offsets table with 61 elements (244 bytes)
2021-12-27 17:04:51,154 - root - INFO - Resource 0 offset: 830, length: 152476...
2021-12-27 17:04:51,154 - root - DEBUG - Reading resource 0...
2021-12-27 17:04:51,194 - root - INFO - The image is bmc.
2021-12-27 17:04:51,194 - root - INFO - Reading image header(readHeader16C)...
2021-12-27 17:04:51,194 - root - INFO - Image header was read:
2021-12-27 17:04:51,195 - root - INFO - Width: 210, Height: 242, RowLength: 630
2021-12-27 17:04:51,195 - root - INFO - _step: 3, unknown2: 0,
2021-12-27 17:04:51,195 - root - INFO - BPP: 24, Transparency: False
2021-12-27 17:04:51,403 - root - INFO - Resource 1 offset: 153306, length: 152476...
2021-12-27 17:04:51,403 - root - DEBUG - Reading resource 1...
2021-12-27 17:04:51,403 - root - INFO - The image is bmc.
2021-12-27 17:04:51,403 - root - INFO - Reading image header(readHeader16C)...
2021-12-27 17:04:51,403 - root - INFO - Image header was read:
2021-12-27 17:04:51,404 - root - INFO - Width: 210, Height: 242, RowLength: 630
2021-12-27 17:04:51,404 - root - INFO - _step: 3, unknown2: 0,
2021-12-27 17:04:51,404 - root - INFO - BPP: 24, Transparency: False
2021-12-27 17:04:51,621 - root - INFO - Resource 2 offset: 305782, length: 216664...
2021-12-27 17:04:51,621 - root - DEBUG - Reading resource 2...
2021-12-27 17:04:51,621 - root - INFO - The image is bmc.
2021-12-27 17:04:51,622 - root - INFO - Reading image header(readHeader16C)...
2021-12-27 17:04:51,622 - root - INFO - Image header was read:
2021-12-27 17:04:51,622 - root - INFO - Width: 306, Height: 354, RowLength: 612
2021-12-27 17:04:51,622 - root - INFO - _step: 2, unknown2: 0,
2021-12-27 17:04:51,622 - root - INFO - BPP: 16, Transparency: False
2021-12-27 17:04:52,301 - root - INFO - Resource 3 offset: 522446, length: 13480...
2021-12-27 17:04:52,301 - root - DEBUG - Reading resource 3...
2021-12-27 17:04:52,301 - root - INFO - The image is bmc.
2021-12-27 17:04:52,301 - root - INFO - Reading image header(readHeader16C)...
2021-12-27 17:04:52,301 - root - INFO - Image header was read:
2021-12-27 17:04:52,301 - root - INFO - Width: 51, Height: 88, RowLength: 153
2021-12-27 17:04:52,301 - root - INFO - _step: 3, unknown2: 0,
2021-12-27 17:04:52,301 - root - INFO - BPP: 24, Transparency: False
2021-12-27 17:04:52,319 - root - INFO - Resource 4 offset: 535926, length: 13480...
2021-12-27 17:04:52,319 - root - DEBUG - Reading resource 4...
2021-12-27 17:04:52,319 - root - INFO - The image is bmc.
2021-12-27 17:04:52,320 - root - INFO - Reading image header(readHeader16C)...
2021-12-27 17:04:52,320 - root - INFO - Image header was read:
2021-12-27 17:04:52,320 - root - INFO - Width: 51, Height: 88, RowLength: 153
2021-12-27 17:04:52,320 - root - INFO - _step: 3, unknown2: 0,
2021-12-27 17:04:52,320 - root - INFO - BPP: 24, Transparency: False
2021-12-27 17:04:52,337 - root - INFO - Resource 5 offset: 549406, length: 13480...
2021-12-27 17:04:52,337 - root - DEBUG - Reading resource 5...
2021-12-27 17:04:52,338 - root - INFO - The image is bmc.
2021-12-27 17:04:52,338 - root - INFO - Reading image header(readHeader16C)...
2021-12-27 17:04:52,338 - root - INFO - Image header was read:
2021-12-27 17:04:52,338 - root - INFO - Width: 51, Height: 88, RowLength: 153
2021-12-27 17:04:52,338 - root - INFO - _step: 3, unknown2: 0,
2021-12-27 17:04:52,338 - root - INFO - BPP: 24, Transparency: False
2021-12-27 17:04:52,356 - root - INFO - Resource 6 offset: 562886, length: 13480...
2021-12-27 17:04:52,356 - root - DEBUG - Reading resource 6...
2021-12-27 17:04:52,356 - root - INFO - The image is bmc.
2021-12-27 17:04:52,356 - root - INFO - Reading image header(readHeader16C)...
2021-12-27 17:04:52,356 - root - INFO - Image header was read:
2021-12-27 17:04:52,356 - root - INFO - Width: 51, Height: 88, RowLength: 153
2021-12-27 17:04:52,356 - root - INFO - _step: 3, unknown2: 0,
2021-12-27 17:04:52,356 - root - INFO - BPP: 24, Transparency: False
2021-12-27 17:04:52,374 - root - INFO - Resource 7 offset: 576366, length: 13480...
2021-12-27 17:04:52,374 - root - DEBUG - Reading resource 7...
2021-12-27 17:04:52,374 - root - INFO - The image is bmc.
2021-12-27 17:04:52,374 - root - INFO - Reading image header(readHeader16C)...
2021-12-27 17:04:52,374 - root - INFO - Image header was read:
2021-12-27 17:04:52,374 - root - INFO - Width: 51, Height: 88, RowLength: 153
2021-12-27 17:04:52,374 - root - INFO - _step: 3, unknown2: 0,
2021-12-27 17:04:52,374 - root - INFO - BPP: 24, Transparency: False
2021-12-27 17:04:52,392 - root - INFO - Resource 8 offset: 589846, length: 13480...
2021-12-27 17:04:52,392 - root - DEBUG - Reading resource 8...
2021-12-27 17:04:52,392 - root - INFO - The image is bmc.
2021-12-27 17:04:52,392 - root - INFO - Reading image header(readHeader16C)...
2021-12-27 17:04:52,392 - root - INFO - Image header was read:
2021-12-27 17:04:52,392 - root - INFO - Width: 51, Height: 88, RowLength: 153
2021-12-27 17:04:52,392 - root - INFO - _step: 3, unknown2: 0,
2021-12-27 17:04:52,392 - root - INFO - BPP: 24, Transparency: False
2021-12-27 17:04:52,410 - root - INFO - Resource 9 offset: 603326, length: 13480...
2021-12-27 17:04:52,410 - root - DEBUG - Reading resource 9...
2021-12-27 17:04:52,410 - root - INFO - The image is bmc.
2021-12-27 17:04:52,410 - root - INFO - Reading image header(readHeader16C)...
2021-12-27 17:04:52,410 - root - INFO - Image header was read:
2021-12-27 17:04:52,411 - root - INFO - Width: 51, Height: 88, RowLength: 153
2021-12-27 17:04:52,411 - root - INFO - _step: 3, unknown2: 0,
2021-12-27 17:04:52,411 - root - INFO - BPP: 24, Transparency: False
2021-12-27 17:04:52,428 - root - INFO - Resource 10 offset: 616806, length: 13480...
2021-12-27 17:04:52,429 - root - DEBUG - Reading resource 10...
2021-12-27 17:04:52,429 - root - INFO - The image is bmc.
2021-12-27 17:04:52,429 - root - INFO - Reading image header(readHeader16C)...
2021-12-27 17:04:52,429 - root - INFO - Image header was read:
2021-12-27 17:04:52,429 - root - INFO - Width: 51, Height: 88, RowLength: 153
2021-12-27 17:04:52,429 - root - INFO - _step: 3, unknown2: 0,
2021-12-27 17:04:52,429 - root - INFO - BPP: 24, Transparency: False
2021-12-27 17:04:52,447 - root - INFO - Resource 11 offset: 630286, length: 13480...
2021-12-27 17:04:52,447 - root - DEBUG - Reading resource 11...
2021-12-27 17:04:52,447 - root - INFO - The image is bmc.
2021-12-27 17:04:52,448 - root - INFO - Reading image header(readHeader16C)...
2021-12-27 17:04:52,448 - root - INFO - Image header was read:
2021-12-27 17:04:52,448 - root - INFO - Width: 51, Height: 88, RowLength: 153
2021-12-27 17:04:52,448 - root - INFO - _step: 3, unknown2: 0,
2021-12-27 17:04:52,448 - root - INFO - BPP: 24, Transparency: False
2021-12-27 17:04:52,466 - root - INFO - Resource 12 offset: 643766, length: 13480...
2021-12-27 17:04:52,466 - root - DEBUG - Reading resource 12...
2021-12-27 17:04:52,466 - root - INFO - The image is bmc.
2021-12-27 17:04:52,466 - root - INFO - Reading image header(readHeader16C)...
2021-12-27 17:04:52,466 - root - INFO - Image header was read:
2021-12-27 17:04:52,466 - root - INFO - Width: 51, Height: 88, RowLength: 153
2021-12-27 17:04:52,466 - root - INFO - _step: 3, unknown2: 0,
2021-12-27 17:04:52,466 - root - INFO - BPP: 24, Transparency: False
2021-12-27 17:04:52,484 - root - INFO - Resource 13 offset: 657246, length: 13480...
2021-12-27 17:04:52,484 - root - DEBUG - Reading resource 13...
2021-12-27 17:04:52,484 - root - INFO - The image is bmc.
2021-12-27 17:04:52,484 - root - INFO - Reading image header(readHeader16C)...
2021-12-27 17:04:52,484 - root - INFO - Image header was read:
2021-12-27 17:04:52,484 - root - INFO - Width: 51, Height: 88, RowLength: 153
2021-12-27 17:04:52,484 - root - INFO - _step: 3, unknown2: 0,
2021-12-27 17:04:52,484 - root - INFO - BPP: 24, Transparency: False
2021-12-27 17:04:52,502 - root - INFO - Resource 14 offset: 670726, length: 13480...
2021-12-27 17:04:52,502 - root - DEBUG - Reading resource 14...
2021-12-27 17:04:52,502 - root - INFO - The image is bmc.
2021-12-27 17:04:52,502 - root - INFO - Reading image header(readHeader16C)...
2021-12-27 17:04:52,502 - root - INFO - Image header was read:
2021-12-27 17:04:52,503 - root - INFO - Width: 51, Height: 88, RowLength: 153
2021-12-27 17:04:52,503 - root - INFO - _step: 3, unknown2: 0,
2021-12-27 17:04:52,503 - root - INFO - BPP: 24, Transparency: False
2021-12-27 17:04:52,520 - root - INFO - Resource 15 offset: 684206, length: 13480...
2021-12-27 17:04:52,521 - root - DEBUG - Reading resource 15...
2021-12-27 17:04:52,521 - root - INFO - The image is bmc.
2021-12-27 17:04:52,521 - root - INFO - Reading image header(readHeader16C)...
2021-12-27 17:04:52,521 - root - INFO - Image header was read:
2021-12-27 17:04:52,521 - root - INFO - Width: 51, Height: 88, RowLength: 153
2021-12-27 17:04:52,521 - root - INFO - _step: 3, unknown2: 0,
2021-12-27 17:04:52,521 - root - INFO - BPP: 24, Transparency: False
2021-12-27 17:04:52,539 - root - INFO - Resource 16 offset: 697686, length: 13480...
2021-12-27 17:04:52,539 - root - DEBUG - Reading resource 16...
2021-12-27 17:04:52,539 - root - INFO - The image is bmc.
2021-12-27 17:04:52,539 - root - INFO - Reading image header(readHeader16C)...
2021-12-27 17:04:52,539 - root - INFO - Image header was read:
2021-12-27 17:04:52,539 - root - INFO - Width: 51, Height: 88, RowLength: 153
2021-12-27 17:04:52,540 - root - INFO - _step: 3, unknown2: 0,
2021-12-27 17:04:52,540 - root - INFO - BPP: 24, Transparency: False
2021-12-27 17:04:52,557 - root - INFO - Resource 17 offset: 711166, length: 13480...
2021-12-27 17:04:52,558 - root - DEBUG - Reading resource 17...
2021-12-27 17:04:52,558 - root - INFO - The image is bmc.
2021-12-27 17:04:52,558 - root - INFO - Reading image header(readHeader16C)...
2021-12-27 17:04:52,558 - root - INFO - Image header was read:
2021-12-27 17:04:52,558 - root - INFO - Width: 51, Height: 88, RowLength: 153
2021-12-27 17:04:52,558 - root - INFO - _step: 3, unknown2: 0,
2021-12-27 17:04:52,558 - root - INFO - BPP: 24, Transparency: False
2021-12-27 17:04:52,576 - root - INFO - Resource 18 offset: 724646, length: 13480...
2021-12-27 17:04:52,576 - root - DEBUG - Reading resource 18...
2021-12-27 17:04:52,576 - root - INFO - The image is bmc.
2021-12-27 17:04:52,577 - root - INFO - Reading image header(readHeader16C)...
2021-12-27 17:04:52,577 - root - INFO - Image header was read:
2021-12-27 17:04:52,577 - root - INFO - Width: 51, Height: 88, RowLength: 153
2021-12-27 17:04:52,577 - root - INFO - _step: 3, unknown2: 0,
2021-12-27 17:04:52,577 - root - INFO - BPP: 24, Transparency: False
2021-12-27 17:04:52,595 - root - INFO - Resource 19 offset: 738126, length: 13480...
2021-12-27 17:04:52,595 - root - DEBUG - Reading resource 19...
2021-12-27 17:04:52,595 - root - INFO - The image is bmc.
2021-12-27 17:04:52,595 - root - INFO - Reading image header(readHeader16C)...
2021-12-27 17:04:52,595 - root - INFO - Image header was read:
2021-12-27 17:04:52,595 - root - INFO - Width: 51, Height: 88, RowLength: 153
2021-12-27 17:04:52,595 - root - INFO - _step: 3, unknown2: 0,
2021-12-27 17:04:52,595 - root - INFO - BPP: 24, Transparency: False
2021-12-27 17:04:52,614 - root - INFO - Resource 20 offset: 751606, length: 13480...
2021-12-27 17:04:52,614 - root - DEBUG - Reading resource 20...
2021-12-27 17:04:52,614 - root - INFO - The image is bmc.
2021-12-27 17:04:52,614 - root - INFO - Reading image header(readHeader16C)...
2021-12-27 17:04:52,614 - root - INFO - Image header was read:
2021-12-27 17:04:52,614 - root - INFO - Width: 51, Height: 88, RowLength: 153
2021-12-27 17:04:52,614 - root - INFO - _step: 3, unknown2: 0,
2021-12-27 17:04:52,614 - root - INFO - BPP: 24, Transparency: False
2021-12-27 17:04:52,632 - root - INFO - Resource 21 offset: 765086, length: 13480...
2021-12-27 17:04:52,632 - root - DEBUG - Reading resource 21...
2021-12-27 17:04:52,632 - root - INFO - The image is bmc.
2021-12-27 17:04:52,632 - root - INFO - Reading image header(readHeader16C)...
2021-12-27 17:04:52,632 - root - INFO - Image header was read:
2021-12-27 17:04:52,632 - root - INFO - Width: 51, Height: 88, RowLength: 153
2021-12-27 17:04:52,632 - root - INFO - _step: 3, unknown2: 0,
2021-12-27 17:04:52,632 - root - INFO - BPP: 24, Transparency: False
2021-12-27 17:04:52,650 - root - INFO - Resource 22 offset: 778566, length: 13480...
2021-12-27 17:04:52,650 - root - DEBUG - Reading resource 22...
2021-12-27 17:04:52,650 - root - INFO - The image is bmc.
2021-12-27 17:04:52,650 - root - INFO - Reading image header(readHeader16C)...
2021-12-27 17:04:52,650 - root - INFO - Image header was read:
2021-12-27 17:04:52,650 - root - INFO - Width: 51, Height: 88, RowLength: 153
2021-12-27 17:04:52,650 - root - INFO - _step: 3, unknown2: 0,
2021-12-27 17:04:52,651 - root - INFO - BPP: 24, Transparency: False
2021-12-27 17:04:52,668 - root - INFO - Resource 23 offset: 792046, length: 736...
2021-12-27 17:04:52,668 - root - DEBUG - Reading resource 23...
2021-12-27 17:04:52,668 - root - INFO - The image is bmc.
2021-12-27 17:04:52,669 - root - INFO - Reading image header(readHeader16C)...
2021-12-27 17:04:52,669 - root - INFO - Image header was read:
2021-12-27 17:04:52,669 - root - INFO - Width: 12, Height: 20, RowLength: 36
2021-12-27 17:04:52,669 - root - INFO - _step: 3, unknown2: 0,
2021-12-27 17:04:52,669 - root - INFO - BPP: 24, Transparency: False
2021-12-27 17:04:52,670 - root - INFO - Resource 24 offset: 792782, length: 736...
2021-12-27 17:04:52,670 - root - DEBUG - Reading resource 24...
2021-12-27 17:04:52,670 - root - INFO - The image is bmc.
2021-12-27 17:04:52,670 - root - INFO - Reading image header(readHeader16C)...
2021-12-27 17:04:52,670 - root - INFO - Image header was read:
2021-12-27 17:04:52,670 - root - INFO - Width: 12, Height: 20, RowLength: 36
2021-12-27 17:04:52,670 - root - INFO - _step: 3, unknown2: 0,
2021-12-27 17:04:52,670 - root - INFO - BPP: 24, Transparency: False
2021-12-27 17:04:52,671 - root - INFO - Resource 25 offset: 793518, length: 736...
2021-12-27 17:04:52,672 - root - DEBUG - Reading resource 25...
2021-12-27 17:04:52,672 - root - INFO - The image is bmc.
2021-12-27 17:04:52,672 - root - INFO - Reading image header(readHeader16C)...
2021-12-27 17:04:52,672 - root - INFO - Image header was read:
2021-12-27 17:04:52,672 - root - INFO - Width: 12, Height: 20, RowLength: 36
2021-12-27 17:04:52,672 - root - INFO - _step: 3, unknown2: 0,
2021-12-27 17:04:52,672 - root - INFO - BPP: 24, Transparency: False
2021-12-27 17:04:52,673 - root - INFO - Resource 26 offset: 794254, length: 736...
2021-12-27 17:04:52,673 - root - DEBUG - Reading resource 26...
2021-12-27 17:04:52,673 - root - INFO - The image is bmc.
2021-12-27 17:04:52,673 - root - INFO - Reading image header(readHeader16C)...
2021-12-27 17:04:52,673 - root - INFO - Image header was read:
2021-12-27 17:04:52,673 - root - INFO - Width: 12, Height: 20, RowLength: 36
2021-12-27 17:04:52,673 - root - INFO - _step: 3, unknown2: 0,
2021-12-27 17:04:52,674 - root - INFO - BPP: 24, Transparency: False
2021-12-27 17:04:52,675 - root - INFO - Resource 27 offset: 794990, length: 736...
2021-12-27 17:04:52,675 - root - DEBUG - Reading resource 27...
2021-12-27 17:04:52,675 - root - INFO - The image is bmc.
2021-12-27 17:04:52,675 - root - INFO - Reading image header(readHeader16C)...
2021-12-27 17:04:52,675 - root - INFO - Image header was read:
2021-12-27 17:04:52,675 - root - INFO - Width: 12, Height: 20, RowLength: 36
2021-12-27 17:04:52,675 - root - INFO - _step: 3, unknown2: 0,
2021-12-27 17:04:52,675 - root - INFO - BPP: 24, Transparency: False
2021-12-27 17:04:52,676 - root - INFO - Resource 28 offset: 795726, length: 736...
2021-12-27 17:04:52,676 - root - DEBUG - Reading resource 28...
2021-12-27 17:04:52,676 - root - INFO - The image is bmc.
2021-12-27 17:04:52,676 - root - INFO - Reading image header(readHeader16C)...
2021-12-27 17:04:52,677 - root - INFO - Image header was read:
2021-12-27 17:04:52,677 - root - INFO - Width: 12, Height: 20, RowLength: 36
2021-12-27 17:04:52,677 - root - INFO - _step: 3, unknown2: 0,
2021-12-27 17:04:52,677 - root - INFO - BPP: 24, Transparency: False
2021-12-27 17:04:52,678 - root - INFO - Resource 29 offset: 796462, length: 736...
2021-12-27 17:04:52,678 - root - DEBUG - Reading resource 29...
2021-12-27 17:04:52,678 - root - INFO - The image is bmc.
2021-12-27 17:04:52,678 - root - INFO - Reading image header(readHeader16C)...
2021-12-27 17:04:52,678 - root - INFO - Image header was read:
2021-12-27 17:04:52,678 - root - INFO - Width: 12, Height: 20, RowLength: 36
2021-12-27 17:04:52,679 - root - INFO - _step: 3, unknown2: 0,
2021-12-27 17:04:52,679 - root - INFO - BPP: 24, Transparency: False
2021-12-27 17:04:52,680 - root - INFO - Resource 30 offset: 797198, length: 736...
2021-12-27 17:04:52,680 - root - DEBUG - Reading resource 30...
2021-12-27 17:04:52,680 - root - INFO - The image is bmc.
2021-12-27 17:04:52,680 - root - INFO - Reading image header(readHeader16C)...
2021-12-27 17:04:52,680 - root - INFO - Image header was read:
2021-12-27 17:04:52,680 - root - INFO - Width: 12, Height: 20, RowLength: 36
2021-12-27 17:04:52,680 - root - INFO - _step: 3, unknown2: 0,
2021-12-27 17:04:52,680 - root - INFO - BPP: 24, Transparency: False
2021-12-27 17:04:52,681 - root - INFO - Resource 31 offset: 797934, length: 736...
2021-12-27 17:04:52,681 - root - DEBUG - Reading resource 31...
2021-12-27 17:04:52,681 - root - INFO - The image is bmc.
2021-12-27 17:04:52,681 - root - INFO - Reading image header(readHeader16C)...
2021-12-27 17:04:52,681 - root - INFO - Image header was read:
2021-12-27 17:04:52,682 - root - INFO - Width: 12, Height: 20, RowLength: 36
2021-12-27 17:04:52,682 - root - INFO - _step: 3, unknown2: 0,
2021-12-27 17:04:52,682 - root - INFO - BPP: 24, Transparency: False
2021-12-27 17:04:52,683 - root - INFO - Resource 32 offset: 798670, length: 736...
2021-12-27 17:04:52,683 - root - DEBUG - Reading resource 32...
2021-12-27 17:04:52,683 - root - INFO - The image is bmc.
2021-12-27 17:04:52,683 - root - INFO - Reading image header(readHeader16C)...
2021-12-27 17:04:52,683 - root - INFO - Image header was read:
2021-12-27 17:04:52,683 - root - INFO - Width: 12, Height: 20, RowLength: 36
2021-12-27 17:04:52,683 - root - INFO - _step: 3, unknown2: 0,
2021-12-27 17:04:52,683 - root - INFO - BPP: 24, Transparency: False
2021-12-27 17:04:52,684 - root - INFO - Resource 33 offset: 799406, length: 692...
2021-12-27 17:04:52,684 - root - DEBUG - Reading resource 33...
2021-12-27 17:04:52,684 - root - INFO - The image is bme.
2021-12-27 17:04:52,685 - root - INFO - Reading image header(readHeader16E)...
2021-12-27 17:04:52,685 - root - INFO - Image header was read:
2021-12-27 17:04:52,685 - root - INFO - Width: 36, Height: 25, RowLength: 72
2021-12-27 17:04:52,685 - root - INFO - datalength: 676, _step: 2
2021-12-27 17:04:52,685 - root - INFO - BPP: 16, Transparency: False
2021-12-27 17:04:52,686 - root - INFO - Resource 34 offset: 800098, length: 732...
2021-12-27 17:04:52,686 - root - DEBUG - Reading resource 34...
2021-12-27 17:04:52,686 - root - INFO - The image is bme.
2021-12-27 17:04:52,686 - root - INFO - Reading image header(readHeader16E)...
2021-12-27 17:04:52,686 - root - INFO - Image header was read:
2021-12-27 17:04:52,686 - root - INFO - Width: 36, Height: 25, RowLength: 72
2021-12-27 17:04:52,686 - root - INFO - datalength: 716, _step: 2
2021-12-27 17:04:52,686 - root - INFO - BPP: 16, Transparency: False
2021-12-27 17:04:52,688 - root - INFO - Resource 35 offset: 800830, length: 926...
2021-12-27 17:04:52,688 - root - DEBUG - Reading resource 35...
2021-12-27 17:04:52,688 - root - INFO - The image is bme.
2021-12-27 17:04:52,688 - root - INFO - Reading image header(readHeader16E)...
2021-12-27 17:04:52,688 - root - INFO - Image header was read:
2021-12-27 17:04:52,688 - root - INFO - Width: 36, Height: 25, RowLength: 72
2021-12-27 17:04:52,688 - root - INFO - datalength: 910, _step: 2
2021-12-27 17:04:52,688 - root - INFO - BPP: 16, Transparency: False
2021-12-27 17:04:52,690 - root - INFO - Resource 36 offset: 801756, length: 886...
2021-12-27 17:04:52,690 - root - DEBUG - Reading resource 36...
2021-12-27 17:04:52,690 - root - INFO - The image is bme.
2021-12-27 17:04:52,690 - root - INFO - Reading image header(readHeader16E)...
2021-12-27 17:04:52,690 - root - INFO - Image header was read:
2021-12-27 17:04:52,690 - root - INFO - Width: 36, Height: 25, RowLength: 72
2021-12-27 17:04:52,690 - root - INFO - datalength: 870, _step: 2
2021-12-27 17:04:52,690 - root - INFO - BPP: 16, Transparency: False
2021-12-27 17:04:52,691 - root - INFO - Resource 37 offset: 802642, length: 176...
2021-12-27 17:04:52,692 - root - DEBUG - Reading resource 37...
2021-12-27 17:04:52,692 - root - INFO - The image is bme.
2021-12-27 17:04:52,692 - root - INFO - Reading image header(readHeader16E)...
2021-12-27 17:04:52,692 - root - INFO - Image header was read:
2021-12-27 17:04:52,692 - root - INFO - Width: 19, Height: 20, RowLength: 38
2021-12-27 17:04:52,692 - root - INFO - datalength: 160, _step: 2
2021-12-27 17:04:52,692 - root - INFO - BPP: 16, Transparency: False
2021-12-27 17:04:52,692 - root - INFO - Resource 38 offset: 802818, length: 368...
2021-12-27 17:04:52,692 - root - DEBUG - Reading resource 38...
2021-12-27 17:04:52,693 - root - INFO - The image is bme.
2021-12-27 17:04:52,693 - root - INFO - Reading image header(readHeader16E)...
2021-12-27 17:04:52,693 - root - INFO - Image header was read:
2021-12-27 17:04:52,693 - root - INFO - Width: 11, Height: 17, RowLength: 22
2021-12-27 17:04:52,693 - root - INFO - datalength: 352, _step: 2
2021-12-27 17:04:52,693 - root - INFO - BPP: 16, Transparency: False
2021-12-27 17:04:52,694 - root - INFO - Resource 39 offset: 803186, length: 210...
2021-12-27 17:04:52,694 - root - DEBUG - Reading resource 39...
2021-12-27 17:04:52,694 - root - INFO - The image is bme.
2021-12-27 17:04:52,694 - root - INFO - Reading image header(readHeader16E)...
2021-12-27 17:04:52,694 - root - INFO - Image header was read:
2021-12-27 17:04:52,694 - root - INFO - Width: 11, Height: 17, RowLength: 22
2021-12-27 17:04:52,694 - root - INFO - datalength: 194, _step: 2
2021-12-27 17:04:52,694 - root - INFO - BPP: 16, Transparency: False
2021-12-27 17:04:52,695 - root - INFO - Resource 40 offset: 803396, length: 308...
2021-12-27 17:04:52,695 - root - DEBUG - Reading resource 40...
2021-12-27 17:04:52,695 - root - INFO - The image is bme.
2021-12-27 17:04:52,695 - root - INFO - Reading image header(readHeader16E)...
2021-12-27 17:04:52,695 - root - INFO - Image header was read:
2021-12-27 17:04:52,695 - root - INFO - Width: 11, Height: 17, RowLength: 22
2021-12-27 17:04:52,695 - root - INFO - datalength: 292, _step: 2
2021-12-27 17:04:52,695 - root - INFO - BPP: 16, Transparency: False
2021-12-27 17:04:52,696 - root - INFO - Resource 41 offset: 803704, length: 310...
2021-12-27 17:04:52,696 - root - DEBUG - Reading resource 41...
2021-12-27 17:04:52,696 - root - INFO - The image is bme.
2021-12-27 17:04:52,696 - root - INFO - Reading image header(readHeader16E)...
2021-12-27 17:04:52,696 - root - INFO - Image header was read:
2021-12-27 17:04:52,696 - root - INFO - Width: 11, Height: 17, RowLength: 22
2021-12-27 17:04:52,696 - root - INFO - datalength: 294, _step: 2
2021-12-27 17:04:52,696 - root - INFO - BPP: 16, Transparency: False
2021-12-27 17:04:52,697 - root - INFO - Resource 42 offset: 804014, length: 306...
2021-12-27 17:04:52,697 - root - DEBUG - Reading resource 42...
2021-12-27 17:04:52,697 - root - INFO - The image is bme.
2021-12-27 17:04:52,697 - root - INFO - Reading image header(readHeader16E)...
2021-12-27 17:04:52,697 - root - INFO - Image header was read:
2021-12-27 17:04:52,697 - root - INFO - Width: 11, Height: 17, RowLength: 22
2021-12-27 17:04:52,697 - root - INFO - datalength: 290, _step: 2
2021-12-27 17:04:52,697 - root - INFO - BPP: 16, Transparency: False
2021-12-27 17:04:52,698 - root - INFO - Resource 43 offset: 804320, length: 344...
2021-12-27 17:04:52,698 - root - DEBUG - Reading resource 43...
2021-12-27 17:04:52,698 - root - INFO - The image is bme.
2021-12-27 17:04:52,698 - root - INFO - Reading image header(readHeader16E)...
2021-12-27 17:04:52,698 - root - INFO - Image header was read:
2021-12-27 17:04:52,698 - root - INFO - Width: 11, Height: 17, RowLength: 22
2021-12-27 17:04:52,698 - root - INFO - datalength: 328, _step: 2
2021-12-27 17:04:52,698 - root - INFO - BPP: 16, Transparency: False
2021-12-27 17:04:52,699 - root - INFO - Resource 44 offset: 804664, length: 336...
2021-12-27 17:04:52,699 - root - DEBUG - Reading resource 44...
2021-12-27 17:04:52,699 - root - INFO - The image is bme.
2021-12-27 17:04:52,699 - root - INFO - Reading image header(readHeader16E)...
2021-12-27 17:04:52,699 - root - INFO - Image header was read:
2021-12-27 17:04:52,699 - root - INFO - Width: 11, Height: 17, RowLength: 22
2021-12-27 17:04:52,699 - root - INFO - datalength: 320, _step: 2
2021-12-27 17:04:52,699 - root - INFO - BPP: 16, Transparency: False
2021-12-27 17:04:52,700 - root - INFO - Resource 45 offset: 805000, length: 278...
2021-12-27 17:04:52,700 - root - DEBUG - Reading resource 45...
2021-12-27 17:04:52,700 - root - INFO - The image is bme.
2021-12-27 17:04:52,700 - root - INFO - Reading image header(readHeader16E)...
2021-12-27 17:04:52,700 - root - INFO - Image header was read:
2021-12-27 17:04:52,700 - root - INFO - Width: 11, Height: 17, RowLength: 22
2021-12-27 17:04:52,700 - root - INFO - datalength: 262, _step: 2
2021-12-27 17:04:52,700 - root - INFO - BPP: 16, Transparency: False
2021-12-27 17:04:52,701 - root - INFO - Resource 46 offset: 805278, length: 360...
2021-12-27 17:04:52,701 - root - DEBUG - Reading resource 46...
2021-12-27 17:04:52,701 - root - INFO - The image is bme.
2021-12-27 17:04:52,701 - root - INFO - Reading image header(readHeader16E)...
2021-12-27 17:04:52,701 - root - INFO - Image header was read:
2021-12-27 17:04:52,701 - root - INFO - Width: 11, Height: 17, RowLength: 22
2021-12-27 17:04:52,701 - root - INFO - datalength: 344, _step: 2
2021-12-27 17:04:52,701 - root - INFO - BPP: 16, Transparency: False
2021-12-27 17:04:52,702 - root - INFO - Resource 47 offset: 805638, length: 336...
2021-12-27 17:04:52,702 - root - DEBUG - Reading resource 47...
2021-12-27 17:04:52,702 - root - INFO - The image is bme.
2021-12-27 17:04:52,702 - root - INFO - Reading image header(readHeader16E)...
2021-12-27 17:04:52,702 - root - INFO - Image header was read:
2021-12-27 17:04:52,702 - root - INFO - Width: 11, Height: 17, RowLength: 22
2021-12-27 17:04:52,702 - root - INFO - datalength: 320, _step: 2
2021-12-27 17:04:52,702 - root - INFO - BPP: 16, Transparency: False
2021-12-27 17:04:52,703 - root - INFO - Resource 48 offset: 805974, length: 340...
2021-12-27 17:04:52,703 - root - DEBUG - Reading resource 48...
2021-12-27 17:04:52,703 - root - INFO - The image is bme.
2021-12-27 17:04:52,703 - root - INFO - Reading image header(readHeader16E)...
2021-12-27 17:04:52,703 - root - INFO - Image header was read:
2021-12-27 17:04:52,703 - root - INFO - Width: 11, Height: 20, RowLength: 22
2021-12-27 17:04:52,704 - root - INFO - datalength: 324, _step: 2
2021-12-27 17:04:52,704 - root - INFO - BPP: 16, Transparency: False
2021-12-27 17:04:52,704 - root - INFO - Resource 49 offset: 806314, length: 194...
2021-12-27 17:04:52,704 - root - DEBUG - Reading resource 49...
2021-12-27 17:04:52,704 - root - INFO - The image is bme.
2021-12-27 17:04:52,704 - root - INFO - Reading image header(readHeader16E)...
2021-12-27 17:04:52,704 - root - INFO - Image header was read:
2021-12-27 17:04:52,705 - root - INFO - Width: 68, Height: 68, RowLength: 136
2021-12-27 17:04:52,705 - root - INFO - datalength: 178, _step: 2
2021-12-27 17:04:52,705 - root - INFO - BPP: 16, Transparency: False
2021-12-27 17:04:52,705 - root - INFO - Resource 50 offset: 806508, length: 366...
2021-12-27 17:04:52,705 - root - DEBUG - Reading resource 50...
2021-12-27 17:04:52,705 - root - INFO - The image is bme.
2021-12-27 17:04:52,705 - root - INFO - Reading image header(readHeader16E)...
2021-12-27 17:04:52,705 - root - INFO - Image header was read:
2021-12-27 17:04:52,705 - root - INFO - Width: 68, Height: 68, RowLength: 136
2021-12-27 17:04:52,705 - root - INFO - datalength: 350, _step: 2
2021-12-27 17:04:52,706 - root - INFO - BPP: 16, Transparency: False
2021-12-27 17:04:52,706 - root - INFO - Resource 51 offset: 806874, length: 566...
2021-12-27 17:04:52,706 - root - DEBUG - Reading resource 51...
2021-12-27 17:04:52,706 - root - INFO - The image is bme.
2021-12-27 17:04:52,706 - root - INFO - Reading image header(readHeader16E)...
2021-12-27 17:04:52,707 - root - INFO - Image header was read:
2021-12-27 17:04:52,707 - root - INFO - Width: 68, Height: 68, RowLength: 136
2021-12-27 17:04:52,707 - root - INFO - datalength: 550, _step: 2
2021-12-27 17:04:52,707 - root - INFO - BPP: 16, Transparency: False
2021-12-27 17:04:52,708 - root - INFO - Resource 52 offset: 807440, length: 786...
2021-12-27 17:04:52,708 - root - DEBUG - Reading resource 52...
2021-12-27 17:04:52,708 - root - INFO - The image is bme.
2021-12-27 17:04:52,708 - root - INFO - Reading image header(readHeader16E)...
2021-12-27 17:04:52,708 - root - INFO - Image header was read:
2021-12-27 17:04:52,708 - root - INFO - Width: 68, Height: 68, RowLength: 136
2021-12-27 17:04:52,708 - root - INFO - datalength: 770, _step: 2
2021-12-27 17:04:52,708 - root - INFO - BPP: 16, Transparency: False
2021-12-27 17:04:52,710 - root - INFO - Resource 53 offset: 808226, length: 970...
2021-12-27 17:04:52,710 - root - DEBUG - Reading resource 53...
2021-12-27 17:04:52,710 - root - INFO - The image is bme.
2021-12-27 17:04:52,710 - root - INFO - Reading image header(readHeader16E)...
2021-12-27 17:04:52,710 - root - INFO - Image header was read:
2021-12-27 17:04:52,710 - root - INFO - Width: 68, Height: 68, RowLength: 136
2021-12-27 17:04:52,710 - root - INFO - datalength: 954, _step: 2
2021-12-27 17:04:52,710 - root - INFO - BPP: 16, Transparency: False
2021-12-27 17:04:52,712 - root - INFO - Resource 54 offset: 809196, length: 1116...
2021-12-27 17:04:52,712 - root - DEBUG - Reading resource 54...
2021-12-27 17:04:52,712 - root - INFO - The image is bme.
2021-12-27 17:04:52,712 - root - INFO - Reading image header(readHeader16E)...
2021-12-27 17:04:52,712 - root - INFO - Image header was read:
2021-12-27 17:04:52,712 - root - INFO - Width: 68, Height: 68, RowLength: 136
2021-12-27 17:04:52,712 - root - INFO - datalength: 1100, _step: 2
2021-12-27 17:04:52,712 - root - INFO - BPP: 16, Transparency: False
2021-12-27 17:04:52,714 - root - INFO - Resource 55 offset: 810312, length: 1270...
2021-12-27 17:04:52,714 - root - DEBUG - Reading resource 55...
2021-12-27 17:04:52,714 - root - INFO - The image is bme.
2021-12-27 17:04:52,714 - root - INFO - Reading image header(readHeader16E)...
2021-12-27 17:04:52,714 - root - INFO - Image header was read:
2021-12-27 17:04:52,714 - root - INFO - Width: 68, Height: 68, RowLength: 136
2021-12-27 17:04:52,715 - root - INFO - datalength: 1254, _step: 2
2021-12-27 17:04:52,715 - root - INFO - BPP: 16, Transparency: False
2021-12-27 17:04:52,717 - root - INFO - Resource 56 offset: 811582, length: 1444...
2021-12-27 17:04:52,717 - root - DEBUG - Reading resource 56...
2021-12-27 17:04:52,717 - root - INFO - The image is bme.
2021-12-27 17:04:52,717 - root - INFO - Reading image header(readHeader16E)...
2021-12-27 17:04:52,717 - root - INFO - Image header was read:
2021-12-27 17:04:52,717 - root - INFO - Width: 68, Height: 68, RowLength: 136
2021-12-27 17:04:52,717 - root - INFO - datalength: 1428, _step: 2
2021-12-27 17:04:52,717 - root - INFO - BPP: 16, Transparency: False
2021-12-27 17:04:52,720 - root - INFO - Resource 57 offset: 813026, length: 1642...
2021-12-27 17:04:52,720 - root - DEBUG - Reading resource 57...
2021-12-27 17:04:52,720 - root - INFO - The image is bme.
2021-12-27 17:04:52,720 - root - INFO - Reading image header(readHeader16E)...
2021-12-27 17:04:52,720 - root - INFO - Image header was read:
2021-12-27 17:04:52,720 - root - INFO - Width: 68, Height: 68, RowLength: 136
2021-12-27 17:04:52,720 - root - INFO - datalength: 1626, _step: 2
2021-12-27 17:04:52,720 - root - INFO - BPP: 16, Transparency: False
2021-12-27 17:04:52,723 - root - INFO - Resource 58 offset: 814668, length: 1862...
2021-12-27 17:04:52,723 - root - DEBUG - Reading resource 58...
2021-12-27 17:04:52,723 - root - INFO - The image is bme.
2021-12-27 17:04:52,723 - root - INFO - Reading image header(readHeader16E)...
2021-12-27 17:04:52,723 - root - INFO - Image header was read:
2021-12-27 17:04:52,723 - root - INFO - Width: 68, Height: 68, RowLength: 136
2021-12-27 17:04:52,723 - root - INFO - datalength: 1846, _step: 2
2021-12-27 17:04:52,723 - root - INFO - BPP: 16, Transparency: False
2021-12-27 17:04:52,726 - root - INFO - Resource 59 offset: 816530, length: 2048...
2021-12-27 17:04:52,726 - root - DEBUG - Reading resource 59...
2021-12-27 17:04:52,727 - root - INFO - The image is bme.
2021-12-27 17:04:52,727 - root - INFO - Reading image header(readHeader16E)...
2021-12-27 17:04:52,727 - root - INFO - Image header was read:
2021-12-27 17:04:52,727 - root - INFO - Width: 68, Height: 68, RowLength: 136
2021-12-27 17:04:52,727 - root - INFO - datalength: 2032, _step: 2
2021-12-27 17:04:52,727 - root - INFO - BPP: 16, Transparency: False
2021-12-27 17:04:52,730 - root - INFO - Resource 60 offset: 818578, length: 2184...
2021-12-27 17:04:52,730 - root - DEBUG - Reading resource 60...
2021-12-27 17:04:52,730 - root - INFO - The image is bme.
2021-12-27 17:04:52,730 - root - INFO - Reading image header(readHeader16E)...
2021-12-27 17:04:52,731 - root - INFO - Image header was read:
2021-12-27 17:04:52,731 - root - INFO - Width: 68, Height: 68, RowLength: 136
2021-12-27 17:04:52,731 - root - INFO - datalength: 2168, _step: 2
2021-12-27 17:04:52,731 - root - INFO - BPP: 16, Transparency: False
2021-12-27 17:04:52,734 - root - DEBUG - Parsing parameters...
2021-12-27 17:04:52,800 - root - DEBUG - 0 Value: None
2021-12-27 17:04:52,800 - root - DEBUG - 0.1 Value: 73
2021-12-27 17:04:52,800 - root - DEBUG - 2 Value: None
2021-12-27 17:04:52,800 - root - DEBUG - 2.1 Value: None
2021-12-27 17:04:52,800 - root - DEBUG - 2.1.1 Value: 0
2021-12-27 17:04:52,800 - root - DEBUG - 2.1.2 Value: 0
2021-12-27 17:04:52,800 - root - DEBUG - 2.1.3 Value: 2
2021-12-27 17:04:52,800 - root - DEBUG - 2.3 Value: None
2021-12-27 17:04:52,800 - root - DEBUG - 2.3.1 Value: 0
2021-12-27 17:04:52,801 - root - DEBUG - 2.3.2 Value: 0
2021-12-27 17:04:52,801 - root - DEBUG - 2.3.3 Value: 1
2021-12-27 17:04:52,801 - root - DEBUG - 2.4 Value: None
2021-12-27 17:04:52,801 - root - DEBUG - 2.4.1 Value: 0
2021-12-27 17:04:52,801 - root - DEBUG - 2.4.2 Value: 0
2021-12-27 17:04:52,801 - root - DEBUG - 2.4.3 Value: 0
2021-12-27 17:04:52,801 - root - DEBUG - 2.5 Value: None
2021-12-27 17:04:52,801 - root - DEBUG - 2.5.1 Value: 0
2021-12-27 17:04:52,801 - root - DEBUG - 2.5.2 Value: 0
2021-12-27 17:04:52,801 - root - DEBUG - 2.5.3 Value: 0
2021-12-27 17:04:52,801 - root - DEBUG - 3 Value: None
2021-12-27 17:04:52,801 - root - DEBUG - 3.1 Value: None
2021-12-27 17:04:52,802 - root - DEBUG - 3.1.1 Value: None
2021-12-27 17:04:52,802 - root - DEBUG - 3.1.1.1 Value: None
2021-12-27 17:04:52,802 - root - DEBUG - 3.1.1.1.1 Value: 39
2021-12-27 17:04:52,802 - root - DEBUG - 3.1.1.1.2 Value: 132
2021-12-27 17:04:52,802 - root - DEBUG - 3.1.1.1.3 Value: 3
2021-12-27 17:04:52,802 - root - DEBUG - 3.1.1.1.4 Value: 10
2021-12-27 17:04:52,802 - root - DEBUG - 3.1.1.2 Value: None
2021-12-27 17:04:52,802 - root - DEBUG - 3.1.1.2.1 Value: 94
2021-12-27 17:04:52,802 - root - DEBUG - 3.1.1.2.2 Value: 132
2021-12-27 17:04:52,802 - root - DEBUG - 3.1.1.2.3 Value: 3
2021-12-27 17:04:52,802 - root - DEBUG - 3.1.1.2.4 Value: 10
2021-12-27 17:04:52,802 - root - DEBUG - 3.1.2 Value: None
2021-12-27 17:04:52,803 - root - DEBUG - 3.1.2.1 Value: None
2021-12-27 17:04:52,803 - root - DEBUG - 3.1.2.1.1 Value: 165
2021-12-27 17:04:52,803 - root - DEBUG - 3.1.2.1.2 Value: 132
2021-12-27 17:04:52,803 - root - DEBUG - 3.1.2.1.3 Value: 13
2021-12-27 17:04:52,803 - root - DEBUG - 3.1.2.1.4 Value: 10
2021-12-27 17:04:52,803 - root - DEBUG - 3.1.2.2 Value: None
2021-12-27 17:04:52,803 - root - DEBUG - 3.1.2.2.1 Value: 220
2021-12-27 17:04:52,803 - root - DEBUG - 3.1.2.2.2 Value: 132
2021-12-27 17:04:52,803 - root - DEBUG - 3.1.2.2.3 Value: 13
2021-12-27 17:04:52,803 - root - DEBUG - 3.1.2.2.4 Value: 10
2021-12-27 17:04:52,803 - root - DEBUG - 3.1.3 Value: None
2021-12-27 17:04:52,803 - root - DEBUG - 3.1.3.1 Value: None
2021-12-27 17:04:52,803 - root - DEBUG - 3.1.3.1.1 Value: 275
2021-12-27 17:04:52,804 - root - DEBUG - 3.1.3.1.2 Value: 133
2021-12-27 17:04:52,804 - root - DEBUG - 3.1.3.1.3 Value: 23
2021-12-27 17:04:52,804 - root - DEBUG - 3.1.3.1.4 Value: 10
2021-12-27 17:04:52,804 - root - DEBUG - 3.1.3.2 Value: None
2021-12-27 17:04:52,804 - root - DEBUG - 3.1.3.2.1 Value: 288
2021-12-27 17:04:52,804 - root - DEBUG - 3.1.3.2.2 Value: 133
2021-12-27 17:04:52,804 - root - DEBUG - 3.1.3.2.3 Value: 23
2021-12-27 17:04:52,804 - root - DEBUG - 3.1.3.2.4 Value: 10
2021-12-27 17:04:52,804 - root - DEBUG - 3.1.7 Value: 0
2021-12-27 17:04:52,804 - root - DEBUG - 3.1.8 Value: 1
2021-12-27 17:04:52,804 - root - DEBUG - 4 Value: None
2021-12-27 17:04:52,804 - root - DEBUG - 4.1 Value: None
2021-12-27 17:04:52,804 - root - DEBUG - 4.1.1 Value: None
2021-12-27 17:04:52,804 - root - DEBUG - 4.1.1.1 Value: 76
2021-12-27 17:04:52,805 - root - DEBUG - 4.1.1.2 Value: 22
2021-12-27 17:04:52,805 - root - DEBUG - 4.1.1.3 Value: 144
2021-12-27 17:04:52,805 - root - DEBUG - 4.1.1.4 Value: 42
2021-12-27 17:04:52,805 - root - DEBUG - 4.1.1.5 Value: 20
2021-12-27 17:04:52,805 - root - DEBUG - 4.1.1.6 Value: 2
2021-12-27 17:04:52,805 - root - DEBUG - 4.1.1.7 Value: 0
2021-12-27 17:04:52,805 - root - DEBUG - 4.1.1.8 Value: 23
2021-12-27 17:04:52,805 - root - DEBUG - 4.1.1.9 Value: 10
2021-12-27 17:04:52,805 - root - DEBUG - 4.3 Value: None
2021-12-27 17:04:52,805 - root - DEBUG - 4.3.1 Value: None
2021-12-27 17:04:52,805 - root - DEBUG - 4.3.1.1 Value: 90
2021-12-27 17:04:52,805 - root - DEBUG - 4.3.1.2 Value: 56
2021-12-27 17:04:52,806 - root - DEBUG - 4.3.1.3 Value: 144
2021-12-27 17:04:52,806 - root - DEBUG - 4.3.1.4 Value: 76
2021-12-27 17:04:52,806 - root - DEBUG - 4.3.1.5 Value: 20
2021-12-27 17:04:52,806 - root - DEBUG - 4.3.1.6 Value: 2
2021-12-27 17:04:52,806 - root - DEBUG - 4.3.1.7 Value: 0
2021-12-27 17:04:52,806 - root - DEBUG - 4.3.1.8 Value: 23
2021-12-27 17:04:52,806 - root - DEBUG - 4.3.1.9 Value: 10
2021-12-27 17:04:52,806 - root - DEBUG - 4.4 Value: None
2021-12-27 17:04:52,806 - root - DEBUG - 4.4.1 Value: None
2021-12-27 17:04:52,806 - root - DEBUG - 4.4.1.1 Value: 104
2021-12-27 17:04:52,806 - root - DEBUG - 4.4.1.2 Value: 90
2021-12-27 17:04:52,806 - root - DEBUG - 4.4.1.3 Value: 144
2021-12-27 17:04:52,806 - root - DEBUG - 4.4.1.4 Value: 110
2021-12-27 17:04:52,807 - root - DEBUG - 4.4.1.5 Value: 20
2021-12-27 17:04:52,807 - root - DEBUG - 4.4.1.6 Value: 2
2021-12-27 17:04:52,807 - root - DEBUG - 4.4.1.7 Value: 0
2021-12-27 17:04:52,807 - root - DEBUG - 4.4.1.8 Value: 23
2021-12-27 17:04:52,807 - root - DEBUG - 4.4.1.9 Value: 10
2021-12-27 17:04:52,807 - root - DEBUG - 4.4.3 Value: 37
2021-12-27 17:04:52,807 - root - DEBUG - 4.6 Value: None
2021-12-27 17:04:52,807 - root - DEBUG - 4.6.1 Value: None
2021-12-27 17:04:52,807 - root - DEBUG - 4.6.1.1 Value: 222
2021-12-27 17:04:52,807 - root - DEBUG - 4.6.1.2 Value: 50
2021-12-27 17:04:52,807 - root - DEBUG - 4.6.1.3 Value: 245
2021-12-27 17:04:52,807 - root - DEBUG - 4.6.1.4 Value: 67
2021-12-27 17:04:52,808 - root - DEBUG - 4.6.1.5 Value: 24
2021-12-27 17:04:52,808 - root - DEBUG - 4.6.1.6 Value: 1
2021-12-27 17:04:52,808 - root - DEBUG - 4.6.1.7 Value: 0
2021-12-27 17:04:52,808 - root - DEBUG - 4.6.1.8 Value: 38
2021-12-27 17:04:52,808 - root - DEBUG - 4.6.1.9 Value: 10
2021-12-27 17:04:52,808 - root - DEBUG - 4.7 Value: 0
2021-12-27 17:04:52,808 - root - DEBUG - 4.8 Value: None
2021-12-27 17:04:52,808 - root - DEBUG - 4.8.1 Value: None
2021-12-27 17:04:52,808 - root - DEBUG - 4.8.1.1 Value: 118
2021-12-27 17:04:52,808 - root - DEBUG - 4.8.1.2 Value: 246
2021-12-27 17:04:52,808 - root - DEBUG - 4.8.1.3 Value: 144
2021-12-27 17:04:52,808 - root - DEBUG - 4.8.1.4 Value: 266
2021-12-27 17:04:52,808 - root - DEBUG - 4.8.1.5 Value: 20
2021-12-27 17:04:52,809 - root - DEBUG - 4.8.1.6 Value: 2
2021-12-27 17:04:52,809 - root - DEBUG - 4.8.1.7 Value: 0
2021-12-27 17:04:52,809 - root - DEBUG - 4.8.1.8 Value: 23
2021-12-27 17:04:52,809 - root - DEBUG - 4.8.1.9 Value: 10
2021-12-27 17:04:52,809 - root - DEBUG - 5 Value: None
2021-12-27 17:04:52,809 - root - DEBUG - 5.1 Value: None
2021-12-27 17:04:52,809 - root - DEBUG - 5.1.4 Value: 1
2021-12-27 17:04:52,809 - root - DEBUG - 5.1.5 Value: 1
2021-12-27 17:04:52,809 - root - DEBUG - 5.1.6 Value: 0
2021-12-27 17:04:52,809 - root - DEBUG - 5.2 Value: None
2021-12-27 17:04:52,809 - root - DEBUG - 5.2.1 Value: 3
2021-12-27 17:04:52,809 - root - DEBUG - 5.2.2 Value: 196
2021-12-27 17:04:52,809 - root - DEBUG - 5.2.3 Value: 33
2021-12-27 17:04:52,810 - root - DEBUG - 5.2.4 Value: 34
2021-12-27 17:04:52,810 - root - DEBUG - 5.2.5 Value: 35
2021-12-27 17:04:52,810 - root - DEBUG - 5.2.6 Value: 36
2021-12-27 17:04:52,810 - root - DEBUG - 6 Value: None
2021-12-27 17:04:52,810 - root - DEBUG - 6.4 Value: None
2021-12-27 17:04:52,810 - root - DEBUG - 6.4.1 Value: None
2021-12-27 17:04:52,810 - root - DEBUG - 6.4.1.1 Value: 91
2021-12-27 17:04:52,810 - root - DEBUG - 6.4.1.2 Value: 280
2021-12-27 17:04:52,810 - root - DEBUG - 6.4.1.3 Value: 144
2021-12-27 17:04:52,810 - root - DEBUG - 6.4.1.4 Value: 300
2021-12-27 17:04:52,810 - root - DEBUG - 6.4.1.5 Value: 20
2021-12-27 17:04:52,810 - root - DEBUG - 6.4.1.6 Value: 2
2021-12-27 17:04:52,811 - root - DEBUG - 6.4.1.7 Value: 0
2021-12-27 17:04:52,811 - root - DEBUG - 6.4.1.8 Value: 23
2021-12-27 17:04:52,811 - root - DEBUG - 6.4.1.9 Value: 10
2021-12-27 17:04:52,811 - root - DEBUG - 6.4.2 Value: 48
2021-12-27 17:04:52,811 - root - DEBUG - 6.6 Value: None
2021-12-27 17:04:52,811 - root - DEBUG - 6.6.1 Value: None
2021-12-27 17:04:52,811 - root - DEBUG - 6.6.1.1 Value: 228
2021-12-27 17:04:52,811 - root - DEBUG - 6.6.1.2 Value: 280
2021-12-27 17:04:52,811 - root - DEBUG - 6.6.1.3 Value: 239
2021-12-27 17:04:52,811 - root - DEBUG - 6.6.1.4 Value: 297
2021-12-27 17:04:52,811 - root - DEBUG - 6.6.1.5 Value: 20
2021-12-27 17:04:52,811 - root - DEBUG - 6.6.1.6 Value: 0
2021-12-27 17:04:52,812 - root - DEBUG - 6.6.1.7 Value: 0
2021-12-27 17:04:52,812 - root - DEBUG - 6.6.1.8 Value: 38
2021-12-27 17:04:52,812 - root - DEBUG - 6.6.1.9 Value: 10
2021-12-27 17:04:52,812 - root - DEBUG - 9 Value: None
2021-12-27 17:04:52,812 - root - DEBUG - 9.1 Value: None
2021-12-27 17:04:52,812 - root - DEBUG - 9.1.1 Value: None
2021-12-27 17:04:52,812 - root - DEBUG - 9.1.1.1 Value: 91
2021-12-27 17:04:52,812 - root - DEBUG - 9.1.1.2 Value: 314
2021-12-27 17:04:52,812 - root - DEBUG - 9.1.1.3 Value: 144
2021-12-27 17:04:52,812 - root - DEBUG - 9.1.1.4 Value: 334
2021-12-27 17:04:52,812 - root - DEBUG - 9.1.1.5 Value: 20
2021-12-27 17:04:52,812 - root - DEBUG - 9.1.1.6 Value: 2
2021-12-27 17:04:52,812 - root - DEBUG - 9.1.1.7 Value: 0
2021-12-27 17:04:52,813 - root - DEBUG - 9.1.1.8 Value: 23
2021-12-27 17:04:52,813 - root - DEBUG - 9.1.1.9 Value: 10
2021-12-27 17:04:52,813 - root - DEBUG - 9.1.4 Value: 48
2021-12-27 17:04:52,813 - root - DEBUG - 23 Value: None
2021-12-27 17:04:52,813 - root - DEBUG - 23.2 Value: None
2021-12-27 17:04:52,813 - root - DEBUG - 23.2.1 Value: 199
2021-12-27 17:04:52,813 - root - DEBUG - 23.2.2 Value: 30
2021-12-27 17:04:52,813 - root - DEBUG - 23.2.3 Value: 49
2021-12-27 17:04:52,813 - root - DEBUG - 23.2.4 Value: 12
2021-12-27 17:04:52,813 - root - DEBUG - 26 Value: None
2021-12-27 17:04:52,813 - root - DEBUG - 26.1 Value: None
2021-12-27 17:04:52,813 - root - DEBUG - 26.1.1 Value: 199
2021-12-27 17:04:52,813 - root - DEBUG - 26.1.2 Value: 260
2021-12-27 17:04:52,814 - root - DEBUG - 26.1.3 Value: 49
2021-12-27 17:04:52,814 - root - DEBUG - 26.1.4 Value: 12
2021-12-27 17:04:52,814 - root - DEBUG - 29 Value: None
2021-12-27 17:04:52,814 - root - DEBUG - 29.1 Value: None
2021-12-27 17:04:52,814 - root - DEBUG - 29.1.1 Value: None
2021-12-27 17:04:52,814 - root - DEBUG - 29.1.1.1 Value: None
2021-12-27 17:04:52,814 - root - DEBUG - 29.1.1.1.1 Value: None
2021-12-27 17:04:52,814 - root - DEBUG - 29.1.1.1.1.1 Value: 31
2021-12-27 17:04:52,814 - root - DEBUG - 29.1.1.1.1.2 Value: 115
2021-12-27 17:04:52,814 - root - DEBUG - 29.1.1.1.1.3 Value: 13
2021-12-27 17:04:52,814 - root - DEBUG - 29.1.1.1.1.4 Value: 10
2021-12-27 17:04:52,814 - root - DEBUG - 29.1.1.1.2 Value: None
2021-12-27 17:04:52,814 - root - DEBUG - 29.1.1.1.2.1 Value: 87
2021-12-27 17:04:52,815 - root - DEBUG - 29.1.1.1.2.2 Value: 115
2021-12-27 17:04:52,815 - root - DEBUG - 29.1.1.1.2.3 Value: 13
2021-12-27 17:04:52,815 - root - DEBUG - 29.1.1.1.2.4 Value: 10
2021-12-27 17:04:52,815 - root - DEBUG - 29.1.1.2 Value: None
2021-12-27 17:04:52,815 - root - DEBUG - 29.1.1.2.1 Value: None
2021-12-27 17:04:52,815 - root - DEBUG - 29.1.1.2.1.1 Value: 168
2021-12-27 17:04:52,815 - root - DEBUG - 29.1.1.2.1.2 Value: 115
2021-12-27 17:04:52,815 - root - DEBUG - 29.1.1.2.1.3 Value: 13
2021-12-27 17:04:52,815 - root - DEBUG - 29.1.1.2.1.4 Value: 10
2021-12-27 17:04:52,815 - root - DEBUG - 29.1.1.2.2 Value: None
2021-12-27 17:04:52,815 - root - DEBUG - 29.1.1.2.2.1 Value: 223
2021-12-27 17:04:52,815 - root - DEBUG - 29.1.1.2.2.2 Value: 115
2021-12-27 17:04:52,815 - root - DEBUG - 29.1.1.2.2.3 Value: 13
2021-12-27 17:04:52,815 - root - DEBUG - 29.1.1.2.2.4 Value: 10
2021-12-27 17:04:52,816 - root - DEBUG - 29.1.1.4 Value: 1
2021-12-27 17:04:52,816 - root - DEBUG - 29.1.4 Value: None
2021-12-27 17:04:52,816 - root - DEBUG - 29.1.4.1 Value: 232
2021-12-27 17:04:52,816 - root - DEBUG - 29.1.4.2 Value: 75
2021-12-27 17:04:52,816 - root - DEBUG - 29.1.4.3 Value: 33
2021-12-27 17:04:52,816 - root - DEBUG - 29.1.4.4 Value: 34
2021-12-27 17:04:52,816 - root - DEBUG - 29.1.4.5 Value: 35
2021-12-27 17:04:52,816 - root - DEBUG - 29.1.4.6 Value: 36
2021-12-27 17:04:52,816 - root - DEBUG - 0-Info
2021-12-27 17:04:52,816 - root - DEBUG - 0.1-DeviceId
2021-12-27 17:04:52,816 - root - DEBUG - 2-Background
2021-12-27 17:04:52,817 - root - DEBUG - 2.1-Image
2021-12-27 17:04:52,817 - root - DEBUG - 2.1.1-X
2021-12-27 17:04:52,817 - root - DEBUG - 2.1.2-Y
2021-12-27 17:04:52,817 - root - DEBUG - 2.1.3-ImageIndex
2021-12-27 17:04:52,817 - root - DEBUG - 2.3-Preview
2021-12-27 17:04:52,817 - root - DEBUG - 2.3.1-X
2021-12-27 17:04:52,817 - root - DEBUG - 2.3.2-Y
2021-12-27 17:04:52,817 - root - DEBUG - 2.3.3-ImageIndex
2021-12-27 17:04:52,817 - root - DEBUG - 2.4-PreviewKorean
2021-12-27 17:04:52,817 - root - DEBUG - 2.4.1-X
2021-12-27 17:04:52,818 - root - DEBUG - 2.4.2-Y
2021-12-27 17:04:52,818 - root - DEBUG - 2.4.3-ImageIndex
2021-12-27 17:04:52,818 - root - DEBUG - 2.5-PreviewChinese
2021-12-27 17:04:52,818 - root - DEBUG - 2.5.1-X
2021-12-27 17:04:52,818 - root - DEBUG - 2.5.2-Y
2021-12-27 17:04:52,818 - root - DEBUG - 2.5.3-ImageIndex
2021-12-27 17:04:52,818 - root - DEBUG - 3-TimeExtended
2021-12-27 17:04:52,818 - root - DEBUG - 3.1-TimeSeparateDigits
2021-12-27 17:04:52,818 - root - DEBUG - 3.1.1-Hours
2021-12-27 17:04:52,819 - root - DEBUG - 3.1.1.1-Tens
2021-12-27 17:04:52,819 - root - DEBUG - 3.1.1.1.1-X
2021-12-27 17:04:52,819 - root - DEBUG - 3.1.1.1.2-Y
2021-12-27 17:04:52,819 - root - DEBUG - 3.1.1.1.3-ImageIndex
2021-12-27 17:04:52,819 - root - DEBUG - 3.1.1.1.4-ImagesCount
2021-12-27 17:04:52,819 - root - DEBUG - 3.1.1.2-Ones
2021-12-27 17:04:52,819 - root - DEBUG - 3.1.1.2.1-X
2021-12-27 17:04:52,819 - root - DEBUG - 3.1.1.2.2-Y
2021-12-27 17:04:52,819 - root - DEBUG - 3.1.1.2.3-ImageIndex
2021-12-27 17:04:52,820 - root - DEBUG - 3.1.1.2.4-ImagesCount
2021-12-27 17:04:52,820 - root - DEBUG - 3.1.2-Minutes
2021-12-27 17:04:52,820 - root - DEBUG - 3.1.2.1-Tens
2021-12-27 17:04:52,820 - root - DEBUG - 3.1.2.1.1-X
2021-12-27 17:04:52,820 - root - DEBUG - 3.1.2.1.2-Y
2021-12-27 17:04:52,820 - root - DEBUG - 3.1.2.1.3-ImageIndex
2021-12-27 17:04:52,820 - root - DEBUG - 3.1.2.1.4-ImagesCount
2021-12-27 17:04:52,820 - root - DEBUG - 3.1.2.2-Ones
2021-12-27 17:04:52,820 - root - DEBUG - 3.1.2.2.1-X
2021-12-27 17:04:52,820 - root - DEBUG - 3.1.2.2.2-Y
2021-12-27 17:04:52,821 - root - DEBUG - 3.1.2.2.3-ImageIndex
2021-12-27 17:04:52,821 - root - DEBUG - 3.1.2.2.4-ImagesCount
2021-12-27 17:04:52,821 - root - DEBUG - 3.1.3-Seconds
2021-12-27 17:04:52,821 - root - DEBUG - 3.1.3.1-Tens
2021-12-27 17:04:52,821 - root - DEBUG - 3.1.3.1.1-X
2021-12-27 17:04:52,821 - root - DEBUG - 3.1.3.1.2-Y
2021-12-27 17:04:52,821 - root - DEBUG - 3.1.3.1.3-ImageIndex
2021-12-27 17:04:52,821 - root - DEBUG - 3.1.3.1.4-ImagesCount
2021-12-27 17:04:52,821 - root - DEBUG - 3.1.3.2-Ones
2021-12-27 17:04:52,822 - root - DEBUG - 3.1.3.2.1-X
2021-12-27 17:04:52,822 - root - DEBUG - 3.1.3.2.2-Y
2021-12-27 17:04:52,822 - root - DEBUG - 3.1.3.2.3-ImageIndex
2021-12-27 17:04:52,822 - root - DEBUG - 3.1.3.2.4-ImagesCount
2021-12-27 17:04:52,822 - root - DEBUG - 3.1.7-PaddingZeroHours
2021-12-27 17:04:52,822 - root - DEBUG - 3.1.8-PaddingZeroMinutes
2021-12-27 17:04:52,822 - root - DEBUG - 4-Activity
2021-12-27 17:04:52,822 - root - DEBUG - 4.1-Steps
2021-12-27 17:04:52,822 - root - DEBUG - 4.1.1-ImageNumber
2021-12-27 17:04:52,823 - root - DEBUG - 4.1.1.1-TopLeftX
2021-12-27 17:04:52,823 - root - DEBUG - 4.1.1.2-TopLeftY
2021-12-27 17:04:52,823 - root - DEBUG - 4.1.1.3-BottomRightX
2021-12-27 17:04:52,823 - root - DEBUG - 4.1.1.4-BottomRightY
2021-12-27 17:04:52,823 - root - DEBUG - 4.1.1.5-Alignment
2021-12-27 17:04:52,823 - root - DEBUG - 4.1.1.6-Spacing
2021-12-27 17:04:52,823 - root - DEBUG - 4.1.1.7-VerticalOffset
2021-12-27 17:04:52,823 - root - DEBUG - 4.1.1.8-ImageIndex
2021-12-27 17:04:52,823 - root - DEBUG - 4.1.1.9-ImagesCount
2021-12-27 17:04:52,824 - root - DEBUG - 4.3-Calories
2021-12-27 17:04:52,824 - root - DEBUG - 4.3.1-ImageNumber
2021-12-27 17:04:52,824 - root - DEBUG - 4.3.1.1-TopLeftX
2021-12-27 17:04:52,824 - root - DEBUG - 4.3.1.2-TopLeftY
2021-12-27 17:04:52,824 - root - DEBUG - 4.3.1.3-BottomRightX
2021-12-27 17:04:52,824 - root - DEBUG - 4.3.1.4-BottomRightY
2021-12-27 17:04:52,824 - root - DEBUG - 4.3.1.5-Alignment
2021-12-27 17:04:52,824 - root - DEBUG - 4.3.1.6-Spacing
2021-12-27 17:04:52,824 - root - DEBUG - 4.3.1.7-VerticalOffset
2021-12-27 17:04:52,825 - root - DEBUG - 4.3.1.8-ImageIndex
2021-12-27 17:04:52,825 - root - DEBUG - 4.3.1.9-ImagesCount
2021-12-27 17:04:52,825 - root - DEBUG - 4.4-HeartRate
2021-12-27 17:04:52,825 - root - DEBUG - 4.4.1-ImageNumber
2021-12-27 17:04:52,825 - root - DEBUG - 4.4.1.1-TopLeftX
2021-12-27 17:04:52,825 - root - DEBUG - 4.4.1.2-TopLeftY
2021-12-27 17:04:52,825 - root - DEBUG - 4.4.1.3-BottomRightX
2021-12-27 17:04:52,825 - root - DEBUG - 4.4.1.4-BottomRightY
2021-12-27 17:04:52,825 - root - DEBUG - 4.4.1.5-Alignment
2021-12-27 17:04:52,826 - root - DEBUG - 4.4.1.6-Spacing
2021-12-27 17:04:52,826 - root - DEBUG - 4.4.1.7-VerticalOffset
2021-12-27 17:04:52,826 - root - DEBUG - 4.4.1.8-ImageIndex
2021-12-27 17:04:52,826 - root - DEBUG - 4.4.1.9-ImagesCount
2021-12-27 17:04:52,826 - root - DEBUG - 4.4.3-NoDataImageIndex
2021-12-27 17:04:52,826 - root - DEBUG - 4.6-PAI
2021-12-27 17:04:52,826 - root - DEBUG - 4.6.1-ImageNumber
2021-12-27 17:04:52,826 - root - DEBUG - 4.6.1.1-TopLeftX
2021-12-27 17:04:52,826 - root - DEBUG - 4.6.1.2-TopLeftY
2021-12-27 17:04:52,827 - root - DEBUG - 4.6.1.3-BottomRightX
2021-12-27 17:04:52,827 - root - DEBUG - 4.6.1.4-BottomRightY
2021-12-27 17:04:52,827 - root - DEBUG - 4.6.1.5-Alignment
2021-12-27 17:04:52,827 - root - DEBUG - 4.6.1.6-Spacing
2021-12-27 17:04:52,827 - root - DEBUG - 4.6.1.7-VerticalOffset
2021-12-27 17:04:52,827 - root - DEBUG - 4.6.1.8-ImageIndex
2021-12-27 17:04:52,827 - root - DEBUG - 4.6.1.9-ImagesCount
2021-12-27 17:04:52,827 - root - DEBUG - 4.7-UnknownLongValue7
2021-12-27 17:04:52,828 - root - DEBUG - 4.8-StandUp
2021-12-27 17:04:52,828 - root - DEBUG - 4.8.1-ImageNumber
2021-12-27 17:04:52,828 - root - DEBUG - 4.8.1.1-TopLeftX
2021-12-27 17:04:52,828 - root - DEBUG - 4.8.1.2-TopLeftY
2021-12-27 17:04:52,828 - root - DEBUG - 4.8.1.3-BottomRightX
2021-12-27 17:04:52,828 - root - DEBUG - 4.8.1.4-BottomRightY
2021-12-27 17:04:52,828 - root - DEBUG - 4.8.1.5-Alignment
2021-12-27 17:04:52,828 - root - DEBUG - 4.8.1.6-Spacing
2021-12-27 17:04:52,828 - root - DEBUG - 4.8.1.7-VerticalOffset
2021-12-27 17:04:52,828 - root - DEBUG - 4.8.1.8-ImageIndex
2021-12-27 17:04:52,829 - root - DEBUG - 4.8.1.9-ImagesCount
2021-12-27 17:04:52,829 - root - DEBUG - 5-DateBlock
2021-12-27 17:04:52,829 - root - DEBUG - 5.1-Date
2021-12-27 17:04:52,829 - root - DEBUG - 5.1.4-PaddingZeroMonth
2021-12-27 17:04:52,829 - root - DEBUG - 5.1.5-PaddingZeroDay
2021-12-27 17:04:52,829 - root - DEBUG - 5.1.6-Unknown6
2021-12-27 17:04:52,829 - root - DEBUG - 5.2-AmPm
2021-12-27 17:04:52,829 - root - DEBUG - 5.2.1-CommonX
2021-12-27 17:04:52,829 - root - DEBUG - 5.2.2-CommonY
2021-12-27 17:04:52,830 - root - DEBUG - 5.2.3-ImageIndexAMCN
2021-12-27 17:04:52,830 - root - DEBUG - 5.2.4-ImageIndexPMCN
2021-12-27 17:04:52,830 - root - DEBUG - 5.2.5-AmImageIndexEN
2021-12-27 17:04:52,830 - root - DEBUG - 5.2.6-PmImageIndexEN
2021-12-27 17:04:52,830 - root - DEBUG - 6-Weather
2021-12-27 17:04:52,830 - root - DEBUG - 6.4-Humidity
2021-12-27 17:04:52,830 - root - DEBUG - 6.4.1-HumidityNumber
2021-12-27 17:04:52,830 - root - DEBUG - 6.4.1.1-TopLeftX
2021-12-27 17:04:52,830 - root - DEBUG - 6.4.1.2-TopLeftY
2021-12-27 17:04:52,831 - root - DEBUG - 6.4.1.3-BottomRightX
2021-12-27 17:04:52,831 - root - DEBUG - 6.4.1.4-BottomRightY
2021-12-27 17:04:52,831 - root - DEBUG - 6.4.1.5-Alignment
2021-12-27 17:04:52,831 - root - DEBUG - 6.4.1.6-Spacing
2021-12-27 17:04:52,831 - root - DEBUG - 6.4.1.7-VerticalOffset
2021-12-27 17:04:52,831 - root - DEBUG - 6.4.1.8-ImageIndex
2021-12-27 17:04:52,831 - root - DEBUG - 6.4.1.9-ImagesCount
2021-12-27 17:04:52,831 - root - DEBUG - 6.4.2-SuffixImageIndex
2021-12-27 17:04:52,831 - root - DEBUG - 6.6-UVindex
2021-12-27 17:04:52,832 - root - DEBUG - 6.6.1-UVindexNumber
2021-12-27 17:04:52,832 - root - DEBUG - 6.6.1.1-TopLeftX
2021-12-27 17:04:52,832 - root - DEBUG - 6.6.1.2-TopLeftY
2021-12-27 17:04:52,832 - root - DEBUG - 6.6.1.3-BottomRightX
2021-12-27 17:04:52,832 - root - DEBUG - 6.6.1.4-BottomRightY
2021-12-27 17:04:52,832 - root - DEBUG - 6.6.1.5-Alignment
2021-12-27 17:04:52,832 - root - DEBUG - 6.6.1.6-Spacing
2021-12-27 17:04:52,832 - root - DEBUG - 6.6.1.7-VerticalOffset
2021-12-27 17:04:52,832 - root - DEBUG - 6.6.1.8-ImageIndex
2021-12-27 17:04:52,833 - root - DEBUG - 6.6.1.9-ImagesCount
2021-12-27 17:04:52,833 - root - DEBUG - 9-Battery
2021-12-27 17:04:52,833 - root - DEBUG - 9.1-BatteryText
2021-12-27 17:04:52,833 - root - DEBUG - 9.1.1-ImageNumber
2021-12-27 17:04:52,833 - root - DEBUG - 9.1.1.1-TopLeftX
2021-12-27 17:04:52,834 - root - DEBUG - 9.1.1.2-TopLeftY
2021-12-27 17:04:52,834 - root - DEBUG - 9.1.1.3-BottomRightX
2021-12-27 17:04:52,834 - root - DEBUG - 9.1.1.4-BottomRightY
2021-12-27 17:04:52,834 - root - DEBUG - 9.1.1.5-Alignment
2021-12-27 17:04:52,834 - root - DEBUG - 9.1.1.6-Spacing
2021-12-27 17:04:52,834 - root - DEBUG - 9.1.1.7-VerticalOffset
2021-12-27 17:04:52,834 - root - DEBUG - 9.1.1.8-ImageIndex
2021-12-27 17:04:52,834 - root - DEBUG - 9.1.1.9-ImagesCount
2021-12-27 17:04:52,835 - root - DEBUG - 9.1.4-SuffixImageIndex
2021-12-27 17:04:52,835 - root - DEBUG - 23-PaiProgress
2021-12-27 17:04:52,835 - root - DEBUG - 23.2-ImageProgress
2021-12-27 17:04:52,835 - root - DEBUG - 23.2.1-X
2021-12-27 17:04:52,835 - root - DEBUG - 23.2.2-Y
2021-12-27 17:04:52,835 - root - DEBUG - 23.2.3-ImageIndex
2021-12-27 17:04:52,835 - root - DEBUG - 23.2.4-ImagesCount
2021-12-27 17:04:52,835 - root - DEBUG - 26-UviProgress
2021-12-27 17:04:52,835 - root - DEBUG - 26.1-ImageProgress
2021-12-27 17:04:52,835 - root - DEBUG - 26.1.1-X
2021-12-27 17:04:52,836 - root - DEBUG - 26.1.2-Y
2021-12-27 17:04:52,836 - root - DEBUG - 26.1.3-ImageIndex
2021-12-27 17:04:52,836 - root - DEBUG - 26.1.4-ImagesCount
2021-12-27 17:04:52,836 - root - DEBUG - 29-AlwaysOnDisplay
2021-12-27 17:04:52,836 - root - DEBUG - 29.1-TimeExtended
2021-12-27 17:04:52,836 - root - DEBUG - 29.1.1-TimeSeparateDigits
2021-12-27 17:04:52,836 - root - DEBUG - 29.1.1.1-Hours
2021-12-27 17:04:52,836 - root - DEBUG - 29.1.1.1.1-Tens
2021-12-27 17:04:52,836 - root - DEBUG - 29.1.1.1.1.1-X
2021-12-27 17:04:52,837 - root - DEBUG - 29.1.1.1.1.2-Y
2021-12-27 17:04:52,837 - root - DEBUG - 29.1.1.1.1.3-ImageIndex
2021-12-27 17:04:52,837 - root - DEBUG - 29.1.1.1.1.4-ImagesCount
2021-12-27 17:04:52,837 - root - DEBUG - 29.1.1.1.2-Ones
2021-12-27 17:04:52,837 - root - DEBUG - 29.1.1.1.2.1-X
2021-12-27 17:04:52,837 - root - DEBUG - 29.1.1.1.2.2-Y
2021-12-27 17:04:52,837 - root - DEBUG - 29.1.1.1.2.3-ImageIndex
2021-12-27 17:04:52,837 - root - DEBUG - 29.1.1.1.2.4-ImagesCount
2021-12-27 17:04:52,837 - root - DEBUG - 29.1.1.2-Minutes
2021-12-27 17:04:52,838 - root - DEBUG - 29.1.1.2.1-Tens
2021-12-27 17:04:52,838 - root - DEBUG - 29.1.1.2.1.1-X
2021-12-27 17:04:52,838 - root - DEBUG - 29.1.1.2.1.2-Y
2021-12-27 17:04:52,838 - root - DEBUG - 29.1.1.2.1.3-ImageIndex
2021-12-27 17:04:52,838 - root - DEBUG - 29.1.1.2.1.4-ImagesCount
2021-12-27 17:04:52,838 - root - DEBUG - 29.1.1.2.2-Ones
2021-12-27 17:04:52,838 - root - DEBUG - 29.1.1.2.2.1-X
2021-12-27 17:04:52,838 - root - DEBUG - 29.1.1.2.2.2-Y
2021-12-27 17:04:52,838 - root - DEBUG - 29.1.1.2.2.3-ImageIndex
2021-12-27 17:04:52,839 - root - DEBUG - 29.1.1.2.2.4-ImagesCount
2021-12-27 17:04:52,839 - root - DEBUG - 29.1.1.4-PaddingZeroHours
2021-12-27 17:04:52,839 - root - DEBUG - 29.1.4-AmPm
2021-12-27 17:04:52,839 - root - DEBUG - 29.1.4.1-CommonX
2021-12-27 17:04:52,839 - root - DEBUG - 29.1.4.2-CommonY
2021-12-27 17:04:52,839 - root - DEBUG - 29.1.4.3-ImageIndexAMCN
2021-12-27 17:04:52,839 - root - DEBUG - 29.1.4.4-ImageIndexPMCN
2021-12-27 17:04:52,839 - root - DEBUG - 29.1.4.5-AmImageIndexEN
2021-12-27 17:04:52,839 - root - DEBUG - 29.1.4.6-PmImageIndexEN
2021-12-27 17:04:52,839 - root - DEBUG - generatePreviews
2021-12-27 17:04:52,840 - root - DEBUG - Generating previews...
2021-12-27 17:04:52,840 - root - DEBUG - Generating states done...
2021-12-27 17:04:52,847 - root - DEBUG - >>>>>>>>>>>> 0 <watchFaceParser.models.parameter.Parameter object at 0x000001C6AAE64448>
2021-12-27 17:04:52,847 - root - DEBUG - >>>>>>>>>>>> 2 <watchFaceParser.models.parameter.Parameter object at 0x000001C6AAE55AC8>
2021-12-27 17:04:52,851 - root - DEBUG - >>>>>>>>>>>> 3 <watchFaceParser.models.parameter.Parameter object at 0x000001C6AAE5FA48>
2021-12-27 17:04:52,856 - root - DEBUG - >>>>>>>>>>>> 4 <watchFaceParser.models.parameter.Parameter object at 0x000001C6AAE61588>
2021-12-27 17:04:52,866 - root - DEBUG - >>>>>>>>>>>> 5 <watchFaceParser.models.parameter.Parameter object at 0x000001C6AAE61C88>
2021-12-27 17:04:52,870 - root - DEBUG - >>>>>>>>>>>> 6 <watchFaceParser.models.parameter.Parameter object at 0x000001C6AAE61888>
2021-12-27 17:04:52,874 - root - DEBUG - >>>>>>>>>>>> 9 <watchFaceParser.models.parameter.Parameter object at 0x000001C6AAE64C08>
2021-12-27 17:04:52,877 - root - DEBUG - >>>>>>>>>>>> 23 <watchFaceParser.models.parameter.Parameter object at 0x000001C6AAE64308>
2021-12-27 17:04:52,879 - root - DEBUG - >>>>>>>>>>>> 26 <watchFaceParser.models.parameter.Parameter object at 0x000001C6AAE67088>
2021-12-27 17:04:52,880 - root - DEBUG - >>>>>>>>>>>> 29 <watchFaceParser.models.parameter.Parameter object at 0x000001C6AAE67208>
2021-12-27 17:04:52,893 - root - DEBUG - Generating static preview gen done...
2021-12-27 17:04:52,939 - root - DEBUG - Generating static preview save done...
2021-12-27 17:04:52,940 - root - DEBUG - Generating anim preview gen done...
2021-12-27 17:04:52,940 - root - DEBUG - >>>>>>>>>>>> 0 <watchFaceParser.models.parameter.Parameter object at 0x000001C6AAE64448>
2021-12-27 17:04:52,940 - root - DEBUG - >>>>>>>>>>>> 2 <watchFaceParser.models.parameter.Parameter object at 0x000001C6AAE55AC8>
2021-12-27 17:04:52,940 - root - DEBUG - >>>>>>>>>>>> 3 <watchFaceParser.models.parameter.Parameter object at 0x000001C6AAE5FA48>
2021-12-27 17:04:52,940 - root - DEBUG - >>>>>>>>>>>> 4 <watchFaceParser.models.parameter.Parameter object at 0x000001C6AAE61588>
2021-12-27 17:04:52,940 - root - DEBUG - >>>>>>>>>>>> 5 <watchFaceParser.models.parameter.Parameter object at 0x000001C6AAE61C88>
2021-12-27 17:04:52,941 - root - DEBUG - >>>>>>>>>>>> 6 <watchFaceParser.models.parameter.Parameter object at 0x000001C6AAE61888>
2021-12-27 17:04:52,941 - root - DEBUG - >>>>>>>>>>>> 9 <watchFaceParser.models.parameter.Parameter object at 0x000001C6AAE64C08>
2021-12-27 17:04:52,941 - root - DEBUG - >>>>>>>>>>>> 23 <watchFaceParser.models.parameter.Parameter object at 0x000001C6AAE64308>
2021-12-27 17:04:52,941 - root - DEBUG - >>>>>>>>>>>> 26 <watchFaceParser.models.parameter.Parameter object at 0x000001C6AAE67088>
2021-12-27 17:04:52,941 - root - DEBUG - >>>>>>>>>>>> 29 <watchFaceParser.models.parameter.Parameter object at 0x000001C6AAE67208>
2021-12-27 17:04:53,049 - root - DEBUG - generatePreviews done
2021-12-27 17:04:53,049 - root - DEBUG - Exporting resources to '9ab2ccafb3b7b67fd47cc350236ddffe'
2021-12-27 17:04:53,052 - root - DEBUG - extracting 9ab2ccafb3b7b67fd47cc350236ddffe\0000.png...
2021-12-27 17:04:53,060 - root - DEBUG - extracting 9ab2ccafb3b7b67fd47cc350236ddffe\0001.png...
2021-12-27 17:04:53,068 - root - DEBUG - extracting 9ab2ccafb3b7b67fd47cc350236ddffe\0002.png...
2021-12-27 17:04:53,080 - root - DEBUG - extracting 9ab2ccafb3b7b67fd47cc350236ddffe\0003.png...
2021-12-27 17:04:53,081 - root - DEBUG - extracting 9ab2ccafb3b7b67fd47cc350236ddffe\0004.png...
2021-12-27 17:04:53,082 - root - DEBUG - extracting 9ab2ccafb3b7b67fd47cc350236ddffe\0005.png...
2021-12-27 17:04:53,084 - root - DEBUG - extracting 9ab2ccafb3b7b67fd47cc350236ddffe\0006.png...
2021-12-27 17:04:53,085 - root - DEBUG - extracting 9ab2ccafb3b7b67fd47cc350236ddffe\0007.png...
2021-12-27 17:04:53,086 - root - DEBUG - extracting 9ab2ccafb3b7b67fd47cc350236ddffe\0008.png...
2021-12-27 17:04:53,088 - root - DEBUG - extracting 9ab2ccafb3b7b67fd47cc350236ddffe\0009.png...
2021-12-27 17:04:53,089 - root - DEBUG - extracting 9ab2ccafb3b7b67fd47cc350236ddffe\0010.png...
2021-12-27 17:04:53,090 - root - DEBUG - extracting 9ab2ccafb3b7b67fd47cc350236ddffe\0011.png...
2021-12-27 17:04:53,092 - root - DEBUG - extracting 9ab2ccafb3b7b67fd47cc350236ddffe\0012.png...
2021-12-27 17:04:53,093 - root - DEBUG - extracting 9ab2ccafb3b7b67fd47cc350236ddffe\0013.png...
2021-12-27 17:04:53,095 - root - DEBUG - extracting 9ab2ccafb3b7b67fd47cc350236ddffe\0014.png...
2021-12-27 17:04:53,096 - root - DEBUG - extracting 9ab2ccafb3b7b67fd47cc350236ddffe\0015.png...
2021-12-27 17:04:53,097 - root - DEBUG - extracting 9ab2ccafb3b7b67fd47cc350236ddffe\0016.png...
2021-12-27 17:04:53,099 - root - DEBUG - extracting 9ab2ccafb3b7b67fd47cc350236ddffe\0017.png...
2021-12-27 17:04:53,100 - root - DEBUG - extracting 9ab2ccafb3b7b67fd47cc350236ddffe\0018.png...
2021-12-27 17:04:53,102 - root - DEBUG - extracting 9ab2ccafb3b7b67fd47cc350236ddffe\0019.png...
2021-12-27 17:04:53,103 - root - DEBUG - extracting 9ab2ccafb3b7b67fd47cc350236ddffe\0020.png...
2021-12-27 17:04:53,104 - root - DEBUG - extracting 9ab2ccafb3b7b67fd47cc350236ddffe\0021.png...
2021-12-27 17:04:53,106 - root - DEBUG - extracting 9ab2ccafb3b7b67fd47cc350236ddffe\0022.png...
2021-12-27 17:04:53,107 - root - DEBUG - extracting 9ab2ccafb3b7b67fd47cc350236ddffe\0023.png...
2021-12-27 17:04:53,108 - root - DEBUG - extracting 9ab2ccafb3b7b67fd47cc350236ddffe\0024.png...
2021-12-27 17:04:53,108 - root - DEBUG - extracting 9ab2ccafb3b7b67fd47cc350236ddffe\0025.png...
2021-12-27 17:04:53,109 - root - DEBUG - extracting 9ab2ccafb3b7b67fd47cc350236ddffe\0026.png...
2021-12-27 17:04:53,110 - root - DEBUG - extracting 9ab2ccafb3b7b67fd47cc350236ddffe\0027.png...
2021-12-27 17:04:53,110 - root - DEBUG - extracting 9ab2ccafb3b7b67fd47cc350236ddffe\0028.png...
2021-12-27 17:04:53,111 - root - DEBUG - extracting 9ab2ccafb3b7b67fd47cc350236ddffe\0029.png...
2021-12-27 17:04:53,112 - root - DEBUG - extracting 9ab2ccafb3b7b67fd47cc350236ddffe\0030.png...
2021-12-27 17:04:53,112 - root - DEBUG - extracting 9ab2ccafb3b7b67fd47cc350236ddffe\0031.png...
2021-12-27 17:04:53,113 - root - DEBUG - extracting 9ab2ccafb3b7b67fd47cc350236ddffe\0032.png...
2021-12-27 17:04:53,114 - root - DEBUG - extracting 9ab2ccafb3b7b67fd47cc350236ddffe\0033.png...
2021-12-27 17:04:53,114 - root - DEBUG - extracting 9ab2ccafb3b7b67fd47cc350236ddffe\0034.png...
2021-12-27 17:04:53,115 - root - DEBUG - extracting 9ab2ccafb3b7b67fd47cc350236ddffe\0035.png...
2021-12-27 17:04:53,116 - root - DEBUG - extracting 9ab2ccafb3b7b67fd47cc350236ddffe\0036.png...
2021-12-27 17:04:53,117 - root - DEBUG - extracting 9ab2ccafb3b7b67fd47cc350236ddffe\0037.png...
2021-12-27 17:04:53,117 - root - DEBUG - extracting 9ab2ccafb3b7b67fd47cc350236ddffe\0038.png...
2021-12-27 17:04:53,118 - root - DEBUG - extracting 9ab2ccafb3b7b67fd47cc350236ddffe\0039.png...
2021-12-27 17:04:53,118 - root - DEBUG - extracting 9ab2ccafb3b7b67fd47cc350236ddffe\0040.png...
2021-12-27 17:04:53,119 - root - DEBUG - extracting 9ab2ccafb3b7b67fd47cc350236ddffe\0041.png...
2021-12-27 17:04:53,120 - root - DEBUG - extracting 9ab2ccafb3b7b67fd47cc350236ddffe\0042.png...
2021-12-27 17:04:53,120 - root - DEBUG - extracting 9ab2ccafb3b7b67fd47cc350236ddffe\0043.png...
2021-12-27 17:04:53,121 - root - DEBUG - extracting 9ab2ccafb3b7b67fd47cc350236ddffe\0044.png...
2021-12-27 17:04:53,122 - root - DEBUG - extracting 9ab2ccafb3b7b67fd47cc350236ddffe\0045.png...
2021-12-27 17:04:53,122 - root - DEBUG - extracting 9ab2ccafb3b7b67fd47cc350236ddffe\0046.png...
2021-12-27 17:04:53,123 - root - DEBUG - extracting 9ab2ccafb3b7b67fd47cc350236ddffe\0047.png...
2021-12-27 17:04:53,123 - root - DEBUG - extracting 9ab2ccafb3b7b67fd47cc350236ddffe\0048.png...
2021-12-27 17:04:53,124 - root - DEBUG - extracting 9ab2ccafb3b7b67fd47cc350236ddffe\0049.png...
2021-12-27 17:04:53,125 - root - DEBUG - extracting 9ab2ccafb3b7b67fd47cc350236ddffe\0050.png...
2021-12-27 17:04:53,126 - root - DEBUG - extracting 9ab2ccafb3b7b67fd47cc350236ddffe\0051.png...
2021-12-27 17:04:53,127 - root - DEBUG - extracting 9ab2ccafb3b7b67fd47cc350236ddffe\0052.png...
2021-12-27 17:04:53,128 - root - DEBUG - extracting 9ab2ccafb3b7b67fd47cc350236ddffe\0053.png...
2021-12-27 17:04:53,129 - root - DEBUG - extracting 9ab2ccafb3b7b67fd47cc350236ddffe\0054.png...
2021-12-27 17:04:53,130 - root - DEBUG - extracting 9ab2ccafb3b7b67fd47cc350236ddffe\0055.png...
2021-12-27 17:04:53,131 - root - DEBUG - extracting 9ab2ccafb3b7b67fd47cc350236ddffe\0056.png...
2021-12-27 17:04:53,132 - root - DEBUG - extracting 9ab2ccafb3b7b67fd47cc350236ddffe\0057.png...
2021-12-27 17:04:53,133 - root - DEBUG - extracting 9ab2ccafb3b7b67fd47cc350236ddffe\0058.png...
2021-12-27 17:04:53,134 - root - DEBUG - extracting 9ab2ccafb3b7b67fd47cc350236ddffe\0059.png...
2021-12-27 17:04:53,136 - root - DEBUG - extracting 9ab2ccafb3b7b67fd47cc350236ddffe\0060.png...
2021-12-27 17:04:53,137 - root - DEBUG - Exporting config...
