2023-07-09 17:51:10,422 - root - DEBUG - Opening watch face 'E:\Codez\zepp-gts2mini-wf\6e254fb4a89420e696a0309ccf27afe7.bin'
2023-07-09 17:51:10,422 - root - DEBUG - Reading parameters...
2023-07-09 17:51:10,422 - root - INFO - Reading header...
2023-07-09 17:51:10,422 - root - INFO - Header was read:
2023-07-09 17:51:10,422 - root - INFO - Signature: b'UIHH\x01\x00\xff', Unknown: 114, ParametersSize: 47, isValid: True, deviceId: 73
2023-07-09 17:51:10,437 - root - INFO - Reading parameter offsets...
2023-07-09 17:51:10,437 - root - INFO - Parameter offsets were read from file
2023-07-09 17:51:10,437 - root - INFO - Reading parameters descriptor...
2023-07-09 17:51:10,437 - root - INFO - 1 ( A): 5 bytes
2023-07-09 17:51:10,437 - root - INFO -     1 ( 8): 468 1D4
2023-07-09 17:51:10,437 - root - INFO -     2 (10): 77 4D
2023-07-09 17:51:10,437 - root - INFO - getParameters descriptor was read:
2023-07-09 17:51:10,437 - root - INFO - ParametersTableLength: 468, ImagesCount: 77
2023-07-09 17:51:10,437 - root - INFO - Reading parameters locations...
2023-07-09 17:51:10,437 - root - INFO - 2 (12): 4 bytes
2023-07-09 17:51:10,437 - root - INFO -     1 ( 8): 0  0
2023-07-09 17:51:10,437 - root - INFO -     2 (10): 32 20
2023-07-09 17:51:10,437 - root - INFO - 3 (1A): 4 bytes
2023-07-09 17:51:10,437 - root - INFO -     1 ( 8): 32 20
2023-07-09 17:51:10,437 - root - INFO -     2 (10): 82 52
2023-07-09 17:51:10,437 - root - INFO - 4 (22): 5 bytes
2023-07-09 17:51:10,437 - root - INFO -     1 ( 8): 170 AA
2023-07-09 17:51:10,437 - root - INFO -     2 (10): 114 72
2023-07-09 17:51:10,437 - root - INFO - 5 (2A): 4 bytes
2023-07-09 17:51:10,437 - root - INFO -     1 ( 8): 114 72
2023-07-09 17:51:10,437 - root - INFO -     2 (10): 56 38
2023-07-09 17:51:10,437 - root - INFO - 9 (4A): 5 bytes
2023-07-09 17:51:10,437 - root - INFO -     1 ( 8): 284 11C
2023-07-09 17:51:10,437 - root - INFO -     2 (10): 107 6B
2023-07-09 17:51:10,437 - root - INFO - 29 (EA): 5 bytes
2023-07-09 17:51:10,437 - root - INFO -     1 ( 8): 391 187
2023-07-09 17:51:10,437 - root - INFO -     2 (10): 77 4D
2023-07-09 17:51:10,437 - root - INFO - Watch face parameters locations were read:
2023-07-09 17:51:10,437 - root - INFO - Reading descriptor for parameter 2
2023-07-09 17:51:10,437 - root - INFO - Descriptor offset: 0, Descriptor length: 32
2023-07-09 17:51:10,437 - root - INFO - Parsing descriptor for parameter 2...
2023-07-09 17:51:10,437 - root - INFO - 1 ( A): 6 bytes
2023-07-09 17:51:10,437 - root - INFO -     1 ( 8): 0  0
2023-07-09 17:51:10,437 - root - INFO -     2 (10): 0  0
2023-07-09 17:51:10,437 - root - INFO -     3 (18): 1  1
2023-07-09 17:51:10,437 - root - INFO - 3 (1A): 6 bytes
2023-07-09 17:51:10,437 - root - INFO -     1 ( 8): 0  0
2023-07-09 17:51:10,437 - root - INFO -     2 (10): 0  0
2023-07-09 17:51:10,437 - root - INFO -     3 (18): 0  0
2023-07-09 17:51:10,437 - root - INFO - 4 (22): 6 bytes
2023-07-09 17:51:10,437 - root - INFO -     1 ( 8): 0  0
2023-07-09 17:51:10,437 - root - INFO -     2 (10): 0  0
2023-07-09 17:51:10,437 - root - INFO -     3 (18): 0  0
2023-07-09 17:51:10,437 - root - INFO - 5 (2A): 6 bytes
2023-07-09 17:51:10,437 - root - INFO -     1 ( 8): 0  0
2023-07-09 17:51:10,437 - root - INFO -     2 (10): 0  0
2023-07-09 17:51:10,437 - root - INFO -     3 (18): 0  0
2023-07-09 17:51:10,437 - root - INFO - Reading descriptor for parameter 3
2023-07-09 17:51:10,437 - root - INFO - Descriptor offset: 32, Descriptor length: 82
2023-07-09 17:51:10,437 - root - INFO - Parsing descriptor for parameter 3...
2023-07-09 17:51:10,437 - root - INFO - 1 ( A): 80 bytes
2023-07-09 17:51:10,437 - root - INFO -     1 ( A): 22 bytes
2023-07-09 17:51:10,437 - root - INFO -         1 ( A): 9 bytes
2023-07-09 17:51:10,437 - root - INFO -             1 ( 8): 18 12
2023-07-09 17:51:10,437 - root - INFO -             2 (10): 137 89
2023-07-09 17:51:10,437 - root - INFO -             3 (18): 2  2
2023-07-09 17:51:10,437 - root - INFO -             4 (20): 10  A
2023-07-09 17:51:10,437 - root - INFO -         2 (12): 9 bytes
2023-07-09 17:51:10,437 - root - INFO -             1 ( 8): 71 47
2023-07-09 17:51:10,437 - root - INFO -             2 (10): 137 89
2023-07-09 17:51:10,437 - root - INFO -             3 (18): 2  2
2023-07-09 17:51:10,437 - root - INFO -             4 (20): 10  A
2023-07-09 17:51:10,437 - root - INFO -     2 (12): 24 bytes
2023-07-09 17:51:10,437 - root - INFO -         1 ( A): 10 bytes
2023-07-09 17:51:10,437 - root - INFO -             1 ( 8): 150 96
2023-07-09 17:51:10,437 - root - INFO -             2 (10): 137 89
2023-07-09 17:51:10,437 - root - INFO -             3 (18): 2  2
2023-07-09 17:51:10,437 - root - INFO -             4 (20): 10  A
2023-07-09 17:51:10,437 - root - INFO -         2 (12): 10 bytes
2023-07-09 17:51:10,437 - root - INFO -             1 ( 8): 203 CB
2023-07-09 17:51:10,437 - root - INFO -             2 (10): 137 89
2023-07-09 17:51:10,437 - root - INFO -             3 (18): 2  2
2023-07-09 17:51:10,437 - root - INFO -             4 (20): 10  A
2023-07-09 17:51:10,437 - root - INFO -     3 (1A): 24 bytes
2023-07-09 17:51:10,437 - root - INFO -         1 ( A): 10 bytes
2023-07-09 17:51:10,437 - root - INFO -             1 ( 8): 258 102
2023-07-09 17:51:10,437 - root - INFO -             2 (10): 189 BD
2023-07-09 17:51:10,437 - root - INFO -             3 (18): 12  C
2023-07-09 17:51:10,437 - root - INFO -             4 (20): 10  A
2023-07-09 17:51:10,437 - root - INFO -         2 (12): 10 bytes
2023-07-09 17:51:10,437 - root - INFO -             1 ( 8): 273 111
2023-07-09 17:51:10,437 - root - INFO -             2 (10): 189 BD
2023-07-09 17:51:10,437 - root - INFO -             3 (18): 12  C
2023-07-09 17:51:10,437 - root - INFO -             4 (20): 10  A
2023-07-09 17:51:10,437 - root - INFO -     7 (38): 0  0
2023-07-09 17:51:10,437 - root - INFO -     8 (40): 1  1
2023-07-09 17:51:10,437 - root - INFO - Reading descriptor for parameter 4
2023-07-09 17:51:10,437 - root - INFO - Descriptor offset: 170, Descriptor length: 114
2023-07-09 17:51:10,437 - root - INFO - Parsing descriptor for parameter 4...
2023-07-09 17:51:10,437 - root - INFO - 1 ( A): 22 bytes
2023-07-09 17:51:10,437 - root - INFO -     1 ( A): 20 bytes
2023-07-09 17:51:10,437 - root - INFO -         1 ( 8): 47 2F
2023-07-09 17:51:10,437 - root - INFO -         2 (10): 313 139
2023-07-09 17:51:10,437 - root - INFO -         3 (18): 107 6B
2023-07-09 17:51:10,437 - root - INFO -         4 (20): 335 14F
2023-07-09 17:51:10,437 - root - INFO -         5 (28): 20 14
2023-07-09 17:51:10,437 - root - INFO -         6 (30): 0  0
2023-07-09 17:51:10,453 - root - INFO -         7 (38): 0  0
2023-07-09 17:51:10,453 - root - INFO -         8 (40): 42 2A
2023-07-09 17:51:10,453 - root - INFO -         9 (48): 10  A
2023-07-09 17:51:10,453 - root - INFO - 3 (1A): 22 bytes
2023-07-09 17:51:10,453 - root - INFO -     1 ( A): 20 bytes
2023-07-09 17:51:10,453 - root - INFO -         1 ( 8): 204 CC
2023-07-09 17:51:10,453 - root - INFO -         2 (10): 39 27
2023-07-09 17:51:10,453 - root - INFO -         3 (18): 252 FC
2023-07-09 17:51:10,453 - root - INFO -         4 (20): 61 3D
2023-07-09 17:51:10,453 - root - INFO -         5 (28): 20 14
2023-07-09 17:51:10,453 - root - INFO -         6 (30): 0  0
2023-07-09 17:51:10,453 - root - INFO -         7 (38): 0  0
2023-07-09 17:51:10,453 - root - INFO -         8 (40): 42 2A
2023-07-09 17:51:10,453 - root - INFO -         9 (48): 10  A
2023-07-09 17:51:10,453 - root - INFO - 4 (22): 22 bytes
2023-07-09 17:51:10,453 - root - INFO -     1 ( A): 18 bytes
2023-07-09 17:51:10,453 - root - INFO -         1 ( 8): 59 3B
2023-07-09 17:51:10,453 - root - INFO -         2 (10): 39 27
2023-07-09 17:51:10,453 - root - INFO -         3 (18): 95 5F
2023-07-09 17:51:10,453 - root - INFO -         4 (20): 61 3D
2023-07-09 17:51:10,453 - root - INFO -         5 (28): 20 14
2023-07-09 17:51:10,453 - root - INFO -         6 (30): 0  0
2023-07-09 17:51:10,453 - root - INFO -         7 (38): 0  0
2023-07-09 17:51:10,453 - root - INFO -         8 (40): 42 2A
2023-07-09 17:51:10,453 - root - INFO -         9 (48): 10  A
2023-07-09 17:51:10,453 - root - INFO -     3 (18): 52 34
2023-07-09 17:51:10,453 - root - INFO - 5 (2A): 38 bytes
2023-07-09 17:51:10,453 - root - INFO -     1 ( A): 22 bytes
2023-07-09 17:51:10,453 - root - INFO -         1 ( 8): 201 C9
2023-07-09 17:51:10,453 - root - INFO -         2 (10): 313 139
2023-07-09 17:51:10,453 - root - INFO -         3 (18): 241 F1
2023-07-09 17:51:10,453 - root - INFO -         4 (20): 335 14F
2023-07-09 17:51:10,453 - root - INFO -         5 (28): 24 18
2023-07-09 17:51:10,453 - root - INFO -         6 (30): 0  0
2023-07-09 17:51:10,453 - root - INFO -         7 (38): 0  0
2023-07-09 17:51:10,453 - root - INFO -         8 (40): 42 2A
2023-07-09 17:51:10,453 - root - INFO -         9 (48): 10  A
2023-07-09 17:51:10,453 - root - INFO -     2 (10): 53 35
2023-07-09 17:51:10,453 - root - INFO -     3 (18): 54 36
2023-07-09 17:51:10,453 - root - INFO -     4 (20): 55 37
2023-07-09 17:51:10,453 - root - INFO -     8 (42): 6 bytes
2023-07-09 17:51:10,453 - root - INFO -         1 ( 8): 177 B1
2023-07-09 17:51:10,453 - root - INFO -         2 (10): 290 122
2023-07-09 17:51:10,453 - root - INFO - 7 (38): 0  0
2023-07-09 17:51:10,453 - root - INFO - Reading descriptor for parameter 5
2023-07-09 17:51:10,453 - root - INFO - Descriptor offset: 114, Descriptor length: 56
2023-07-09 17:51:10,453 - root - INFO - Parsing descriptor for parameter 5...
2023-07-09 17:51:10,453 - root - INFO - 1 ( A): 31 bytes
2023-07-09 17:51:10,453 - root - INFO -     3 (1A): 23 bytes
2023-07-09 17:51:10,453 - root - INFO -         1 ( A): 19 bytes
2023-07-09 17:51:10,453 - root - INFO -             1 ( 8): 21 15
2023-07-09 17:51:10,453 - root - INFO -             2 (10): 81 51
2023-07-09 17:51:10,453 - root - INFO -             3 (18): 144 90
2023-07-09 17:51:10,453 - root - INFO -             4 (20): 101 65
2023-07-09 17:51:10,453 - root - INFO -             5 (28): 18 12
2023-07-09 17:51:10,453 - root - INFO -             6 (30): 1  1
2023-07-09 17:51:10,453 - root - INFO -             7 (38): 0  0
2023-07-09 17:51:10,453 - root - INFO -             8 (40): 22 16
2023-07-09 17:51:10,453 - root - INFO -             9 (48): 10  A
2023-07-09 17:51:10,453 - root - INFO -         2 (10): 32 20
2023-07-09 17:51:10,453 - root - INFO -     4 (20): 1  1
2023-07-09 17:51:10,453 - root - INFO -     5 (28): 1  1
2023-07-09 17:51:10,453 - root - INFO -     6 (30): 0  0
2023-07-09 17:51:10,453 - root - INFO - 2 (12): 10 bytes
2023-07-09 17:51:10,453 - root - INFO -     1 ( 8): 258 102
2023-07-09 17:51:10,453 - root - INFO -     2 (10): 140 8C
2023-07-09 17:51:10,453 - root - INFO -     5 (28): 40 28
2023-07-09 17:51:10,453 - root - INFO -     6 (30): 41 29
2023-07-09 17:51:10,453 - root - INFO - 4 (22): 9 bytes
2023-07-09 17:51:10,453 - root - INFO -     1 ( 8): 159 9F
2023-07-09 17:51:10,453 - root - INFO -     2 (10): 81 51
2023-07-09 17:51:10,453 - root - INFO -     3 (18): 33 21
2023-07-09 17:51:10,453 - root - INFO -     4 (20): 7  7
2023-07-09 17:51:10,453 - root - INFO - Reading descriptor for parameter 9
2023-07-09 17:51:10,453 - root - INFO - Descriptor offset: 284, Descriptor length: 107
2023-07-09 17:51:10,453 - root - INFO - Parsing descriptor for parameter 9...
2023-07-09 17:51:10,453 - root - INFO - 1 ( A): 24 bytes
2023-07-09 17:51:10,453 - root - INFO -     1 ( A): 22 bytes
2023-07-09 17:51:10,453 - root - INFO -         1 ( 8): 231 E7
2023-07-09 17:51:10,453 - root - INFO -         2 (10): 247 F7
2023-07-09 17:51:10,453 - root - INFO -         3 (18): 272 110
2023-07-09 17:51:10,453 - root - INFO -         4 (20): 267 10B
2023-07-09 17:51:10,453 - root - INFO -         5 (28): 20 14
2023-07-09 17:51:10,453 - root - INFO -         6 (30): 1  1
2023-07-09 17:51:10,453 - root - INFO -         7 (38): 0  0
2023-07-09 17:51:10,453 - root - INFO -         8 (40): 56 38
2023-07-09 17:51:10,453 - root - INFO -         9 (48): 10  A
2023-07-09 17:51:10,453 - root - INFO - 3 (1A): 79 bytes
2023-07-09 17:51:10,453 - root - INFO -     1 ( 8): 66 42
2023-07-09 17:51:10,453 - root - INFO -     2 (12): 5 bytes
2023-07-09 17:51:10,453 - root - INFO -         1 ( 8): 97 61
2023-07-09 17:51:10,453 - root - INFO -         2 (10): 254 FE
2023-07-09 17:51:10,453 - root - INFO -     2 (12): 5 bytes
2023-07-09 17:51:10,453 - root - INFO -         1 ( 8): 110 6E
2023-07-09 17:51:10,453 - root - INFO -         2 (10): 254 FE
2023-07-09 17:51:10,453 - root - INFO -     2 (12): 5 bytes
2023-07-09 17:51:10,453 - root - INFO -         1 ( 8): 123 7B
2023-07-09 17:51:10,453 - root - INFO -         2 (10): 254 FE
2023-07-09 17:51:10,453 - root - INFO -     2 (12): 6 bytes
2023-07-09 17:51:10,468 - root - INFO -         1 ( 8): 136 88
2023-07-09 17:51:10,468 - root - INFO -         2 (10): 254 FE
2023-07-09 17:51:10,468 - root - INFO -     2 (12): 6 bytes
2023-07-09 17:51:10,468 - root - INFO -         1 ( 8): 149 95
2023-07-09 17:51:10,468 - root - INFO -         2 (10): 254 FE
2023-07-09 17:51:10,468 - root - INFO -     2 (12): 6 bytes
2023-07-09 17:51:10,468 - root - INFO -         1 ( 8): 162 A2
2023-07-09 17:51:10,468 - root - INFO -         2 (10): 254 FE
2023-07-09 17:51:10,468 - root - INFO -     2 (12): 6 bytes
2023-07-09 17:51:10,468 - root - INFO -         1 ( 8): 175 AF
2023-07-09 17:51:10,468 - root - INFO -         2 (10): 254 FE
2023-07-09 17:51:10,468 - root - INFO -     2 (12): 6 bytes
2023-07-09 17:51:10,468 - root - INFO -         1 ( 8): 188 BC
2023-07-09 17:51:10,468 - root - INFO -         2 (10): 254 FE
2023-07-09 17:51:10,468 - root - INFO -     2 (12): 6 bytes
2023-07-09 17:51:10,468 - root - INFO -         1 ( 8): 201 C9
2023-07-09 17:51:10,468 - root - INFO -         2 (10): 254 FE
2023-07-09 17:51:10,468 - root - INFO -     2 (12): 6 bytes
2023-07-09 17:51:10,468 - root - INFO -         1 ( 8): 214 D6
2023-07-09 17:51:10,468 - root - INFO -         2 (10): 254 FE
2023-07-09 17:51:10,468 - root - INFO - Reading descriptor for parameter 29
2023-07-09 17:51:10,468 - root - INFO - Descriptor offset: 391, Descriptor length: 77
2023-07-09 17:51:10,468 - root - INFO - Parsing descriptor for parameter 29...
2023-07-09 17:51:10,468 - root - INFO - 1 ( A): 75 bytes
2023-07-09 17:51:10,468 - root - INFO -     1 ( A): 61 bytes
2023-07-09 17:51:10,468 - root - INFO -         1 ( A): 22 bytes
2023-07-09 17:51:10,468 - root - INFO -             1 ( A): 9 bytes
2023-07-09 17:51:10,468 - root - INFO -                 1 ( 8): 18 12
2023-07-09 17:51:10,468 - root - INFO -                 2 (10): 137 89
2023-07-09 17:51:10,468 - root - INFO -                 3 (18): 2  2
2023-07-09 17:51:10,468 - root - INFO -                 4 (20): 10  A
2023-07-09 17:51:10,468 - root - INFO -             2 (12): 9 bytes
2023-07-09 17:51:10,468 - root - INFO -                 1 ( 8): 71 47
2023-07-09 17:51:10,468 - root - INFO -                 2 (10): 137 89
2023-07-09 17:51:10,468 - root - INFO -                 3 (18): 2  2
2023-07-09 17:51:10,468 - root - INFO -                 4 (20): 10  A
2023-07-09 17:51:10,468 - root - INFO -         2 (12): 24 bytes
2023-07-09 17:51:10,468 - root - INFO -             1 ( A): 10 bytes
2023-07-09 17:51:10,468 - root - INFO -                 1 ( 8): 150 96
2023-07-09 17:51:10,468 - root - INFO -                 2 (10): 137 89
2023-07-09 17:51:10,468 - root - INFO -                 3 (18): 2  2
2023-07-09 17:51:10,468 - root - INFO -                 4 (20): 10  A
2023-07-09 17:51:10,468 - root - INFO -             2 (12): 10 bytes
2023-07-09 17:51:10,468 - root - INFO -                 1 ( 8): 203 CB
2023-07-09 17:51:10,468 - root - INFO -                 2 (10): 137 89
2023-07-09 17:51:10,468 - root - INFO -                 3 (18): 2  2
2023-07-09 17:51:10,468 - root - INFO -                 4 (20): 10  A
2023-07-09 17:51:10,468 - root - INFO -         3 (1A): 7 bytes
2023-07-09 17:51:10,468 - root - INFO -             1 ( 8): 125 7D
2023-07-09 17:51:10,468 - root - INFO -             2 (10): 137 89
2023-07-09 17:51:10,468 - root - INFO -             3 (18): 76 4C
2023-07-09 17:51:10,468 - root - INFO -         4 (20): 1  1
2023-07-09 17:51:10,468 - root - INFO -     4 (22): 10 bytes
2023-07-09 17:51:10,468 - root - INFO -         1 ( 8): 258 102
2023-07-09 17:51:10,468 - root - INFO -         2 (10): 140 8C
2023-07-09 17:51:10,468 - root - INFO -         5 (28): 40 28
2023-07-09 17:51:10,468 - root - INFO -         6 (30): 41 29
2023-07-09 17:51:10,468 - root - INFO - Reading resources offsets table with 77 elements (308 bytes)
2023-07-09 17:51:10,468 - root - INFO - Resource 0 offset: 910, length: 101656...
2023-07-09 17:51:10,468 - root - DEBUG - Reading resource 0...
2023-07-09 17:51:10,531 - root - INFO - The image is bmc.
2023-07-09 17:51:10,531 - root - INFO - Reading image header(readHeader16C)...
2023-07-09 17:51:10,531 - root - INFO - Image header was read:
2023-07-09 17:51:10,531 - root - INFO - Width: 210, Height: 242, RowLength: 420
2023-07-09 17:51:10,531 - root - INFO - _step: 2, unknown2: 0,
2023-07-09 17:51:10,531 - root - INFO - BPP: 16, Transparency: False
2023-07-09 17:51:10,828 - root - INFO - Resource 1 offset: 102566, length: 216664...
2023-07-09 17:51:10,828 - root - DEBUG - Reading resource 1...
2023-07-09 17:51:10,828 - root - INFO - The image is bmc.
2023-07-09 17:51:10,828 - root - INFO - Reading image header(readHeader16C)...
2023-07-09 17:51:10,828 - root - INFO - Image header was read:
2023-07-09 17:51:10,828 - root - INFO - Width: 306, Height: 354, RowLength: 612
2023-07-09 17:51:10,828 - root - INFO - _step: 2, unknown2: 0,
2023-07-09 17:51:10,828 - root - INFO - BPP: 16, Transparency: False
2023-07-09 17:51:11,468 - root - INFO - Resource 2 offset: 319230, length: 4218...
2023-07-09 17:51:11,468 - root - DEBUG - Reading resource 2...
2023-07-09 17:51:11,468 - root - INFO - The image is bme.
2023-07-09 17:51:11,468 - root - INFO - Reading image header(readHeader16E)...
2023-07-09 17:51:11,468 - root - INFO - Image header was read:
2023-07-09 17:51:11,468 - root - INFO - Width: 48, Height: 74, RowLength: 96
2023-07-09 17:51:11,468 - root - INFO - datalength: 4202, _step: 2
2023-07-09 17:51:11,468 - root - INFO - BPP: 16, Transparency: False
2023-07-09 17:51:11,484 - root - INFO - Resource 3 offset: 323448, length: 4206...
2023-07-09 17:51:11,484 - root - DEBUG - Reading resource 3...
2023-07-09 17:51:11,484 - root - INFO - The image is bme.
2023-07-09 17:51:11,484 - root - INFO - Reading image header(readHeader16E)...
2023-07-09 17:51:11,484 - root - INFO - Image header was read:
2023-07-09 17:51:11,484 - root - INFO - Width: 48, Height: 74, RowLength: 96
2023-07-09 17:51:11,484 - root - INFO - datalength: 4190, _step: 2
2023-07-09 17:51:11,484 - root - INFO - BPP: 16, Transparency: False
2023-07-09 17:51:11,500 - root - INFO - Resource 4 offset: 327654, length: 4792...
2023-07-09 17:51:11,500 - root - DEBUG - Reading resource 4...
2023-07-09 17:51:11,500 - root - INFO - The image is bme.
2023-07-09 17:51:11,500 - root - INFO - Reading image header(readHeader16E)...
2023-07-09 17:51:11,500 - root - INFO - Image header was read:
2023-07-09 17:51:11,500 - root - INFO - Width: 48, Height: 74, RowLength: 96
2023-07-09 17:51:11,500 - root - INFO - datalength: 4776, _step: 2
2023-07-09 17:51:11,500 - root - INFO - BPP: 16, Transparency: False
2023-07-09 17:51:11,515 - root - INFO - Resource 5 offset: 332446, length: 4800...
2023-07-09 17:51:11,515 - root - DEBUG - Reading resource 5...
2023-07-09 17:51:11,515 - root - INFO - The image is bme.
2023-07-09 17:51:11,515 - root - INFO - Reading image header(readHeader16E)...
2023-07-09 17:51:11,515 - root - INFO - Image header was read:
2023-07-09 17:51:11,515 - root - INFO - Width: 48, Height: 74, RowLength: 96
2023-07-09 17:51:11,515 - root - INFO - datalength: 4784, _step: 2
2023-07-09 17:51:11,515 - root - INFO - BPP: 16, Transparency: False
2023-07-09 17:51:11,515 - root - INFO - Resource 6 offset: 337246, length: 4796...
2023-07-09 17:51:11,515 - root - DEBUG - Reading resource 6...
2023-07-09 17:51:11,531 - root - INFO - The image is bme.
2023-07-09 17:51:11,531 - root - INFO - Reading image header(readHeader16E)...
2023-07-09 17:51:11,531 - root - INFO - Image header was read:
2023-07-09 17:51:11,531 - root - INFO - Width: 48, Height: 74, RowLength: 96
2023-07-09 17:51:11,531 - root - INFO - datalength: 4780, _step: 2
2023-07-09 17:51:11,531 - root - INFO - BPP: 16, Transparency: False
2023-07-09 17:51:11,546 - root - INFO - Resource 7 offset: 342042, length: 4800...
2023-07-09 17:51:11,547 - root - DEBUG - Reading resource 7...
2023-07-09 17:51:11,547 - root - INFO - The image is bme.
2023-07-09 17:51:11,547 - root - INFO - Reading image header(readHeader16E)...
2023-07-09 17:51:11,547 - root - INFO - Image header was read:
2023-07-09 17:51:11,547 - root - INFO - Width: 48, Height: 74, RowLength: 96
2023-07-09 17:51:11,547 - root - INFO - datalength: 4784, _step: 2
2023-07-09 17:51:11,547 - root - INFO - BPP: 16, Transparency: False
2023-07-09 17:51:11,563 - root - INFO - Resource 8 offset: 346842, length: 4804...
2023-07-09 17:51:11,563 - root - DEBUG - Reading resource 8...
2023-07-09 17:51:11,563 - root - INFO - The image is bme.
2023-07-09 17:51:11,563 - root - INFO - Reading image header(readHeader16E)...
2023-07-09 17:51:11,563 - root - INFO - Image header was read:
2023-07-09 17:51:11,563 - root - INFO - Width: 48, Height: 74, RowLength: 96
2023-07-09 17:51:11,564 - root - INFO - datalength: 4788, _step: 2
2023-07-09 17:51:11,564 - root - INFO - BPP: 16, Transparency: False
2023-07-09 17:51:11,578 - root - INFO - Resource 9 offset: 351646, length: 4208...
2023-07-09 17:51:11,578 - root - DEBUG - Reading resource 9...
2023-07-09 17:51:11,578 - root - INFO - The image is bme.
2023-07-09 17:51:11,578 - root - INFO - Reading image header(readHeader16E)...
2023-07-09 17:51:11,579 - root - INFO - Image header was read:
2023-07-09 17:51:11,579 - root - INFO - Width: 48, Height: 74, RowLength: 96
2023-07-09 17:51:11,579 - root - INFO - datalength: 4192, _step: 2
2023-07-09 17:51:11,579 - root - INFO - BPP: 16, Transparency: False
2023-07-09 17:51:11,591 - root - INFO - Resource 10 offset: 355854, length: 4806...
2023-07-09 17:51:11,591 - root - DEBUG - Reading resource 10...
2023-07-09 17:51:11,591 - root - INFO - The image is bme.
2023-07-09 17:51:11,591 - root - INFO - Reading image header(readHeader16E)...
2023-07-09 17:51:11,592 - root - INFO - Image header was read:
2023-07-09 17:51:11,592 - root - INFO - Width: 48, Height: 74, RowLength: 96
2023-07-09 17:51:11,592 - root - INFO - datalength: 4790, _step: 2
2023-07-09 17:51:11,592 - root - INFO - BPP: 16, Transparency: False
2023-07-09 17:51:11,606 - root - INFO - Resource 11 offset: 360660, length: 4802...
2023-07-09 17:51:11,607 - root - DEBUG - Reading resource 11...
2023-07-09 17:51:11,607 - root - INFO - The image is bme.
2023-07-09 17:51:11,607 - root - INFO - Reading image header(readHeader16E)...
2023-07-09 17:51:11,607 - root - INFO - Image header was read:
2023-07-09 17:51:11,607 - root - INFO - Width: 48, Height: 74, RowLength: 96
2023-07-09 17:51:11,607 - root - INFO - datalength: 4786, _step: 2
2023-07-09 17:51:11,607 - root - INFO - BPP: 16, Transparency: False
2023-07-09 17:51:11,621 - root - INFO - Resource 12 offset: 365462, length: 464...
2023-07-09 17:51:11,621 - root - DEBUG - Reading resource 12...
2023-07-09 17:51:11,621 - root - INFO - The image is bme.
2023-07-09 17:51:11,621 - root - INFO - Reading image header(readHeader16E)...
2023-07-09 17:51:11,621 - root - INFO - Image header was read:
2023-07-09 17:51:11,622 - root - INFO - Width: 13, Height: 20, RowLength: 26
2023-07-09 17:51:11,622 - root - INFO - datalength: 448, _step: 2
2023-07-09 17:51:11,622 - root - INFO - BPP: 16, Transparency: False
2023-07-09 17:51:11,623 - root - INFO - Resource 13 offset: 365926, length: 464...
2023-07-09 17:51:11,623 - root - DEBUG - Reading resource 13...
2023-07-09 17:51:11,623 - root - INFO - The image is bme.
2023-07-09 17:51:11,624 - root - INFO - Reading image header(readHeader16E)...
2023-07-09 17:51:11,624 - root - INFO - Image header was read:
2023-07-09 17:51:11,624 - root - INFO - Width: 13, Height: 20, RowLength: 26
2023-07-09 17:51:11,624 - root - INFO - datalength: 448, _step: 2
2023-07-09 17:51:11,624 - root - INFO - BPP: 16, Transparency: False
2023-07-09 17:51:11,625 - root - INFO - Resource 14 offset: 366390, length: 488...
2023-07-09 17:51:11,626 - root - DEBUG - Reading resource 14...
2023-07-09 17:51:11,626 - root - INFO - The image is bme.
2023-07-09 17:51:11,626 - root - INFO - Reading image header(readHeader16E)...
2023-07-09 17:51:11,626 - root - INFO - Image header was read:
2023-07-09 17:51:11,626 - root - INFO - Width: 13, Height: 20, RowLength: 26
2023-07-09 17:51:11,626 - root - INFO - datalength: 472, _step: 2
2023-07-09 17:51:11,626 - root - INFO - BPP: 16, Transparency: False
2023-07-09 17:51:11,628 - root - INFO - Resource 15 offset: 366878, length: 488...
2023-07-09 17:51:11,628 - root - DEBUG - Reading resource 15...
2023-07-09 17:51:11,628 - root - INFO - The image is bme.
2023-07-09 17:51:11,628 - root - INFO - Reading image header(readHeader16E)...
2023-07-09 17:51:11,628 - root - INFO - Image header was read:
2023-07-09 17:51:11,628 - root - INFO - Width: 13, Height: 20, RowLength: 26
2023-07-09 17:51:11,628 - root - INFO - datalength: 472, _step: 2
2023-07-09 17:51:11,628 - root - INFO - BPP: 16, Transparency: False
2023-07-09 17:51:11,629 - root - INFO - Resource 16 offset: 367366, length: 488...
2023-07-09 17:51:11,630 - root - DEBUG - Reading resource 16...
2023-07-09 17:51:11,630 - root - INFO - The image is bme.
2023-07-09 17:51:11,630 - root - INFO - Reading image header(readHeader16E)...
2023-07-09 17:51:11,630 - root - INFO - Image header was read:
2023-07-09 17:51:11,630 - root - INFO - Width: 13, Height: 20, RowLength: 26
2023-07-09 17:51:11,630 - root - INFO - datalength: 472, _step: 2
2023-07-09 17:51:11,630 - root - INFO - BPP: 16, Transparency: False
2023-07-09 17:51:11,632 - root - INFO - Resource 17 offset: 367854, length: 488...
2023-07-09 17:51:11,632 - root - DEBUG - Reading resource 17...
2023-07-09 17:51:11,632 - root - INFO - The image is bme.
2023-07-09 17:51:11,632 - root - INFO - Reading image header(readHeader16E)...
2023-07-09 17:51:11,632 - root - INFO - Image header was read:
2023-07-09 17:51:11,632 - root - INFO - Width: 13, Height: 20, RowLength: 26
2023-07-09 17:51:11,632 - root - INFO - datalength: 472, _step: 2
2023-07-09 17:51:11,632 - root - INFO - BPP: 16, Transparency: False
2023-07-09 17:51:11,634 - root - INFO - Resource 18 offset: 368342, length: 488...
2023-07-09 17:51:11,634 - root - DEBUG - Reading resource 18...
2023-07-09 17:51:11,634 - root - INFO - The image is bme.
2023-07-09 17:51:11,634 - root - INFO - Reading image header(readHeader16E)...
2023-07-09 17:51:11,634 - root - INFO - Image header was read:
2023-07-09 17:51:11,634 - root - INFO - Width: 13, Height: 20, RowLength: 26
2023-07-09 17:51:11,634 - root - INFO - datalength: 472, _step: 2
2023-07-09 17:51:11,635 - root - INFO - BPP: 16, Transparency: False
2023-07-09 17:51:11,636 - root - INFO - Resource 19 offset: 368830, length: 464...
2023-07-09 17:51:11,636 - root - DEBUG - Reading resource 19...
2023-07-09 17:51:11,636 - root - INFO - The image is bme.
2023-07-09 17:51:11,636 - root - INFO - Reading image header(readHeader16E)...
2023-07-09 17:51:11,636 - root - INFO - Image header was read:
2023-07-09 17:51:11,636 - root - INFO - Width: 13, Height: 20, RowLength: 26
2023-07-09 17:51:11,637 - root - INFO - datalength: 448, _step: 2
2023-07-09 17:51:11,637 - root - INFO - BPP: 16, Transparency: False
2023-07-09 17:51:11,638 - root - INFO - Resource 20 offset: 369294, length: 488...
2023-07-09 17:51:11,638 - root - DEBUG - Reading resource 20...
2023-07-09 17:51:11,638 - root - INFO - The image is bme.
2023-07-09 17:51:11,638 - root - INFO - Reading image header(readHeader16E)...
2023-07-09 17:51:11,639 - root - INFO - Image header was read:
2023-07-09 17:51:11,639 - root - INFO - Width: 13, Height: 20, RowLength: 26
2023-07-09 17:51:11,639 - root - INFO - datalength: 472, _step: 2
2023-07-09 17:51:11,639 - root - INFO - BPP: 16, Transparency: False
2023-07-09 17:51:11,640 - root - INFO - Resource 21 offset: 369782, length: 488...
2023-07-09 17:51:11,640 - root - DEBUG - Reading resource 21...
2023-07-09 17:51:11,641 - root - INFO - The image is bme.
2023-07-09 17:51:11,641 - root - INFO - Reading image header(readHeader16E)...
2023-07-09 17:51:11,641 - root - INFO - Image header was read:
2023-07-09 17:51:11,641 - root - INFO - Width: 13, Height: 20, RowLength: 26
2023-07-09 17:51:11,641 - root - INFO - datalength: 472, _step: 2
2023-07-09 17:51:11,641 - root - INFO - BPP: 16, Transparency: False
2023-07-09 17:51:11,643 - root - INFO - Resource 22 offset: 370270, length: 464...
2023-07-09 17:51:11,643 - root - DEBUG - Reading resource 22...
2023-07-09 17:51:11,643 - root - INFO - The image is bme.
2023-07-09 17:51:11,643 - root - INFO - Reading image header(readHeader16E)...
2023-07-09 17:51:11,643 - root - INFO - Image header was read:
2023-07-09 17:51:11,643 - root - INFO - Width: 13, Height: 20, RowLength: 26
2023-07-09 17:51:11,643 - root - INFO - datalength: 448, _step: 2
2023-07-09 17:51:11,643 - root - INFO - BPP: 16, Transparency: False
2023-07-09 17:51:11,645 - root - INFO - Resource 23 offset: 370734, length: 464...
2023-07-09 17:51:11,645 - root - DEBUG - Reading resource 23...
2023-07-09 17:51:11,645 - root - INFO - The image is bme.
2023-07-09 17:51:11,645 - root - INFO - Reading image header(readHeader16E)...
2023-07-09 17:51:11,645 - root - INFO - Image header was read:
2023-07-09 17:51:11,645 - root - INFO - Width: 13, Height: 20, RowLength: 26
2023-07-09 17:51:11,645 - root - INFO - datalength: 448, _step: 2
2023-07-09 17:51:11,645 - root - INFO - BPP: 16, Transparency: False
2023-07-09 17:51:11,647 - root - INFO - Resource 24 offset: 371198, length: 488...
2023-07-09 17:51:11,647 - root - DEBUG - Reading resource 24...
2023-07-09 17:51:11,647 - root - INFO - The image is bme.
2023-07-09 17:51:11,647 - root - INFO - Reading image header(readHeader16E)...
2023-07-09 17:51:11,647 - root - INFO - Image header was read:
2023-07-09 17:51:11,647 - root - INFO - Width: 13, Height: 20, RowLength: 26
2023-07-09 17:51:11,647 - root - INFO - datalength: 472, _step: 2
2023-07-09 17:51:11,647 - root - INFO - BPP: 16, Transparency: False
2023-07-09 17:51:11,649 - root - INFO - Resource 25 offset: 371686, length: 488...
2023-07-09 17:51:11,649 - root - DEBUG - Reading resource 25...
2023-07-09 17:51:11,649 - root - INFO - The image is bme.
2023-07-09 17:51:11,649 - root - INFO - Reading image header(readHeader16E)...
2023-07-09 17:51:11,649 - root - INFO - Image header was read:
2023-07-09 17:51:11,649 - root - INFO - Width: 13, Height: 20, RowLength: 26
2023-07-09 17:51:11,649 - root - INFO - datalength: 472, _step: 2
2023-07-09 17:51:11,649 - root - INFO - BPP: 16, Transparency: False
2023-07-09 17:51:11,651 - root - INFO - Resource 26 offset: 372174, length: 488...
2023-07-09 17:51:11,651 - root - DEBUG - Reading resource 26...
2023-07-09 17:51:11,651 - root - INFO - The image is bme.
2023-07-09 17:51:11,651 - root - INFO - Reading image header(readHeader16E)...
2023-07-09 17:51:11,651 - root - INFO - Image header was read:
2023-07-09 17:51:11,651 - root - INFO - Width: 13, Height: 20, RowLength: 26
2023-07-09 17:51:11,651 - root - INFO - datalength: 472, _step: 2
2023-07-09 17:51:11,652 - root - INFO - BPP: 16, Transparency: False
2023-07-09 17:51:11,653 - root - INFO - Resource 27 offset: 372662, length: 488...
2023-07-09 17:51:11,653 - root - DEBUG - Reading resource 27...
2023-07-09 17:51:11,653 - root - INFO - The image is bme.
2023-07-09 17:51:11,653 - root - INFO - Reading image header(readHeader16E)...
2023-07-09 17:51:11,654 - root - INFO - Image header was read:
2023-07-09 17:51:11,654 - root - INFO - Width: 13, Height: 20, RowLength: 26
2023-07-09 17:51:11,654 - root - INFO - datalength: 472, _step: 2
2023-07-09 17:51:11,654 - root - INFO - BPP: 16, Transparency: False
2023-07-09 17:51:11,655 - root - INFO - Resource 28 offset: 373150, length: 488...
2023-07-09 17:51:11,655 - root - DEBUG - Reading resource 28...
2023-07-09 17:51:11,656 - root - INFO - The image is bme.
2023-07-09 17:51:11,656 - root - INFO - Reading image header(readHeader16E)...
2023-07-09 17:51:11,656 - root - INFO - Image header was read:
2023-07-09 17:51:11,656 - root - INFO - Width: 13, Height: 20, RowLength: 26
2023-07-09 17:51:11,656 - root - INFO - datalength: 472, _step: 2
2023-07-09 17:51:11,656 - root - INFO - BPP: 16, Transparency: False
2023-07-09 17:51:11,658 - root - INFO - Resource 29 offset: 373638, length: 464...
2023-07-09 17:51:11,658 - root - DEBUG - Reading resource 29...
2023-07-09 17:51:11,658 - root - INFO - The image is bme.
2023-07-09 17:51:11,658 - root - INFO - Reading image header(readHeader16E)...
2023-07-09 17:51:11,658 - root - INFO - Image header was read:
2023-07-09 17:51:11,659 - root - INFO - Width: 13, Height: 20, RowLength: 26
2023-07-09 17:51:11,659 - root - INFO - datalength: 448, _step: 2
2023-07-09 17:51:11,659 - root - INFO - BPP: 16, Transparency: False
2023-07-09 17:51:11,660 - root - INFO - Resource 30 offset: 374102, length: 488...
2023-07-09 17:51:11,660 - root - DEBUG - Reading resource 30...
2023-07-09 17:51:11,660 - root - INFO - The image is bme.
2023-07-09 17:51:11,660 - root - INFO - Reading image header(readHeader16E)...
2023-07-09 17:51:11,660 - root - INFO - Image header was read:
2023-07-09 17:51:11,661 - root - INFO - Width: 13, Height: 20, RowLength: 26
2023-07-09 17:51:11,661 - root - INFO - datalength: 472, _step: 2
2023-07-09 17:51:11,661 - root - INFO - BPP: 16, Transparency: False
2023-07-09 17:51:11,662 - root - INFO - Resource 31 offset: 374590, length: 488...
2023-07-09 17:51:11,662 - root - DEBUG - Reading resource 31...
2023-07-09 17:51:11,662 - root - INFO - The image is bme.
2023-07-09 17:51:11,662 - root - INFO - Reading image header(readHeader16E)...
2023-07-09 17:51:11,663 - root - INFO - Image header was read:
2023-07-09 17:51:11,663 - root - INFO - Width: 13, Height: 20, RowLength: 26
2023-07-09 17:51:11,663 - root - INFO - datalength: 472, _step: 2
2023-07-09 17:51:11,663 - root - INFO - BPP: 16, Transparency: False
2023-07-09 17:51:11,664 - root - INFO - Resource 32 offset: 375078, length: 52...
2023-07-09 17:51:11,664 - root - DEBUG - Reading resource 32...
2023-07-09 17:51:11,664 - root - INFO - The image is bme.
2023-07-09 17:51:11,664 - root - INFO - Reading image header(readHeader16E)...
2023-07-09 17:51:11,664 - root - INFO - Image header was read:
2023-07-09 17:51:11,664 - root - INFO - Width: 5, Height: 20, RowLength: 10
2023-07-09 17:51:11,664 - root - INFO - datalength: 36, _step: 2
2023-07-09 17:51:11,664 - root - INFO - BPP: 16, Transparency: False
2023-07-09 17:51:11,664 - root - INFO - Resource 33 offset: 375130, length: 4216...
2023-07-09 17:51:11,664 - root - DEBUG - Reading resource 33...
2023-07-09 17:51:11,664 - root - INFO - The image is bme.
2023-07-09 17:51:11,664 - root - INFO - Reading image header(readHeader16E)...
2023-07-09 17:51:11,664 - root - INFO - Image header was read:
2023-07-09 17:51:11,664 - root - INFO - Width: 125, Height: 20, RowLength: 250
2023-07-09 17:51:11,664 - root - INFO - datalength: 4200, _step: 2
2023-07-09 17:51:11,664 - root - INFO - BPP: 16, Transparency: False
2023-07-09 17:51:11,664 - root - INFO - Resource 34 offset: 379346, length: 4304...
2023-07-09 17:51:11,664 - root - DEBUG - Reading resource 34...
2023-07-09 17:51:11,664 - root - INFO - The image is bme.
2023-07-09 17:51:11,664 - root - INFO - Reading image header(readHeader16E)...
2023-07-09 17:51:11,664 - root - INFO - Image header was read:
2023-07-09 17:51:11,664 - root - INFO - Width: 125, Height: 20, RowLength: 250
2023-07-09 17:51:11,664 - root - INFO - datalength: 4288, _step: 2
2023-07-09 17:51:11,664 - root - INFO - BPP: 16, Transparency: False
2023-07-09 17:51:11,680 - root - INFO - Resource 35 offset: 383650, length: 4288...
2023-07-09 17:51:11,680 - root - DEBUG - Reading resource 35...
2023-07-09 17:51:11,680 - root - INFO - The image is bme.
2023-07-09 17:51:11,680 - root - INFO - Reading image header(readHeader16E)...
2023-07-09 17:51:11,680 - root - INFO - Image header was read:
2023-07-09 17:51:11,680 - root - INFO - Width: 125, Height: 20, RowLength: 250
2023-07-09 17:51:11,680 - root - INFO - datalength: 4272, _step: 2
2023-07-09 17:51:11,680 - root - INFO - BPP: 16, Transparency: False
2023-07-09 17:51:11,696 - root - INFO - Resource 36 offset: 387938, length: 4330...
2023-07-09 17:51:11,696 - root - DEBUG - Reading resource 36...
2023-07-09 17:51:11,696 - root - INFO - The image is bme.
2023-07-09 17:51:11,696 - root - INFO - Reading image header(readHeader16E)...
2023-07-09 17:51:11,696 - root - INFO - Image header was read:
2023-07-09 17:51:11,696 - root - INFO - Width: 125, Height: 20, RowLength: 250
2023-07-09 17:51:11,696 - root - INFO - datalength: 4314, _step: 2
2023-07-09 17:51:11,696 - root - INFO - BPP: 16, Transparency: False
2023-07-09 17:51:11,696 - root - INFO - Resource 37 offset: 392268, length: 4170...
2023-07-09 17:51:11,696 - root - DEBUG - Reading resource 37...
2023-07-09 17:51:11,696 - root - INFO - The image is bme.
2023-07-09 17:51:11,696 - root - INFO - Reading image header(readHeader16E)...
2023-07-09 17:51:11,696 - root - INFO - Image header was read:
2023-07-09 17:51:11,711 - root - INFO - Width: 125, Height: 20, RowLength: 250
2023-07-09 17:51:11,711 - root - INFO - datalength: 4154, _step: 2
2023-07-09 17:51:11,711 - root - INFO - BPP: 16, Transparency: False
2023-07-09 17:51:11,711 - root - INFO - Resource 38 offset: 396438, length: 4330...
2023-07-09 17:51:11,711 - root - DEBUG - Reading resource 38...
2023-07-09 17:51:11,711 - root - INFO - The image is bme.
2023-07-09 17:51:11,711 - root - INFO - Reading image header(readHeader16E)...
2023-07-09 17:51:11,711 - root - INFO - Image header was read:
2023-07-09 17:51:11,711 - root - INFO - Width: 125, Height: 20, RowLength: 250
2023-07-09 17:51:11,711 - root - INFO - datalength: 4314, _step: 2
2023-07-09 17:51:11,711 - root - INFO - BPP: 16, Transparency: False
2023-07-09 17:51:11,727 - root - INFO - Resource 39 offset: 400768, length: 4138...
2023-07-09 17:51:11,727 - root - DEBUG - Reading resource 39...
2023-07-09 17:51:11,727 - root - INFO - The image is bme.
2023-07-09 17:51:11,727 - root - INFO - Reading image header(readHeader16E)...
2023-07-09 17:51:11,727 - root - INFO - Image header was read:
2023-07-09 17:51:11,727 - root - INFO - Width: 125, Height: 20, RowLength: 250
2023-07-09 17:51:11,727 - root - INFO - datalength: 4122, _step: 2
2023-07-09 17:51:11,727 - root - INFO - BPP: 16, Transparency: False
2023-07-09 17:51:11,743 - root - INFO - Resource 40 offset: 404906, length: 1038...
2023-07-09 17:51:11,743 - root - DEBUG - Reading resource 40...
2023-07-09 17:51:11,743 - root - INFO - The image is bme.
2023-07-09 17:51:11,743 - root - INFO - Reading image header(readHeader16E)...
2023-07-09 17:51:11,743 - root - INFO - Image header was read:
2023-07-09 17:51:11,743 - root - INFO - Width: 28, Height: 20, RowLength: 56
2023-07-09 17:51:11,743 - root - INFO - datalength: 1022, _step: 2
2023-07-09 17:51:11,743 - root - INFO - BPP: 16, Transparency: False
2023-07-09 17:51:11,743 - root - INFO - Resource 41 offset: 405944, length: 1038...
2023-07-09 17:51:11,743 - root - DEBUG - Reading resource 41...
2023-07-09 17:51:11,743 - root - INFO - The image is bme.
2023-07-09 17:51:11,743 - root - INFO - Reading image header(readHeader16E)...
2023-07-09 17:51:11,743 - root - INFO - Image header was read:
2023-07-09 17:51:11,743 - root - INFO - Width: 28, Height: 20, RowLength: 56
2023-07-09 17:51:11,743 - root - INFO - datalength: 1022, _step: 2
2023-07-09 17:51:11,743 - root - INFO - BPP: 16, Transparency: False
2023-07-09 17:51:11,743 - root - INFO - Resource 42 offset: 406982, length: 356...
2023-07-09 17:51:11,743 - root - DEBUG - Reading resource 42...
2023-07-09 17:51:11,743 - root - INFO - The image is bme.
2023-07-09 17:51:11,743 - root - INFO - Reading image header(readHeader16E)...
2023-07-09 17:51:11,743 - root - INFO - Image header was read:
2023-07-09 17:51:11,743 - root - INFO - Width: 12, Height: 22, RowLength: 24
2023-07-09 17:51:11,743 - root - INFO - datalength: 340, _step: 2
2023-07-09 17:51:11,743 - root - INFO - BPP: 16, Transparency: False
2023-07-09 17:51:11,743 - root - INFO - Resource 43 offset: 407338, length: 356...
2023-07-09 17:51:11,743 - root - DEBUG - Reading resource 43...
2023-07-09 17:51:11,743 - root - INFO - The image is bme.
2023-07-09 17:51:11,743 - root - INFO - Reading image header(readHeader16E)...
2023-07-09 17:51:11,743 - root - INFO - Image header was read:
2023-07-09 17:51:11,743 - root - INFO - Width: 12, Height: 22, RowLength: 24
2023-07-09 17:51:11,743 - root - INFO - datalength: 340, _step: 2
2023-07-09 17:51:11,743 - root - INFO - BPP: 16, Transparency: False
2023-07-09 17:51:11,743 - root - INFO - Resource 44 offset: 407694, length: 372...
2023-07-09 17:51:11,743 - root - DEBUG - Reading resource 44...
2023-07-09 17:51:11,743 - root - INFO - The image is bme.
2023-07-09 17:51:11,743 - root - INFO - Reading image header(readHeader16E)...
2023-07-09 17:51:11,743 - root - INFO - Image header was read:
2023-07-09 17:51:11,743 - root - INFO - Width: 12, Height: 22, RowLength: 24
2023-07-09 17:51:11,743 - root - INFO - datalength: 356, _step: 2
2023-07-09 17:51:11,743 - root - INFO - BPP: 16, Transparency: False
2023-07-09 17:51:11,743 - root - INFO - Resource 45 offset: 408066, length: 372...
2023-07-09 17:51:11,743 - root - DEBUG - Reading resource 45...
2023-07-09 17:51:11,743 - root - INFO - The image is bme.
2023-07-09 17:51:11,743 - root - INFO - Reading image header(readHeader16E)...
2023-07-09 17:51:11,743 - root - INFO - Image header was read:
2023-07-09 17:51:11,743 - root - INFO - Width: 12, Height: 22, RowLength: 24
2023-07-09 17:51:11,743 - root - INFO - datalength: 356, _step: 2
2023-07-09 17:51:11,743 - root - INFO - BPP: 16, Transparency: False
2023-07-09 17:51:11,743 - root - INFO - Resource 46 offset: 408438, length: 372...
2023-07-09 17:51:11,743 - root - DEBUG - Reading resource 46...
2023-07-09 17:51:11,743 - root - INFO - The image is bme.
2023-07-09 17:51:11,743 - root - INFO - Reading image header(readHeader16E)...
2023-07-09 17:51:11,743 - root - INFO - Image header was read:
2023-07-09 17:51:11,743 - root - INFO - Width: 12, Height: 22, RowLength: 24
2023-07-09 17:51:11,743 - root - INFO - datalength: 356, _step: 2
2023-07-09 17:51:11,743 - root - INFO - BPP: 16, Transparency: False
2023-07-09 17:51:11,758 - root - INFO - Resource 47 offset: 408810, length: 372...
2023-07-09 17:51:11,758 - root - DEBUG - Reading resource 47...
2023-07-09 17:51:11,758 - root - INFO - The image is bme.
2023-07-09 17:51:11,758 - root - INFO - Reading image header(readHeader16E)...
2023-07-09 17:51:11,758 - root - INFO - Image header was read:
2023-07-09 17:51:11,758 - root - INFO - Width: 12, Height: 22, RowLength: 24
2023-07-09 17:51:11,758 - root - INFO - datalength: 356, _step: 2
2023-07-09 17:51:11,758 - root - INFO - BPP: 16, Transparency: False
2023-07-09 17:51:11,758 - root - INFO - Resource 48 offset: 409182, length: 372...
2023-07-09 17:51:11,758 - root - DEBUG - Reading resource 48...
2023-07-09 17:51:11,758 - root - INFO - The image is bme.
2023-07-09 17:51:11,758 - root - INFO - Reading image header(readHeader16E)...
2023-07-09 17:51:11,758 - root - INFO - Image header was read:
2023-07-09 17:51:11,758 - root - INFO - Width: 12, Height: 22, RowLength: 24
2023-07-09 17:51:11,758 - root - INFO - datalength: 356, _step: 2
2023-07-09 17:51:11,758 - root - INFO - BPP: 16, Transparency: False
2023-07-09 17:51:11,758 - root - INFO - Resource 49 offset: 409554, length: 356...
2023-07-09 17:51:11,758 - root - DEBUG - Reading resource 49...
2023-07-09 17:51:11,758 - root - INFO - The image is bme.
2023-07-09 17:51:11,758 - root - INFO - Reading image header(readHeader16E)...
2023-07-09 17:51:11,758 - root - INFO - Image header was read:
2023-07-09 17:51:11,758 - root - INFO - Width: 12, Height: 22, RowLength: 24
2023-07-09 17:51:11,758 - root - INFO - datalength: 340, _step: 2
2023-07-09 17:51:11,758 - root - INFO - BPP: 16, Transparency: False
2023-07-09 17:51:11,758 - root - INFO - Resource 50 offset: 409910, length: 372...
2023-07-09 17:51:11,758 - root - DEBUG - Reading resource 50...
2023-07-09 17:51:11,758 - root - INFO - The image is bme.
2023-07-09 17:51:11,758 - root - INFO - Reading image header(readHeader16E)...
2023-07-09 17:51:11,758 - root - INFO - Image header was read:
2023-07-09 17:51:11,758 - root - INFO - Width: 12, Height: 22, RowLength: 24
2023-07-09 17:51:11,758 - root - INFO - datalength: 356, _step: 2
2023-07-09 17:51:11,758 - root - INFO - BPP: 16, Transparency: False
2023-07-09 17:51:11,758 - root - INFO - Resource 51 offset: 410282, length: 372...
2023-07-09 17:51:11,758 - root - DEBUG - Reading resource 51...
2023-07-09 17:51:11,758 - root - INFO - The image is bme.
2023-07-09 17:51:11,758 - root - INFO - Reading image header(readHeader16E)...
2023-07-09 17:51:11,758 - root - INFO - Image header was read:
2023-07-09 17:51:11,758 - root - INFO - Width: 12, Height: 22, RowLength: 24
2023-07-09 17:51:11,758 - root - INFO - datalength: 356, _step: 2
2023-07-09 17:51:11,758 - root - INFO - BPP: 16, Transparency: False
2023-07-09 17:51:11,758 - root - INFO - Resource 52 offset: 410654, length: 728...
2023-07-09 17:51:11,758 - root - DEBUG - Reading resource 52...
2023-07-09 17:51:11,758 - root - INFO - The image is bme.
2023-07-09 17:51:11,758 - root - INFO - Reading image header(readHeader16E)...
2023-07-09 17:51:11,758 - root - INFO - Image header was read:
2023-07-09 17:51:11,758 - root - INFO - Width: 24, Height: 22, RowLength: 48
2023-07-09 17:51:11,758 - root - INFO - datalength: 712, _step: 2
2023-07-09 17:51:11,758 - root - INFO - BPP: 16, Transparency: False
2023-07-09 17:51:11,758 - root - INFO - Resource 53 offset: 411382, length: 2764...
2023-07-09 17:51:11,758 - root - DEBUG - Reading resource 53...
2023-07-09 17:51:11,758 - root - INFO - The image is bme.
2023-07-09 17:51:11,758 - root - INFO - Reading image header(readHeader16E)...
2023-07-09 17:51:11,758 - root - INFO - Image header was read:
2023-07-09 17:51:11,758 - root - INFO - Width: 110, Height: 22, RowLength: 220
2023-07-09 17:51:11,758 - root - INFO - datalength: 2748, _step: 2
2023-07-09 17:51:11,758 - root - INFO - BPP: 16, Transparency: False
2023-07-09 17:51:11,774 - root - INFO - Resource 54 offset: 414146, length: 36...
2023-07-09 17:51:11,774 - root - DEBUG - Reading resource 54...
2023-07-09 17:51:11,774 - root - INFO - The image is bme.
2023-07-09 17:51:11,774 - root - INFO - Reading image header(readHeader16E)...
2023-07-09 17:51:11,774 - root - INFO - Image header was read:
2023-07-09 17:51:11,774 - root - INFO - Width: 4, Height: 22, RowLength: 8
2023-07-09 17:51:11,774 - root - INFO - datalength: 20, _step: 2
2023-07-09 17:51:11,774 - root - INFO - BPP: 16, Transparency: False
2023-07-09 17:51:11,774 - root - INFO - Resource 55 offset: 414182, length: 2644...
2023-07-09 17:51:11,774 - root - DEBUG - Reading resource 55...
2023-07-09 17:51:11,774 - root - INFO - The image is bme.
2023-07-09 17:51:11,774 - root - INFO - Reading image header(readHeader16E)...
2023-07-09 17:51:11,774 - root - INFO - Image header was read:
2023-07-09 17:51:11,774 - root - INFO - Width: 110, Height: 22, RowLength: 220
2023-07-09 17:51:11,774 - root - INFO - datalength: 2628, _step: 2
2023-07-09 17:51:11,774 - root - INFO - BPP: 16, Transparency: False
2023-07-09 17:51:11,774 - root - INFO - Resource 56 offset: 416826, length: 464...
2023-07-09 17:51:11,774 - root - DEBUG - Reading resource 56...
2023-07-09 17:51:11,774 - root - INFO - The image is bme.
2023-07-09 17:51:11,774 - root - INFO - Reading image header(readHeader16E)...
2023-07-09 17:51:11,774 - root - INFO - Image header was read:
2023-07-09 17:51:11,774 - root - INFO - Width: 13, Height: 20, RowLength: 26
2023-07-09 17:51:11,774 - root - INFO - datalength: 448, _step: 2
2023-07-09 17:51:11,774 - root - INFO - BPP: 16, Transparency: False
2023-07-09 17:51:11,774 - root - INFO - Resource 57 offset: 417290, length: 464...
2023-07-09 17:51:11,774 - root - DEBUG - Reading resource 57...
2023-07-09 17:51:11,774 - root - INFO - The image is bme.
2023-07-09 17:51:11,774 - root - INFO - Reading image header(readHeader16E)...
2023-07-09 17:51:11,774 - root - INFO - Image header was read:
2023-07-09 17:51:11,774 - root - INFO - Width: 13, Height: 20, RowLength: 26
2023-07-09 17:51:11,774 - root - INFO - datalength: 448, _step: 2
2023-07-09 17:51:11,774 - root - INFO - BPP: 16, Transparency: False
2023-07-09 17:51:11,789 - root - INFO - Resource 58 offset: 417754, length: 488...
2023-07-09 17:51:11,789 - root - DEBUG - Reading resource 58...
2023-07-09 17:51:11,789 - root - INFO - The image is bme.
2023-07-09 17:51:11,789 - root - INFO - Reading image header(readHeader16E)...
2023-07-09 17:51:11,789 - root - INFO - Image header was read:
2023-07-09 17:51:11,789 - root - INFO - Width: 13, Height: 20, RowLength: 26
2023-07-09 17:51:11,789 - root - INFO - datalength: 472, _step: 2
2023-07-09 17:51:11,789 - root - INFO - BPP: 16, Transparency: False
2023-07-09 17:51:11,789 - root - INFO - Resource 59 offset: 418242, length: 488...
2023-07-09 17:51:11,789 - root - DEBUG - Reading resource 59...
2023-07-09 17:51:11,789 - root - INFO - The image is bme.
2023-07-09 17:51:11,789 - root - INFO - Reading image header(readHeader16E)...
2023-07-09 17:51:11,789 - root - INFO - Image header was read:
2023-07-09 17:51:11,789 - root - INFO - Width: 13, Height: 20, RowLength: 26
2023-07-09 17:51:11,789 - root - INFO - datalength: 472, _step: 2
2023-07-09 17:51:11,789 - root - INFO - BPP: 16, Transparency: False
2023-07-09 17:51:11,789 - root - INFO - Resource 60 offset: 418730, length: 488...
2023-07-09 17:51:11,789 - root - DEBUG - Reading resource 60...
2023-07-09 17:51:11,789 - root - INFO - The image is bme.
2023-07-09 17:51:11,789 - root - INFO - Reading image header(readHeader16E)...
2023-07-09 17:51:11,789 - root - INFO - Image header was read:
2023-07-09 17:51:11,789 - root - INFO - Width: 13, Height: 20, RowLength: 26
2023-07-09 17:51:11,789 - root - INFO - datalength: 472, _step: 2
2023-07-09 17:51:11,789 - root - INFO - BPP: 16, Transparency: False
2023-07-09 17:51:11,789 - root - INFO - Resource 61 offset: 419218, length: 488...
2023-07-09 17:51:11,789 - root - DEBUG - Reading resource 61...
2023-07-09 17:51:11,789 - root - INFO - The image is bme.
2023-07-09 17:51:11,789 - root - INFO - Reading image header(readHeader16E)...
2023-07-09 17:51:11,789 - root - INFO - Image header was read:
2023-07-09 17:51:11,789 - root - INFO - Width: 13, Height: 20, RowLength: 26
2023-07-09 17:51:11,789 - root - INFO - datalength: 472, _step: 2
2023-07-09 17:51:11,789 - root - INFO - BPP: 16, Transparency: False
2023-07-09 17:51:11,789 - root - INFO - Resource 62 offset: 419706, length: 488...
2023-07-09 17:51:11,789 - root - DEBUG - Reading resource 62...
2023-07-09 17:51:11,789 - root - INFO - The image is bme.
2023-07-09 17:51:11,789 - root - INFO - Reading image header(readHeader16E)...
2023-07-09 17:51:11,789 - root - INFO - Image header was read:
2023-07-09 17:51:11,789 - root - INFO - Width: 13, Height: 20, RowLength: 26
2023-07-09 17:51:11,789 - root - INFO - datalength: 472, _step: 2
2023-07-09 17:51:11,789 - root - INFO - BPP: 16, Transparency: False
2023-07-09 17:51:11,789 - root - INFO - Resource 63 offset: 420194, length: 464...
2023-07-09 17:51:11,789 - root - DEBUG - Reading resource 63...
2023-07-09 17:51:11,789 - root - INFO - The image is bme.
2023-07-09 17:51:11,789 - root - INFO - Reading image header(readHeader16E)...
2023-07-09 17:51:11,789 - root - INFO - Image header was read:
2023-07-09 17:51:11,789 - root - INFO - Width: 13, Height: 20, RowLength: 26
2023-07-09 17:51:11,789 - root - INFO - datalength: 448, _step: 2
2023-07-09 17:51:11,789 - root - INFO - BPP: 16, Transparency: False
2023-07-09 17:51:11,789 - root - INFO - Resource 64 offset: 420658, length: 488...
2023-07-09 17:51:11,789 - root - DEBUG - Reading resource 64...
2023-07-09 17:51:11,789 - root - INFO - The image is bme.
2023-07-09 17:51:11,789 - root - INFO - Reading image header(readHeader16E)...
2023-07-09 17:51:11,789 - root - INFO - Image header was read:
2023-07-09 17:51:11,789 - root - INFO - Width: 13, Height: 20, RowLength: 26
2023-07-09 17:51:11,789 - root - INFO - datalength: 472, _step: 2
2023-07-09 17:51:11,789 - root - INFO - BPP: 16, Transparency: False
2023-07-09 17:51:11,805 - root - INFO - Resource 65 offset: 421146, length: 488...
2023-07-09 17:51:11,805 - root - DEBUG - Reading resource 65...
2023-07-09 17:51:11,805 - root - INFO - The image is bme.
2023-07-09 17:51:11,805 - root - INFO - Reading image header(readHeader16E)...
2023-07-09 17:51:11,805 - root - INFO - Image header was read:
2023-07-09 17:51:11,805 - root - INFO - Width: 13, Height: 20, RowLength: 26
2023-07-09 17:51:11,805 - root - INFO - datalength: 472, _step: 2
2023-07-09 17:51:11,805 - root - INFO - BPP: 16, Transparency: False
2023-07-09 17:51:11,805 - root - INFO - Resource 66 offset: 421634, length: 172...
2023-07-09 17:51:11,805 - root - DEBUG - Reading resource 66...
2023-07-09 17:51:11,805 - root - INFO - The image is bme.
2023-07-09 17:51:11,805 - root - INFO - Reading image header(readHeader16E)...
2023-07-09 17:51:11,805 - root - INFO - Image header was read:
2023-07-09 17:51:11,805 - root - INFO - Width: 10, Height: 6, RowLength: 20
2023-07-09 17:51:11,805 - root - INFO - datalength: 156, _step: 2
2023-07-09 17:51:11,805 - root - INFO - BPP: 16, Transparency: False
2023-07-09 17:51:11,805 - root - INFO - Resource 67 offset: 421806, length: 172...
2023-07-09 17:51:11,805 - root - DEBUG - Reading resource 67...
2023-07-09 17:51:11,805 - root - INFO - The image is bme.
2023-07-09 17:51:11,805 - root - INFO - Reading image header(readHeader16E)...
2023-07-09 17:51:11,805 - root - INFO - Image header was read:
2023-07-09 17:51:11,805 - root - INFO - Width: 10, Height: 6, RowLength: 20
2023-07-09 17:51:11,805 - root - INFO - datalength: 156, _step: 2
2023-07-09 17:51:11,805 - root - INFO - BPP: 16, Transparency: False
2023-07-09 17:51:11,805 - root - INFO - Resource 68 offset: 421978, length: 172...
2023-07-09 17:51:11,805 - root - DEBUG - Reading resource 68...
2023-07-09 17:51:11,805 - root - INFO - The image is bme.
2023-07-09 17:51:11,805 - root - INFO - Reading image header(readHeader16E)...
2023-07-09 17:51:11,805 - root - INFO - Image header was read:
2023-07-09 17:51:11,805 - root - INFO - Width: 10, Height: 6, RowLength: 20
2023-07-09 17:51:11,805 - root - INFO - datalength: 156, _step: 2
2023-07-09 17:51:11,805 - root - INFO - BPP: 16, Transparency: False
2023-07-09 17:51:11,805 - root - INFO - Resource 69 offset: 422150, length: 172...
2023-07-09 17:51:11,805 - root - DEBUG - Reading resource 69...
2023-07-09 17:51:11,805 - root - INFO - The image is bme.
2023-07-09 17:51:11,805 - root - INFO - Reading image header(readHeader16E)...
2023-07-09 17:51:11,805 - root - INFO - Image header was read:
2023-07-09 17:51:11,805 - root - INFO - Width: 10, Height: 6, RowLength: 20
2023-07-09 17:51:11,805 - root - INFO - datalength: 156, _step: 2
2023-07-09 17:51:11,805 - root - INFO - BPP: 16, Transparency: False
2023-07-09 17:51:11,805 - root - INFO - Resource 70 offset: 422322, length: 172...
2023-07-09 17:51:11,805 - root - DEBUG - Reading resource 70...
2023-07-09 17:51:11,805 - root - INFO - The image is bme.
2023-07-09 17:51:11,805 - root - INFO - Reading image header(readHeader16E)...
2023-07-09 17:51:11,805 - root - INFO - Image header was read:
2023-07-09 17:51:11,805 - root - INFO - Width: 10, Height: 6, RowLength: 20
2023-07-09 17:51:11,805 - root - INFO - datalength: 156, _step: 2
2023-07-09 17:51:11,805 - root - INFO - BPP: 16, Transparency: False
2023-07-09 17:51:11,805 - root - INFO - Resource 71 offset: 422494, length: 172...
2023-07-09 17:51:11,805 - root - DEBUG - Reading resource 71...
2023-07-09 17:51:11,805 - root - INFO - The image is bme.
2023-07-09 17:51:11,805 - root - INFO - Reading image header(readHeader16E)...
2023-07-09 17:51:11,805 - root - INFO - Image header was read:
2023-07-09 17:51:11,805 - root - INFO - Width: 10, Height: 6, RowLength: 20
2023-07-09 17:51:11,805 - root - INFO - datalength: 156, _step: 2
2023-07-09 17:51:11,805 - root - INFO - BPP: 16, Transparency: False
2023-07-09 17:51:11,805 - root - INFO - Resource 72 offset: 422666, length: 172...
2023-07-09 17:51:11,805 - root - DEBUG - Reading resource 72...
2023-07-09 17:51:11,805 - root - INFO - The image is bme.
2023-07-09 17:51:11,805 - root - INFO - Reading image header(readHeader16E)...
2023-07-09 17:51:11,805 - root - INFO - Image header was read:
2023-07-09 17:51:11,805 - root - INFO - Width: 10, Height: 6, RowLength: 20
2023-07-09 17:51:11,805 - root - INFO - datalength: 156, _step: 2
2023-07-09 17:51:11,805 - root - INFO - BPP: 16, Transparency: False
2023-07-09 17:51:11,805 - root - INFO - Resource 73 offset: 422838, length: 172...
2023-07-09 17:51:11,805 - root - DEBUG - Reading resource 73...
2023-07-09 17:51:11,805 - root - INFO - The image is bme.
2023-07-09 17:51:11,805 - root - INFO - Reading image header(readHeader16E)...
2023-07-09 17:51:11,805 - root - INFO - Image header was read:
2023-07-09 17:51:11,805 - root - INFO - Width: 10, Height: 6, RowLength: 20
2023-07-09 17:51:11,805 - root - INFO - datalength: 156, _step: 2
2023-07-09 17:51:11,805 - root - INFO - BPP: 16, Transparency: False
2023-07-09 17:51:11,805 - root - INFO - Resource 74 offset: 423010, length: 172...
2023-07-09 17:51:11,805 - root - DEBUG - Reading resource 74...
2023-07-09 17:51:11,805 - root - INFO - The image is bme.
2023-07-09 17:51:11,805 - root - INFO - Reading image header(readHeader16E)...
2023-07-09 17:51:11,805 - root - INFO - Image header was read:
2023-07-09 17:51:11,805 - root - INFO - Width: 10, Height: 6, RowLength: 20
2023-07-09 17:51:11,805 - root - INFO - datalength: 156, _step: 2
2023-07-09 17:51:11,805 - root - INFO - BPP: 16, Transparency: False
2023-07-09 17:51:11,805 - root - INFO - Resource 75 offset: 423182, length: 172...
2023-07-09 17:51:11,821 - root - DEBUG - Reading resource 75...
2023-07-09 17:51:11,821 - root - INFO - The image is bme.
2023-07-09 17:51:11,821 - root - INFO - Reading image header(readHeader16E)...
2023-07-09 17:51:11,821 - root - INFO - Image header was read:
2023-07-09 17:51:11,821 - root - INFO - Width: 10, Height: 6, RowLength: 20
2023-07-09 17:51:11,821 - root - INFO - datalength: 156, _step: 2
2023-07-09 17:51:11,821 - root - INFO - BPP: 16, Transparency: False
2023-07-09 17:51:11,821 - root - INFO - Resource 76 offset: 423354, length: 632...
2023-07-09 17:51:11,821 - root - DEBUG - Reading resource 76...
2023-07-09 17:51:11,821 - root - INFO - The image is bme.
2023-07-09 17:51:11,821 - root - INFO - Reading image header(readHeader16E)...
2023-07-09 17:51:11,821 - root - INFO - Image header was read:
2023-07-09 17:51:11,821 - root - INFO - Width: 19, Height: 74, RowLength: 38
2023-07-09 17:51:11,821 - root - INFO - datalength: 616, _step: 2
2023-07-09 17:51:11,821 - root - INFO - BPP: 16, Transparency: False
2023-07-09 17:51:11,821 - root - DEBUG - Parsing parameters...
2023-07-09 17:51:11,930 - root - DEBUG - 0 Value: None
2023-07-09 17:51:11,930 - root - DEBUG - 0.1 Value: 73
2023-07-09 17:51:11,930 - root - DEBUG - 2 Value: None
2023-07-09 17:51:11,930 - root - DEBUG - 2.1 Value: None
2023-07-09 17:51:11,930 - root - DEBUG - 2.1.1 Value: 0
2023-07-09 17:51:11,930 - root - DEBUG - 2.1.2 Value: 0
2023-07-09 17:51:11,930 - root - DEBUG - 2.1.3 Value: 1
2023-07-09 17:51:11,930 - root - DEBUG - 2.3 Value: None
2023-07-09 17:51:11,930 - root - DEBUG - 2.3.1 Value: 0
2023-07-09 17:51:11,930 - root - DEBUG - 2.3.2 Value: 0
2023-07-09 17:51:11,930 - root - DEBUG - 2.3.3 Value: 0
2023-07-09 17:51:11,930 - root - DEBUG - 2.4 Value: None
2023-07-09 17:51:11,930 - root - DEBUG - 2.4.1 Value: 0
2023-07-09 17:51:11,930 - root - DEBUG - 2.4.2 Value: 0
2023-07-09 17:51:11,930 - root - DEBUG - 2.4.3 Value: 0
2023-07-09 17:51:11,930 - root - DEBUG - 2.5 Value: None
2023-07-09 17:51:11,930 - root - DEBUG - 2.5.1 Value: 0
2023-07-09 17:51:11,930 - root - DEBUG - 2.5.2 Value: 0
2023-07-09 17:51:11,930 - root - DEBUG - 2.5.3 Value: 0
2023-07-09 17:51:11,930 - root - DEBUG - 3 Value: None
2023-07-09 17:51:11,930 - root - DEBUG - 3.1 Value: None
2023-07-09 17:51:11,930 - root - DEBUG - 3.1.1 Value: None
2023-07-09 17:51:11,930 - root - DEBUG - 3.1.1.1 Value: None
2023-07-09 17:51:11,930 - root - DEBUG - 3.1.1.1.1 Value: 18
2023-07-09 17:51:11,930 - root - DEBUG - 3.1.1.1.2 Value: 137
2023-07-09 17:51:11,930 - root - DEBUG - 3.1.1.1.3 Value: 2
2023-07-09 17:51:11,930 - root - DEBUG - 3.1.1.1.4 Value: 10
2023-07-09 17:51:11,930 - root - DEBUG - 3.1.1.2 Value: None
2023-07-09 17:51:11,930 - root - DEBUG - 3.1.1.2.1 Value: 71
2023-07-09 17:51:11,930 - root - DEBUG - 3.1.1.2.2 Value: 137
2023-07-09 17:51:11,930 - root - DEBUG - 3.1.1.2.3 Value: 2
2023-07-09 17:51:11,930 - root - DEBUG - 3.1.1.2.4 Value: 10
2023-07-09 17:51:11,930 - root - DEBUG - 3.1.2 Value: None
2023-07-09 17:51:11,930 - root - DEBUG - 3.1.2.1 Value: None
2023-07-09 17:51:11,930 - root - DEBUG - 3.1.2.1.1 Value: 150
2023-07-09 17:51:11,930 - root - DEBUG - 3.1.2.1.2 Value: 137
2023-07-09 17:51:11,930 - root - DEBUG - 3.1.2.1.3 Value: 2
2023-07-09 17:51:11,930 - root - DEBUG - 3.1.2.1.4 Value: 10
2023-07-09 17:51:11,930 - root - DEBUG - 3.1.2.2 Value: None
2023-07-09 17:51:11,930 - root - DEBUG - 3.1.2.2.1 Value: 203
2023-07-09 17:51:11,930 - root - DEBUG - 3.1.2.2.2 Value: 137
2023-07-09 17:51:11,930 - root - DEBUG - 3.1.2.2.3 Value: 2
2023-07-09 17:51:11,930 - root - DEBUG - 3.1.2.2.4 Value: 10
2023-07-09 17:51:11,930 - root - DEBUG - 3.1.3 Value: None
2023-07-09 17:51:11,930 - root - DEBUG - 3.1.3.1 Value: None
2023-07-09 17:51:11,930 - root - DEBUG - 3.1.3.1.1 Value: 258
2023-07-09 17:51:11,930 - root - DEBUG - 3.1.3.1.2 Value: 189
2023-07-09 17:51:11,930 - root - DEBUG - 3.1.3.1.3 Value: 12
2023-07-09 17:51:11,930 - root - DEBUG - 3.1.3.1.4 Value: 10
2023-07-09 17:51:11,930 - root - DEBUG - 3.1.3.2 Value: None
2023-07-09 17:51:11,930 - root - DEBUG - 3.1.3.2.1 Value: 273
2023-07-09 17:51:11,930 - root - DEBUG - 3.1.3.2.2 Value: 189
2023-07-09 17:51:11,930 - root - DEBUG - 3.1.3.2.3 Value: 12
2023-07-09 17:51:11,930 - root - DEBUG - 3.1.3.2.4 Value: 10
2023-07-09 17:51:11,930 - root - DEBUG - 3.1.7 Value: 0
2023-07-09 17:51:11,930 - root - DEBUG - 3.1.8 Value: 1
2023-07-09 17:51:11,930 - root - DEBUG - 4 Value: None
2023-07-09 17:51:11,930 - root - DEBUG - 4.1 Value: None
2023-07-09 17:51:11,930 - root - DEBUG - 4.1.1 Value: None
2023-07-09 17:51:11,930 - root - DEBUG - 4.1.1.1 Value: 47
2023-07-09 17:51:11,930 - root - DEBUG - 4.1.1.2 Value: 313
2023-07-09 17:51:11,930 - root - DEBUG - 4.1.1.3 Value: 107
2023-07-09 17:51:11,930 - root - DEBUG - 4.1.1.4 Value: 335
2023-07-09 17:51:11,930 - root - DEBUG - 4.1.1.5 Value: 20
2023-07-09 17:51:11,930 - root - DEBUG - 4.1.1.6 Value: 0
2023-07-09 17:51:11,930 - root - DEBUG - 4.1.1.7 Value: 0
2023-07-09 17:51:11,930 - root - DEBUG - 4.1.1.8 Value: 42
2023-07-09 17:51:11,930 - root - DEBUG - 4.1.1.9 Value: 10
2023-07-09 17:51:11,930 - root - DEBUG - 4.3 Value: None
2023-07-09 17:51:11,930 - root - DEBUG - 4.3.1 Value: None
2023-07-09 17:51:11,930 - root - DEBUG - 4.3.1.1 Value: 204
2023-07-09 17:51:11,930 - root - DEBUG - 4.3.1.2 Value: 39
2023-07-09 17:51:11,930 - root - DEBUG - 4.3.1.3 Value: 252
2023-07-09 17:51:11,930 - root - DEBUG - 4.3.1.4 Value: 61
2023-07-09 17:51:11,930 - root - DEBUG - 4.3.1.5 Value: 20
2023-07-09 17:51:11,930 - root - DEBUG - 4.3.1.6 Value: 0
2023-07-09 17:51:11,930 - root - DEBUG - 4.3.1.7 Value: 0
2023-07-09 17:51:11,930 - root - DEBUG - 4.3.1.8 Value: 42
2023-07-09 17:51:11,930 - root - DEBUG - 4.3.1.9 Value: 10
2023-07-09 17:51:11,930 - root - DEBUG - 4.4 Value: None
2023-07-09 17:51:11,930 - root - DEBUG - 4.4.1 Value: None
2023-07-09 17:51:11,930 - root - DEBUG - 4.4.1.1 Value: 59
2023-07-09 17:51:11,946 - root - DEBUG - 4.4.1.2 Value: 39
2023-07-09 17:51:11,946 - root - DEBUG - 4.4.1.3 Value: 95
2023-07-09 17:51:11,946 - root - DEBUG - 4.4.1.4 Value: 61
2023-07-09 17:51:11,946 - root - DEBUG - 4.4.1.5 Value: 20
2023-07-09 17:51:11,946 - root - DEBUG - 4.4.1.6 Value: 0
2023-07-09 17:51:11,946 - root - DEBUG - 4.4.1.7 Value: 0
2023-07-09 17:51:11,946 - root - DEBUG - 4.4.1.8 Value: 42
2023-07-09 17:51:11,946 - root - DEBUG - 4.4.1.9 Value: 10
2023-07-09 17:51:11,946 - root - DEBUG - 4.4.3 Value: 52
2023-07-09 17:51:11,946 - root - DEBUG - 4.5 Value: None
2023-07-09 17:51:11,946 - root - DEBUG - 4.5.1 Value: None
2023-07-09 17:51:11,946 - root - DEBUG - 4.5.1.1 Value: 201
2023-07-09 17:51:11,946 - root - DEBUG - 4.5.1.2 Value: 313
2023-07-09 17:51:11,946 - root - DEBUG - 4.5.1.3 Value: 241
2023-07-09 17:51:11,946 - root - DEBUG - 4.5.1.4 Value: 335
2023-07-09 17:51:11,946 - root - DEBUG - 4.5.1.5 Value: 24
2023-07-09 17:51:11,946 - root - DEBUG - 4.5.1.6 Value: 0
2023-07-09 17:51:11,946 - root - DEBUG - 4.5.1.7 Value: 0
2023-07-09 17:51:11,946 - root - DEBUG - 4.5.1.8 Value: 42
2023-07-09 17:51:11,946 - root - DEBUG - 4.5.1.9 Value: 10
2023-07-09 17:51:11,946 - root - DEBUG - 4.5.2 Value: 53
2023-07-09 17:51:11,946 - root - DEBUG - 4.5.3 Value: 54
2023-07-09 17:51:11,946 - root - DEBUG - 4.5.4 Value: 55
2023-07-09 17:51:11,946 - root - DEBUG - 4.5.8 Value: None
2023-07-09 17:51:11,946 - root - DEBUG - 4.5.8.1 Value: 177
2023-07-09 17:51:11,946 - root - DEBUG - 4.5.8.2 Value: 290
2023-07-09 17:51:11,946 - root - DEBUG - 4.7 Value: 0
2023-07-09 17:51:11,946 - root - DEBUG - 5 Value: None
2023-07-09 17:51:11,946 - root - DEBUG - 5.1 Value: None
2023-07-09 17:51:11,946 - root - DEBUG - 5.1.3 Value: None
2023-07-09 17:51:11,946 - root - DEBUG - 5.1.3.1 Value: None
2023-07-09 17:51:11,946 - root - DEBUG - 5.1.3.1.1 Value: 21
2023-07-09 17:51:11,946 - root - DEBUG - 5.1.3.1.2 Value: 81
2023-07-09 17:51:11,946 - root - DEBUG - 5.1.3.1.3 Value: 144
2023-07-09 17:51:11,946 - root - DEBUG - 5.1.3.1.4 Value: 101
2023-07-09 17:51:11,946 - root - DEBUG - 5.1.3.1.5 Value: 18
2023-07-09 17:51:11,946 - root - DEBUG - 5.1.3.1.6 Value: 1
2023-07-09 17:51:11,946 - root - DEBUG - 5.1.3.1.7 Value: 0
2023-07-09 17:51:11,946 - root - DEBUG - 5.1.3.1.8 Value: 22
2023-07-09 17:51:11,946 - root - DEBUG - 5.1.3.1.9 Value: 10
2023-07-09 17:51:11,946 - root - DEBUG - 5.1.3.2 Value: 32
2023-07-09 17:51:11,946 - root - DEBUG - 5.1.4 Value: 1
2023-07-09 17:51:11,946 - root - DEBUG - 5.1.5 Value: 1
2023-07-09 17:51:11,946 - root - DEBUG - 5.1.6 Value: 0
2023-07-09 17:51:11,946 - root - DEBUG - 5.2 Value: None
2023-07-09 17:51:11,946 - root - DEBUG - 5.2.1 Value: 258
2023-07-09 17:51:11,946 - root - DEBUG - 5.2.2 Value: 140
2023-07-09 17:51:11,946 - root - DEBUG - 5.2.5 Value: 40
2023-07-09 17:51:11,946 - root - DEBUG - 5.2.6 Value: 41
2023-07-09 17:51:11,946 - root - DEBUG - 5.4 Value: None
2023-07-09 17:51:11,946 - root - DEBUG - 5.4.1 Value: 159
2023-07-09 17:51:11,946 - root - DEBUG - 5.4.2 Value: 81
2023-07-09 17:51:11,946 - root - DEBUG - 5.4.3 Value: 33
2023-07-09 17:51:11,946 - root - DEBUG - 5.4.4 Value: 7
2023-07-09 17:51:11,946 - root - DEBUG - 9 Value: None
2023-07-09 17:51:11,946 - root - DEBUG - 9.1 Value: None
2023-07-09 17:51:11,946 - root - DEBUG - 9.1.1 Value: None
2023-07-09 17:51:11,946 - root - DEBUG - 9.1.1.1 Value: 231
2023-07-09 17:51:11,946 - root - DEBUG - 9.1.1.2 Value: 247
2023-07-09 17:51:11,946 - root - DEBUG - 9.1.1.3 Value: 272
2023-07-09 17:51:11,946 - root - DEBUG - 9.1.1.4 Value: 267
2023-07-09 17:51:11,946 - root - DEBUG - 9.1.1.5 Value: 20
2023-07-09 17:51:11,946 - root - DEBUG - 9.1.1.6 Value: 1
2023-07-09 17:51:11,946 - root - DEBUG - 9.1.1.7 Value: 0
2023-07-09 17:51:11,946 - root - DEBUG - 9.1.1.8 Value: 56
2023-07-09 17:51:11,946 - root - DEBUG - 9.1.1.9 Value: 10
2023-07-09 17:51:11,946 - root - DEBUG - 9.3 Value: None
2023-07-09 17:51:11,946 - root - DEBUG - 9.3.1 Value: 66
2023-07-09 17:51:11,946 - root - DEBUG - 9.3.2 Value: None
2023-07-09 17:51:11,946 - root - DEBUG - 9.3.2.1 Value: 97
2023-07-09 17:51:11,946 - root - DEBUG - 9.3.2.2 Value: 254
2023-07-09 17:51:11,946 - root - DEBUG - 9.3.2 Value: None
2023-07-09 17:51:11,946 - root - DEBUG - 9.3.2.1 Value: 110
2023-07-09 17:51:11,946 - root - DEBUG - 9.3.2.2 Value: 254
2023-07-09 17:51:11,946 - root - DEBUG - 9.3.2 Value: None
2023-07-09 17:51:11,946 - root - DEBUG - 9.3.2.1 Value: 123
2023-07-09 17:51:11,946 - root - DEBUG - 9.3.2.2 Value: 254
2023-07-09 17:51:11,946 - root - DEBUG - 9.3.2 Value: None
2023-07-09 17:51:11,946 - root - DEBUG - 9.3.2.1 Value: 136
2023-07-09 17:51:11,946 - root - DEBUG - 9.3.2.2 Value: 254
2023-07-09 17:51:11,946 - root - DEBUG - 9.3.2 Value: None
2023-07-09 17:51:11,946 - root - DEBUG - 9.3.2.1 Value: 149
2023-07-09 17:51:11,946 - root - DEBUG - 9.3.2.2 Value: 254
2023-07-09 17:51:11,946 - root - DEBUG - 9.3.2 Value: None
2023-07-09 17:51:11,946 - root - DEBUG - 9.3.2.1 Value: 162
2023-07-09 17:51:11,946 - root - DEBUG - 9.3.2.2 Value: 254
2023-07-09 17:51:11,946 - root - DEBUG - 9.3.2 Value: None
2023-07-09 17:51:11,946 - root - DEBUG - 9.3.2.1 Value: 175
2023-07-09 17:51:11,946 - root - DEBUG - 9.3.2.2 Value: 254
2023-07-09 17:51:11,946 - root - DEBUG - 9.3.2 Value: None
2023-07-09 17:51:11,946 - root - DEBUG - 9.3.2.1 Value: 188
2023-07-09 17:51:11,946 - root - DEBUG - 9.3.2.2 Value: 254
2023-07-09 17:51:11,946 - root - DEBUG - 9.3.2 Value: None
2023-07-09 17:51:11,946 - root - DEBUG - 9.3.2.1 Value: 201
2023-07-09 17:51:11,946 - root - DEBUG - 9.3.2.2 Value: 254
2023-07-09 17:51:11,946 - root - DEBUG - 9.3.2 Value: None
2023-07-09 17:51:11,946 - root - DEBUG - 9.3.2.1 Value: 214
2023-07-09 17:51:11,946 - root - DEBUG - 9.3.2.2 Value: 254
2023-07-09 17:51:11,946 - root - DEBUG - 29 Value: None
2023-07-09 17:51:11,946 - root - DEBUG - 29.1 Value: None
2023-07-09 17:51:11,946 - root - DEBUG - 29.1.1 Value: None
2023-07-09 17:51:11,946 - root - DEBUG - 29.1.1.1 Value: None
2023-07-09 17:51:11,946 - root - DEBUG - 29.1.1.1.1 Value: None
2023-07-09 17:51:11,946 - root - DEBUG - 29.1.1.1.1.1 Value: 18
2023-07-09 17:51:11,946 - root - DEBUG - 29.1.1.1.1.2 Value: 137
2023-07-09 17:51:11,946 - root - DEBUG - 29.1.1.1.1.3 Value: 2
2023-07-09 17:51:11,946 - root - DEBUG - 29.1.1.1.1.4 Value: 10
2023-07-09 17:51:11,946 - root - DEBUG - 29.1.1.1.2 Value: None
2023-07-09 17:51:11,946 - root - DEBUG - 29.1.1.1.2.1 Value: 71
2023-07-09 17:51:11,946 - root - DEBUG - 29.1.1.1.2.2 Value: 137
2023-07-09 17:51:11,946 - root - DEBUG - 29.1.1.1.2.3 Value: 2
2023-07-09 17:51:11,946 - root - DEBUG - 29.1.1.1.2.4 Value: 10
2023-07-09 17:51:11,946 - root - DEBUG - 29.1.1.2 Value: None
2023-07-09 17:51:11,946 - root - DEBUG - 29.1.1.2.1 Value: None
2023-07-09 17:51:11,946 - root - DEBUG - 29.1.1.2.1.1 Value: 150
2023-07-09 17:51:11,946 - root - DEBUG - 29.1.1.2.1.2 Value: 137
2023-07-09 17:51:11,946 - root - DEBUG - 29.1.1.2.1.3 Value: 2
2023-07-09 17:51:11,946 - root - DEBUG - 29.1.1.2.1.4 Value: 10
2023-07-09 17:51:11,946 - root - DEBUG - 29.1.1.2.2 Value: None
2023-07-09 17:51:11,946 - root - DEBUG - 29.1.1.2.2.1 Value: 203
2023-07-09 17:51:11,946 - root - DEBUG - 29.1.1.2.2.2 Value: 137
2023-07-09 17:51:11,946 - root - DEBUG - 29.1.1.2.2.3 Value: 2
2023-07-09 17:51:11,946 - root - DEBUG - 29.1.1.2.2.4 Value: 10
2023-07-09 17:51:11,946 - root - DEBUG - 29.1.1.3 Value: None
2023-07-09 17:51:11,946 - root - DEBUG - 29.1.1.3.1 Value: 125
2023-07-09 17:51:11,961 - root - DEBUG - 29.1.1.3.2 Value: 137
2023-07-09 17:51:11,961 - root - DEBUG - 29.1.1.3.3 Value: 76
2023-07-09 17:51:11,961 - root - DEBUG - 29.1.1.4 Value: 1
2023-07-09 17:51:11,961 - root - DEBUG - 29.1.4 Value: None
2023-07-09 17:51:11,961 - root - DEBUG - 29.1.4.1 Value: 258
2023-07-09 17:51:11,961 - root - DEBUG - 29.1.4.2 Value: 140
2023-07-09 17:51:11,961 - root - DEBUG - 29.1.4.5 Value: 40
2023-07-09 17:51:11,961 - root - DEBUG - 29.1.4.6 Value: 41
2023-07-09 17:51:11,961 - root - DEBUG - 0-Info
2023-07-09 17:51:11,961 - root - DEBUG - 0.1-DeviceId
2023-07-09 17:51:11,961 - root - DEBUG - 2-Background
2023-07-09 17:51:11,961 - root - DEBUG - 2.1-Image
2023-07-09 17:51:11,961 - root - DEBUG - 2.1.1-X
2023-07-09 17:51:11,961 - root - DEBUG - 2.1.2-Y
2023-07-09 17:51:11,961 - root - DEBUG - 2.1.3-ImageIndex
2023-07-09 17:51:11,961 - root - DEBUG - 2.3-Preview
2023-07-09 17:51:11,961 - root - DEBUG - 2.3.1-X
2023-07-09 17:51:11,961 - root - DEBUG - 2.3.2-Y
2023-07-09 17:51:11,961 - root - DEBUG - 2.3.3-ImageIndex
2023-07-09 17:51:11,961 - root - DEBUG - 2.4-PreviewTradChinese
2023-07-09 17:51:11,961 - root - DEBUG - 2.4.1-X
2023-07-09 17:51:11,961 - root - DEBUG - 2.4.2-Y
2023-07-09 17:51:11,961 - root - DEBUG - 2.4.3-ImageIndex
2023-07-09 17:51:11,961 - root - DEBUG - 2.5-PreviewChinese
2023-07-09 17:51:11,961 - root - DEBUG - 2.5.1-X
2023-07-09 17:51:11,961 - root - DEBUG - 2.5.2-Y
2023-07-09 17:51:11,961 - root - DEBUG - 2.5.3-ImageIndex
2023-07-09 17:51:11,961 - root - DEBUG - 3-TimeExtended
2023-07-09 17:51:11,961 - root - DEBUG - 3.1-TimeSeparateDigits
2023-07-09 17:51:11,961 - root - DEBUG - 3.1.1-Hours
2023-07-09 17:51:11,961 - root - DEBUG - 3.1.1.1-Tens
2023-07-09 17:51:11,961 - root - DEBUG - 3.1.1.1.1-X
2023-07-09 17:51:11,961 - root - DEBUG - 3.1.1.1.2-Y
2023-07-09 17:51:11,961 - root - DEBUG - 3.1.1.1.3-ImageIndex
2023-07-09 17:51:11,961 - root - DEBUG - 3.1.1.1.4-ImagesCount
2023-07-09 17:51:11,961 - root - DEBUG - 3.1.1.2-Ones
2023-07-09 17:51:11,961 - root - DEBUG - 3.1.1.2.1-X
2023-07-09 17:51:11,961 - root - DEBUG - 3.1.1.2.2-Y
2023-07-09 17:51:11,961 - root - DEBUG - 3.1.1.2.3-ImageIndex
2023-07-09 17:51:11,961 - root - DEBUG - 3.1.1.2.4-ImagesCount
2023-07-09 17:51:11,961 - root - DEBUG - 3.1.2-Minutes
2023-07-09 17:51:11,961 - root - DEBUG - 3.1.2.1-Tens
2023-07-09 17:51:11,961 - root - DEBUG - 3.1.2.1.1-X
2023-07-09 17:51:11,961 - root - DEBUG - 3.1.2.1.2-Y
2023-07-09 17:51:11,961 - root - DEBUG - 3.1.2.1.3-ImageIndex
2023-07-09 17:51:11,961 - root - DEBUG - 3.1.2.1.4-ImagesCount
2023-07-09 17:51:11,961 - root - DEBUG - 3.1.2.2-Ones
2023-07-09 17:51:11,961 - root - DEBUG - 3.1.2.2.1-X
2023-07-09 17:51:11,961 - root - DEBUG - 3.1.2.2.2-Y
2023-07-09 17:51:11,961 - root - DEBUG - 3.1.2.2.3-ImageIndex
2023-07-09 17:51:11,961 - root - DEBUG - 3.1.2.2.4-ImagesCount
2023-07-09 17:51:11,961 - root - DEBUG - 3.1.3-Seconds
2023-07-09 17:51:11,961 - root - DEBUG - 3.1.3.1-Tens
2023-07-09 17:51:11,961 - root - DEBUG - 3.1.3.1.1-X
2023-07-09 17:51:11,961 - root - DEBUG - 3.1.3.1.2-Y
2023-07-09 17:51:11,961 - root - DEBUG - 3.1.3.1.3-ImageIndex
2023-07-09 17:51:11,961 - root - DEBUG - 3.1.3.1.4-ImagesCount
2023-07-09 17:51:11,961 - root - DEBUG - 3.1.3.2-Ones
2023-07-09 17:51:11,961 - root - DEBUG - 3.1.3.2.1-X
2023-07-09 17:51:11,961 - root - DEBUG - 3.1.3.2.2-Y
2023-07-09 17:51:11,961 - root - DEBUG - 3.1.3.2.3-ImageIndex
2023-07-09 17:51:11,961 - root - DEBUG - 3.1.3.2.4-ImagesCount
2023-07-09 17:51:11,961 - root - DEBUG - 3.1.7-UnknowBoolean7
2023-07-09 17:51:11,961 - root - DEBUG - 3.1.8-PaddingZeroMinutes
2023-07-09 17:51:11,961 - root - DEBUG - 4-Activity
2023-07-09 17:51:11,961 - root - DEBUG - 4.1-Steps
2023-07-09 17:51:11,961 - root - DEBUG - 4.1.1-ImageNumber
2023-07-09 17:51:11,961 - root - DEBUG - 4.1.1.1-TopLeftX
2023-07-09 17:51:11,961 - root - DEBUG - 4.1.1.2-TopLeftY
2023-07-09 17:51:11,961 - root - DEBUG - 4.1.1.3-BottomRightX
2023-07-09 17:51:11,961 - root - DEBUG - 4.1.1.4-BottomRightY
2023-07-09 17:51:11,961 - root - DEBUG - 4.1.1.5-Alignment
2023-07-09 17:51:11,961 - root - DEBUG - 4.1.1.6-Spacing
2023-07-09 17:51:11,961 - root - DEBUG - 4.1.1.7-VerticalOffset
2023-07-09 17:51:11,961 - root - DEBUG - 4.1.1.8-ImageIndex
2023-07-09 17:51:11,961 - root - DEBUG - 4.1.1.9-ImagesCount
2023-07-09 17:51:11,961 - root - DEBUG - 4.3-Calories
2023-07-09 17:51:11,961 - root - DEBUG - 4.3.1-ImageNumber
2023-07-09 17:51:11,961 - root - DEBUG - 4.3.1.1-TopLeftX
2023-07-09 17:51:11,961 - root - DEBUG - 4.3.1.2-TopLeftY
2023-07-09 17:51:11,961 - root - DEBUG - 4.3.1.3-BottomRightX
2023-07-09 17:51:11,961 - root - DEBUG - 4.3.1.4-BottomRightY
2023-07-09 17:51:11,961 - root - DEBUG - 4.3.1.5-Alignment
2023-07-09 17:51:11,961 - root - DEBUG - 4.3.1.6-Spacing
2023-07-09 17:51:11,961 - root - DEBUG - 4.3.1.7-VerticalOffset
2023-07-09 17:51:11,961 - root - DEBUG - 4.3.1.8-ImageIndex
2023-07-09 17:51:11,961 - root - DEBUG - 4.3.1.9-ImagesCount
2023-07-09 17:51:11,961 - root - DEBUG - 4.4-HeartRate
2023-07-09 17:51:11,961 - root - DEBUG - 4.4.1-ImageNumber
2023-07-09 17:51:11,961 - root - DEBUG - 4.4.1.1-TopLeftX
2023-07-09 17:51:11,977 - root - DEBUG - 4.4.1.2-TopLeftY
2023-07-09 17:51:11,977 - root - DEBUG - 4.4.1.3-BottomRightX
2023-07-09 17:51:11,977 - root - DEBUG - 4.4.1.4-BottomRightY
2023-07-09 17:51:11,977 - root - DEBUG - 4.4.1.5-Alignment
2023-07-09 17:51:11,977 - root - DEBUG - 4.4.1.6-Spacing
2023-07-09 17:51:11,977 - root - DEBUG - 4.4.1.7-VerticalOffset
2023-07-09 17:51:11,977 - root - DEBUG - 4.4.1.8-ImageIndex
2023-07-09 17:51:11,977 - root - DEBUG - 4.4.1.9-ImagesCount
2023-07-09 17:51:11,977 - root - DEBUG - 4.4.3-NoDataImageIndex
2023-07-09 17:51:11,977 - root - DEBUG - 4.5-Distance
2023-07-09 17:51:11,977 - root - DEBUG - 4.5.1-ImageNumber
2023-07-09 17:51:11,977 - root - DEBUG - 4.5.1.1-TopLeftX
2023-07-09 17:51:11,977 - root - DEBUG - 4.5.1.2-TopLeftY
2023-07-09 17:51:11,977 - root - DEBUG - 4.5.1.3-BottomRightX
2023-07-09 17:51:11,977 - root - DEBUG - 4.5.1.4-BottomRightY
2023-07-09 17:51:11,977 - root - DEBUG - 4.5.1.5-Alignment
2023-07-09 17:51:11,977 - root - DEBUG - 4.5.1.6-Spacing
2023-07-09 17:51:11,977 - root - DEBUG - 4.5.1.7-VerticalOffset
2023-07-09 17:51:11,977 - root - DEBUG - 4.5.1.8-ImageIndex
2023-07-09 17:51:11,977 - root - DEBUG - 4.5.1.9-ImagesCount
2023-07-09 17:51:11,977 - root - DEBUG - 4.5.2-SuffixKMImageIndex
2023-07-09 17:51:11,977 - root - DEBUG - 4.5.3-DecimalPointImageIndex
2023-07-09 17:51:11,977 - root - DEBUG - 4.5.4-SuffixMIImageIndex
2023-07-09 17:51:11,977 - root - DEBUG - 4.5.8-SuffixImageCoordinates
2023-07-09 17:51:11,977 - root - DEBUG - 4.5.8.1-X
2023-07-09 17:51:11,977 - root - DEBUG - 4.5.8.2-Y
2023-07-09 17:51:11,977 - root - DEBUG - 4.7-UnknownLongValue7
2023-07-09 17:51:11,977 - root - DEBUG - 5-DateBlock
2023-07-09 17:51:11,977 - root - DEBUG - 5.1-Date
2023-07-09 17:51:11,977 - root - DEBUG - 5.1.3-OneLineYearMonthAndDay
2023-07-09 17:51:11,977 - root - DEBUG - 5.1.3.1-Number
2023-07-09 17:51:11,977 - root - DEBUG - 5.1.3.1.1-TopLeftX
2023-07-09 17:51:11,977 - root - DEBUG - 5.1.3.1.2-TopLeftY
2023-07-09 17:51:11,977 - root - DEBUG - 5.1.3.1.3-BottomRightX
2023-07-09 17:51:11,977 - root - DEBUG - 5.1.3.1.4-BottomRightY
2023-07-09 17:51:11,977 - root - DEBUG - 5.1.3.1.5-Alignment
2023-07-09 17:51:11,977 - root - DEBUG - 5.1.3.1.6-Spacing
2023-07-09 17:51:11,977 - root - DEBUG - 5.1.3.1.7-VerticalOffset
2023-07-09 17:51:11,977 - root - DEBUG - 5.1.3.1.8-ImageIndex
2023-07-09 17:51:11,977 - root - DEBUG - 5.1.3.1.9-ImagesCount
2023-07-09 17:51:11,977 - root - DEBUG - 5.1.3.2-DelimiterImageIndex
2023-07-09 17:51:11,977 - root - DEBUG - 5.1.4-PaddingZeroMonth
2023-07-09 17:51:11,977 - root - DEBUG - 5.1.5-PaddingZeroDay
2023-07-09 17:51:11,977 - root - DEBUG - 5.1.6-UnknownBoolean6
2023-07-09 17:51:11,977 - root - DEBUG - 5.2-AmPm
2023-07-09 17:51:11,977 - root - DEBUG - 5.2.1-CommonX
2023-07-09 17:51:11,977 - root - DEBUG - 5.2.2-CommonY
2023-07-09 17:51:11,977 - root - DEBUG - 5.2.5-AmImageIndexEN
2023-07-09 17:51:11,977 - root - DEBUG - 5.2.6-PmImageIndexEN
2023-07-09 17:51:11,977 - root - DEBUG - 5.4-Weekday
2023-07-09 17:51:11,977 - root - DEBUG - 5.4.1-X
2023-07-09 17:51:11,977 - root - DEBUG - 5.4.2-Y
2023-07-09 17:51:11,977 - root - DEBUG - 5.4.3-ImageIndex
2023-07-09 17:51:11,977 - root - DEBUG - 5.4.4-ImagesCount
2023-07-09 17:51:11,977 - root - DEBUG - 9-Battery
2023-07-09 17:51:11,977 - root - DEBUG - 9.1-BatteryText
2023-07-09 17:51:11,977 - root - DEBUG - 9.1.1-ImageNumber
2023-07-09 17:51:11,977 - root - DEBUG - 9.1.1.1-TopLeftX
2023-07-09 17:51:11,977 - root - DEBUG - 9.1.1.2-TopLeftY
2023-07-09 17:51:11,977 - root - DEBUG - 9.1.1.3-BottomRightX
2023-07-09 17:51:11,977 - root - DEBUG - 9.1.1.4-BottomRightY
2023-07-09 17:51:11,977 - root - DEBUG - 9.1.1.5-Alignment
2023-07-09 17:51:11,977 - root - DEBUG - 9.1.1.6-Spacing
2023-07-09 17:51:11,977 - root - DEBUG - 9.1.1.7-VerticalOffset
2023-07-09 17:51:11,977 - root - DEBUG - 9.1.1.8-ImageIndex
2023-07-09 17:51:11,977 - root - DEBUG - 9.1.1.9-ImagesCount
2023-07-09 17:51:11,977 - root - DEBUG - 9.3-IconSetProgress
2023-07-09 17:51:11,977 - root - DEBUG - 9.3.1-ImageIndex
2023-07-09 17:51:11,977 - root - DEBUG - 9.3.2-Coordinates
2023-07-09 17:51:11,977 - root - DEBUG - 9.3.2.1-X
2023-07-09 17:51:11,977 - root - DEBUG - 9.3.2.2-Y
2023-07-09 17:51:11,977 - root - DEBUG - 9.3.2-Coordinates
2023-07-09 17:51:11,977 - root - DEBUG - 9.3.2.1-X
2023-07-09 17:51:11,977 - root - DEBUG - 9.3.2.2-Y
2023-07-09 17:51:11,977 - root - DEBUG - 9.3.2-Coordinates
2023-07-09 17:51:11,977 - root - DEBUG - 9.3.2.1-X
2023-07-09 17:51:11,977 - root - DEBUG - 9.3.2.2-Y
2023-07-09 17:51:11,977 - root - DEBUG - 9.3.2-Coordinates
2023-07-09 17:51:11,977 - root - DEBUG - 9.3.2.1-X
2023-07-09 17:51:11,977 - root - DEBUG - 9.3.2.2-Y
2023-07-09 17:51:11,977 - root - DEBUG - 9.3.2-Coordinates
2023-07-09 17:51:11,977 - root - DEBUG - 9.3.2.1-X
2023-07-09 17:51:11,977 - root - DEBUG - 9.3.2.2-Y
2023-07-09 17:51:11,977 - root - DEBUG - 9.3.2-Coordinates
2023-07-09 17:51:11,977 - root - DEBUG - 9.3.2.1-X
2023-07-09 17:51:11,977 - root - DEBUG - 9.3.2.2-Y
2023-07-09 17:51:11,977 - root - DEBUG - 9.3.2-Coordinates
2023-07-09 17:51:11,977 - root - DEBUG - 9.3.2.1-X
2023-07-09 17:51:11,993 - root - DEBUG - 9.3.2.2-Y
2023-07-09 17:51:11,993 - root - DEBUG - 9.3.2-Coordinates
2023-07-09 17:51:11,993 - root - DEBUG - 9.3.2.1-X
2023-07-09 17:51:11,993 - root - DEBUG - 9.3.2.2-Y
2023-07-09 17:51:11,993 - root - DEBUG - 9.3.2-Coordinates
2023-07-09 17:51:11,993 - root - DEBUG - 9.3.2.1-X
2023-07-09 17:51:11,993 - root - DEBUG - 9.3.2.2-Y
2023-07-09 17:51:11,993 - root - DEBUG - 9.3.2-Coordinates
2023-07-09 17:51:11,993 - root - DEBUG - 9.3.2.1-X
2023-07-09 17:51:11,993 - root - DEBUG - 9.3.2.2-Y
2023-07-09 17:51:11,993 - root - DEBUG - 29-AlwaysOnDisplay
2023-07-09 17:51:11,993 - root - DEBUG - 29.1-TimeExtended
2023-07-09 17:51:11,993 - root - DEBUG - 29.1.1-TimeSeparateDigits
2023-07-09 17:51:11,993 - root - DEBUG - 29.1.1.1-Hours
2023-07-09 17:51:11,993 - root - DEBUG - 29.1.1.1.1-Tens
2023-07-09 17:51:11,993 - root - DEBUG - 29.1.1.1.1.1-X
2023-07-09 17:51:11,993 - root - DEBUG - 29.1.1.1.1.2-Y
2023-07-09 17:51:11,993 - root - DEBUG - 29.1.1.1.1.3-ImageIndex
2023-07-09 17:51:11,993 - root - DEBUG - 29.1.1.1.1.4-ImagesCount
2023-07-09 17:51:11,993 - root - DEBUG - 29.1.1.1.2-Ones
2023-07-09 17:51:11,993 - root - DEBUG - 29.1.1.1.2.1-X
2023-07-09 17:51:11,993 - root - DEBUG - 29.1.1.1.2.2-Y
2023-07-09 17:51:11,993 - root - DEBUG - 29.1.1.1.2.3-ImageIndex
2023-07-09 17:51:11,993 - root - DEBUG - 29.1.1.1.2.4-ImagesCount
2023-07-09 17:51:11,993 - root - DEBUG - 29.1.1.2-Minutes
2023-07-09 17:51:11,993 - root - DEBUG - 29.1.1.2.1-Tens
2023-07-09 17:51:11,993 - root - DEBUG - 29.1.1.2.1.1-X
2023-07-09 17:51:11,993 - root - DEBUG - 29.1.1.2.1.2-Y
2023-07-09 17:51:11,993 - root - DEBUG - 29.1.1.2.1.3-ImageIndex
2023-07-09 17:51:11,993 - root - DEBUG - 29.1.1.2.1.4-ImagesCount
2023-07-09 17:51:11,993 - root - DEBUG - 29.1.1.2.2-Ones
2023-07-09 17:51:11,993 - root - DEBUG - 29.1.1.2.2.1-X
2023-07-09 17:51:11,993 - root - DEBUG - 29.1.1.2.2.2-Y
2023-07-09 17:51:11,993 - root - DEBUG - 29.1.1.2.2.3-ImageIndex
2023-07-09 17:51:11,993 - root - DEBUG - 29.1.1.2.2.4-ImagesCount
2023-07-09 17:51:11,993 - root - DEBUG - 29.1.1.3-Separator
2023-07-09 17:51:11,993 - root - DEBUG - 29.1.1.3.1-X
2023-07-09 17:51:11,993 - root - DEBUG - 29.1.1.3.2-Y
2023-07-09 17:51:11,993 - root - DEBUG - 29.1.1.3.3-ImageIndex
2023-07-09 17:51:11,993 - root - DEBUG - 29.1.1.4-PaddingZeroHours
2023-07-09 17:51:11,993 - root - DEBUG - 29.1.4-AmPm
2023-07-09 17:51:11,993 - root - DEBUG - 29.1.4.1-CommonX
2023-07-09 17:51:11,993 - root - DEBUG - 29.1.4.2-CommonY
2023-07-09 17:51:11,993 - root - DEBUG - 29.1.4.5-AmImageIndexEN
2023-07-09 17:51:11,993 - root - DEBUG - 29.1.4.6-PmImageIndexEN
2023-07-09 17:51:11,993 - root - DEBUG - generatePreviews
2023-07-09 17:51:11,993 - root - DEBUG - Generating previews...
2023-07-09 17:51:11,993 - root - DEBUG - Generating states done...
2023-07-09 17:51:12,008 - root - DEBUG - >>>>>>>>>>>> 0 <watchFaceParser.models.parameter.Parameter object at 0x000001F87A6B5070>
2023-07-09 17:51:12,008 - root - DEBUG - >>>>>>>>>>>> 2 <watchFaceParser.models.parameter.Parameter object at 0x000001F87A6A96A0>
2023-07-09 17:51:12,026 - root - DEBUG - >>>>>>>>>>>> 3 <watchFaceParser.models.parameter.Parameter object at 0x000001F87A6A9190>
2023-07-09 17:51:12,035 - root - DEBUG - >>>>>>>>>>>> 4 <watchFaceParser.models.parameter.Parameter object at 0x000001F87A6ABD30>
2023-07-09 17:51:12,052 - root - DEBUG - >>>>>>>>>>>> 5 <watchFaceParser.models.parameter.Parameter object at 0x000001F87A6AF5E0>
2023-07-09 17:51:12,062 - root - DEBUG - >>>>>>>>>>>> 9 <watchFaceParser.models.parameter.Parameter object at 0x000001F87A6AF5B0>
2023-07-09 17:51:12,089 - root - DEBUG - >>>>>>>>>>>> 29 <watchFaceParser.models.parameter.Parameter object at 0x000001F87A6B0490>
2023-07-09 17:51:12,108 - root - DEBUG - Generating static preview gen done...
2023-07-09 17:51:12,209 - root - DEBUG - Generating static preview save done...
2023-07-09 17:51:12,210 - root - DEBUG - Generating anim preview gen done...
2023-07-09 17:51:12,210 - root - DEBUG - >>>>>>>>>>>> 0 <watchFaceParser.models.parameter.Parameter object at 0x000001F87A6B5070>
2023-07-09 17:51:12,210 - root - DEBUG - >>>>>>>>>>>> 2 <watchFaceParser.models.parameter.Parameter object at 0x000001F87A6A96A0>
2023-07-09 17:51:12,210 - root - DEBUG - >>>>>>>>>>>> 3 <watchFaceParser.models.parameter.Parameter object at 0x000001F87A6A9190>
2023-07-09 17:51:12,211 - root - DEBUG - >>>>>>>>>>>> 4 <watchFaceParser.models.parameter.Parameter object at 0x000001F87A6ABD30>
2023-07-09 17:51:12,211 - root - DEBUG - >>>>>>>>>>>> 5 <watchFaceParser.models.parameter.Parameter object at 0x000001F87A6AF5E0>
2023-07-09 17:51:12,212 - root - DEBUG - >>>>>>>>>>>> 9 <watchFaceParser.models.parameter.Parameter object at 0x000001F87A6AF5B0>
2023-07-09 17:51:12,212 - root - DEBUG - >>>>>>>>>>>> 29 <watchFaceParser.models.parameter.Parameter object at 0x000001F87A6B0490>
2023-07-09 17:51:12,385 - root - DEBUG - generatePreviews done
2023-07-09 17:51:12,385 - root - DEBUG - Exporting resources to 'E:\Codez\zepp-gts2mini-wf\6e254fb4a89420e696a0309ccf27afe7'
2023-07-09 17:51:12,389 - root - DEBUG - extracting E:\Codez\zepp-gts2mini-wf\6e254fb4a89420e696a0309ccf27afe7\0000.png...
2023-07-09 17:51:12,405 - root - DEBUG - extracting E:\Codez\zepp-gts2mini-wf\6e254fb4a89420e696a0309ccf27afe7\0001.png...
2023-07-09 17:51:12,422 - root - DEBUG - extracting E:\Codez\zepp-gts2mini-wf\6e254fb4a89420e696a0309ccf27afe7\0002.png...
2023-07-09 17:51:12,424 - root - DEBUG - extracting E:\Codez\zepp-gts2mini-wf\6e254fb4a89420e696a0309ccf27afe7\0003.png...
2023-07-09 17:51:12,426 - root - DEBUG - extracting E:\Codez\zepp-gts2mini-wf\6e254fb4a89420e696a0309ccf27afe7\0004.png...
2023-07-09 17:51:12,428 - root - DEBUG - extracting E:\Codez\zepp-gts2mini-wf\6e254fb4a89420e696a0309ccf27afe7\0005.png...
2023-07-09 17:51:12,430 - root - DEBUG - extracting E:\Codez\zepp-gts2mini-wf\6e254fb4a89420e696a0309ccf27afe7\0006.png...
2023-07-09 17:51:12,432 - root - DEBUG - extracting E:\Codez\zepp-gts2mini-wf\6e254fb4a89420e696a0309ccf27afe7\0007.png...
2023-07-09 17:51:12,434 - root - DEBUG - extracting E:\Codez\zepp-gts2mini-wf\6e254fb4a89420e696a0309ccf27afe7\0008.png...
2023-07-09 17:51:12,435 - root - DEBUG - extracting E:\Codez\zepp-gts2mini-wf\6e254fb4a89420e696a0309ccf27afe7\0009.png...
2023-07-09 17:51:12,437 - root - DEBUG - extracting E:\Codez\zepp-gts2mini-wf\6e254fb4a89420e696a0309ccf27afe7\0010.png...
2023-07-09 17:51:12,439 - root - DEBUG - extracting E:\Codez\zepp-gts2mini-wf\6e254fb4a89420e696a0309ccf27afe7\0011.png...
2023-07-09 17:51:12,441 - root - DEBUG - extracting E:\Codez\zepp-gts2mini-wf\6e254fb4a89420e696a0309ccf27afe7\0012.png...
2023-07-09 17:51:12,442 - root - DEBUG - extracting E:\Codez\zepp-gts2mini-wf\6e254fb4a89420e696a0309ccf27afe7\0013.png...
2023-07-09 17:51:12,443 - root - DEBUG - extracting E:\Codez\zepp-gts2mini-wf\6e254fb4a89420e696a0309ccf27afe7\0014.png...
2023-07-09 17:51:12,445 - root - DEBUG - extracting E:\Codez\zepp-gts2mini-wf\6e254fb4a89420e696a0309ccf27afe7\0015.png...
2023-07-09 17:51:12,446 - root - DEBUG - extracting E:\Codez\zepp-gts2mini-wf\6e254fb4a89420e696a0309ccf27afe7\0016.png...
2023-07-09 17:51:12,446 - root - DEBUG - extracting E:\Codez\zepp-gts2mini-wf\6e254fb4a89420e696a0309ccf27afe7\0017.png...
2023-07-09 17:51:12,446 - root - DEBUG - extracting E:\Codez\zepp-gts2mini-wf\6e254fb4a89420e696a0309ccf27afe7\0018.png...
2023-07-09 17:51:12,446 - root - DEBUG - extracting E:\Codez\zepp-gts2mini-wf\6e254fb4a89420e696a0309ccf27afe7\0019.png...
2023-07-09 17:51:12,446 - root - DEBUG - extracting E:\Codez\zepp-gts2mini-wf\6e254fb4a89420e696a0309ccf27afe7\0020.png...
2023-07-09 17:51:12,446 - root - DEBUG - extracting E:\Codez\zepp-gts2mini-wf\6e254fb4a89420e696a0309ccf27afe7\0021.png...
2023-07-09 17:51:12,446 - root - DEBUG - extracting E:\Codez\zepp-gts2mini-wf\6e254fb4a89420e696a0309ccf27afe7\0022.png...
2023-07-09 17:51:12,446 - root - DEBUG - extracting E:\Codez\zepp-gts2mini-wf\6e254fb4a89420e696a0309ccf27afe7\0023.png...
2023-07-09 17:51:12,446 - root - DEBUG - extracting E:\Codez\zepp-gts2mini-wf\6e254fb4a89420e696a0309ccf27afe7\0024.png...
2023-07-09 17:51:12,446 - root - DEBUG - extracting E:\Codez\zepp-gts2mini-wf\6e254fb4a89420e696a0309ccf27afe7\0025.png...
2023-07-09 17:51:12,446 - root - DEBUG - extracting E:\Codez\zepp-gts2mini-wf\6e254fb4a89420e696a0309ccf27afe7\0026.png...
2023-07-09 17:51:12,446 - root - DEBUG - extracting E:\Codez\zepp-gts2mini-wf\6e254fb4a89420e696a0309ccf27afe7\0027.png...
2023-07-09 17:51:12,446 - root - DEBUG - extracting E:\Codez\zepp-gts2mini-wf\6e254fb4a89420e696a0309ccf27afe7\0028.png...
2023-07-09 17:51:12,461 - root - DEBUG - extracting E:\Codez\zepp-gts2mini-wf\6e254fb4a89420e696a0309ccf27afe7\0029.png...
2023-07-09 17:51:12,461 - root - DEBUG - extracting E:\Codez\zepp-gts2mini-wf\6e254fb4a89420e696a0309ccf27afe7\0030.png...
2023-07-09 17:51:12,461 - root - DEBUG - extracting E:\Codez\zepp-gts2mini-wf\6e254fb4a89420e696a0309ccf27afe7\0031.png...
2023-07-09 17:51:12,461 - root - DEBUG - extracting E:\Codez\zepp-gts2mini-wf\6e254fb4a89420e696a0309ccf27afe7\0032.png...
2023-07-09 17:51:12,461 - root - DEBUG - extracting E:\Codez\zepp-gts2mini-wf\6e254fb4a89420e696a0309ccf27afe7\0033.png...
2023-07-09 17:51:12,461 - root - DEBUG - extracting E:\Codez\zepp-gts2mini-wf\6e254fb4a89420e696a0309ccf27afe7\0034.png...
2023-07-09 17:51:12,461 - root - DEBUG - extracting E:\Codez\zepp-gts2mini-wf\6e254fb4a89420e696a0309ccf27afe7\0035.png...
2023-07-09 17:51:12,461 - root - DEBUG - extracting E:\Codez\zepp-gts2mini-wf\6e254fb4a89420e696a0309ccf27afe7\0036.png...
2023-07-09 17:51:12,461 - root - DEBUG - extracting E:\Codez\zepp-gts2mini-wf\6e254fb4a89420e696a0309ccf27afe7\0037.png...
2023-07-09 17:51:12,461 - root - DEBUG - extracting E:\Codez\zepp-gts2mini-wf\6e254fb4a89420e696a0309ccf27afe7\0038.png...
2023-07-09 17:51:12,461 - root - DEBUG - extracting E:\Codez\zepp-gts2mini-wf\6e254fb4a89420e696a0309ccf27afe7\0039.png...
2023-07-09 17:51:12,477 - root - DEBUG - extracting E:\Codez\zepp-gts2mini-wf\6e254fb4a89420e696a0309ccf27afe7\0040.png...
2023-07-09 17:51:12,477 - root - DEBUG - extracting E:\Codez\zepp-gts2mini-wf\6e254fb4a89420e696a0309ccf27afe7\0041.png...
2023-07-09 17:51:12,477 - root - DEBUG - extracting E:\Codez\zepp-gts2mini-wf\6e254fb4a89420e696a0309ccf27afe7\0042.png...
2023-07-09 17:51:12,477 - root - DEBUG - extracting E:\Codez\zepp-gts2mini-wf\6e254fb4a89420e696a0309ccf27afe7\0043.png...
2023-07-09 17:51:12,477 - root - DEBUG - extracting E:\Codez\zepp-gts2mini-wf\6e254fb4a89420e696a0309ccf27afe7\0044.png...
2023-07-09 17:51:12,477 - root - DEBUG - extracting E:\Codez\zepp-gts2mini-wf\6e254fb4a89420e696a0309ccf27afe7\0045.png...
2023-07-09 17:51:12,477 - root - DEBUG - extracting E:\Codez\zepp-gts2mini-wf\6e254fb4a89420e696a0309ccf27afe7\0046.png...
2023-07-09 17:51:12,477 - root - DEBUG - extracting E:\Codez\zepp-gts2mini-wf\6e254fb4a89420e696a0309ccf27afe7\0047.png...
2023-07-09 17:51:12,477 - root - DEBUG - extracting E:\Codez\zepp-gts2mini-wf\6e254fb4a89420e696a0309ccf27afe7\0048.png...
2023-07-09 17:51:12,477 - root - DEBUG - extracting E:\Codez\zepp-gts2mini-wf\6e254fb4a89420e696a0309ccf27afe7\0049.png...
2023-07-09 17:51:12,477 - root - DEBUG - extracting E:\Codez\zepp-gts2mini-wf\6e254fb4a89420e696a0309ccf27afe7\0050.png...
2023-07-09 17:51:12,477 - root - DEBUG - extracting E:\Codez\zepp-gts2mini-wf\6e254fb4a89420e696a0309ccf27afe7\0051.png...
2023-07-09 17:51:12,494 - root - DEBUG - extracting E:\Codez\zepp-gts2mini-wf\6e254fb4a89420e696a0309ccf27afe7\0052.png...
2023-07-09 17:51:12,495 - root - DEBUG - extracting E:\Codez\zepp-gts2mini-wf\6e254fb4a89420e696a0309ccf27afe7\0053.png...
2023-07-09 17:51:12,497 - root - DEBUG - extracting E:\Codez\zepp-gts2mini-wf\6e254fb4a89420e696a0309ccf27afe7\0054.png...
2023-07-09 17:51:12,498 - root - DEBUG - extracting E:\Codez\zepp-gts2mini-wf\6e254fb4a89420e696a0309ccf27afe7\0055.png...
2023-07-09 17:51:12,500 - root - DEBUG - extracting E:\Codez\zepp-gts2mini-wf\6e254fb4a89420e696a0309ccf27afe7\0056.png...
2023-07-09 17:51:12,501 - root - DEBUG - extracting E:\Codez\zepp-gts2mini-wf\6e254fb4a89420e696a0309ccf27afe7\0057.png...
2023-07-09 17:51:12,503 - root - DEBUG - extracting E:\Codez\zepp-gts2mini-wf\6e254fb4a89420e696a0309ccf27afe7\0058.png...
2023-07-09 17:51:12,504 - root - DEBUG - extracting E:\Codez\zepp-gts2mini-wf\6e254fb4a89420e696a0309ccf27afe7\0059.png...
2023-07-09 17:51:12,505 - root - DEBUG - extracting E:\Codez\zepp-gts2mini-wf\6e254fb4a89420e696a0309ccf27afe7\0060.png...
2023-07-09 17:51:12,506 - root - DEBUG - extracting E:\Codez\zepp-gts2mini-wf\6e254fb4a89420e696a0309ccf27afe7\0061.png...
2023-07-09 17:51:12,508 - root - DEBUG - extracting E:\Codez\zepp-gts2mini-wf\6e254fb4a89420e696a0309ccf27afe7\0062.png...
2023-07-09 17:51:12,510 - root - DEBUG - extracting E:\Codez\zepp-gts2mini-wf\6e254fb4a89420e696a0309ccf27afe7\0063.png...
2023-07-09 17:51:12,513 - root - DEBUG - extracting E:\Codez\zepp-gts2mini-wf\6e254fb4a89420e696a0309ccf27afe7\0064.png...
2023-07-09 17:51:12,514 - root - DEBUG - extracting E:\Codez\zepp-gts2mini-wf\6e254fb4a89420e696a0309ccf27afe7\0065.png...
2023-07-09 17:51:12,516 - root - DEBUG - extracting E:\Codez\zepp-gts2mini-wf\6e254fb4a89420e696a0309ccf27afe7\0066.png...
2023-07-09 17:51:12,517 - root - DEBUG - extracting E:\Codez\zepp-gts2mini-wf\6e254fb4a89420e696a0309ccf27afe7\0067.png...
2023-07-09 17:51:12,518 - root - DEBUG - extracting E:\Codez\zepp-gts2mini-wf\6e254fb4a89420e696a0309ccf27afe7\0068.png...
2023-07-09 17:51:12,519 - root - DEBUG - extracting E:\Codez\zepp-gts2mini-wf\6e254fb4a89420e696a0309ccf27afe7\0069.png...
2023-07-09 17:51:12,520 - root - DEBUG - extracting E:\Codez\zepp-gts2mini-wf\6e254fb4a89420e696a0309ccf27afe7\0070.png...
2023-07-09 17:51:12,522 - root - DEBUG - extracting E:\Codez\zepp-gts2mini-wf\6e254fb4a89420e696a0309ccf27afe7\0071.png...
2023-07-09 17:51:12,523 - root - DEBUG - extracting E:\Codez\zepp-gts2mini-wf\6e254fb4a89420e696a0309ccf27afe7\0072.png...
2023-07-09 17:51:12,524 - root - DEBUG - extracting E:\Codez\zepp-gts2mini-wf\6e254fb4a89420e696a0309ccf27afe7\0073.png...
2023-07-09 17:51:12,526 - root - DEBUG - extracting E:\Codez\zepp-gts2mini-wf\6e254fb4a89420e696a0309ccf27afe7\0074.png...
2023-07-09 17:51:12,527 - root - DEBUG - extracting E:\Codez\zepp-gts2mini-wf\6e254fb4a89420e696a0309ccf27afe7\0075.png...
2023-07-09 17:51:12,528 - root - DEBUG - extracting E:\Codez\zepp-gts2mini-wf\6e254fb4a89420e696a0309ccf27afe7\0076.png...
2023-07-09 17:51:12,532 - root - DEBUG - Exporting config...
