2021-12-27 17:04:43,194 - root - DEBUG - Opening watch face '96d82d336d7b1424b66f9ca64764188e.bin'
2021-12-27 17:04:43,194 - root - DEBUG - Reading parameters...
2021-12-27 17:04:43,194 - root - INFO - Reading header...
2021-12-27 17:04:43,194 - root - INFO - Header was read:
2021-12-27 17:04:43,194 - root - INFO - Signature: b'UIHH\x01\x00\xff', Unknown: 103, ParametersSize: 46, isValid: True, deviceId: 73
2021-12-27 17:04:43,194 - root - INFO - Reading parameter offsets...
2021-12-27 17:04:43,194 - root - INFO - Parameter offsets were read from file
2021-12-27 17:04:43,194 - root - INFO - Reading parameters descriptor...
2021-12-27 17:04:43,194 - root - INFO - 1 ( A): 5 bytes
2021-12-27 17:04:43,194 - root - INFO -     1 ( 8): 335 14F
2021-12-27 17:04:43,194 - root - INFO -     2 (10): 65 41
2021-12-27 17:04:43,194 - root - INFO - getParameters descriptor was read:
2021-12-27 17:04:43,194 - root - INFO - ParametersTableLength: 335, ImagesCount: 65
2021-12-27 17:04:43,194 - root - INFO - Reading parameters locations...
2021-12-27 17:04:43,194 - root - INFO - 2 (12): 4 bytes
2021-12-27 17:04:43,194 - root - INFO -     1 ( 8): 0  0
2021-12-27 17:04:43,194 - root - INFO -     2 (10): 32 20
2021-12-27 17:04:43,194 - root - INFO - 3 (1A): 4 bytes
2021-12-27 17:04:43,194 - root - INFO -     1 ( 8): 32 20
2021-12-27 17:04:43,194 - root - INFO -     2 (10): 82 52
2021-12-27 17:04:43,194 - root - INFO - 4 (22): 5 bytes
2021-12-27 17:04:43,194 - root - INFO -     1 ( 8): 175 AF
2021-12-27 17:04:43,194 - root - INFO -     2 (10): 103 67
2021-12-27 17:04:43,194 - root - INFO - 5 (2A): 4 bytes
2021-12-27 17:04:43,194 - root - INFO -     1 ( 8): 114 72
2021-12-27 17:04:43,194 - root - INFO -     2 (10): 61 3D
2021-12-27 17:04:43,194 - root - INFO - 6 (32): 5 bytes
2021-12-27 17:04:43,194 - root - INFO -     1 ( 8): 278 116
2021-12-27 17:04:43,194 - root - INFO -     2 (10): 46 2E
2021-12-27 17:04:43,194 - root - INFO - 9 (4A): 5 bytes
2021-12-27 17:04:43,194 - root - INFO -     1 ( 8): 324 144
2021-12-27 17:04:43,194 - root - INFO -     2 (10): 11  B
2021-12-27 17:04:43,194 - root - INFO - Watch face parameters locations were read:
2021-12-27 17:04:43,209 - root - INFO - Reading descriptor for parameter 2
2021-12-27 17:04:43,209 - root - INFO - Descriptor offset: 0, Descriptor length: 32
2021-12-27 17:04:43,209 - root - INFO - Parsing descriptor for parameter 2...
2021-12-27 17:04:43,209 - root - INFO - 1 ( A): 6 bytes
2021-12-27 17:04:43,209 - root - INFO -     1 ( 8): 0  0
2021-12-27 17:04:43,209 - root - INFO -     2 (10): 0  0
2021-12-27 17:04:43,209 - root - INFO -     3 (18): 1  1
2021-12-27 17:04:43,209 - root - INFO - 3 (1A): 6 bytes
2021-12-27 17:04:43,209 - root - INFO -     1 ( 8): 0  0
2021-12-27 17:04:43,209 - root - INFO -     2 (10): 0  0
2021-12-27 17:04:43,209 - root - INFO -     3 (18): 0  0
2021-12-27 17:04:43,209 - root - INFO - 4 (22): 6 bytes
2021-12-27 17:04:43,209 - root - INFO -     1 ( 8): 0  0
2021-12-27 17:04:43,209 - root - INFO -     2 (10): 0  0
2021-12-27 17:04:43,209 - root - INFO -     3 (18): 0  0
2021-12-27 17:04:43,209 - root - INFO - 5 (2A): 6 bytes
2021-12-27 17:04:43,209 - root - INFO -     1 ( 8): 0  0
2021-12-27 17:04:43,209 - root - INFO -     2 (10): 0  0
2021-12-27 17:04:43,209 - root - INFO -     3 (18): 0  0
2021-12-27 17:04:43,209 - root - INFO - Reading descriptor for parameter 3
2021-12-27 17:04:43,209 - root - INFO - Descriptor offset: 32, Descriptor length: 82
2021-12-27 17:04:43,209 - root - INFO - Parsing descriptor for parameter 3...
2021-12-27 17:04:43,209 - root - INFO - 1 ( A): 80 bytes
2021-12-27 17:04:43,209 - root - INFO -     1 ( A): 22 bytes
2021-12-27 17:04:43,209 - root - INFO -         1 ( A): 9 bytes
2021-12-27 17:04:43,209 - root - INFO -             1 ( 8): 83 53
2021-12-27 17:04:43,209 - root - INFO -             2 (10): 144 90
2021-12-27 17:04:43,209 - root - INFO -             3 (18): 2  2
2021-12-27 17:04:43,209 - root - INFO -             4 (20): 10  A
2021-12-27 17:04:43,209 - root - INFO -         2 (12): 9 bytes
2021-12-27 17:04:43,209 - root - INFO -             1 ( 8): 108 6C
2021-12-27 17:04:43,209 - root - INFO -             2 (10): 144 90
2021-12-27 17:04:43,209 - root - INFO -             3 (18): 2  2
2021-12-27 17:04:43,209 - root - INFO -             4 (20): 10  A
2021-12-27 17:04:43,209 - root - INFO -     2 (12): 24 bytes
2021-12-27 17:04:43,209 - root - INFO -         1 ( A): 10 bytes
2021-12-27 17:04:43,209 - root - INFO -             1 ( 8): 144 90
2021-12-27 17:04:43,209 - root - INFO -             2 (10): 144 90
2021-12-27 17:04:43,209 - root - INFO -             3 (18): 2  2
2021-12-27 17:04:43,209 - root - INFO -             4 (20): 10  A
2021-12-27 17:04:43,209 - root - INFO -         2 (12): 10 bytes
2021-12-27 17:04:43,209 - root - INFO -             1 ( 8): 169 A9
2021-12-27 17:04:43,209 - root - INFO -             2 (10): 144 90
2021-12-27 17:04:43,209 - root - INFO -             3 (18): 2  2
2021-12-27 17:04:43,209 - root - INFO -             4 (20): 10  A
2021-12-27 17:04:43,209 - root - INFO -     3 (1A): 24 bytes
2021-12-27 17:04:43,209 - root - INFO -         1 ( A): 10 bytes
2021-12-27 17:04:43,209 - root - INFO -             1 ( 8): 205 CD
2021-12-27 17:04:43,209 - root - INFO -             2 (10): 144 90
2021-12-27 17:04:43,209 - root - INFO -             3 (18): 2  2
2021-12-27 17:04:43,209 - root - INFO -             4 (20): 10  A
2021-12-27 17:04:43,209 - root - INFO -         2 (12): 10 bytes
2021-12-27 17:04:43,209 - root - INFO -             1 ( 8): 230 E6
2021-12-27 17:04:43,209 - root - INFO -             2 (10): 144 90
2021-12-27 17:04:43,209 - root - INFO -             3 (18): 2  2
2021-12-27 17:04:43,209 - root - INFO -             4 (20): 10  A
2021-12-27 17:04:43,209 - root - INFO -     7 (38): 0  0
2021-12-27 17:04:43,209 - root - INFO -     8 (40): 1  1
2021-12-27 17:04:43,209 - root - INFO - Reading descriptor for parameter 4
2021-12-27 17:04:43,209 - root - INFO - Descriptor offset: 175, Descriptor length: 103
2021-12-27 17:04:43,209 - root - INFO - Parsing descriptor for parameter 4...
2021-12-27 17:04:43,209 - root - INFO - 1 ( A): 20 bytes
2021-12-27 17:04:43,209 - root - INFO -     1 ( A): 18 bytes
2021-12-27 17:04:43,209 - root - INFO -         1 ( 8): 44 2C
2021-12-27 17:04:43,209 - root - INFO -         2 (10): 97 61
2021-12-27 17:04:43,209 - root - INFO -         3 (18): 112 70
2021-12-27 17:04:43,209 - root - INFO -         4 (20): 120 78
2021-12-27 17:04:43,209 - root - INFO -         5 (28): 24 18
2021-12-27 17:04:43,209 - root - INFO -         6 (30): 0  0
2021-12-27 17:04:43,209 - root - INFO -         7 (38): 0  0
2021-12-27 17:04:43,209 - root - INFO -         8 (40): 15  F
2021-12-27 17:04:43,209 - root - INFO -         9 (48): 10  A
2021-12-27 17:04:43,209 - root - INFO - 3 (1A): 23 bytes
2021-12-27 17:04:43,209 - root - INFO -     1 ( A): 21 bytes
2021-12-27 17:04:43,209 - root - INFO -         1 ( 8): 127 7F
2021-12-27 17:04:43,209 - root - INFO -         2 (10): 288 120
2021-12-27 17:04:43,209 - root - INFO -         3 (18): 177 B1
2021-12-27 17:04:43,209 - root - INFO -         4 (20): 311 137
2021-12-27 17:04:43,209 - root - INFO -         5 (28): 24 18
2021-12-27 17:04:43,209 - root - INFO -         6 (30): 0  0
2021-12-27 17:04:43,209 - root - INFO -         7 (38): 0  0
2021-12-27 17:04:43,209 - root - INFO -         8 (40): 15  F
2021-12-27 17:04:43,209 - root - INFO -         9 (48): 10  A
2021-12-27 17:04:43,209 - root - INFO - 4 (22): 24 bytes
2021-12-27 17:04:43,209 - root - INFO -     1 ( A): 20 bytes
2021-12-27 17:04:43,209 - root - INFO -         1 ( 8): 39 27
2021-12-27 17:04:43,209 - root - INFO -         2 (10): 288 120
2021-12-27 17:04:43,209 - root - INFO -         3 (18): 73 49
2021-12-27 17:04:43,209 - root - INFO -         4 (20): 311 137
2021-12-27 17:04:43,209 - root - INFO -         5 (28): 24 18
2021-12-27 17:04:43,209 - root - INFO -         6 (30): 0  0
2021-12-27 17:04:43,209 - root - INFO -         7 (38): 0  0
2021-12-27 17:04:43,209 - root - INFO -         8 (40): 15  F
2021-12-27 17:04:43,209 - root - INFO -         9 (48): 10  A
2021-12-27 17:04:43,209 - root - INFO -     3 (18): 25 19
2021-12-27 17:04:43,209 - root - INFO - 5 (2A): 26 bytes
2021-12-27 17:04:43,209 - root - INFO -     1 ( A): 22 bytes
2021-12-27 17:04:43,209 - root - INFO -         1 ( 8): 217 D9
2021-12-27 17:04:43,209 - root - INFO -         2 (10): 288 120
2021-12-27 17:04:43,209 - root - INFO -         3 (18): 277 115
2021-12-27 17:04:43,209 - root - INFO -         4 (20): 311 137
2021-12-27 17:04:43,209 - root - INFO -         5 (28): 24 18
2021-12-27 17:04:43,209 - root - INFO -         6 (30): 0  0
2021-12-27 17:04:43,209 - root - INFO -         7 (38): 0  0
2021-12-27 17:04:43,209 - root - INFO -         8 (40): 15  F
2021-12-27 17:04:43,209 - root - INFO -         9 (48): 10  A
2021-12-27 17:04:43,209 - root - INFO -     3 (18): 26 1A
2021-12-27 17:04:43,209 - root - INFO - 7 (38): 0  0
2021-12-27 17:04:43,209 - root - INFO - Reading descriptor for parameter 5
2021-12-27 17:04:43,209 - root - INFO - Descriptor offset: 114, Descriptor length: 61
2021-12-27 17:04:43,209 - root - INFO - Parsing descriptor for parameter 5...
2021-12-27 17:04:43,209 - root - INFO - 1 ( A): 33 bytes
2021-12-27 17:04:43,209 - root - INFO -     3 (1A): 25 bytes
2021-12-27 17:04:43,209 - root - INFO -         1 ( A): 21 bytes
2021-12-27 17:04:43,209 - root - INFO -             1 ( 8): 84 54
2021-12-27 17:04:43,209 - root - INFO -             2 (10): 209 D1
2021-12-27 17:04:43,209 - root - INFO -             3 (18): 293 125
2021-12-27 17:04:43,209 - root - INFO -             4 (20): 245 F5
2021-12-27 17:04:43,209 - root - INFO -             5 (28): 18 12
2021-12-27 17:04:43,209 - root - INFO -             6 (30): 3  3
2021-12-27 17:04:43,209 - root - INFO -             7 (38): 0  0
2021-12-27 17:04:43,209 - root - INFO -             8 (40): 2  2
2021-12-27 17:04:43,209 - root - INFO -             9 (48): 10  A
2021-12-27 17:04:43,209 - root - INFO -         2 (10): 12  C
2021-12-27 17:04:43,209 - root - INFO -     4 (20): 1  1
2021-12-27 17:04:43,209 - root - INFO -     5 (28): 1  1
2021-12-27 17:04:43,209 - root - INFO -     6 (30): 0  0
2021-12-27 17:04:43,209 - root - INFO - 2 (12): 24 bytes
2021-12-27 17:04:43,209 - root - INFO -     1 ( 8): 0  0
2021-12-27 17:04:43,209 - root - INFO -     2 (10): 0  0
2021-12-27 17:04:43,209 - root - INFO -     5 (28): 13  D
2021-12-27 17:04:43,209 - root - INFO -     6 (30): 14  E
2021-12-27 17:04:43,209 - root - INFO -     8 (42): 6 bytes
2021-12-27 17:04:43,209 - root - INFO -         1 ( 8): 261 105
2021-12-27 17:04:43,209 - root - INFO -         2 (10): 144 90
2021-12-27 17:04:43,209 - root - INFO -     9 (4A): 6 bytes
2021-12-27 17:04:43,209 - root - INFO -         1 ( 8): 261 105
2021-12-27 17:04:43,209 - root - INFO -         2 (10): 162 A2
2021-12-27 17:04:43,209 - root - INFO - Reading descriptor for parameter 6
2021-12-27 17:04:43,209 - root - INFO - Descriptor offset: 278, Descriptor length: 46
2021-12-27 17:04:43,209 - root - INFO - Parsing descriptor for parameter 6...
2021-12-27 17:04:43,209 - root - INFO - 1 ( A): 11 bytes
2021-12-27 17:04:43,209 - root - INFO -     2 (12): 9 bytes
2021-12-27 17:04:43,209 - root - INFO -         1 ( 8): 190 BE
2021-12-27 17:04:43,209 - root - INFO -         2 (10): 94 5E
2021-12-27 17:04:43,209 - root - INFO -         3 (18): 27 1B
2021-12-27 17:04:43,209 - root - INFO -         4 (20): 26 1A
2021-12-27 17:04:43,209 - root - INFO - 2 (12): 31 bytes
2021-12-27 17:04:43,209 - root - INFO -     1 ( A): 29 bytes
2021-12-27 17:04:43,209 - root - INFO -         1 ( A): 21 bytes
2021-12-27 17:04:43,209 - root - INFO -             1 ( 8): 224 E0
2021-12-27 17:04:43,209 - root - INFO -             2 (10): 97 61
2021-12-27 17:04:43,209 - root - INFO -             3 (18): 271 10F
2021-12-27 17:04:43,209 - root - INFO -             4 (20): 141 8D
2021-12-27 17:04:43,209 - root - INFO -             5 (28): 18 12
2021-12-27 17:04:43,209 - root - INFO -             6 (30): 0  0
2021-12-27 17:04:43,209 - root - INFO -             7 (38): 0  0
2021-12-27 17:04:43,209 - root - INFO -             8 (40): 15  F
2021-12-27 17:04:43,225 - root - INFO -             9 (48): 10  A
2021-12-27 17:04:43,225 - root - INFO -         2 (10): 53 35
2021-12-27 17:04:43,225 - root - INFO -         3 (18): 54 36
2021-12-27 17:04:43,225 - root - INFO -         5 (28): 25 19
2021-12-27 17:04:43,225 - root - INFO - Reading descriptor for parameter 9
2021-12-27 17:04:43,225 - root - INFO - Descriptor offset: 324, Descriptor length: 11
2021-12-27 17:04:43,225 - root - INFO - Parsing descriptor for parameter 9...
2021-12-27 17:04:43,225 - root - INFO - 2 (12): 9 bytes
2021-12-27 17:04:43,225 - root - INFO -     1 ( 8): 122 7A
2021-12-27 17:04:43,225 - root - INFO -     2 (10): 331 14B
2021-12-27 17:04:43,225 - root - INFO -     3 (18): 55 37
2021-12-27 17:04:43,225 - root - INFO -     4 (20): 10  A
2021-12-27 17:04:43,225 - root - INFO - Reading resources offsets table with 65 elements (260 bytes)
2021-12-27 17:04:43,225 - root - INFO - Resource 0 offset: 728, length: 101656...
2021-12-27 17:04:43,225 - root - DEBUG - Reading resource 0...
2021-12-27 17:04:43,256 - root - INFO - The image is bmc.
2021-12-27 17:04:43,256 - root - INFO - Reading image header(readHeader16C)...
2021-12-27 17:04:43,256 - root - INFO - Image header was read:
2021-12-27 17:04:43,256 - root - INFO - Width: 210, Height: 242, RowLength: 420
2021-12-27 17:04:43,256 - root - INFO - _step: 2, unknown2: 0,
2021-12-27 17:04:43,256 - root - INFO - BPP: 16, Transparency: False
2021-12-27 17:04:43,459 - root - INFO - Resource 1 offset: 102384, length: 216664...
2021-12-27 17:04:43,459 - root - DEBUG - Reading resource 1...
2021-12-27 17:04:43,459 - root - INFO - The image is bmc.
2021-12-27 17:04:43,459 - root - INFO - Reading image header(readHeader16C)...
2021-12-27 17:04:43,459 - root - INFO - Image header was read:
2021-12-27 17:04:43,459 - root - INFO - Width: 306, Height: 354, RowLength: 612
2021-12-27 17:04:43,459 - root - INFO - _step: 2, unknown2: 0,
2021-12-27 17:04:43,459 - root - INFO - BPP: 16, Transparency: False
2021-12-27 17:04:43,912 - root - INFO - Resource 2 offset: 319048, length: 1138...
2021-12-27 17:04:43,912 - root - DEBUG - Reading resource 2...
2021-12-27 17:04:43,912 - root - INFO - The image is bme.
2021-12-27 17:04:43,912 - root - INFO - Reading image header(readHeader16E)...
2021-12-27 17:04:43,912 - root - INFO - Image header was read:
2021-12-27 17:04:43,912 - root - INFO - Width: 21, Height: 36, RowLength: 42
2021-12-27 17:04:43,912 - root - INFO - datalength: 1122, _step: 2
2021-12-27 17:04:43,912 - root - INFO - BPP: 16, Transparency: False
2021-12-27 17:04:43,912 - root - INFO - Resource 3 offset: 320186, length: 512...
2021-12-27 17:04:43,912 - root - DEBUG - Reading resource 3...
2021-12-27 17:04:43,912 - root - INFO - The image is bme.
2021-12-27 17:04:43,912 - root - INFO - Reading image header(readHeader16E)...
2021-12-27 17:04:43,912 - root - INFO - Image header was read:
2021-12-27 17:04:43,912 - root - INFO - Width: 21, Height: 36, RowLength: 42
2021-12-27 17:04:43,912 - root - INFO - datalength: 496, _step: 2
2021-12-27 17:04:43,912 - root - INFO - BPP: 16, Transparency: False
2021-12-27 17:04:43,912 - root - INFO - Resource 4 offset: 320698, length: 832...
2021-12-27 17:04:43,912 - root - DEBUG - Reading resource 4...
2021-12-27 17:04:43,912 - root - INFO - The image is bme.
2021-12-27 17:04:43,912 - root - INFO - Reading image header(readHeader16E)...
2021-12-27 17:04:43,912 - root - INFO - Image header was read:
2021-12-27 17:04:43,912 - root - INFO - Width: 21, Height: 36, RowLength: 42
2021-12-27 17:04:43,912 - root - INFO - datalength: 816, _step: 2
2021-12-27 17:04:43,912 - root - INFO - BPP: 16, Transparency: False
2021-12-27 17:04:43,912 - root - INFO - Resource 5 offset: 321530, length: 862...
2021-12-27 17:04:43,912 - root - DEBUG - Reading resource 5...
2021-12-27 17:04:43,912 - root - INFO - The image is bme.
2021-12-27 17:04:43,912 - root - INFO - Reading image header(readHeader16E)...
2021-12-27 17:04:43,912 - root - INFO - Image header was read:
2021-12-27 17:04:43,912 - root - INFO - Width: 21, Height: 36, RowLength: 42
2021-12-27 17:04:43,912 - root - INFO - datalength: 846, _step: 2
2021-12-27 17:04:43,912 - root - INFO - BPP: 16, Transparency: False
2021-12-27 17:04:43,912 - root - INFO - Resource 6 offset: 322392, length: 812...
2021-12-27 17:04:43,912 - root - DEBUG - Reading resource 6...
2021-12-27 17:04:43,912 - root - INFO - The image is bme.
2021-12-27 17:04:43,912 - root - INFO - Reading image header(readHeader16E)...
2021-12-27 17:04:43,912 - root - INFO - Image header was read:
2021-12-27 17:04:43,912 - root - INFO - Width: 21, Height: 36, RowLength: 42
2021-12-27 17:04:43,912 - root - INFO - datalength: 796, _step: 2
2021-12-27 17:04:43,912 - root - INFO - BPP: 16, Transparency: False
2021-12-27 17:04:43,912 - root - INFO - Resource 7 offset: 323204, length: 832...
2021-12-27 17:04:43,912 - root - DEBUG - Reading resource 7...
2021-12-27 17:04:43,912 - root - INFO - The image is bme.
2021-12-27 17:04:43,912 - root - INFO - Reading image header(readHeader16E)...
2021-12-27 17:04:43,912 - root - INFO - Image header was read:
2021-12-27 17:04:43,912 - root - INFO - Width: 21, Height: 36, RowLength: 42
2021-12-27 17:04:43,912 - root - INFO - datalength: 816, _step: 2
2021-12-27 17:04:43,912 - root - INFO - BPP: 16, Transparency: False
2021-12-27 17:04:43,928 - root - INFO - Resource 8 offset: 324036, length: 1014...
2021-12-27 17:04:43,928 - root - DEBUG - Reading resource 8...
2021-12-27 17:04:43,928 - root - INFO - The image is bme.
2021-12-27 17:04:43,928 - root - INFO - Reading image header(readHeader16E)...
2021-12-27 17:04:43,928 - root - INFO - Image header was read:
2021-12-27 17:04:43,928 - root - INFO - Width: 21, Height: 36, RowLength: 42
2021-12-27 17:04:43,928 - root - INFO - datalength: 998, _step: 2
2021-12-27 17:04:43,928 - root - INFO - BPP: 16, Transparency: False
2021-12-27 17:04:43,928 - root - INFO - Resource 9 offset: 325050, length: 630...
2021-12-27 17:04:43,928 - root - DEBUG - Reading resource 9...
2021-12-27 17:04:43,928 - root - INFO - The image is bme.
2021-12-27 17:04:43,928 - root - INFO - Reading image header(readHeader16E)...
2021-12-27 17:04:43,928 - root - INFO - Image header was read:
2021-12-27 17:04:43,928 - root - INFO - Width: 21, Height: 36, RowLength: 42
2021-12-27 17:04:43,928 - root - INFO - datalength: 614, _step: 2
2021-12-27 17:04:43,928 - root - INFO - BPP: 16, Transparency: False
2021-12-27 17:04:43,928 - root - INFO - Resource 10 offset: 325680, length: 1226...
2021-12-27 17:04:43,928 - root - DEBUG - Reading resource 10...
2021-12-27 17:04:43,928 - root - INFO - The image is bme.
2021-12-27 17:04:43,928 - root - INFO - Reading image header(readHeader16E)...
2021-12-27 17:04:43,928 - root - INFO - Image header was read:
2021-12-27 17:04:43,928 - root - INFO - Width: 21, Height: 36, RowLength: 42
2021-12-27 17:04:43,928 - root - INFO - datalength: 1210, _step: 2
2021-12-27 17:04:43,928 - root - INFO - BPP: 16, Transparency: False
2021-12-27 17:04:43,928 - root - INFO - Resource 11 offset: 326906, length: 1044...
2021-12-27 17:04:43,928 - root - DEBUG - Reading resource 11...
2021-12-27 17:04:43,928 - root - INFO - The image is bme.
2021-12-27 17:04:43,928 - root - INFO - Reading image header(readHeader16E)...
2021-12-27 17:04:43,928 - root - INFO - Image header was read:
2021-12-27 17:04:43,928 - root - INFO - Width: 21, Height: 36, RowLength: 42
2021-12-27 17:04:43,928 - root - INFO - datalength: 1028, _step: 2
2021-12-27 17:04:43,928 - root - INFO - BPP: 16, Transparency: False
2021-12-27 17:04:43,928 - root - INFO - Resource 12 offset: 327950, length: 96...
2021-12-27 17:04:43,928 - root - DEBUG - Reading resource 12...
2021-12-27 17:04:43,928 - root - INFO - The image is bme.
2021-12-27 17:04:43,928 - root - INFO - Reading image header(readHeader16E)...
2021-12-27 17:04:43,928 - root - INFO - Image header was read:
2021-12-27 17:04:43,928 - root - INFO - Width: 7, Height: 37, RowLength: 14
2021-12-27 17:04:43,928 - root - INFO - datalength: 80, _step: 2
2021-12-27 17:04:43,928 - root - INFO - BPP: 16, Transparency: False
2021-12-27 17:04:43,928 - root - INFO - Resource 13 offset: 328046, length: 904...
2021-12-27 17:04:43,928 - root - DEBUG - Reading resource 13...
2021-12-27 17:04:43,928 - root - INFO - The image is bme.
2021-12-27 17:04:43,928 - root - INFO - Reading image header(readHeader16E)...
2021-12-27 17:04:43,928 - root - INFO - Image header was read:
2021-12-27 17:04:43,928 - root - INFO - Width: 32, Height: 18, RowLength: 64
2021-12-27 17:04:43,928 - root - INFO - datalength: 888, _step: 2
2021-12-27 17:04:43,928 - root - INFO - BPP: 16, Transparency: False
2021-12-27 17:04:43,928 - root - INFO - Resource 14 offset: 328950, length: 824...
2021-12-27 17:04:43,928 - root - DEBUG - Reading resource 14...
2021-12-27 17:04:43,928 - root - INFO - The image is bme.
2021-12-27 17:04:43,928 - root - INFO - Reading image header(readHeader16E)...
2021-12-27 17:04:43,944 - root - INFO - Image header was read:
2021-12-27 17:04:43,944 - root - INFO - Width: 32, Height: 18, RowLength: 64
2021-12-27 17:04:43,944 - root - INFO - datalength: 808, _step: 2
2021-12-27 17:04:43,944 - root - INFO - BPP: 16, Transparency: False
2021-12-27 17:04:43,945 - root - INFO - Resource 15 offset: 329774, length: 1189...
2021-12-27 17:04:43,945 - root - DEBUG - Reading resource 15...
2021-12-27 17:04:43,945 - root - INFO - The image is bmc.
2021-12-27 17:04:43,945 - root - INFO - Reading image header(readHeader16C)...
2021-12-27 17:04:43,946 - root - INFO - Image header was read:
2021-12-27 17:04:43,946 - root - INFO - Width: 17, Height: 23, RowLength: 51
2021-12-27 17:04:43,946 - root - INFO - _step: 3, unknown2: 0,
2021-12-27 17:04:43,946 - root - INFO - BPP: 24, Transparency: False
2021-12-27 17:04:43,947 - root - INFO - Resource 16 offset: 330963, length: 1189...
2021-12-27 17:04:43,948 - root - DEBUG - Reading resource 16...
2021-12-27 17:04:43,948 - root - INFO - The image is bmc.
2021-12-27 17:04:43,948 - root - INFO - Reading image header(readHeader16C)...
2021-12-27 17:04:43,948 - root - INFO - Image header was read:
2021-12-27 17:04:43,948 - root - INFO - Width: 17, Height: 23, RowLength: 51
2021-12-27 17:04:43,948 - root - INFO - _step: 3, unknown2: 0,
2021-12-27 17:04:43,948 - root - INFO - BPP: 24, Transparency: False
2021-12-27 17:04:43,950 - root - INFO - Resource 17 offset: 332152, length: 1189...
2021-12-27 17:04:43,950 - root - DEBUG - Reading resource 17...
2021-12-27 17:04:43,950 - root - INFO - The image is bmc.
2021-12-27 17:04:43,950 - root - INFO - Reading image header(readHeader16C)...
2021-12-27 17:04:43,950 - root - INFO - Image header was read:
2021-12-27 17:04:43,950 - root - INFO - Width: 17, Height: 23, RowLength: 51
2021-12-27 17:04:43,950 - root - INFO - _step: 3, unknown2: 0,
2021-12-27 17:04:43,950 - root - INFO - BPP: 24, Transparency: False
2021-12-27 17:04:43,952 - root - INFO - Resource 18 offset: 333341, length: 1189...
2021-12-27 17:04:43,952 - root - DEBUG - Reading resource 18...
2021-12-27 17:04:43,953 - root - INFO - The image is bmc.
2021-12-27 17:04:43,953 - root - INFO - Reading image header(readHeader16C)...
2021-12-27 17:04:43,953 - root - INFO - Image header was read:
2021-12-27 17:04:43,953 - root - INFO - Width: 17, Height: 23, RowLength: 51
2021-12-27 17:04:43,953 - root - INFO - _step: 3, unknown2: 0,
2021-12-27 17:04:43,953 - root - INFO - BPP: 24, Transparency: False
2021-12-27 17:04:43,955 - root - INFO - Resource 19 offset: 334530, length: 1189...
2021-12-27 17:04:43,955 - root - DEBUG - Reading resource 19...
2021-12-27 17:04:43,955 - root - INFO - The image is bmc.
2021-12-27 17:04:43,955 - root - INFO - Reading image header(readHeader16C)...
2021-12-27 17:04:43,955 - root - INFO - Image header was read:
2021-12-27 17:04:43,955 - root - INFO - Width: 17, Height: 23, RowLength: 51
2021-12-27 17:04:43,955 - root - INFO - _step: 3, unknown2: 0,
2021-12-27 17:04:43,955 - root - INFO - BPP: 24, Transparency: False
2021-12-27 17:04:43,957 - root - INFO - Resource 20 offset: 335719, length: 1189...
2021-12-27 17:04:43,957 - root - DEBUG - Reading resource 20...
2021-12-27 17:04:43,957 - root - INFO - The image is bmc.
2021-12-27 17:04:43,957 - root - INFO - Reading image header(readHeader16C)...
2021-12-27 17:04:43,957 - root - INFO - Image header was read:
2021-12-27 17:04:43,957 - root - INFO - Width: 17, Height: 23, RowLength: 51
2021-12-27 17:04:43,957 - root - INFO - _step: 3, unknown2: 0,
2021-12-27 17:04:43,957 - root - INFO - BPP: 24, Transparency: False
2021-12-27 17:04:43,959 - root - INFO - Resource 21 offset: 336908, length: 1189...
2021-12-27 17:04:43,959 - root - DEBUG - Reading resource 21...
2021-12-27 17:04:43,959 - root - INFO - The image is bmc.
2021-12-27 17:04:43,959 - root - INFO - Reading image header(readHeader16C)...
2021-12-27 17:04:43,959 - root - INFO - Image header was read:
2021-12-27 17:04:43,959 - root - INFO - Width: 17, Height: 23, RowLength: 51
2021-12-27 17:04:43,959 - root - INFO - _step: 3, unknown2: 0,
2021-12-27 17:04:43,960 - root - INFO - BPP: 24, Transparency: False
2021-12-27 17:04:43,961 - root - INFO - Resource 22 offset: 338097, length: 1189...
2021-12-27 17:04:43,961 - root - DEBUG - Reading resource 22...
2021-12-27 17:04:43,961 - root - INFO - The image is bmc.
2021-12-27 17:04:43,961 - root - INFO - Reading image header(readHeader16C)...
2021-12-27 17:04:43,962 - root - INFO - Image header was read:
2021-12-27 17:04:43,962 - root - INFO - Width: 17, Height: 23, RowLength: 51
2021-12-27 17:04:43,962 - root - INFO - _step: 3, unknown2: 0,
2021-12-27 17:04:43,962 - root - INFO - BPP: 24, Transparency: False
2021-12-27 17:04:43,964 - root - INFO - Resource 23 offset: 339286, length: 1189...
2021-12-27 17:04:43,964 - root - DEBUG - Reading resource 23...
2021-12-27 17:04:43,964 - root - INFO - The image is bmc.
2021-12-27 17:04:43,964 - root - INFO - Reading image header(readHeader16C)...
2021-12-27 17:04:43,964 - root - INFO - Image header was read:
2021-12-27 17:04:43,964 - root - INFO - Width: 17, Height: 23, RowLength: 51
2021-12-27 17:04:43,964 - root - INFO - _step: 3, unknown2: 0,
2021-12-27 17:04:43,964 - root - INFO - BPP: 24, Transparency: False
2021-12-27 17:04:43,966 - root - INFO - Resource 24 offset: 340475, length: 1189...
2021-12-27 17:04:43,966 - root - DEBUG - Reading resource 24...
2021-12-27 17:04:43,966 - root - INFO - The image is bmc.
2021-12-27 17:04:43,966 - root - INFO - Reading image header(readHeader16C)...
2021-12-27 17:04:43,966 - root - INFO - Image header was read:
2021-12-27 17:04:43,966 - root - INFO - Width: 17, Height: 23, RowLength: 51
2021-12-27 17:04:43,967 - root - INFO - _step: 3, unknown2: 0,
2021-12-27 17:04:43,967 - root - INFO - BPP: 24, Transparency: False
2021-12-27 17:04:43,968 - root - INFO - Resource 25 offset: 341664, length: 384...
2021-12-27 17:04:43,968 - root - DEBUG - Reading resource 25...
2021-12-27 17:04:43,968 - root - INFO - The image is bme.
2021-12-27 17:04:43,968 - root - INFO - Reading image header(readHeader16E)...
2021-12-27 17:04:43,969 - root - INFO - Image header was read:
2021-12-27 17:04:43,969 - root - INFO - Width: 35, Height: 23, RowLength: 70
2021-12-27 17:04:43,969 - root - INFO - datalength: 368, _step: 2
2021-12-27 17:04:43,969 - root - INFO - BPP: 16, Transparency: False
2021-12-27 17:04:43,969 - root - INFO - Resource 26 offset: 342048, length: 148...
2021-12-27 17:04:43,970 - root - DEBUG - Reading resource 26...
2021-12-27 17:04:43,970 - root - INFO - The image is bme.
2021-12-27 17:04:43,970 - root - INFO - Reading image header(readHeader16E)...
2021-12-27 17:04:43,970 - root - INFO - Image header was read:
2021-12-27 17:04:43,970 - root - INFO - Width: 9, Height: 23, RowLength: 18
2021-12-27 17:04:43,970 - root - INFO - datalength: 132, _step: 2
2021-12-27 17:04:43,970 - root - INFO - BPP: 16, Transparency: False
2021-12-27 17:04:43,970 - root - INFO - Resource 27 offset: 342196, length: 828...
2021-12-27 17:04:43,970 - root - DEBUG - Reading resource 27...
2021-12-27 17:04:43,970 - root - INFO - The image is bme.
2021-12-27 17:04:43,970 - root - INFO - Reading image header(readHeader16E)...
2021-12-27 17:04:43,971 - root - INFO - Image header was read:
2021-12-27 17:04:43,971 - root - INFO - Width: 28, Height: 28, RowLength: 56
2021-12-27 17:04:43,971 - root - INFO - datalength: 812, _step: 2
2021-12-27 17:04:43,971 - root - INFO - BPP: 16, Transparency: False
2021-12-27 17:04:43,972 - root - INFO - Resource 28 offset: 343024, length: 786...
2021-12-27 17:04:43,972 - root - DEBUG - Reading resource 28...
2021-12-27 17:04:43,972 - root - INFO - The image is bme.
2021-12-27 17:04:43,972 - root - INFO - Reading image header(readHeader16E)...
2021-12-27 17:04:43,972 - root - INFO - Image header was read:
2021-12-27 17:04:43,972 - root - INFO - Width: 28, Height: 28, RowLength: 56
2021-12-27 17:04:43,972 - root - INFO - datalength: 770, _step: 2
2021-12-27 17:04:43,973 - root - INFO - BPP: 16, Transparency: False
2021-12-27 17:04:43,974 - root - INFO - Resource 29 offset: 343810, length: 848...
2021-12-27 17:04:43,974 - root - DEBUG - Reading resource 29...
2021-12-27 17:04:43,974 - root - INFO - The image is bme.
2021-12-27 17:04:43,974 - root - INFO - Reading image header(readHeader16E)...
2021-12-27 17:04:43,974 - root - INFO - Image header was read:
2021-12-27 17:04:43,975 - root - INFO - Width: 28, Height: 28, RowLength: 56
2021-12-27 17:04:43,975 - root - INFO - datalength: 832, _step: 2
2021-12-27 17:04:43,975 - root - INFO - BPP: 16, Transparency: False
2021-12-27 17:04:43,976 - root - INFO - Resource 30 offset: 344658, length: 874...
2021-12-27 17:04:43,976 - root - DEBUG - Reading resource 30...
2021-12-27 17:04:43,976 - root - INFO - The image is bme.
2021-12-27 17:04:43,977 - root - INFO - Reading image header(readHeader16E)...
2021-12-27 17:04:43,977 - root - INFO - Image header was read:
2021-12-27 17:04:43,977 - root - INFO - Width: 28, Height: 28, RowLength: 56
2021-12-27 17:04:43,977 - root - INFO - datalength: 858, _step: 2
2021-12-27 17:04:43,977 - root - INFO - BPP: 16, Transparency: False
2021-12-27 17:04:43,979 - root - INFO - Resource 31 offset: 345532, length: 832...
2021-12-27 17:04:43,979 - root - DEBUG - Reading resource 31...
2021-12-27 17:04:43,979 - root - INFO - The image is bme.
2021-12-27 17:04:43,979 - root - INFO - Reading image header(readHeader16E)...
2021-12-27 17:04:43,979 - root - INFO - Image header was read:
2021-12-27 17:04:43,980 - root - INFO - Width: 28, Height: 28, RowLength: 56
2021-12-27 17:04:43,980 - root - INFO - datalength: 816, _step: 2
2021-12-27 17:04:43,980 - root - INFO - BPP: 16, Transparency: False
2021-12-27 17:04:43,983 - root - INFO - Resource 32 offset: 346364, length: 806...
2021-12-27 17:04:43,984 - root - DEBUG - Reading resource 32...
2021-12-27 17:04:43,984 - root - INFO - The image is bme.
2021-12-27 17:04:43,984 - root - INFO - Reading image header(readHeader16E)...
2021-12-27 17:04:43,984 - root - INFO - Image header was read:
2021-12-27 17:04:43,984 - root - INFO - Width: 28, Height: 28, RowLength: 56
2021-12-27 17:04:43,984 - root - INFO - datalength: 790, _step: 2
2021-12-27 17:04:43,984 - root - INFO - BPP: 16, Transparency: False
2021-12-27 17:04:43,986 - root - INFO - Resource 33 offset: 347170, length: 690...
2021-12-27 17:04:43,986 - root - DEBUG - Reading resource 33...
2021-12-27 17:04:43,986 - root - INFO - The image is bme.
2021-12-27 17:04:43,986 - root - INFO - Reading image header(readHeader16E)...
2021-12-27 17:04:43,986 - root - INFO - Image header was read:
2021-12-27 17:04:43,986 - root - INFO - Width: 28, Height: 28, RowLength: 56
2021-12-27 17:04:43,986 - root - INFO - datalength: 674, _step: 2
2021-12-27 17:04:43,986 - root - INFO - BPP: 16, Transparency: False
2021-12-27 17:04:43,987 - root - INFO - Resource 34 offset: 347860, length: 726...
2021-12-27 17:04:43,987 - root - DEBUG - Reading resource 34...
2021-12-27 17:04:43,988 - root - INFO - The image is bme.
2021-12-27 17:04:43,988 - root - INFO - Reading image header(readHeader16E)...
2021-12-27 17:04:43,988 - root - INFO - Image header was read:
2021-12-27 17:04:43,988 - root - INFO - Width: 28, Height: 28, RowLength: 56
2021-12-27 17:04:43,988 - root - INFO - datalength: 710, _step: 2
2021-12-27 17:04:43,988 - root - INFO - BPP: 16, Transparency: False
2021-12-27 17:04:43,989 - root - INFO - Resource 35 offset: 348586, length: 750...
2021-12-27 17:04:43,989 - root - DEBUG - Reading resource 35...
2021-12-27 17:04:43,989 - root - INFO - The image is bme.
2021-12-27 17:04:43,989 - root - INFO - Reading image header(readHeader16E)...
2021-12-27 17:04:43,989 - root - INFO - Image header was read:
2021-12-27 17:04:43,990 - root - INFO - Width: 28, Height: 28, RowLength: 56
2021-12-27 17:04:43,990 - root - INFO - datalength: 734, _step: 2
2021-12-27 17:04:43,990 - root - INFO - BPP: 16, Transparency: False
2021-12-27 17:04:43,991 - root - INFO - Resource 36 offset: 349336, length: 862...
2021-12-27 17:04:43,991 - root - DEBUG - Reading resource 36...
2021-12-27 17:04:43,991 - root - INFO - The image is bme.
2021-12-27 17:04:43,991 - root - INFO - Reading image header(readHeader16E)...
2021-12-27 17:04:43,991 - root - INFO - Image header was read:
2021-12-27 17:04:43,991 - root - INFO - Width: 28, Height: 28, RowLength: 56
2021-12-27 17:04:43,991 - root - INFO - datalength: 846, _step: 2
2021-12-27 17:04:43,992 - root - INFO - BPP: 16, Transparency: False
2021-12-27 17:04:43,993 - root - INFO - Resource 37 offset: 350198, length: 818...
2021-12-27 17:04:43,993 - root - DEBUG - Reading resource 37...
2021-12-27 17:04:43,993 - root - INFO - The image is bme.
2021-12-27 17:04:43,993 - root - INFO - Reading image header(readHeader16E)...
2021-12-27 17:04:43,993 - root - INFO - Image header was read:
2021-12-27 17:04:43,993 - root - INFO - Width: 28, Height: 28, RowLength: 56
2021-12-27 17:04:43,994 - root - INFO - datalength: 802, _step: 2
2021-12-27 17:04:43,994 - root - INFO - BPP: 16, Transparency: False
2021-12-27 17:04:43,995 - root - INFO - Resource 38 offset: 351016, length: 810...
2021-12-27 17:04:43,995 - root - DEBUG - Reading resource 38...
2021-12-27 17:04:43,995 - root - INFO - The image is bme.
2021-12-27 17:04:43,995 - root - INFO - Reading image header(readHeader16E)...
2021-12-27 17:04:43,995 - root - INFO - Image header was read:
2021-12-27 17:04:43,995 - root - INFO - Width: 28, Height: 28, RowLength: 56
2021-12-27 17:04:43,995 - root - INFO - datalength: 794, _step: 2
2021-12-27 17:04:43,996 - root - INFO - BPP: 16, Transparency: False
2021-12-27 17:04:43,997 - root - INFO - Resource 39 offset: 351826, length: 648...
2021-12-27 17:04:43,997 - root - DEBUG - Reading resource 39...
2021-12-27 17:04:43,997 - root - INFO - The image is bme.
2021-12-27 17:04:43,997 - root - INFO - Reading image header(readHeader16E)...
2021-12-27 17:04:43,997 - root - INFO - Image header was read:
2021-12-27 17:04:43,997 - root - INFO - Width: 28, Height: 28, RowLength: 56
2021-12-27 17:04:43,997 - root - INFO - datalength: 632, _step: 2
2021-12-27 17:04:43,997 - root - INFO - BPP: 16, Transparency: False
2021-12-27 17:04:43,998 - root - INFO - Resource 40 offset: 352474, length: 826...
2021-12-27 17:04:43,998 - root - DEBUG - Reading resource 40...
2021-12-27 17:04:43,999 - root - INFO - The image is bme.
2021-12-27 17:04:43,999 - root - INFO - Reading image header(readHeader16E)...
2021-12-27 17:04:43,999 - root - INFO - Image header was read:
2021-12-27 17:04:43,999 - root - INFO - Width: 28, Height: 28, RowLength: 56
2021-12-27 17:04:43,999 - root - INFO - datalength: 810, _step: 2
2021-12-27 17:04:43,999 - root - INFO - BPP: 16, Transparency: False
2021-12-27 17:04:44,000 - root - INFO - Resource 41 offset: 353300, length: 464...
2021-12-27 17:04:44,000 - root - DEBUG - Reading resource 41...
2021-12-27 17:04:44,000 - root - INFO - The image is bme.
2021-12-27 17:04:44,000 - root - INFO - Reading image header(readHeader16E)...
2021-12-27 17:04:44,001 - root - INFO - Image header was read:
2021-12-27 17:04:44,001 - root - INFO - Width: 28, Height: 28, RowLength: 56
2021-12-27 17:04:44,001 - root - INFO - datalength: 448, _step: 2
2021-12-27 17:04:44,001 - root - INFO - BPP: 16, Transparency: False
2021-12-27 17:04:44,002 - root - INFO - Resource 42 offset: 353764, length: 972...
2021-12-27 17:04:44,002 - root - DEBUG - Reading resource 42...
2021-12-27 17:04:44,002 - root - INFO - The image is bme.
2021-12-27 17:04:44,002 - root - INFO - Reading image header(readHeader16E)...
2021-12-27 17:04:44,002 - root - INFO - Image header was read:
2021-12-27 17:04:44,002 - root - INFO - Width: 28, Height: 28, RowLength: 56
2021-12-27 17:04:44,002 - root - INFO - datalength: 956, _step: 2
2021-12-27 17:04:44,002 - root - INFO - BPP: 16, Transparency: False
2021-12-27 17:04:44,004 - root - INFO - Resource 43 offset: 354736, length: 762...
2021-12-27 17:04:44,004 - root - DEBUG - Reading resource 43...
2021-12-27 17:04:44,004 - root - INFO - The image is bme.
2021-12-27 17:04:44,004 - root - INFO - Reading image header(readHeader16E)...
2021-12-27 17:04:44,004 - root - INFO - Image header was read:
2021-12-27 17:04:44,004 - root - INFO - Width: 28, Height: 28, RowLength: 56
2021-12-27 17:04:44,004 - root - INFO - datalength: 746, _step: 2
2021-12-27 17:04:44,004 - root - INFO - BPP: 16, Transparency: False
2021-12-27 17:04:44,005 - root - INFO - Resource 44 offset: 355498, length: 894...
2021-12-27 17:04:44,005 - root - DEBUG - Reading resource 44...
2021-12-27 17:04:44,006 - root - INFO - The image is bme.
2021-12-27 17:04:44,006 - root - INFO - Reading image header(readHeader16E)...
2021-12-27 17:04:44,006 - root - INFO - Image header was read:
2021-12-27 17:04:44,006 - root - INFO - Width: 28, Height: 28, RowLength: 56
2021-12-27 17:04:44,006 - root - INFO - datalength: 878, _step: 2
2021-12-27 17:04:44,006 - root - INFO - BPP: 16, Transparency: False
2021-12-27 17:04:44,007 - root - INFO - Resource 45 offset: 356392, length: 664...
2021-12-27 17:04:44,008 - root - DEBUG - Reading resource 45...
2021-12-27 17:04:44,008 - root - INFO - The image is bme.
2021-12-27 17:04:44,008 - root - INFO - Reading image header(readHeader16E)...
2021-12-27 17:04:44,008 - root - INFO - Image header was read:
2021-12-27 17:04:44,008 - root - INFO - Width: 28, Height: 28, RowLength: 56
2021-12-27 17:04:44,008 - root - INFO - datalength: 648, _step: 2
2021-12-27 17:04:44,008 - root - INFO - BPP: 16, Transparency: False
2021-12-27 17:04:44,009 - root - INFO - Resource 46 offset: 357056, length: 974...
2021-12-27 17:04:44,009 - root - DEBUG - Reading resource 46...
2021-12-27 17:04:44,009 - root - INFO - The image is bme.
2021-12-27 17:04:44,009 - root - INFO - Reading image header(readHeader16E)...
2021-12-27 17:04:44,009 - root - INFO - Image header was read:
2021-12-27 17:04:44,009 - root - INFO - Width: 28, Height: 28, RowLength: 56
2021-12-27 17:04:44,009 - root - INFO - datalength: 958, _step: 2
2021-12-27 17:04:44,010 - root - INFO - BPP: 16, Transparency: False
2021-12-27 17:04:44,011 - root - INFO - Resource 47 offset: 358030, length: 846...
2021-12-27 17:04:44,011 - root - DEBUG - Reading resource 47...
2021-12-27 17:04:44,011 - root - INFO - The image is bme.
2021-12-27 17:04:44,011 - root - INFO - Reading image header(readHeader16E)...
2021-12-27 17:04:44,011 - root - INFO - Image header was read:
2021-12-27 17:04:44,012 - root - INFO - Width: 28, Height: 28, RowLength: 56
2021-12-27 17:04:44,012 - root - INFO - datalength: 830, _step: 2
2021-12-27 17:04:44,012 - root - INFO - BPP: 16, Transparency: False
2021-12-27 17:04:44,013 - root - INFO - Resource 48 offset: 358876, length: 794...
2021-12-27 17:04:44,013 - root - DEBUG - Reading resource 48...
2021-12-27 17:04:44,013 - root - INFO - The image is bme.
2021-12-27 17:04:44,013 - root - INFO - Reading image header(readHeader16E)...
2021-12-27 17:04:44,013 - root - INFO - Image header was read:
2021-12-27 17:04:44,013 - root - INFO - Width: 28, Height: 28, RowLength: 56
2021-12-27 17:04:44,014 - root - INFO - datalength: 778, _step: 2
2021-12-27 17:04:44,014 - root - INFO - BPP: 16, Transparency: False
2021-12-27 17:04:44,015 - root - INFO - Resource 49 offset: 359670, length: 858...
2021-12-27 17:04:44,015 - root - DEBUG - Reading resource 49...
2021-12-27 17:04:44,015 - root - INFO - The image is bme.
2021-12-27 17:04:44,015 - root - INFO - Reading image header(readHeader16E)...
2021-12-27 17:04:44,015 - root - INFO - Image header was read:
2021-12-27 17:04:44,015 - root - INFO - Width: 28, Height: 28, RowLength: 56
2021-12-27 17:04:44,015 - root - INFO - datalength: 842, _step: 2
2021-12-27 17:04:44,015 - root - INFO - BPP: 16, Transparency: False
2021-12-27 17:04:44,017 - root - INFO - Resource 50 offset: 360528, length: 720...
2021-12-27 17:04:44,017 - root - DEBUG - Reading resource 50...
2021-12-27 17:04:44,017 - root - INFO - The image is bme.
2021-12-27 17:04:44,017 - root - INFO - Reading image header(readHeader16E)...
2021-12-27 17:04:44,017 - root - INFO - Image header was read:
2021-12-27 17:04:44,017 - root - INFO - Width: 28, Height: 28, RowLength: 56
2021-12-27 17:04:44,017 - root - INFO - datalength: 704, _step: 2
2021-12-27 17:04:44,017 - root - INFO - BPP: 16, Transparency: False
2021-12-27 17:04:44,018 - root - INFO - Resource 51 offset: 361248, length: 448...
2021-12-27 17:04:44,018 - root - DEBUG - Reading resource 51...
2021-12-27 17:04:44,019 - root - INFO - The image is bme.
2021-12-27 17:04:44,019 - root - INFO - Reading image header(readHeader16E)...
2021-12-27 17:04:44,019 - root - INFO - Image header was read:
2021-12-27 17:04:44,019 - root - INFO - Width: 28, Height: 28, RowLength: 56
2021-12-27 17:04:44,019 - root - INFO - datalength: 432, _step: 2
2021-12-27 17:04:44,019 - root - INFO - BPP: 16, Transparency: False
2021-12-27 17:04:44,020 - root - INFO - Resource 52 offset: 361696, length: 908...
2021-12-27 17:04:44,020 - root - DEBUG - Reading resource 52...
2021-12-27 17:04:44,020 - root - INFO - The image is bme.
2021-12-27 17:04:44,020 - root - INFO - Reading image header(readHeader16E)...
2021-12-27 17:04:44,020 - root - INFO - Image header was read:
2021-12-27 17:04:44,020 - root - INFO - Width: 28, Height: 28, RowLength: 56
2021-12-27 17:04:44,020 - root - INFO - datalength: 892, _step: 2
2021-12-27 17:04:44,020 - root - INFO - BPP: 16, Transparency: False
2021-12-27 17:04:44,022 - root - INFO - Resource 53 offset: 362604, length: 200...
2021-12-27 17:04:44,022 - root - DEBUG - Reading resource 53...
2021-12-27 17:04:44,022 - root - INFO - The image is bme.
2021-12-27 17:04:44,022 - root - INFO - Reading image header(readHeader16E)...
2021-12-27 17:04:44,022 - root - INFO - Image header was read:
2021-12-27 17:04:44,022 - root - INFO - Width: 17, Height: 23, RowLength: 34
2021-12-27 17:04:44,022 - root - INFO - datalength: 184, _step: 2
2021-12-27 17:04:44,022 - root - INFO - BPP: 16, Transparency: False
2021-12-27 17:04:44,023 - root - INFO - Resource 54 offset: 362804, length: 300...
2021-12-27 17:04:44,023 - root - DEBUG - Reading resource 54...
2021-12-27 17:04:44,023 - root - INFO - The image is bme.
2021-12-27 17:04:44,023 - root - INFO - Reading image header(readHeader16E)...
2021-12-27 17:04:44,023 - root - INFO - Image header was read:
2021-12-27 17:04:44,023 - root - INFO - Width: 13, Height: 23, RowLength: 26
2021-12-27 17:04:44,023 - root - INFO - datalength: 284, _step: 2
2021-12-27 17:04:44,023 - root - INFO - BPP: 16, Transparency: False
2021-12-27 17:04:44,024 - root - INFO - Resource 55 offset: 363104, length: 3764...
2021-12-27 17:04:44,024 - root - DEBUG - Reading resource 55...
2021-12-27 17:04:44,024 - root - INFO - The image is bme.
2021-12-27 17:04:44,024 - root - INFO - Reading image header(readHeader16E)...
2021-12-27 17:04:44,024 - root - INFO - Image header was read:
2021-12-27 17:04:44,024 - root - INFO - Width: 131, Height: 14, RowLength: 262
2021-12-27 17:04:44,024 - root - INFO - datalength: 3748, _step: 2
2021-12-27 17:04:44,024 - root - INFO - BPP: 16, Transparency: False
2021-12-27 17:04:44,032 - root - INFO - Resource 56 offset: 366868, length: 3764...
2021-12-27 17:04:44,033 - root - DEBUG - Reading resource 56...
2021-12-27 17:04:44,033 - root - INFO - The image is bme.
2021-12-27 17:04:44,033 - root - INFO - Reading image header(readHeader16E)...
2021-12-27 17:04:44,033 - root - INFO - Image header was read:
2021-12-27 17:04:44,033 - root - INFO - Width: 131, Height: 14, RowLength: 262
2021-12-27 17:04:44,033 - root - INFO - datalength: 3748, _step: 2
2021-12-27 17:04:44,033 - root - INFO - BPP: 16, Transparency: False
2021-12-27 17:04:44,041 - root - INFO - Resource 57 offset: 370632, length: 3764...
2021-12-27 17:04:44,041 - root - DEBUG - Reading resource 57...
2021-12-27 17:04:44,041 - root - INFO - The image is bme.
2021-12-27 17:04:44,041 - root - INFO - Reading image header(readHeader16E)...
2021-12-27 17:04:44,041 - root - INFO - Image header was read:
2021-12-27 17:04:44,041 - root - INFO - Width: 131, Height: 14, RowLength: 262
2021-12-27 17:04:44,041 - root - INFO - datalength: 3748, _step: 2
2021-12-27 17:04:44,042 - root - INFO - BPP: 16, Transparency: False
2021-12-27 17:04:44,049 - root - INFO - Resource 58 offset: 374396, length: 3764...
2021-12-27 17:04:44,050 - root - DEBUG - Reading resource 58...
2021-12-27 17:04:44,050 - root - INFO - The image is bme.
2021-12-27 17:04:44,050 - root - INFO - Reading image header(readHeader16E)...
2021-12-27 17:04:44,050 - root - INFO - Image header was read:
2021-12-27 17:04:44,050 - root - INFO - Width: 131, Height: 14, RowLength: 262
2021-12-27 17:04:44,050 - root - INFO - datalength: 3748, _step: 2
2021-12-27 17:04:44,050 - root - INFO - BPP: 16, Transparency: False
2021-12-27 17:04:44,058 - root - INFO - Resource 59 offset: 378160, length: 3764...
2021-12-27 17:04:44,058 - root - DEBUG - Reading resource 59...
2021-12-27 17:04:44,058 - root - INFO - The image is bme.
2021-12-27 17:04:44,058 - root - INFO - Reading image header(readHeader16E)...
2021-12-27 17:04:44,058 - root - INFO - Image header was read:
2021-12-27 17:04:44,058 - root - INFO - Width: 131, Height: 14, RowLength: 262
2021-12-27 17:04:44,058 - root - INFO - datalength: 3748, _step: 2
2021-12-27 17:04:44,059 - root - INFO - BPP: 16, Transparency: False
2021-12-27 17:04:44,067 - root - INFO - Resource 60 offset: 381924, length: 3764...
2021-12-27 17:04:44,067 - root - DEBUG - Reading resource 60...
2021-12-27 17:04:44,067 - root - INFO - The image is bme.
2021-12-27 17:04:44,067 - root - INFO - Reading image header(readHeader16E)...
2021-12-27 17:04:44,067 - root - INFO - Image header was read:
2021-12-27 17:04:44,067 - root - INFO - Width: 131, Height: 14, RowLength: 262
2021-12-27 17:04:44,067 - root - INFO - datalength: 3748, _step: 2
2021-12-27 17:04:44,067 - root - INFO - BPP: 16, Transparency: False
2021-12-27 17:04:44,075 - root - INFO - Resource 61 offset: 385688, length: 3764...
2021-12-27 17:04:44,075 - root - DEBUG - Reading resource 61...
2021-12-27 17:04:44,075 - root - INFO - The image is bme.
2021-12-27 17:04:44,075 - root - INFO - Reading image header(readHeader16E)...
2021-12-27 17:04:44,075 - root - INFO - Image header was read:
2021-12-27 17:04:44,075 - root - INFO - Width: 131, Height: 14, RowLength: 262
2021-12-27 17:04:44,076 - root - INFO - datalength: 3748, _step: 2
2021-12-27 17:04:44,076 - root - INFO - BPP: 16, Transparency: False
2021-12-27 17:04:44,084 - root - INFO - Resource 62 offset: 389452, length: 3764...
2021-12-27 17:04:44,084 - root - DEBUG - Reading resource 62...
2021-12-27 17:04:44,084 - root - INFO - The image is bme.
2021-12-27 17:04:44,084 - root - INFO - Reading image header(readHeader16E)...
2021-12-27 17:04:44,084 - root - INFO - Image header was read:
2021-12-27 17:04:44,084 - root - INFO - Width: 131, Height: 14, RowLength: 262
2021-12-27 17:04:44,084 - root - INFO - datalength: 3748, _step: 2
2021-12-27 17:04:44,084 - root - INFO - BPP: 16, Transparency: False
2021-12-27 17:04:44,092 - root - INFO - Resource 63 offset: 393216, length: 3764...
2021-12-27 17:04:44,092 - root - DEBUG - Reading resource 63...
2021-12-27 17:04:44,092 - root - INFO - The image is bme.
2021-12-27 17:04:44,092 - root - INFO - Reading image header(readHeader16E)...
2021-12-27 17:04:44,092 - root - INFO - Image header was read:
2021-12-27 17:04:44,092 - root - INFO - Width: 131, Height: 14, RowLength: 262
2021-12-27 17:04:44,093 - root - INFO - datalength: 3748, _step: 2
2021-12-27 17:04:44,093 - root - INFO - BPP: 16, Transparency: False
2021-12-27 17:04:44,101 - root - INFO - Resource 64 offset: 396980, length: 3764...
2021-12-27 17:04:44,101 - root - DEBUG - Reading resource 64...
2021-12-27 17:04:44,101 - root - INFO - The image is bme.
2021-12-27 17:04:44,101 - root - INFO - Reading image header(readHeader16E)...
2021-12-27 17:04:44,101 - root - INFO - Image header was read:
2021-12-27 17:04:44,101 - root - INFO - Width: 131, Height: 14, RowLength: 262
2021-12-27 17:04:44,101 - root - INFO - datalength: 3748, _step: 2
2021-12-27 17:04:44,101 - root - INFO - BPP: 16, Transparency: False
2021-12-27 17:04:44,109 - root - DEBUG - Parsing parameters...
2021-12-27 17:04:44,169 - root - DEBUG - 0 Value: None
2021-12-27 17:04:44,169 - root - DEBUG - 0.1 Value: 73
2021-12-27 17:04:44,169 - root - DEBUG - 2 Value: None
2021-12-27 17:04:44,169 - root - DEBUG - 2.1 Value: None
2021-12-27 17:04:44,169 - root - DEBUG - 2.1.1 Value: 0
2021-12-27 17:04:44,169 - root - DEBUG - 2.1.2 Value: 0
2021-12-27 17:04:44,169 - root - DEBUG - 2.1.3 Value: 1
2021-12-27 17:04:44,169 - root - DEBUG - 2.3 Value: None
2021-12-27 17:04:44,169 - root - DEBUG - 2.3.1 Value: 0
2021-12-27 17:04:44,170 - root - DEBUG - 2.3.2 Value: 0
2021-12-27 17:04:44,170 - root - DEBUG - 2.3.3 Value: 0
2021-12-27 17:04:44,170 - root - DEBUG - 2.4 Value: None
2021-12-27 17:04:44,170 - root - DEBUG - 2.4.1 Value: 0
2021-12-27 17:04:44,170 - root - DEBUG - 2.4.2 Value: 0
2021-12-27 17:04:44,170 - root - DEBUG - 2.4.3 Value: 0
2021-12-27 17:04:44,170 - root - DEBUG - 2.5 Value: None
2021-12-27 17:04:44,170 - root - DEBUG - 2.5.1 Value: 0
2021-12-27 17:04:44,170 - root - DEBUG - 2.5.2 Value: 0
2021-12-27 17:04:44,170 - root - DEBUG - 2.5.3 Value: 0
2021-12-27 17:04:44,170 - root - DEBUG - 3 Value: None
2021-12-27 17:04:44,170 - root - DEBUG - 3.1 Value: None
2021-12-27 17:04:44,170 - root - DEBUG - 3.1.1 Value: None
2021-12-27 17:04:44,171 - root - DEBUG - 3.1.1.1 Value: None
2021-12-27 17:04:44,171 - root - DEBUG - 3.1.1.1.1 Value: 83
2021-12-27 17:04:44,171 - root - DEBUG - 3.1.1.1.2 Value: 144
2021-12-27 17:04:44,171 - root - DEBUG - 3.1.1.1.3 Value: 2
2021-12-27 17:04:44,171 - root - DEBUG - 3.1.1.1.4 Value: 10
2021-12-27 17:04:44,171 - root - DEBUG - 3.1.1.2 Value: None
2021-12-27 17:04:44,171 - root - DEBUG - 3.1.1.2.1 Value: 108
2021-12-27 17:04:44,171 - root - DEBUG - 3.1.1.2.2 Value: 144
2021-12-27 17:04:44,171 - root - DEBUG - 3.1.1.2.3 Value: 2
2021-12-27 17:04:44,171 - root - DEBUG - 3.1.1.2.4 Value: 10
2021-12-27 17:04:44,171 - root - DEBUG - 3.1.2 Value: None
2021-12-27 17:04:44,171 - root - DEBUG - 3.1.2.1 Value: None
2021-12-27 17:04:44,171 - root - DEBUG - 3.1.2.1.1 Value: 144
2021-12-27 17:04:44,172 - root - DEBUG - 3.1.2.1.2 Value: 144
2021-12-27 17:04:44,172 - root - DEBUG - 3.1.2.1.3 Value: 2
2021-12-27 17:04:44,172 - root - DEBUG - 3.1.2.1.4 Value: 10
2021-12-27 17:04:44,172 - root - DEBUG - 3.1.2.2 Value: None
2021-12-27 17:04:44,172 - root - DEBUG - 3.1.2.2.1 Value: 169
2021-12-27 17:04:44,172 - root - DEBUG - 3.1.2.2.2 Value: 144
2021-12-27 17:04:44,172 - root - DEBUG - 3.1.2.2.3 Value: 2
2021-12-27 17:04:44,172 - root - DEBUG - 3.1.2.2.4 Value: 10
2021-12-27 17:04:44,172 - root - DEBUG - 3.1.3 Value: None
2021-12-27 17:04:44,172 - root - DEBUG - 3.1.3.1 Value: None
2021-12-27 17:04:44,172 - root - DEBUG - 3.1.3.1.1 Value: 205
2021-12-27 17:04:44,172 - root - DEBUG - 3.1.3.1.2 Value: 144
2021-12-27 17:04:44,172 - root - DEBUG - 3.1.3.1.3 Value: 2
2021-12-27 17:04:44,173 - root - DEBUG - 3.1.3.1.4 Value: 10
2021-12-27 17:04:44,173 - root - DEBUG - 3.1.3.2 Value: None
2021-12-27 17:04:44,173 - root - DEBUG - 3.1.3.2.1 Value: 230
2021-12-27 17:04:44,173 - root - DEBUG - 3.1.3.2.2 Value: 144
2021-12-27 17:04:44,173 - root - DEBUG - 3.1.3.2.3 Value: 2
2021-12-27 17:04:44,173 - root - DEBUG - 3.1.3.2.4 Value: 10
2021-12-27 17:04:44,173 - root - DEBUG - 3.1.7 Value: 0
2021-12-27 17:04:44,173 - root - DEBUG - 3.1.8 Value: 1
2021-12-27 17:04:44,173 - root - DEBUG - 4 Value: None
2021-12-27 17:04:44,173 - root - DEBUG - 4.1 Value: None
2021-12-27 17:04:44,173 - root - DEBUG - 4.1.1 Value: None
2021-12-27 17:04:44,173 - root - DEBUG - 4.1.1.1 Value: 44
2021-12-27 17:04:44,173 - root - DEBUG - 4.1.1.2 Value: 97
2021-12-27 17:04:44,174 - root - DEBUG - 4.1.1.3 Value: 112
2021-12-27 17:04:44,174 - root - DEBUG - 4.1.1.4 Value: 120
2021-12-27 17:04:44,174 - root - DEBUG - 4.1.1.5 Value: 24
2021-12-27 17:04:44,174 - root - DEBUG - 4.1.1.6 Value: 0
2021-12-27 17:04:44,174 - root - DEBUG - 4.1.1.7 Value: 0
2021-12-27 17:04:44,174 - root - DEBUG - 4.1.1.8 Value: 15
2021-12-27 17:04:44,174 - root - DEBUG - 4.1.1.9 Value: 10
2021-12-27 17:04:44,174 - root - DEBUG - 4.3 Value: None
2021-12-27 17:04:44,174 - root - DEBUG - 4.3.1 Value: None
2021-12-27 17:04:44,174 - root - DEBUG - 4.3.1.1 Value: 127
2021-12-27 17:04:44,174 - root - DEBUG - 4.3.1.2 Value: 288
2021-12-27 17:04:44,174 - root - DEBUG - 4.3.1.3 Value: 177
2021-12-27 17:04:44,174 - root - DEBUG - 4.3.1.4 Value: 311
2021-12-27 17:04:44,175 - root - DEBUG - 4.3.1.5 Value: 24
2021-12-27 17:04:44,175 - root - DEBUG - 4.3.1.6 Value: 0
2021-12-27 17:04:44,175 - root - DEBUG - 4.3.1.7 Value: 0
2021-12-27 17:04:44,175 - root - DEBUG - 4.3.1.8 Value: 15
2021-12-27 17:04:44,175 - root - DEBUG - 4.3.1.9 Value: 10
2021-12-27 17:04:44,175 - root - DEBUG - 4.4 Value: None
2021-12-27 17:04:44,175 - root - DEBUG - 4.4.1 Value: None
2021-12-27 17:04:44,175 - root - DEBUG - 4.4.1.1 Value: 39
2021-12-27 17:04:44,175 - root - DEBUG - 4.4.1.2 Value: 288
2021-12-27 17:04:44,175 - root - DEBUG - 4.4.1.3 Value: 73
2021-12-27 17:04:44,175 - root - DEBUG - 4.4.1.4 Value: 311
2021-12-27 17:04:44,175 - root - DEBUG - 4.4.1.5 Value: 24
2021-12-27 17:04:44,175 - root - DEBUG - 4.4.1.6 Value: 0
2021-12-27 17:04:44,176 - root - DEBUG - 4.4.1.7 Value: 0
2021-12-27 17:04:44,176 - root - DEBUG - 4.4.1.8 Value: 15
2021-12-27 17:04:44,176 - root - DEBUG - 4.4.1.9 Value: 10
2021-12-27 17:04:44,176 - root - DEBUG - 4.4.3 Value: 25
2021-12-27 17:04:44,176 - root - DEBUG - 4.5 Value: None
2021-12-27 17:04:44,176 - root - DEBUG - 4.5.1 Value: None
2021-12-27 17:04:44,176 - root - DEBUG - 4.5.1.1 Value: 217
2021-12-27 17:04:44,176 - root - DEBUG - 4.5.1.2 Value: 288
2021-12-27 17:04:44,176 - root - DEBUG - 4.5.1.3 Value: 277
2021-12-27 17:04:44,176 - root - DEBUG - 4.5.1.4 Value: 311
2021-12-27 17:04:44,176 - root - DEBUG - 4.5.1.5 Value: 24
2021-12-27 17:04:44,176 - root - DEBUG - 4.5.1.6 Value: 0
2021-12-27 17:04:44,176 - root - DEBUG - 4.5.1.7 Value: 0
2021-12-27 17:04:44,177 - root - DEBUG - 4.5.1.8 Value: 15
2021-12-27 17:04:44,177 - root - DEBUG - 4.5.1.9 Value: 10
2021-12-27 17:04:44,177 - root - DEBUG - 4.5.3 Value: 26
2021-12-27 17:04:44,177 - root - DEBUG - 4.7 Value: 0
2021-12-27 17:04:44,177 - root - DEBUG - 5 Value: None
2021-12-27 17:04:44,177 - root - DEBUG - 5.1 Value: None
2021-12-27 17:04:44,177 - root - DEBUG - 5.1.3 Value: None
2021-12-27 17:04:44,177 - root - DEBUG - 5.1.3.1 Value: None
2021-12-27 17:04:44,177 - root - DEBUG - 5.1.3.1.1 Value: 84
2021-12-27 17:04:44,177 - root - DEBUG - 5.1.3.1.2 Value: 209
2021-12-27 17:04:44,177 - root - DEBUG - 5.1.3.1.3 Value: 293
2021-12-27 17:04:44,177 - root - DEBUG - 5.1.3.1.4 Value: 245
2021-12-27 17:04:44,177 - root - DEBUG - 5.1.3.1.5 Value: 18
2021-12-27 17:04:44,178 - root - DEBUG - 5.1.3.1.6 Value: 3
2021-12-27 17:04:44,178 - root - DEBUG - 5.1.3.1.7 Value: 0
2021-12-27 17:04:44,178 - root - DEBUG - 5.1.3.1.8 Value: 2
2021-12-27 17:04:44,178 - root - DEBUG - 5.1.3.1.9 Value: 10
2021-12-27 17:04:44,178 - root - DEBUG - 5.1.3.2 Value: 12
2021-12-27 17:04:44,178 - root - DEBUG - 5.1.4 Value: 1
2021-12-27 17:04:44,178 - root - DEBUG - 5.1.5 Value: 1
2021-12-27 17:04:44,178 - root - DEBUG - 5.1.6 Value: 0
2021-12-27 17:04:44,178 - root - DEBUG - 5.2 Value: None
2021-12-27 17:04:44,178 - root - DEBUG - 5.2.1 Value: 0
2021-12-27 17:04:44,178 - root - DEBUG - 5.2.2 Value: 0
2021-12-27 17:04:44,178 - root - DEBUG - 5.2.5 Value: 13
2021-12-27 17:04:44,179 - root - DEBUG - 5.2.6 Value: 14
2021-12-27 17:04:44,179 - root - DEBUG - 5.2.8 Value: None
2021-12-27 17:04:44,179 - root - DEBUG - 5.2.8.1 Value: 261
2021-12-27 17:04:44,179 - root - DEBUG - 5.2.8.2 Value: 144
2021-12-27 17:04:44,179 - root - DEBUG - 5.2.9 Value: None
2021-12-27 17:04:44,179 - root - DEBUG - 5.2.9.1 Value: 261
2021-12-27 17:04:44,179 - root - DEBUG - 5.2.9.2 Value: 162
2021-12-27 17:04:44,179 - root - DEBUG - 6 Value: None
2021-12-27 17:04:44,179 - root - DEBUG - 6.1 Value: None
2021-12-27 17:04:44,179 - root - DEBUG - 6.1.2 Value: None
2021-12-27 17:04:44,179 - root - DEBUG - 6.1.2.1 Value: 190
2021-12-27 17:04:44,179 - root - DEBUG - 6.1.2.2 Value: 94
2021-12-27 17:04:44,179 - root - DEBUG - 6.1.2.3 Value: 27
2021-12-27 17:04:44,180 - root - DEBUG - 6.1.2.4 Value: 26
2021-12-27 17:04:44,180 - root - DEBUG - 6.2 Value: None
2021-12-27 17:04:44,180 - root - DEBUG - 6.2.1 Value: None
2021-12-27 17:04:44,180 - root - DEBUG - 6.2.1.1 Value: None
2021-12-27 17:04:44,180 - root - DEBUG - 6.2.1.1.1 Value: 224
2021-12-27 17:04:44,180 - root - DEBUG - 6.2.1.1.2 Value: 97
2021-12-27 17:04:44,180 - root - DEBUG - 6.2.1.1.3 Value: 271
2021-12-27 17:04:44,180 - root - DEBUG - 6.2.1.1.4 Value: 141
2021-12-27 17:04:44,180 - root - DEBUG - 6.2.1.1.5 Value: 18
2021-12-27 17:04:44,180 - root - DEBUG - 6.2.1.1.6 Value: 0
2021-12-27 17:04:44,180 - root - DEBUG - 6.2.1.1.7 Value: 0
2021-12-27 17:04:44,181 - root - DEBUG - 6.2.1.1.8 Value: 15
2021-12-27 17:04:44,181 - root - DEBUG - 6.2.1.1.9 Value: 10
2021-12-27 17:04:44,181 - root - DEBUG - 6.2.1.2 Value: 53
2021-12-27 17:04:44,181 - root - DEBUG - 6.2.1.3 Value: 54
2021-12-27 17:04:44,181 - root - DEBUG - 6.2.1.5 Value: 25
2021-12-27 17:04:44,181 - root - DEBUG - 9 Value: None
2021-12-27 17:04:44,181 - root - DEBUG - 9.2 Value: None
2021-12-27 17:04:44,181 - root - DEBUG - 9.2.1 Value: 122
2021-12-27 17:04:44,181 - root - DEBUG - 9.2.2 Value: 331
2021-12-27 17:04:44,181 - root - DEBUG - 9.2.3 Value: 55
2021-12-27 17:04:44,181 - root - DEBUG - 9.2.4 Value: 10
2021-12-27 17:04:44,181 - root - DEBUG - 0-Info
2021-12-27 17:04:44,182 - root - DEBUG - 0.1-DeviceId
2021-12-27 17:04:44,182 - root - DEBUG - 2-Background
2021-12-27 17:04:44,182 - root - DEBUG - 2.1-Image
2021-12-27 17:04:44,182 - root - DEBUG - 2.1.1-X
2021-12-27 17:04:44,182 - root - DEBUG - 2.1.2-Y
2021-12-27 17:04:44,182 - root - DEBUG - 2.1.3-ImageIndex
2021-12-27 17:04:44,182 - root - DEBUG - 2.3-Preview
2021-12-27 17:04:44,182 - root - DEBUG - 2.3.1-X
2021-12-27 17:04:44,182 - root - DEBUG - 2.3.2-Y
2021-12-27 17:04:44,182 - root - DEBUG - 2.3.3-ImageIndex
2021-12-27 17:04:44,183 - root - DEBUG - 2.4-PreviewKorean
2021-12-27 17:04:44,183 - root - DEBUG - 2.4.1-X
2021-12-27 17:04:44,183 - root - DEBUG - 2.4.2-Y
2021-12-27 17:04:44,183 - root - DEBUG - 2.4.3-ImageIndex
2021-12-27 17:04:44,183 - root - DEBUG - 2.5-PreviewChinese
2021-12-27 17:04:44,183 - root - DEBUG - 2.5.1-X
2021-12-27 17:04:44,183 - root - DEBUG - 2.5.2-Y
2021-12-27 17:04:44,183 - root - DEBUG - 2.5.3-ImageIndex
2021-12-27 17:04:44,183 - root - DEBUG - 3-TimeExtended
2021-12-27 17:04:44,184 - root - DEBUG - 3.1-TimeSeparateDigits
2021-12-27 17:04:44,184 - root - DEBUG - 3.1.1-Hours
2021-12-27 17:04:44,184 - root - DEBUG - 3.1.1.1-Tens
2021-12-27 17:04:44,184 - root - DEBUG - 3.1.1.1.1-X
2021-12-27 17:04:44,184 - root - DEBUG - 3.1.1.1.2-Y
2021-12-27 17:04:44,184 - root - DEBUG - 3.1.1.1.3-ImageIndex
2021-12-27 17:04:44,184 - root - DEBUG - 3.1.1.1.4-ImagesCount
2021-12-27 17:04:44,184 - root - DEBUG - 3.1.1.2-Ones
2021-12-27 17:04:44,184 - root - DEBUG - 3.1.1.2.1-X
2021-12-27 17:04:44,184 - root - DEBUG - 3.1.1.2.2-Y
2021-12-27 17:04:44,185 - root - DEBUG - 3.1.1.2.3-ImageIndex
2021-12-27 17:04:44,185 - root - DEBUG - 3.1.1.2.4-ImagesCount
2021-12-27 17:04:44,185 - root - DEBUG - 3.1.2-Minutes
2021-12-27 17:04:44,185 - root - DEBUG - 3.1.2.1-Tens
2021-12-27 17:04:44,185 - root - DEBUG - 3.1.2.1.1-X
2021-12-27 17:04:44,185 - root - DEBUG - 3.1.2.1.2-Y
2021-12-27 17:04:44,185 - root - DEBUG - 3.1.2.1.3-ImageIndex
2021-12-27 17:04:44,185 - root - DEBUG - 3.1.2.1.4-ImagesCount
2021-12-27 17:04:44,185 - root - DEBUG - 3.1.2.2-Ones
2021-12-27 17:04:44,186 - root - DEBUG - 3.1.2.2.1-X
2021-12-27 17:04:44,186 - root - DEBUG - 3.1.2.2.2-Y
2021-12-27 17:04:44,186 - root - DEBUG - 3.1.2.2.3-ImageIndex
2021-12-27 17:04:44,186 - root - DEBUG - 3.1.2.2.4-ImagesCount
2021-12-27 17:04:44,186 - root - DEBUG - 3.1.3-Seconds
2021-12-27 17:04:44,186 - root - DEBUG - 3.1.3.1-Tens
2021-12-27 17:04:44,186 - root - DEBUG - 3.1.3.1.1-X
2021-12-27 17:04:44,186 - root - DEBUG - 3.1.3.1.2-Y
2021-12-27 17:04:44,186 - root - DEBUG - 3.1.3.1.3-ImageIndex
2021-12-27 17:04:44,186 - root - DEBUG - 3.1.3.1.4-ImagesCount
2021-12-27 17:04:44,187 - root - DEBUG - 3.1.3.2-Ones
2021-12-27 17:04:44,187 - root - DEBUG - 3.1.3.2.1-X
2021-12-27 17:04:44,187 - root - DEBUG - 3.1.3.2.2-Y
2021-12-27 17:04:44,187 - root - DEBUG - 3.1.3.2.3-ImageIndex
2021-12-27 17:04:44,187 - root - DEBUG - 3.1.3.2.4-ImagesCount
2021-12-27 17:04:44,187 - root - DEBUG - 3.1.7-PaddingZeroHours
2021-12-27 17:04:44,187 - root - DEBUG - 3.1.8-PaddingZeroMinutes
2021-12-27 17:04:44,187 - root - DEBUG - 4-Activity
2021-12-27 17:04:44,187 - root - DEBUG - 4.1-Steps
2021-12-27 17:04:44,188 - root - DEBUG - 4.1.1-ImageNumber
2021-12-27 17:04:44,188 - root - DEBUG - 4.1.1.1-TopLeftX
2021-12-27 17:04:44,188 - root - DEBUG - 4.1.1.2-TopLeftY
2021-12-27 17:04:44,188 - root - DEBUG - 4.1.1.3-BottomRightX
2021-12-27 17:04:44,188 - root - DEBUG - 4.1.1.4-BottomRightY
2021-12-27 17:04:44,188 - root - DEBUG - 4.1.1.5-Alignment
2021-12-27 17:04:44,188 - root - DEBUG - 4.1.1.6-Spacing
2021-12-27 17:04:44,188 - root - DEBUG - 4.1.1.7-VerticalOffset
2021-12-27 17:04:44,188 - root - DEBUG - 4.1.1.8-ImageIndex
2021-12-27 17:04:44,189 - root - DEBUG - 4.1.1.9-ImagesCount
2021-12-27 17:04:44,189 - root - DEBUG - 4.3-Calories
2021-12-27 17:04:44,189 - root - DEBUG - 4.3.1-ImageNumber
2021-12-27 17:04:44,189 - root - DEBUG - 4.3.1.1-TopLeftX
2021-12-27 17:04:44,189 - root - DEBUG - 4.3.1.2-TopLeftY
2021-12-27 17:04:44,189 - root - DEBUG - 4.3.1.3-BottomRightX
2021-12-27 17:04:44,189 - root - DEBUG - 4.3.1.4-BottomRightY
2021-12-27 17:04:44,189 - root - DEBUG - 4.3.1.5-Alignment
2021-12-27 17:04:44,189 - root - DEBUG - 4.3.1.6-Spacing
2021-12-27 17:04:44,190 - root - DEBUG - 4.3.1.7-VerticalOffset
2021-12-27 17:04:44,190 - root - DEBUG - 4.3.1.8-ImageIndex
2021-12-27 17:04:44,190 - root - DEBUG - 4.3.1.9-ImagesCount
2021-12-27 17:04:44,190 - root - DEBUG - 4.4-HeartRate
2021-12-27 17:04:44,190 - root - DEBUG - 4.4.1-ImageNumber
2021-12-27 17:04:44,190 - root - DEBUG - 4.4.1.1-TopLeftX
2021-12-27 17:04:44,190 - root - DEBUG - 4.4.1.2-TopLeftY
2021-12-27 17:04:44,190 - root - DEBUG - 4.4.1.3-BottomRightX
2021-12-27 17:04:44,190 - root - DEBUG - 4.4.1.4-BottomRightY
2021-12-27 17:04:44,191 - root - DEBUG - 4.4.1.5-Alignment
2021-12-27 17:04:44,191 - root - DEBUG - 4.4.1.6-Spacing
2021-12-27 17:04:44,191 - root - DEBUG - 4.4.1.7-VerticalOffset
2021-12-27 17:04:44,191 - root - DEBUG - 4.4.1.8-ImageIndex
2021-12-27 17:04:44,191 - root - DEBUG - 4.4.1.9-ImagesCount
2021-12-27 17:04:44,191 - root - DEBUG - 4.4.3-NoDataImageIndex
2021-12-27 17:04:44,191 - root - DEBUG - 4.5-Distance
2021-12-27 17:04:44,191 - root - DEBUG - 4.5.1-ImageNumber
2021-12-27 17:04:44,191 - root - DEBUG - 4.5.1.1-TopLeftX
2021-12-27 17:04:44,192 - root - DEBUG - 4.5.1.2-TopLeftY
2021-12-27 17:04:44,192 - root - DEBUG - 4.5.1.3-BottomRightX
2021-12-27 17:04:44,192 - root - DEBUG - 4.5.1.4-BottomRightY
2021-12-27 17:04:44,192 - root - DEBUG - 4.5.1.5-Alignment
2021-12-27 17:04:44,192 - root - DEBUG - 4.5.1.6-Spacing
2021-12-27 17:04:44,192 - root - DEBUG - 4.5.1.7-VerticalOffset
2021-12-27 17:04:44,192 - root - DEBUG - 4.5.1.8-ImageIndex
2021-12-27 17:04:44,192 - root - DEBUG - 4.5.1.9-ImagesCount
2021-12-27 17:04:44,193 - root - DEBUG - 4.5.3-DecimalPointImageIndex
2021-12-27 17:04:44,193 - root - DEBUG - 4.7-UnknownLongValue7
2021-12-27 17:04:44,193 - root - DEBUG - 5-DateBlock
2021-12-27 17:04:44,193 - root - DEBUG - 5.1-Date
2021-12-27 17:04:44,193 - root - DEBUG - 5.1.3-OneLineYearMonthAndDay
2021-12-27 17:04:44,193 - root - DEBUG - 5.1.3.1-Number
2021-12-27 17:04:44,193 - root - DEBUG - 5.1.3.1.1-TopLeftX
2021-12-27 17:04:44,193 - root - DEBUG - 5.1.3.1.2-TopLeftY
2021-12-27 17:04:44,193 - root - DEBUG - 5.1.3.1.3-BottomRightX
2021-12-27 17:04:44,194 - root - DEBUG - 5.1.3.1.4-BottomRightY
2021-12-27 17:04:44,194 - root - DEBUG - 5.1.3.1.5-Alignment
2021-12-27 17:04:44,194 - root - DEBUG - 5.1.3.1.6-Spacing
2021-12-27 17:04:44,194 - root - DEBUG - 5.1.3.1.7-VerticalOffset
2021-12-27 17:04:44,194 - root - DEBUG - 5.1.3.1.8-ImageIndex
2021-12-27 17:04:44,194 - root - DEBUG - 5.1.3.1.9-ImagesCount
2021-12-27 17:04:44,194 - root - DEBUG - 5.1.3.2-DelimiterImageIndex
2021-12-27 17:04:44,194 - root - DEBUG - 5.1.4-PaddingZeroMonth
2021-12-27 17:04:44,194 - root - DEBUG - 5.1.5-PaddingZeroDay
2021-12-27 17:04:44,195 - root - DEBUG - 5.1.6-Unknown6
2021-12-27 17:04:44,195 - root - DEBUG - 5.2-AmPm
2021-12-27 17:04:44,195 - root - DEBUG - 5.2.1-CommonX
2021-12-27 17:04:44,195 - root - DEBUG - 5.2.2-CommonY
2021-12-27 17:04:44,195 - root - DEBUG - 5.2.5-AmImageIndexEN
2021-12-27 17:04:44,195 - root - DEBUG - 5.2.6-PmImageIndexEN
2021-12-27 17:04:44,195 - root - DEBUG - 5.2.8-CoordinatesAM
2021-12-27 17:04:44,195 - root - DEBUG - 5.2.8.1-X
2021-12-27 17:04:44,195 - root - DEBUG - 5.2.8.2-Y
2021-12-27 17:04:44,196 - root - DEBUG - 5.2.9-CoordinatesPM
2021-12-27 17:04:44,196 - root - DEBUG - 5.2.9.1-X
2021-12-27 17:04:44,196 - root - DEBUG - 5.2.9.2-Y
2021-12-27 17:04:44,196 - root - DEBUG - 6-Weather
2021-12-27 17:04:44,196 - root - DEBUG - 6.1-Icon
2021-12-27 17:04:44,196 - root - DEBUG - 6.1.2-Images
2021-12-27 17:04:44,196 - root - DEBUG - 6.1.2.1-X
2021-12-27 17:04:44,197 - root - DEBUG - 6.1.2.2-Y
2021-12-27 17:04:44,197 - root - DEBUG - 6.1.2.3-ImageIndex
2021-12-27 17:04:44,197 - root - DEBUG - 6.1.2.4-ImagesCount
2021-12-27 17:04:44,197 - root - DEBUG - 6.2-Temperature
2021-12-27 17:04:44,197 - root - DEBUG - 6.2.1-Current
2021-12-27 17:04:44,197 - root - DEBUG - 6.2.1.1-ImageNumber
2021-12-27 17:04:44,197 - root - DEBUG - 6.2.1.1.1-TopLeftX
2021-12-27 17:04:44,198 - root - DEBUG - 6.2.1.1.2-TopLeftY
2021-12-27 17:04:44,198 - root - DEBUG - 6.2.1.1.3-BottomRightX
2021-12-27 17:04:44,198 - root - DEBUG - 6.2.1.1.4-BottomRightY
2021-12-27 17:04:44,198 - root - DEBUG - 6.2.1.1.5-Alignment
2021-12-27 17:04:44,198 - root - DEBUG - 6.2.1.1.6-Spacing
2021-12-27 17:04:44,198 - root - DEBUG - 6.2.1.1.7-VerticalOffset
2021-12-27 17:04:44,198 - root - DEBUG - 6.2.1.1.8-ImageIndex
2021-12-27 17:04:44,198 - root - DEBUG - 6.2.1.1.9-ImagesCount
2021-12-27 17:04:44,198 - root - DEBUG - 6.2.1.2-MinusImageIndex
2021-12-27 17:04:44,199 - root - DEBUG - 6.2.1.3-SuffixImageIndexC
2021-12-27 17:04:44,199 - root - DEBUG - 6.2.1.5-NoDataImageIndex
2021-12-27 17:04:44,199 - root - DEBUG - 9-Battery
2021-12-27 17:04:44,199 - root - DEBUG - 9.2-ImageProgress
2021-12-27 17:04:44,199 - root - DEBUG - 9.2.1-X
2021-12-27 17:04:44,199 - root - DEBUG - 9.2.2-Y
2021-12-27 17:04:44,199 - root - DEBUG - 9.2.3-ImageIndex
2021-12-27 17:04:44,199 - root - DEBUG - 9.2.4-ImagesCount
2021-12-27 17:04:44,199 - root - DEBUG - generatePreviews
2021-12-27 17:04:44,199 - root - DEBUG - Generating previews...
2021-12-27 17:04:44,200 - root - DEBUG - Generating states done...
2021-12-27 17:04:44,207 - root - DEBUG - >>>>>>>>>>>> 0 <watchFaceParser.models.parameter.Parameter object at 0x0000015106464A48>
2021-12-27 17:04:44,207 - root - DEBUG - >>>>>>>>>>>> 2 <watchFaceParser.models.parameter.Parameter object at 0x0000015106455EC8>
2021-12-27 17:04:44,212 - root - DEBUG - >>>>>>>>>>>> 3 <watchFaceParser.models.parameter.Parameter object at 0x0000015106455848>
2021-12-27 17:04:44,217 - root - DEBUG - >>>>>>>>>>>> 4 <watchFaceParser.models.parameter.Parameter object at 0x00000151064612C8>
2021-12-27 17:04:44,226 - root - DEBUG - >>>>>>>>>>>> 5 <watchFaceParser.models.parameter.Parameter object at 0x00000151064615C8>
2021-12-27 17:04:44,231 - root - DEBUG - >>>>>>>>>>>> 6 <watchFaceParser.models.parameter.Parameter object at 0x0000015106461648>
2021-12-27 17:04:44,236 - root - DEBUG - >>>>>>>>>>>> 9 <watchFaceParser.models.parameter.Parameter object at 0x0000015106464648>
2021-12-27 17:04:44,246 - root - DEBUG - Generating static preview gen done...
2021-12-27 17:04:44,324 - root - DEBUG - Generating static preview save done...
2021-12-27 17:04:44,324 - root - DEBUG - Generating anim preview gen done...
2021-12-27 17:04:44,324 - root - DEBUG - >>>>>>>>>>>> 0 <watchFaceParser.models.parameter.Parameter object at 0x0000015106464A48>
2021-12-27 17:04:44,324 - root - DEBUG - >>>>>>>>>>>> 2 <watchFaceParser.models.parameter.Parameter object at 0x0000015106455EC8>
2021-12-27 17:04:44,324 - root - DEBUG - >>>>>>>>>>>> 3 <watchFaceParser.models.parameter.Parameter object at 0x0000015106455848>
2021-12-27 17:04:44,325 - root - DEBUG - >>>>>>>>>>>> 4 <watchFaceParser.models.parameter.Parameter object at 0x00000151064612C8>
2021-12-27 17:04:44,325 - root - DEBUG - >>>>>>>>>>>> 5 <watchFaceParser.models.parameter.Parameter object at 0x00000151064615C8>
2021-12-27 17:04:44,325 - root - DEBUG - >>>>>>>>>>>> 6 <watchFaceParser.models.parameter.Parameter object at 0x0000015106461648>
2021-12-27 17:04:44,325 - root - DEBUG - >>>>>>>>>>>> 9 <watchFaceParser.models.parameter.Parameter object at 0x0000015106464648>
2021-12-27 17:04:44,444 - root - DEBUG - generatePreviews done
2021-12-27 17:04:44,444 - root - DEBUG - Exporting resources to '96d82d336d7b1424b66f9ca64764188e'
2021-12-27 17:04:44,447 - root - DEBUG - extracting 96d82d336d7b1424b66f9ca64764188e\0000.png...
2021-12-27 17:04:44,462 - root - DEBUG - extracting 96d82d336d7b1424b66f9ca64764188e\0001.png...
2021-12-27 17:04:44,491 - root - DEBUG - extracting 96d82d336d7b1424b66f9ca64764188e\0002.png...
2021-12-27 17:04:44,492 - root - DEBUG - extracting 96d82d336d7b1424b66f9ca64764188e\0003.png...
2021-12-27 17:04:44,492 - root - DEBUG - extracting 96d82d336d7b1424b66f9ca64764188e\0004.png...
2021-12-27 17:04:44,493 - root - DEBUG - extracting 96d82d336d7b1424b66f9ca64764188e\0005.png...
2021-12-27 17:04:44,494 - root - DEBUG - extracting 96d82d336d7b1424b66f9ca64764188e\0006.png...
2021-12-27 17:04:44,495 - root - DEBUG - extracting 96d82d336d7b1424b66f9ca64764188e\0007.png...
2021-12-27 17:04:44,497 - root - DEBUG - extracting 96d82d336d7b1424b66f9ca64764188e\0008.png...
2021-12-27 17:04:44,498 - root - DEBUG - extracting 96d82d336d7b1424b66f9ca64764188e\0009.png...
2021-12-27 17:04:44,498 - root - DEBUG - extracting 96d82d336d7b1424b66f9ca64764188e\0010.png...
2021-12-27 17:04:44,499 - root - DEBUG - extracting 96d82d336d7b1424b66f9ca64764188e\0011.png...
2021-12-27 17:04:44,500 - root - DEBUG - extracting 96d82d336d7b1424b66f9ca64764188e\0012.png...
2021-12-27 17:04:44,501 - root - DEBUG - extracting 96d82d336d7b1424b66f9ca64764188e\0013.png...
2021-12-27 17:04:44,501 - root - DEBUG - extracting 96d82d336d7b1424b66f9ca64764188e\0014.png...
2021-12-27 17:04:44,502 - root - DEBUG - extracting 96d82d336d7b1424b66f9ca64764188e\0015.png...
2021-12-27 17:04:44,503 - root - DEBUG - extracting 96d82d336d7b1424b66f9ca64764188e\0016.png...
2021-12-27 17:04:44,503 - root - DEBUG - extracting 96d82d336d7b1424b66f9ca64764188e\0017.png...
2021-12-27 17:04:44,504 - root - DEBUG - extracting 96d82d336d7b1424b66f9ca64764188e\0018.png...
2021-12-27 17:04:44,505 - root - DEBUG - extracting 96d82d336d7b1424b66f9ca64764188e\0019.png...
2021-12-27 17:04:44,505 - root - DEBUG - extracting 96d82d336d7b1424b66f9ca64764188e\0020.png...
2021-12-27 17:04:44,506 - root - DEBUG - extracting 96d82d336d7b1424b66f9ca64764188e\0021.png...
2021-12-27 17:04:44,507 - root - DEBUG - extracting 96d82d336d7b1424b66f9ca64764188e\0022.png...
2021-12-27 17:04:44,507 - root - DEBUG - extracting 96d82d336d7b1424b66f9ca64764188e\0023.png...
2021-12-27 17:04:44,508 - root - DEBUG - extracting 96d82d336d7b1424b66f9ca64764188e\0024.png...
2021-12-27 17:04:44,509 - root - DEBUG - extracting 96d82d336d7b1424b66f9ca64764188e\0025.png...
2021-12-27 17:04:44,510 - root - DEBUG - extracting 96d82d336d7b1424b66f9ca64764188e\0026.png...
2021-12-27 17:04:44,510 - root - DEBUG - extracting 96d82d336d7b1424b66f9ca64764188e\0027.png...
2021-12-27 17:04:44,511 - root - DEBUG - extracting 96d82d336d7b1424b66f9ca64764188e\0028.png...
2021-12-27 17:04:44,512 - root - DEBUG - extracting 96d82d336d7b1424b66f9ca64764188e\0029.png...
2021-12-27 17:04:44,513 - root - DEBUG - extracting 96d82d336d7b1424b66f9ca64764188e\0030.png...
2021-12-27 17:04:44,514 - root - DEBUG - extracting 96d82d336d7b1424b66f9ca64764188e\0031.png...
2021-12-27 17:04:44,515 - root - DEBUG - extracting 96d82d336d7b1424b66f9ca64764188e\0032.png...
2021-12-27 17:04:44,515 - root - DEBUG - extracting 96d82d336d7b1424b66f9ca64764188e\0033.png...
2021-12-27 17:04:44,516 - root - DEBUG - extracting 96d82d336d7b1424b66f9ca64764188e\0034.png...
2021-12-27 17:04:44,517 - root - DEBUG - extracting 96d82d336d7b1424b66f9ca64764188e\0035.png...
2021-12-27 17:04:44,518 - root - DEBUG - extracting 96d82d336d7b1424b66f9ca64764188e\0036.png...
2021-12-27 17:04:44,518 - root - DEBUG - extracting 96d82d336d7b1424b66f9ca64764188e\0037.png...
2021-12-27 17:04:44,519 - root - DEBUG - extracting 96d82d336d7b1424b66f9ca64764188e\0038.png...
2021-12-27 17:04:44,520 - root - DEBUG - extracting 96d82d336d7b1424b66f9ca64764188e\0039.png...
2021-12-27 17:04:44,521 - root - DEBUG - extracting 96d82d336d7b1424b66f9ca64764188e\0040.png...
2021-12-27 17:04:44,521 - root - DEBUG - extracting 96d82d336d7b1424b66f9ca64764188e\0041.png...
2021-12-27 17:04:44,522 - root - DEBUG - extracting 96d82d336d7b1424b66f9ca64764188e\0042.png...
2021-12-27 17:04:44,523 - root - DEBUG - extracting 96d82d336d7b1424b66f9ca64764188e\0043.png...
2021-12-27 17:04:44,523 - root - DEBUG - extracting 96d82d336d7b1424b66f9ca64764188e\0044.png...
2021-12-27 17:04:44,524 - root - DEBUG - extracting 96d82d336d7b1424b66f9ca64764188e\0045.png...
2021-12-27 17:04:44,525 - root - DEBUG - extracting 96d82d336d7b1424b66f9ca64764188e\0046.png...
2021-12-27 17:04:44,525 - root - DEBUG - extracting 96d82d336d7b1424b66f9ca64764188e\0047.png...
2021-12-27 17:04:44,526 - root - DEBUG - extracting 96d82d336d7b1424b66f9ca64764188e\0048.png...
2021-12-27 17:04:44,527 - root - DEBUG - extracting 96d82d336d7b1424b66f9ca64764188e\0049.png...
2021-12-27 17:04:44,528 - root - DEBUG - extracting 96d82d336d7b1424b66f9ca64764188e\0050.png...
2021-12-27 17:04:44,529 - root - DEBUG - extracting 96d82d336d7b1424b66f9ca64764188e\0051.png...
2021-12-27 17:04:44,529 - root - DEBUG - extracting 96d82d336d7b1424b66f9ca64764188e\0052.png...
2021-12-27 17:04:44,531 - root - DEBUG - extracting 96d82d336d7b1424b66f9ca64764188e\0053.png...
2021-12-27 17:04:44,531 - root - DEBUG - extracting 96d82d336d7b1424b66f9ca64764188e\0054.png...
2021-12-27 17:04:44,532 - root - DEBUG - extracting 96d82d336d7b1424b66f9ca64764188e\0055.png...
2021-12-27 17:04:44,533 - root - DEBUG - extracting 96d82d336d7b1424b66f9ca64764188e\0056.png...
2021-12-27 17:04:44,534 - root - DEBUG - extracting 96d82d336d7b1424b66f9ca64764188e\0057.png...
2021-12-27 17:04:44,535 - root - DEBUG - extracting 96d82d336d7b1424b66f9ca64764188e\0058.png...
2021-12-27 17:04:44,535 - root - DEBUG - extracting 96d82d336d7b1424b66f9ca64764188e\0059.png...
2021-12-27 17:04:44,536 - root - DEBUG - extracting 96d82d336d7b1424b66f9ca64764188e\0060.png...
2021-12-27 17:04:44,537 - root - DEBUG - extracting 96d82d336d7b1424b66f9ca64764188e\0061.png...
2021-12-27 17:04:44,538 - root - DEBUG - extracting 96d82d336d7b1424b66f9ca64764188e\0062.png...
2021-12-27 17:04:44,539 - root - DEBUG - extracting 96d82d336d7b1424b66f9ca64764188e\0063.png...
2021-12-27 17:04:44,540 - root - DEBUG - extracting 96d82d336d7b1424b66f9ca64764188e\0064.png...
2021-12-27 17:04:44,541 - root - DEBUG - Exporting config...
