2023-07-09 17:53:49,318 - root - DEBUG - Opening watch face 'E:\Codez\zepp-gts2mini-wf\e9e221c32ccab7ca34fcb0ab2584e7bd.bin'
2023-07-09 17:53:49,337 - root - DEBUG - Reading parameters...
2023-07-09 17:53:49,337 - root - INFO - Reading header...
2023-07-09 17:53:49,339 - root - INFO - Header was read:
2023-07-09 17:53:49,339 - root - INFO - Signature: b'UIHH\x01\x00\xff', Unknown: 47, ParametersSize: 40, isValid: True, deviceId: 73
2023-07-09 17:53:49,340 - root - INFO - Reading parameter offsets...
2023-07-09 17:53:49,340 - root - INFO - Parameter offsets were read from file
2023-07-09 17:53:49,340 - root - INFO - Reading parameters descriptor...
2023-07-09 17:53:49,340 - root - INFO - 1 ( A): 5 bytes
2023-07-09 17:53:49,340 - root - INFO -     1 ( 8): 180 B4
2023-07-09 17:53:49,340 - root - INFO -     2 (10): 38 26
2023-07-09 17:53:49,340 - root - INFO - getParameters descriptor was read:
2023-07-09 17:53:49,341 - root - INFO - ParametersTableLength: 180, ImagesCount: 38
2023-07-09 17:53:49,341 - root - INFO - Reading parameters locations...
2023-07-09 17:53:49,341 - root - INFO - 2 (12): 4 bytes
2023-07-09 17:53:49,341 - root - INFO -     1 ( 8): 0  0
2023-07-09 17:53:49,341 - root - INFO -     2 (10): 32 20
2023-07-09 17:53:49,341 - root - INFO - 5 (2A): 4 bytes
2023-07-09 17:53:49,341 - root - INFO -     1 ( 8): 32 20
2023-07-09 17:53:49,341 - root - INFO -     2 (10): 46 2E
2023-07-09 17:53:49,342 - root - INFO - 9 (4A): 4 bytes
2023-07-09 17:53:49,342 - root - INFO -     1 ( 8): 78 4E
2023-07-09 17:53:49,342 - root - INFO -     2 (10): 11  B
2023-07-09 17:53:49,342 - root - INFO - 20 (A2): 4 bytes
2023-07-09 17:53:49,342 - root - INFO -     1 ( 8): 89 59
2023-07-09 17:53:49,342 - root - INFO -     2 (10): 47 2F
2023-07-09 17:53:49,343 - root - INFO - 29 (EA): 5 bytes
2023-07-09 17:53:49,343 - root - INFO -     1 ( 8): 136 88
2023-07-09 17:53:49,343 - root - INFO -     2 (10): 44 2C
2023-07-09 17:53:49,343 - root - INFO - Watch face parameters locations were read:
2023-07-09 17:53:49,344 - root - INFO - Reading descriptor for parameter 2
2023-07-09 17:53:49,344 - root - INFO - Descriptor offset: 0, Descriptor length: 32
2023-07-09 17:53:49,344 - root - INFO - Parsing descriptor for parameter 2...
2023-07-09 17:53:49,344 - root - INFO - 1 ( A): 6 bytes
2023-07-09 17:53:49,345 - root - INFO -     1 ( 8): 0  0
2023-07-09 17:53:49,345 - root - INFO -     2 (10): 0  0
2023-07-09 17:53:49,345 - root - INFO -     3 (18): 1  1
2023-07-09 17:53:49,345 - root - INFO - 3 (1A): 6 bytes
2023-07-09 17:53:49,345 - root - INFO -     1 ( 8): 0  0
2023-07-09 17:53:49,345 - root - INFO -     2 (10): 0  0
2023-07-09 17:53:49,345 - root - INFO -     3 (18): 0  0
2023-07-09 17:53:49,345 - root - INFO - 4 (22): 6 bytes
2023-07-09 17:53:49,346 - root - INFO -     1 ( 8): 0  0
2023-07-09 17:53:49,346 - root - INFO -     2 (10): 0  0
2023-07-09 17:53:49,346 - root - INFO -     3 (18): 0  0
2023-07-09 17:53:49,346 - root - INFO - 5 (2A): 6 bytes
2023-07-09 17:53:49,346 - root - INFO -     1 ( 8): 0  0
2023-07-09 17:53:49,346 - root - INFO -     2 (10): 0  0
2023-07-09 17:53:49,346 - root - INFO -     3 (18): 0  0
2023-07-09 17:53:49,347 - root - INFO - Reading descriptor for parameter 5
2023-07-09 17:53:49,347 - root - INFO - Descriptor offset: 32, Descriptor length: 46
2023-07-09 17:53:49,347 - root - INFO - Parsing descriptor for parameter 5...
2023-07-09 17:53:49,347 - root - INFO - 1 ( A): 33 bytes
2023-07-09 17:53:49,347 - root - INFO -     9 (4A): 25 bytes
2023-07-09 17:53:49,348 - root - INFO -         3 (1A): 19 bytes
2023-07-09 17:53:49,348 - root - INFO -             1 ( 8): 104 68
2023-07-09 17:53:49,348 - root - INFO -             2 (10): 90 5A
2023-07-09 17:53:49,348 - root - INFO -             3 (18): 140 8C
2023-07-09 17:53:49,350 - root - INFO -             4 (20): 119 77
2023-07-09 17:53:49,351 - root - INFO -             5 (28): 18 12
2023-07-09 17:53:49,352 - root - INFO -             6 (30): 0  0
2023-07-09 17:53:49,353 - root - INFO -             7 (38): 0  0
2023-07-09 17:53:49,353 - root - INFO -             8 (40): 2  2
2023-07-09 17:53:49,353 - root - INFO -             9 (48): 10  A
2023-07-09 17:53:49,353 - root - INFO -         4 (20): 0  0
2023-07-09 17:53:49,353 - root - INFO -         5 (28): 0  0
2023-07-09 17:53:49,353 - root - INFO -     4 (20): 1  1
2023-07-09 17:53:49,354 - root - INFO -     5 (28): 1  1
2023-07-09 17:53:49,354 - root - INFO -     6 (30): 0  0
2023-07-09 17:53:49,354 - root - INFO - 4 (22): 9 bytes
2023-07-09 17:53:49,355 - root - INFO -     1 ( 8): 140 8C
2023-07-09 17:53:49,356 - root - INFO -     2 (10): 90 5A
2023-07-09 17:53:49,356 - root - INFO -     3 (18): 12  C
2023-07-09 17:53:49,356 - root - INFO -     4 (20): 7  7
2023-07-09 17:53:49,357 - root - INFO - Reading descriptor for parameter 9
2023-07-09 17:53:49,358 - root - INFO - Descriptor offset: 78, Descriptor length: 11
2023-07-09 17:53:49,359 - root - INFO - Parsing descriptor for parameter 9...
2023-07-09 17:53:49,359 - root - INFO - 2 (12): 9 bytes
2023-07-09 17:53:49,359 - root - INFO -     1 ( 8): 124 7C
2023-07-09 17:53:49,359 - root - INFO -     2 (10): 210 D2
2023-07-09 17:53:49,359 - root - INFO -     3 (18): 19 13
2023-07-09 17:53:49,359 - root - INFO -     4 (20): 10  A
2023-07-09 17:53:49,360 - root - INFO - Reading descriptor for parameter 20
2023-07-09 17:53:49,360 - root - INFO - Descriptor offset: 89, Descriptor length: 47
2023-07-09 17:53:49,361 - root - INFO - Parsing descriptor for parameter 20...
2023-07-09 17:53:49,361 - root - INFO - 2 (12): 6 bytes
2023-07-09 17:53:49,361 - root - INFO -     1 ( 8): 153 99
2023-07-09 17:53:49,361 - root - INFO -     2 (10): 177 B1
2023-07-09 17:53:49,362 - root - INFO - 3 (1A): 13 bytes
2023-07-09 17:53:49,362 - root - INFO -     1 ( 8): 29 1D
2023-07-09 17:53:49,362 - root - INFO -     2 (10): 95 5F
2023-07-09 17:53:49,362 - root - INFO -     4 (22): 7 bytes
2023-07-09 17:53:49,362 - root - INFO -         1 ( 8): 124 7C
2023-07-09 17:53:49,362 - root - INFO -         2 (10): 148 94
2023-07-09 17:53:49,362 - root - INFO -         3 (18): 32 20
2023-07-09 17:53:49,363 - root - INFO - 4 (22): 15 bytes
2023-07-09 17:53:49,363 - root - INFO -     1 ( 8): 31 1F
2023-07-09 17:53:49,363 - root - INFO -     2 (10): 145 91
2023-07-09 17:53:49,363 - root - INFO -     4 (22): 8 bytes
2023-07-09 17:53:49,363 - root - INFO -         1 ( 8): 128 80
2023-07-09 17:53:49,363 - root - INFO -         2 (10): 152 98
2023-07-09 17:53:49,363 - root - INFO -         3 (18): 33 21
2023-07-09 17:53:49,364 - root - INFO - 5 (2A): 5 bytes
2023-07-09 17:53:49,364 - root - INFO -     1 ( 8): 30 1E
2023-07-09 17:53:49,364 - root - INFO -     2 (10): 144 90
2023-07-09 17:53:49,364 - root - INFO - Reading descriptor for parameter 29
2023-07-09 17:53:49,364 - root - INFO - Descriptor offset: 136, Descriptor length: 44
2023-07-09 17:53:49,365 - root - INFO - Parsing descriptor for parameter 29...
2023-07-09 17:53:49,365 - root - INFO - 1 ( A): 42 bytes
2023-07-09 17:53:49,365 - root - INFO -     3 (1A): 40 bytes
2023-07-09 17:53:49,366 - root - INFO -         1 ( A): 6 bytes
2023-07-09 17:53:49,366 - root - INFO -             1 ( 8): 153 99
2023-07-09 17:53:49,366 - root - INFO -             2 (10): 177 B1
2023-07-09 17:53:49,366 - root - INFO -         2 (12): 13 bytes
2023-07-09 17:53:49,366 - root - INFO -             1 ( 8): 34 22
2023-07-09 17:53:49,366 - root - INFO -             2 (10): 95 5F
2023-07-09 17:53:49,366 - root - INFO -             4 (22): 7 bytes
2023-07-09 17:53:49,367 - root - INFO -                 1 ( 8): 124 7C
2023-07-09 17:53:49,367 - root - INFO -                 2 (10): 148 94
2023-07-09 17:53:49,367 - root - INFO -                 3 (18): 36 24
2023-07-09 17:53:49,368 - root - INFO -         3 (1A): 15 bytes
2023-07-09 17:53:49,368 - root - INFO -             1 ( 8): 35 23
2023-07-09 17:53:49,368 - root - INFO -             2 (10): 145 91
2023-07-09 17:53:49,368 - root - INFO -             4 (22): 8 bytes
2023-07-09 17:53:49,368 - root - INFO -                 1 ( 8): 128 80
2023-07-09 17:53:49,368 - root - INFO -                 2 (10): 152 98
2023-07-09 17:53:49,368 - root - INFO -                 3 (18): 37 25
2023-07-09 17:53:49,380 - root - INFO - Reading resources offsets table with 38 elements (152 bytes)
2023-07-09 17:53:49,380 - root - INFO - Resource 0 offset: 459, length: 100180...
2023-07-09 17:53:49,380 - root - DEBUG - Reading resource 0...
2023-07-09 17:53:49,456 - root - INFO - The image is bme.
2023-07-09 17:53:49,456 - root - INFO - Reading image header(readHeader16E)...
2023-07-09 17:53:49,456 - root - INFO - Image header was read:
2023-07-09 17:53:49,456 - root - INFO - Width: 210, Height: 242, RowLength: 420
2023-07-09 17:53:49,456 - root - INFO - datalength: 100164, _step: 2
2023-07-09 17:53:49,456 - root - INFO - BPP: 16, Transparency: False
2023-07-09 17:53:49,811 - root - INFO - Resource 1 offset: 100639, length: 212132...
2023-07-09 17:53:49,811 - root - DEBUG - Reading resource 1...
2023-07-09 17:53:49,811 - root - INFO - The image is bme.
2023-07-09 17:53:49,811 - root - INFO - Reading image header(readHeader16E)...
2023-07-09 17:53:49,811 - root - INFO - Image header was read:
2023-07-09 17:53:49,811 - root - INFO - Width: 306, Height: 355, RowLength: 612
2023-07-09 17:53:49,812 - root - INFO - datalength: 212116, _step: 2
2023-07-09 17:53:49,812 - root - INFO - BPP: 16, Transparency: False
2023-07-09 17:53:50,621 - root - INFO - Resource 2 offset: 312771, length: 1582...
2023-07-09 17:53:50,621 - root - DEBUG - Reading resource 2...
2023-07-09 17:53:50,622 - root - INFO - The image is bmc.
2023-07-09 17:53:50,622 - root - INFO - Reading image header(readHeader16C)...
2023-07-09 17:53:50,622 - root - INFO - Image header was read:
2023-07-09 17:53:50,622 - root - INFO - Width: 18, Height: 29, RowLength: 54
2023-07-09 17:53:50,622 - root - INFO - _step: 3, unknown2: 0,
2023-07-09 17:53:50,622 - root - INFO - BPP: 24, Transparency: False
2023-07-09 17:53:50,626 - root - INFO - Resource 3 offset: 314353, length: 1582...
2023-07-09 17:53:50,626 - root - DEBUG - Reading resource 3...
2023-07-09 17:53:50,628 - root - INFO - The image is bmc.
2023-07-09 17:53:50,628 - root - INFO - Reading image header(readHeader16C)...
2023-07-09 17:53:50,628 - root - INFO - Image header was read:
2023-07-09 17:53:50,628 - root - INFO - Width: 18, Height: 29, RowLength: 54
2023-07-09 17:53:50,628 - root - INFO - _step: 3, unknown2: 0,
2023-07-09 17:53:50,628 - root - INFO - BPP: 24, Transparency: False
2023-07-09 17:53:50,632 - root - INFO - Resource 4 offset: 315935, length: 1582...
2023-07-09 17:53:50,632 - root - DEBUG - Reading resource 4...
2023-07-09 17:53:50,632 - root - INFO - The image is bmc.
2023-07-09 17:53:50,632 - root - INFO - Reading image header(readHeader16C)...
2023-07-09 17:53:50,632 - root - INFO - Image header was read:
2023-07-09 17:53:50,633 - root - INFO - Width: 18, Height: 29, RowLength: 54
2023-07-09 17:53:50,633 - root - INFO - _step: 3, unknown2: 0,
2023-07-09 17:53:50,633 - root - INFO - BPP: 24, Transparency: False
2023-07-09 17:53:50,636 - root - INFO - Resource 5 offset: 317517, length: 1582...
2023-07-09 17:53:50,636 - root - DEBUG - Reading resource 5...
2023-07-09 17:53:50,636 - root - INFO - The image is bmc.
2023-07-09 17:53:50,637 - root - INFO - Reading image header(readHeader16C)...
2023-07-09 17:53:50,637 - root - INFO - Image header was read:
2023-07-09 17:53:50,637 - root - INFO - Width: 18, Height: 29, RowLength: 54
2023-07-09 17:53:50,637 - root - INFO - _step: 3, unknown2: 0,
2023-07-09 17:53:50,637 - root - INFO - BPP: 24, Transparency: False
2023-07-09 17:53:50,640 - root - INFO - Resource 6 offset: 319099, length: 1582...
2023-07-09 17:53:50,640 - root - DEBUG - Reading resource 6...
2023-07-09 17:53:50,641 - root - INFO - The image is bmc.
2023-07-09 17:53:50,641 - root - INFO - Reading image header(readHeader16C)...
2023-07-09 17:53:50,641 - root - INFO - Image header was read:
2023-07-09 17:53:50,641 - root - INFO - Width: 18, Height: 29, RowLength: 54
2023-07-09 17:53:50,641 - root - INFO - _step: 3, unknown2: 0,
2023-07-09 17:53:50,641 - root - INFO - BPP: 24, Transparency: False
2023-07-09 17:53:50,645 - root - INFO - Resource 7 offset: 320681, length: 1582...
2023-07-09 17:53:50,646 - root - DEBUG - Reading resource 7...
2023-07-09 17:53:50,646 - root - INFO - The image is bmc.
2023-07-09 17:53:50,646 - root - INFO - Reading image header(readHeader16C)...
2023-07-09 17:53:50,646 - root - INFO - Image header was read:
2023-07-09 17:53:50,646 - root - INFO - Width: 18, Height: 29, RowLength: 54
2023-07-09 17:53:50,646 - root - INFO - _step: 3, unknown2: 0,
2023-07-09 17:53:50,646 - root - INFO - BPP: 24, Transparency: False
2023-07-09 17:53:50,650 - root - INFO - Resource 8 offset: 322263, length: 1582...
2023-07-09 17:53:50,650 - root - DEBUG - Reading resource 8...
2023-07-09 17:53:50,650 - root - INFO - The image is bmc.
2023-07-09 17:53:50,650 - root - INFO - Reading image header(readHeader16C)...
2023-07-09 17:53:50,650 - root - INFO - Image header was read:
2023-07-09 17:53:50,650 - root - INFO - Width: 18, Height: 29, RowLength: 54
2023-07-09 17:53:50,650 - root - INFO - _step: 3, unknown2: 0,
2023-07-09 17:53:50,651 - root - INFO - BPP: 24, Transparency: False
2023-07-09 17:53:50,654 - root - INFO - Resource 9 offset: 323845, length: 1582...
2023-07-09 17:53:50,654 - root - DEBUG - Reading resource 9...
2023-07-09 17:53:50,654 - root - INFO - The image is bmc.
2023-07-09 17:53:50,654 - root - INFO - Reading image header(readHeader16C)...
2023-07-09 17:53:50,654 - root - INFO - Image header was read:
2023-07-09 17:53:50,654 - root - INFO - Width: 18, Height: 29, RowLength: 54
2023-07-09 17:53:50,655 - root - INFO - _step: 3, unknown2: 0,
2023-07-09 17:53:50,655 - root - INFO - BPP: 24, Transparency: False
2023-07-09 17:53:50,658 - root - INFO - Resource 10 offset: 325427, length: 1582...
2023-07-09 17:53:50,658 - root - DEBUG - Reading resource 10...
2023-07-09 17:53:50,658 - root - INFO - The image is bmc.
2023-07-09 17:53:50,658 - root - INFO - Reading image header(readHeader16C)...
2023-07-09 17:53:50,658 - root - INFO - Image header was read:
2023-07-09 17:53:50,659 - root - INFO - Width: 18, Height: 29, RowLength: 54
2023-07-09 17:53:50,659 - root - INFO - _step: 3, unknown2: 0,
2023-07-09 17:53:50,659 - root - INFO - BPP: 24, Transparency: False
2023-07-09 17:53:50,663 - root - INFO - Resource 11 offset: 327009, length: 1582...
2023-07-09 17:53:50,663 - root - DEBUG - Reading resource 11...
2023-07-09 17:53:50,663 - root - INFO - The image is bmc.
2023-07-09 17:53:50,663 - root - INFO - Reading image header(readHeader16C)...
2023-07-09 17:53:50,664 - root - INFO - Image header was read:
2023-07-09 17:53:50,664 - root - INFO - Width: 18, Height: 29, RowLength: 54
2023-07-09 17:53:50,664 - root - INFO - _step: 3, unknown2: 0,
2023-07-09 17:53:50,664 - root - INFO - BPP: 24, Transparency: False
2023-07-09 17:53:50,667 - root - INFO - Resource 12 offset: 328591, length: 5410...
2023-07-09 17:53:50,668 - root - DEBUG - Reading resource 12...
2023-07-09 17:53:50,668 - root - INFO - The image is bmc.
2023-07-09 17:53:50,668 - root - INFO - Reading image header(readHeader16C)...
2023-07-09 17:53:50,668 - root - INFO - Image header was read:
2023-07-09 17:53:50,668 - root - INFO - Width: 62, Height: 29, RowLength: 186
2023-07-09 17:53:50,668 - root - INFO - _step: 3, unknown2: 0,
2023-07-09 17:53:50,668 - root - INFO - BPP: 24, Transparency: False
2023-07-09 17:53:50,680 - root - INFO - Resource 13 offset: 334001, length: 5410...
2023-07-09 17:53:50,680 - root - DEBUG - Reading resource 13...
2023-07-09 17:53:50,680 - root - INFO - The image is bmc.
2023-07-09 17:53:50,680 - root - INFO - Reading image header(readHeader16C)...
2023-07-09 17:53:50,681 - root - INFO - Image header was read:
2023-07-09 17:53:50,682 - root - INFO - Width: 62, Height: 29, RowLength: 186
2023-07-09 17:53:50,682 - root - INFO - _step: 3, unknown2: 0,
2023-07-09 17:53:50,682 - root - INFO - BPP: 24, Transparency: False
2023-07-09 17:53:50,694 - root - INFO - Resource 14 offset: 339411, length: 5410...
2023-07-09 17:53:50,695 - root - DEBUG - Reading resource 14...
2023-07-09 17:53:50,695 - root - INFO - The image is bmc.
2023-07-09 17:53:50,695 - root - INFO - Reading image header(readHeader16C)...
2023-07-09 17:53:50,695 - root - INFO - Image header was read:
2023-07-09 17:53:50,695 - root - INFO - Width: 62, Height: 29, RowLength: 186
2023-07-09 17:53:50,695 - root - INFO - _step: 3, unknown2: 0,
2023-07-09 17:53:50,695 - root - INFO - BPP: 24, Transparency: False
2023-07-09 17:53:50,707 - root - INFO - Resource 15 offset: 344821, length: 5410...
2023-07-09 17:53:50,707 - root - DEBUG - Reading resource 15...
2023-07-09 17:53:50,707 - root - INFO - The image is bmc.
2023-07-09 17:53:50,707 - root - INFO - Reading image header(readHeader16C)...
2023-07-09 17:53:50,707 - root - INFO - Image header was read:
2023-07-09 17:53:50,708 - root - INFO - Width: 62, Height: 29, RowLength: 186
2023-07-09 17:53:50,708 - root - INFO - _step: 3, unknown2: 0,
2023-07-09 17:53:50,708 - root - INFO - BPP: 24, Transparency: False
2023-07-09 17:53:50,720 - root - INFO - Resource 16 offset: 350231, length: 5410...
2023-07-09 17:53:50,720 - root - DEBUG - Reading resource 16...
2023-07-09 17:53:50,720 - root - INFO - The image is bmc.
2023-07-09 17:53:50,720 - root - INFO - Reading image header(readHeader16C)...
2023-07-09 17:53:50,720 - root - INFO - Image header was read:
2023-07-09 17:53:50,720 - root - INFO - Width: 62, Height: 29, RowLength: 186
2023-07-09 17:53:50,720 - root - INFO - _step: 3, unknown2: 0,
2023-07-09 17:53:50,721 - root - INFO - BPP: 24, Transparency: False
2023-07-09 17:53:50,732 - root - INFO - Resource 17 offset: 355641, length: 5410...
2023-07-09 17:53:50,732 - root - DEBUG - Reading resource 17...
2023-07-09 17:53:50,733 - root - INFO - The image is bmc.
2023-07-09 17:53:50,733 - root - INFO - Reading image header(readHeader16C)...
2023-07-09 17:53:50,733 - root - INFO - Image header was read:
2023-07-09 17:53:50,733 - root - INFO - Width: 62, Height: 29, RowLength: 186
2023-07-09 17:53:50,733 - root - INFO - _step: 3, unknown2: 0,
2023-07-09 17:53:50,733 - root - INFO - BPP: 24, Transparency: False
2023-07-09 17:53:50,745 - root - INFO - Resource 18 offset: 361051, length: 5410...
2023-07-09 17:53:50,745 - root - DEBUG - Reading resource 18...
2023-07-09 17:53:50,745 - root - INFO - The image is bmc.
2023-07-09 17:53:50,746 - root - INFO - Reading image header(readHeader16C)...
2023-07-09 17:53:50,746 - root - INFO - Image header was read:
2023-07-09 17:53:50,746 - root - INFO - Width: 62, Height: 29, RowLength: 186
2023-07-09 17:53:50,746 - root - INFO - _step: 3, unknown2: 0,
2023-07-09 17:53:50,746 - root - INFO - BPP: 24, Transparency: False
2023-07-09 17:53:50,758 - root - INFO - Resource 19 offset: 366461, length: 268...
2023-07-09 17:53:50,758 - root - DEBUG - Reading resource 19...
2023-07-09 17:53:50,759 - root - INFO - The image is bme.
2023-07-09 17:53:50,759 - root - INFO - Reading image header(readHeader16E)...
2023-07-09 17:53:50,759 - root - INFO - Image header was read:
2023-07-09 17:53:50,759 - root - INFO - Width: 58, Height: 58, RowLength: 116
2023-07-09 17:53:50,759 - root - INFO - datalength: 252, _step: 2
2023-07-09 17:53:50,759 - root - INFO - BPP: 16, Transparency: False
2023-07-09 17:53:50,761 - root - INFO - Resource 20 offset: 366729, length: 530...
2023-07-09 17:53:50,761 - root - DEBUG - Reading resource 20...
2023-07-09 17:53:50,761 - root - INFO - The image is bme.
2023-07-09 17:53:50,761 - root - INFO - Reading image header(readHeader16E)...
2023-07-09 17:53:50,761 - root - INFO - Image header was read:
2023-07-09 17:53:50,761 - root - INFO - Width: 58, Height: 58, RowLength: 116
2023-07-09 17:53:50,761 - root - INFO - datalength: 514, _step: 2
2023-07-09 17:53:50,761 - root - INFO - BPP: 16, Transparency: False
2023-07-09 17:53:50,763 - root - INFO - Resource 21 offset: 367259, length: 816...
2023-07-09 17:53:50,763 - root - DEBUG - Reading resource 21...
2023-07-09 17:53:50,764 - root - INFO - The image is bme.
2023-07-09 17:53:50,764 - root - INFO - Reading image header(readHeader16E)...
2023-07-09 17:53:50,764 - root - INFO - Image header was read:
2023-07-09 17:53:50,764 - root - INFO - Width: 58, Height: 58, RowLength: 116
2023-07-09 17:53:50,764 - root - INFO - datalength: 800, _step: 2
2023-07-09 17:53:50,764 - root - INFO - BPP: 16, Transparency: False
2023-07-09 17:53:50,767 - root - INFO - Resource 22 offset: 368075, length: 1092...
2023-07-09 17:53:50,767 - root - DEBUG - Reading resource 22...
2023-07-09 17:53:50,767 - root - INFO - The image is bme.
2023-07-09 17:53:50,767 - root - INFO - Reading image header(readHeader16E)...
2023-07-09 17:53:50,768 - root - INFO - Image header was read:
2023-07-09 17:53:50,768 - root - INFO - Width: 58, Height: 58, RowLength: 116
2023-07-09 17:53:50,768 - root - INFO - datalength: 1076, _step: 2
2023-07-09 17:53:50,768 - root - INFO - BPP: 16, Transparency: False
2023-07-09 17:53:50,771 - root - INFO - Resource 23 offset: 369167, length: 1304...
2023-07-09 17:53:50,771 - root - DEBUG - Reading resource 23...
2023-07-09 17:53:50,771 - root - INFO - The image is bme.
2023-07-09 17:53:50,771 - root - INFO - Reading image header(readHeader16E)...
2023-07-09 17:53:50,772 - root - INFO - Image header was read:
2023-07-09 17:53:50,772 - root - INFO - Width: 58, Height: 58, RowLength: 116
2023-07-09 17:53:50,772 - root - INFO - datalength: 1288, _step: 2
2023-07-09 17:53:50,772 - root - INFO - BPP: 16, Transparency: False
2023-07-09 17:53:50,777 - root - INFO - Resource 24 offset: 370471, length: 1524...
2023-07-09 17:53:50,777 - root - DEBUG - Reading resource 24...
2023-07-09 17:53:50,777 - root - INFO - The image is bme.
2023-07-09 17:53:50,778 - root - INFO - Reading image header(readHeader16E)...
2023-07-09 17:53:50,778 - root - INFO - Image header was read:
2023-07-09 17:53:50,778 - root - INFO - Width: 58, Height: 58, RowLength: 116
2023-07-09 17:53:50,778 - root - INFO - datalength: 1508, _step: 2
2023-07-09 17:53:50,778 - root - INFO - BPP: 16, Transparency: False
2023-07-09 17:53:50,790 - root - INFO - Resource 25 offset: 371995, length: 1782...
2023-07-09 17:53:50,790 - root - DEBUG - Reading resource 25...
2023-07-09 17:53:50,790 - root - INFO - The image is bme.
2023-07-09 17:53:50,790 - root - INFO - Reading image header(readHeader16E)...
2023-07-09 17:53:50,790 - root - INFO - Image header was read:
2023-07-09 17:53:50,790 - root - INFO - Width: 58, Height: 58, RowLength: 116
2023-07-09 17:53:50,791 - root - INFO - datalength: 1766, _step: 2
2023-07-09 17:53:50,791 - root - INFO - BPP: 16, Transparency: False
2023-07-09 17:53:50,799 - root - INFO - Resource 26 offset: 373777, length: 2068...
2023-07-09 17:53:50,799 - root - DEBUG - Reading resource 26...
2023-07-09 17:53:50,799 - root - INFO - The image is bme.
2023-07-09 17:53:50,799 - root - INFO - Reading image header(readHeader16E)...
2023-07-09 17:53:50,799 - root - INFO - Image header was read:
2023-07-09 17:53:50,799 - root - INFO - Width: 58, Height: 58, RowLength: 116
2023-07-09 17:53:50,799 - root - INFO - datalength: 2052, _step: 2
2023-07-09 17:53:50,800 - root - INFO - BPP: 16, Transparency: False
2023-07-09 17:53:50,807 - root - INFO - Resource 27 offset: 375845, length: 2334...
2023-07-09 17:53:50,810 - root - DEBUG - Reading resource 27...
2023-07-09 17:53:50,811 - root - INFO - The image is bme.
2023-07-09 17:53:50,811 - root - INFO - Reading image header(readHeader16E)...
2023-07-09 17:53:50,811 - root - INFO - Image header was read:
2023-07-09 17:53:50,811 - root - INFO - Width: 58, Height: 58, RowLength: 116
2023-07-09 17:53:50,812 - root - INFO - datalength: 2318, _step: 2
2023-07-09 17:53:50,812 - root - INFO - BPP: 16, Transparency: False
2023-07-09 17:53:50,820 - root - INFO - Resource 28 offset: 378179, length: 2520...
2023-07-09 17:53:50,821 - root - DEBUG - Reading resource 28...
2023-07-09 17:53:50,821 - root - INFO - The image is bme.
2023-07-09 17:53:50,821 - root - INFO - Reading image header(readHeader16E)...
2023-07-09 17:53:50,821 - root - INFO - Image header was read:
2023-07-09 17:53:50,821 - root - INFO - Width: 58, Height: 58, RowLength: 116
2023-07-09 17:53:50,821 - root - INFO - datalength: 2504, _step: 2
2023-07-09 17:53:50,821 - root - INFO - BPP: 16, Transparency: False
2023-07-09 17:53:50,832 - root - INFO - Resource 29 offset: 380699, length: 4291...
2023-07-09 17:53:50,832 - root - DEBUG - Reading resource 29...
2023-07-09 17:53:50,832 - root - INFO - The image is bmc.
2023-07-09 17:53:50,835 - root - INFO - Reading image header(readHeader16C)...
2023-07-09 17:53:50,835 - root - INFO - Image header was read:
2023-07-09 17:53:50,836 - root - INFO - Width: 15, Height: 95, RowLength: 45
2023-07-09 17:53:50,836 - root - INFO - _step: 3, unknown2: 0,
2023-07-09 17:53:50,836 - root - INFO - BPP: 24, Transparency: False
2023-07-09 17:53:50,846 - root - INFO - Resource 30 offset: 384990, length: 10915...
2023-07-09 17:53:50,846 - root - DEBUG - Reading resource 30...
2023-07-09 17:53:50,847 - root - INFO - The image is bmc.
2023-07-09 17:53:50,847 - root - INFO - Reading image header(readHeader16C)...
2023-07-09 17:53:50,847 - root - INFO - Image header was read:
2023-07-09 17:53:50,847 - root - INFO - Width: 21, Height: 173, RowLength: 63
2023-07-09 17:53:50,847 - root - INFO - _step: 3, unknown2: 0,
2023-07-09 17:53:50,847 - root - INFO - BPP: 24, Transparency: False
2023-07-09 17:53:50,875 - root - INFO - Resource 31 offset: 395905, length: 13501...
2023-07-09 17:53:50,875 - root - DEBUG - Reading resource 31...
2023-07-09 17:53:50,876 - root - INFO - The image is bmc.
2023-07-09 17:53:50,876 - root - INFO - Reading image header(readHeader16C)...
2023-07-09 17:53:50,876 - root - INFO - Image header was read:
2023-07-09 17:53:50,876 - root - INFO - Width: 29, Height: 155, RowLength: 87
2023-07-09 17:53:50,876 - root - INFO - _step: 3, unknown2: 0,
2023-07-09 17:53:50,876 - root - INFO - BPP: 24, Transparency: False
2023-07-09 17:53:50,906 - root - INFO - Resource 32 offset: 409406, length: 10108...
2023-07-09 17:53:50,906 - root - DEBUG - Reading resource 32...
2023-07-09 17:53:50,906 - root - INFO - The image is bmc.
2023-07-09 17:53:50,906 - root - INFO - Reading image header(readHeader16C)...
2023-07-09 17:53:50,907 - root - INFO - Image header was read:
2023-07-09 17:53:50,907 - root - INFO - Width: 58, Height: 58, RowLength: 174
2023-07-09 17:53:50,907 - root - INFO - _step: 3, unknown2: 0,
2023-07-09 17:53:50,907 - root - INFO - BPP: 24, Transparency: False
2023-07-09 17:53:50,929 - root - INFO - Resource 33 offset: 419514, length: 7516...
2023-07-09 17:53:50,929 - root - DEBUG - Reading resource 33...
2023-07-09 17:53:50,929 - root - INFO - The image is bmc.
2023-07-09 17:53:50,929 - root - INFO - Reading image header(readHeader16C)...
2023-07-09 17:53:50,930 - root - INFO - Image header was read:
2023-07-09 17:53:50,930 - root - INFO - Width: 50, Height: 50, RowLength: 150
2023-07-09 17:53:50,930 - root - INFO - _step: 3, unknown2: 0,
2023-07-09 17:53:50,930 - root - INFO - BPP: 24, Transparency: False
2023-07-09 17:53:50,947 - root - INFO - Resource 34 offset: 427030, length: 4291...
2023-07-09 17:53:50,948 - root - DEBUG - Reading resource 34...
2023-07-09 17:53:50,948 - root - INFO - The image is bmc.
2023-07-09 17:53:50,948 - root - INFO - Reading image header(readHeader16C)...
2023-07-09 17:53:50,948 - root - INFO - Image header was read:
2023-07-09 17:53:50,948 - root - INFO - Width: 15, Height: 95, RowLength: 45
2023-07-09 17:53:50,948 - root - INFO - _step: 3, unknown2: 0,
2023-07-09 17:53:50,948 - root - INFO - BPP: 24, Transparency: False
2023-07-09 17:53:50,958 - root - INFO - Resource 35 offset: 431321, length: 13501...
2023-07-09 17:53:50,958 - root - DEBUG - Reading resource 35...
2023-07-09 17:53:50,958 - root - INFO - The image is bmc.
2023-07-09 17:53:50,958 - root - INFO - Reading image header(readHeader16C)...
2023-07-09 17:53:50,958 - root - INFO - Image header was read:
2023-07-09 17:53:50,958 - root - INFO - Width: 29, Height: 155, RowLength: 87
2023-07-09 17:53:50,958 - root - INFO - _step: 3, unknown2: 0,
2023-07-09 17:53:50,959 - root - INFO - BPP: 24, Transparency: False
2023-07-09 17:53:50,989 - root - INFO - Resource 36 offset: 444822, length: 10108...
2023-07-09 17:53:50,990 - root - DEBUG - Reading resource 36...
2023-07-09 17:53:50,990 - root - INFO - The image is bmc.
2023-07-09 17:53:50,990 - root - INFO - Reading image header(readHeader16C)...
2023-07-09 17:53:50,990 - root - INFO - Image header was read:
2023-07-09 17:53:50,990 - root - INFO - Width: 58, Height: 58, RowLength: 174
2023-07-09 17:53:50,990 - root - INFO - _step: 3, unknown2: 0,
2023-07-09 17:53:50,990 - root - INFO - BPP: 24, Transparency: False
2023-07-09 17:53:51,013 - root - INFO - Resource 37 offset: 454930, length: 7516...
2023-07-09 17:53:51,013 - root - DEBUG - Reading resource 37...
2023-07-09 17:53:51,013 - root - INFO - The image is bmc.
2023-07-09 17:53:51,013 - root - INFO - Reading image header(readHeader16C)...
2023-07-09 17:53:51,013 - root - INFO - Image header was read:
2023-07-09 17:53:51,013 - root - INFO - Width: 50, Height: 50, RowLength: 150
2023-07-09 17:53:51,013 - root - INFO - _step: 3, unknown2: 0,
2023-07-09 17:53:51,014 - root - INFO - BPP: 24, Transparency: False
2023-07-09 17:53:51,031 - root - DEBUG - Parsing parameters...
2023-07-09 17:53:51,148 - root - DEBUG - 0 Value: None
2023-07-09 17:53:51,148 - root - DEBUG - 0.1 Value: 73
2023-07-09 17:53:51,148 - root - DEBUG - 2 Value: None
2023-07-09 17:53:51,148 - root - DEBUG - 2.1 Value: None
2023-07-09 17:53:51,149 - root - DEBUG - 2.1.1 Value: 0
2023-07-09 17:53:51,149 - root - DEBUG - 2.1.2 Value: 0
2023-07-09 17:53:51,149 - root - DEBUG - 2.1.3 Value: 1
2023-07-09 17:53:51,149 - root - DEBUG - 2.3 Value: None
2023-07-09 17:53:51,149 - root - DEBUG - 2.3.1 Value: 0
2023-07-09 17:53:51,149 - root - DEBUG - 2.3.2 Value: 0
2023-07-09 17:53:51,149 - root - DEBUG - 2.3.3 Value: 0
2023-07-09 17:53:51,149 - root - DEBUG - 2.4 Value: None
2023-07-09 17:53:51,150 - root - DEBUG - 2.4.1 Value: 0
2023-07-09 17:53:51,150 - root - DEBUG - 2.4.2 Value: 0
2023-07-09 17:53:51,150 - root - DEBUG - 2.4.3 Value: 0
2023-07-09 17:53:51,150 - root - DEBUG - 2.5 Value: None
2023-07-09 17:53:51,150 - root - DEBUG - 2.5.1 Value: 0
2023-07-09 17:53:51,150 - root - DEBUG - 2.5.2 Value: 0
2023-07-09 17:53:51,150 - root - DEBUG - 2.5.3 Value: 0
2023-07-09 17:53:51,150 - root - DEBUG - 5 Value: None
2023-07-09 17:53:51,151 - root - DEBUG - 5.1 Value: None
2023-07-09 17:53:51,151 - root - DEBUG - 5.1.9 Value: None
2023-07-09 17:53:51,151 - root - DEBUG - 5.1.9.3 Value: None
2023-07-09 17:53:51,151 - root - DEBUG - 5.1.9.3.1 Value: 104
2023-07-09 17:53:51,151 - root - DEBUG - 5.1.9.3.2 Value: 90
2023-07-09 17:53:51,151 - root - DEBUG - 5.1.9.3.3 Value: 140
2023-07-09 17:53:51,151 - root - DEBUG - 5.1.9.3.4 Value: 119
2023-07-09 17:53:51,151 - root - DEBUG - 5.1.9.3.5 Value: 18
2023-07-09 17:53:51,152 - root - DEBUG - 5.1.9.3.6 Value: 0
2023-07-09 17:53:51,152 - root - DEBUG - 5.1.9.3.7 Value: 0
2023-07-09 17:53:51,152 - root - DEBUG - 5.1.9.3.8 Value: 2
2023-07-09 17:53:51,152 - root - DEBUG - 5.1.9.3.9 Value: 10
2023-07-09 17:53:51,152 - root - DEBUG - 5.1.9.4 Value: 0
2023-07-09 17:53:51,152 - root - DEBUG - 5.1.9.5 Value: 0
2023-07-09 17:53:51,152 - root - DEBUG - 5.1.4 Value: 1
2023-07-09 17:53:51,152 - root - DEBUG - 5.1.5 Value: 1
2023-07-09 17:53:51,153 - root - DEBUG - 5.1.6 Value: 0
2023-07-09 17:53:51,153 - root - DEBUG - 5.4 Value: None
2023-07-09 17:53:51,153 - root - DEBUG - 5.4.1 Value: 140
2023-07-09 17:53:51,153 - root - DEBUG - 5.4.2 Value: 90
2023-07-09 17:53:51,153 - root - DEBUG - 5.4.3 Value: 12
2023-07-09 17:53:51,153 - root - DEBUG - 5.4.4 Value: 7
2023-07-09 17:53:51,153 - root - DEBUG - 9 Value: None
2023-07-09 17:53:51,153 - root - DEBUG - 9.2 Value: None
2023-07-09 17:53:51,154 - root - DEBUG - 9.2.1 Value: 124
2023-07-09 17:53:51,154 - root - DEBUG - 9.2.2 Value: 210
2023-07-09 17:53:51,154 - root - DEBUG - 9.2.3 Value: 19
2023-07-09 17:53:51,154 - root - DEBUG - 9.2.4 Value: 10
2023-07-09 17:53:51,154 - root - DEBUG - 20 Value: None
2023-07-09 17:53:51,154 - root - DEBUG - 20.2 Value: None
2023-07-09 17:53:51,154 - root - DEBUG - 20.2.1 Value: 153
2023-07-09 17:53:51,154 - root - DEBUG - 20.2.2 Value: 177
2023-07-09 17:53:51,155 - root - DEBUG - 20.3 Value: None
2023-07-09 17:53:51,155 - root - DEBUG - 20.3.1 Value: 29
2023-07-09 17:53:51,155 - root - DEBUG - 20.3.2 Value: 95
2023-07-09 17:53:51,155 - root - DEBUG - 20.3.4 Value: None
2023-07-09 17:53:51,155 - root - DEBUG - 20.3.4.1 Value: 124
2023-07-09 17:53:51,155 - root - DEBUG - 20.3.4.2 Value: 148
2023-07-09 17:53:51,155 - root - DEBUG - 20.3.4.3 Value: 32
2023-07-09 17:53:51,155 - root - DEBUG - 20.4 Value: None
2023-07-09 17:53:51,156 - root - DEBUG - 20.4.1 Value: 31
2023-07-09 17:53:51,156 - root - DEBUG - 20.4.2 Value: 145
2023-07-09 17:53:51,156 - root - DEBUG - 20.4.4 Value: None
2023-07-09 17:53:51,156 - root - DEBUG - 20.4.4.1 Value: 128
2023-07-09 17:53:51,156 - root - DEBUG - 20.4.4.2 Value: 152
2023-07-09 17:53:51,156 - root - DEBUG - 20.4.4.3 Value: 33
2023-07-09 17:53:51,156 - root - DEBUG - 20.5 Value: None
2023-07-09 17:53:51,156 - root - DEBUG - 20.5.1 Value: 30
2023-07-09 17:53:51,157 - root - DEBUG - 20.5.2 Value: 144
2023-07-09 17:53:51,157 - root - DEBUG - 29 Value: None
2023-07-09 17:53:51,157 - root - DEBUG - 29.1 Value: None
2023-07-09 17:53:51,157 - root - DEBUG - 29.1.3 Value: None
2023-07-09 17:53:51,157 - root - DEBUG - 29.1.3.1 Value: None
2023-07-09 17:53:51,157 - root - DEBUG - 29.1.3.1.1 Value: 153
2023-07-09 17:53:51,157 - root - DEBUG - 29.1.3.1.2 Value: 177
2023-07-09 17:53:51,157 - root - DEBUG - 29.1.3.2 Value: None
2023-07-09 17:53:51,158 - root - DEBUG - 29.1.3.2.1 Value: 34
2023-07-09 17:53:51,158 - root - DEBUG - 29.1.3.2.2 Value: 95
2023-07-09 17:53:51,158 - root - DEBUG - 29.1.3.2.4 Value: None
2023-07-09 17:53:51,158 - root - DEBUG - 29.1.3.2.4.1 Value: 124
2023-07-09 17:53:51,158 - root - DEBUG - 29.1.3.2.4.2 Value: 148
2023-07-09 17:53:51,158 - root - DEBUG - 29.1.3.2.4.3 Value: 36
2023-07-09 17:53:51,158 - root - DEBUG - 29.1.3.3 Value: None
2023-07-09 17:53:51,159 - root - DEBUG - 29.1.3.3.1 Value: 35
2023-07-09 17:53:51,159 - root - DEBUG - 29.1.3.3.2 Value: 145
2023-07-09 17:53:51,159 - root - DEBUG - 29.1.3.3.4 Value: None
2023-07-09 17:53:51,159 - root - DEBUG - 29.1.3.3.4.1 Value: 128
2023-07-09 17:53:51,160 - root - DEBUG - 29.1.3.3.4.2 Value: 152
2023-07-09 17:53:51,160 - root - DEBUG - 29.1.3.3.4.3 Value: 37
2023-07-09 17:53:51,160 - root - DEBUG - 0-Info
2023-07-09 17:53:51,160 - root - DEBUG - 0.1-DeviceId
2023-07-09 17:53:51,160 - root - DEBUG - 2-Background
2023-07-09 17:53:51,160 - root - DEBUG - 2.1-Image
2023-07-09 17:53:51,161 - root - DEBUG - 2.1.1-X
2023-07-09 17:53:51,161 - root - DEBUG - 2.1.2-Y
2023-07-09 17:53:51,161 - root - DEBUG - 2.1.3-ImageIndex
2023-07-09 17:53:51,161 - root - DEBUG - 2.3-Preview
2023-07-09 17:53:51,161 - root - DEBUG - 2.3.1-X
2023-07-09 17:53:51,161 - root - DEBUG - 2.3.2-Y
2023-07-09 17:53:51,162 - root - DEBUG - 2.3.3-ImageIndex
2023-07-09 17:53:51,162 - root - DEBUG - 2.4-PreviewTradChinese
2023-07-09 17:53:51,162 - root - DEBUG - 2.4.1-X
2023-07-09 17:53:51,162 - root - DEBUG - 2.4.2-Y
2023-07-09 17:53:51,162 - root - DEBUG - 2.4.3-ImageIndex
2023-07-09 17:53:51,163 - root - DEBUG - 2.5-PreviewChinese
2023-07-09 17:53:51,163 - root - DEBUG - 2.5.1-X
2023-07-09 17:53:51,163 - root - DEBUG - 2.5.2-Y
2023-07-09 17:53:51,163 - root - DEBUG - 2.5.3-ImageIndex
2023-07-09 17:53:51,163 - root - DEBUG - 5-DateBlock
2023-07-09 17:53:51,163 - root - DEBUG - 5.1-Date
2023-07-09 17:53:51,163 - root - DEBUG - 5.1.9-YearMonthAndDay
2023-07-09 17:53:51,164 - root - DEBUG - 5.1.9.3-Day
2023-07-09 17:53:51,164 - root - DEBUG - 5.1.9.3.1-TopLeftX
2023-07-09 17:53:51,164 - root - DEBUG - 5.1.9.3.2-TopLeftY
2023-07-09 17:53:51,164 - root - DEBUG - 5.1.9.3.3-BottomRightX
2023-07-09 17:53:51,164 - root - DEBUG - 5.1.9.3.4-BottomRightY
2023-07-09 17:53:51,165 - root - DEBUG - 5.1.9.3.5-Alignment
2023-07-09 17:53:51,165 - root - DEBUG - 5.1.9.3.6-Spacing
2023-07-09 17:53:51,165 - root - DEBUG - 5.1.9.3.7-VerticalOffset
2023-07-09 17:53:51,165 - root - DEBUG - 5.1.9.3.8-ImageIndex
2023-07-09 17:53:51,165 - root - DEBUG - 5.1.9.3.9-ImagesCount
2023-07-09 17:53:51,166 - root - DEBUG - 5.1.9.4-MonthFollowsYear
2023-07-09 17:53:51,166 - root - DEBUG - 5.1.9.5-DayFollowsMonth
2023-07-09 17:53:51,166 - root - DEBUG - 5.1.4-PaddingZeroMonth
2023-07-09 17:53:51,166 - root - DEBUG - 5.1.5-PaddingZeroDay
2023-07-09 17:53:51,166 - root - DEBUG - 5.1.6-UnknownBoolean6
2023-07-09 17:53:51,167 - root - DEBUG - 5.4-Weekday
2023-07-09 17:53:51,167 - root - DEBUG - 5.4.1-X
2023-07-09 17:53:51,167 - root - DEBUG - 5.4.2-Y
2023-07-09 17:53:51,167 - root - DEBUG - 5.4.3-ImageIndex
2023-07-09 17:53:51,167 - root - DEBUG - 5.4.4-ImagesCount
2023-07-09 17:53:51,167 - root - DEBUG - 9-Battery
2023-07-09 17:53:51,168 - root - DEBUG - 9.2-ImageProgress
2023-07-09 17:53:51,168 - root - DEBUG - 9.2.1-X
2023-07-09 17:53:51,168 - root - DEBUG - 9.2.2-Y
2023-07-09 17:53:51,168 - root - DEBUG - 9.2.3-ImageIndex
2023-07-09 17:53:51,168 - root - DEBUG - 9.2.4-ImagesCount
2023-07-09 17:53:51,168 - root - DEBUG - 20-TimeAnalog
2023-07-09 17:53:51,169 - root - DEBUG - 20.2-CommonCenterCoordinates
2023-07-09 17:53:51,169 - root - DEBUG - 20.2.1-X
2023-07-09 17:53:51,169 - root - DEBUG - 20.2.2-Y
2023-07-09 17:53:51,169 - root - DEBUG - 20.3-Hours
2023-07-09 17:53:51,169 - root - DEBUG - 20.3.1-ImageIndex
2023-07-09 17:53:51,169 - root - DEBUG - 20.3.2-PointerCenterOfRotationY
2023-07-09 17:53:51,170 - root - DEBUG - 20.3.4-CoverImage
2023-07-09 17:53:51,170 - root - DEBUG - 20.3.4.1-X
2023-07-09 17:53:51,170 - root - DEBUG - 20.3.4.2-Y
2023-07-09 17:53:51,170 - root - DEBUG - 20.3.4.3-ImageIndex
2023-07-09 17:53:51,170 - root - DEBUG - 20.4-Minutes
2023-07-09 17:53:51,170 - root - DEBUG - 20.4.1-ImageIndex
2023-07-09 17:53:51,171 - root - DEBUG - 20.4.2-PointerCenterOfRotationY
2023-07-09 17:53:51,171 - root - DEBUG - 20.4.4-CoverImage
2023-07-09 17:53:51,171 - root - DEBUG - 20.4.4.1-X
2023-07-09 17:53:51,171 - root - DEBUG - 20.4.4.2-Y
2023-07-09 17:53:51,171 - root - DEBUG - 20.4.4.3-ImageIndex
2023-07-09 17:53:51,171 - root - DEBUG - 20.5-Seconds
2023-07-09 17:53:51,172 - root - DEBUG - 20.5.1-ImageIndex
2023-07-09 17:53:51,172 - root - DEBUG - 20.5.2-PointerCenterOfRotationY
2023-07-09 17:53:51,172 - root - DEBUG - 29-AlwaysOnDisplay
2023-07-09 17:53:51,172 - root - DEBUG - 29.1-TimeExtended
2023-07-09 17:53:51,172 - root - DEBUG - 29.1.3-TimeAnalog
2023-07-09 17:53:51,172 - root - DEBUG - 29.1.3.1-CommonCenterCoordinates
2023-07-09 17:53:51,173 - root - DEBUG - 29.1.3.1.1-X
2023-07-09 17:53:51,173 - root - DEBUG - 29.1.3.1.2-Y
2023-07-09 17:53:51,173 - root - DEBUG - 29.1.3.2-Hours
2023-07-09 17:53:51,173 - root - DEBUG - 29.1.3.2.1-ImageIndex
2023-07-09 17:53:51,173 - root - DEBUG - 29.1.3.2.2-PointerCenterOfRotationY
2023-07-09 17:53:51,173 - root - DEBUG - 29.1.3.2.4-CoverImage
2023-07-09 17:53:51,174 - root - DEBUG - 29.1.3.2.4.1-X
2023-07-09 17:53:51,174 - root - DEBUG - 29.1.3.2.4.2-Y
2023-07-09 17:53:51,174 - root - DEBUG - 29.1.3.2.4.3-ImageIndex
2023-07-09 17:53:51,174 - root - DEBUG - 29.1.3.3-Minutes
2023-07-09 17:53:51,174 - root - DEBUG - 29.1.3.3.1-ImageIndex
2023-07-09 17:53:51,174 - root - DEBUG - 29.1.3.3.2-PointerCenterOfRotationY
2023-07-09 17:53:51,175 - root - DEBUG - 29.1.3.3.4-CoverImage
2023-07-09 17:53:51,176 - root - DEBUG - 29.1.3.3.4.1-X
2023-07-09 17:53:51,176 - root - DEBUG - 29.1.3.3.4.2-Y
2023-07-09 17:53:51,176 - root - DEBUG - 29.1.3.3.4.3-ImageIndex
2023-07-09 17:53:51,176 - root - DEBUG - generatePreviews
2023-07-09 17:53:51,176 - root - DEBUG - Generating previews...
2023-07-09 17:53:51,182 - root - DEBUG - Generating states done...
2023-07-09 17:53:51,194 - root - DEBUG - >>>>>>>>>>>> 0 <watchFaceParser.models.parameter.Parameter object at 0x000001D5C124D9D0>
2023-07-09 17:53:51,195 - root - DEBUG - >>>>>>>>>>>> 2 <watchFaceParser.models.parameter.Parameter object at 0x000001D5C1249160>
2023-07-09 17:53:51,204 - root - DEBUG - >>>>>>>>>>>> 5 <watchFaceParser.models.parameter.Parameter object at 0x000001D5C1249310>
2023-07-09 17:53:51,221 - root - DEBUG - >>>>>>>>>>>> 9 <watchFaceParser.models.parameter.Parameter object at 0x000001D5C124C7F0>
2023-07-09 17:53:51,222 - root - DEBUG - >>>>>>>>>>>> 20 <watchFaceParser.models.parameter.Parameter object at 0x000001D5C124CA60>
2023-07-09 17:53:51,234 - root - DEBUG - >>>>>>>>>>>> 29 <watchFaceParser.models.parameter.Parameter object at 0x000001D5C124CC10>
2023-07-09 17:53:51,300 - root - DEBUG - Generating static preview gen done...
2023-07-09 17:53:51,403 - root - DEBUG - Generating static preview save done...
2023-07-09 17:53:51,403 - root - DEBUG - Generating anim preview gen done...
2023-07-09 17:53:51,404 - root - DEBUG - >>>>>>>>>>>> 0 <watchFaceParser.models.parameter.Parameter object at 0x000001D5C124D9D0>
2023-07-09 17:53:51,404 - root - DEBUG - >>>>>>>>>>>> 2 <watchFaceParser.models.parameter.Parameter object at 0x000001D5C1249160>
2023-07-09 17:53:51,404 - root - DEBUG - >>>>>>>>>>>> 5 <watchFaceParser.models.parameter.Parameter object at 0x000001D5C1249310>
2023-07-09 17:53:51,404 - root - DEBUG - >>>>>>>>>>>> 9 <watchFaceParser.models.parameter.Parameter object at 0x000001D5C124C7F0>
2023-07-09 17:53:51,405 - root - DEBUG - >>>>>>>>>>>> 20 <watchFaceParser.models.parameter.Parameter object at 0x000001D5C124CA60>
2023-07-09 17:53:51,405 - root - DEBUG - >>>>>>>>>>>> 29 <watchFaceParser.models.parameter.Parameter object at 0x000001D5C124CC10>
2023-07-09 17:53:52,367 - root - DEBUG - generatePreviews done
2023-07-09 17:53:52,367 - root - DEBUG - Exporting resources to 'E:\Codez\zepp-gts2mini-wf\e9e221c32ccab7ca34fcb0ab2584e7bd'
2023-07-09 17:53:52,370 - root - DEBUG - extracting E:\Codez\zepp-gts2mini-wf\e9e221c32ccab7ca34fcb0ab2584e7bd\0000.png...
2023-07-09 17:53:52,386 - root - DEBUG - extracting E:\Codez\zepp-gts2mini-wf\e9e221c32ccab7ca34fcb0ab2584e7bd\0001.png...
2023-07-09 17:53:52,415 - root - DEBUG - extracting E:\Codez\zepp-gts2mini-wf\e9e221c32ccab7ca34fcb0ab2584e7bd\0002.png...
2023-07-09 17:53:52,417 - root - DEBUG - extracting E:\Codez\zepp-gts2mini-wf\e9e221c32ccab7ca34fcb0ab2584e7bd\0003.png...
2023-07-09 17:53:52,419 - root - DEBUG - extracting E:\Codez\zepp-gts2mini-wf\e9e221c32ccab7ca34fcb0ab2584e7bd\0004.png...
2023-07-09 17:53:52,421 - root - DEBUG - extracting E:\Codez\zepp-gts2mini-wf\e9e221c32ccab7ca34fcb0ab2584e7bd\0005.png...
2023-07-09 17:53:52,422 - root - DEBUG - extracting E:\Codez\zepp-gts2mini-wf\e9e221c32ccab7ca34fcb0ab2584e7bd\0006.png...
2023-07-09 17:53:52,424 - root - DEBUG - extracting E:\Codez\zepp-gts2mini-wf\e9e221c32ccab7ca34fcb0ab2584e7bd\0007.png...
2023-07-09 17:53:52,429 - root - DEBUG - extracting E:\Codez\zepp-gts2mini-wf\e9e221c32ccab7ca34fcb0ab2584e7bd\0008.png...
2023-07-09 17:53:52,430 - root - DEBUG - extracting E:\Codez\zepp-gts2mini-wf\e9e221c32ccab7ca34fcb0ab2584e7bd\0009.png...
2023-07-09 17:53:52,433 - root - DEBUG - extracting E:\Codez\zepp-gts2mini-wf\e9e221c32ccab7ca34fcb0ab2584e7bd\0010.png...
2023-07-09 17:53:52,435 - root - DEBUG - extracting E:\Codez\zepp-gts2mini-wf\e9e221c32ccab7ca34fcb0ab2584e7bd\0011.png...
2023-07-09 17:53:52,439 - root - DEBUG - extracting E:\Codez\zepp-gts2mini-wf\e9e221c32ccab7ca34fcb0ab2584e7bd\0012.png...
2023-07-09 17:53:52,442 - root - DEBUG - extracting E:\Codez\zepp-gts2mini-wf\e9e221c32ccab7ca34fcb0ab2584e7bd\0013.png...
2023-07-09 17:53:52,444 - root - DEBUG - extracting E:\Codez\zepp-gts2mini-wf\e9e221c32ccab7ca34fcb0ab2584e7bd\0014.png...
2023-07-09 17:53:52,446 - root - DEBUG - extracting E:\Codez\zepp-gts2mini-wf\e9e221c32ccab7ca34fcb0ab2584e7bd\0015.png...
2023-07-09 17:53:52,447 - root - DEBUG - extracting E:\Codez\zepp-gts2mini-wf\e9e221c32ccab7ca34fcb0ab2584e7bd\0016.png...
2023-07-09 17:53:52,449 - root - DEBUG - extracting E:\Codez\zepp-gts2mini-wf\e9e221c32ccab7ca34fcb0ab2584e7bd\0017.png...
2023-07-09 17:53:52,450 - root - DEBUG - extracting E:\Codez\zepp-gts2mini-wf\e9e221c32ccab7ca34fcb0ab2584e7bd\0018.png...
2023-07-09 17:53:52,452 - root - DEBUG - extracting E:\Codez\zepp-gts2mini-wf\e9e221c32ccab7ca34fcb0ab2584e7bd\0019.png...
2023-07-09 17:53:52,453 - root - DEBUG - extracting E:\Codez\zepp-gts2mini-wf\e9e221c32ccab7ca34fcb0ab2584e7bd\0020.png...
2023-07-09 17:53:52,454 - root - DEBUG - extracting E:\Codez\zepp-gts2mini-wf\e9e221c32ccab7ca34fcb0ab2584e7bd\0021.png...
2023-07-09 17:53:52,457 - root - DEBUG - extracting E:\Codez\zepp-gts2mini-wf\e9e221c32ccab7ca34fcb0ab2584e7bd\0022.png...
2023-07-09 17:53:52,459 - root - DEBUG - extracting E:\Codez\zepp-gts2mini-wf\e9e221c32ccab7ca34fcb0ab2584e7bd\0023.png...
2023-07-09 17:53:52,461 - root - DEBUG - extracting E:\Codez\zepp-gts2mini-wf\e9e221c32ccab7ca34fcb0ab2584e7bd\0024.png...
2023-07-09 17:53:52,463 - root - DEBUG - extracting E:\Codez\zepp-gts2mini-wf\e9e221c32ccab7ca34fcb0ab2584e7bd\0025.png...
2023-07-09 17:53:52,465 - root - DEBUG - extracting E:\Codez\zepp-gts2mini-wf\e9e221c32ccab7ca34fcb0ab2584e7bd\0026.png...
2023-07-09 17:53:52,467 - root - DEBUG - extracting E:\Codez\zepp-gts2mini-wf\e9e221c32ccab7ca34fcb0ab2584e7bd\0027.png...
2023-07-09 17:53:52,468 - root - DEBUG - extracting E:\Codez\zepp-gts2mini-wf\e9e221c32ccab7ca34fcb0ab2584e7bd\0028.png...
2023-07-09 17:53:52,470 - root - DEBUG - extracting E:\Codez\zepp-gts2mini-wf\e9e221c32ccab7ca34fcb0ab2584e7bd\0029.png...
2023-07-09 17:53:52,471 - root - DEBUG - extracting E:\Codez\zepp-gts2mini-wf\e9e221c32ccab7ca34fcb0ab2584e7bd\0030.png...
2023-07-09 17:53:52,473 - root - DEBUG - extracting E:\Codez\zepp-gts2mini-wf\e9e221c32ccab7ca34fcb0ab2584e7bd\0031.png...
2023-07-09 17:53:52,481 - root - DEBUG - extracting E:\Codez\zepp-gts2mini-wf\e9e221c32ccab7ca34fcb0ab2584e7bd\0032.png...
2023-07-09 17:53:52,483 - root - DEBUG - extracting E:\Codez\zepp-gts2mini-wf\e9e221c32ccab7ca34fcb0ab2584e7bd\0033.png...
2023-07-09 17:53:52,485 - root - DEBUG - extracting E:\Codez\zepp-gts2mini-wf\e9e221c32ccab7ca34fcb0ab2584e7bd\0034.png...
2023-07-09 17:53:52,486 - root - DEBUG - extracting E:\Codez\zepp-gts2mini-wf\e9e221c32ccab7ca34fcb0ab2584e7bd\0035.png...
2023-07-09 17:53:52,488 - root - DEBUG - extracting E:\Codez\zepp-gts2mini-wf\e9e221c32ccab7ca34fcb0ab2584e7bd\0036.png...
2023-07-09 17:53:52,489 - root - DEBUG - extracting E:\Codez\zepp-gts2mini-wf\e9e221c32ccab7ca34fcb0ab2584e7bd\0037.png...
2023-07-09 17:53:52,491 - root - DEBUG - Exporting config...
