2022-01-06 09:14:36,699 - root - DEBUG - Opening watch face 'E:\Codez\zepp-gts2mini-wf\c800f7f2299e9b472a94549905840b32.bin'
2022-01-06 09:14:36,714 - root - DEBUG - Reading parameters...
2022-01-06 09:14:36,714 - root - INFO - Reading header...
2022-01-06 09:14:36,714 - root - INFO - Header was read:
2022-01-06 09:14:36,720 - root - INFO - Signature: b'UIHH\x01\x00\xff', Unknown: 84, ParametersSize: 33, isValid: True, deviceId: 73
2022-01-06 09:14:36,720 - root - INFO - Reading parameter offsets...
2022-01-06 09:14:36,720 - root - INFO - Parameter offsets were read from file
2022-01-06 09:14:36,720 - root - INFO - Reading parameters descriptor...
2022-01-06 09:14:36,720 - root - INFO - 1 ( A): 5 bytes
2022-01-06 09:14:36,720 - root - INFO -     1 ( 8): 222 DE
2022-01-06 09:14:36,720 - root - INFO -     2 (10): 73 49
2022-01-06 09:14:36,720 - root - INFO - getParameters descriptor was read:
2022-01-06 09:14:36,720 - root - INFO - ParametersTableLength: 222, ImagesCount: 73
2022-01-06 09:14:36,720 - root - INFO - Reading parameters locations...
2022-01-06 09:14:36,720 - root - INFO - 2 (12): 4 bytes
2022-01-06 09:14:36,720 - root - INFO -     1 ( 8): 0  0
2022-01-06 09:14:36,721 - root - INFO -     2 (10): 32 20
2022-01-06 09:14:36,721 - root - INFO - 3 (1A): 4 bytes
2022-01-06 09:14:36,721 - root - INFO -     1 ( 8): 32 20
2022-01-06 09:14:36,721 - root - INFO -     2 (10): 53 35
2022-01-06 09:14:36,721 - root - INFO - 5 (2A): 4 bytes
2022-01-06 09:14:36,721 - root - INFO -     1 ( 8): 85 55
2022-01-06 09:14:36,721 - root - INFO -     2 (10): 84 54
2022-01-06 09:14:36,721 - root - INFO - 29 (EA): 5 bytes
2022-01-06 09:14:36,721 - root - INFO -     1 ( 8): 169 A9
2022-01-06 09:14:36,721 - root - INFO -     2 (10): 53 35
2022-01-06 09:14:36,721 - root - INFO - Watch face parameters locations were read:
2022-01-06 09:14:36,721 - root - INFO - Reading descriptor for parameter 2
2022-01-06 09:14:36,721 - root - INFO - Descriptor offset: 0, Descriptor length: 32
2022-01-06 09:14:36,721 - root - INFO - Parsing descriptor for parameter 2...
2022-01-06 09:14:36,721 - root - INFO - 1 ( A): 6 bytes
2022-01-06 09:14:36,721 - root - INFO -     1 ( 8): 0  0
2022-01-06 09:14:36,721 - root - INFO -     2 (10): 0  0
2022-01-06 09:14:36,721 - root - INFO -     3 (18): 3  3
2022-01-06 09:14:36,721 - root - INFO - 3 (1A): 6 bytes
2022-01-06 09:14:36,721 - root - INFO -     1 ( 8): 0  0
2022-01-06 09:14:36,721 - root - INFO -     2 (10): 0  0
2022-01-06 09:14:36,721 - root - INFO -     3 (18): 1  1
2022-01-06 09:14:36,721 - root - INFO - 4 (22): 6 bytes
2022-01-06 09:14:36,721 - root - INFO -     1 ( 8): 0  0
2022-01-06 09:14:36,721 - root - INFO -     2 (10): 0  0
2022-01-06 09:14:36,721 - root - INFO -     3 (18): 2  2
2022-01-06 09:14:36,721 - root - INFO - 5 (2A): 6 bytes
2022-01-06 09:14:36,721 - root - INFO -     1 ( 8): 0  0
2022-01-06 09:14:36,721 - root - INFO -     2 (10): 0  0
2022-01-06 09:14:36,721 - root - INFO -     3 (18): 0  0
2022-01-06 09:14:36,721 - root - INFO - Reading descriptor for parameter 3
2022-01-06 09:14:36,721 - root - INFO - Descriptor offset: 32, Descriptor length: 53
2022-01-06 09:14:36,721 - root - INFO - Parsing descriptor for parameter 3...
2022-01-06 09:14:36,721 - root - INFO - 1 ( A): 51 bytes
2022-01-06 09:14:36,721 - root - INFO -     1 ( A): 20 bytes
2022-01-06 09:14:36,721 - root - INFO -         1 ( A): 8 bytes
2022-01-06 09:14:36,721 - root - INFO -             1 ( 8): 22 16
2022-01-06 09:14:36,721 - root - INFO -             2 (10): 49 31
2022-01-06 09:14:36,721 - root - INFO -             3 (18): 4  4
2022-01-06 09:14:36,721 - root - INFO -             4 (20): 10  A
2022-01-06 09:14:36,721 - root - INFO -         2 (12): 8 bytes
2022-01-06 09:14:36,721 - root - INFO -             1 ( 8): 124 7C
2022-01-06 09:14:36,721 - root - INFO -             2 (10): 49 31
2022-01-06 09:14:36,721 - root - INFO -             3 (18): 4  4
2022-01-06 09:14:36,721 - root - INFO -             4 (20): 10  A
2022-01-06 09:14:36,721 - root - INFO -     2 (12): 23 bytes
2022-01-06 09:14:36,721 - root - INFO -         1 ( A): 9 bytes
2022-01-06 09:14:36,721 - root - INFO -             1 ( 8): 80 50
2022-01-06 09:14:36,721 - root - INFO -             2 (10): 185 B9
2022-01-06 09:14:36,721 - root - INFO -             3 (18): 4  4
2022-01-06 09:14:36,721 - root - INFO -             4 (20): 10  A
2022-01-06 09:14:36,721 - root - INFO -         2 (12): 10 bytes
2022-01-06 09:14:36,721 - root - INFO -             1 ( 8): 182 B6
2022-01-06 09:14:36,721 - root - INFO -             2 (10): 185 B9
2022-01-06 09:14:36,721 - root - INFO -             3 (18): 4  4
2022-01-06 09:14:36,721 - root - INFO -             4 (20): 10  A
2022-01-06 09:14:36,721 - root - INFO -     7 (38): 0  0
2022-01-06 09:14:36,721 - root - INFO -     8 (40): 1  1
2022-01-06 09:14:36,721 - root - INFO - Reading descriptor for parameter 5
2022-01-06 09:14:36,721 - root - INFO - Descriptor offset: 85, Descriptor length: 84
2022-01-06 09:14:36,721 - root - INFO - Parsing descriptor for parameter 5...
2022-01-06 09:14:36,721 - root - INFO - 1 ( A): 34 bytes
2022-01-06 09:14:36,721 - root - INFO -     9 (4A): 26 bytes
2022-01-06 09:14:36,721 - root - INFO -         4 (20): 0  0
2022-01-06 09:14:36,721 - root - INFO -         5 (28): 0  0
2022-01-06 09:14:36,721 - root - INFO -         6 (32): 9 bytes
2022-01-06 09:14:36,721 - root - INFO -             1 ( 8): 31 1F
2022-01-06 09:14:36,721 - root - INFO -             2 (10): 229 E5
2022-01-06 09:14:36,721 - root - INFO -             3 (18): 14  E
2022-01-06 09:14:36,721 - root - INFO -             4 (20): 12  C
2022-01-06 09:14:36,721 - root - INFO -         7 (3A): 9 bytes
2022-01-06 09:14:36,721 - root - INFO -             1 ( 8): 31 1F
2022-01-06 09:14:36,721 - root - INFO -             2 (10): 229 E5
2022-01-06 09:14:36,721 - root - INFO -             3 (18): 26 1A
2022-01-06 09:14:36,721 - root - INFO -             4 (20): 12  C
2022-01-06 09:14:36,721 - root - INFO -     4 (20): 1  1
2022-01-06 09:14:36,730 - root - INFO -     5 (28): 1  1
2022-01-06 09:14:36,730 - root - INFO -     6 (30): 0  0
2022-01-06 09:14:36,730 - root - INFO - 2 (12): 13 bytes
2022-01-06 09:14:36,730 - root - INFO -     1 ( 8): 252 FC
2022-01-06 09:14:36,730 - root - INFO -     2 (10): 84 54
2022-01-06 09:14:36,730 - root - INFO -     3 (18): 59 3B
2022-01-06 09:14:36,730 - root - INFO -     4 (20): 60 3C
2022-01-06 09:14:36,730 - root - INFO -     5 (28): 61 3D
2022-01-06 09:14:36,730 - root - INFO -     6 (30): 62 3E
2022-01-06 09:14:36,730 - root - INFO - 4 (22): 9 bytes
2022-01-06 09:14:36,730 - root - INFO -     1 ( 8): 252 FC
2022-01-06 09:14:36,730 - root - INFO -     2 (10): 24 18
2022-01-06 09:14:36,730 - root - INFO -     3 (18): 38 26
2022-01-06 09:14:36,730 - root - INFO -     4 (20): 7  7
2022-01-06 09:14:36,730 - root - INFO - 5 (2A): 9 bytes
2022-01-06 09:14:36,730 - root - INFO -     1 ( 8): 252 FC
2022-01-06 09:14:36,730 - root - INFO -     2 (10): 24 18
2022-01-06 09:14:36,730 - root - INFO -     3 (18): 52 34
2022-01-06 09:14:36,730 - root - INFO -     4 (20): 7  7
2022-01-06 09:14:36,730 - root - INFO - 6 (32): 9 bytes
2022-01-06 09:14:36,730 - root - INFO -     1 ( 8): 252 FC
2022-01-06 09:14:36,730 - root - INFO -     2 (10): 24 18
2022-01-06 09:14:36,730 - root - INFO -     3 (18): 45 2D
2022-01-06 09:14:36,730 - root - INFO -     4 (20): 7  7
2022-01-06 09:14:36,730 - root - INFO - Reading descriptor for parameter 29
2022-01-06 09:14:36,730 - root - INFO - Descriptor offset: 169, Descriptor length: 53
2022-01-06 09:14:36,730 - root - INFO - Parsing descriptor for parameter 29...
2022-01-06 09:14:36,730 - root - INFO - 1 ( A): 51 bytes
2022-01-06 09:14:36,730 - root - INFO -     1 ( A): 49 bytes
2022-01-06 09:14:36,730 - root - INFO -         1 ( A): 20 bytes
2022-01-06 09:14:36,730 - root - INFO -             1 ( A): 8 bytes
2022-01-06 09:14:36,730 - root - INFO -                 1 ( 8): 22 16
2022-01-06 09:14:36,730 - root - INFO -                 2 (10): 49 31
2022-01-06 09:14:36,730 - root - INFO -                 3 (18): 63 3F
2022-01-06 09:14:36,730 - root - INFO -                 4 (20): 10  A
2022-01-06 09:14:36,730 - root - INFO -             2 (12): 8 bytes
2022-01-06 09:14:36,730 - root - INFO -                 1 ( 8): 124 7C
2022-01-06 09:14:36,730 - root - INFO -                 2 (10): 49 31
2022-01-06 09:14:36,730 - root - INFO -                 3 (18): 63 3F
2022-01-06 09:14:36,730 - root - INFO -                 4 (20): 10  A
2022-01-06 09:14:36,730 - root - INFO -         2 (12): 23 bytes
2022-01-06 09:14:36,730 - root - INFO -             1 ( A): 9 bytes
2022-01-06 09:14:36,730 - root - INFO -                 1 ( 8): 80 50
2022-01-06 09:14:36,730 - root - INFO -                 2 (10): 185 B9
2022-01-06 09:14:36,730 - root - INFO -                 3 (18): 63 3F
2022-01-06 09:14:36,730 - root - INFO -                 4 (20): 10  A
2022-01-06 09:14:36,730 - root - INFO -             2 (12): 10 bytes
2022-01-06 09:14:36,730 - root - INFO -                 1 ( 8): 182 B6
2022-01-06 09:14:36,730 - root - INFO -                 2 (10): 185 B9
2022-01-06 09:14:36,730 - root - INFO -                 3 (18): 63 3F
2022-01-06 09:14:36,730 - root - INFO -                 4 (20): 10  A
2022-01-06 09:14:36,730 - root - INFO -         4 (20): 1  1
2022-01-06 09:14:36,730 - root - INFO - Reading resources offsets table with 73 elements (292 bytes)
2022-01-06 09:14:36,730 - root - INFO - Resource 0 offset: 634, length: 152476...
2022-01-06 09:14:36,730 - root - DEBUG - Reading resource 0...
2022-01-06 09:14:36,777 - root - INFO - The image is bmc.
2022-01-06 09:14:36,777 - root - INFO - Reading image header(readHeader16C)...
2022-01-06 09:14:36,777 - root - INFO - Image header was read:
2022-01-06 09:14:36,777 - root - INFO - Width: 210, Height: 242, RowLength: 630
2022-01-06 09:14:36,777 - root - INFO - _step: 3, unknown2: 0,
2022-01-06 09:14:36,777 - root - INFO - BPP: 24, Transparency: False
2022-01-06 09:14:36,980 - root - INFO - Resource 1 offset: 153110, length: 152476...
2022-01-06 09:14:36,980 - root - DEBUG - Reading resource 1...
2022-01-06 09:14:36,980 - root - INFO - The image is bmc.
2022-01-06 09:14:36,980 - root - INFO - Reading image header(readHeader16C)...
2022-01-06 09:14:36,980 - root - INFO - Image header was read:
2022-01-06 09:14:36,980 - root - INFO - Width: 210, Height: 242, RowLength: 630
2022-01-06 09:14:36,980 - root - INFO - _step: 3, unknown2: 0,
2022-01-06 09:14:36,980 - root - INFO - BPP: 24, Transparency: False
2022-01-06 09:14:37,183 - root - INFO - Resource 2 offset: 305586, length: 152476...
2022-01-06 09:14:37,183 - root - DEBUG - Reading resource 2...
2022-01-06 09:14:37,183 - root - INFO - The image is bmc.
2022-01-06 09:14:37,183 - root - INFO - Reading image header(readHeader16C)...
2022-01-06 09:14:37,183 - root - INFO - Image header was read:
2022-01-06 09:14:37,183 - root - INFO - Width: 210, Height: 242, RowLength: 630
2022-01-06 09:14:37,183 - root - INFO - _step: 3, unknown2: 0,
2022-01-06 09:14:37,183 - root - INFO - BPP: 24, Transparency: False
2022-01-06 09:14:37,396 - root - INFO - Resource 3 offset: 458062, length: 217986...
2022-01-06 09:14:37,396 - root - DEBUG - Reading resource 3...
2022-01-06 09:14:37,396 - root - INFO - The image is bmc.
2022-01-06 09:14:37,396 - root - INFO - Reading image header(readHeader16C)...
2022-01-06 09:14:37,396 - root - INFO - Image header was read:
2022-01-06 09:14:37,396 - root - INFO - Width: 307, Height: 355, RowLength: 614
2022-01-06 09:14:37,396 - root - INFO - _step: 2, unknown2: 0,
2022-01-06 09:14:37,396 - root - INFO - BPP: 16, Transparency: False
2022-01-06 09:14:37,834 - root - INFO - Resource 4 offset: 676048, length: 31696...
2022-01-06 09:14:37,834 - root - DEBUG - Reading resource 4...
2022-01-06 09:14:37,834 - root - INFO - The image is bmc.
2022-01-06 09:14:37,834 - root - INFO - Reading image header(readHeader16C)...
2022-01-06 09:14:37,834 - root - INFO - Image header was read:
2022-01-06 09:14:37,834 - root - INFO - Width: 88, Height: 120, RowLength: 264
2022-01-06 09:14:37,834 - root - INFO - _step: 3, unknown2: 0,
2022-01-06 09:14:37,834 - root - INFO - BPP: 24, Transparency: False
2022-01-06 09:14:37,881 - root - INFO - Resource 5 offset: 707744, length: 31696...
2022-01-06 09:14:37,881 - root - DEBUG - Reading resource 5...
2022-01-06 09:14:37,881 - root - INFO - The image is bmc.
2022-01-06 09:14:37,881 - root - INFO - Reading image header(readHeader16C)...
2022-01-06 09:14:37,881 - root - INFO - Image header was read:
2022-01-06 09:14:37,881 - root - INFO - Width: 88, Height: 120, RowLength: 264
2022-01-06 09:14:37,881 - root - INFO - _step: 3, unknown2: 0,
2022-01-06 09:14:37,881 - root - INFO - BPP: 24, Transparency: False
2022-01-06 09:14:37,912 - root - INFO - Resource 6 offset: 739440, length: 31696...
2022-01-06 09:14:37,912 - root - DEBUG - Reading resource 6...
2022-01-06 09:14:37,912 - root - INFO - The image is bmc.
2022-01-06 09:14:37,912 - root - INFO - Reading image header(readHeader16C)...
2022-01-06 09:14:37,912 - root - INFO - Image header was read:
2022-01-06 09:14:37,912 - root - INFO - Width: 88, Height: 120, RowLength: 264
2022-01-06 09:14:37,912 - root - INFO - _step: 3, unknown2: 0,
2022-01-06 09:14:37,912 - root - INFO - BPP: 24, Transparency: False
2022-01-06 09:14:37,959 - root - INFO - Resource 7 offset: 771136, length: 31696...
2022-01-06 09:14:37,959 - root - DEBUG - Reading resource 7...
2022-01-06 09:14:37,959 - root - INFO - The image is bmc.
2022-01-06 09:14:37,959 - root - INFO - Reading image header(readHeader16C)...
2022-01-06 09:14:37,959 - root - INFO - Image header was read:
2022-01-06 09:14:37,959 - root - INFO - Width: 88, Height: 120, RowLength: 264
2022-01-06 09:14:37,959 - root - INFO - _step: 3, unknown2: 0,
2022-01-06 09:14:37,959 - root - INFO - BPP: 24, Transparency: False
2022-01-06 09:14:38,006 - root - INFO - Resource 8 offset: 802832, length: 31696...
2022-01-06 09:14:38,006 - root - DEBUG - Reading resource 8...
2022-01-06 09:14:38,006 - root - INFO - The image is bmc.
2022-01-06 09:14:38,006 - root - INFO - Reading image header(readHeader16C)...
2022-01-06 09:14:38,006 - root - INFO - Image header was read:
2022-01-06 09:14:38,006 - root - INFO - Width: 88, Height: 120, RowLength: 264
2022-01-06 09:14:38,006 - root - INFO - _step: 3, unknown2: 0,
2022-01-06 09:14:38,006 - root - INFO - BPP: 24, Transparency: False
2022-01-06 09:14:38,037 - root - INFO - Resource 9 offset: 834528, length: 31696...
2022-01-06 09:14:38,037 - root - DEBUG - Reading resource 9...
2022-01-06 09:14:38,037 - root - INFO - The image is bmc.
2022-01-06 09:14:38,037 - root - INFO - Reading image header(readHeader16C)...
2022-01-06 09:14:38,037 - root - INFO - Image header was read:
2022-01-06 09:14:38,037 - root - INFO - Width: 88, Height: 120, RowLength: 264
2022-01-06 09:14:38,037 - root - INFO - _step: 3, unknown2: 0,
2022-01-06 09:14:38,037 - root - INFO - BPP: 24, Transparency: False
2022-01-06 09:14:38,084 - root - INFO - Resource 10 offset: 866224, length: 31696...
2022-01-06 09:14:38,084 - root - DEBUG - Reading resource 10...
2022-01-06 09:14:38,084 - root - INFO - The image is bmc.
2022-01-06 09:14:38,084 - root - INFO - Reading image header(readHeader16C)...
2022-01-06 09:14:38,084 - root - INFO - Image header was read:
2022-01-06 09:14:38,084 - root - INFO - Width: 88, Height: 120, RowLength: 264
2022-01-06 09:14:38,084 - root - INFO - _step: 3, unknown2: 0,
2022-01-06 09:14:38,084 - root - INFO - BPP: 24, Transparency: False
2022-01-06 09:14:38,131 - root - INFO - Resource 11 offset: 897920, length: 31696...
2022-01-06 09:14:38,131 - root - DEBUG - Reading resource 11...
2022-01-06 09:14:38,131 - root - INFO - The image is bmc.
2022-01-06 09:14:38,131 - root - INFO - Reading image header(readHeader16C)...
2022-01-06 09:14:38,131 - root - INFO - Image header was read:
2022-01-06 09:14:38,131 - root - INFO - Width: 88, Height: 120, RowLength: 264
2022-01-06 09:14:38,131 - root - INFO - _step: 3, unknown2: 0,
2022-01-06 09:14:38,131 - root - INFO - BPP: 24, Transparency: False
2022-01-06 09:14:38,162 - root - INFO - Resource 12 offset: 929616, length: 31696...
2022-01-06 09:14:38,162 - root - DEBUG - Reading resource 12...
2022-01-06 09:14:38,162 - root - INFO - The image is bmc.
2022-01-06 09:14:38,162 - root - INFO - Reading image header(readHeader16C)...
2022-01-06 09:14:38,162 - root - INFO - Image header was read:
2022-01-06 09:14:38,162 - root - INFO - Width: 88, Height: 120, RowLength: 264
2022-01-06 09:14:38,162 - root - INFO - _step: 3, unknown2: 0,
2022-01-06 09:14:38,162 - root - INFO - BPP: 24, Transparency: False
2022-01-06 09:14:38,209 - root - INFO - Resource 13 offset: 961312, length: 31696...
2022-01-06 09:14:38,209 - root - DEBUG - Reading resource 13...
2022-01-06 09:14:38,209 - root - INFO - The image is bmc.
2022-01-06 09:14:38,209 - root - INFO - Reading image header(readHeader16C)...
2022-01-06 09:14:38,209 - root - INFO - Image header was read:
2022-01-06 09:14:38,209 - root - INFO - Width: 88, Height: 120, RowLength: 264
2022-01-06 09:14:38,209 - root - INFO - _step: 3, unknown2: 0,
2022-01-06 09:14:38,209 - root - INFO - BPP: 24, Transparency: False
2022-01-06 09:14:38,256 - root - INFO - Resource 14 offset: 993008, length: 7576...
2022-01-06 09:14:38,261 - root - DEBUG - Reading resource 14...
2022-01-06 09:14:38,261 - root - INFO - The image is bmc.
2022-01-06 09:14:38,261 - root - INFO - Reading image header(readHeader16C)...
2022-01-06 09:14:38,261 - root - INFO - Image header was read:
2022-01-06 09:14:38,261 - root - INFO - Width: 24, Height: 105, RowLength: 72
2022-01-06 09:14:38,261 - root - INFO - _step: 3, unknown2: 0,
2022-01-06 09:14:38,261 - root - INFO - BPP: 24, Transparency: False
2022-01-06 09:14:38,272 - root - INFO - Resource 15 offset: 1000584, length: 7576...
2022-01-06 09:14:38,272 - root - DEBUG - Reading resource 15...
2022-01-06 09:14:38,272 - root - INFO - The image is bmc.
2022-01-06 09:14:38,272 - root - INFO - Reading image header(readHeader16C)...
2022-01-06 09:14:38,272 - root - INFO - Image header was read:
2022-01-06 09:14:38,272 - root - INFO - Width: 24, Height: 105, RowLength: 72
2022-01-06 09:14:38,272 - root - INFO - _step: 3, unknown2: 0,
2022-01-06 09:14:38,273 - root - INFO - BPP: 24, Transparency: False
2022-01-06 09:14:38,282 - root - INFO - Resource 16 offset: 1008160, length: 7576...
2022-01-06 09:14:38,283 - root - DEBUG - Reading resource 16...
2022-01-06 09:14:38,283 - root - INFO - The image is bmc.
2022-01-06 09:14:38,283 - root - INFO - Reading image header(readHeader16C)...
2022-01-06 09:14:38,283 - root - INFO - Image header was read:
2022-01-06 09:14:38,283 - root - INFO - Width: 24, Height: 105, RowLength: 72
2022-01-06 09:14:38,283 - root - INFO - _step: 3, unknown2: 0,
2022-01-06 09:14:38,283 - root - INFO - BPP: 24, Transparency: False
2022-01-06 09:14:38,293 - root - INFO - Resource 17 offset: 1015736, length: 7576...
2022-01-06 09:14:38,293 - root - DEBUG - Reading resource 17...
2022-01-06 09:14:38,294 - root - INFO - The image is bmc.
2022-01-06 09:14:38,294 - root - INFO - Reading image header(readHeader16C)...
2022-01-06 09:14:38,294 - root - INFO - Image header was read:
2022-01-06 09:14:38,294 - root - INFO - Width: 24, Height: 105, RowLength: 72
2022-01-06 09:14:38,294 - root - INFO - _step: 3, unknown2: 0,
2022-01-06 09:14:38,294 - root - INFO - BPP: 24, Transparency: False
2022-01-06 09:14:38,305 - root - INFO - Resource 18 offset: 1023312, length: 7576...
2022-01-06 09:14:38,306 - root - DEBUG - Reading resource 18...
2022-01-06 09:14:38,306 - root - INFO - The image is bmc.
2022-01-06 09:14:38,306 - root - INFO - Reading image header(readHeader16C)...
2022-01-06 09:14:38,306 - root - INFO - Image header was read:
2022-01-06 09:14:38,306 - root - INFO - Width: 24, Height: 105, RowLength: 72
2022-01-06 09:14:38,306 - root - INFO - _step: 3, unknown2: 0,
2022-01-06 09:14:38,306 - root - INFO - BPP: 24, Transparency: False
2022-01-06 09:14:38,316 - root - INFO - Resource 19 offset: 1030888, length: 7576...
2022-01-06 09:14:38,316 - root - DEBUG - Reading resource 19...
2022-01-06 09:14:38,316 - root - INFO - The image is bmc.
2022-01-06 09:14:38,316 - root - INFO - Reading image header(readHeader16C)...
2022-01-06 09:14:38,317 - root - INFO - Image header was read:
2022-01-06 09:14:38,317 - root - INFO - Width: 24, Height: 105, RowLength: 72
2022-01-06 09:14:38,317 - root - INFO - _step: 3, unknown2: 0,
2022-01-06 09:14:38,317 - root - INFO - BPP: 24, Transparency: False
2022-01-06 09:14:38,327 - root - INFO - Resource 20 offset: 1038464, length: 7576...
2022-01-06 09:14:38,327 - root - DEBUG - Reading resource 20...
2022-01-06 09:14:38,327 - root - INFO - The image is bmc.
2022-01-06 09:14:38,328 - root - INFO - Reading image header(readHeader16C)...
2022-01-06 09:14:38,328 - root - INFO - Image header was read:
2022-01-06 09:14:38,328 - root - INFO - Width: 24, Height: 105, RowLength: 72
2022-01-06 09:14:38,328 - root - INFO - _step: 3, unknown2: 0,
2022-01-06 09:14:38,328 - root - INFO - BPP: 24, Transparency: False
2022-01-06 09:14:38,338 - root - INFO - Resource 21 offset: 1046040, length: 7576...
2022-01-06 09:14:38,338 - root - DEBUG - Reading resource 21...
2022-01-06 09:14:38,339 - root - INFO - The image is bmc.
2022-01-06 09:14:38,339 - root - INFO - Reading image header(readHeader16C)...
2022-01-06 09:14:38,339 - root - INFO - Image header was read:
2022-01-06 09:14:38,339 - root - INFO - Width: 24, Height: 105, RowLength: 72
2022-01-06 09:14:38,339 - root - INFO - _step: 3, unknown2: 0,
2022-01-06 09:14:38,339 - root - INFO - BPP: 24, Transparency: False
2022-01-06 09:14:38,349 - root - INFO - Resource 22 offset: 1053616, length: 7576...
2022-01-06 09:14:38,349 - root - DEBUG - Reading resource 22...
2022-01-06 09:14:38,349 - root - INFO - The image is bmc.
2022-01-06 09:14:38,349 - root - INFO - Reading image header(readHeader16C)...
2022-01-06 09:14:38,349 - root - INFO - Image header was read:
2022-01-06 09:14:38,349 - root - INFO - Width: 24, Height: 105, RowLength: 72
2022-01-06 09:14:38,349 - root - INFO - _step: 3, unknown2: 0,
2022-01-06 09:14:38,349 - root - INFO - BPP: 24, Transparency: False
2022-01-06 09:14:38,359 - root - INFO - Resource 23 offset: 1061192, length: 7576...
2022-01-06 09:14:38,359 - root - DEBUG - Reading resource 23...
2022-01-06 09:14:38,359 - root - INFO - The image is bmc.
2022-01-06 09:14:38,359 - root - INFO - Reading image header(readHeader16C)...
2022-01-06 09:14:38,359 - root - INFO - Image header was read:
2022-01-06 09:14:38,359 - root - INFO - Width: 24, Height: 105, RowLength: 72
2022-01-06 09:14:38,360 - root - INFO - _step: 3, unknown2: 0,
2022-01-06 09:14:38,360 - root - INFO - BPP: 24, Transparency: False
2022-01-06 09:14:38,369 - root - INFO - Resource 24 offset: 1068768, length: 7576...
2022-01-06 09:14:38,370 - root - DEBUG - Reading resource 24...
2022-01-06 09:14:38,370 - root - INFO - The image is bmc.
2022-01-06 09:14:38,370 - root - INFO - Reading image header(readHeader16C)...
2022-01-06 09:14:38,370 - root - INFO - Image header was read:
2022-01-06 09:14:38,370 - root - INFO - Width: 24, Height: 105, RowLength: 72
2022-01-06 09:14:38,370 - root - INFO - _step: 3, unknown2: 0,
2022-01-06 09:14:38,370 - root - INFO - BPP: 24, Transparency: False
2022-01-06 09:14:38,380 - root - INFO - Resource 25 offset: 1076344, length: 7576...
2022-01-06 09:14:38,380 - root - DEBUG - Reading resource 25...
2022-01-06 09:14:38,380 - root - INFO - The image is bmc.
2022-01-06 09:14:38,380 - root - INFO - Reading image header(readHeader16C)...
2022-01-06 09:14:38,380 - root - INFO - Image header was read:
2022-01-06 09:14:38,380 - root - INFO - Width: 24, Height: 105, RowLength: 72
2022-01-06 09:14:38,380 - root - INFO - _step: 3, unknown2: 0,
2022-01-06 09:14:38,380 - root - INFO - BPP: 24, Transparency: False
2022-01-06 09:14:38,390 - root - INFO - Resource 26 offset: 1083920, length: 7576...
2022-01-06 09:14:38,391 - root - DEBUG - Reading resource 26...
2022-01-06 09:14:38,391 - root - INFO - The image is bmc.
2022-01-06 09:14:38,391 - root - INFO - Reading image header(readHeader16C)...
2022-01-06 09:14:38,391 - root - INFO - Image header was read:
2022-01-06 09:14:38,391 - root - INFO - Width: 24, Height: 105, RowLength: 72
2022-01-06 09:14:38,391 - root - INFO - _step: 3, unknown2: 0,
2022-01-06 09:14:38,391 - root - INFO - BPP: 24, Transparency: False
2022-01-06 09:14:38,401 - root - INFO - Resource 27 offset: 1091496, length: 7576...
2022-01-06 09:14:38,401 - root - DEBUG - Reading resource 27...
2022-01-06 09:14:38,401 - root - INFO - The image is bmc.
2022-01-06 09:14:38,401 - root - INFO - Reading image header(readHeader16C)...
2022-01-06 09:14:38,401 - root - INFO - Image header was read:
2022-01-06 09:14:38,401 - root - INFO - Width: 24, Height: 105, RowLength: 72
2022-01-06 09:14:38,401 - root - INFO - _step: 3, unknown2: 0,
2022-01-06 09:14:38,401 - root - INFO - BPP: 24, Transparency: False
2022-01-06 09:14:38,411 - root - INFO - Resource 28 offset: 1099072, length: 7576...
2022-01-06 09:14:38,411 - root - DEBUG - Reading resource 28...
2022-01-06 09:14:38,411 - root - INFO - The image is bmc.
2022-01-06 09:14:38,411 - root - INFO - Reading image header(readHeader16C)...
2022-01-06 09:14:38,411 - root - INFO - Image header was read:
2022-01-06 09:14:38,411 - root - INFO - Width: 24, Height: 105, RowLength: 72
2022-01-06 09:14:38,411 - root - INFO - _step: 3, unknown2: 0,
2022-01-06 09:14:38,411 - root - INFO - BPP: 24, Transparency: False
2022-01-06 09:14:38,421 - root - INFO - Resource 29 offset: 1106648, length: 7576...
2022-01-06 09:14:38,421 - root - DEBUG - Reading resource 29...
2022-01-06 09:14:38,421 - root - INFO - The image is bmc.
2022-01-06 09:14:38,421 - root - INFO - Reading image header(readHeader16C)...
2022-01-06 09:14:38,421 - root - INFO - Image header was read:
2022-01-06 09:14:38,421 - root - INFO - Width: 24, Height: 105, RowLength: 72
2022-01-06 09:14:38,422 - root - INFO - _step: 3, unknown2: 0,
2022-01-06 09:14:38,422 - root - INFO - BPP: 24, Transparency: False
2022-01-06 09:14:38,431 - root - INFO - Resource 30 offset: 1114224, length: 7576...
2022-01-06 09:14:38,431 - root - DEBUG - Reading resource 30...
2022-01-06 09:14:38,431 - root - INFO - The image is bmc.
2022-01-06 09:14:38,431 - root - INFO - Reading image header(readHeader16C)...
2022-01-06 09:14:38,432 - root - INFO - Image header was read:
2022-01-06 09:14:38,432 - root - INFO - Width: 24, Height: 105, RowLength: 72
2022-01-06 09:14:38,432 - root - INFO - _step: 3, unknown2: 0,
2022-01-06 09:14:38,432 - root - INFO - BPP: 24, Transparency: False
2022-01-06 09:14:38,441 - root - INFO - Resource 31 offset: 1121800, length: 7576...
2022-01-06 09:14:38,441 - root - DEBUG - Reading resource 31...
2022-01-06 09:14:38,442 - root - INFO - The image is bmc.
2022-01-06 09:14:38,442 - root - INFO - Reading image header(readHeader16C)...
2022-01-06 09:14:38,442 - root - INFO - Image header was read:
2022-01-06 09:14:38,442 - root - INFO - Width: 24, Height: 105, RowLength: 72
2022-01-06 09:14:38,442 - root - INFO - _step: 3, unknown2: 0,
2022-01-06 09:14:38,442 - root - INFO - BPP: 24, Transparency: False
2022-01-06 09:14:38,451 - root - INFO - Resource 32 offset: 1129376, length: 7576...
2022-01-06 09:14:38,452 - root - DEBUG - Reading resource 32...
2022-01-06 09:14:38,452 - root - INFO - The image is bmc.
2022-01-06 09:14:38,452 - root - INFO - Reading image header(readHeader16C)...
2022-01-06 09:14:38,452 - root - INFO - Image header was read:
2022-01-06 09:14:38,452 - root - INFO - Width: 24, Height: 105, RowLength: 72
2022-01-06 09:14:38,452 - root - INFO - _step: 3, unknown2: 0,
2022-01-06 09:14:38,452 - root - INFO - BPP: 24, Transparency: False
2022-01-06 09:14:38,455 - root - INFO - Resource 33 offset: 1136952, length: 7576...
2022-01-06 09:14:38,455 - root - DEBUG - Reading resource 33...
2022-01-06 09:14:38,455 - root - INFO - The image is bmc.
2022-01-06 09:14:38,455 - root - INFO - Reading image header(readHeader16C)...
2022-01-06 09:14:38,455 - root - INFO - Image header was read:
2022-01-06 09:14:38,455 - root - INFO - Width: 24, Height: 105, RowLength: 72
2022-01-06 09:14:38,455 - root - INFO - _step: 3, unknown2: 0,
2022-01-06 09:14:38,455 - root - INFO - BPP: 24, Transparency: False
2022-01-06 09:14:38,470 - root - INFO - Resource 34 offset: 1144528, length: 7576...
2022-01-06 09:14:38,470 - root - DEBUG - Reading resource 34...
2022-01-06 09:14:38,470 - root - INFO - The image is bmc.
2022-01-06 09:14:38,470 - root - INFO - Reading image header(readHeader16C)...
2022-01-06 09:14:38,470 - root - INFO - Image header was read:
2022-01-06 09:14:38,470 - root - INFO - Width: 24, Height: 105, RowLength: 72
2022-01-06 09:14:38,470 - root - INFO - _step: 3, unknown2: 0,
2022-01-06 09:14:38,470 - root - INFO - BPP: 24, Transparency: False
2022-01-06 09:14:38,470 - root - INFO - Resource 35 offset: 1152104, length: 7576...
2022-01-06 09:14:38,470 - root - DEBUG - Reading resource 35...
2022-01-06 09:14:38,470 - root - INFO - The image is bmc.
2022-01-06 09:14:38,470 - root - INFO - Reading image header(readHeader16C)...
2022-01-06 09:14:38,470 - root - INFO - Image header was read:
2022-01-06 09:14:38,470 - root - INFO - Width: 24, Height: 105, RowLength: 72
2022-01-06 09:14:38,470 - root - INFO - _step: 3, unknown2: 0,
2022-01-06 09:14:38,470 - root - INFO - BPP: 24, Transparency: False
2022-01-06 09:14:38,486 - root - INFO - Resource 36 offset: 1159680, length: 7576...
2022-01-06 09:14:38,486 - root - DEBUG - Reading resource 36...
2022-01-06 09:14:38,486 - root - INFO - The image is bmc.
2022-01-06 09:14:38,486 - root - INFO - Reading image header(readHeader16C)...
2022-01-06 09:14:38,486 - root - INFO - Image header was read:
2022-01-06 09:14:38,486 - root - INFO - Width: 24, Height: 105, RowLength: 72
2022-01-06 09:14:38,486 - root - INFO - _step: 3, unknown2: 0,
2022-01-06 09:14:38,486 - root - INFO - BPP: 24, Transparency: False
2022-01-06 09:14:38,502 - root - INFO - Resource 37 offset: 1167256, length: 7576...
2022-01-06 09:14:38,502 - root - DEBUG - Reading resource 37...
2022-01-06 09:14:38,502 - root - INFO - The image is bmc.
2022-01-06 09:14:38,502 - root - INFO - Reading image header(readHeader16C)...
2022-01-06 09:14:38,502 - root - INFO - Image header was read:
2022-01-06 09:14:38,502 - root - INFO - Width: 24, Height: 105, RowLength: 72
2022-01-06 09:14:38,502 - root - INFO - _step: 3, unknown2: 0,
2022-01-06 09:14:38,502 - root - INFO - BPP: 24, Transparency: False
2022-01-06 09:14:38,502 - root - INFO - Resource 38 offset: 1174832, length: 3904...
2022-01-06 09:14:38,502 - root - DEBUG - Reading resource 38...
2022-01-06 09:14:38,502 - root - INFO - The image is bmc.
2022-01-06 09:14:38,502 - root - INFO - Reading image header(readHeader16C)...
2022-01-06 09:14:38,502 - root - INFO - Image header was read:
2022-01-06 09:14:38,502 - root - INFO - Width: 24, Height: 54, RowLength: 72
2022-01-06 09:14:38,502 - root - INFO - _step: 3, unknown2: 0,
2022-01-06 09:14:38,502 - root - INFO - BPP: 24, Transparency: False
2022-01-06 09:14:38,517 - root - INFO - Resource 39 offset: 1178736, length: 3904...
2022-01-06 09:14:38,517 - root - DEBUG - Reading resource 39...
2022-01-06 09:14:38,517 - root - INFO - The image is bmc.
2022-01-06 09:14:38,517 - root - INFO - Reading image header(readHeader16C)...
2022-01-06 09:14:38,517 - root - INFO - Image header was read:
2022-01-06 09:14:38,517 - root - INFO - Width: 24, Height: 54, RowLength: 72
2022-01-06 09:14:38,517 - root - INFO - _step: 3, unknown2: 0,
2022-01-06 09:14:38,517 - root - INFO - BPP: 24, Transparency: False
2022-01-06 09:14:38,517 - root - INFO - Resource 40 offset: 1182640, length: 3904...
2022-01-06 09:14:38,517 - root - DEBUG - Reading resource 40...
2022-01-06 09:14:38,517 - root - INFO - The image is bmc.
2022-01-06 09:14:38,517 - root - INFO - Reading image header(readHeader16C)...
2022-01-06 09:14:38,517 - root - INFO - Image header was read:
2022-01-06 09:14:38,517 - root - INFO - Width: 24, Height: 54, RowLength: 72
2022-01-06 09:14:38,517 - root - INFO - _step: 3, unknown2: 0,
2022-01-06 09:14:38,517 - root - INFO - BPP: 24, Transparency: False
2022-01-06 09:14:38,517 - root - INFO - Resource 41 offset: 1186544, length: 3904...
2022-01-06 09:14:38,517 - root - DEBUG - Reading resource 41...
2022-01-06 09:14:38,517 - root - INFO - The image is bmc.
2022-01-06 09:14:38,517 - root - INFO - Reading image header(readHeader16C)...
2022-01-06 09:14:38,517 - root - INFO - Image header was read:
2022-01-06 09:14:38,517 - root - INFO - Width: 24, Height: 54, RowLength: 72
2022-01-06 09:14:38,517 - root - INFO - _step: 3, unknown2: 0,
2022-01-06 09:14:38,517 - root - INFO - BPP: 24, Transparency: False
2022-01-06 09:14:38,533 - root - INFO - Resource 42 offset: 1190448, length: 3904...
2022-01-06 09:14:38,533 - root - DEBUG - Reading resource 42...
2022-01-06 09:14:38,533 - root - INFO - The image is bmc.
2022-01-06 09:14:38,533 - root - INFO - Reading image header(readHeader16C)...
2022-01-06 09:14:38,533 - root - INFO - Image header was read:
2022-01-06 09:14:38,533 - root - INFO - Width: 24, Height: 54, RowLength: 72
2022-01-06 09:14:38,533 - root - INFO - _step: 3, unknown2: 0,
2022-01-06 09:14:38,533 - root - INFO - BPP: 24, Transparency: False
2022-01-06 09:14:38,533 - root - INFO - Resource 43 offset: 1194352, length: 3904...
2022-01-06 09:14:38,533 - root - DEBUG - Reading resource 43...
2022-01-06 09:14:38,533 - root - INFO - The image is bmc.
2022-01-06 09:14:38,533 - root - INFO - Reading image header(readHeader16C)...
2022-01-06 09:14:38,533 - root - INFO - Image header was read:
2022-01-06 09:14:38,533 - root - INFO - Width: 24, Height: 54, RowLength: 72
2022-01-06 09:14:38,533 - root - INFO - _step: 3, unknown2: 0,
2022-01-06 09:14:38,533 - root - INFO - BPP: 24, Transparency: False
2022-01-06 09:14:38,533 - root - INFO - Resource 44 offset: 1198256, length: 3904...
2022-01-06 09:14:38,533 - root - DEBUG - Reading resource 44...
2022-01-06 09:14:38,549 - root - INFO - The image is bmc.
2022-01-06 09:14:38,549 - root - INFO - Reading image header(readHeader16C)...
2022-01-06 09:14:38,549 - root - INFO - Image header was read:
2022-01-06 09:14:38,549 - root - INFO - Width: 24, Height: 54, RowLength: 72
2022-01-06 09:14:38,549 - root - INFO - _step: 3, unknown2: 0,
2022-01-06 09:14:38,549 - root - INFO - BPP: 24, Transparency: False
2022-01-06 09:14:38,549 - root - INFO - Resource 45 offset: 1202160, length: 3904...
2022-01-06 09:14:38,549 - root - DEBUG - Reading resource 45...
2022-01-06 09:14:38,549 - root - INFO - The image is bmc.
2022-01-06 09:14:38,549 - root - INFO - Reading image header(readHeader16C)...
2022-01-06 09:14:38,549 - root - INFO - Image header was read:
2022-01-06 09:14:38,549 - root - INFO - Width: 24, Height: 54, RowLength: 72
2022-01-06 09:14:38,549 - root - INFO - _step: 3, unknown2: 0,
2022-01-06 09:14:38,549 - root - INFO - BPP: 24, Transparency: False
2022-01-06 09:14:38,549 - root - INFO - Resource 46 offset: 1206064, length: 3904...
2022-01-06 09:14:38,549 - root - DEBUG - Reading resource 46...
2022-01-06 09:14:38,549 - root - INFO - The image is bmc.
2022-01-06 09:14:38,549 - root - INFO - Reading image header(readHeader16C)...
2022-01-06 09:14:38,549 - root - INFO - Image header was read:
2022-01-06 09:14:38,549 - root - INFO - Width: 24, Height: 54, RowLength: 72
2022-01-06 09:14:38,549 - root - INFO - _step: 3, unknown2: 0,
2022-01-06 09:14:38,549 - root - INFO - BPP: 24, Transparency: False
2022-01-06 09:14:38,564 - root - INFO - Resource 47 offset: 1209968, length: 3904...
2022-01-06 09:14:38,564 - root - DEBUG - Reading resource 47...
2022-01-06 09:14:38,564 - root - INFO - The image is bmc.
2022-01-06 09:14:38,564 - root - INFO - Reading image header(readHeader16C)...
2022-01-06 09:14:38,564 - root - INFO - Image header was read:
2022-01-06 09:14:38,564 - root - INFO - Width: 24, Height: 54, RowLength: 72
2022-01-06 09:14:38,564 - root - INFO - _step: 3, unknown2: 0,
2022-01-06 09:14:38,564 - root - INFO - BPP: 24, Transparency: False
2022-01-06 09:14:38,564 - root - INFO - Resource 48 offset: 1213872, length: 3904...
2022-01-06 09:14:38,564 - root - DEBUG - Reading resource 48...
2022-01-06 09:14:38,564 - root - INFO - The image is bmc.
2022-01-06 09:14:38,564 - root - INFO - Reading image header(readHeader16C)...
2022-01-06 09:14:38,564 - root - INFO - Image header was read:
2022-01-06 09:14:38,564 - root - INFO - Width: 24, Height: 54, RowLength: 72
2022-01-06 09:14:38,564 - root - INFO - _step: 3, unknown2: 0,
2022-01-06 09:14:38,564 - root - INFO - BPP: 24, Transparency: False
2022-01-06 09:14:38,564 - root - INFO - Resource 49 offset: 1217776, length: 3904...
2022-01-06 09:14:38,564 - root - DEBUG - Reading resource 49...
2022-01-06 09:14:38,564 - root - INFO - The image is bmc.
2022-01-06 09:14:38,564 - root - INFO - Reading image header(readHeader16C)...
2022-01-06 09:14:38,564 - root - INFO - Image header was read:
2022-01-06 09:14:38,564 - root - INFO - Width: 24, Height: 54, RowLength: 72
2022-01-06 09:14:38,564 - root - INFO - _step: 3, unknown2: 0,
2022-01-06 09:14:38,564 - root - INFO - BPP: 24, Transparency: False
2022-01-06 09:14:38,580 - root - INFO - Resource 50 offset: 1221680, length: 3904...
2022-01-06 09:14:38,580 - root - DEBUG - Reading resource 50...
2022-01-06 09:14:38,580 - root - INFO - The image is bmc.
2022-01-06 09:14:38,580 - root - INFO - Reading image header(readHeader16C)...
2022-01-06 09:14:38,580 - root - INFO - Image header was read:
2022-01-06 09:14:38,580 - root - INFO - Width: 24, Height: 54, RowLength: 72
2022-01-06 09:14:38,580 - root - INFO - _step: 3, unknown2: 0,
2022-01-06 09:14:38,580 - root - INFO - BPP: 24, Transparency: False
2022-01-06 09:14:38,580 - root - INFO - Resource 51 offset: 1225584, length: 3904...
2022-01-06 09:14:38,580 - root - DEBUG - Reading resource 51...
2022-01-06 09:14:38,580 - root - INFO - The image is bmc.
2022-01-06 09:14:38,580 - root - INFO - Reading image header(readHeader16C)...
2022-01-06 09:14:38,580 - root - INFO - Image header was read:
2022-01-06 09:14:38,580 - root - INFO - Width: 24, Height: 54, RowLength: 72
2022-01-06 09:14:38,580 - root - INFO - _step: 3, unknown2: 0,
2022-01-06 09:14:38,580 - root - INFO - BPP: 24, Transparency: False
2022-01-06 09:14:38,580 - root - INFO - Resource 52 offset: 1229488, length: 3904...
2022-01-06 09:14:38,580 - root - DEBUG - Reading resource 52...
2022-01-06 09:14:38,580 - root - INFO - The image is bmc.
2022-01-06 09:14:38,580 - root - INFO - Reading image header(readHeader16C)...
2022-01-06 09:14:38,580 - root - INFO - Image header was read:
2022-01-06 09:14:38,580 - root - INFO - Width: 24, Height: 54, RowLength: 72
2022-01-06 09:14:38,580 - root - INFO - _step: 3, unknown2: 0,
2022-01-06 09:14:38,580 - root - INFO - BPP: 24, Transparency: False
2022-01-06 09:14:38,595 - root - INFO - Resource 53 offset: 1233392, length: 3904...
2022-01-06 09:14:38,595 - root - DEBUG - Reading resource 53...
2022-01-06 09:14:38,595 - root - INFO - The image is bmc.
2022-01-06 09:14:38,595 - root - INFO - Reading image header(readHeader16C)...
2022-01-06 09:14:38,595 - root - INFO - Image header was read:
2022-01-06 09:14:38,595 - root - INFO - Width: 24, Height: 54, RowLength: 72
2022-01-06 09:14:38,595 - root - INFO - _step: 3, unknown2: 0,
2022-01-06 09:14:38,595 - root - INFO - BPP: 24, Transparency: False
2022-01-06 09:14:38,595 - root - INFO - Resource 54 offset: 1237296, length: 3904...
2022-01-06 09:14:38,595 - root - DEBUG - Reading resource 54...
2022-01-06 09:14:38,595 - root - INFO - The image is bmc.
2022-01-06 09:14:38,595 - root - INFO - Reading image header(readHeader16C)...
2022-01-06 09:14:38,595 - root - INFO - Image header was read:
2022-01-06 09:14:38,595 - root - INFO - Width: 24, Height: 54, RowLength: 72
2022-01-06 09:14:38,595 - root - INFO - _step: 3, unknown2: 0,
2022-01-06 09:14:38,595 - root - INFO - BPP: 24, Transparency: False
2022-01-06 09:14:38,611 - root - INFO - Resource 55 offset: 1241200, length: 3904...
2022-01-06 09:14:38,611 - root - DEBUG - Reading resource 55...
2022-01-06 09:14:38,611 - root - INFO - The image is bmc.
2022-01-06 09:14:38,611 - root - INFO - Reading image header(readHeader16C)...
2022-01-06 09:14:38,611 - root - INFO - Image header was read:
2022-01-06 09:14:38,611 - root - INFO - Width: 24, Height: 54, RowLength: 72
2022-01-06 09:14:38,611 - root - INFO - _step: 3, unknown2: 0,
2022-01-06 09:14:38,611 - root - INFO - BPP: 24, Transparency: False
2022-01-06 09:14:38,611 - root - INFO - Resource 56 offset: 1245104, length: 3904...
2022-01-06 09:14:38,611 - root - DEBUG - Reading resource 56...
2022-01-06 09:14:38,611 - root - INFO - The image is bmc.
2022-01-06 09:14:38,611 - root - INFO - Reading image header(readHeader16C)...
2022-01-06 09:14:38,611 - root - INFO - Image header was read:
2022-01-06 09:14:38,611 - root - INFO - Width: 24, Height: 54, RowLength: 72
2022-01-06 09:14:38,611 - root - INFO - _step: 3, unknown2: 0,
2022-01-06 09:14:38,611 - root - INFO - BPP: 24, Transparency: False
2022-01-06 09:14:38,611 - root - INFO - Resource 57 offset: 1249008, length: 3904...
2022-01-06 09:14:38,611 - root - DEBUG - Reading resource 57...
2022-01-06 09:14:38,611 - root - INFO - The image is bmc.
2022-01-06 09:14:38,611 - root - INFO - Reading image header(readHeader16C)...
2022-01-06 09:14:38,611 - root - INFO - Image header was read:
2022-01-06 09:14:38,611 - root - INFO - Width: 24, Height: 54, RowLength: 72
2022-01-06 09:14:38,611 - root - INFO - _step: 3, unknown2: 0,
2022-01-06 09:14:38,611 - root - INFO - BPP: 24, Transparency: False
2022-01-06 09:14:38,627 - root - INFO - Resource 58 offset: 1252912, length: 3904...
2022-01-06 09:14:38,627 - root - DEBUG - Reading resource 58...
2022-01-06 09:14:38,627 - root - INFO - The image is bmc.
2022-01-06 09:14:38,627 - root - INFO - Reading image header(readHeader16C)...
2022-01-06 09:14:38,627 - root - INFO - Image header was read:
2022-01-06 09:14:38,627 - root - INFO - Width: 24, Height: 54, RowLength: 72
2022-01-06 09:14:38,627 - root - INFO - _step: 3, unknown2: 0,
2022-01-06 09:14:38,627 - root - INFO - BPP: 24, Transparency: False
2022-01-06 09:14:38,627 - root - INFO - Resource 59 offset: 1256816, length: 3544...
2022-01-06 09:14:38,627 - root - DEBUG - Reading resource 59...
2022-01-06 09:14:38,627 - root - INFO - The image is bmc.
2022-01-06 09:14:38,627 - root - INFO - Reading image header(readHeader16C)...
2022-01-06 09:14:38,627 - root - INFO - Image header was read:
2022-01-06 09:14:38,627 - root - INFO - Width: 24, Height: 49, RowLength: 72
2022-01-06 09:14:38,627 - root - INFO - _step: 3, unknown2: 0,
2022-01-06 09:14:38,627 - root - INFO - BPP: 24, Transparency: False
2022-01-06 09:14:38,627 - root - INFO - Resource 60 offset: 1260360, length: 3544...
2022-01-06 09:14:38,627 - root - DEBUG - Reading resource 60...
2022-01-06 09:14:38,627 - root - INFO - The image is bmc.
2022-01-06 09:14:38,627 - root - INFO - Reading image header(readHeader16C)...
2022-01-06 09:14:38,627 - root - INFO - Image header was read:
2022-01-06 09:14:38,627 - root - INFO - Width: 24, Height: 49, RowLength: 72
2022-01-06 09:14:38,627 - root - INFO - _step: 3, unknown2: 0,
2022-01-06 09:14:38,627 - root - INFO - BPP: 24, Transparency: False
2022-01-06 09:14:38,642 - root - INFO - Resource 61 offset: 1263904, length: 3544...
2022-01-06 09:14:38,642 - root - DEBUG - Reading resource 61...
2022-01-06 09:14:38,642 - root - INFO - The image is bmc.
2022-01-06 09:14:38,642 - root - INFO - Reading image header(readHeader16C)...
2022-01-06 09:14:38,642 - root - INFO - Image header was read:
2022-01-06 09:14:38,642 - root - INFO - Width: 24, Height: 49, RowLength: 72
2022-01-06 09:14:38,642 - root - INFO - _step: 3, unknown2: 0,
2022-01-06 09:14:38,642 - root - INFO - BPP: 24, Transparency: False
2022-01-06 09:14:38,642 - root - INFO - Resource 62 offset: 1267448, length: 3544...
2022-01-06 09:14:38,642 - root - DEBUG - Reading resource 62...
2022-01-06 09:14:38,642 - root - INFO - The image is bmc.
2022-01-06 09:14:38,642 - root - INFO - Reading image header(readHeader16C)...
2022-01-06 09:14:38,642 - root - INFO - Image header was read:
2022-01-06 09:14:38,642 - root - INFO - Width: 24, Height: 49, RowLength: 72
2022-01-06 09:14:38,642 - root - INFO - _step: 3, unknown2: 0,
2022-01-06 09:14:38,642 - root - INFO - BPP: 24, Transparency: False
2022-01-06 09:14:38,642 - root - INFO - Resource 63 offset: 1270992, length: 6372...
2022-01-06 09:14:38,642 - root - DEBUG - Reading resource 63...
2022-01-06 09:14:38,642 - root - INFO - The image is bme.
2022-01-06 09:14:38,642 - root - INFO - Reading image header(readHeader16E)...
2022-01-06 09:14:38,642 - root - INFO - Image header was read:
2022-01-06 09:14:38,642 - root - INFO - Width: 88, Height: 120, RowLength: 176
2022-01-06 09:14:38,642 - root - INFO - datalength: 6356, _step: 2
2022-01-06 09:14:38,642 - root - INFO - BPP: 16, Transparency: False
2022-01-06 09:14:38,658 - root - INFO - Resource 64 offset: 1277364, length: 3434...
2022-01-06 09:14:38,658 - root - DEBUG - Reading resource 64...
2022-01-06 09:14:38,658 - root - INFO - The image is bme.
2022-01-06 09:14:38,658 - root - INFO - Reading image header(readHeader16E)...
2022-01-06 09:14:38,658 - root - INFO - Image header was read:
2022-01-06 09:14:38,658 - root - INFO - Width: 88, Height: 120, RowLength: 176
2022-01-06 09:14:38,658 - root - INFO - datalength: 3418, _step: 2
2022-01-06 09:14:38,658 - root - INFO - BPP: 16, Transparency: False
2022-01-06 09:14:38,658 - root - INFO - Resource 65 offset: 1280798, length: 5578...
2022-01-06 09:14:38,658 - root - DEBUG - Reading resource 65...
2022-01-06 09:14:38,658 - root - INFO - The image is bme.
2022-01-06 09:14:38,658 - root - INFO - Reading image header(readHeader16E)...
2022-01-06 09:14:38,658 - root - INFO - Image header was read:
2022-01-06 09:14:38,658 - root - INFO - Width: 88, Height: 120, RowLength: 176
2022-01-06 09:14:38,658 - root - INFO - datalength: 5562, _step: 2
2022-01-06 09:14:38,658 - root - INFO - BPP: 16, Transparency: False
2022-01-06 09:14:38,673 - root - INFO - Resource 66 offset: 1286376, length: 5946...
2022-01-06 09:14:38,673 - root - DEBUG - Reading resource 66...
2022-01-06 09:14:38,673 - root - INFO - The image is bme.
2022-01-06 09:14:38,673 - root - INFO - Reading image header(readHeader16E)...
2022-01-06 09:14:38,673 - root - INFO - Image header was read:
2022-01-06 09:14:38,673 - root - INFO - Width: 88, Height: 120, RowLength: 176
2022-01-06 09:14:38,673 - root - INFO - datalength: 5930, _step: 2
2022-01-06 09:14:38,673 - root - INFO - BPP: 16, Transparency: False
2022-01-06 09:14:38,689 - root - INFO - Resource 67 offset: 1292322, length: 5636...
2022-01-06 09:14:38,689 - root - DEBUG - Reading resource 67...
2022-01-06 09:14:38,689 - root - INFO - The image is bme.
2022-01-06 09:14:38,689 - root - INFO - Reading image header(readHeader16E)...
2022-01-06 09:14:38,689 - root - INFO - Image header was read:
2022-01-06 09:14:38,689 - root - INFO - Width: 88, Height: 120, RowLength: 176
2022-01-06 09:14:38,689 - root - INFO - datalength: 5620, _step: 2
2022-01-06 09:14:38,689 - root - INFO - BPP: 16, Transparency: False
2022-01-06 09:14:38,689 - root - INFO - Resource 68 offset: 1297958, length: 5542...
2022-01-06 09:14:38,689 - root - DEBUG - Reading resource 68...
2022-01-06 09:14:38,689 - root - INFO - The image is bme.
2022-01-06 09:14:38,689 - root - INFO - Reading image header(readHeader16E)...
2022-01-06 09:14:38,689 - root - INFO - Image header was read:
2022-01-06 09:14:38,689 - root - INFO - Width: 88, Height: 120, RowLength: 176
2022-01-06 09:14:38,689 - root - INFO - datalength: 5526, _step: 2
2022-01-06 09:14:38,689 - root - INFO - BPP: 16, Transparency: False
2022-01-06 09:14:38,705 - root - INFO - Resource 69 offset: 1303500, length: 5706...
2022-01-06 09:14:38,705 - root - DEBUG - Reading resource 69...
2022-01-06 09:14:38,705 - root - INFO - The image is bme.
2022-01-06 09:14:38,705 - root - INFO - Reading image header(readHeader16E)...
2022-01-06 09:14:38,705 - root - INFO - Image header was read:
2022-01-06 09:14:38,705 - root - INFO - Width: 88, Height: 120, RowLength: 176
2022-01-06 09:14:38,705 - root - INFO - datalength: 5690, _step: 2
2022-01-06 09:14:38,705 - root - INFO - BPP: 16, Transparency: False
2022-01-06 09:14:38,705 - root - INFO - Resource 70 offset: 1309206, length: 4364...
2022-01-06 09:14:38,705 - root - DEBUG - Reading resource 70...
2022-01-06 09:14:38,705 - root - INFO - The image is bme.
2022-01-06 09:14:38,705 - root - INFO - Reading image header(readHeader16E)...
2022-01-06 09:14:38,705 - root - INFO - Image header was read:
2022-01-06 09:14:38,705 - root - INFO - Width: 88, Height: 120, RowLength: 176
2022-01-06 09:14:38,705 - root - INFO - datalength: 4348, _step: 2
2022-01-06 09:14:38,705 - root - INFO - BPP: 16, Transparency: False
2022-01-06 09:14:38,720 - root - INFO - Resource 71 offset: 1313570, length: 6540...
2022-01-06 09:14:38,720 - root - DEBUG - Reading resource 71...
2022-01-06 09:14:38,720 - root - INFO - The image is bme.
2022-01-06 09:14:38,720 - root - INFO - Reading image header(readHeader16E)...
2022-01-06 09:14:38,720 - root - INFO - Image header was read:
2022-01-06 09:14:38,720 - root - INFO - Width: 88, Height: 120, RowLength: 176
2022-01-06 09:14:38,720 - root - INFO - datalength: 6524, _step: 2
2022-01-06 09:14:38,720 - root - INFO - BPP: 16, Transparency: False
2022-01-06 09:14:38,736 - root - INFO - Resource 72 offset: 1320110, length: 5658...
2022-01-06 09:14:38,736 - root - DEBUG - Reading resource 72...
2022-01-06 09:14:38,736 - root - INFO - The image is bme.
2022-01-06 09:14:38,736 - root - INFO - Reading image header(readHeader16E)...
2022-01-06 09:14:38,736 - root - INFO - Image header was read:
2022-01-06 09:14:38,736 - root - INFO - Width: 88, Height: 120, RowLength: 176
2022-01-06 09:14:38,736 - root - INFO - datalength: 5642, _step: 2
2022-01-06 09:14:38,736 - root - INFO - BPP: 16, Transparency: False
2022-01-06 09:14:38,736 - root - DEBUG - Parsing parameters...
2022-01-06 09:14:38,799 - root - DEBUG - 0 Value: None
2022-01-06 09:14:38,799 - root - DEBUG - 0.1 Value: 73
2022-01-06 09:14:38,799 - root - DEBUG - 2 Value: None
2022-01-06 09:14:38,799 - root - DEBUG - 2.1 Value: None
2022-01-06 09:14:38,799 - root - DEBUG - 2.1.1 Value: 0
2022-01-06 09:14:38,799 - root - DEBUG - 2.1.2 Value: 0
2022-01-06 09:14:38,799 - root - DEBUG - 2.1.3 Value: 3
2022-01-06 09:14:38,799 - root - DEBUG - 2.3 Value: None
2022-01-06 09:14:38,799 - root - DEBUG - 2.3.1 Value: 0
2022-01-06 09:14:38,799 - root - DEBUG - 2.3.2 Value: 0
2022-01-06 09:14:38,799 - root - DEBUG - 2.3.3 Value: 1
2022-01-06 09:14:38,799 - root - DEBUG - 2.4 Value: None
2022-01-06 09:14:38,799 - root - DEBUG - 2.4.1 Value: 0
2022-01-06 09:14:38,799 - root - DEBUG - 2.4.2 Value: 0
2022-01-06 09:14:38,799 - root - DEBUG - 2.4.3 Value: 2
2022-01-06 09:14:38,799 - root - DEBUG - 2.5 Value: None
2022-01-06 09:14:38,799 - root - DEBUG - 2.5.1 Value: 0
2022-01-06 09:14:38,799 - root - DEBUG - 2.5.2 Value: 0
2022-01-06 09:14:38,799 - root - DEBUG - 2.5.3 Value: 0
2022-01-06 09:14:38,799 - root - DEBUG - 3 Value: None
2022-01-06 09:14:38,799 - root - DEBUG - 3.1 Value: None
2022-01-06 09:14:38,799 - root - DEBUG - 3.1.1 Value: None
2022-01-06 09:14:38,799 - root - DEBUG - 3.1.1.1 Value: None
2022-01-06 09:14:38,799 - root - DEBUG - 3.1.1.1.1 Value: 22
2022-01-06 09:14:38,799 - root - DEBUG - 3.1.1.1.2 Value: 49
2022-01-06 09:14:38,799 - root - DEBUG - 3.1.1.1.3 Value: 4
2022-01-06 09:14:38,799 - root - DEBUG - 3.1.1.1.4 Value: 10
2022-01-06 09:14:38,799 - root - DEBUG - 3.1.1.2 Value: None
2022-01-06 09:14:38,799 - root - DEBUG - 3.1.1.2.1 Value: 124
2022-01-06 09:14:38,799 - root - DEBUG - 3.1.1.2.2 Value: 49
2022-01-06 09:14:38,799 - root - DEBUG - 3.1.1.2.3 Value: 4
2022-01-06 09:14:38,799 - root - DEBUG - 3.1.1.2.4 Value: 10
2022-01-06 09:14:38,799 - root - DEBUG - 3.1.2 Value: None
2022-01-06 09:14:38,799 - root - DEBUG - 3.1.2.1 Value: None
2022-01-06 09:14:38,799 - root - DEBUG - 3.1.2.1.1 Value: 80
2022-01-06 09:14:38,799 - root - DEBUG - 3.1.2.1.2 Value: 185
2022-01-06 09:14:38,799 - root - DEBUG - 3.1.2.1.3 Value: 4
2022-01-06 09:14:38,799 - root - DEBUG - 3.1.2.1.4 Value: 10
2022-01-06 09:14:38,799 - root - DEBUG - 3.1.2.2 Value: None
2022-01-06 09:14:38,799 - root - DEBUG - 3.1.2.2.1 Value: 182
2022-01-06 09:14:38,799 - root - DEBUG - 3.1.2.2.2 Value: 185
2022-01-06 09:14:38,799 - root - DEBUG - 3.1.2.2.3 Value: 4
2022-01-06 09:14:38,799 - root - DEBUG - 3.1.2.2.4 Value: 10
2022-01-06 09:14:38,799 - root - DEBUG - 3.1.7 Value: 0
2022-01-06 09:14:38,799 - root - DEBUG - 3.1.8 Value: 1
2022-01-06 09:14:38,799 - root - DEBUG - 5 Value: None
2022-01-06 09:14:38,799 - root - DEBUG - 5.1 Value: None
2022-01-06 09:14:38,799 - root - DEBUG - 5.1.9 Value: None
2022-01-06 09:14:38,799 - root - DEBUG - 5.1.9.4 Value: 0
2022-01-06 09:14:38,799 - root - DEBUG - 5.1.9.5 Value: 0
2022-01-06 09:14:38,799 - root - DEBUG - 5.1.9.6 Value: None
2022-01-06 09:14:38,799 - root - DEBUG - 5.1.9.6.1 Value: 31
2022-01-06 09:14:38,799 - root - DEBUG - 5.1.9.6.2 Value: 229
2022-01-06 09:14:38,799 - root - DEBUG - 5.1.9.6.3 Value: 14
2022-01-06 09:14:38,799 - root - DEBUG - 5.1.9.6.4 Value: 12
2022-01-06 09:14:38,799 - root - DEBUG - 5.1.9.7 Value: None
2022-01-06 09:14:38,799 - root - DEBUG - 5.1.9.7.1 Value: 31
2022-01-06 09:14:38,799 - root - DEBUG - 5.1.9.7.2 Value: 229
2022-01-06 09:14:38,799 - root - DEBUG - 5.1.9.7.3 Value: 26
2022-01-06 09:14:38,799 - root - DEBUG - 5.1.9.7.4 Value: 12
2022-01-06 09:14:38,799 - root - DEBUG - 5.1.4 Value: 1
2022-01-06 09:14:38,799 - root - DEBUG - 5.1.5 Value: 1
2022-01-06 09:14:38,799 - root - DEBUG - 5.1.6 Value: 0
2022-01-06 09:14:38,799 - root - DEBUG - 5.2 Value: None
2022-01-06 09:14:38,799 - root - DEBUG - 5.2.1 Value: 252
2022-01-06 09:14:38,799 - root - DEBUG - 5.2.2 Value: 84
2022-01-06 09:14:38,799 - root - DEBUG - 5.2.3 Value: 59
2022-01-06 09:14:38,799 - root - DEBUG - 5.2.4 Value: 60
2022-01-06 09:14:38,799 - root - DEBUG - 5.2.5 Value: 61
2022-01-06 09:14:38,799 - root - DEBUG - 5.2.6 Value: 62
2022-01-06 09:14:38,799 - root - DEBUG - 5.4 Value: None
2022-01-06 09:14:38,799 - root - DEBUG - 5.4.1 Value: 252
2022-01-06 09:14:38,799 - root - DEBUG - 5.4.2 Value: 24
2022-01-06 09:14:38,799 - root - DEBUG - 5.4.3 Value: 38
2022-01-06 09:14:38,799 - root - DEBUG - 5.4.4 Value: 7
2022-01-06 09:14:38,799 - root - DEBUG - 5.5 Value: None
2022-01-06 09:14:38,799 - root - DEBUG - 5.5.1 Value: 252
2022-01-06 09:14:38,799 - root - DEBUG - 5.5.2 Value: 24
2022-01-06 09:14:38,799 - root - DEBUG - 5.5.3 Value: 52
2022-01-06 09:14:38,799 - root - DEBUG - 5.5.4 Value: 7
2022-01-06 09:14:38,799 - root - DEBUG - 5.6 Value: None
2022-01-06 09:14:38,799 - root - DEBUG - 5.6.1 Value: 252
2022-01-06 09:14:38,799 - root - DEBUG - 5.6.2 Value: 24
2022-01-06 09:14:38,799 - root - DEBUG - 5.6.3 Value: 45
2022-01-06 09:14:38,799 - root - DEBUG - 5.6.4 Value: 7
2022-01-06 09:14:38,799 - root - DEBUG - 29 Value: None
2022-01-06 09:14:38,799 - root - DEBUG - 29.1 Value: None
2022-01-06 09:14:38,799 - root - DEBUG - 29.1.1 Value: None
2022-01-06 09:14:38,799 - root - DEBUG - 29.1.1.1 Value: None
2022-01-06 09:14:38,799 - root - DEBUG - 29.1.1.1.1 Value: None
2022-01-06 09:14:38,799 - root - DEBUG - 29.1.1.1.1.1 Value: 22
2022-01-06 09:14:38,799 - root - DEBUG - 29.1.1.1.1.2 Value: 49
2022-01-06 09:14:38,799 - root - DEBUG - 29.1.1.1.1.3 Value: 63
2022-01-06 09:14:38,799 - root - DEBUG - 29.1.1.1.1.4 Value: 10
2022-01-06 09:14:38,799 - root - DEBUG - 29.1.1.1.2 Value: None
2022-01-06 09:14:38,799 - root - DEBUG - 29.1.1.1.2.1 Value: 124
2022-01-06 09:14:38,799 - root - DEBUG - 29.1.1.1.2.2 Value: 49
2022-01-06 09:14:38,799 - root - DEBUG - 29.1.1.1.2.3 Value: 63
2022-01-06 09:14:38,799 - root - DEBUG - 29.1.1.1.2.4 Value: 10
2022-01-06 09:14:38,799 - root - DEBUG - 29.1.1.2 Value: None
2022-01-06 09:14:38,799 - root - DEBUG - 29.1.1.2.1 Value: None
2022-01-06 09:14:38,799 - root - DEBUG - 29.1.1.2.1.1 Value: 80
2022-01-06 09:14:38,799 - root - DEBUG - 29.1.1.2.1.2 Value: 185
2022-01-06 09:14:38,799 - root - DEBUG - 29.1.1.2.1.3 Value: 63
2022-01-06 09:14:38,799 - root - DEBUG - 29.1.1.2.1.4 Value: 10
2022-01-06 09:14:38,799 - root - DEBUG - 29.1.1.2.2 Value: None
2022-01-06 09:14:38,799 - root - DEBUG - 29.1.1.2.2.1 Value: 182
2022-01-06 09:14:38,799 - root - DEBUG - 29.1.1.2.2.2 Value: 185
2022-01-06 09:14:38,799 - root - DEBUG - 29.1.1.2.2.3 Value: 63
2022-01-06 09:14:38,799 - root - DEBUG - 29.1.1.2.2.4 Value: 10
2022-01-06 09:14:38,799 - root - DEBUG - 29.1.1.4 Value: 1
2022-01-06 09:14:38,799 - root - DEBUG - 0-Info
2022-01-06 09:14:38,799 - root - DEBUG - 0.1-DeviceId
2022-01-06 09:14:38,799 - root - DEBUG - 2-Background
2022-01-06 09:14:38,799 - root - DEBUG - 2.1-Image
2022-01-06 09:14:38,799 - root - DEBUG - 2.1.1-X
2022-01-06 09:14:38,799 - root - DEBUG - 2.1.2-Y
2022-01-06 09:14:38,799 - root - DEBUG - 2.1.3-ImageIndex
2022-01-06 09:14:38,799 - root - DEBUG - 2.3-Preview
2022-01-06 09:14:38,799 - root - DEBUG - 2.3.1-X
2022-01-06 09:14:38,799 - root - DEBUG - 2.3.2-Y
2022-01-06 09:14:38,799 - root - DEBUG - 2.3.3-ImageIndex
2022-01-06 09:14:38,799 - root - DEBUG - 2.4-PreviewTradChinese
2022-01-06 09:14:38,799 - root - DEBUG - 2.4.1-X
2022-01-06 09:14:38,799 - root - DEBUG - 2.4.2-Y
2022-01-06 09:14:38,799 - root - DEBUG - 2.4.3-ImageIndex
2022-01-06 09:14:38,799 - root - DEBUG - 2.5-PreviewChinese
2022-01-06 09:14:38,799 - root - DEBUG - 2.5.1-X
2022-01-06 09:14:38,799 - root - DEBUG - 2.5.2-Y
2022-01-06 09:14:38,799 - root - DEBUG - 2.5.3-ImageIndex
2022-01-06 09:14:38,814 - root - DEBUG - 3-TimeExtended
2022-01-06 09:14:38,814 - root - DEBUG - 3.1-TimeSeparateDigits
2022-01-06 09:14:38,814 - root - DEBUG - 3.1.1-Hours
2022-01-06 09:14:38,814 - root - DEBUG - 3.1.1.1-Tens
2022-01-06 09:14:38,814 - root - DEBUG - 3.1.1.1.1-X
2022-01-06 09:14:38,814 - root - DEBUG - 3.1.1.1.2-Y
2022-01-06 09:14:38,814 - root - DEBUG - 3.1.1.1.3-ImageIndex
2022-01-06 09:14:38,814 - root - DEBUG - 3.1.1.1.4-ImagesCount
2022-01-06 09:14:38,814 - root - DEBUG - 3.1.1.2-Ones
2022-01-06 09:14:38,814 - root - DEBUG - 3.1.1.2.1-X
2022-01-06 09:14:38,814 - root - DEBUG - 3.1.1.2.2-Y
2022-01-06 09:14:38,814 - root - DEBUG - 3.1.1.2.3-ImageIndex
2022-01-06 09:14:38,814 - root - DEBUG - 3.1.1.2.4-ImagesCount
2022-01-06 09:14:38,814 - root - DEBUG - 3.1.2-Minutes
2022-01-06 09:14:38,814 - root - DEBUG - 3.1.2.1-Tens
2022-01-06 09:14:38,814 - root - DEBUG - 3.1.2.1.1-X
2022-01-06 09:14:38,814 - root - DEBUG - 3.1.2.1.2-Y
2022-01-06 09:14:38,814 - root - DEBUG - 3.1.2.1.3-ImageIndex
2022-01-06 09:14:38,814 - root - DEBUG - 3.1.2.1.4-ImagesCount
2022-01-06 09:14:38,814 - root - DEBUG - 3.1.2.2-Ones
2022-01-06 09:14:38,814 - root - DEBUG - 3.1.2.2.1-X
2022-01-06 09:14:38,814 - root - DEBUG - 3.1.2.2.2-Y
2022-01-06 09:14:38,814 - root - DEBUG - 3.1.2.2.3-ImageIndex
2022-01-06 09:14:38,814 - root - DEBUG - 3.1.2.2.4-ImagesCount
2022-01-06 09:14:38,814 - root - DEBUG - 3.1.7-PaddingZeroHours
2022-01-06 09:14:38,814 - root - DEBUG - 3.1.8-PaddingZeroMinutes
2022-01-06 09:14:38,814 - root - DEBUG - 5-DateBlock
2022-01-06 09:14:38,814 - root - DEBUG - 5.1-Date
2022-01-06 09:14:38,814 - root - DEBUG - 5.1.9-YearMonthAndDay
2022-01-06 09:14:38,814 - root - DEBUG - 5.1.9.4-MonthFollowsYear
2022-01-06 09:14:38,814 - root - DEBUG - 5.1.9.5-DayFollowsMonth
2022-01-06 09:14:38,814 - root - DEBUG - 5.1.9.6-MonthAsWord
2022-01-06 09:14:38,814 - root - DEBUG - 5.1.9.6.1-X
2022-01-06 09:14:38,814 - root - DEBUG - 5.1.9.6.2-Y
2022-01-06 09:14:38,814 - root - DEBUG - 5.1.9.6.3-ImageIndex
2022-01-06 09:14:38,814 - root - DEBUG - 5.1.9.6.4-ImagesCount
2022-01-06 09:14:38,814 - root - DEBUG - 5.1.9.7-MonthAsWordChinese
2022-01-06 09:14:38,814 - root - DEBUG - 5.1.9.7.1-X
2022-01-06 09:14:38,814 - root - DEBUG - 5.1.9.7.2-Y
2022-01-06 09:14:38,814 - root - DEBUG - 5.1.9.7.3-ImageIndex
2022-01-06 09:14:38,814 - root - DEBUG - 5.1.9.7.4-ImagesCount
2022-01-06 09:14:38,814 - root - DEBUG - 5.1.4-PaddingZeroMonth
2022-01-06 09:14:38,814 - root - DEBUG - 5.1.5-PaddingZeroDay
2022-01-06 09:14:38,814 - root - DEBUG - 5.1.6-UnknownBoolean6
2022-01-06 09:14:38,814 - root - DEBUG - 5.2-AmPm
2022-01-06 09:14:38,814 - root - DEBUG - 5.2.1-CommonX
2022-01-06 09:14:38,814 - root - DEBUG - 5.2.2-CommonY
2022-01-06 09:14:38,814 - root - DEBUG - 5.2.3-ImageIndexAMCN
2022-01-06 09:14:38,814 - root - DEBUG - 5.2.4-ImageIndexPMCN
2022-01-06 09:14:38,814 - root - DEBUG - 5.2.5-AmImageIndexEN
2022-01-06 09:14:38,814 - root - DEBUG - 5.2.6-PmImageIndexEN
2022-01-06 09:14:38,814 - root - DEBUG - 5.4-Weekday
2022-01-06 09:14:38,814 - root - DEBUG - 5.4.1-X
2022-01-06 09:14:38,814 - root - DEBUG - 5.4.2-Y
2022-01-06 09:14:38,814 - root - DEBUG - 5.4.3-ImageIndex
2022-01-06 09:14:38,814 - root - DEBUG - 5.4.4-ImagesCount
2022-01-06 09:14:38,814 - root - DEBUG - 5.5-WeekdayChinese
2022-01-06 09:14:38,814 - root - DEBUG - 5.5.1-X
2022-01-06 09:14:38,814 - root - DEBUG - 5.5.2-Y
2022-01-06 09:14:38,814 - root - DEBUG - 5.5.3-ImageIndex
2022-01-06 09:14:38,814 - root - DEBUG - 5.5.4-ImagesCount
2022-01-06 09:14:38,814 - root - DEBUG - 5.6-WeekdayTradChinese
2022-01-06 09:14:38,814 - root - DEBUG - 5.6.1-X
2022-01-06 09:14:38,814 - root - DEBUG - 5.6.2-Y
2022-01-06 09:14:38,814 - root - DEBUG - 5.6.3-ImageIndex
2022-01-06 09:14:38,814 - root - DEBUG - 5.6.4-ImagesCount
2022-01-06 09:14:38,814 - root - DEBUG - 29-AlwaysOnDisplay
2022-01-06 09:14:38,814 - root - DEBUG - 29.1-TimeExtended
2022-01-06 09:14:38,814 - root - DEBUG - 29.1.1-TimeSeparateDigits
2022-01-06 09:14:38,814 - root - DEBUG - 29.1.1.1-Hours
2022-01-06 09:14:38,814 - root - DEBUG - 29.1.1.1.1-Tens
2022-01-06 09:14:38,814 - root - DEBUG - 29.1.1.1.1.1-X
2022-01-06 09:14:38,814 - root - DEBUG - 29.1.1.1.1.2-Y
2022-01-06 09:14:38,814 - root - DEBUG - 29.1.1.1.1.3-ImageIndex
2022-01-06 09:14:38,814 - root - DEBUG - 29.1.1.1.1.4-ImagesCount
2022-01-06 09:14:38,814 - root - DEBUG - 29.1.1.1.2-Ones
2022-01-06 09:14:38,814 - root - DEBUG - 29.1.1.1.2.1-X
2022-01-06 09:14:38,814 - root - DEBUG - 29.1.1.1.2.2-Y
2022-01-06 09:14:38,814 - root - DEBUG - 29.1.1.1.2.3-ImageIndex
2022-01-06 09:14:38,814 - root - DEBUG - 29.1.1.1.2.4-ImagesCount
2022-01-06 09:14:38,814 - root - DEBUG - 29.1.1.2-Minutes
2022-01-06 09:14:38,814 - root - DEBUG - 29.1.1.2.1-Tens
2022-01-06 09:14:38,814 - root - DEBUG - 29.1.1.2.1.1-X
2022-01-06 09:14:38,814 - root - DEBUG - 29.1.1.2.1.2-Y
2022-01-06 09:14:38,814 - root - DEBUG - 29.1.1.2.1.3-ImageIndex
2022-01-06 09:14:38,814 - root - DEBUG - 29.1.1.2.1.4-ImagesCount
2022-01-06 09:14:38,814 - root - DEBUG - 29.1.1.2.2-Ones
2022-01-06 09:14:38,814 - root - DEBUG - 29.1.1.2.2.1-X
2022-01-06 09:14:38,814 - root - DEBUG - 29.1.1.2.2.2-Y
2022-01-06 09:14:38,814 - root - DEBUG - 29.1.1.2.2.3-ImageIndex
2022-01-06 09:14:38,814 - root - DEBUG - 29.1.1.2.2.4-ImagesCount
2022-01-06 09:14:38,814 - root - DEBUG - 29.1.1.4-PaddingZeroHours
2022-01-06 09:14:38,814 - root - DEBUG - generatePreviews
2022-01-06 09:14:38,814 - root - DEBUG - Generating previews...
2022-01-06 09:14:38,814 - root - DEBUG - Generating states done...
2022-01-06 09:14:38,830 - root - DEBUG - >>>>>>>>>>>> 0 <watchFaceParser.models.parameter.Parameter object at 0x000001E740161688>
2022-01-06 09:14:38,830 - root - DEBUG - >>>>>>>>>>>> 2 <watchFaceParser.models.parameter.Parameter object at 0x000001E740151B88>
2022-01-06 09:14:38,830 - root - DEBUG - >>>>>>>>>>>> 3 <watchFaceParser.models.parameter.Parameter object at 0x000001E74015E088>
2022-01-06 09:14:38,830 - root - DEBUG - >>>>>>>>>>>> 5 <watchFaceParser.models.parameter.Parameter object at 0x000001E740161388>
2022-01-06 09:14:38,845 - root - DEBUG - >>>>>>>>>>>> 29 <watchFaceParser.models.parameter.Parameter object at 0x000001E740161488>
2022-01-06 09:14:38,861 - root - DEBUG - Generating static preview gen done...
2022-01-06 09:14:38,955 - root - DEBUG - Generating static preview save done...
2022-01-06 09:14:38,955 - root - DEBUG - Generating anim preview gen done...
2022-01-06 09:14:38,955 - root - DEBUG - >>>>>>>>>>>> 0 <watchFaceParser.models.parameter.Parameter object at 0x000001E740161688>
2022-01-06 09:14:38,955 - root - DEBUG - >>>>>>>>>>>> 2 <watchFaceParser.models.parameter.Parameter object at 0x000001E740151B88>
2022-01-06 09:14:38,955 - root - DEBUG - >>>>>>>>>>>> 3 <watchFaceParser.models.parameter.Parameter object at 0x000001E74015E088>
2022-01-06 09:14:38,955 - root - DEBUG - >>>>>>>>>>>> 5 <watchFaceParser.models.parameter.Parameter object at 0x000001E740161388>
2022-01-06 09:14:38,955 - root - DEBUG - >>>>>>>>>>>> 29 <watchFaceParser.models.parameter.Parameter object at 0x000001E740161488>
2022-01-06 09:14:39,048 - root - DEBUG - generatePreviews done
2022-01-06 09:14:39,048 - root - DEBUG - Exporting resources to 'E:\Codez\zepp-gts2mini-wf\c800f7f2299e9b472a94549905840b32'
2022-01-06 09:14:39,048 - root - DEBUG - extracting E:\Codez\zepp-gts2mini-wf\c800f7f2299e9b472a94549905840b32\0000.png...
2022-01-06 09:14:39,064 - root - DEBUG - extracting E:\Codez\zepp-gts2mini-wf\c800f7f2299e9b472a94549905840b32\0001.png...
2022-01-06 09:14:39,095 - root - DEBUG - extracting E:\Codez\zepp-gts2mini-wf\c800f7f2299e9b472a94549905840b32\0002.png...
2022-01-06 09:14:39,111 - root - DEBUG - extracting E:\Codez\zepp-gts2mini-wf\c800f7f2299e9b472a94549905840b32\0003.png...
2022-01-06 09:14:39,158 - root - DEBUG - extracting E:\Codez\zepp-gts2mini-wf\c800f7f2299e9b472a94549905840b32\0004.png...
2022-01-06 09:14:39,158 - root - DEBUG - extracting E:\Codez\zepp-gts2mini-wf\c800f7f2299e9b472a94549905840b32\0005.png...
2022-01-06 09:14:39,158 - root - DEBUG - extracting E:\Codez\zepp-gts2mini-wf\c800f7f2299e9b472a94549905840b32\0006.png...
2022-01-06 09:14:39,173 - root - DEBUG - extracting E:\Codez\zepp-gts2mini-wf\c800f7f2299e9b472a94549905840b32\0007.png...
2022-01-06 09:14:39,173 - root - DEBUG - extracting E:\Codez\zepp-gts2mini-wf\c800f7f2299e9b472a94549905840b32\0008.png...
2022-01-06 09:14:39,173 - root - DEBUG - extracting E:\Codez\zepp-gts2mini-wf\c800f7f2299e9b472a94549905840b32\0009.png...
2022-01-06 09:14:39,173 - root - DEBUG - extracting E:\Codez\zepp-gts2mini-wf\c800f7f2299e9b472a94549905840b32\0010.png...
2022-01-06 09:14:39,173 - root - DEBUG - extracting E:\Codez\zepp-gts2mini-wf\c800f7f2299e9b472a94549905840b32\0011.png...
2022-01-06 09:14:39,173 - root - DEBUG - extracting E:\Codez\zepp-gts2mini-wf\c800f7f2299e9b472a94549905840b32\0012.png...
2022-01-06 09:14:39,173 - root - DEBUG - extracting E:\Codez\zepp-gts2mini-wf\c800f7f2299e9b472a94549905840b32\0013.png...
2022-01-06 09:14:39,189 - root - DEBUG - extracting E:\Codez\zepp-gts2mini-wf\c800f7f2299e9b472a94549905840b32\0014.png...
2022-01-06 09:14:39,189 - root - DEBUG - extracting E:\Codez\zepp-gts2mini-wf\c800f7f2299e9b472a94549905840b32\0015.png...
2022-01-06 09:14:39,189 - root - DEBUG - extracting E:\Codez\zepp-gts2mini-wf\c800f7f2299e9b472a94549905840b32\0016.png...
2022-01-06 09:14:39,189 - root - DEBUG - extracting E:\Codez\zepp-gts2mini-wf\c800f7f2299e9b472a94549905840b32\0017.png...
2022-01-06 09:14:39,189 - root - DEBUG - extracting E:\Codez\zepp-gts2mini-wf\c800f7f2299e9b472a94549905840b32\0018.png...
2022-01-06 09:14:39,189 - root - DEBUG - extracting E:\Codez\zepp-gts2mini-wf\c800f7f2299e9b472a94549905840b32\0019.png...
2022-01-06 09:14:39,189 - root - DEBUG - extracting E:\Codez\zepp-gts2mini-wf\c800f7f2299e9b472a94549905840b32\0020.png...
2022-01-06 09:14:39,189 - root - DEBUG - extracting E:\Codez\zepp-gts2mini-wf\c800f7f2299e9b472a94549905840b32\0021.png...
2022-01-06 09:14:39,189 - root - DEBUG - extracting E:\Codez\zepp-gts2mini-wf\c800f7f2299e9b472a94549905840b32\0022.png...
2022-01-06 09:14:39,189 - root - DEBUG - extracting E:\Codez\zepp-gts2mini-wf\c800f7f2299e9b472a94549905840b32\0023.png...
2022-01-06 09:14:39,189 - root - DEBUG - extracting E:\Codez\zepp-gts2mini-wf\c800f7f2299e9b472a94549905840b32\0024.png...
2022-01-06 09:14:39,189 - root - DEBUG - extracting E:\Codez\zepp-gts2mini-wf\c800f7f2299e9b472a94549905840b32\0025.png...
2022-01-06 09:14:39,189 - root - DEBUG - extracting E:\Codez\zepp-gts2mini-wf\c800f7f2299e9b472a94549905840b32\0026.png...
2022-01-06 09:14:39,189 - root - DEBUG - extracting E:\Codez\zepp-gts2mini-wf\c800f7f2299e9b472a94549905840b32\0027.png...
2022-01-06 09:14:39,189 - root - DEBUG - extracting E:\Codez\zepp-gts2mini-wf\c800f7f2299e9b472a94549905840b32\0028.png...
2022-01-06 09:14:39,205 - root - DEBUG - extracting E:\Codez\zepp-gts2mini-wf\c800f7f2299e9b472a94549905840b32\0029.png...
2022-01-06 09:14:39,205 - root - DEBUG - extracting E:\Codez\zepp-gts2mini-wf\c800f7f2299e9b472a94549905840b32\0030.png...
2022-01-06 09:14:39,205 - root - DEBUG - extracting E:\Codez\zepp-gts2mini-wf\c800f7f2299e9b472a94549905840b32\0031.png...
2022-01-06 09:14:39,205 - root - DEBUG - extracting E:\Codez\zepp-gts2mini-wf\c800f7f2299e9b472a94549905840b32\0032.png...
2022-01-06 09:14:39,205 - root - DEBUG - extracting E:\Codez\zepp-gts2mini-wf\c800f7f2299e9b472a94549905840b32\0033.png...
2022-01-06 09:14:39,205 - root - DEBUG - extracting E:\Codez\zepp-gts2mini-wf\c800f7f2299e9b472a94549905840b32\0034.png...
2022-01-06 09:14:39,205 - root - DEBUG - extracting E:\Codez\zepp-gts2mini-wf\c800f7f2299e9b472a94549905840b32\0035.png...
2022-01-06 09:14:39,205 - root - DEBUG - extracting E:\Codez\zepp-gts2mini-wf\c800f7f2299e9b472a94549905840b32\0036.png...
2022-01-06 09:14:39,205 - root - DEBUG - extracting E:\Codez\zepp-gts2mini-wf\c800f7f2299e9b472a94549905840b32\0037.png...
2022-01-06 09:14:39,205 - root - DEBUG - extracting E:\Codez\zepp-gts2mini-wf\c800f7f2299e9b472a94549905840b32\0038.png...
2022-01-06 09:14:39,205 - root - DEBUG - extracting E:\Codez\zepp-gts2mini-wf\c800f7f2299e9b472a94549905840b32\0039.png...
2022-01-06 09:14:39,205 - root - DEBUG - extracting E:\Codez\zepp-gts2mini-wf\c800f7f2299e9b472a94549905840b32\0040.png...
2022-01-06 09:14:39,205 - root - DEBUG - extracting E:\Codez\zepp-gts2mini-wf\c800f7f2299e9b472a94549905840b32\0041.png...
2022-01-06 09:14:39,205 - root - DEBUG - extracting E:\Codez\zepp-gts2mini-wf\c800f7f2299e9b472a94549905840b32\0042.png...
2022-01-06 09:14:39,205 - root - DEBUG - extracting E:\Codez\zepp-gts2mini-wf\c800f7f2299e9b472a94549905840b32\0043.png...
2022-01-06 09:14:39,205 - root - DEBUG - extracting E:\Codez\zepp-gts2mini-wf\c800f7f2299e9b472a94549905840b32\0044.png...
2022-01-06 09:14:39,205 - root - DEBUG - extracting E:\Codez\zepp-gts2mini-wf\c800f7f2299e9b472a94549905840b32\0045.png...
2022-01-06 09:14:39,205 - root - DEBUG - extracting E:\Codez\zepp-gts2mini-wf\c800f7f2299e9b472a94549905840b32\0046.png...
2022-01-06 09:14:39,205 - root - DEBUG - extracting E:\Codez\zepp-gts2mini-wf\c800f7f2299e9b472a94549905840b32\0047.png...
2022-01-06 09:14:39,220 - root - DEBUG - extracting E:\Codez\zepp-gts2mini-wf\c800f7f2299e9b472a94549905840b32\0048.png...
2022-01-06 09:14:39,220 - root - DEBUG - extracting E:\Codez\zepp-gts2mini-wf\c800f7f2299e9b472a94549905840b32\0049.png...
2022-01-06 09:14:39,220 - root - DEBUG - extracting E:\Codez\zepp-gts2mini-wf\c800f7f2299e9b472a94549905840b32\0050.png...
2022-01-06 09:14:39,220 - root - DEBUG - extracting E:\Codez\zepp-gts2mini-wf\c800f7f2299e9b472a94549905840b32\0051.png...
2022-01-06 09:14:39,220 - root - DEBUG - extracting E:\Codez\zepp-gts2mini-wf\c800f7f2299e9b472a94549905840b32\0052.png...
2022-01-06 09:14:39,220 - root - DEBUG - extracting E:\Codez\zepp-gts2mini-wf\c800f7f2299e9b472a94549905840b32\0053.png...
2022-01-06 09:14:39,220 - root - DEBUG - extracting E:\Codez\zepp-gts2mini-wf\c800f7f2299e9b472a94549905840b32\0054.png...
2022-01-06 09:14:39,220 - root - DEBUG - extracting E:\Codez\zepp-gts2mini-wf\c800f7f2299e9b472a94549905840b32\0055.png...
2022-01-06 09:14:39,220 - root - DEBUG - extracting E:\Codez\zepp-gts2mini-wf\c800f7f2299e9b472a94549905840b32\0056.png...
2022-01-06 09:14:39,220 - root - DEBUG - extracting E:\Codez\zepp-gts2mini-wf\c800f7f2299e9b472a94549905840b32\0057.png...
2022-01-06 09:14:39,220 - root - DEBUG - extracting E:\Codez\zepp-gts2mini-wf\c800f7f2299e9b472a94549905840b32\0058.png...
2022-01-06 09:14:39,220 - root - DEBUG - extracting E:\Codez\zepp-gts2mini-wf\c800f7f2299e9b472a94549905840b32\0059.png...
2022-01-06 09:14:39,220 - root - DEBUG - extracting E:\Codez\zepp-gts2mini-wf\c800f7f2299e9b472a94549905840b32\0060.png...
2022-01-06 09:14:39,220 - root - DEBUG - extracting E:\Codez\zepp-gts2mini-wf\c800f7f2299e9b472a94549905840b32\0061.png...
2022-01-06 09:14:39,220 - root - DEBUG - extracting E:\Codez\zepp-gts2mini-wf\c800f7f2299e9b472a94549905840b32\0062.png...
2022-01-06 09:14:39,220 - root - DEBUG - extracting E:\Codez\zepp-gts2mini-wf\c800f7f2299e9b472a94549905840b32\0063.png...
2022-01-06 09:14:39,220 - root - DEBUG - extracting E:\Codez\zepp-gts2mini-wf\c800f7f2299e9b472a94549905840b32\0064.png...
2022-01-06 09:14:39,220 - root - DEBUG - extracting E:\Codez\zepp-gts2mini-wf\c800f7f2299e9b472a94549905840b32\0065.png...
2022-01-06 09:14:39,236 - root - DEBUG - extracting E:\Codez\zepp-gts2mini-wf\c800f7f2299e9b472a94549905840b32\0066.png...
2022-01-06 09:14:39,236 - root - DEBUG - extracting E:\Codez\zepp-gts2mini-wf\c800f7f2299e9b472a94549905840b32\0067.png...
2022-01-06 09:14:39,236 - root - DEBUG - extracting E:\Codez\zepp-gts2mini-wf\c800f7f2299e9b472a94549905840b32\0068.png...
2022-01-06 09:14:39,236 - root - DEBUG - extracting E:\Codez\zepp-gts2mini-wf\c800f7f2299e9b472a94549905840b32\0069.png...
2022-01-06 09:14:39,236 - root - DEBUG - extracting E:\Codez\zepp-gts2mini-wf\c800f7f2299e9b472a94549905840b32\0070.png...
2022-01-06 09:14:39,236 - root - DEBUG - extracting E:\Codez\zepp-gts2mini-wf\c800f7f2299e9b472a94549905840b32\0071.png...
2022-01-06 09:14:39,236 - root - DEBUG - extracting E:\Codez\zepp-gts2mini-wf\c800f7f2299e9b472a94549905840b32\0072.png...
2022-01-06 09:14:39,236 - root - DEBUG - Exporting config...
