2022-05-03 21:07:45,894 - root - DEBUG - Opening watch face 'E:\Codez\zepp-gts2mini-wf\79c778aa47d261065d5fd9c731f64934.bin'
2022-05-03 21:07:45,896 - root - DEBUG - Reading parameters...
2022-05-03 21:07:45,896 - root - INFO - Reading header...
2022-05-03 21:07:45,933 - root - INFO - Header was read:
2022-05-03 21:07:45,933 - root - INFO - Signature: b'UIHH\x01\x00\xff', Unknown: 63, ParametersSize: 41, isValid: True, deviceId: 73
2022-05-03 21:07:45,933 - root - INFO - Reading parameter offsets...
2022-05-03 21:07:45,934 - root - INFO - Parameter offsets were read from file
2022-05-03 21:07:45,934 - root - INFO - Reading parameters descriptor...
2022-05-03 21:07:45,934 - root - INFO - 1 ( A): 5 bytes
2022-05-03 21:07:45,934 - root - INFO -     1 ( 8): 178 B2
2022-05-03 21:07:45,934 - root - INFO -     2 (10): 36 24
2022-05-03 21:07:45,934 - root - INFO - getParameters descriptor was read:
2022-05-03 21:07:45,934 - root - INFO - ParametersTableLength: 178, ImagesCount: 36
2022-05-03 21:07:45,934 - root - INFO - Reading parameters locations...
2022-05-03 21:07:45,934 - root - INFO - 2 (12): 4 bytes
2022-05-03 21:07:45,934 - root - INFO -     1 ( 8): 0  0
2022-05-03 21:07:45,934 - root - INFO -     2 (10): 32 20
2022-05-03 21:07:45,934 - root - INFO - 5 (2A): 4 bytes
2022-05-03 21:07:45,934 - root - INFO -     1 ( 8): 32 20
2022-05-03 21:07:45,934 - root - INFO -     2 (10): 37 25
2022-05-03 21:07:45,934 - root - INFO - 20 (A2): 4 bytes
2022-05-03 21:07:45,934 - root - INFO -     1 ( 8): 69 45
2022-05-03 21:07:45,934 - root - INFO -     2 (10): 21 15
2022-05-03 21:07:45,938 - root - INFO - 21 (AA): 4 bytes
2022-05-03 21:07:45,938 - root - INFO -     1 ( 8): 90 5A
2022-05-03 21:07:45,938 - root - INFO -     2 (10): 63 3F
2022-05-03 21:07:45,938 - root - INFO - 29 (EA): 5 bytes
2022-05-03 21:07:45,938 - root - INFO -     1 ( 8): 153 99
2022-05-03 21:07:45,938 - root - INFO -     2 (10): 25 19
2022-05-03 21:07:45,938 - root - INFO - Watch face parameters locations were read:
2022-05-03 21:07:45,938 - root - INFO - Reading descriptor for parameter 2
2022-05-03 21:07:45,938 - root - INFO - Descriptor offset: 0, Descriptor length: 32
2022-05-03 21:07:45,938 - root - INFO - Parsing descriptor for parameter 2...
2022-05-03 21:07:45,938 - root - INFO - 1 ( A): 6 bytes
2022-05-03 21:07:45,938 - root - INFO -     1 ( 8): 0  0
2022-05-03 21:07:45,938 - root - INFO -     2 (10): 0  0
2022-05-03 21:07:45,938 - root - INFO -     3 (18): 0  0
2022-05-03 21:07:45,938 - root - INFO - 3 (1A): 6 bytes
2022-05-03 21:07:45,938 - root - INFO -     1 ( 8): 0  0
2022-05-03 21:07:45,938 - root - INFO -     2 (10): 0  0
2022-05-03 21:07:45,938 - root - INFO -     3 (18): 1  1
2022-05-03 21:07:45,938 - root - INFO - 4 (22): 6 bytes
2022-05-03 21:07:45,938 - root - INFO -     1 ( 8): 0  0
2022-05-03 21:07:45,938 - root - INFO -     2 (10): 0  0
2022-05-03 21:07:45,938 - root - INFO -     3 (18): 1  1
2022-05-03 21:07:45,938 - root - INFO - 5 (2A): 6 bytes
2022-05-03 21:07:45,938 - root - INFO -     1 ( 8): 0  0
2022-05-03 21:07:45,938 - root - INFO -     2 (10): 0  0
2022-05-03 21:07:45,938 - root - INFO -     3 (18): 1  1
2022-05-03 21:07:45,938 - root - INFO - Reading descriptor for parameter 5
2022-05-03 21:07:45,938 - root - INFO - Descriptor offset: 32, Descriptor length: 37
2022-05-03 21:07:45,938 - root - INFO - Parsing descriptor for parameter 5...
2022-05-03 21:07:45,938 - root - INFO - 1 ( A): 35 bytes
2022-05-03 21:07:45,938 - root - INFO -     9 (4A): 27 bytes
2022-05-03 21:07:45,938 - root - INFO -         3 (1A): 21 bytes
2022-05-03 21:07:45,938 - root - INFO -             1 ( 8): 121 79
2022-05-03 21:07:45,938 - root - INFO -             2 (10): 259 103
2022-05-03 21:07:45,938 - root - INFO -             3 (18): 181 B5
2022-05-03 21:07:45,938 - root - INFO -             4 (20): 279 117
2022-05-03 21:07:45,938 - root - INFO -             5 (28): 24 18
2022-05-03 21:07:45,938 - root - INFO -             6 (30): 0  0
2022-05-03 21:07:45,938 - root - INFO -             7 (38): 0  0
2022-05-03 21:07:45,938 - root - INFO -             8 (40): 2  2
2022-05-03 21:07:45,938 - root - INFO -             9 (48): 10  A
2022-05-03 21:07:45,938 - root - INFO -         4 (20): 0  0
2022-05-03 21:07:45,938 - root - INFO -         5 (28): 0  0
2022-05-03 21:07:45,938 - root - INFO -     4 (20): 1  1
2022-05-03 21:07:45,938 - root - INFO -     5 (28): 1  1
2022-05-03 21:07:45,938 - root - INFO -     6 (30): 0  0
2022-05-03 21:07:45,938 - root - INFO - Reading descriptor for parameter 20
2022-05-03 21:07:45,938 - root - INFO - Descriptor offset: 69, Descriptor length: 21
2022-05-03 21:07:45,938 - root - INFO - Parsing descriptor for parameter 20...
2022-05-03 21:07:45,938 - root - INFO - 2 (12): 6 bytes
2022-05-03 21:07:45,938 - root - INFO -     1 ( 8): 153 99
2022-05-03 21:07:45,938 - root - INFO -     2 (10): 177 B1
2022-05-03 21:07:45,938 - root - INFO - 3 (1A): 4 bytes
2022-05-03 21:07:45,938 - root - INFO -     1 ( 8): 12  C
2022-05-03 21:07:45,938 - root - INFO -     2 (10): 115 73
2022-05-03 21:07:45,938 - root - INFO - 4 (22): 5 bytes
2022-05-03 21:07:45,938 - root - INFO -     1 ( 8): 13  D
2022-05-03 21:07:45,949 - root - INFO -     2 (10): 135 87
2022-05-03 21:07:45,950 - root - INFO - Reading descriptor for parameter 21
2022-05-03 21:07:45,950 - root - INFO - Descriptor offset: 90, Descriptor length: 63
2022-05-03 21:07:45,950 - root - INFO - Parsing descriptor for parameter 21...
2022-05-03 21:07:45,950 - root - INFO - 1 ( A): 21 bytes
2022-05-03 21:07:45,950 - root - INFO -     1 ( 8): 104 68
2022-05-03 21:07:45,950 - root - INFO -     2 (10): 234 EA
2022-05-03 21:07:45,950 - root - INFO -     3 (18): 154 9A
2022-05-03 21:07:45,951 - root - INFO -     4 (20): 254 FE
2022-05-03 21:07:45,951 - root - INFO -     5 (28): 18 12
2022-05-03 21:07:45,951 - root - INFO -     6 (30): 0  0
2022-05-03 21:07:45,951 - root - INFO -     7 (38): 0  0
2022-05-03 21:07:45,951 - root - INFO -     8 (40): 14  E
2022-05-03 21:07:45,951 - root - INFO -     9 (48): 10  A
2022-05-03 21:07:45,951 - root - INFO - 3 (18): 1  1
2022-05-03 21:07:45,952 - root - INFO - 6 (30): 0  0
2022-05-03 21:07:45,952 - root - INFO - 8 (42): 34 bytes
2022-05-03 21:07:45,952 - root - INFO -     1 ( 8): 1  1
2022-05-03 21:07:45,952 - root - INFO -     2 (12): 22 bytes
2022-05-03 21:07:45,952 - root - INFO -         1 ( 8): 155 9B
2022-05-03 21:07:45,952 - root - INFO -         2 (10): 234 EA
2022-05-03 21:07:45,952 - root - INFO -         3 (18): 205 CD
2022-05-03 21:07:45,952 - root - INFO -         4 (20): 254 FE
2022-05-03 21:07:45,953 - root - INFO -         5 (28): 18 12
2022-05-03 21:07:45,953 - root - INFO -         6 (30): 0  0
2022-05-03 21:07:45,953 - root - INFO -         7 (38): 0  0
2022-05-03 21:07:45,953 - root - INFO -         8 (40): 24 18
2022-05-03 21:07:45,953 - root - INFO -         9 (48): 10  A
2022-05-03 21:07:45,955 - root - INFO -     4 (20): 1  1
2022-05-03 21:07:45,956 - root - INFO -     5 (28): 1  1
2022-05-03 21:07:45,957 - root - INFO -     8 (40): 0  0
2022-05-03 21:07:45,957 - root - INFO -     9 (48): 0  0
2022-05-03 21:07:45,957 - root - INFO - Reading descriptor for parameter 29
2022-05-03 21:07:45,957 - root - INFO - Descriptor offset: 153, Descriptor length: 25
2022-05-03 21:07:45,958 - root - INFO - Parsing descriptor for parameter 29...
2022-05-03 21:07:45,958 - root - INFO - 1 ( A): 23 bytes
2022-05-03 21:07:45,958 - root - INFO -     3 (1A): 21 bytes
2022-05-03 21:07:45,958 - root - INFO -         1 ( A): 6 bytes
2022-05-03 21:07:45,958 - root - INFO -             1 ( 8): 153 99
2022-05-03 21:07:45,959 - root - INFO -             2 (10): 177 B1
2022-05-03 21:07:45,959 - root - INFO -         2 (12): 4 bytes
2022-05-03 21:07:45,959 - root - INFO -             1 ( 8): 34 22
2022-05-03 21:07:45,959 - root - INFO -             2 (10): 115 73
2022-05-03 21:07:45,959 - root - INFO -         3 (1A): 5 bytes
2022-05-03 21:07:45,960 - root - INFO -             1 ( 8): 35 23
2022-05-03 21:07:45,960 - root - INFO -             2 (10): 135 87
2022-05-03 21:07:45,973 - root - INFO - Reading resources offsets table with 36 elements (144 bytes)
2022-05-03 21:07:45,974 - root - INFO - Resource 0 offset: 450, length: 212148...
2022-05-03 21:07:45,974 - root - DEBUG - Reading resource 0...
2022-05-03 21:07:46,050 - root - INFO - The image is bme.
2022-05-03 21:07:46,050 - root - INFO - Reading image header(readHeader16E)...
2022-05-03 21:07:46,050 - root - INFO - Image header was read:
2022-05-03 21:07:46,050 - root - INFO - Width: 306, Height: 354, RowLength: 612
2022-05-03 21:07:46,050 - root - INFO - datalength: 212132, _step: 2
2022-05-03 21:07:46,050 - root - INFO - BPP: 16, Transparency: False
2022-05-03 21:07:46,502 - root - INFO - Resource 1 offset: 212598, length: 101656...
2022-05-03 21:07:46,502 - root - DEBUG - Reading resource 1...
2022-05-03 21:07:46,502 - root - INFO - The image is bmc.
2022-05-03 21:07:46,502 - root - INFO - Reading image header(readHeader16C)...
2022-05-03 21:07:46,502 - root - INFO - Image header was read:
2022-05-03 21:07:46,502 - root - INFO - Width: 210, Height: 242, RowLength: 420
2022-05-03 21:07:46,502 - root - INFO - _step: 2, unknown2: 0,
2022-05-03 21:07:46,502 - root - INFO - BPP: 16, Transparency: False
2022-05-03 21:07:46,700 - root - INFO - Resource 2 offset: 314254, length: 476...
2022-05-03 21:07:46,700 - root - DEBUG - Reading resource 2...
2022-05-03 21:07:46,700 - root - INFO - The image is bme.
2022-05-03 21:07:46,701 - root - INFO - Reading image header(readHeader16E)...
2022-05-03 21:07:46,701 - root - INFO - Image header was read:
2022-05-03 21:07:46,701 - root - INFO - Width: 16, Height: 16, RowLength: 32
2022-05-03 21:07:46,701 - root - INFO - datalength: 460, _step: 2
2022-05-03 21:07:46,701 - root - INFO - BPP: 16, Transparency: False
2022-05-03 21:07:46,702 - root - INFO - Resource 3 offset: 314730, length: 258...
2022-05-03 21:07:46,702 - root - DEBUG - Reading resource 3...
2022-05-03 21:07:46,702 - root - INFO - The image is bme.
2022-05-03 21:07:46,702 - root - INFO - Reading image header(readHeader16E)...
2022-05-03 21:07:46,702 - root - INFO - Image header was read:
2022-05-03 21:07:46,702 - root - INFO - Width: 16, Height: 16, RowLength: 32
2022-05-03 21:07:46,702 - root - INFO - datalength: 242, _step: 2
2022-05-03 21:07:46,702 - root - INFO - BPP: 16, Transparency: False
2022-05-03 21:07:46,703 - root - INFO - Resource 4 offset: 314988, length: 482...
2022-05-03 21:07:46,703 - root - DEBUG - Reading resource 4...
2022-05-03 21:07:46,703 - root - INFO - The image is bme.
2022-05-03 21:07:46,703 - root - INFO - Reading image header(readHeader16E)...
2022-05-03 21:07:46,703 - root - INFO - Image header was read:
2022-05-03 21:07:46,703 - root - INFO - Width: 16, Height: 16, RowLength: 32
2022-05-03 21:07:46,704 - root - INFO - datalength: 466, _step: 2
2022-05-03 21:07:46,704 - root - INFO - BPP: 16, Transparency: False
2022-05-03 21:07:46,704 - root - INFO - Resource 5 offset: 315470, length: 484...
2022-05-03 21:07:46,705 - root - DEBUG - Reading resource 5...
2022-05-03 21:07:46,705 - root - INFO - The image is bme.
2022-05-03 21:07:46,705 - root - INFO - Reading image header(readHeader16E)...
2022-05-03 21:07:46,705 - root - INFO - Image header was read:
2022-05-03 21:07:46,705 - root - INFO - Width: 16, Height: 16, RowLength: 32
2022-05-03 21:07:46,705 - root - INFO - datalength: 468, _step: 2
2022-05-03 21:07:46,705 - root - INFO - BPP: 16, Transparency: False
2022-05-03 21:07:46,706 - root - INFO - Resource 6 offset: 315954, length: 418...
2022-05-03 21:07:46,706 - root - DEBUG - Reading resource 6...
2022-05-03 21:07:46,706 - root - INFO - The image is bme.
2022-05-03 21:07:46,706 - root - INFO - Reading image header(readHeader16E)...
2022-05-03 21:07:46,706 - root - INFO - Image header was read:
2022-05-03 21:07:46,706 - root - INFO - Width: 16, Height: 16, RowLength: 32
2022-05-03 21:07:46,706 - root - INFO - datalength: 402, _step: 2
2022-05-03 21:07:46,707 - root - INFO - BPP: 16, Transparency: False
2022-05-03 21:07:46,707 - root - INFO - Resource 7 offset: 316372, length: 484...
2022-05-03 21:07:46,708 - root - DEBUG - Reading resource 7...
2022-05-03 21:07:46,708 - root - INFO - The image is bme.
2022-05-03 21:07:46,708 - root - INFO - Reading image header(readHeader16E)...
2022-05-03 21:07:46,708 - root - INFO - Image header was read:
2022-05-03 21:07:46,708 - root - INFO - Width: 16, Height: 16, RowLength: 32
2022-05-03 21:07:46,708 - root - INFO - datalength: 468, _step: 2
2022-05-03 21:07:46,708 - root - INFO - BPP: 16, Transparency: False
2022-05-03 21:07:46,709 - root - INFO - Resource 8 offset: 316856, length: 482...
2022-05-03 21:07:46,709 - root - DEBUG - Reading resource 8...
2022-05-03 21:07:46,709 - root - INFO - The image is bme.
2022-05-03 21:07:46,709 - root - INFO - Reading image header(readHeader16E)...
2022-05-03 21:07:46,709 - root - INFO - Image header was read:
2022-05-03 21:07:46,709 - root - INFO - Width: 16, Height: 16, RowLength: 32
2022-05-03 21:07:46,709 - root - INFO - datalength: 466, _step: 2
2022-05-03 21:07:46,709 - root - INFO - BPP: 16, Transparency: False
2022-05-03 21:07:46,710 - root - INFO - Resource 9 offset: 317338, length: 366...
2022-05-03 21:07:46,710 - root - DEBUG - Reading resource 9...
2022-05-03 21:07:46,710 - root - INFO - The image is bme.
2022-05-03 21:07:46,711 - root - INFO - Reading image header(readHeader16E)...
2022-05-03 21:07:46,711 - root - INFO - Image header was read:
2022-05-03 21:07:46,711 - root - INFO - Width: 16, Height: 16, RowLength: 32
2022-05-03 21:07:46,711 - root - INFO - datalength: 350, _step: 2
2022-05-03 21:07:46,711 - root - INFO - BPP: 16, Transparency: False
2022-05-03 21:07:46,711 - root - INFO - Resource 10 offset: 317704, length: 484...
2022-05-03 21:07:46,712 - root - DEBUG - Reading resource 10...
2022-05-03 21:07:46,712 - root - INFO - The image is bme.
2022-05-03 21:07:46,712 - root - INFO - Reading image header(readHeader16E)...
2022-05-03 21:07:46,712 - root - INFO - Image header was read:
2022-05-03 21:07:46,712 - root - INFO - Width: 16, Height: 16, RowLength: 32
2022-05-03 21:07:46,712 - root - INFO - datalength: 468, _step: 2
2022-05-03 21:07:46,712 - root - INFO - BPP: 16, Transparency: False
2022-05-03 21:07:46,713 - root - INFO - Resource 11 offset: 318188, length: 480...
2022-05-03 21:07:46,713 - root - DEBUG - Reading resource 11...
2022-05-03 21:07:46,714 - root - INFO - The image is bme.
2022-05-03 21:07:46,714 - root - INFO - Reading image header(readHeader16E)...
2022-05-03 21:07:46,714 - root - INFO - Image header was read:
2022-05-03 21:07:46,714 - root - INFO - Width: 16, Height: 16, RowLength: 32
2022-05-03 21:07:46,714 - root - INFO - datalength: 464, _step: 2
2022-05-03 21:07:46,714 - root - INFO - BPP: 16, Transparency: False
2022-05-03 21:07:46,715 - root - INFO - Resource 12 offset: 318668, length: 17056...
2022-05-03 21:07:46,715 - root - DEBUG - Reading resource 12...
2022-05-03 21:07:46,715 - root - INFO - The image is bmc.
2022-05-03 21:07:46,715 - root - INFO - Reading image header(readHeader16C)...
2022-05-03 21:07:46,715 - root - INFO - Image header was read:
2022-05-03 21:07:46,715 - root - INFO - Width: 40, Height: 142, RowLength: 120
2022-05-03 21:07:46,715 - root - INFO - _step: 3, unknown2: 0,
2022-05-03 21:07:46,715 - root - INFO - BPP: 24, Transparency: False
2022-05-03 21:07:46,737 - root - INFO - Resource 13 offset: 335724, length: 26536...
2022-05-03 21:07:46,737 - root - DEBUG - Reading resource 13...
2022-05-03 21:07:46,737 - root - INFO - The image is bmc.
2022-05-03 21:07:46,737 - root - INFO - Reading image header(readHeader16C)...
2022-05-03 21:07:46,737 - root - INFO - Image header was read:
2022-05-03 21:07:46,737 - root - INFO - Width: 52, Height: 170, RowLength: 156
2022-05-03 21:07:46,737 - root - INFO - _step: 3, unknown2: 0,
2022-05-03 21:07:46,737 - root - INFO - BPP: 24, Transparency: False
2022-05-03 21:07:46,777 - root - INFO - Resource 14 offset: 362260, length: 766...
2022-05-03 21:07:46,777 - root - DEBUG - Reading resource 14...
2022-05-03 21:07:46,777 - root - INFO - The image is bme.
2022-05-03 21:07:46,777 - root - INFO - Reading image header(readHeader16E)...
2022-05-03 21:07:46,777 - root - INFO - Image header was read:
2022-05-03 21:07:46,777 - root - INFO - Width: 22, Height: 22, RowLength: 44
2022-05-03 21:07:46,777 - root - INFO - datalength: 750, _step: 2
2022-05-03 21:07:46,777 - root - INFO - BPP: 16, Transparency: False
2022-05-03 21:07:46,779 - root - INFO - Resource 15 offset: 363026, length: 378...
2022-05-03 21:07:46,779 - root - DEBUG - Reading resource 15...
2022-05-03 21:07:46,779 - root - INFO - The image is bme.
2022-05-03 21:07:46,779 - root - INFO - Reading image header(readHeader16E)...
2022-05-03 21:07:46,779 - root - INFO - Image header was read:
2022-05-03 21:07:46,779 - root - INFO - Width: 22, Height: 22, RowLength: 44
2022-05-03 21:07:46,779 - root - INFO - datalength: 362, _step: 2
2022-05-03 21:07:46,779 - root - INFO - BPP: 16, Transparency: False
2022-05-03 21:07:46,780 - root - INFO - Resource 16 offset: 363404, length: 794...
2022-05-03 21:07:46,780 - root - DEBUG - Reading resource 16...
2022-05-03 21:07:46,780 - root - INFO - The image is bme.
2022-05-03 21:07:46,780 - root - INFO - Reading image header(readHeader16E)...
2022-05-03 21:07:46,780 - root - INFO - Image header was read:
2022-05-03 21:07:46,780 - root - INFO - Width: 22, Height: 22, RowLength: 44
2022-05-03 21:07:46,781 - root - INFO - datalength: 778, _step: 2
2022-05-03 21:07:46,781 - root - INFO - BPP: 16, Transparency: False
2022-05-03 21:07:46,782 - root - INFO - Resource 17 offset: 364198, length: 796...
2022-05-03 21:07:46,782 - root - DEBUG - Reading resource 17...
2022-05-03 21:07:46,782 - root - INFO - The image is bme.
2022-05-03 21:07:46,782 - root - INFO - Reading image header(readHeader16E)...
2022-05-03 21:07:46,782 - root - INFO - Image header was read:
2022-05-03 21:07:46,782 - root - INFO - Width: 22, Height: 22, RowLength: 44
2022-05-03 21:07:46,782 - root - INFO - datalength: 780, _step: 2
2022-05-03 21:07:46,783 - root - INFO - BPP: 16, Transparency: False
2022-05-03 21:07:46,784 - root - INFO - Resource 18 offset: 364994, length: 670...
2022-05-03 21:07:46,784 - root - DEBUG - Reading resource 18...
2022-05-03 21:07:46,784 - root - INFO - The image is bme.
2022-05-03 21:07:46,784 - root - INFO - Reading image header(readHeader16E)...
2022-05-03 21:07:46,784 - root - INFO - Image header was read:
2022-05-03 21:07:46,784 - root - INFO - Width: 22, Height: 22, RowLength: 44
2022-05-03 21:07:46,784 - root - INFO - datalength: 654, _step: 2
2022-05-03 21:07:46,785 - root - INFO - BPP: 16, Transparency: False
2022-05-03 21:07:46,786 - root - INFO - Resource 19 offset: 365664, length: 804...
2022-05-03 21:07:46,786 - root - DEBUG - Reading resource 19...
2022-05-03 21:07:46,786 - root - INFO - The image is bme.
2022-05-03 21:07:46,786 - root - INFO - Reading image header(readHeader16E)...
2022-05-03 21:07:46,786 - root - INFO - Image header was read:
2022-05-03 21:07:46,786 - root - INFO - Width: 22, Height: 22, RowLength: 44
2022-05-03 21:07:46,786 - root - INFO - datalength: 788, _step: 2
2022-05-03 21:07:46,786 - root - INFO - BPP: 16, Transparency: False
2022-05-03 21:07:46,788 - root - INFO - Resource 20 offset: 366468, length: 798...
2022-05-03 21:07:46,788 - root - DEBUG - Reading resource 20...
2022-05-03 21:07:46,788 - root - INFO - The image is bme.
2022-05-03 21:07:46,788 - root - INFO - Reading image header(readHeader16E)...
2022-05-03 21:07:46,788 - root - INFO - Image header was read:
2022-05-03 21:07:46,788 - root - INFO - Width: 22, Height: 22, RowLength: 44
2022-05-03 21:07:46,789 - root - INFO - datalength: 782, _step: 2
2022-05-03 21:07:46,789 - root - INFO - BPP: 16, Transparency: False
2022-05-03 21:07:46,790 - root - INFO - Resource 21 offset: 367266, length: 564...
2022-05-03 21:07:46,790 - root - DEBUG - Reading resource 21...
2022-05-03 21:07:46,790 - root - INFO - The image is bme.
2022-05-03 21:07:46,790 - root - INFO - Reading image header(readHeader16E)...
2022-05-03 21:07:46,790 - root - INFO - Image header was read:
2022-05-03 21:07:46,790 - root - INFO - Width: 22, Height: 22, RowLength: 44
2022-05-03 21:07:46,790 - root - INFO - datalength: 548, _step: 2
2022-05-03 21:07:46,791 - root - INFO - BPP: 16, Transparency: False
2022-05-03 21:07:46,792 - root - INFO - Resource 22 offset: 367830, length: 792...
2022-05-03 21:07:46,792 - root - DEBUG - Reading resource 22...
2022-05-03 21:07:46,792 - root - INFO - The image is bme.
2022-05-03 21:07:46,792 - root - INFO - Reading image header(readHeader16E)...
2022-05-03 21:07:46,792 - root - INFO - Image header was read:
2022-05-03 21:07:46,792 - root - INFO - Width: 22, Height: 22, RowLength: 44
2022-05-03 21:07:46,792 - root - INFO - datalength: 776, _step: 2
2022-05-03 21:07:46,792 - root - INFO - BPP: 16, Transparency: False
2022-05-03 21:07:46,793 - root - INFO - Resource 23 offset: 368622, length: 782...
2022-05-03 21:07:46,793 - root - DEBUG - Reading resource 23...
2022-05-03 21:07:46,794 - root - INFO - The image is bme.
2022-05-03 21:07:46,794 - root - INFO - Reading image header(readHeader16E)...
2022-05-03 21:07:46,794 - root - INFO - Image header was read:
2022-05-03 21:07:46,794 - root - INFO - Width: 22, Height: 22, RowLength: 44
2022-05-03 21:07:46,794 - root - INFO - datalength: 766, _step: 2
2022-05-03 21:07:46,794 - root - INFO - BPP: 16, Transparency: False
2022-05-03 21:07:46,795 - root - INFO - Resource 24 offset: 369404, length: 766...
2022-05-03 21:07:46,795 - root - DEBUG - Reading resource 24...
2022-05-03 21:07:46,795 - root - INFO - The image is bme.
2022-05-03 21:07:46,796 - root - INFO - Reading image header(readHeader16E)...
2022-05-03 21:07:46,796 - root - INFO - Image header was read:
2022-05-03 21:07:46,796 - root - INFO - Width: 22, Height: 22, RowLength: 44
2022-05-03 21:07:46,796 - root - INFO - datalength: 750, _step: 2
2022-05-03 21:07:46,796 - root - INFO - BPP: 16, Transparency: False
2022-05-03 21:07:46,798 - root - INFO - Resource 25 offset: 370170, length: 378...
2022-05-03 21:07:46,798 - root - DEBUG - Reading resource 25...
2022-05-03 21:07:46,798 - root - INFO - The image is bme.
2022-05-03 21:07:46,798 - root - INFO - Reading image header(readHeader16E)...
2022-05-03 21:07:46,798 - root - INFO - Image header was read:
2022-05-03 21:07:46,798 - root - INFO - Width: 22, Height: 22, RowLength: 44
2022-05-03 21:07:46,798 - root - INFO - datalength: 362, _step: 2
2022-05-03 21:07:46,798 - root - INFO - BPP: 16, Transparency: False
2022-05-03 21:07:46,799 - root - INFO - Resource 26 offset: 370548, length: 794...
2022-05-03 21:07:46,799 - root - DEBUG - Reading resource 26...
2022-05-03 21:07:46,799 - root - INFO - The image is bme.
2022-05-03 21:07:46,799 - root - INFO - Reading image header(readHeader16E)...
2022-05-03 21:07:46,799 - root - INFO - Image header was read:
2022-05-03 21:07:46,799 - root - INFO - Width: 22, Height: 22, RowLength: 44
2022-05-03 21:07:46,799 - root - INFO - datalength: 778, _step: 2
2022-05-03 21:07:46,799 - root - INFO - BPP: 16, Transparency: False
2022-05-03 21:07:46,801 - root - INFO - Resource 27 offset: 371342, length: 796...
2022-05-03 21:07:46,801 - root - DEBUG - Reading resource 27...
2022-05-03 21:07:46,801 - root - INFO - The image is bme.
2022-05-03 21:07:46,801 - root - INFO - Reading image header(readHeader16E)...
2022-05-03 21:07:46,801 - root - INFO - Image header was read:
2022-05-03 21:07:46,801 - root - INFO - Width: 22, Height: 22, RowLength: 44
2022-05-03 21:07:46,801 - root - INFO - datalength: 780, _step: 2
2022-05-03 21:07:46,801 - root - INFO - BPP: 16, Transparency: False
2022-05-03 21:07:46,803 - root - INFO - Resource 28 offset: 372138, length: 670...
2022-05-03 21:07:46,803 - root - DEBUG - Reading resource 28...
2022-05-03 21:07:46,803 - root - INFO - The image is bme.
2022-05-03 21:07:46,803 - root - INFO - Reading image header(readHeader16E)...
2022-05-03 21:07:46,803 - root - INFO - Image header was read:
2022-05-03 21:07:46,803 - root - INFO - Width: 22, Height: 22, RowLength: 44
2022-05-03 21:07:46,803 - root - INFO - datalength: 654, _step: 2
2022-05-03 21:07:46,803 - root - INFO - BPP: 16, Transparency: False
2022-05-03 21:07:46,804 - root - INFO - Resource 29 offset: 372808, length: 804...
2022-05-03 21:07:46,804 - root - DEBUG - Reading resource 29...
2022-05-03 21:07:46,805 - root - INFO - The image is bme.
2022-05-03 21:07:46,805 - root - INFO - Reading image header(readHeader16E)...
2022-05-03 21:07:46,805 - root - INFO - Image header was read:
2022-05-03 21:07:46,805 - root - INFO - Width: 22, Height: 22, RowLength: 44
2022-05-03 21:07:46,805 - root - INFO - datalength: 788, _step: 2
2022-05-03 21:07:46,805 - root - INFO - BPP: 16, Transparency: False
2022-05-03 21:07:46,806 - root - INFO - Resource 30 offset: 373612, length: 798...
2022-05-03 21:07:46,806 - root - DEBUG - Reading resource 30...
2022-05-03 21:07:46,806 - root - INFO - The image is bme.
2022-05-03 21:07:46,807 - root - INFO - Reading image header(readHeader16E)...
2022-05-03 21:07:46,807 - root - INFO - Image header was read:
2022-05-03 21:07:46,807 - root - INFO - Width: 22, Height: 22, RowLength: 44
2022-05-03 21:07:46,807 - root - INFO - datalength: 782, _step: 2
2022-05-03 21:07:46,807 - root - INFO - BPP: 16, Transparency: False
2022-05-03 21:07:46,809 - root - INFO - Resource 31 offset: 374410, length: 564...
2022-05-03 21:07:46,809 - root - DEBUG - Reading resource 31...
2022-05-03 21:07:46,809 - root - INFO - The image is bme.
2022-05-03 21:07:46,809 - root - INFO - Reading image header(readHeader16E)...
2022-05-03 21:07:46,809 - root - INFO - Image header was read:
2022-05-03 21:07:46,809 - root - INFO - Width: 22, Height: 22, RowLength: 44
2022-05-03 21:07:46,809 - root - INFO - datalength: 548, _step: 2
2022-05-03 21:07:46,809 - root - INFO - BPP: 16, Transparency: False
2022-05-03 21:07:46,810 - root - INFO - Resource 32 offset: 374974, length: 792...
2022-05-03 21:07:46,810 - root - DEBUG - Reading resource 32...
2022-05-03 21:07:46,810 - root - INFO - The image is bme.
2022-05-03 21:07:46,810 - root - INFO - Reading image header(readHeader16E)...
2022-05-03 21:07:46,811 - root - INFO - Image header was read:
2022-05-03 21:07:46,811 - root - INFO - Width: 22, Height: 22, RowLength: 44
2022-05-03 21:07:46,811 - root - INFO - datalength: 776, _step: 2
2022-05-03 21:07:46,811 - root - INFO - BPP: 16, Transparency: False
2022-05-03 21:07:46,812 - root - INFO - Resource 33 offset: 375766, length: 782...
2022-05-03 21:07:46,812 - root - DEBUG - Reading resource 33...
2022-05-03 21:07:46,812 - root - INFO - The image is bme.
2022-05-03 21:07:46,812 - root - INFO - Reading image header(readHeader16E)...
2022-05-03 21:07:46,812 - root - INFO - Image header was read:
2022-05-03 21:07:46,813 - root - INFO - Width: 22, Height: 22, RowLength: 44
2022-05-03 21:07:46,813 - root - INFO - datalength: 766, _step: 2
2022-05-03 21:07:46,813 - root - INFO - BPP: 16, Transparency: False
2022-05-03 21:07:46,814 - root - INFO - Resource 34 offset: 376548, length: 17056...
2022-05-03 21:07:46,814 - root - DEBUG - Reading resource 34...
2022-05-03 21:07:46,814 - root - INFO - The image is bmc.
2022-05-03 21:07:46,814 - root - INFO - Reading image header(readHeader16C)...
2022-05-03 21:07:46,814 - root - INFO - Image header was read:
2022-05-03 21:07:46,814 - root - INFO - Width: 40, Height: 142, RowLength: 120
2022-05-03 21:07:46,815 - root - INFO - _step: 3, unknown2: 0,
2022-05-03 21:07:46,815 - root - INFO - BPP: 24, Transparency: False
2022-05-03 21:07:46,844 - root - INFO - Resource 35 offset: 393604, length: 26536...
2022-05-03 21:07:46,844 - root - DEBUG - Reading resource 35...
2022-05-03 21:07:46,844 - root - INFO - The image is bmc.
2022-05-03 21:07:46,844 - root - INFO - Reading image header(readHeader16C)...
2022-05-03 21:07:46,844 - root - INFO - Image header was read:
2022-05-03 21:07:46,844 - root - INFO - Width: 52, Height: 170, RowLength: 156
2022-05-03 21:07:46,844 - root - INFO - _step: 3, unknown2: 0,
2022-05-03 21:07:46,844 - root - INFO - BPP: 24, Transparency: False
2022-05-03 21:07:47,013 - root - DEBUG - Parsing parameters...
2022-05-03 21:07:47,675 - root - DEBUG - 0 Value: None
2022-05-03 21:07:47,675 - root - DEBUG - 0.1 Value: 73
2022-05-03 21:07:47,675 - root - DEBUG - 2 Value: None
2022-05-03 21:07:47,676 - root - DEBUG - 2.1 Value: None
2022-05-03 21:07:47,676 - root - DEBUG - 2.1.1 Value: 0
2022-05-03 21:07:47,676 - root - DEBUG - 2.1.2 Value: 0
2022-05-03 21:07:47,676 - root - DEBUG - 2.1.3 Value: 0
2022-05-03 21:07:47,676 - root - DEBUG - 2.3 Value: None
2022-05-03 21:07:47,677 - root - DEBUG - 2.3.1 Value: 0
2022-05-03 21:07:47,677 - root - DEBUG - 2.3.2 Value: 0
2022-05-03 21:07:47,677 - root - DEBUG - 2.3.3 Value: 1
2022-05-03 21:07:47,677 - root - DEBUG - 2.4 Value: None
2022-05-03 21:07:47,677 - root - DEBUG - 2.4.1 Value: 0
2022-05-03 21:07:47,677 - root - DEBUG - 2.4.2 Value: 0
2022-05-03 21:07:47,677 - root - DEBUG - 2.4.3 Value: 1
2022-05-03 21:07:47,677 - root - DEBUG - 2.5 Value: None
2022-05-03 21:07:47,677 - root - DEBUG - 2.5.1 Value: 0
2022-05-03 21:07:47,677 - root - DEBUG - 2.5.2 Value: 0
2022-05-03 21:07:47,677 - root - DEBUG - 2.5.3 Value: 1
2022-05-03 21:07:47,677 - root - DEBUG - 5 Value: None
2022-05-03 21:07:47,678 - root - DEBUG - 5.1 Value: None
2022-05-03 21:07:47,678 - root - DEBUG - 5.1.9 Value: None
2022-05-03 21:07:47,678 - root - DEBUG - 5.1.9.3 Value: None
2022-05-03 21:07:47,678 - root - DEBUG - 5.1.9.3.1 Value: 121
2022-05-03 21:07:47,678 - root - DEBUG - 5.1.9.3.2 Value: 259
2022-05-03 21:07:47,678 - root - DEBUG - 5.1.9.3.3 Value: 181
2022-05-03 21:07:47,678 - root - DEBUG - 5.1.9.3.4 Value: 279
2022-05-03 21:07:47,679 - root - DEBUG - 5.1.9.3.5 Value: 24
2022-05-03 21:07:47,679 - root - DEBUG - 5.1.9.3.6 Value: 0
2022-05-03 21:07:47,680 - root - DEBUG - 5.1.9.3.7 Value: 0
2022-05-03 21:07:47,680 - root - DEBUG - 5.1.9.3.8 Value: 2
2022-05-03 21:07:47,680 - root - DEBUG - 5.1.9.3.9 Value: 10
2022-05-03 21:07:47,681 - root - DEBUG - 5.1.9.4 Value: 0
2022-05-03 21:07:47,681 - root - DEBUG - 5.1.9.5 Value: 0
2022-05-03 21:07:47,682 - root - DEBUG - 5.1.4 Value: 1
2022-05-03 21:07:47,682 - root - DEBUG - 5.1.5 Value: 1
2022-05-03 21:07:47,687 - root - DEBUG - 5.1.6 Value: 0
2022-05-03 21:07:47,689 - root - DEBUG - 20 Value: None
2022-05-03 21:07:47,690 - root - DEBUG - 20.2 Value: None
2022-05-03 21:07:47,690 - root - DEBUG - 20.2.1 Value: 153
2022-05-03 21:07:47,690 - root - DEBUG - 20.2.2 Value: 177
2022-05-03 21:07:47,690 - root - DEBUG - 20.3 Value: None
2022-05-03 21:07:47,691 - root - DEBUG - 20.3.1 Value: 12
2022-05-03 21:07:47,691 - root - DEBUG - 20.3.2 Value: 115
2022-05-03 21:07:47,692 - root - DEBUG - 20.4 Value: None
2022-05-03 21:07:47,692 - root - DEBUG - 20.4.1 Value: 13
2022-05-03 21:07:47,693 - root - DEBUG - 20.4.2 Value: 135
2022-05-03 21:07:47,693 - root - DEBUG - 21 Value: None
2022-05-03 21:07:47,694 - root - DEBUG - 21.1 Value: None
2022-05-03 21:07:47,694 - root - DEBUG - 21.1.1 Value: 104
2022-05-03 21:07:47,694 - root - DEBUG - 21.1.2 Value: 234
2022-05-03 21:07:47,695 - root - DEBUG - 21.1.3 Value: 154
2022-05-03 21:07:47,695 - root - DEBUG - 21.1.4 Value: 254
2022-05-03 21:07:47,695 - root - DEBUG - 21.1.5 Value: 18
2022-05-03 21:07:47,695 - root - DEBUG - 21.1.6 Value: 0
2022-05-03 21:07:47,695 - root - DEBUG - 21.1.7 Value: 0
2022-05-03 21:07:47,695 - root - DEBUG - 21.1.8 Value: 14
2022-05-03 21:07:47,695 - root - DEBUG - 21.1.9 Value: 10
2022-05-03 21:07:47,695 - root - DEBUG - 21.3 Value: 1
2022-05-03 21:07:47,696 - root - DEBUG - 21.6 Value: 0
2022-05-03 21:07:47,696 - root - DEBUG - 21.8 Value: None
2022-05-03 21:07:47,696 - root - DEBUG - 21.8.1 Value: 1
2022-05-03 21:07:47,696 - root - DEBUG - 21.8.2 Value: None
2022-05-03 21:07:47,696 - root - DEBUG - 21.8.2.1 Value: 155
2022-05-03 21:07:47,696 - root - DEBUG - 21.8.2.2 Value: 234
2022-05-03 21:07:47,697 - root - DEBUG - 21.8.2.3 Value: 205
2022-05-03 21:07:47,697 - root - DEBUG - 21.8.2.4 Value: 254
2022-05-03 21:07:47,697 - root - DEBUG - 21.8.2.5 Value: 18
2022-05-03 21:07:47,697 - root - DEBUG - 21.8.2.6 Value: 0
2022-05-03 21:07:47,697 - root - DEBUG - 21.8.2.7 Value: 0
2022-05-03 21:07:47,697 - root - DEBUG - 21.8.2.8 Value: 24
2022-05-03 21:07:47,697 - root - DEBUG - 21.8.2.9 Value: 10
2022-05-03 21:07:47,697 - root - DEBUG - 21.8.4 Value: 1
2022-05-03 21:07:47,697 - root - DEBUG - 21.8.5 Value: 1
2022-05-03 21:07:47,697 - root - DEBUG - 21.8.8 Value: 0
2022-05-03 21:07:47,697 - root - DEBUG - 21.8.9 Value: 0
2022-05-03 21:07:47,697 - root - DEBUG - 29 Value: None
2022-05-03 21:07:47,697 - root - DEBUG - 29.1 Value: None
2022-05-03 21:07:47,698 - root - DEBUG - 29.1.3 Value: None
2022-05-03 21:07:47,698 - root - DEBUG - 29.1.3.1 Value: None
2022-05-03 21:07:47,698 - root - DEBUG - 29.1.3.1.1 Value: 153
2022-05-03 21:07:47,698 - root - DEBUG - 29.1.3.1.2 Value: 177
2022-05-03 21:07:47,698 - root - DEBUG - 29.1.3.2 Value: None
2022-05-03 21:07:47,698 - root - DEBUG - 29.1.3.2.1 Value: 34
2022-05-03 21:07:47,698 - root - DEBUG - 29.1.3.2.2 Value: 115
2022-05-03 21:07:47,698 - root - DEBUG - 29.1.3.3 Value: None
2022-05-03 21:07:47,698 - root - DEBUG - 29.1.3.3.1 Value: 35
2022-05-03 21:07:47,698 - root - DEBUG - 29.1.3.3.2 Value: 135
2022-05-03 21:07:47,698 - root - DEBUG - 0-Info
2022-05-03 21:07:47,698 - root - DEBUG - 0.1-DeviceId
2022-05-03 21:07:47,699 - root - DEBUG - 2-Background
2022-05-03 21:07:47,699 - root - DEBUG - 2.1-Image
2022-05-03 21:07:47,699 - root - DEBUG - 2.1.1-X
2022-05-03 21:07:47,699 - root - DEBUG - 2.1.2-Y
2022-05-03 21:07:47,699 - root - DEBUG - 2.1.3-ImageIndex
2022-05-03 21:07:47,699 - root - DEBUG - 2.3-Preview
2022-05-03 21:07:47,699 - root - DEBUG - 2.3.1-X
2022-05-03 21:07:47,699 - root - DEBUG - 2.3.2-Y
2022-05-03 21:07:47,700 - root - DEBUG - 2.3.3-ImageIndex
2022-05-03 21:07:47,700 - root - DEBUG - 2.4-PreviewTradChinese
2022-05-03 21:07:47,700 - root - DEBUG - 2.4.1-X
2022-05-03 21:07:47,700 - root - DEBUG - 2.4.2-Y
2022-05-03 21:07:47,700 - root - DEBUG - 2.4.3-ImageIndex
2022-05-03 21:07:47,700 - root - DEBUG - 2.5-PreviewChinese
2022-05-03 21:07:47,701 - root - DEBUG - 2.5.1-X
2022-05-03 21:07:47,701 - root - DEBUG - 2.5.2-Y
2022-05-03 21:07:47,701 - root - DEBUG - 2.5.3-ImageIndex
2022-05-03 21:07:47,701 - root - DEBUG - 5-DateBlock
2022-05-03 21:07:47,701 - root - DEBUG - 5.1-Date
2022-05-03 21:07:47,701 - root - DEBUG - 5.1.9-YearMonthAndDay
2022-05-03 21:07:47,701 - root - DEBUG - 5.1.9.3-Day
2022-05-03 21:07:47,701 - root - DEBUG - 5.1.9.3.1-TopLeftX
2022-05-03 21:07:47,701 - root - DEBUG - 5.1.9.3.2-TopLeftY
2022-05-03 21:07:47,702 - root - DEBUG - 5.1.9.3.3-BottomRightX
2022-05-03 21:07:47,702 - root - DEBUG - 5.1.9.3.4-BottomRightY
2022-05-03 21:07:47,702 - root - DEBUG - 5.1.9.3.5-Alignment
2022-05-03 21:07:47,702 - root - DEBUG - 5.1.9.3.6-Spacing
2022-05-03 21:07:47,702 - root - DEBUG - 5.1.9.3.7-VerticalOffset
2022-05-03 21:07:47,702 - root - DEBUG - 5.1.9.3.8-ImageIndex
2022-05-03 21:07:47,702 - root - DEBUG - 5.1.9.3.9-ImagesCount
2022-05-03 21:07:47,702 - root - DEBUG - 5.1.9.4-MonthFollowsYear
2022-05-03 21:07:47,703 - root - DEBUG - 5.1.9.5-DayFollowsMonth
2022-05-03 21:07:47,703 - root - DEBUG - 5.1.4-PaddingZeroMonth
2022-05-03 21:07:47,703 - root - DEBUG - 5.1.5-PaddingZeroDay
2022-05-03 21:07:47,703 - root - DEBUG - 5.1.6-UnknownBoolean6
2022-05-03 21:07:47,704 - root - DEBUG - 20-TimeAnalog
2022-05-03 21:07:47,704 - root - DEBUG - 20.2-CommonCenterCoordinates
2022-05-03 21:07:47,704 - root - DEBUG - 20.2.1-X
2022-05-03 21:07:47,704 - root - DEBUG - 20.2.2-Y
2022-05-03 21:07:47,704 - root - DEBUG - 20.3-Hours
2022-05-03 21:07:47,704 - root - DEBUG - 20.3.1-ImageIndex
2022-05-03 21:07:47,705 - root - DEBUG - 20.3.2-PointerCenterOfRotationY
2022-05-03 21:07:47,711 - root - DEBUG - 20.4-Minutes
2022-05-03 21:07:47,712 - root - DEBUG - 20.4.1-ImageIndex
2022-05-03 21:07:47,712 - root - DEBUG - 20.4.2-PointerCenterOfRotationY
2022-05-03 21:07:47,712 - root - DEBUG - 21-TimeDigital
2022-05-03 21:07:47,712 - root - DEBUG - 21.1-Hours
2022-05-03 21:07:47,712 - root - DEBUG - 21.1.1-TopLeftX
2022-05-03 21:07:47,712 - root - DEBUG - 21.1.2-TopLeftY
2022-05-03 21:07:47,713 - root - DEBUG - 21.1.3-BottomRightX
2022-05-03 21:07:47,713 - root - DEBUG - 21.1.4-BottomRightY
2022-05-03 21:07:47,713 - root - DEBUG - 21.1.5-Alignment
2022-05-03 21:07:47,713 - root - DEBUG - 21.1.6-Spacing
2022-05-03 21:07:47,713 - root - DEBUG - 21.1.7-VerticalOffset
2022-05-03 21:07:47,714 - root - DEBUG - 21.1.8-ImageIndex
2022-05-03 21:07:47,714 - root - DEBUG - 21.1.9-ImagesCount
2022-05-03 21:07:47,714 - root - DEBUG - 21.3-PaddingZeroHours
2022-05-03 21:07:47,714 - root - DEBUG - 21.6-HoursFollowPosition
2022-05-03 21:07:47,714 - root - DEBUG - 21.8-Time
2022-05-03 21:07:47,714 - root - DEBUG - 21.8.1-Unknown1
2022-05-03 21:07:47,714 - root - DEBUG - 21.8.2-Minutes
2022-05-03 21:07:47,714 - root - DEBUG - 21.8.2.1-TopLeftX
2022-05-03 21:07:47,714 - root - DEBUG - 21.8.2.2-TopLeftY
2022-05-03 21:07:47,715 - root - DEBUG - 21.8.2.3-BottomRightX
2022-05-03 21:07:47,715 - root - DEBUG - 21.8.2.4-BottomRightY
2022-05-03 21:07:47,715 - root - DEBUG - 21.8.2.5-Alignment
2022-05-03 21:07:47,715 - root - DEBUG - 21.8.2.6-Spacing
2022-05-03 21:07:47,715 - root - DEBUG - 21.8.2.7-VerticalOffset
2022-05-03 21:07:47,715 - root - DEBUG - 21.8.2.8-ImageIndex
2022-05-03 21:07:47,715 - root - DEBUG - 21.8.2.9-ImagesCount
2022-05-03 21:07:47,715 - root - DEBUG - 21.8.4-PaddingZeroMinutes
2022-05-03 21:07:47,716 - root - DEBUG - 21.8.5-PaddingZeroSeconds
2022-05-03 21:07:47,716 - root - DEBUG - 21.8.8-MinutesFollowHours
2022-05-03 21:07:47,716 - root - DEBUG - 21.8.9-SecondsFollowMinutes
2022-05-03 21:07:47,716 - root - DEBUG - 29-AlwaysOnDisplay
2022-05-03 21:07:47,716 - root - DEBUG - 29.1-TimeExtended
2022-05-03 21:07:47,716 - root - DEBUG - 29.1.3-TimeAnalog
2022-05-03 21:07:47,716 - root - DEBUG - 29.1.3.1-CommonCenterCoordinates
2022-05-03 21:07:47,716 - root - DEBUG - 29.1.3.1.1-X
2022-05-03 21:07:47,716 - root - DEBUG - 29.1.3.1.2-Y
2022-05-03 21:07:47,716 - root - DEBUG - 29.1.3.2-Hours
2022-05-03 21:07:47,717 - root - DEBUG - 29.1.3.2.1-ImageIndex
2022-05-03 21:07:47,717 - root - DEBUG - 29.1.3.2.2-PointerCenterOfRotationY
2022-05-03 21:07:47,717 - root - DEBUG - 29.1.3.3-Minutes
2022-05-03 21:07:47,717 - root - DEBUG - 29.1.3.3.1-ImageIndex
2022-05-03 21:07:47,717 - root - DEBUG - 29.1.3.3.2-PointerCenterOfRotationY
2022-05-03 21:07:47,717 - root - DEBUG - generatePreviews
2022-05-03 21:07:47,717 - root - DEBUG - Generating previews...
2022-05-03 21:07:47,719 - root - DEBUG - Generating states done...
2022-05-03 21:07:47,765 - root - DEBUG - >>>>>>>>>>>> 0 <watchFaceParser.models.parameter.Parameter object at 0x000002E506631788>
2022-05-03 21:07:47,765 - root - DEBUG - >>>>>>>>>>>> 2 <watchFaceParser.models.parameter.Parameter object at 0x000002E50662E688>
2022-05-03 21:07:47,780 - root - DEBUG - >>>>>>>>>>>> 5 <watchFaceParser.models.parameter.Parameter object at 0x000002E50662E348>
2022-05-03 21:07:47,792 - root - DEBUG - >>>>>>>>>>>> 20 <watchFaceParser.models.parameter.Parameter object at 0x000002E50662EE08>
2022-05-03 21:07:47,801 - root - DEBUG - >>>>>>>>>>>> 21 <watchFaceParser.models.parameter.Parameter object at 0x000002E50662E7C8>
2022-05-03 21:07:47,808 - root - DEBUG - >>>>>>>>>>>> 29 <watchFaceParser.models.parameter.Parameter object at 0x000002E5066317C8>
2022-05-03 21:07:47,855 - root - DEBUG - Generating static preview gen done...
2022-05-03 21:07:47,930 - root - DEBUG - Generating static preview save done...
2022-05-03 21:07:47,930 - root - DEBUG - Generating anim preview gen done...
2022-05-03 21:07:47,930 - root - DEBUG - >>>>>>>>>>>> 0 <watchFaceParser.models.parameter.Parameter object at 0x000002E506631788>
2022-05-03 21:07:47,930 - root - DEBUG - >>>>>>>>>>>> 2 <watchFaceParser.models.parameter.Parameter object at 0x000002E50662E688>
2022-05-03 21:07:47,931 - root - DEBUG - >>>>>>>>>>>> 5 <watchFaceParser.models.parameter.Parameter object at 0x000002E50662E348>
2022-05-03 21:07:47,931 - root - DEBUG - >>>>>>>>>>>> 20 <watchFaceParser.models.parameter.Parameter object at 0x000002E50662EE08>
2022-05-03 21:07:47,931 - root - DEBUG - >>>>>>>>>>>> 21 <watchFaceParser.models.parameter.Parameter object at 0x000002E50662E7C8>
2022-05-03 21:07:47,931 - root - DEBUG - >>>>>>>>>>>> 29 <watchFaceParser.models.parameter.Parameter object at 0x000002E5066317C8>
2022-05-03 21:07:48,394 - root - DEBUG - generatePreviews done
2022-05-03 21:07:48,394 - root - DEBUG - Exporting resources to 'E:\Codez\zepp-gts2mini-wf\79c778aa47d261065d5fd9c731f64934'
2022-05-03 21:07:48,396 - root - DEBUG - extracting E:\Codez\zepp-gts2mini-wf\79c778aa47d261065d5fd9c731f64934\0000.png...
2022-05-03 21:07:48,422 - root - DEBUG - extracting E:\Codez\zepp-gts2mini-wf\79c778aa47d261065d5fd9c731f64934\0001.png...
2022-05-03 21:07:48,437 - root - DEBUG - extracting E:\Codez\zepp-gts2mini-wf\79c778aa47d261065d5fd9c731f64934\0002.png...
2022-05-03 21:07:48,437 - root - DEBUG - extracting E:\Codez\zepp-gts2mini-wf\79c778aa47d261065d5fd9c731f64934\0003.png...
2022-05-03 21:07:48,437 - root - DEBUG - extracting E:\Codez\zepp-gts2mini-wf\79c778aa47d261065d5fd9c731f64934\0004.png...
2022-05-03 21:07:48,437 - root - DEBUG - extracting E:\Codez\zepp-gts2mini-wf\79c778aa47d261065d5fd9c731f64934\0005.png...
2022-05-03 21:07:48,441 - root - DEBUG - extracting E:\Codez\zepp-gts2mini-wf\79c778aa47d261065d5fd9c731f64934\0006.png...
2022-05-03 21:07:48,441 - root - DEBUG - extracting E:\Codez\zepp-gts2mini-wf\79c778aa47d261065d5fd9c731f64934\0007.png...
2022-05-03 21:07:48,441 - root - DEBUG - extracting E:\Codez\zepp-gts2mini-wf\79c778aa47d261065d5fd9c731f64934\0008.png...
2022-05-03 21:07:48,441 - root - DEBUG - extracting E:\Codez\zepp-gts2mini-wf\79c778aa47d261065d5fd9c731f64934\0009.png...
2022-05-03 21:07:48,441 - root - DEBUG - extracting E:\Codez\zepp-gts2mini-wf\79c778aa47d261065d5fd9c731f64934\0010.png...
2022-05-03 21:07:48,441 - root - DEBUG - extracting E:\Codez\zepp-gts2mini-wf\79c778aa47d261065d5fd9c731f64934\0011.png...
2022-05-03 21:07:48,441 - root - DEBUG - extracting E:\Codez\zepp-gts2mini-wf\79c778aa47d261065d5fd9c731f64934\0012.png...
2022-05-03 21:07:48,441 - root - DEBUG - extracting E:\Codez\zepp-gts2mini-wf\79c778aa47d261065d5fd9c731f64934\0013.png...
2022-05-03 21:07:48,441 - root - DEBUG - extracting E:\Codez\zepp-gts2mini-wf\79c778aa47d261065d5fd9c731f64934\0014.png...
2022-05-03 21:07:48,453 - root - DEBUG - extracting E:\Codez\zepp-gts2mini-wf\79c778aa47d261065d5fd9c731f64934\0015.png...
2022-05-03 21:07:48,453 - root - DEBUG - extracting E:\Codez\zepp-gts2mini-wf\79c778aa47d261065d5fd9c731f64934\0016.png...
2022-05-03 21:07:48,454 - root - DEBUG - extracting E:\Codez\zepp-gts2mini-wf\79c778aa47d261065d5fd9c731f64934\0017.png...
2022-05-03 21:07:48,455 - root - DEBUG - extracting E:\Codez\zepp-gts2mini-wf\79c778aa47d261065d5fd9c731f64934\0018.png...
2022-05-03 21:07:48,456 - root - DEBUG - extracting E:\Codez\zepp-gts2mini-wf\79c778aa47d261065d5fd9c731f64934\0019.png...
2022-05-03 21:07:48,457 - root - DEBUG - extracting E:\Codez\zepp-gts2mini-wf\79c778aa47d261065d5fd9c731f64934\0020.png...
2022-05-03 21:07:48,458 - root - DEBUG - extracting E:\Codez\zepp-gts2mini-wf\79c778aa47d261065d5fd9c731f64934\0021.png...
2022-05-03 21:07:48,459 - root - DEBUG - extracting E:\Codez\zepp-gts2mini-wf\79c778aa47d261065d5fd9c731f64934\0022.png...
2022-05-03 21:07:48,460 - root - DEBUG - extracting E:\Codez\zepp-gts2mini-wf\79c778aa47d261065d5fd9c731f64934\0023.png...
2022-05-03 21:07:48,460 - root - DEBUG - extracting E:\Codez\zepp-gts2mini-wf\79c778aa47d261065d5fd9c731f64934\0024.png...
2022-05-03 21:07:48,462 - root - DEBUG - extracting E:\Codez\zepp-gts2mini-wf\79c778aa47d261065d5fd9c731f64934\0025.png...
2022-05-03 21:07:48,462 - root - DEBUG - extracting E:\Codez\zepp-gts2mini-wf\79c778aa47d261065d5fd9c731f64934\0026.png...
2022-05-03 21:07:48,463 - root - DEBUG - extracting E:\Codez\zepp-gts2mini-wf\79c778aa47d261065d5fd9c731f64934\0027.png...
2022-05-03 21:07:48,464 - root - DEBUG - extracting E:\Codez\zepp-gts2mini-wf\79c778aa47d261065d5fd9c731f64934\0028.png...
2022-05-03 21:07:48,465 - root - DEBUG - extracting E:\Codez\zepp-gts2mini-wf\79c778aa47d261065d5fd9c731f64934\0029.png...
2022-05-03 21:07:48,466 - root - DEBUG - extracting E:\Codez\zepp-gts2mini-wf\79c778aa47d261065d5fd9c731f64934\0030.png...
2022-05-03 21:07:48,466 - root - DEBUG - extracting E:\Codez\zepp-gts2mini-wf\79c778aa47d261065d5fd9c731f64934\0031.png...
2022-05-03 21:07:48,467 - root - DEBUG - extracting E:\Codez\zepp-gts2mini-wf\79c778aa47d261065d5fd9c731f64934\0032.png...
2022-05-03 21:07:48,468 - root - DEBUG - extracting E:\Codez\zepp-gts2mini-wf\79c778aa47d261065d5fd9c731f64934\0033.png...
2022-05-03 21:07:48,469 - root - DEBUG - extracting E:\Codez\zepp-gts2mini-wf\79c778aa47d261065d5fd9c731f64934\0034.png...
2022-05-03 21:07:48,471 - root - DEBUG - extracting E:\Codez\zepp-gts2mini-wf\79c778aa47d261065d5fd9c731f64934\0035.png...
2022-05-03 21:07:48,474 - root - DEBUG - Exporting config...
