2023-07-09 17:53:34,312 - root - DEBUG - Opening watch face 'E:\Codez\zepp-gts2mini-wf\d7bce74099dbbe91a1708b45f65ca06e.bin'
2023-07-09 17:53:34,323 - root - DEBUG - Reading parameters...
2023-07-09 17:53:34,324 - root - INFO - Reading header...
2023-07-09 17:53:34,325 - root - INFO - Header was read:
2023-07-09 17:53:34,325 - root - INFO - Signature: b'UIHH\x01\x00\xff', Unknown: 131, ParametersSize: 41, isValid: True, deviceId: 73
2023-07-09 17:53:34,325 - root - INFO - Reading parameter offsets...
2023-07-09 17:53:34,326 - root - INFO - Parameter offsets were read from file
2023-07-09 17:53:34,326 - root - INFO - Reading parameters descriptor...
2023-07-09 17:53:34,326 - root - INFO - 1 ( A): 5 bytes
2023-07-09 17:53:34,326 - root - INFO -     1 ( 8): 320 140
2023-07-09 17:53:34,326 - root - INFO -     2 (10): 82 52
2023-07-09 17:53:34,327 - root - INFO - getParameters descriptor was read:
2023-07-09 17:53:34,328 - root - INFO - ParametersTableLength: 320, ImagesCount: 82
2023-07-09 17:53:34,328 - root - INFO - Reading parameters locations...
2023-07-09 17:53:34,328 - root - INFO - 2 (12): 4 bytes
2023-07-09 17:53:34,328 - root - INFO -     1 ( 8): 0  0
2023-07-09 17:53:34,329 - root - INFO -     2 (10): 32 20
2023-07-09 17:53:34,329 - root - INFO - 3 (1A): 4 bytes
2023-07-09 17:53:34,329 - root - INFO -     1 ( 8): 32 20
2023-07-09 17:53:34,329 - root - INFO -     2 (10): 51 33
2023-07-09 17:53:34,329 - root - INFO - 4 (22): 5 bytes
2023-07-09 17:53:34,329 - root - INFO -     1 ( 8): 161 A1
2023-07-09 17:53:34,330 - root - INFO -     2 (10): 28 1C
2023-07-09 17:53:34,330 - root - INFO - 5 (2A): 4 bytes
2023-07-09 17:53:34,330 - root - INFO -     1 ( 8): 83 53
2023-07-09 17:53:34,330 - root - INFO -     2 (10): 78 4E
2023-07-09 17:53:34,330 - root - INFO - 29 (EA): 6 bytes
2023-07-09 17:53:34,330 - root - INFO -     1 ( 8): 189 BD
2023-07-09 17:53:34,330 - root - INFO -     2 (10): 131 83
2023-07-09 17:53:34,331 - root - INFO - Watch face parameters locations were read:
2023-07-09 17:53:34,331 - root - INFO - Reading descriptor for parameter 2
2023-07-09 17:53:34,331 - root - INFO - Descriptor offset: 0, Descriptor length: 32
2023-07-09 17:53:34,332 - root - INFO - Parsing descriptor for parameter 2...
2023-07-09 17:53:34,332 - root - INFO - 1 ( A): 6 bytes
2023-07-09 17:53:34,332 - root - INFO -     1 ( 8): 0  0
2023-07-09 17:53:34,332 - root - INFO -     2 (10): 0  0
2023-07-09 17:53:34,332 - root - INFO -     3 (18): 2  2
2023-07-09 17:53:34,332 - root - INFO - 3 (1A): 6 bytes
2023-07-09 17:53:34,332 - root - INFO -     1 ( 8): 0  0
2023-07-09 17:53:34,333 - root - INFO -     2 (10): 0  0
2023-07-09 17:53:34,333 - root - INFO -     3 (18): 1  1
2023-07-09 17:53:34,333 - root - INFO - 4 (22): 6 bytes
2023-07-09 17:53:34,333 - root - INFO -     1 ( 8): 0  0
2023-07-09 17:53:34,333 - root - INFO -     2 (10): 0  0
2023-07-09 17:53:34,333 - root - INFO -     3 (18): 0  0
2023-07-09 17:53:34,333 - root - INFO - 5 (2A): 6 bytes
2023-07-09 17:53:34,333 - root - INFO -     1 ( 8): 0  0
2023-07-09 17:53:34,334 - root - INFO -     2 (10): 0  0
2023-07-09 17:53:34,334 - root - INFO -     3 (18): 0  0
2023-07-09 17:53:34,334 - root - INFO - Reading descriptor for parameter 3
2023-07-09 17:53:34,334 - root - INFO - Descriptor offset: 32, Descriptor length: 51
2023-07-09 17:53:34,335 - root - INFO - Parsing descriptor for parameter 3...
2023-07-09 17:53:34,335 - root - INFO - 1 ( A): 49 bytes
2023-07-09 17:53:34,335 - root - INFO -     1 ( A): 20 bytes
2023-07-09 17:53:34,335 - root - INFO -         1 ( A): 8 bytes
2023-07-09 17:53:34,335 - root - INFO -             1 ( 8): 23 17
2023-07-09 17:53:34,335 - root - INFO -             2 (10): 29 1D
2023-07-09 17:53:34,335 - root - INFO -             3 (18): 3  3
2023-07-09 17:53:34,336 - root - INFO -             4 (20): 10  A
2023-07-09 17:53:34,336 - root - INFO -         2 (12): 8 bytes
2023-07-09 17:53:34,336 - root - INFO -             1 ( 8): 56 38
2023-07-09 17:53:34,336 - root - INFO -             2 (10): 29 1D
2023-07-09 17:53:34,336 - root - INFO -             3 (18): 3  3
2023-07-09 17:53:34,336 - root - INFO -             4 (20): 10  A
2023-07-09 17:53:34,337 - root - INFO -     2 (12): 21 bytes
2023-07-09 17:53:34,337 - root - INFO -         1 ( A): 8 bytes
2023-07-09 17:53:34,337 - root - INFO -             1 ( 8): 113 71
2023-07-09 17:53:34,337 - root - INFO -             2 (10): 29 1D
2023-07-09 17:53:34,337 - root - INFO -             3 (18): 3  3
2023-07-09 17:53:34,337 - root - INFO -             4 (20): 10  A
2023-07-09 17:53:34,337 - root - INFO -         2 (12): 9 bytes
2023-07-09 17:53:34,338 - root - INFO -             1 ( 8): 146 92
2023-07-09 17:53:34,338 - root - INFO -             2 (10): 29 1D
2023-07-09 17:53:34,338 - root - INFO -             3 (18): 3  3
2023-07-09 17:53:34,338 - root - INFO -             4 (20): 10  A
2023-07-09 17:53:34,338 - root - INFO -     7 (38): 0  0
2023-07-09 17:53:34,338 - root - INFO -     8 (40): 1  1
2023-07-09 17:53:34,339 - root - INFO - Reading descriptor for parameter 4
2023-07-09 17:53:34,339 - root - INFO - Descriptor offset: 161, Descriptor length: 28
2023-07-09 17:53:34,339 - root - INFO - Parsing descriptor for parameter 4...
2023-07-09 17:53:34,339 - root - INFO - 1 ( A): 24 bytes
2023-07-09 17:53:34,339 - root - INFO -     1 ( A): 22 bytes
2023-07-09 17:53:34,340 - root - INFO -         1 ( 8): 202 CA
2023-07-09 17:53:34,340 - root - INFO -         2 (10): 306 132
2023-07-09 17:53:34,340 - root - INFO -         3 (18): 282 11A
2023-07-09 17:53:34,340 - root - INFO -         4 (20): 334 14E
2023-07-09 17:53:34,340 - root - INFO -         5 (28): 18 12
2023-07-09 17:53:34,340 - root - INFO -         6 (30): 0  0
2023-07-09 17:53:34,340 - root - INFO -         7 (38): 0  0
2023-07-09 17:53:34,341 - root - INFO -         8 (40): 13  D
2023-07-09 17:53:34,341 - root - INFO -         9 (48): 10  A
2023-07-09 17:53:34,341 - root - INFO - 7 (38): 0  0
2023-07-09 17:53:34,341 - root - INFO - Reading descriptor for parameter 5
2023-07-09 17:53:34,341 - root - INFO - Descriptor offset: 83, Descriptor length: 78
2023-07-09 17:53:34,342 - root - INFO - Parsing descriptor for parameter 5...
2023-07-09 17:53:34,342 - root - INFO - 1 ( A): 31 bytes
2023-07-09 17:53:34,342 - root - INFO -     2 (12): 23 bytes
2023-07-09 17:53:34,342 - root - INFO -         1 ( A): 19 bytes
2023-07-09 17:53:34,342 - root - INFO -             1 ( 8): 97 61
2023-07-09 17:53:34,342 - root - INFO -             2 (10): 86 56
2023-07-09 17:53:34,342 - root - INFO -             3 (18): 177 B1
2023-07-09 17:53:34,343 - root - INFO -             4 (20): 114 72
2023-07-09 17:53:34,343 - root - INFO -             5 (28): 18 12
2023-07-09 17:53:34,343 - root - INFO -             6 (30): 0  0
2023-07-09 17:53:34,343 - root - INFO -             7 (38): 0  0
2023-07-09 17:53:34,344 - root - INFO -             8 (40): 13  D
2023-07-09 17:53:34,344 - root - INFO -             9 (48): 10  A
2023-07-09 17:53:34,344 - root - INFO -         2 (10): 23 17
2023-07-09 17:53:34,344 - root - INFO -     4 (20): 1  1
2023-07-09 17:53:34,344 - root - INFO -     5 (28): 1  1
2023-07-09 17:53:34,344 - root - INFO -     6 (30): 0  0
2023-07-09 17:53:34,344 - root - INFO - 2 (12): 13 bytes
2023-07-09 17:53:34,345 - root - INFO -     1 ( 8): 182 B6
2023-07-09 17:53:34,345 - root - INFO -     2 (10): 29 1D
2023-07-09 17:53:34,345 - root - INFO -     3 (18): 38 26
2023-07-09 17:53:34,345 - root - INFO -     4 (20): 39 27
2023-07-09 17:53:34,345 - root - INFO -     5 (28): 40 28
2023-07-09 17:53:34,345 - root - INFO -     6 (30): 41 29
2023-07-09 17:53:34,345 - root - INFO - 4 (22): 8 bytes
2023-07-09 17:53:34,346 - root - INFO -     1 ( 8): 23 17
2023-07-09 17:53:34,346 - root - INFO -     2 (10): 86 56
2023-07-09 17:53:34,346 - root - INFO -     3 (18): 24 18
2023-07-09 17:53:34,346 - root - INFO -     4 (20): 7  7
2023-07-09 17:53:34,346 - root - INFO - 5 (2A): 8 bytes
2023-07-09 17:53:34,346 - root - INFO -     1 ( 8): 23 17
2023-07-09 17:53:34,347 - root - INFO -     2 (10): 86 56
2023-07-09 17:53:34,347 - root - INFO -     3 (18): 31 1F
2023-07-09 17:53:34,347 - root - INFO -     4 (20): 7  7
2023-07-09 17:53:34,347 - root - INFO - 6 (32): 8 bytes
2023-07-09 17:53:34,347 - root - INFO -     1 ( 8): 23 17
2023-07-09 17:53:34,347 - root - INFO -     2 (10): 86 56
2023-07-09 17:53:34,348 - root - INFO -     3 (18): 31 1F
2023-07-09 17:53:34,348 - root - INFO -     4 (20): 7  7
2023-07-09 17:53:34,349 - root - INFO - Reading descriptor for parameter 29
2023-07-09 17:53:34,349 - root - INFO - Descriptor offset: 189, Descriptor length: 131
2023-07-09 17:53:34,349 - root - INFO - Parsing descriptor for parameter 29...
2023-07-09 17:53:34,349 - root - INFO - 1 ( A): 72 bytes
2023-07-09 17:53:34,349 - root - INFO -     1 ( A): 55 bytes
2023-07-09 17:53:34,349 - root - INFO -         1 ( A): 20 bytes
2023-07-09 17:53:34,349 - root - INFO -             1 ( A): 8 bytes
2023-07-09 17:53:34,349 - root - INFO -                 1 ( 8): 23 17
2023-07-09 17:53:34,350 - root - INFO -                 2 (10): 29 1D
2023-07-09 17:53:34,350 - root - INFO -                 3 (18): 42 2A
2023-07-09 17:53:34,350 - root - INFO -                 4 (20): 10  A
2023-07-09 17:53:34,350 - root - INFO -             2 (12): 8 bytes
2023-07-09 17:53:34,350 - root - INFO -                 1 ( 8): 56 38
2023-07-09 17:53:34,350 - root - INFO -                 2 (10): 29 1D
2023-07-09 17:53:34,350 - root - INFO -                 3 (18): 42 2A
2023-07-09 17:53:34,351 - root - INFO -                 4 (20): 10  A
2023-07-09 17:53:34,351 - root - INFO -         2 (12): 21 bytes
2023-07-09 17:53:34,351 - root - INFO -             1 ( A): 8 bytes
2023-07-09 17:53:34,351 - root - INFO -                 1 ( 8): 113 71
2023-07-09 17:53:34,351 - root - INFO -                 2 (10): 29 1D
2023-07-09 17:53:34,352 - root - INFO -                 3 (18): 42 2A
2023-07-09 17:53:34,352 - root - INFO -                 4 (20): 10  A
2023-07-09 17:53:34,352 - root - INFO -             2 (12): 9 bytes
2023-07-09 17:53:34,352 - root - INFO -                 1 ( 8): 146 92
2023-07-09 17:53:34,352 - root - INFO -                 2 (10): 29 1D
2023-07-09 17:53:34,352 - root - INFO -                 3 (18): 42 2A
2023-07-09 17:53:34,352 - root - INFO -                 4 (20): 10  A
2023-07-09 17:53:34,353 - root - INFO -         3 (1A): 6 bytes
2023-07-09 17:53:34,353 - root - INFO -             1 ( 8): 92 5C
2023-07-09 17:53:34,353 - root - INFO -             2 (10): 29 1D
2023-07-09 17:53:34,353 - root - INFO -             3 (18): 52 34
2023-07-09 17:53:34,353 - root - INFO -         4 (20): 1  1
2023-07-09 17:53:34,353 - root - INFO -     4 (22): 13 bytes
2023-07-09 17:53:34,354 - root - INFO -         1 ( 8): 182 B6
2023-07-09 17:53:34,354 - root - INFO -         2 (10): 29 1D
2023-07-09 17:53:34,354 - root - INFO -         3 (18): 53 35
2023-07-09 17:53:34,354 - root - INFO -         4 (20): 54 36
2023-07-09 17:53:34,354 - root - INFO -         5 (28): 55 37
2023-07-09 17:53:34,354 - root - INFO -         6 (30): 56 38
2023-07-09 17:53:34,354 - root - INFO - 2 (12): 23 bytes
2023-07-09 17:53:34,355 - root - INFO -     1 ( A): 19 bytes
2023-07-09 17:53:34,355 - root - INFO -         1 ( 8): 97 61
2023-07-09 17:53:34,355 - root - INFO -         2 (10): 86 56
2023-07-09 17:53:34,355 - root - INFO -         3 (18): 177 B1
2023-07-09 17:53:34,355 - root - INFO -         4 (20): 114 72
2023-07-09 17:53:34,355 - root - INFO -         5 (28): 18 12
2023-07-09 17:53:34,355 - root - INFO -         6 (30): 0  0
2023-07-09 17:53:34,356 - root - INFO -         7 (38): 0  0
2023-07-09 17:53:34,356 - root - INFO -         8 (40): 57 39
2023-07-09 17:53:34,356 - root - INFO -         9 (48): 10  A
2023-07-09 17:53:34,356 - root - INFO -     2 (10): 67 43
2023-07-09 17:53:34,356 - root - INFO - 3 (1A): 30 bytes
2023-07-09 17:53:34,356 - root - INFO -     1 ( A): 8 bytes
2023-07-09 17:53:34,356 - root - INFO -         1 ( 8): 23 17
2023-07-09 17:53:34,357 - root - INFO -         2 (10): 86 56
2023-07-09 17:53:34,357 - root - INFO -         3 (18): 68 44
2023-07-09 17:53:34,357 - root - INFO -         4 (20): 7  7
2023-07-09 17:53:34,357 - root - INFO -     2 (12): 8 bytes
2023-07-09 17:53:34,357 - root - INFO -         1 ( 8): 23 17
2023-07-09 17:53:34,357 - root - INFO -         2 (10): 86 56
2023-07-09 17:53:34,357 - root - INFO -         3 (18): 75 4B
2023-07-09 17:53:34,358 - root - INFO -         4 (20): 7  7
2023-07-09 17:53:34,358 - root - INFO -     3 (1A): 8 bytes
2023-07-09 17:53:34,358 - root - INFO -         1 ( 8): 23 17
2023-07-09 17:53:34,358 - root - INFO -         2 (10): 86 56
2023-07-09 17:53:34,358 - root - INFO -         3 (18): 75 4B
2023-07-09 17:53:34,358 - root - INFO -         4 (20): 7  7
2023-07-09 17:53:34,364 - root - INFO - Reading resources offsets table with 82 elements (328 bytes)
2023-07-09 17:53:34,364 - root - INFO - Resource 0 offset: 776, length: 100180...
2023-07-09 17:53:34,364 - root - DEBUG - Reading resource 0...
2023-07-09 17:53:34,424 - root - INFO - The image is bme.
2023-07-09 17:53:34,424 - root - INFO - Reading image header(readHeader16E)...
2023-07-09 17:53:34,424 - root - INFO - Image header was read:
2023-07-09 17:53:34,424 - root - INFO - Width: 210, Height: 242, RowLength: 420
2023-07-09 17:53:34,425 - root - INFO - datalength: 100164, _step: 2
2023-07-09 17:53:34,425 - root - INFO - BPP: 16, Transparency: False
2023-07-09 17:53:34,852 - root - INFO - Resource 1 offset: 100956, length: 100180...
2023-07-09 17:53:34,853 - root - DEBUG - Reading resource 1...
2023-07-09 17:53:34,853 - root - INFO - The image is bme.
2023-07-09 17:53:34,853 - root - INFO - Reading image header(readHeader16E)...
2023-07-09 17:53:34,853 - root - INFO - Image header was read:
2023-07-09 17:53:34,853 - root - INFO - Width: 210, Height: 242, RowLength: 420
2023-07-09 17:53:34,853 - root - INFO - datalength: 100164, _step: 2
2023-07-09 17:53:34,854 - root - INFO - BPP: 16, Transparency: False
2023-07-09 17:53:35,223 - root - INFO - Resource 2 offset: 201136, length: 212132...
2023-07-09 17:53:35,224 - root - DEBUG - Reading resource 2...
2023-07-09 17:53:35,224 - root - INFO - The image is bme.
2023-07-09 17:53:35,224 - root - INFO - Reading image header(readHeader16E)...
2023-07-09 17:53:35,224 - root - INFO - Image header was read:
2023-07-09 17:53:35,224 - root - INFO - Width: 306, Height: 354, RowLength: 612
2023-07-09 17:53:35,224 - root - INFO - datalength: 212116, _step: 2
2023-07-09 17:53:35,224 - root - INFO - BPP: 16, Transparency: False
2023-07-09 17:53:36,040 - root - INFO - Resource 3 offset: 413268, length: 3622...
2023-07-09 17:53:36,040 - root - DEBUG - Reading resource 3...
2023-07-09 17:53:36,040 - root - INFO - The image is bme.
2023-07-09 17:53:36,040 - root - INFO - Reading image header(readHeader16E)...
2023-07-09 17:53:36,040 - root - INFO - Image header was read:
2023-07-09 17:53:36,040 - root - INFO - Width: 34, Height: 54, RowLength: 68
2023-07-09 17:53:36,040 - root - INFO - datalength: 3606, _step: 2
2023-07-09 17:53:36,041 - root - INFO - BPP: 16, Transparency: False
2023-07-09 17:53:36,054 - root - INFO - Resource 4 offset: 416890, length: 2272...
2023-07-09 17:53:36,054 - root - DEBUG - Reading resource 4...
2023-07-09 17:53:36,054 - root - INFO - The image is bme.
2023-07-09 17:53:36,054 - root - INFO - Reading image header(readHeader16E)...
2023-07-09 17:53:36,054 - root - INFO - Image header was read:
2023-07-09 17:53:36,054 - root - INFO - Width: 34, Height: 54, RowLength: 68
2023-07-09 17:53:36,054 - root - INFO - datalength: 2256, _step: 2
2023-07-09 17:53:36,054 - root - INFO - BPP: 16, Transparency: False
2023-07-09 17:53:36,062 - root - INFO - Resource 5 offset: 419162, length: 2934...
2023-07-09 17:53:36,062 - root - DEBUG - Reading resource 5...
2023-07-09 17:53:36,062 - root - INFO - The image is bme.
2023-07-09 17:53:36,062 - root - INFO - Reading image header(readHeader16E)...
2023-07-09 17:53:36,062 - root - INFO - Image header was read:
2023-07-09 17:53:36,063 - root - INFO - Width: 34, Height: 54, RowLength: 68
2023-07-09 17:53:36,063 - root - INFO - datalength: 2918, _step: 2
2023-07-09 17:53:36,063 - root - INFO - BPP: 16, Transparency: False
2023-07-09 17:53:36,072 - root - INFO - Resource 6 offset: 422096, length: 2976...
2023-07-09 17:53:36,072 - root - DEBUG - Reading resource 6...
2023-07-09 17:53:36,072 - root - INFO - The image is bme.
2023-07-09 17:53:36,072 - root - INFO - Reading image header(readHeader16E)...
2023-07-09 17:53:36,072 - root - INFO - Image header was read:
2023-07-09 17:53:36,072 - root - INFO - Width: 34, Height: 54, RowLength: 68
2023-07-09 17:53:36,073 - root - INFO - datalength: 2960, _step: 2
2023-07-09 17:53:36,073 - root - INFO - BPP: 16, Transparency: False
2023-07-09 17:53:36,084 - root - INFO - Resource 7 offset: 425072, length: 3210...
2023-07-09 17:53:36,084 - root - DEBUG - Reading resource 7...
2023-07-09 17:53:36,084 - root - INFO - The image is bme.
2023-07-09 17:53:36,084 - root - INFO - Reading image header(readHeader16E)...
2023-07-09 17:53:36,084 - root - INFO - Image header was read:
2023-07-09 17:53:36,084 - root - INFO - Width: 34, Height: 54, RowLength: 68
2023-07-09 17:53:36,084 - root - INFO - datalength: 3194, _step: 2
2023-07-09 17:53:36,084 - root - INFO - BPP: 16, Transparency: False
2023-07-09 17:53:36,095 - root - INFO - Resource 8 offset: 428282, length: 2932...
2023-07-09 17:53:36,095 - root - DEBUG - Reading resource 8...
2023-07-09 17:53:36,095 - root - INFO - The image is bme.
2023-07-09 17:53:36,096 - root - INFO - Reading image header(readHeader16E)...
2023-07-09 17:53:36,096 - root - INFO - Image header was read:
2023-07-09 17:53:36,096 - root - INFO - Width: 34, Height: 54, RowLength: 68
2023-07-09 17:53:36,096 - root - INFO - datalength: 2916, _step: 2
2023-07-09 17:53:36,096 - root - INFO - BPP: 16, Transparency: False
2023-07-09 17:53:36,106 - root - INFO - Resource 9 offset: 431214, length: 3574...
2023-07-09 17:53:36,106 - root - DEBUG - Reading resource 9...
2023-07-09 17:53:36,106 - root - INFO - The image is bme.
2023-07-09 17:53:36,106 - root - INFO - Reading image header(readHeader16E)...
2023-07-09 17:53:36,106 - root - INFO - Image header was read:
2023-07-09 17:53:36,106 - root - INFO - Width: 34, Height: 54, RowLength: 68
2023-07-09 17:53:36,107 - root - INFO - datalength: 3558, _step: 2
2023-07-09 17:53:36,107 - root - INFO - BPP: 16, Transparency: False
2023-07-09 17:53:36,119 - root - INFO - Resource 10 offset: 434788, length: 2442...
2023-07-09 17:53:36,119 - root - DEBUG - Reading resource 10...
2023-07-09 17:53:36,119 - root - INFO - The image is bme.
2023-07-09 17:53:36,120 - root - INFO - Reading image header(readHeader16E)...
2023-07-09 17:53:36,120 - root - INFO - Image header was read:
2023-07-09 17:53:36,120 - root - INFO - Width: 34, Height: 54, RowLength: 68
2023-07-09 17:53:36,120 - root - INFO - datalength: 2426, _step: 2
2023-07-09 17:53:36,120 - root - INFO - BPP: 16, Transparency: False
2023-07-09 17:53:36,128 - root - INFO - Resource 11 offset: 437230, length: 3620...
2023-07-09 17:53:36,128 - root - DEBUG - Reading resource 11...
2023-07-09 17:53:36,128 - root - INFO - The image is bme.
2023-07-09 17:53:36,128 - root - INFO - Reading image header(readHeader16E)...
2023-07-09 17:53:36,128 - root - INFO - Image header was read:
2023-07-09 17:53:36,129 - root - INFO - Width: 34, Height: 54, RowLength: 68
2023-07-09 17:53:36,129 - root - INFO - datalength: 3604, _step: 2
2023-07-09 17:53:36,129 - root - INFO - BPP: 16, Transparency: False
2023-07-09 17:53:36,140 - root - INFO - Resource 12 offset: 440850, length: 3620...
2023-07-09 17:53:36,141 - root - DEBUG - Reading resource 12...
2023-07-09 17:53:36,141 - root - INFO - The image is bme.
2023-07-09 17:53:36,141 - root - INFO - Reading image header(readHeader16E)...
2023-07-09 17:53:36,141 - root - INFO - Image header was read:
2023-07-09 17:53:36,141 - root - INFO - Width: 34, Height: 54, RowLength: 68
2023-07-09 17:53:36,141 - root - INFO - datalength: 3604, _step: 2
2023-07-09 17:53:36,141 - root - INFO - BPP: 16, Transparency: False
2023-07-09 17:53:36,153 - root - INFO - Resource 13 offset: 444470, length: 822...
2023-07-09 17:53:36,154 - root - DEBUG - Reading resource 13...
2023-07-09 17:53:36,154 - root - INFO - The image is bme.
2023-07-09 17:53:36,154 - root - INFO - Reading image header(readHeader16E)...
2023-07-09 17:53:36,154 - root - INFO - Image header was read:
2023-07-09 17:53:36,154 - root - INFO - Width: 16, Height: 28, RowLength: 32
2023-07-09 17:53:36,154 - root - INFO - datalength: 806, _step: 2
2023-07-09 17:53:36,154 - root - INFO - BPP: 16, Transparency: False
2023-07-09 17:53:36,157 - root - INFO - Resource 14 offset: 445292, length: 598...
2023-07-09 17:53:36,157 - root - DEBUG - Reading resource 14...
2023-07-09 17:53:36,157 - root - INFO - The image is bme.
2023-07-09 17:53:36,157 - root - INFO - Reading image header(readHeader16E)...
2023-07-09 17:53:36,157 - root - INFO - Image header was read:
2023-07-09 17:53:36,157 - root - INFO - Width: 16, Height: 28, RowLength: 32
2023-07-09 17:53:36,157 - root - INFO - datalength: 582, _step: 2
2023-07-09 17:53:36,157 - root - INFO - BPP: 16, Transparency: False
2023-07-09 17:53:36,159 - root - INFO - Resource 15 offset: 445890, length: 770...
2023-07-09 17:53:36,160 - root - DEBUG - Reading resource 15...
2023-07-09 17:53:36,160 - root - INFO - The image is bme.
2023-07-09 17:53:36,160 - root - INFO - Reading image header(readHeader16E)...
2023-07-09 17:53:36,160 - root - INFO - Image header was read:
2023-07-09 17:53:36,160 - root - INFO - Width: 16, Height: 28, RowLength: 32
2023-07-09 17:53:36,160 - root - INFO - datalength: 754, _step: 2
2023-07-09 17:53:36,161 - root - INFO - BPP: 16, Transparency: False
2023-07-09 17:53:36,163 - root - INFO - Resource 16 offset: 446660, length: 726...
2023-07-09 17:53:36,163 - root - DEBUG - Reading resource 16...
2023-07-09 17:53:36,163 - root - INFO - The image is bme.
2023-07-09 17:53:36,163 - root - INFO - Reading image header(readHeader16E)...
2023-07-09 17:53:36,163 - root - INFO - Image header was read:
2023-07-09 17:53:36,163 - root - INFO - Width: 16, Height: 28, RowLength: 32
2023-07-09 17:53:36,163 - root - INFO - datalength: 710, _step: 2
2023-07-09 17:53:36,164 - root - INFO - BPP: 16, Transparency: False
2023-07-09 17:53:36,166 - root - INFO - Resource 17 offset: 447386, length: 754...
2023-07-09 17:53:36,166 - root - DEBUG - Reading resource 17...
2023-07-09 17:53:36,166 - root - INFO - The image is bme.
2023-07-09 17:53:36,166 - root - INFO - Reading image header(readHeader16E)...
2023-07-09 17:53:36,166 - root - INFO - Image header was read:
2023-07-09 17:53:36,166 - root - INFO - Width: 16, Height: 28, RowLength: 32
2023-07-09 17:53:36,167 - root - INFO - datalength: 738, _step: 2
2023-07-09 17:53:36,167 - root - INFO - BPP: 16, Transparency: False
2023-07-09 17:53:36,170 - root - INFO - Resource 18 offset: 448140, length: 738...
2023-07-09 17:53:36,171 - root - DEBUG - Reading resource 18...
2023-07-09 17:53:36,171 - root - INFO - The image is bme.
2023-07-09 17:53:36,171 - root - INFO - Reading image header(readHeader16E)...
2023-07-09 17:53:36,171 - root - INFO - Image header was read:
2023-07-09 17:53:36,171 - root - INFO - Width: 16, Height: 28, RowLength: 32
2023-07-09 17:53:36,171 - root - INFO - datalength: 722, _step: 2
2023-07-09 17:53:36,171 - root - INFO - BPP: 16, Transparency: False
2023-07-09 17:53:36,173 - root - INFO - Resource 19 offset: 448878, length: 822...
2023-07-09 17:53:36,174 - root - DEBUG - Reading resource 19...
2023-07-09 17:53:36,174 - root - INFO - The image is bme.
2023-07-09 17:53:36,174 - root - INFO - Reading image header(readHeader16E)...
2023-07-09 17:53:36,174 - root - INFO - Image header was read:
2023-07-09 17:53:36,174 - root - INFO - Width: 16, Height: 28, RowLength: 32
2023-07-09 17:53:36,174 - root - INFO - datalength: 806, _step: 2
2023-07-09 17:53:36,174 - root - INFO - BPP: 16, Transparency: False
2023-07-09 17:53:36,177 - root - INFO - Resource 20 offset: 449700, length: 664...
2023-07-09 17:53:36,177 - root - DEBUG - Reading resource 20...
2023-07-09 17:53:36,177 - root - INFO - The image is bme.
2023-07-09 17:53:36,178 - root - INFO - Reading image header(readHeader16E)...
2023-07-09 17:53:36,178 - root - INFO - Image header was read:
2023-07-09 17:53:36,178 - root - INFO - Width: 16, Height: 28, RowLength: 32
2023-07-09 17:53:36,178 - root - INFO - datalength: 648, _step: 2
2023-07-09 17:53:36,178 - root - INFO - BPP: 16, Transparency: False
2023-07-09 17:53:36,180 - root - INFO - Resource 21 offset: 450364, length: 824...
2023-07-09 17:53:36,180 - root - DEBUG - Reading resource 21...
2023-07-09 17:53:36,180 - root - INFO - The image is bme.
2023-07-09 17:53:36,180 - root - INFO - Reading image header(readHeader16E)...
2023-07-09 17:53:36,180 - root - INFO - Image header was read:
2023-07-09 17:53:36,180 - root - INFO - Width: 16, Height: 28, RowLength: 32
2023-07-09 17:53:36,181 - root - INFO - datalength: 808, _step: 2
2023-07-09 17:53:36,181 - root - INFO - BPP: 16, Transparency: False
2023-07-09 17:53:36,183 - root - INFO - Resource 22 offset: 451188, length: 818...
2023-07-09 17:53:36,183 - root - DEBUG - Reading resource 22...
2023-07-09 17:53:36,183 - root - INFO - The image is bme.
2023-07-09 17:53:36,184 - root - INFO - Reading image header(readHeader16E)...
2023-07-09 17:53:36,184 - root - INFO - Image header was read:
2023-07-09 17:53:36,184 - root - INFO - Width: 16, Height: 28, RowLength: 32
2023-07-09 17:53:36,184 - root - INFO - datalength: 802, _step: 2
2023-07-09 17:53:36,184 - root - INFO - BPP: 16, Transparency: False
2023-07-09 17:53:36,186 - root - INFO - Resource 23 offset: 452006, length: 462...
2023-07-09 17:53:36,187 - root - DEBUG - Reading resource 23...
2023-07-09 17:53:36,187 - root - INFO - The image is bme.
2023-07-09 17:53:36,187 - root - INFO - Reading image header(readHeader16E)...
2023-07-09 17:53:36,187 - root - INFO - Image header was read:
2023-07-09 17:53:36,187 - root - INFO - Width: 16, Height: 28, RowLength: 32
2023-07-09 17:53:36,187 - root - INFO - datalength: 446, _step: 2
2023-07-09 17:53:36,187 - root - INFO - BPP: 16, Transparency: False
2023-07-09 17:53:36,189 - root - INFO - Resource 24 offset: 452468, length: 2630...
2023-07-09 17:53:36,189 - root - DEBUG - Reading resource 24...
2023-07-09 17:53:36,189 - root - INFO - The image is bme.
2023-07-09 17:53:36,189 - root - INFO - Reading image header(readHeader16E)...
2023-07-09 17:53:36,189 - root - INFO - Image header was read:
2023-07-09 17:53:36,190 - root - INFO - Width: 70, Height: 28, RowLength: 140
2023-07-09 17:53:36,190 - root - INFO - datalength: 2614, _step: 2
2023-07-09 17:53:36,190 - root - INFO - BPP: 16, Transparency: False
2023-07-09 17:53:36,199 - root - INFO - Resource 25 offset: 455098, length: 2164...
2023-07-09 17:53:36,199 - root - DEBUG - Reading resource 25...
2023-07-09 17:53:36,199 - root - INFO - The image is bme.
2023-07-09 17:53:36,199 - root - INFO - Reading image header(readHeader16E)...
2023-07-09 17:53:36,199 - root - INFO - Image header was read:
2023-07-09 17:53:36,199 - root - INFO - Width: 70, Height: 28, RowLength: 140
2023-07-09 17:53:36,199 - root - INFO - datalength: 2148, _step: 2
2023-07-09 17:53:36,199 - root - INFO - BPP: 16, Transparency: False
2023-07-09 17:53:36,206 - root - INFO - Resource 26 offset: 457262, length: 2454...
2023-07-09 17:53:36,206 - root - DEBUG - Reading resource 26...
2023-07-09 17:53:36,206 - root - INFO - The image is bme.
2023-07-09 17:53:36,207 - root - INFO - Reading image header(readHeader16E)...
2023-07-09 17:53:36,207 - root - INFO - Image header was read:
2023-07-09 17:53:36,207 - root - INFO - Width: 70, Height: 28, RowLength: 140
2023-07-09 17:53:36,207 - root - INFO - datalength: 2438, _step: 2
2023-07-09 17:53:36,207 - root - INFO - BPP: 16, Transparency: False
2023-07-09 17:53:36,215 - root - INFO - Resource 27 offset: 459716, length: 2220...
2023-07-09 17:53:36,215 - root - DEBUG - Reading resource 27...
2023-07-09 17:53:36,216 - root - INFO - The image is bme.
2023-07-09 17:53:36,216 - root - INFO - Reading image header(readHeader16E)...
2023-07-09 17:53:36,216 - root - INFO - Image header was read:
2023-07-09 17:53:36,216 - root - INFO - Width: 70, Height: 28, RowLength: 140
2023-07-09 17:53:36,216 - root - INFO - datalength: 2204, _step: 2
2023-07-09 17:53:36,216 - root - INFO - BPP: 16, Transparency: False
2023-07-09 17:53:36,223 - root - INFO - Resource 28 offset: 461936, length: 1908...
2023-07-09 17:53:36,223 - root - DEBUG - Reading resource 28...
2023-07-09 17:53:36,223 - root - INFO - The image is bme.
2023-07-09 17:53:36,223 - root - INFO - Reading image header(readHeader16E)...
2023-07-09 17:53:36,223 - root - INFO - Image header was read:
2023-07-09 17:53:36,224 - root - INFO - Width: 70, Height: 28, RowLength: 140
2023-07-09 17:53:36,224 - root - INFO - datalength: 1892, _step: 2
2023-07-09 17:53:36,224 - root - INFO - BPP: 16, Transparency: False
2023-07-09 17:53:36,230 - root - INFO - Resource 29 offset: 463844, length: 2228...
2023-07-09 17:53:36,230 - root - DEBUG - Reading resource 29...
2023-07-09 17:53:36,230 - root - INFO - The image is bme.
2023-07-09 17:53:36,230 - root - INFO - Reading image header(readHeader16E)...
2023-07-09 17:53:36,230 - root - INFO - Image header was read:
2023-07-09 17:53:36,230 - root - INFO - Width: 70, Height: 28, RowLength: 140
2023-07-09 17:53:36,230 - root - INFO - datalength: 2212, _step: 2
2023-07-09 17:53:36,231 - root - INFO - BPP: 16, Transparency: False
2023-07-09 17:53:36,237 - root - INFO - Resource 30 offset: 466072, length: 2344...
2023-07-09 17:53:36,237 - root - DEBUG - Reading resource 30...
2023-07-09 17:53:36,237 - root - INFO - The image is bme.
2023-07-09 17:53:36,237 - root - INFO - Reading image header(readHeader16E)...
2023-07-09 17:53:36,237 - root - INFO - Image header was read:
2023-07-09 17:53:36,238 - root - INFO - Width: 70, Height: 28, RowLength: 140
2023-07-09 17:53:36,238 - root - INFO - datalength: 2328, _step: 2
2023-07-09 17:53:36,238 - root - INFO - BPP: 16, Transparency: False
2023-07-09 17:53:36,246 - root - INFO - Resource 31 offset: 468416, length: 2486...
2023-07-09 17:53:36,247 - root - DEBUG - Reading resource 31...
2023-07-09 17:53:36,247 - root - INFO - The image is bme.
2023-07-09 17:53:36,247 - root - INFO - Reading image header(readHeader16E)...
2023-07-09 17:53:36,247 - root - INFO - Image header was read:
2023-07-09 17:53:36,247 - root - INFO - Width: 70, Height: 28, RowLength: 140
2023-07-09 17:53:36,247 - root - INFO - datalength: 2470, _step: 2
2023-07-09 17:53:36,247 - root - INFO - BPP: 16, Transparency: False
2023-07-09 17:53:36,255 - root - INFO - Resource 32 offset: 470902, length: 2754...
2023-07-09 17:53:36,255 - root - DEBUG - Reading resource 32...
2023-07-09 17:53:36,255 - root - INFO - The image is bme.
2023-07-09 17:53:36,256 - root - INFO - Reading image header(readHeader16E)...
2023-07-09 17:53:36,256 - root - INFO - Image header was read:
2023-07-09 17:53:36,256 - root - INFO - Width: 70, Height: 28, RowLength: 140
2023-07-09 17:53:36,256 - root - INFO - datalength: 2738, _step: 2
2023-07-09 17:53:36,256 - root - INFO - BPP: 16, Transparency: False
2023-07-09 17:53:36,267 - root - INFO - Resource 33 offset: 473656, length: 2924...
2023-07-09 17:53:36,267 - root - DEBUG - Reading resource 33...
2023-07-09 17:53:36,267 - root - INFO - The image is bme.
2023-07-09 17:53:36,267 - root - INFO - Reading image header(readHeader16E)...
2023-07-09 17:53:36,267 - root - INFO - Image header was read:
2023-07-09 17:53:36,267 - root - INFO - Width: 70, Height: 28, RowLength: 140
2023-07-09 17:53:36,267 - root - INFO - datalength: 2908, _step: 2
2023-07-09 17:53:36,268 - root - INFO - BPP: 16, Transparency: False
2023-07-09 17:53:36,278 - root - INFO - Resource 34 offset: 476580, length: 3212...
2023-07-09 17:53:36,278 - root - DEBUG - Reading resource 34...
2023-07-09 17:53:36,278 - root - INFO - The image is bme.
2023-07-09 17:53:36,278 - root - INFO - Reading image header(readHeader16E)...
2023-07-09 17:53:36,278 - root - INFO - Image header was read:
2023-07-09 17:53:36,279 - root - INFO - Width: 70, Height: 28, RowLength: 140
2023-07-09 17:53:36,279 - root - INFO - datalength: 3196, _step: 2
2023-07-09 17:53:36,279 - root - INFO - BPP: 16, Transparency: False
2023-07-09 17:53:36,290 - root - INFO - Resource 35 offset: 479792, length: 3104...
2023-07-09 17:53:36,290 - root - DEBUG - Reading resource 35...
2023-07-09 17:53:36,290 - root - INFO - The image is bme.
2023-07-09 17:53:36,290 - root - INFO - Reading image header(readHeader16E)...
2023-07-09 17:53:36,290 - root - INFO - Image header was read:
2023-07-09 17:53:36,290 - root - INFO - Width: 70, Height: 28, RowLength: 140
2023-07-09 17:53:36,291 - root - INFO - datalength: 3088, _step: 2
2023-07-09 17:53:36,291 - root - INFO - BPP: 16, Transparency: False
2023-07-09 17:53:36,303 - root - INFO - Resource 36 offset: 482896, length: 3118...
2023-07-09 17:53:36,303 - root - DEBUG - Reading resource 36...
2023-07-09 17:53:36,303 - root - INFO - The image is bme.
2023-07-09 17:53:36,303 - root - INFO - Reading image header(readHeader16E)...
2023-07-09 17:53:36,303 - root - INFO - Image header was read:
2023-07-09 17:53:36,303 - root - INFO - Width: 70, Height: 28, RowLength: 140
2023-07-09 17:53:36,303 - root - INFO - datalength: 3102, _step: 2
2023-07-09 17:53:36,303 - root - INFO - BPP: 16, Transparency: False
2023-07-09 17:53:36,315 - root - INFO - Resource 37 offset: 486014, length: 3134...
2023-07-09 17:53:36,315 - root - DEBUG - Reading resource 37...
2023-07-09 17:53:36,315 - root - INFO - The image is bme.
2023-07-09 17:53:36,316 - root - INFO - Reading image header(readHeader16E)...
2023-07-09 17:53:36,316 - root - INFO - Image header was read:
2023-07-09 17:53:36,316 - root - INFO - Width: 70, Height: 28, RowLength: 140
2023-07-09 17:53:36,316 - root - INFO - datalength: 3118, _step: 2
2023-07-09 17:53:36,316 - root - INFO - BPP: 16, Transparency: False
2023-07-09 17:53:36,329 - root - INFO - Resource 38 offset: 489148, length: 1416...
2023-07-09 17:53:36,330 - root - DEBUG - Reading resource 38...
2023-07-09 17:53:36,330 - root - INFO - The image is bme.
2023-07-09 17:53:36,330 - root - INFO - Reading image header(readHeader16E)...
2023-07-09 17:53:36,330 - root - INFO - Image header was read:
2023-07-09 17:53:36,330 - root - INFO - Width: 44, Height: 22, RowLength: 88
2023-07-09 17:53:36,330 - root - INFO - datalength: 1400, _step: 2
2023-07-09 17:53:36,330 - root - INFO - BPP: 16, Transparency: False
2023-07-09 17:53:36,337 - root - INFO - Resource 39 offset: 490564, length: 1394...
2023-07-09 17:53:36,337 - root - DEBUG - Reading resource 39...
2023-07-09 17:53:36,337 - root - INFO - The image is bme.
2023-07-09 17:53:36,337 - root - INFO - Reading image header(readHeader16E)...
2023-07-09 17:53:36,337 - root - INFO - Image header was read:
2023-07-09 17:53:36,337 - root - INFO - Width: 44, Height: 22, RowLength: 88
2023-07-09 17:53:36,338 - root - INFO - datalength: 1378, _step: 2
2023-07-09 17:53:36,338 - root - INFO - BPP: 16, Transparency: False
2023-07-09 17:53:36,342 - root - INFO - Resource 40 offset: 491958, length: 1472...
2023-07-09 17:53:36,342 - root - DEBUG - Reading resource 40...
2023-07-09 17:53:36,342 - root - INFO - The image is bme.
2023-07-09 17:53:36,342 - root - INFO - Reading image header(readHeader16E)...
2023-07-09 17:53:36,342 - root - INFO - Image header was read:
2023-07-09 17:53:36,343 - root - INFO - Width: 44, Height: 22, RowLength: 88
2023-07-09 17:53:36,343 - root - INFO - datalength: 1456, _step: 2
2023-07-09 17:53:36,343 - root - INFO - BPP: 16, Transparency: False
2023-07-09 17:53:36,348 - root - INFO - Resource 41 offset: 493430, length: 1402...
2023-07-09 17:53:36,348 - root - DEBUG - Reading resource 41...
2023-07-09 17:53:36,348 - root - INFO - The image is bme.
2023-07-09 17:53:36,348 - root - INFO - Reading image header(readHeader16E)...
2023-07-09 17:53:36,348 - root - INFO - Image header was read:
2023-07-09 17:53:36,348 - root - INFO - Width: 44, Height: 22, RowLength: 88
2023-07-09 17:53:36,349 - root - INFO - datalength: 1386, _step: 2
2023-07-09 17:53:36,349 - root - INFO - BPP: 16, Transparency: False
2023-07-09 17:53:36,354 - root - INFO - Resource 42 offset: 494832, length: 2678...
2023-07-09 17:53:36,355 - root - DEBUG - Reading resource 42...
2023-07-09 17:53:36,355 - root - INFO - The image is bme.
2023-07-09 17:53:36,355 - root - INFO - Reading image header(readHeader16E)...
2023-07-09 17:53:36,355 - root - INFO - Image header was read:
2023-07-09 17:53:36,355 - root - INFO - Width: 34, Height: 54, RowLength: 68
2023-07-09 17:53:36,355 - root - INFO - datalength: 2662, _step: 2
2023-07-09 17:53:36,355 - root - INFO - BPP: 16, Transparency: False
2023-07-09 17:53:36,364 - root - INFO - Resource 43 offset: 497510, length: 1450...
2023-07-09 17:53:36,364 - root - DEBUG - Reading resource 43...
2023-07-09 17:53:36,364 - root - INFO - The image is bme.
2023-07-09 17:53:36,364 - root - INFO - Reading image header(readHeader16E)...
2023-07-09 17:53:36,364 - root - INFO - Image header was read:
2023-07-09 17:53:36,365 - root - INFO - Width: 34, Height: 54, RowLength: 68
2023-07-09 17:53:36,365 - root - INFO - datalength: 1434, _step: 2
2023-07-09 17:53:36,365 - root - INFO - BPP: 16, Transparency: False
2023-07-09 17:53:36,371 - root - INFO - Resource 44 offset: 498960, length: 1682...
2023-07-09 17:53:36,371 - root - DEBUG - Reading resource 44...
2023-07-09 17:53:36,371 - root - INFO - The image is bme.
2023-07-09 17:53:36,371 - root - INFO - Reading image header(readHeader16E)...
2023-07-09 17:53:36,371 - root - INFO - Image header was read:
2023-07-09 17:53:36,371 - root - INFO - Width: 34, Height: 54, RowLength: 68
2023-07-09 17:53:36,371 - root - INFO - datalength: 1666, _step: 2
2023-07-09 17:53:36,372 - root - INFO - BPP: 16, Transparency: False
2023-07-09 17:53:36,377 - root - INFO - Resource 45 offset: 500642, length: 1726...
2023-07-09 17:53:36,377 - root - DEBUG - Reading resource 45...
2023-07-09 17:53:36,378 - root - INFO - The image is bme.
2023-07-09 17:53:36,378 - root - INFO - Reading image header(readHeader16E)...
2023-07-09 17:53:36,378 - root - INFO - Image header was read:
2023-07-09 17:53:36,378 - root - INFO - Width: 34, Height: 54, RowLength: 68
2023-07-09 17:53:36,378 - root - INFO - datalength: 1710, _step: 2
2023-07-09 17:53:36,378 - root - INFO - BPP: 16, Transparency: False
2023-07-09 17:53:36,384 - root - INFO - Resource 46 offset: 502368, length: 2328...
2023-07-09 17:53:36,384 - root - DEBUG - Reading resource 46...
2023-07-09 17:53:36,384 - root - INFO - The image is bme.
2023-07-09 17:53:36,384 - root - INFO - Reading image header(readHeader16E)...
2023-07-09 17:53:36,384 - root - INFO - Image header was read:
2023-07-09 17:53:36,384 - root - INFO - Width: 34, Height: 54, RowLength: 68
2023-07-09 17:53:36,384 - root - INFO - datalength: 2312, _step: 2
2023-07-09 17:53:36,384 - root - INFO - BPP: 16, Transparency: False
2023-07-09 17:53:36,392 - root - INFO - Resource 47 offset: 504696, length: 1658...
2023-07-09 17:53:36,392 - root - DEBUG - Reading resource 47...
2023-07-09 17:53:36,393 - root - INFO - The image is bme.
2023-07-09 17:53:36,393 - root - INFO - Reading image header(readHeader16E)...
2023-07-09 17:53:36,393 - root - INFO - Image header was read:
2023-07-09 17:53:36,393 - root - INFO - Width: 34, Height: 54, RowLength: 68
2023-07-09 17:53:36,393 - root - INFO - datalength: 1642, _step: 2
2023-07-09 17:53:36,394 - root - INFO - BPP: 16, Transparency: False
2023-07-09 17:53:36,399 - root - INFO - Resource 48 offset: 506354, length: 2408...
2023-07-09 17:53:36,399 - root - DEBUG - Reading resource 48...
2023-07-09 17:53:36,399 - root - INFO - The image is bme.
2023-07-09 17:53:36,399 - root - INFO - Reading image header(readHeader16E)...
2023-07-09 17:53:36,399 - root - INFO - Image header was read:
2023-07-09 17:53:36,399 - root - INFO - Width: 34, Height: 54, RowLength: 68
2023-07-09 17:53:36,399 - root - INFO - datalength: 2392, _step: 2
2023-07-09 17:53:36,399 - root - INFO - BPP: 16, Transparency: False
2023-07-09 17:53:36,408 - root - INFO - Resource 49 offset: 508762, length: 1478...
2023-07-09 17:53:36,409 - root - DEBUG - Reading resource 49...
2023-07-09 17:53:36,409 - root - INFO - The image is bme.
2023-07-09 17:53:36,409 - root - INFO - Reading image header(readHeader16E)...
2023-07-09 17:53:36,409 - root - INFO - Image header was read:
2023-07-09 17:53:36,409 - root - INFO - Width: 34, Height: 54, RowLength: 68
2023-07-09 17:53:36,409 - root - INFO - datalength: 1462, _step: 2
2023-07-09 17:53:36,409 - root - INFO - BPP: 16, Transparency: False
2023-07-09 17:53:36,414 - root - INFO - Resource 50 offset: 510240, length: 2610...
2023-07-09 17:53:36,414 - root - DEBUG - Reading resource 50...
2023-07-09 17:53:36,415 - root - INFO - The image is bme.
2023-07-09 17:53:36,415 - root - INFO - Reading image header(readHeader16E)...
2023-07-09 17:53:36,415 - root - INFO - Image header was read:
2023-07-09 17:53:36,415 - root - INFO - Width: 34, Height: 54, RowLength: 68
2023-07-09 17:53:36,415 - root - INFO - datalength: 2594, _step: 2
2023-07-09 17:53:36,415 - root - INFO - BPP: 16, Transparency: False
2023-07-09 17:53:36,423 - root - INFO - Resource 51 offset: 512850, length: 2498...
2023-07-09 17:53:36,424 - root - DEBUG - Reading resource 51...
2023-07-09 17:53:36,424 - root - INFO - The image is bme.
2023-07-09 17:53:36,424 - root - INFO - Reading image header(readHeader16E)...
2023-07-09 17:53:36,424 - root - INFO - Image header was read:
2023-07-09 17:53:36,424 - root - INFO - Width: 34, Height: 54, RowLength: 68
2023-07-09 17:53:36,424 - root - INFO - datalength: 2482, _step: 2
2023-07-09 17:53:36,425 - root - INFO - BPP: 16, Transparency: False
2023-07-09 17:53:36,433 - root - INFO - Resource 52 offset: 515348, length: 444...
2023-07-09 17:53:36,433 - root - DEBUG - Reading resource 52...
2023-07-09 17:53:36,433 - root - INFO - The image is bme.
2023-07-09 17:53:36,433 - root - INFO - Reading image header(readHeader16E)...
2023-07-09 17:53:36,433 - root - INFO - Image header was read:
2023-07-09 17:53:36,433 - root - INFO - Width: 19, Height: 54, RowLength: 38
2023-07-09 17:53:36,433 - root - INFO - datalength: 428, _step: 2
2023-07-09 17:53:36,433 - root - INFO - BPP: 16, Transparency: False
2023-07-09 17:53:36,435 - root - INFO - Resource 53 offset: 515792, length: 804...
2023-07-09 17:53:36,435 - root - DEBUG - Reading resource 53...
2023-07-09 17:53:36,435 - root - INFO - The image is bme.
2023-07-09 17:53:36,435 - root - INFO - Reading image header(readHeader16E)...
2023-07-09 17:53:36,435 - root - INFO - Image header was read:
2023-07-09 17:53:36,435 - root - INFO - Width: 44, Height: 22, RowLength: 88
2023-07-09 17:53:36,435 - root - INFO - datalength: 788, _step: 2
2023-07-09 17:53:36,436 - root - INFO - BPP: 16, Transparency: False
2023-07-09 17:53:36,438 - root - INFO - Resource 54 offset: 516596, length: 860...
2023-07-09 17:53:36,438 - root - DEBUG - Reading resource 54...
2023-07-09 17:53:36,438 - root - INFO - The image is bme.
2023-07-09 17:53:36,438 - root - INFO - Reading image header(readHeader16E)...
2023-07-09 17:53:36,438 - root - INFO - Image header was read:
2023-07-09 17:53:36,438 - root - INFO - Width: 44, Height: 22, RowLength: 88
2023-07-09 17:53:36,438 - root - INFO - datalength: 844, _step: 2
2023-07-09 17:53:36,439 - root - INFO - BPP: 16, Transparency: False
2023-07-09 17:53:36,442 - root - INFO - Resource 55 offset: 517456, length: 1012...
2023-07-09 17:53:36,442 - root - DEBUG - Reading resource 55...
2023-07-09 17:53:36,442 - root - INFO - The image is bme.
2023-07-09 17:53:36,442 - root - INFO - Reading image header(readHeader16E)...
2023-07-09 17:53:36,442 - root - INFO - Image header was read:
2023-07-09 17:53:36,443 - root - INFO - Width: 44, Height: 22, RowLength: 88
2023-07-09 17:53:36,443 - root - INFO - datalength: 996, _step: 2
2023-07-09 17:53:36,443 - root - INFO - BPP: 16, Transparency: False
2023-07-09 17:53:36,446 - root - INFO - Resource 56 offset: 518468, length: 968...
2023-07-09 17:53:36,446 - root - DEBUG - Reading resource 56...
2023-07-09 17:53:36,446 - root - INFO - The image is bme.
2023-07-09 17:53:36,446 - root - INFO - Reading image header(readHeader16E)...
2023-07-09 17:53:36,447 - root - INFO - Image header was read:
2023-07-09 17:53:36,447 - root - INFO - Width: 44, Height: 22, RowLength: 88
2023-07-09 17:53:36,447 - root - INFO - datalength: 952, _step: 2
2023-07-09 17:53:36,447 - root - INFO - BPP: 16, Transparency: False
2023-07-09 17:53:36,449 - root - INFO - Resource 57 offset: 519436, length: 544...
2023-07-09 17:53:36,450 - root - DEBUG - Reading resource 57...
2023-07-09 17:53:36,450 - root - INFO - The image is bme.
2023-07-09 17:53:36,450 - root - INFO - Reading image header(readHeader16E)...
2023-07-09 17:53:36,450 - root - INFO - Image header was read:
2023-07-09 17:53:36,450 - root - INFO - Width: 16, Height: 28, RowLength: 32
2023-07-09 17:53:36,450 - root - INFO - datalength: 528, _step: 2
2023-07-09 17:53:36,450 - root - INFO - BPP: 16, Transparency: False
2023-07-09 17:53:36,452 - root - INFO - Resource 58 offset: 519980, length: 350...
2023-07-09 17:53:36,452 - root - DEBUG - Reading resource 58...
2023-07-09 17:53:36,452 - root - INFO - The image is bme.
2023-07-09 17:53:36,452 - root - INFO - Reading image header(readHeader16E)...
2023-07-09 17:53:36,452 - root - INFO - Image header was read:
2023-07-09 17:53:36,452 - root - INFO - Width: 16, Height: 28, RowLength: 32
2023-07-09 17:53:36,453 - root - INFO - datalength: 334, _step: 2
2023-07-09 17:53:36,453 - root - INFO - BPP: 16, Transparency: False
2023-07-09 17:53:36,454 - root - INFO - Resource 59 offset: 520330, length: 420...
2023-07-09 17:53:36,454 - root - DEBUG - Reading resource 59...
2023-07-09 17:53:36,454 - root - INFO - The image is bme.
2023-07-09 17:53:36,454 - root - INFO - Reading image header(readHeader16E)...
2023-07-09 17:53:36,454 - root - INFO - Image header was read:
2023-07-09 17:53:36,454 - root - INFO - Width: 16, Height: 28, RowLength: 32
2023-07-09 17:53:36,454 - root - INFO - datalength: 404, _step: 2
2023-07-09 17:53:36,454 - root - INFO - BPP: 16, Transparency: False
2023-07-09 17:53:36,456 - root - INFO - Resource 60 offset: 520750, length: 372...
2023-07-09 17:53:36,456 - root - DEBUG - Reading resource 60...
2023-07-09 17:53:36,456 - root - INFO - The image is bme.
2023-07-09 17:53:36,456 - root - INFO - Reading image header(readHeader16E)...
2023-07-09 17:53:36,456 - root - INFO - Image header was read:
2023-07-09 17:53:36,456 - root - INFO - Width: 16, Height: 28, RowLength: 32
2023-07-09 17:53:36,456 - root - INFO - datalength: 356, _step: 2
2023-07-09 17:53:36,456 - root - INFO - BPP: 16, Transparency: False
2023-07-09 17:53:36,457 - root - INFO - Resource 61 offset: 521122, length: 528...
2023-07-09 17:53:36,458 - root - DEBUG - Reading resource 61...
2023-07-09 17:53:36,458 - root - INFO - The image is bme.
2023-07-09 17:53:36,459 - root - INFO - Reading image header(readHeader16E)...
2023-07-09 17:53:36,459 - root - INFO - Image header was read:
2023-07-09 17:53:36,459 - root - INFO - Width: 16, Height: 28, RowLength: 32
2023-07-09 17:53:36,459 - root - INFO - datalength: 512, _step: 2
2023-07-09 17:53:36,460 - root - INFO - BPP: 16, Transparency: False
2023-07-09 17:53:36,461 - root - INFO - Resource 62 offset: 521650, length: 380...
2023-07-09 17:53:36,461 - root - DEBUG - Reading resource 62...
2023-07-09 17:53:36,461 - root - INFO - The image is bme.
2023-07-09 17:53:36,461 - root - INFO - Reading image header(readHeader16E)...
2023-07-09 17:53:36,462 - root - INFO - Image header was read:
2023-07-09 17:53:36,462 - root - INFO - Width: 16, Height: 28, RowLength: 32
2023-07-09 17:53:36,462 - root - INFO - datalength: 364, _step: 2
2023-07-09 17:53:36,462 - root - INFO - BPP: 16, Transparency: False
2023-07-09 17:53:36,463 - root - INFO - Resource 63 offset: 522030, length: 564...
2023-07-09 17:53:36,463 - root - DEBUG - Reading resource 63...
2023-07-09 17:53:36,463 - root - INFO - The image is bme.
2023-07-09 17:53:36,463 - root - INFO - Reading image header(readHeader16E)...
2023-07-09 17:53:36,464 - root - INFO - Image header was read:
2023-07-09 17:53:36,464 - root - INFO - Width: 16, Height: 28, RowLength: 32
2023-07-09 17:53:36,464 - root - INFO - datalength: 548, _step: 2
2023-07-09 17:53:36,464 - root - INFO - BPP: 16, Transparency: False
2023-07-09 17:53:36,465 - root - INFO - Resource 64 offset: 522594, length: 376...
2023-07-09 17:53:36,466 - root - DEBUG - Reading resource 64...
2023-07-09 17:53:36,466 - root - INFO - The image is bme.
2023-07-09 17:53:36,466 - root - INFO - Reading image header(readHeader16E)...
2023-07-09 17:53:36,466 - root - INFO - Image header was read:
2023-07-09 17:53:36,466 - root - INFO - Width: 16, Height: 28, RowLength: 32
2023-07-09 17:53:36,466 - root - INFO - datalength: 360, _step: 2
2023-07-09 17:53:36,466 - root - INFO - BPP: 16, Transparency: False
2023-07-09 17:53:36,467 - root - INFO - Resource 65 offset: 522970, length: 592...
2023-07-09 17:53:36,467 - root - DEBUG - Reading resource 65...
2023-07-09 17:53:36,467 - root - INFO - The image is bme.
2023-07-09 17:53:36,468 - root - INFO - Reading image header(readHeader16E)...
2023-07-09 17:53:36,468 - root - INFO - Image header was read:
2023-07-09 17:53:36,468 - root - INFO - Width: 16, Height: 28, RowLength: 32
2023-07-09 17:53:36,468 - root - INFO - datalength: 576, _step: 2
2023-07-09 17:53:36,468 - root - INFO - BPP: 16, Transparency: False
2023-07-09 17:53:36,470 - root - INFO - Resource 66 offset: 523562, length: 544...
2023-07-09 17:53:36,470 - root - DEBUG - Reading resource 66...
2023-07-09 17:53:36,470 - root - INFO - The image is bme.
2023-07-09 17:53:36,470 - root - INFO - Reading image header(readHeader16E)...
2023-07-09 17:53:36,470 - root - INFO - Image header was read:
2023-07-09 17:53:36,470 - root - INFO - Width: 16, Height: 28, RowLength: 32
2023-07-09 17:53:36,470 - root - INFO - datalength: 528, _step: 2
2023-07-09 17:53:36,470 - root - INFO - BPP: 16, Transparency: False
2023-07-09 17:53:36,472 - root - INFO - Resource 67 offset: 524106, length: 244...
2023-07-09 17:53:36,472 - root - DEBUG - Reading resource 67...
2023-07-09 17:53:36,472 - root - INFO - The image is bme.
2023-07-09 17:53:36,472 - root - INFO - Reading image header(readHeader16E)...
2023-07-09 17:53:36,473 - root - INFO - Image header was read:
2023-07-09 17:53:36,473 - root - INFO - Width: 16, Height: 28, RowLength: 32
2023-07-09 17:53:36,473 - root - INFO - datalength: 228, _step: 2
2023-07-09 17:53:36,473 - root - INFO - BPP: 16, Transparency: False
2023-07-09 17:53:36,474 - root - INFO - Resource 68 offset: 524350, length: 2178...
2023-07-09 17:53:36,474 - root - DEBUG - Reading resource 68...
2023-07-09 17:53:36,474 - root - INFO - The image is bme.
2023-07-09 17:53:36,474 - root - INFO - Reading image header(readHeader16E)...
2023-07-09 17:53:36,475 - root - INFO - Image header was read:
2023-07-09 17:53:36,475 - root - INFO - Width: 70, Height: 28, RowLength: 140
2023-07-09 17:53:36,475 - root - INFO - datalength: 2162, _step: 2
2023-07-09 17:53:36,475 - root - INFO - BPP: 16, Transparency: False
2023-07-09 17:53:36,482 - root - INFO - Resource 69 offset: 526528, length: 1474...
2023-07-09 17:53:36,483 - root - DEBUG - Reading resource 69...
2023-07-09 17:53:36,483 - root - INFO - The image is bme.
2023-07-09 17:53:36,483 - root - INFO - Reading image header(readHeader16E)...
2023-07-09 17:53:36,483 - root - INFO - Image header was read:
2023-07-09 17:53:36,483 - root - INFO - Width: 70, Height: 28, RowLength: 140
2023-07-09 17:53:36,483 - root - INFO - datalength: 1458, _step: 2
2023-07-09 17:53:36,483 - root - INFO - BPP: 16, Transparency: False
2023-07-09 17:53:36,487 - root - INFO - Resource 70 offset: 528002, length: 1804...
2023-07-09 17:53:36,487 - root - DEBUG - Reading resource 70...
2023-07-09 17:53:36,487 - root - INFO - The image is bme.
2023-07-09 17:53:36,487 - root - INFO - Reading image header(readHeader16E)...
2023-07-09 17:53:36,488 - root - INFO - Image header was read:
2023-07-09 17:53:36,488 - root - INFO - Width: 70, Height: 28, RowLength: 140
2023-07-09 17:53:36,488 - root - INFO - datalength: 1788, _step: 2
2023-07-09 17:53:36,488 - root - INFO - BPP: 16, Transparency: False
2023-07-09 17:53:36,493 - root - INFO - Resource 71 offset: 529806, length: 1674...
2023-07-09 17:53:36,493 - root - DEBUG - Reading resource 71...
2023-07-09 17:53:36,493 - root - INFO - The image is bme.
2023-07-09 17:53:36,494 - root - INFO - Reading image header(readHeader16E)...
2023-07-09 17:53:36,494 - root - INFO - Image header was read:
2023-07-09 17:53:36,494 - root - INFO - Width: 70, Height: 28, RowLength: 140
2023-07-09 17:53:36,494 - root - INFO - datalength: 1658, _step: 2
2023-07-09 17:53:36,494 - root - INFO - BPP: 16, Transparency: False
2023-07-09 17:53:36,499 - root - INFO - Resource 72 offset: 531480, length: 1382...
2023-07-09 17:53:36,500 - root - DEBUG - Reading resource 72...
2023-07-09 17:53:36,500 - root - INFO - The image is bme.
2023-07-09 17:53:36,500 - root - INFO - Reading image header(readHeader16E)...
2023-07-09 17:53:36,500 - root - INFO - Image header was read:
2023-07-09 17:53:36,500 - root - INFO - Width: 70, Height: 28, RowLength: 140
2023-07-09 17:53:36,500 - root - INFO - datalength: 1366, _step: 2
2023-07-09 17:53:36,500 - root - INFO - BPP: 16, Transparency: False
2023-07-09 17:53:36,504 - root - INFO - Resource 73 offset: 532862, length: 1382...
2023-07-09 17:53:36,504 - root - DEBUG - Reading resource 73...
2023-07-09 17:53:36,504 - root - INFO - The image is bme.
2023-07-09 17:53:36,504 - root - INFO - Reading image header(readHeader16E)...
2023-07-09 17:53:36,504 - root - INFO - Image header was read:
2023-07-09 17:53:36,504 - root - INFO - Width: 70, Height: 28, RowLength: 140
2023-07-09 17:53:36,504 - root - INFO - datalength: 1366, _step: 2
2023-07-09 17:53:36,505 - root - INFO - BPP: 16, Transparency: False
2023-07-09 17:53:36,508 - root - INFO - Resource 74 offset: 534244, length: 1854...
2023-07-09 17:53:36,508 - root - DEBUG - Reading resource 74...
2023-07-09 17:53:36,508 - root - INFO - The image is bme.
2023-07-09 17:53:36,509 - root - INFO - Reading image header(readHeader16E)...
2023-07-09 17:53:36,509 - root - INFO - Image header was read:
2023-07-09 17:53:36,509 - root - INFO - Width: 70, Height: 28, RowLength: 140
2023-07-09 17:53:36,509 - root - INFO - datalength: 1838, _step: 2
2023-07-09 17:53:36,510 - root - INFO - BPP: 16, Transparency: False
2023-07-09 17:53:36,518 - root - INFO - Resource 75 offset: 536098, length: 1798...
2023-07-09 17:53:36,519 - root - DEBUG - Reading resource 75...
2023-07-09 17:53:36,519 - root - INFO - The image is bme.
2023-07-09 17:53:36,519 - root - INFO - Reading image header(readHeader16E)...
2023-07-09 17:53:36,519 - root - INFO - Image header was read:
2023-07-09 17:53:36,519 - root - INFO - Width: 70, Height: 28, RowLength: 140
2023-07-09 17:53:36,519 - root - INFO - datalength: 1782, _step: 2
2023-07-09 17:53:36,519 - root - INFO - BPP: 16, Transparency: False
2023-07-09 17:53:36,525 - root - INFO - Resource 76 offset: 537896, length: 1922...
2023-07-09 17:53:36,525 - root - DEBUG - Reading resource 76...
2023-07-09 17:53:36,525 - root - INFO - The image is bme.
2023-07-09 17:53:36,525 - root - INFO - Reading image header(readHeader16E)...
2023-07-09 17:53:36,525 - root - INFO - Image header was read:
2023-07-09 17:53:36,525 - root - INFO - Width: 70, Height: 28, RowLength: 140
2023-07-09 17:53:36,525 - root - INFO - datalength: 1906, _step: 2
2023-07-09 17:53:36,526 - root - INFO - BPP: 16, Transparency: False
2023-07-09 17:53:36,537 - root - INFO - Resource 77 offset: 539818, length: 1932...
2023-07-09 17:53:36,537 - root - DEBUG - Reading resource 77...
2023-07-09 17:53:36,538 - root - INFO - The image is bme.
2023-07-09 17:53:36,538 - root - INFO - Reading image header(readHeader16E)...
2023-07-09 17:53:36,538 - root - INFO - Image header was read:
2023-07-09 17:53:36,538 - root - INFO - Width: 70, Height: 28, RowLength: 140
2023-07-09 17:53:36,538 - root - INFO - datalength: 1916, _step: 2
2023-07-09 17:53:36,538 - root - INFO - BPP: 16, Transparency: False
2023-07-09 17:53:36,547 - root - INFO - Resource 78 offset: 541750, length: 2496...
2023-07-09 17:53:36,547 - root - DEBUG - Reading resource 78...
2023-07-09 17:53:36,547 - root - INFO - The image is bme.
2023-07-09 17:53:36,548 - root - INFO - Reading image header(readHeader16E)...
2023-07-09 17:53:36,548 - root - INFO - Image header was read:
2023-07-09 17:53:36,548 - root - INFO - Width: 70, Height: 28, RowLength: 140
2023-07-09 17:53:36,548 - root - INFO - datalength: 2480, _step: 2
2023-07-09 17:53:36,548 - root - INFO - BPP: 16, Transparency: False
2023-07-09 17:53:36,559 - root - INFO - Resource 79 offset: 544246, length: 2328...
2023-07-09 17:53:36,560 - root - DEBUG - Reading resource 79...
2023-07-09 17:53:36,560 - root - INFO - The image is bme.
2023-07-09 17:53:36,560 - root - INFO - Reading image header(readHeader16E)...
2023-07-09 17:53:36,560 - root - INFO - Image header was read:
2023-07-09 17:53:36,560 - root - INFO - Width: 70, Height: 28, RowLength: 140
2023-07-09 17:53:36,560 - root - INFO - datalength: 2312, _step: 2
2023-07-09 17:53:36,560 - root - INFO - BPP: 16, Transparency: False
2023-07-09 17:53:36,567 - root - INFO - Resource 80 offset: 546574, length: 2280...
2023-07-09 17:53:36,567 - root - DEBUG - Reading resource 80...
2023-07-09 17:53:36,568 - root - INFO - The image is bme.
2023-07-09 17:53:36,568 - root - INFO - Reading image header(readHeader16E)...
2023-07-09 17:53:36,568 - root - INFO - Image header was read:
2023-07-09 17:53:36,568 - root - INFO - Width: 70, Height: 28, RowLength: 140
2023-07-09 17:53:36,568 - root - INFO - datalength: 2264, _step: 2
2023-07-09 17:53:36,568 - root - INFO - BPP: 16, Transparency: False
2023-07-09 17:53:36,576 - root - INFO - Resource 81 offset: 548854, length: 2394...
2023-07-09 17:53:36,576 - root - DEBUG - Reading resource 81...
2023-07-09 17:53:36,576 - root - INFO - The image is bme.
2023-07-09 17:53:36,577 - root - INFO - Reading image header(readHeader16E)...
2023-07-09 17:53:36,577 - root - INFO - Image header was read:
2023-07-09 17:53:36,577 - root - INFO - Width: 70, Height: 28, RowLength: 140
2023-07-09 17:53:36,577 - root - INFO - datalength: 2378, _step: 2
2023-07-09 17:53:36,578 - root - INFO - BPP: 16, Transparency: False
2023-07-09 17:53:36,584 - root - DEBUG - Parsing parameters...
2023-07-09 17:53:36,742 - root - DEBUG - 0 Value: None
2023-07-09 17:53:36,743 - root - DEBUG - 0.1 Value: 73
2023-07-09 17:53:36,743 - root - DEBUG - 2 Value: None
2023-07-09 17:53:36,743 - root - DEBUG - 2.1 Value: None
2023-07-09 17:53:36,743 - root - DEBUG - 2.1.1 Value: 0
2023-07-09 17:53:36,743 - root - DEBUG - 2.1.2 Value: 0
2023-07-09 17:53:36,743 - root - DEBUG - 2.1.3 Value: 2
2023-07-09 17:53:36,744 - root - DEBUG - 2.3 Value: None
2023-07-09 17:53:36,744 - root - DEBUG - 2.3.1 Value: 0
2023-07-09 17:53:36,744 - root - DEBUG - 2.3.2 Value: 0
2023-07-09 17:53:36,744 - root - DEBUG - 2.3.3 Value: 1
2023-07-09 17:53:36,744 - root - DEBUG - 2.4 Value: None
2023-07-09 17:53:36,744 - root - DEBUG - 2.4.1 Value: 0
2023-07-09 17:53:36,744 - root - DEBUG - 2.4.2 Value: 0
2023-07-09 17:53:36,744 - root - DEBUG - 2.4.3 Value: 0
2023-07-09 17:53:36,744 - root - DEBUG - 2.5 Value: None
2023-07-09 17:53:36,745 - root - DEBUG - 2.5.1 Value: 0
2023-07-09 17:53:36,745 - root - DEBUG - 2.5.2 Value: 0
2023-07-09 17:53:36,745 - root - DEBUG - 2.5.3 Value: 0
2023-07-09 17:53:36,745 - root - DEBUG - 3 Value: None
2023-07-09 17:53:36,745 - root - DEBUG - 3.1 Value: None
2023-07-09 17:53:36,745 - root - DEBUG - 3.1.1 Value: None
2023-07-09 17:53:36,745 - root - DEBUG - 3.1.1.1 Value: None
2023-07-09 17:53:36,745 - root - DEBUG - 3.1.1.1.1 Value: 23
2023-07-09 17:53:36,746 - root - DEBUG - 3.1.1.1.2 Value: 29
2023-07-09 17:53:36,746 - root - DEBUG - 3.1.1.1.3 Value: 3
2023-07-09 17:53:36,746 - root - DEBUG - 3.1.1.1.4 Value: 10
2023-07-09 17:53:36,746 - root - DEBUG - 3.1.1.2 Value: None
2023-07-09 17:53:36,746 - root - DEBUG - 3.1.1.2.1 Value: 56
2023-07-09 17:53:36,746 - root - DEBUG - 3.1.1.2.2 Value: 29
2023-07-09 17:53:36,746 - root - DEBUG - 3.1.1.2.3 Value: 3
2023-07-09 17:53:36,746 - root - DEBUG - 3.1.1.2.4 Value: 10
2023-07-09 17:53:36,747 - root - DEBUG - 3.1.2 Value: None
2023-07-09 17:53:36,747 - root - DEBUG - 3.1.2.1 Value: None
2023-07-09 17:53:36,747 - root - DEBUG - 3.1.2.1.1 Value: 113
2023-07-09 17:53:36,747 - root - DEBUG - 3.1.2.1.2 Value: 29
2023-07-09 17:53:36,747 - root - DEBUG - 3.1.2.1.3 Value: 3
2023-07-09 17:53:36,747 - root - DEBUG - 3.1.2.1.4 Value: 10
2023-07-09 17:53:36,747 - root - DEBUG - 3.1.2.2 Value: None
2023-07-09 17:53:36,747 - root - DEBUG - 3.1.2.2.1 Value: 146
2023-07-09 17:53:36,748 - root - DEBUG - 3.1.2.2.2 Value: 29
2023-07-09 17:53:36,748 - root - DEBUG - 3.1.2.2.3 Value: 3
2023-07-09 17:53:36,748 - root - DEBUG - 3.1.2.2.4 Value: 10
2023-07-09 17:53:36,748 - root - DEBUG - 3.1.7 Value: 0
2023-07-09 17:53:36,748 - root - DEBUG - 3.1.8 Value: 1
2023-07-09 17:53:36,748 - root - DEBUG - 4 Value: None
2023-07-09 17:53:36,748 - root - DEBUG - 4.1 Value: None
2023-07-09 17:53:36,748 - root - DEBUG - 4.1.1 Value: None
2023-07-09 17:53:36,749 - root - DEBUG - 4.1.1.1 Value: 202
2023-07-09 17:53:36,749 - root - DEBUG - 4.1.1.2 Value: 306
2023-07-09 17:53:36,749 - root - DEBUG - 4.1.1.3 Value: 282
2023-07-09 17:53:36,749 - root - DEBUG - 4.1.1.4 Value: 334
2023-07-09 17:53:36,749 - root - DEBUG - 4.1.1.5 Value: 18
2023-07-09 17:53:36,749 - root - DEBUG - 4.1.1.6 Value: 0
2023-07-09 17:53:36,749 - root - DEBUG - 4.1.1.7 Value: 0
2023-07-09 17:53:36,749 - root - DEBUG - 4.1.1.8 Value: 13
2023-07-09 17:53:36,750 - root - DEBUG - 4.1.1.9 Value: 10
2023-07-09 17:53:36,750 - root - DEBUG - 4.7 Value: 0
2023-07-09 17:53:36,750 - root - DEBUG - 5 Value: None
2023-07-09 17:53:36,750 - root - DEBUG - 5.1 Value: None
2023-07-09 17:53:36,750 - root - DEBUG - 5.1.2 Value: None
2023-07-09 17:53:36,751 - root - DEBUG - 5.1.2.1 Value: None
2023-07-09 17:53:36,751 - root - DEBUG - 5.1.2.1.1 Value: 97
2023-07-09 17:53:36,751 - root - DEBUG - 5.1.2.1.2 Value: 86
2023-07-09 17:53:36,751 - root - DEBUG - 5.1.2.1.3 Value: 177
2023-07-09 17:53:36,751 - root - DEBUG - 5.1.2.1.4 Value: 114
2023-07-09 17:53:36,751 - root - DEBUG - 5.1.2.1.5 Value: 18
2023-07-09 17:53:36,751 - root - DEBUG - 5.1.2.1.6 Value: 0
2023-07-09 17:53:36,751 - root - DEBUG - 5.1.2.1.7 Value: 0
2023-07-09 17:53:36,752 - root - DEBUG - 5.1.2.1.8 Value: 13
2023-07-09 17:53:36,752 - root - DEBUG - 5.1.2.1.9 Value: 10
2023-07-09 17:53:36,752 - root - DEBUG - 5.1.2.2 Value: 23
2023-07-09 17:53:36,752 - root - DEBUG - 5.1.4 Value: 1
2023-07-09 17:53:36,752 - root - DEBUG - 5.1.5 Value: 1
2023-07-09 17:53:36,752 - root - DEBUG - 5.1.6 Value: 0
2023-07-09 17:53:36,752 - root - DEBUG - 5.2 Value: None
2023-07-09 17:53:36,752 - root - DEBUG - 5.2.1 Value: 182
2023-07-09 17:53:36,753 - root - DEBUG - 5.2.2 Value: 29
2023-07-09 17:53:36,753 - root - DEBUG - 5.2.3 Value: 38
2023-07-09 17:53:36,753 - root - DEBUG - 5.2.4 Value: 39
2023-07-09 17:53:36,753 - root - DEBUG - 5.2.5 Value: 40
2023-07-09 17:53:36,753 - root - DEBUG - 5.2.6 Value: 41
2023-07-09 17:53:36,753 - root - DEBUG - 5.4 Value: None
2023-07-09 17:53:36,753 - root - DEBUG - 5.4.1 Value: 23
2023-07-09 17:53:36,753 - root - DEBUG - 5.4.2 Value: 86
2023-07-09 17:53:36,754 - root - DEBUG - 5.4.3 Value: 24
2023-07-09 17:53:36,754 - root - DEBUG - 5.4.4 Value: 7
2023-07-09 17:53:36,754 - root - DEBUG - 5.5 Value: None
2023-07-09 17:53:36,754 - root - DEBUG - 5.5.1 Value: 23
2023-07-09 17:53:36,754 - root - DEBUG - 5.5.2 Value: 86
2023-07-09 17:53:36,754 - root - DEBUG - 5.5.3 Value: 31
2023-07-09 17:53:36,754 - root - DEBUG - 5.5.4 Value: 7
2023-07-09 17:53:36,754 - root - DEBUG - 5.6 Value: None
2023-07-09 17:53:36,754 - root - DEBUG - 5.6.1 Value: 23
2023-07-09 17:53:36,755 - root - DEBUG - 5.6.2 Value: 86
2023-07-09 17:53:36,755 - root - DEBUG - 5.6.3 Value: 31
2023-07-09 17:53:36,755 - root - DEBUG - 5.6.4 Value: 7
2023-07-09 17:53:36,755 - root - DEBUG - 29 Value: None
2023-07-09 17:53:36,755 - root - DEBUG - 29.1 Value: None
2023-07-09 17:53:36,755 - root - DEBUG - 29.1.1 Value: None
2023-07-09 17:53:36,755 - root - DEBUG - 29.1.1.1 Value: None
2023-07-09 17:53:36,756 - root - DEBUG - 29.1.1.1.1 Value: None
2023-07-09 17:53:36,756 - root - DEBUG - 29.1.1.1.1.1 Value: 23
2023-07-09 17:53:36,756 - root - DEBUG - 29.1.1.1.1.2 Value: 29
2023-07-09 17:53:36,756 - root - DEBUG - 29.1.1.1.1.3 Value: 42
2023-07-09 17:53:36,756 - root - DEBUG - 29.1.1.1.1.4 Value: 10
2023-07-09 17:53:36,756 - root - DEBUG - 29.1.1.1.2 Value: None
2023-07-09 17:53:36,756 - root - DEBUG - 29.1.1.1.2.1 Value: 56
2023-07-09 17:53:36,756 - root - DEBUG - 29.1.1.1.2.2 Value: 29
2023-07-09 17:53:36,757 - root - DEBUG - 29.1.1.1.2.3 Value: 42
2023-07-09 17:53:36,757 - root - DEBUG - 29.1.1.1.2.4 Value: 10
2023-07-09 17:53:36,757 - root - DEBUG - 29.1.1.2 Value: None
2023-07-09 17:53:36,757 - root - DEBUG - 29.1.1.2.1 Value: None
2023-07-09 17:53:36,757 - root - DEBUG - 29.1.1.2.1.1 Value: 113
2023-07-09 17:53:36,757 - root - DEBUG - 29.1.1.2.1.2 Value: 29
2023-07-09 17:53:36,757 - root - DEBUG - 29.1.1.2.1.3 Value: 42
2023-07-09 17:53:36,757 - root - DEBUG - 29.1.1.2.1.4 Value: 10
2023-07-09 17:53:36,758 - root - DEBUG - 29.1.1.2.2 Value: None
2023-07-09 17:53:36,758 - root - DEBUG - 29.1.1.2.2.1 Value: 146
2023-07-09 17:53:36,758 - root - DEBUG - 29.1.1.2.2.2 Value: 29
2023-07-09 17:53:36,758 - root - DEBUG - 29.1.1.2.2.3 Value: 42
2023-07-09 17:53:36,758 - root - DEBUG - 29.1.1.2.2.4 Value: 10
2023-07-09 17:53:36,758 - root - DEBUG - 29.1.1.3 Value: None
2023-07-09 17:53:36,758 - root - DEBUG - 29.1.1.3.1 Value: 92
2023-07-09 17:53:36,758 - root - DEBUG - 29.1.1.3.2 Value: 29
2023-07-09 17:53:36,759 - root - DEBUG - 29.1.1.3.3 Value: 52
2023-07-09 17:53:36,760 - root - DEBUG - 29.1.1.4 Value: 1
2023-07-09 17:53:36,760 - root - DEBUG - 29.1.4 Value: None
2023-07-09 17:53:36,761 - root - DEBUG - 29.1.4.1 Value: 182
2023-07-09 17:53:36,762 - root - DEBUG - 29.1.4.2 Value: 29
2023-07-09 17:53:36,762 - root - DEBUG - 29.1.4.3 Value: 53
2023-07-09 17:53:36,762 - root - DEBUG - 29.1.4.4 Value: 54
2023-07-09 17:53:36,762 - root - DEBUG - 29.1.4.5 Value: 55
2023-07-09 17:53:36,762 - root - DEBUG - 29.1.4.6 Value: 56
2023-07-09 17:53:36,762 - root - DEBUG - 29.2 Value: None
2023-07-09 17:53:36,762 - root - DEBUG - 29.2.1 Value: None
2023-07-09 17:53:36,763 - root - DEBUG - 29.2.1.1 Value: 97
2023-07-09 17:53:36,763 - root - DEBUG - 29.2.1.2 Value: 86
2023-07-09 17:53:36,763 - root - DEBUG - 29.2.1.3 Value: 177
2023-07-09 17:53:36,763 - root - DEBUG - 29.2.1.4 Value: 114
2023-07-09 17:53:36,763 - root - DEBUG - 29.2.1.5 Value: 18
2023-07-09 17:53:36,763 - root - DEBUG - 29.2.1.6 Value: 0
2023-07-09 17:53:36,763 - root - DEBUG - 29.2.1.7 Value: 0
2023-07-09 17:53:36,763 - root - DEBUG - 29.2.1.8 Value: 57
2023-07-09 17:53:36,763 - root - DEBUG - 29.2.1.9 Value: 10
2023-07-09 17:53:36,764 - root - DEBUG - 29.2.2 Value: 67
2023-07-09 17:53:36,764 - root - DEBUG - 29.3 Value: None
2023-07-09 17:53:36,764 - root - DEBUG - 29.3.1 Value: None
2023-07-09 17:53:36,764 - root - DEBUG - 29.3.1.1 Value: 23
2023-07-09 17:53:36,764 - root - DEBUG - 29.3.1.2 Value: 86
2023-07-09 17:53:36,764 - root - DEBUG - 29.3.1.3 Value: 68
2023-07-09 17:53:36,764 - root - DEBUG - 29.3.1.4 Value: 7
2023-07-09 17:53:36,764 - root - DEBUG - 29.3.2 Value: None
2023-07-09 17:53:36,765 - root - DEBUG - 29.3.2.1 Value: 23
2023-07-09 17:53:36,765 - root - DEBUG - 29.3.2.2 Value: 86
2023-07-09 17:53:36,765 - root - DEBUG - 29.3.2.3 Value: 75
2023-07-09 17:53:36,765 - root - DEBUG - 29.3.2.4 Value: 7
2023-07-09 17:53:36,765 - root - DEBUG - 29.3.3 Value: None
2023-07-09 17:53:36,765 - root - DEBUG - 29.3.3.1 Value: 23
2023-07-09 17:53:36,765 - root - DEBUG - 29.3.3.2 Value: 86
2023-07-09 17:53:36,765 - root - DEBUG - 29.3.3.3 Value: 75
2023-07-09 17:53:36,766 - root - DEBUG - 29.3.3.4 Value: 7
2023-07-09 17:53:36,766 - root - DEBUG - 0-Info
2023-07-09 17:53:36,766 - root - DEBUG - 0.1-DeviceId
2023-07-09 17:53:36,766 - root - DEBUG - 2-Background
2023-07-09 17:53:36,766 - root - DEBUG - 2.1-Image
2023-07-09 17:53:36,766 - root - DEBUG - 2.1.1-X
2023-07-09 17:53:36,767 - root - DEBUG - 2.1.2-Y
2023-07-09 17:53:36,767 - root - DEBUG - 2.1.3-ImageIndex
2023-07-09 17:53:36,767 - root - DEBUG - 2.3-Preview
2023-07-09 17:53:36,767 - root - DEBUG - 2.3.1-X
2023-07-09 17:53:36,767 - root - DEBUG - 2.3.2-Y
2023-07-09 17:53:36,767 - root - DEBUG - 2.3.3-ImageIndex
2023-07-09 17:53:36,768 - root - DEBUG - 2.4-PreviewTradChinese
2023-07-09 17:53:36,768 - root - DEBUG - 2.4.1-X
2023-07-09 17:53:36,768 - root - DEBUG - 2.4.2-Y
2023-07-09 17:53:36,768 - root - DEBUG - 2.4.3-ImageIndex
2023-07-09 17:53:36,768 - root - DEBUG - 2.5-PreviewChinese
2023-07-09 17:53:36,769 - root - DEBUG - 2.5.1-X
2023-07-09 17:53:36,769 - root - DEBUG - 2.5.2-Y
2023-07-09 17:53:36,769 - root - DEBUG - 2.5.3-ImageIndex
2023-07-09 17:53:36,769 - root - DEBUG - 3-TimeExtended
2023-07-09 17:53:36,769 - root - DEBUG - 3.1-TimeSeparateDigits
2023-07-09 17:53:36,769 - root - DEBUG - 3.1.1-Hours
2023-07-09 17:53:36,770 - root - DEBUG - 3.1.1.1-Tens
2023-07-09 17:53:36,770 - root - DEBUG - 3.1.1.1.1-X
2023-07-09 17:53:36,770 - root - DEBUG - 3.1.1.1.2-Y
2023-07-09 17:53:36,770 - root - DEBUG - 3.1.1.1.3-ImageIndex
2023-07-09 17:53:36,770 - root - DEBUG - 3.1.1.1.4-ImagesCount
2023-07-09 17:53:36,770 - root - DEBUG - 3.1.1.2-Ones
2023-07-09 17:53:36,771 - root - DEBUG - 3.1.1.2.1-X
2023-07-09 17:53:36,771 - root - DEBUG - 3.1.1.2.2-Y
2023-07-09 17:53:36,771 - root - DEBUG - 3.1.1.2.3-ImageIndex
2023-07-09 17:53:36,771 - root - DEBUG - 3.1.1.2.4-ImagesCount
2023-07-09 17:53:36,771 - root - DEBUG - 3.1.2-Minutes
2023-07-09 17:53:36,771 - root - DEBUG - 3.1.2.1-Tens
2023-07-09 17:53:36,772 - root - DEBUG - 3.1.2.1.1-X
2023-07-09 17:53:36,772 - root - DEBUG - 3.1.2.1.2-Y
2023-07-09 17:53:36,772 - root - DEBUG - 3.1.2.1.3-ImageIndex
2023-07-09 17:53:36,772 - root - DEBUG - 3.1.2.1.4-ImagesCount
2023-07-09 17:53:36,772 - root - DEBUG - 3.1.2.2-Ones
2023-07-09 17:53:36,772 - root - DEBUG - 3.1.2.2.1-X
2023-07-09 17:53:36,773 - root - DEBUG - 3.1.2.2.2-Y
2023-07-09 17:53:36,773 - root - DEBUG - 3.1.2.2.3-ImageIndex
2023-07-09 17:53:36,773 - root - DEBUG - 3.1.2.2.4-ImagesCount
2023-07-09 17:53:36,773 - root - DEBUG - 3.1.7-UnknowBoolean7
2023-07-09 17:53:36,773 - root - DEBUG - 3.1.8-PaddingZeroMinutes
2023-07-09 17:53:36,773 - root - DEBUG - 4-Activity
2023-07-09 17:53:36,774 - root - DEBUG - 4.1-Steps
2023-07-09 17:53:36,774 - root - DEBUG - 4.1.1-ImageNumber
2023-07-09 17:53:36,774 - root - DEBUG - 4.1.1.1-TopLeftX
2023-07-09 17:53:36,774 - root - DEBUG - 4.1.1.2-TopLeftY
2023-07-09 17:53:36,774 - root - DEBUG - 4.1.1.3-BottomRightX
2023-07-09 17:53:36,774 - root - DEBUG - 4.1.1.4-BottomRightY
2023-07-09 17:53:36,775 - root - DEBUG - 4.1.1.5-Alignment
2023-07-09 17:53:36,775 - root - DEBUG - 4.1.1.6-Spacing
2023-07-09 17:53:36,775 - root - DEBUG - 4.1.1.7-VerticalOffset
2023-07-09 17:53:36,775 - root - DEBUG - 4.1.1.8-ImageIndex
2023-07-09 17:53:36,775 - root - DEBUG - 4.1.1.9-ImagesCount
2023-07-09 17:53:36,776 - root - DEBUG - 4.7-UnknownLongValue7
2023-07-09 17:53:36,776 - root - DEBUG - 5-DateBlock
2023-07-09 17:53:36,776 - root - DEBUG - 5.1-Date
2023-07-09 17:53:36,776 - root - DEBUG - 5.1.2-OneLineMonthAndDay
2023-07-09 17:53:36,776 - root - DEBUG - 5.1.2.1-Number
2023-07-09 17:53:36,776 - root - DEBUG - 5.1.2.1.1-TopLeftX
2023-07-09 17:53:36,777 - root - DEBUG - 5.1.2.1.2-TopLeftY
2023-07-09 17:53:36,777 - root - DEBUG - 5.1.2.1.3-BottomRightX
2023-07-09 17:53:36,777 - root - DEBUG - 5.1.2.1.4-BottomRightY
2023-07-09 17:53:36,777 - root - DEBUG - 5.1.2.1.5-Alignment
2023-07-09 17:53:36,778 - root - DEBUG - 5.1.2.1.6-Spacing
2023-07-09 17:53:36,778 - root - DEBUG - 5.1.2.1.7-VerticalOffset
2023-07-09 17:53:36,778 - root - DEBUG - 5.1.2.1.8-ImageIndex
2023-07-09 17:53:36,778 - root - DEBUG - 5.1.2.1.9-ImagesCount
2023-07-09 17:53:36,779 - root - DEBUG - 5.1.2.2-DelimiterImageIndex
2023-07-09 17:53:36,779 - root - DEBUG - 5.1.4-PaddingZeroMonth
2023-07-09 17:53:36,779 - root - DEBUG - 5.1.5-PaddingZeroDay
2023-07-09 17:53:36,779 - root - DEBUG - 5.1.6-UnknownBoolean6
2023-07-09 17:53:36,779 - root - DEBUG - 5.2-AmPm
2023-07-09 17:53:36,780 - root - DEBUG - 5.2.1-CommonX
2023-07-09 17:53:36,780 - root - DEBUG - 5.2.2-CommonY
2023-07-09 17:53:36,780 - root - DEBUG - 5.2.3-ImageIndexAMCN
2023-07-09 17:53:36,780 - root - DEBUG - 5.2.4-ImageIndexPMCN
2023-07-09 17:53:36,780 - root - DEBUG - 5.2.5-AmImageIndexEN
2023-07-09 17:53:36,780 - root - DEBUG - 5.2.6-PmImageIndexEN
2023-07-09 17:53:36,781 - root - DEBUG - 5.4-Weekday
2023-07-09 17:53:36,781 - root - DEBUG - 5.4.1-X
2023-07-09 17:53:36,781 - root - DEBUG - 5.4.2-Y
2023-07-09 17:53:36,781 - root - DEBUG - 5.4.3-ImageIndex
2023-07-09 17:53:36,781 - root - DEBUG - 5.4.4-ImagesCount
2023-07-09 17:53:36,782 - root - DEBUG - 5.5-WeekdayChinese
2023-07-09 17:53:36,782 - root - DEBUG - 5.5.1-X
2023-07-09 17:53:36,782 - root - DEBUG - 5.5.2-Y
2023-07-09 17:53:36,782 - root - DEBUG - 5.5.3-ImageIndex
2023-07-09 17:53:36,782 - root - DEBUG - 5.5.4-ImagesCount
2023-07-09 17:53:36,782 - root - DEBUG - 5.6-WeekdayTradChinese
2023-07-09 17:53:36,783 - root - DEBUG - 5.6.1-X
2023-07-09 17:53:36,783 - root - DEBUG - 5.6.2-Y
2023-07-09 17:53:36,783 - root - DEBUG - 5.6.3-ImageIndex
2023-07-09 17:53:36,783 - root - DEBUG - 5.6.4-ImagesCount
2023-07-09 17:53:36,783 - root - DEBUG - 29-AlwaysOnDisplay
2023-07-09 17:53:36,783 - root - DEBUG - 29.1-TimeExtended
2023-07-09 17:53:36,784 - root - DEBUG - 29.1.1-TimeSeparateDigits
2023-07-09 17:53:36,784 - root - DEBUG - 29.1.1.1-Hours
2023-07-09 17:53:36,784 - root - DEBUG - 29.1.1.1.1-Tens
2023-07-09 17:53:36,784 - root - DEBUG - 29.1.1.1.1.1-X
2023-07-09 17:53:36,784 - root - DEBUG - 29.1.1.1.1.2-Y
2023-07-09 17:53:36,785 - root - DEBUG - 29.1.1.1.1.3-ImageIndex
2023-07-09 17:53:36,785 - root - DEBUG - 29.1.1.1.1.4-ImagesCount
2023-07-09 17:53:36,785 - root - DEBUG - 29.1.1.1.2-Ones
2023-07-09 17:53:36,785 - root - DEBUG - 29.1.1.1.2.1-X
2023-07-09 17:53:36,785 - root - DEBUG - 29.1.1.1.2.2-Y
2023-07-09 17:53:36,785 - root - DEBUG - 29.1.1.1.2.3-ImageIndex
2023-07-09 17:53:36,786 - root - DEBUG - 29.1.1.1.2.4-ImagesCount
2023-07-09 17:53:36,786 - root - DEBUG - 29.1.1.2-Minutes
2023-07-09 17:53:36,786 - root - DEBUG - 29.1.1.2.1-Tens
2023-07-09 17:53:36,786 - root - DEBUG - 29.1.1.2.1.1-X
2023-07-09 17:53:36,786 - root - DEBUG - 29.1.1.2.1.2-Y
2023-07-09 17:53:36,786 - root - DEBUG - 29.1.1.2.1.3-ImageIndex
2023-07-09 17:53:36,787 - root - DEBUG - 29.1.1.2.1.4-ImagesCount
2023-07-09 17:53:36,787 - root - DEBUG - 29.1.1.2.2-Ones
2023-07-09 17:53:36,787 - root - DEBUG - 29.1.1.2.2.1-X
2023-07-09 17:53:36,787 - root - DEBUG - 29.1.1.2.2.2-Y
2023-07-09 17:53:36,787 - root - DEBUG - 29.1.1.2.2.3-ImageIndex
2023-07-09 17:53:36,787 - root - DEBUG - 29.1.1.2.2.4-ImagesCount
2023-07-09 17:53:36,788 - root - DEBUG - 29.1.1.3-Separator
2023-07-09 17:53:36,788 - root - DEBUG - 29.1.1.3.1-X
2023-07-09 17:53:36,788 - root - DEBUG - 29.1.1.3.2-Y
2023-07-09 17:53:36,788 - root - DEBUG - 29.1.1.3.3-ImageIndex
2023-07-09 17:53:36,788 - root - DEBUG - 29.1.1.4-PaddingZeroHours
2023-07-09 17:53:36,788 - root - DEBUG - 29.1.4-AmPm
2023-07-09 17:53:36,789 - root - DEBUG - 29.1.4.1-CommonX
2023-07-09 17:53:36,789 - root - DEBUG - 29.1.4.2-CommonY
2023-07-09 17:53:36,789 - root - DEBUG - 29.1.4.3-ImageIndexAMCN
2023-07-09 17:53:36,789 - root - DEBUG - 29.1.4.4-ImageIndexPMCN
2023-07-09 17:53:36,789 - root - DEBUG - 29.1.4.5-AmImageIndexEN
2023-07-09 17:53:36,789 - root - DEBUG - 29.1.4.6-PmImageIndexEN
2023-07-09 17:53:36,790 - root - DEBUG - 29.2-DateOneLine
2023-07-09 17:53:36,790 - root - DEBUG - 29.2.1-MonthAndDay
2023-07-09 17:53:36,790 - root - DEBUG - 29.2.1.1-TopLeftX
2023-07-09 17:53:36,790 - root - DEBUG - 29.2.1.2-TopLeftY
2023-07-09 17:53:36,790 - root - DEBUG - 29.2.1.3-BottomRightX
2023-07-09 17:53:36,791 - root - DEBUG - 29.2.1.4-BottomRightY
2023-07-09 17:53:36,791 - root - DEBUG - 29.2.1.5-Alignment
2023-07-09 17:53:36,791 - root - DEBUG - 29.2.1.6-Spacing
2023-07-09 17:53:36,791 - root - DEBUG - 29.2.1.7-VerticalOffset
2023-07-09 17:53:36,791 - root - DEBUG - 29.2.1.8-ImageIndex
2023-07-09 17:53:36,792 - root - DEBUG - 29.2.1.9-ImagesCount
2023-07-09 17:53:36,792 - root - DEBUG - 29.2.2-SeparatorImageIndex
2023-07-09 17:53:36,792 - root - DEBUG - 29.3-Week
2023-07-09 17:53:36,792 - root - DEBUG - 29.3.1-Weekday
2023-07-09 17:53:36,792 - root - DEBUG - 29.3.1.1-X
2023-07-09 17:53:36,792 - root - DEBUG - 29.3.1.2-Y
2023-07-09 17:53:36,793 - root - DEBUG - 29.3.1.3-ImageIndex
2023-07-09 17:53:36,793 - root - DEBUG - 29.3.1.4-ImagesCount
2023-07-09 17:53:36,793 - root - DEBUG - 29.3.2-WeekdayChinese
2023-07-09 17:53:36,793 - root - DEBUG - 29.3.2.1-X
2023-07-09 17:53:36,793 - root - DEBUG - 29.3.2.2-Y
2023-07-09 17:53:36,794 - root - DEBUG - 29.3.2.3-ImageIndex
2023-07-09 17:53:36,794 - root - DEBUG - 29.3.2.4-ImagesCount
2023-07-09 17:53:36,794 - root - DEBUG - 29.3.3-WeekdayTradChinese
2023-07-09 17:53:36,794 - root - DEBUG - 29.3.3.1-X
2023-07-09 17:53:36,794 - root - DEBUG - 29.3.3.2-Y
2023-07-09 17:53:36,794 - root - DEBUG - 29.3.3.3-ImageIndex
2023-07-09 17:53:36,795 - root - DEBUG - 29.3.3.4-ImagesCount
2023-07-09 17:53:36,795 - root - DEBUG - generatePreviews
2023-07-09 17:53:36,795 - root - DEBUG - Generating previews...
2023-07-09 17:53:36,800 - root - DEBUG - Generating states done...
2023-07-09 17:53:36,811 - root - DEBUG - >>>>>>>>>>>> 0 <watchFaceParser.models.parameter.Parameter object at 0x000001ADD35816D0>
2023-07-09 17:53:36,811 - root - DEBUG - >>>>>>>>>>>> 2 <watchFaceParser.models.parameter.Parameter object at 0x000001ADD3579520>
2023-07-09 17:53:36,820 - root - DEBUG - >>>>>>>>>>>> 3 <watchFaceParser.models.parameter.Parameter object at 0x000001ADD3579190>
2023-07-09 17:53:36,830 - root - DEBUG - >>>>>>>>>>>> 4 <watchFaceParser.models.parameter.Parameter object at 0x000001ADD357B760>
2023-07-09 17:53:36,842 - root - DEBUG - >>>>>>>>>>>> 5 <watchFaceParser.models.parameter.Parameter object at 0x000001ADD357BE20>
2023-07-09 17:53:36,855 - root - DEBUG - >>>>>>>>>>>> 29 <watchFaceParser.models.parameter.Parameter object at 0x000001ADD357C5B0>
2023-07-09 17:53:36,875 - root - DEBUG - Generating static preview gen done...
2023-07-09 17:53:37,000 - root - DEBUG - Generating static preview save done...
2023-07-09 17:53:37,000 - root - DEBUG - Generating anim preview gen done...
2023-07-09 17:53:37,000 - root - DEBUG - >>>>>>>>>>>> 0 <watchFaceParser.models.parameter.Parameter object at 0x000001ADD35816D0>
2023-07-09 17:53:37,000 - root - DEBUG - >>>>>>>>>>>> 2 <watchFaceParser.models.parameter.Parameter object at 0x000001ADD3579520>
2023-07-09 17:53:37,000 - root - DEBUG - >>>>>>>>>>>> 3 <watchFaceParser.models.parameter.Parameter object at 0x000001ADD3579190>
2023-07-09 17:53:37,001 - root - DEBUG - >>>>>>>>>>>> 4 <watchFaceParser.models.parameter.Parameter object at 0x000001ADD357B760>
2023-07-09 17:53:37,001 - root - DEBUG - >>>>>>>>>>>> 5 <watchFaceParser.models.parameter.Parameter object at 0x000001ADD357BE20>
2023-07-09 17:53:37,001 - root - DEBUG - >>>>>>>>>>>> 29 <watchFaceParser.models.parameter.Parameter object at 0x000001ADD357C5B0>
2023-07-09 17:53:37,174 - root - DEBUG - generatePreviews done
2023-07-09 17:53:37,174 - root - DEBUG - Exporting resources to 'E:\Codez\zepp-gts2mini-wf\d7bce74099dbbe91a1708b45f65ca06e'
2023-07-09 17:53:37,178 - root - DEBUG - extracting E:\Codez\zepp-gts2mini-wf\d7bce74099dbbe91a1708b45f65ca06e\0000.png...
2023-07-09 17:53:37,204 - root - DEBUG - extracting E:\Codez\zepp-gts2mini-wf\d7bce74099dbbe91a1708b45f65ca06e\0001.png...
2023-07-09 17:53:37,230 - root - DEBUG - extracting E:\Codez\zepp-gts2mini-wf\d7bce74099dbbe91a1708b45f65ca06e\0002.png...
2023-07-09 17:53:37,272 - root - DEBUG - extracting E:\Codez\zepp-gts2mini-wf\d7bce74099dbbe91a1708b45f65ca06e\0003.png...
2023-07-09 17:53:37,273 - root - DEBUG - extracting E:\Codez\zepp-gts2mini-wf\d7bce74099dbbe91a1708b45f65ca06e\0004.png...
2023-07-09 17:53:37,275 - root - DEBUG - extracting E:\Codez\zepp-gts2mini-wf\d7bce74099dbbe91a1708b45f65ca06e\0005.png...
2023-07-09 17:53:37,277 - root - DEBUG - extracting E:\Codez\zepp-gts2mini-wf\d7bce74099dbbe91a1708b45f65ca06e\0006.png...
2023-07-09 17:53:37,278 - root - DEBUG - extracting E:\Codez\zepp-gts2mini-wf\d7bce74099dbbe91a1708b45f65ca06e\0007.png...
2023-07-09 17:53:37,280 - root - DEBUG - extracting E:\Codez\zepp-gts2mini-wf\d7bce74099dbbe91a1708b45f65ca06e\0008.png...
2023-07-09 17:53:37,281 - root - DEBUG - extracting E:\Codez\zepp-gts2mini-wf\d7bce74099dbbe91a1708b45f65ca06e\0009.png...
2023-07-09 17:53:37,282 - root - DEBUG - extracting E:\Codez\zepp-gts2mini-wf\d7bce74099dbbe91a1708b45f65ca06e\0010.png...
2023-07-09 17:53:37,284 - root - DEBUG - extracting E:\Codez\zepp-gts2mini-wf\d7bce74099dbbe91a1708b45f65ca06e\0011.png...
2023-07-09 17:53:37,285 - root - DEBUG - extracting E:\Codez\zepp-gts2mini-wf\d7bce74099dbbe91a1708b45f65ca06e\0012.png...
2023-07-09 17:53:37,287 - root - DEBUG - extracting E:\Codez\zepp-gts2mini-wf\d7bce74099dbbe91a1708b45f65ca06e\0013.png...
2023-07-09 17:53:37,288 - root - DEBUG - extracting E:\Codez\zepp-gts2mini-wf\d7bce74099dbbe91a1708b45f65ca06e\0014.png...
2023-07-09 17:53:37,289 - root - DEBUG - extracting E:\Codez\zepp-gts2mini-wf\d7bce74099dbbe91a1708b45f65ca06e\0015.png...
2023-07-09 17:53:37,291 - root - DEBUG - extracting E:\Codez\zepp-gts2mini-wf\d7bce74099dbbe91a1708b45f65ca06e\0016.png...
2023-07-09 17:53:37,292 - root - DEBUG - extracting E:\Codez\zepp-gts2mini-wf\d7bce74099dbbe91a1708b45f65ca06e\0017.png...
2023-07-09 17:53:37,294 - root - DEBUG - extracting E:\Codez\zepp-gts2mini-wf\d7bce74099dbbe91a1708b45f65ca06e\0018.png...
2023-07-09 17:53:37,295 - root - DEBUG - extracting E:\Codez\zepp-gts2mini-wf\d7bce74099dbbe91a1708b45f65ca06e\0019.png...
2023-07-09 17:53:37,296 - root - DEBUG - extracting E:\Codez\zepp-gts2mini-wf\d7bce74099dbbe91a1708b45f65ca06e\0020.png...
2023-07-09 17:53:37,298 - root - DEBUG - extracting E:\Codez\zepp-gts2mini-wf\d7bce74099dbbe91a1708b45f65ca06e\0021.png...
2023-07-09 17:53:37,299 - root - DEBUG - extracting E:\Codez\zepp-gts2mini-wf\d7bce74099dbbe91a1708b45f65ca06e\0022.png...
2023-07-09 17:53:37,300 - root - DEBUG - extracting E:\Codez\zepp-gts2mini-wf\d7bce74099dbbe91a1708b45f65ca06e\0023.png...
2023-07-09 17:53:37,301 - root - DEBUG - extracting E:\Codez\zepp-gts2mini-wf\d7bce74099dbbe91a1708b45f65ca06e\0024.png...
2023-07-09 17:53:37,303 - root - DEBUG - extracting E:\Codez\zepp-gts2mini-wf\d7bce74099dbbe91a1708b45f65ca06e\0025.png...
2023-07-09 17:53:37,304 - root - DEBUG - extracting E:\Codez\zepp-gts2mini-wf\d7bce74099dbbe91a1708b45f65ca06e\0026.png...
2023-07-09 17:53:37,306 - root - DEBUG - extracting E:\Codez\zepp-gts2mini-wf\d7bce74099dbbe91a1708b45f65ca06e\0027.png...
2023-07-09 17:53:37,307 - root - DEBUG - extracting E:\Codez\zepp-gts2mini-wf\d7bce74099dbbe91a1708b45f65ca06e\0028.png...
2023-07-09 17:53:37,309 - root - DEBUG - extracting E:\Codez\zepp-gts2mini-wf\d7bce74099dbbe91a1708b45f65ca06e\0029.png...
2023-07-09 17:53:37,311 - root - DEBUG - extracting E:\Codez\zepp-gts2mini-wf\d7bce74099dbbe91a1708b45f65ca06e\0030.png...
2023-07-09 17:53:37,312 - root - DEBUG - extracting E:\Codez\zepp-gts2mini-wf\d7bce74099dbbe91a1708b45f65ca06e\0031.png...
2023-07-09 17:53:37,314 - root - DEBUG - extracting E:\Codez\zepp-gts2mini-wf\d7bce74099dbbe91a1708b45f65ca06e\0032.png...
2023-07-09 17:53:37,315 - root - DEBUG - extracting E:\Codez\zepp-gts2mini-wf\d7bce74099dbbe91a1708b45f65ca06e\0033.png...
2023-07-09 17:53:37,317 - root - DEBUG - extracting E:\Codez\zepp-gts2mini-wf\d7bce74099dbbe91a1708b45f65ca06e\0034.png...
2023-07-09 17:53:37,318 - root - DEBUG - extracting E:\Codez\zepp-gts2mini-wf\d7bce74099dbbe91a1708b45f65ca06e\0035.png...
2023-07-09 17:53:37,320 - root - DEBUG - extracting E:\Codez\zepp-gts2mini-wf\d7bce74099dbbe91a1708b45f65ca06e\0036.png...
2023-07-09 17:53:37,321 - root - DEBUG - extracting E:\Codez\zepp-gts2mini-wf\d7bce74099dbbe91a1708b45f65ca06e\0037.png...
2023-07-09 17:53:37,323 - root - DEBUG - extracting E:\Codez\zepp-gts2mini-wf\d7bce74099dbbe91a1708b45f65ca06e\0038.png...
2023-07-09 17:53:37,324 - root - DEBUG - extracting E:\Codez\zepp-gts2mini-wf\d7bce74099dbbe91a1708b45f65ca06e\0039.png...
2023-07-09 17:53:37,325 - root - DEBUG - extracting E:\Codez\zepp-gts2mini-wf\d7bce74099dbbe91a1708b45f65ca06e\0040.png...
2023-07-09 17:53:37,328 - root - DEBUG - extracting E:\Codez\zepp-gts2mini-wf\d7bce74099dbbe91a1708b45f65ca06e\0041.png...
2023-07-09 17:53:37,329 - root - DEBUG - extracting E:\Codez\zepp-gts2mini-wf\d7bce74099dbbe91a1708b45f65ca06e\0042.png...
2023-07-09 17:53:37,331 - root - DEBUG - extracting E:\Codez\zepp-gts2mini-wf\d7bce74099dbbe91a1708b45f65ca06e\0043.png...
2023-07-09 17:53:37,332 - root - DEBUG - extracting E:\Codez\zepp-gts2mini-wf\d7bce74099dbbe91a1708b45f65ca06e\0044.png...
2023-07-09 17:53:37,334 - root - DEBUG - extracting E:\Codez\zepp-gts2mini-wf\d7bce74099dbbe91a1708b45f65ca06e\0045.png...
2023-07-09 17:53:37,335 - root - DEBUG - extracting E:\Codez\zepp-gts2mini-wf\d7bce74099dbbe91a1708b45f65ca06e\0046.png...
2023-07-09 17:53:37,336 - root - DEBUG - extracting E:\Codez\zepp-gts2mini-wf\d7bce74099dbbe91a1708b45f65ca06e\0047.png...
2023-07-09 17:53:37,337 - root - DEBUG - extracting E:\Codez\zepp-gts2mini-wf\d7bce74099dbbe91a1708b45f65ca06e\0048.png...
2023-07-09 17:53:37,339 - root - DEBUG - extracting E:\Codez\zepp-gts2mini-wf\d7bce74099dbbe91a1708b45f65ca06e\0049.png...
2023-07-09 17:53:37,340 - root - DEBUG - extracting E:\Codez\zepp-gts2mini-wf\d7bce74099dbbe91a1708b45f65ca06e\0050.png...
2023-07-09 17:53:37,341 - root - DEBUG - extracting E:\Codez\zepp-gts2mini-wf\d7bce74099dbbe91a1708b45f65ca06e\0051.png...
2023-07-09 17:53:37,344 - root - DEBUG - extracting E:\Codez\zepp-gts2mini-wf\d7bce74099dbbe91a1708b45f65ca06e\0052.png...
2023-07-09 17:53:37,346 - root - DEBUG - extracting E:\Codez\zepp-gts2mini-wf\d7bce74099dbbe91a1708b45f65ca06e\0053.png...
2023-07-09 17:53:37,347 - root - DEBUG - extracting E:\Codez\zepp-gts2mini-wf\d7bce74099dbbe91a1708b45f65ca06e\0054.png...
2023-07-09 17:53:37,349 - root - DEBUG - extracting E:\Codez\zepp-gts2mini-wf\d7bce74099dbbe91a1708b45f65ca06e\0055.png...
2023-07-09 17:53:37,350 - root - DEBUG - extracting E:\Codez\zepp-gts2mini-wf\d7bce74099dbbe91a1708b45f65ca06e\0056.png...
2023-07-09 17:53:37,351 - root - DEBUG - extracting E:\Codez\zepp-gts2mini-wf\d7bce74099dbbe91a1708b45f65ca06e\0057.png...
2023-07-09 17:53:37,352 - root - DEBUG - extracting E:\Codez\zepp-gts2mini-wf\d7bce74099dbbe91a1708b45f65ca06e\0058.png...
2023-07-09 17:53:37,353 - root - DEBUG - extracting E:\Codez\zepp-gts2mini-wf\d7bce74099dbbe91a1708b45f65ca06e\0059.png...
2023-07-09 17:53:37,354 - root - DEBUG - extracting E:\Codez\zepp-gts2mini-wf\d7bce74099dbbe91a1708b45f65ca06e\0060.png...
2023-07-09 17:53:37,355 - root - DEBUG - extracting E:\Codez\zepp-gts2mini-wf\d7bce74099dbbe91a1708b45f65ca06e\0061.png...
2023-07-09 17:53:37,356 - root - DEBUG - extracting E:\Codez\zepp-gts2mini-wf\d7bce74099dbbe91a1708b45f65ca06e\0062.png...
2023-07-09 17:53:37,357 - root - DEBUG - extracting E:\Codez\zepp-gts2mini-wf\d7bce74099dbbe91a1708b45f65ca06e\0063.png...
2023-07-09 17:53:37,358 - root - DEBUG - extracting E:\Codez\zepp-gts2mini-wf\d7bce74099dbbe91a1708b45f65ca06e\0064.png...
2023-07-09 17:53:37,360 - root - DEBUG - extracting E:\Codez\zepp-gts2mini-wf\d7bce74099dbbe91a1708b45f65ca06e\0065.png...
2023-07-09 17:53:37,361 - root - DEBUG - extracting E:\Codez\zepp-gts2mini-wf\d7bce74099dbbe91a1708b45f65ca06e\0066.png...
2023-07-09 17:53:37,363 - root - DEBUG - extracting E:\Codez\zepp-gts2mini-wf\d7bce74099dbbe91a1708b45f65ca06e\0067.png...
2023-07-09 17:53:37,365 - root - DEBUG - extracting E:\Codez\zepp-gts2mini-wf\d7bce74099dbbe91a1708b45f65ca06e\0068.png...
2023-07-09 17:53:37,366 - root - DEBUG - extracting E:\Codez\zepp-gts2mini-wf\d7bce74099dbbe91a1708b45f65ca06e\0069.png...
2023-07-09 17:53:37,368 - root - DEBUG - extracting E:\Codez\zepp-gts2mini-wf\d7bce74099dbbe91a1708b45f65ca06e\0070.png...
2023-07-09 17:53:37,369 - root - DEBUG - extracting E:\Codez\zepp-gts2mini-wf\d7bce74099dbbe91a1708b45f65ca06e\0071.png...
2023-07-09 17:53:37,370 - root - DEBUG - extracting E:\Codez\zepp-gts2mini-wf\d7bce74099dbbe91a1708b45f65ca06e\0072.png...
2023-07-09 17:53:37,372 - root - DEBUG - extracting E:\Codez\zepp-gts2mini-wf\d7bce74099dbbe91a1708b45f65ca06e\0073.png...
2023-07-09 17:53:37,373 - root - DEBUG - extracting E:\Codez\zepp-gts2mini-wf\d7bce74099dbbe91a1708b45f65ca06e\0074.png...
2023-07-09 17:53:37,374 - root - DEBUG - extracting E:\Codez\zepp-gts2mini-wf\d7bce74099dbbe91a1708b45f65ca06e\0075.png...
2023-07-09 17:53:37,376 - root - DEBUG - extracting E:\Codez\zepp-gts2mini-wf\d7bce74099dbbe91a1708b45f65ca06e\0076.png...
2023-07-09 17:53:37,378 - root - DEBUG - extracting E:\Codez\zepp-gts2mini-wf\d7bce74099dbbe91a1708b45f65ca06e\0077.png...
2023-07-09 17:53:37,382 - root - DEBUG - extracting E:\Codez\zepp-gts2mini-wf\d7bce74099dbbe91a1708b45f65ca06e\0078.png...
2023-07-09 17:53:37,384 - root - DEBUG - extracting E:\Codez\zepp-gts2mini-wf\d7bce74099dbbe91a1708b45f65ca06e\0079.png...
2023-07-09 17:53:37,385 - root - DEBUG - extracting E:\Codez\zepp-gts2mini-wf\d7bce74099dbbe91a1708b45f65ca06e\0080.png...
2023-07-09 17:53:37,387 - root - DEBUG - extracting E:\Codez\zepp-gts2mini-wf\d7bce74099dbbe91a1708b45f65ca06e\0081.png...
2023-07-09 17:53:37,388 - root - DEBUG - Exporting config...
