2021-10-19 20:41:29,285 - root - DEBUG - Opening watch face 'dcabc60cb7d82149d7d13ccb5459dacd.bin'
2021-10-19 20:41:29,295 - root - DEBUG - Reading parameters...
2021-10-19 20:41:29,295 - root - INFO - Reading header...
2021-10-19 20:41:29,295 - root - INFO - Header was read:
2021-10-19 20:41:29,295 - root - INFO - Signature: b'UIHH\x01\x00\xff', Unknown: 54, ParametersSize: 30, isValid: True, deviceId: 73
2021-10-19 20:41:29,295 - root - INFO - Reading parameter offsets...
2021-10-19 20:41:29,295 - root - INFO - Parameter offsets were read from file
2021-10-19 20:41:29,295 - root - INFO - Reading parameters descriptor...
2021-10-19 20:41:29,295 - root - INFO - 1 ( A): 4 bytes
2021-10-19 20:41:29,295 - root - INFO -     1 ( 8): 118 76
2021-10-19 20:41:29,295 - root - INFO -     2 (10): 12  C
2021-10-19 20:41:29,295 - root - INFO - getParameters descriptor was read:
2021-10-19 20:41:29,295 - root - INFO - ParametersTableLength: 118, ImagesCount: 12
2021-10-19 20:41:29,295 - root - INFO - Reading parameters locations...
2021-10-19 20:41:29,295 - root - INFO - 2 (12): 4 bytes
2021-10-19 20:41:29,295 - root - INFO -     1 ( 8): 0  0
2021-10-19 20:41:29,295 - root - INFO -     2 (10): 32 20
2021-10-19 20:41:29,295 - root - INFO - 3 (1A): 4 bytes
2021-10-19 20:41:29,295 - root - INFO -     1 ( 8): 32 20
2021-10-19 20:41:29,295 - root - INFO -     2 (10): 54 36
2021-10-19 20:41:29,295 - root - INFO - 4 (22): 4 bytes
2021-10-19 20:41:29,295 - root - INFO -     1 ( 8): 94 5E
2021-10-19 20:41:29,295 - root - INFO -     2 (10): 24 18
2021-10-19 20:41:29,295 - root - INFO - 5 (2A): 4 bytes
2021-10-19 20:41:29,295 - root - INFO -     1 ( 8): 86 56
2021-10-19 20:41:29,295 - root - INFO -     2 (10): 8  8
2021-10-19 20:41:29,295 - root - INFO - Watch face parameters locations were read:
2021-10-19 20:41:29,295 - root - INFO - Reading descriptor for parameter 2
2021-10-19 20:41:29,295 - root - INFO - Descriptor offset: 0, Descriptor length: 32
2021-10-19 20:41:29,295 - root - INFO - Parsing descriptor for parameter 2...
2021-10-19 20:41:29,305 - root - INFO - 1 ( A): 6 bytes
2021-10-19 20:41:29,305 - root - INFO -     1 ( 8): 0  0
2021-10-19 20:41:29,305 - root - INFO -     2 (10): 0  0
2021-10-19 20:41:29,305 - root - INFO -     3 (18): 1  1
2021-10-19 20:41:29,305 - root - INFO - 3 (1A): 6 bytes
2021-10-19 20:41:29,305 - root - INFO -     1 ( 8): 0  0
2021-10-19 20:41:29,305 - root - INFO -     2 (10): 0  0
2021-10-19 20:41:29,305 - root - INFO -     3 (18): 0  0
2021-10-19 20:41:29,305 - root - INFO - 4 (22): 6 bytes
2021-10-19 20:41:29,305 - root - INFO -     1 ( 8): 0  0
2021-10-19 20:41:29,305 - root - INFO -     2 (10): 0  0
2021-10-19 20:41:29,305 - root - INFO -     3 (18): 0  0
2021-10-19 20:41:29,305 - root - INFO - 5 (2A): 6 bytes
2021-10-19 20:41:29,305 - root - INFO -     1 ( 8): 0  0
2021-10-19 20:41:29,305 - root - INFO -     2 (10): 0  0
2021-10-19 20:41:29,305 - root - INFO -     3 (18): 0  0
2021-10-19 20:41:29,305 - root - INFO - Reading descriptor for parameter 3
2021-10-19 20:41:29,305 - root - INFO - Descriptor offset: 32, Descriptor length: 54
2021-10-19 20:41:29,305 - root - INFO - Parsing descriptor for parameter 3...
2021-10-19 20:41:29,305 - root - INFO - 1 ( A): 52 bytes
2021-10-19 20:41:29,305 - root - INFO -     1 ( A): 21 bytes
2021-10-19 20:41:29,305 - root - INFO -         1 ( A): 8 bytes
2021-10-19 20:41:29,305 - root - INFO -             1 ( 8): 15  F
2021-10-19 20:41:29,305 - root - INFO -             2 (10): 11  B
2021-10-19 20:41:29,305 - root - INFO -             3 (18): 2  2
2021-10-19 20:41:29,305 - root - INFO -             4 (20): 10  A
2021-10-19 20:41:29,305 - root - INFO -         2 (12): 9 bytes
2021-10-19 20:41:29,305 - root - INFO -             1 ( 8): 157 9D
2021-10-19 20:41:29,305 - root - INFO -             2 (10): 11  B
2021-10-19 20:41:29,305 - root - INFO -             3 (18): 2  2
2021-10-19 20:41:29,305 - root - INFO -             4 (20): 10  A
2021-10-19 20:41:29,305 - root - INFO -     2 (12): 23 bytes
2021-10-19 20:41:29,305 - root - INFO -         1 ( A): 9 bytes
2021-10-19 20:41:29,305 - root - INFO -             1 ( 8): 15  F
2021-10-19 20:41:29,305 - root - INFO -             2 (10): 184 B8
2021-10-19 20:41:29,305 - root - INFO -             3 (18): 2  2
2021-10-19 20:41:29,305 - root - INFO -             4 (20): 10  A
2021-10-19 20:41:29,305 - root - INFO -         2 (12): 10 bytes
2021-10-19 20:41:29,305 - root - INFO -             1 ( 8): 157 9D
2021-10-19 20:41:29,305 - root - INFO -             2 (10): 184 B8
2021-10-19 20:41:29,305 - root - INFO -             3 (18): 2  2
2021-10-19 20:41:29,305 - root - INFO -             4 (20): 10  A
2021-10-19 20:41:29,305 - root - INFO -     7 (38): 0  0
2021-10-19 20:41:29,305 - root - INFO -     8 (40): 1  1
2021-10-19 20:41:29,305 - root - INFO - Reading descriptor for parameter 4
2021-10-19 20:41:29,305 - root - INFO - Descriptor offset: 94, Descriptor length: 24
2021-10-19 20:41:29,305 - root - INFO - Parsing descriptor for parameter 4...
2021-10-19 20:41:29,305 - root - INFO - 7 (38): 0  0
2021-10-19 20:41:29,305 - root - INFO - 8 (42): 20 bytes
2021-10-19 20:41:29,305 - root - INFO -     1 ( A): 18 bytes
2021-10-19 20:41:29,305 - root - INFO -         1 ( 8): 0  0
2021-10-19 20:41:29,305 - root - INFO -         2 (10): 0  0
2021-10-19 20:41:29,305 - root - INFO -         3 (18): 0  0
2021-10-19 20:41:29,305 - root - INFO -         4 (20): 0  0
2021-10-19 20:41:29,305 - root - INFO -         5 (28): 0  0
2021-10-19 20:41:29,305 - root - INFO -         6 (30): 0  0
2021-10-19 20:41:29,305 - root - INFO -         7 (38): 0  0
2021-10-19 20:41:29,305 - root - INFO -         8 (40): 0  0
2021-10-19 20:41:29,305 - root - INFO -         9 (48): 0  0
2021-10-19 20:41:29,305 - root - INFO - Reading descriptor for parameter 5
2021-10-19 20:41:29,305 - root - INFO - Descriptor offset: 86, Descriptor length: 8
2021-10-19 20:41:29,305 - root - INFO - Parsing descriptor for parameter 5...
2021-10-19 20:41:29,305 - root - INFO - 1 ( A): 6 bytes
2021-10-19 20:41:29,305 - root - INFO -     4 (20): 0  0
2021-10-19 20:41:29,305 - root - INFO -     5 (28): 0  0
2021-10-19 20:41:29,305 - root - INFO -     6 (30): 0  0
2021-10-19 20:41:29,315 - root - INFO - Reading resources offsets table with 12 elements (48 bytes)
2021-10-19 20:41:29,315 - root - INFO - Resource 0 offset: 283, length: 101656...
2021-10-19 20:41:29,315 - root - DEBUG - Reading resource 0...
2021-10-19 20:41:29,356 - root - INFO - The image is bmc.
2021-10-19 20:41:29,356 - root - INFO - Reading image header(readHeader16C)...
2021-10-19 20:41:29,356 - root - INFO - Image header was read:
2021-10-19 20:41:29,356 - root - INFO - Width: 210, Height: 242, RowLength: 420
2021-10-19 20:41:29,356 - root - INFO - _step: 2, unknown2: 0,
2021-10-19 20:41:29,356 - root - INFO - BPP: 16, Transparency: False
2021-10-19 20:41:29,595 - root - INFO - Resource 1 offset: 101939, length: 216664...
2021-10-19 20:41:29,595 - root - DEBUG - Reading resource 1...
2021-10-19 20:41:29,595 - root - INFO - The image is bmc.
2021-10-19 20:41:29,595 - root - INFO - Reading image header(readHeader16C)...
2021-10-19 20:41:29,595 - root - INFO - Image header was read:
2021-10-19 20:41:29,595 - root - INFO - Width: 306, Height: 354, RowLength: 612
2021-10-19 20:41:29,595 - root - INFO - _step: 2, unknown2: 0,
2021-10-19 20:41:29,595 - root - INFO - BPP: 16, Transparency: False
2021-10-19 20:41:30,071 - root - INFO - Resource 2 offset: 318603, length: 68356...
2021-10-19 20:41:30,074 - root - DEBUG - Reading resource 2...
2021-10-19 20:41:30,074 - root - INFO - The image is bmc.
2021-10-19 20:41:30,074 - root - INFO - Reading image header(readHeader16C)...
2021-10-19 20:41:30,074 - root - INFO - Image header was read:
2021-10-19 20:41:30,074 - root - INFO - Width: 134, Height: 170, RowLength: 402
2021-10-19 20:41:30,074 - root - INFO - _step: 3, unknown2: 0,
2021-10-19 20:41:30,074 - root - INFO - BPP: 24, Transparency: False
2021-10-19 20:41:30,175 - root - INFO - Resource 3 offset: 386959, length: 68356...
2021-10-19 20:41:30,175 - root - DEBUG - Reading resource 3...
2021-10-19 20:41:30,175 - root - INFO - The image is bmc.
2021-10-19 20:41:30,175 - root - INFO - Reading image header(readHeader16C)...
2021-10-19 20:41:30,175 - root - INFO - Image header was read:
2021-10-19 20:41:30,175 - root - INFO - Width: 134, Height: 170, RowLength: 402
2021-10-19 20:41:30,175 - root - INFO - _step: 3, unknown2: 0,
2021-10-19 20:41:30,175 - root - INFO - BPP: 24, Transparency: False
2021-10-19 20:41:30,276 - root - INFO - Resource 4 offset: 455315, length: 68356...
2021-10-19 20:41:30,276 - root - DEBUG - Reading resource 4...
2021-10-19 20:41:30,276 - root - INFO - The image is bmc.
2021-10-19 20:41:30,276 - root - INFO - Reading image header(readHeader16C)...
2021-10-19 20:41:30,276 - root - INFO - Image header was read:
2021-10-19 20:41:30,276 - root - INFO - Width: 134, Height: 170, RowLength: 402
2021-10-19 20:41:30,276 - root - INFO - _step: 3, unknown2: 0,
2021-10-19 20:41:30,276 - root - INFO - BPP: 24, Transparency: False
2021-10-19 20:41:30,365 - root - INFO - Resource 5 offset: 523671, length: 68356...
2021-10-19 20:41:30,365 - root - DEBUG - Reading resource 5...
2021-10-19 20:41:30,365 - root - INFO - The image is bmc.
2021-10-19 20:41:30,365 - root - INFO - Reading image header(readHeader16C)...
2021-10-19 20:41:30,365 - root - INFO - Image header was read:
2021-10-19 20:41:30,365 - root - INFO - Width: 134, Height: 170, RowLength: 402
2021-10-19 20:41:30,365 - root - INFO - _step: 3, unknown2: 0,
2021-10-19 20:41:30,365 - root - INFO - BPP: 24, Transparency: False
2021-10-19 20:41:30,465 - root - INFO - Resource 6 offset: 592027, length: 68356...
2021-10-19 20:41:30,465 - root - DEBUG - Reading resource 6...
2021-10-19 20:41:30,465 - root - INFO - The image is bmc.
2021-10-19 20:41:30,465 - root - INFO - Reading image header(readHeader16C)...
2021-10-19 20:41:30,465 - root - INFO - Image header was read:
2021-10-19 20:41:30,465 - root - INFO - Width: 134, Height: 170, RowLength: 402
2021-10-19 20:41:30,465 - root - INFO - _step: 3, unknown2: 0,
2021-10-19 20:41:30,465 - root - INFO - BPP: 24, Transparency: False
2021-10-19 20:41:30,559 - root - INFO - Resource 7 offset: 660383, length: 68356...
2021-10-19 20:41:30,559 - root - DEBUG - Reading resource 7...
2021-10-19 20:41:30,559 - root - INFO - The image is bmc.
2021-10-19 20:41:30,559 - root - INFO - Reading image header(readHeader16C)...
2021-10-19 20:41:30,559 - root - INFO - Image header was read:
2021-10-19 20:41:30,559 - root - INFO - Width: 134, Height: 170, RowLength: 402
2021-10-19 20:41:30,559 - root - INFO - _step: 3, unknown2: 0,
2021-10-19 20:41:30,559 - root - INFO - BPP: 24, Transparency: False
2021-10-19 20:41:30,645 - root - INFO - Resource 8 offset: 728739, length: 68356...
2021-10-19 20:41:30,645 - root - DEBUG - Reading resource 8...
2021-10-19 20:41:30,645 - root - INFO - The image is bmc.
2021-10-19 20:41:30,645 - root - INFO - Reading image header(readHeader16C)...
2021-10-19 20:41:30,645 - root - INFO - Image header was read:
2021-10-19 20:41:30,645 - root - INFO - Width: 134, Height: 170, RowLength: 402
2021-10-19 20:41:30,645 - root - INFO - _step: 3, unknown2: 0,
2021-10-19 20:41:30,645 - root - INFO - BPP: 24, Transparency: False
2021-10-19 20:41:30,755 - root - INFO - Resource 9 offset: 797095, length: 68356...
2021-10-19 20:41:30,755 - root - DEBUG - Reading resource 9...
2021-10-19 20:41:30,755 - root - INFO - The image is bmc.
2021-10-19 20:41:30,755 - root - INFO - Reading image header(readHeader16C)...
2021-10-19 20:41:30,755 - root - INFO - Image header was read:
2021-10-19 20:41:30,755 - root - INFO - Width: 134, Height: 170, RowLength: 402
2021-10-19 20:41:30,755 - root - INFO - _step: 3, unknown2: 0,
2021-10-19 20:41:30,755 - root - INFO - BPP: 24, Transparency: False
2021-10-19 20:41:30,855 - root - INFO - Resource 10 offset: 865451, length: 68356...
2021-10-19 20:41:30,855 - root - DEBUG - Reading resource 10...
2021-10-19 20:41:30,855 - root - INFO - The image is bmc.
2021-10-19 20:41:30,855 - root - INFO - Reading image header(readHeader16C)...
2021-10-19 20:41:30,855 - root - INFO - Image header was read:
2021-10-19 20:41:30,855 - root - INFO - Width: 134, Height: 170, RowLength: 402
2021-10-19 20:41:30,855 - root - INFO - _step: 3, unknown2: 0,
2021-10-19 20:41:30,855 - root - INFO - BPP: 24, Transparency: False
2021-10-19 20:41:30,945 - root - INFO - Resource 11 offset: 933807, length: 68356...
2021-10-19 20:41:30,945 - root - DEBUG - Reading resource 11...
2021-10-19 20:41:30,945 - root - INFO - The image is bmc.
2021-10-19 20:41:30,945 - root - INFO - Reading image header(readHeader16C)...
2021-10-19 20:41:30,945 - root - INFO - Image header was read:
2021-10-19 20:41:30,945 - root - INFO - Width: 134, Height: 170, RowLength: 402
2021-10-19 20:41:30,945 - root - INFO - _step: 3, unknown2: 0,
2021-10-19 20:41:30,945 - root - INFO - BPP: 24, Transparency: False
2021-10-19 20:41:31,041 - root - DEBUG - Parsing parameters...
2021-10-19 20:41:31,116 - root - DEBUG - 0 Value: None
2021-10-19 20:41:31,116 - root - DEBUG - 0.1 Value: 73
2021-10-19 20:41:31,116 - root - DEBUG - 2 Value: None
2021-10-19 20:41:31,116 - root - DEBUG - 2.1 Value: None
2021-10-19 20:41:31,116 - root - DEBUG - 2.1.1 Value: 0
2021-10-19 20:41:31,116 - root - DEBUG - 2.1.2 Value: 0
2021-10-19 20:41:31,116 - root - DEBUG - 2.1.3 Value: 1
2021-10-19 20:41:31,116 - root - DEBUG - 2.3 Value: None
2021-10-19 20:41:31,116 - root - DEBUG - 2.3.1 Value: 0
2021-10-19 20:41:31,116 - root - DEBUG - 2.3.2 Value: 0
2021-10-19 20:41:31,116 - root - DEBUG - 2.3.3 Value: 0
2021-10-19 20:41:31,116 - root - DEBUG - 2.4 Value: None
2021-10-19 20:41:31,116 - root - DEBUG - 2.4.1 Value: 0
2021-10-19 20:41:31,116 - root - DEBUG - 2.4.2 Value: 0
2021-10-19 20:41:31,116 - root - DEBUG - 2.4.3 Value: 0
2021-10-19 20:41:31,116 - root - DEBUG - 2.5 Value: None
2021-10-19 20:41:31,116 - root - DEBUG - 2.5.1 Value: 0
2021-10-19 20:41:31,116 - root - DEBUG - 2.5.2 Value: 0
2021-10-19 20:41:31,116 - root - DEBUG - 2.5.3 Value: 0
2021-10-19 20:41:31,116 - root - DEBUG - 3 Value: None
2021-10-19 20:41:31,116 - root - DEBUG - 3.1 Value: None
2021-10-19 20:41:31,116 - root - DEBUG - 3.1.1 Value: None
2021-10-19 20:41:31,116 - root - DEBUG - 3.1.1.1 Value: None
2021-10-19 20:41:31,116 - root - DEBUG - 3.1.1.1.1 Value: 15
2021-10-19 20:41:31,116 - root - DEBUG - 3.1.1.1.2 Value: 11
2021-10-19 20:41:31,116 - root - DEBUG - 3.1.1.1.3 Value: 2
2021-10-19 20:41:31,116 - root - DEBUG - 3.1.1.1.4 Value: 10
2021-10-19 20:41:31,116 - root - DEBUG - 3.1.1.2 Value: None
2021-10-19 20:41:31,116 - root - DEBUG - 3.1.1.2.1 Value: 157
2021-10-19 20:41:31,116 - root - DEBUG - 3.1.1.2.2 Value: 11
2021-10-19 20:41:31,116 - root - DEBUG - 3.1.1.2.3 Value: 2
2021-10-19 20:41:31,116 - root - DEBUG - 3.1.1.2.4 Value: 10
2021-10-19 20:41:31,116 - root - DEBUG - 3.1.2 Value: None
2021-10-19 20:41:31,116 - root - DEBUG - 3.1.2.1 Value: None
2021-10-19 20:41:31,116 - root - DEBUG - 3.1.2.1.1 Value: 15
2021-10-19 20:41:31,116 - root - DEBUG - 3.1.2.1.2 Value: 184
2021-10-19 20:41:31,116 - root - DEBUG - 3.1.2.1.3 Value: 2
2021-10-19 20:41:31,116 - root - DEBUG - 3.1.2.1.4 Value: 10
2021-10-19 20:41:31,116 - root - DEBUG - 3.1.2.2 Value: None
2021-10-19 20:41:31,116 - root - DEBUG - 3.1.2.2.1 Value: 157
2021-10-19 20:41:31,116 - root - DEBUG - 3.1.2.2.2 Value: 184
2021-10-19 20:41:31,116 - root - DEBUG - 3.1.2.2.3 Value: 2
2021-10-19 20:41:31,116 - root - DEBUG - 3.1.2.2.4 Value: 10
2021-10-19 20:41:31,116 - root - DEBUG - 3.1.7 Value: 0
2021-10-19 20:41:31,116 - root - DEBUG - 3.1.8 Value: 1
2021-10-19 20:41:31,116 - root - DEBUG - 4 Value: None
2021-10-19 20:41:31,116 - root - DEBUG - 4.7 Value: 0
2021-10-19 20:41:31,116 - root - DEBUG - 4.8 Value: None
2021-10-19 20:41:31,116 - root - DEBUG - 4.8.1 Value: None
2021-10-19 20:41:31,116 - root - DEBUG - 4.8.1.1 Value: 0
2021-10-19 20:41:31,116 - root - DEBUG - 4.8.1.2 Value: 0
2021-10-19 20:41:31,116 - root - DEBUG - 4.8.1.3 Value: 0
2021-10-19 20:41:31,116 - root - DEBUG - 4.8.1.4 Value: 0
2021-10-19 20:41:31,116 - root - DEBUG - 4.8.1.5 Value: 0
2021-10-19 20:41:31,116 - root - DEBUG - 4.8.1.6 Value: 0
2021-10-19 20:41:31,116 - root - DEBUG - 4.8.1.7 Value: 0
2021-10-19 20:41:31,116 - root - DEBUG - 4.8.1.8 Value: 0
2021-10-19 20:41:31,116 - root - DEBUG - 4.8.1.9 Value: 0
2021-10-19 20:41:31,121 - root - DEBUG - 5 Value: None
2021-10-19 20:41:31,121 - root - DEBUG - 5.1 Value: None
2021-10-19 20:41:31,121 - root - DEBUG - 5.1.4 Value: 0
2021-10-19 20:41:31,121 - root - DEBUG - 5.1.5 Value: 0
2021-10-19 20:41:31,121 - root - DEBUG - 5.1.6 Value: 0
2021-10-19 20:41:31,121 - root - DEBUG - 0-Info
2021-10-19 20:41:31,121 - root - DEBUG - 0.1-DeviceId
2021-10-19 20:41:31,121 - root - DEBUG - 2-Background
2021-10-19 20:41:31,121 - root - DEBUG - 2.1-Image
2021-10-19 20:41:31,121 - root - DEBUG - 2.1.1-X
2021-10-19 20:41:31,121 - root - DEBUG - 2.1.2-Y
2021-10-19 20:41:31,121 - root - DEBUG - 2.1.3-ImageIndex
2021-10-19 20:41:31,121 - root - DEBUG - 2.3-Preview
2021-10-19 20:41:31,121 - root - DEBUG - 2.3.1-X
2021-10-19 20:41:31,121 - root - DEBUG - 2.3.2-Y
2021-10-19 20:41:31,121 - root - DEBUG - 2.3.3-ImageIndex
2021-10-19 20:41:31,121 - root - DEBUG - 2.4-PreviewKorean
2021-10-19 20:41:31,121 - root - DEBUG - 2.4.1-X
2021-10-19 20:41:31,121 - root - DEBUG - 2.4.2-Y
2021-10-19 20:41:31,121 - root - DEBUG - 2.4.3-ImageIndex
2021-10-19 20:41:31,121 - root - DEBUG - 2.5-PreviewChinese
2021-10-19 20:41:31,121 - root - DEBUG - 2.5.1-X
2021-10-19 20:41:31,121 - root - DEBUG - 2.5.2-Y
2021-10-19 20:41:31,121 - root - DEBUG - 2.5.3-ImageIndex
2021-10-19 20:41:31,121 - root - DEBUG - 3-TimeExtended
2021-10-19 20:41:31,121 - root - DEBUG - 3.1-TimeSeparateDigits
2021-10-19 20:41:31,121 - root - DEBUG - 3.1.1-Hours
2021-10-19 20:41:31,121 - root - DEBUG - 3.1.1.1-Tens
2021-10-19 20:41:31,121 - root - DEBUG - 3.1.1.1.1-X
2021-10-19 20:41:31,121 - root - DEBUG - 3.1.1.1.2-Y
2021-10-19 20:41:31,121 - root - DEBUG - 3.1.1.1.3-ImageIndex
2021-10-19 20:41:31,121 - root - DEBUG - 3.1.1.1.4-ImagesCount
2021-10-19 20:41:31,121 - root - DEBUG - 3.1.1.2-Ones
2021-10-19 20:41:31,121 - root - DEBUG - 3.1.1.2.1-X
2021-10-19 20:41:31,121 - root - DEBUG - 3.1.1.2.2-Y
2021-10-19 20:41:31,121 - root - DEBUG - 3.1.1.2.3-ImageIndex
2021-10-19 20:41:31,121 - root - DEBUG - 3.1.1.2.4-ImagesCount
2021-10-19 20:41:31,121 - root - DEBUG - 3.1.2-Minutes
2021-10-19 20:41:31,121 - root - DEBUG - 3.1.2.1-Tens
2021-10-19 20:41:31,121 - root - DEBUG - 3.1.2.1.1-X
2021-10-19 20:41:31,121 - root - DEBUG - 3.1.2.1.2-Y
2021-10-19 20:41:31,121 - root - DEBUG - 3.1.2.1.3-ImageIndex
2021-10-19 20:41:31,121 - root - DEBUG - 3.1.2.1.4-ImagesCount
2021-10-19 20:41:31,121 - root - DEBUG - 3.1.2.2-Ones
2021-10-19 20:41:31,121 - root - DEBUG - 3.1.2.2.1-X
2021-10-19 20:41:31,121 - root - DEBUG - 3.1.2.2.2-Y
2021-10-19 20:41:31,121 - root - DEBUG - 3.1.2.2.3-ImageIndex
2021-10-19 20:41:31,121 - root - DEBUG - 3.1.2.2.4-ImagesCount
2021-10-19 20:41:31,126 - root - DEBUG - 3.1.7-Unknown7
2021-10-19 20:41:31,126 - root - DEBUG - 3.1.8-Unknown8
2021-10-19 20:41:31,126 - root - DEBUG - 4-Activity
2021-10-19 20:41:31,126 - root - DEBUG - 4.7-UnknownLongValue7
2021-10-19 20:41:31,126 - root - DEBUG - 4.8-StandUp
2021-10-19 20:41:31,126 - root - DEBUG - 4.8.1-ImageNumber
2021-10-19 20:41:31,126 - root - DEBUG - 4.8.1.1-TopLeftX
2021-10-19 20:41:31,126 - root - DEBUG - 4.8.1.2-TopLeftY
2021-10-19 20:41:31,126 - root - DEBUG - 4.8.1.3-BottomRightX
2021-10-19 20:41:31,126 - root - DEBUG - 4.8.1.4-BottomRightY
2021-10-19 20:41:31,126 - root - DEBUG - 4.8.1.5-Alignment
2021-10-19 20:41:31,126 - root - DEBUG - 4.8.1.6-Spacing
2021-10-19 20:41:31,126 - root - DEBUG - 4.8.1.7-VerticalOffset
2021-10-19 20:41:31,126 - root - DEBUG - 4.8.1.8-ImageIndex
2021-10-19 20:41:31,126 - root - DEBUG - 4.8.1.9-ImagesCount
2021-10-19 20:41:31,126 - root - DEBUG - 5-DateBlock
2021-10-19 20:41:31,126 - root - DEBUG - 5.1-Date
2021-10-19 20:41:31,126 - root - DEBUG - 5.1.4-PaddingZeroMonth
2021-10-19 20:41:31,126 - root - DEBUG - 5.1.5-PaddingZeroDay
2021-10-19 20:41:31,126 - root - DEBUG - 5.1.6-Unknown6
2021-10-19 20:41:31,126 - root - DEBUG - generatePreviews
2021-10-19 20:41:31,126 - root - DEBUG - Generating previews...
2021-10-19 20:41:31,126 - root - DEBUG - Generating states done...
2021-10-19 20:41:31,135 - root - DEBUG - >>>>>>>>>>>> 0 <watchFaceParser.models.parameter.Parameter object at 0x00000171B0C65048>
2021-10-19 20:41:31,135 - root - DEBUG - >>>>>>>>>>>> 2 <watchFaceParser.models.parameter.Parameter object at 0x00000171B0C59F48>
2021-10-19 20:41:31,135 - root - DEBUG - >>>>>>>>>>>> 3 <watchFaceParser.models.parameter.Parameter object at 0x00000171B0C59C08>
2021-10-19 20:41:31,145 - root - DEBUG - >>>>>>>>>>>> 4 <watchFaceParser.models.parameter.Parameter object at 0x00000171B0C65188>
2021-10-19 20:41:31,155 - root - DEBUG - >>>>>>>>>>>> 5 <watchFaceParser.models.parameter.Parameter object at 0x00000171B0C65848>
2021-10-19 20:41:31,165 - root - DEBUG - Generating static preview gen done...
2021-10-19 20:41:31,280 - root - DEBUG - Generating static preview save done...
2021-10-19 20:41:31,280 - root - DEBUG - Generating anim preview gen done...
2021-10-19 20:41:31,280 - root - DEBUG - >>>>>>>>>>>> 0 <watchFaceParser.models.parameter.Parameter object at 0x00000171B0C65048>
2021-10-19 20:41:31,280 - root - DEBUG - >>>>>>>>>>>> 2 <watchFaceParser.models.parameter.Parameter object at 0x00000171B0C59F48>
2021-10-19 20:41:31,280 - root - DEBUG - >>>>>>>>>>>> 3 <watchFaceParser.models.parameter.Parameter object at 0x00000171B0C59C08>
2021-10-19 20:41:31,280 - root - DEBUG - >>>>>>>>>>>> 4 <watchFaceParser.models.parameter.Parameter object at 0x00000171B0C65188>
2021-10-19 20:41:31,280 - root - DEBUG - >>>>>>>>>>>> 5 <watchFaceParser.models.parameter.Parameter object at 0x00000171B0C65848>
2021-10-19 20:41:31,395 - root - DEBUG - generatePreviews done
2021-10-19 20:41:31,395 - root - DEBUG - Exporting resources to 'dcabc60cb7d82149d7d13ccb5459dacd'
2021-10-19 20:41:31,395 - root - DEBUG - extracting dcabc60cb7d82149d7d13ccb5459dacd\0000.png...
2021-10-19 20:41:31,431 - root - DEBUG - extracting dcabc60cb7d82149d7d13ccb5459dacd\0001.png...
2021-10-19 20:41:31,496 - root - DEBUG - extracting dcabc60cb7d82149d7d13ccb5459dacd\0002.png...
2021-10-19 20:41:31,505 - root - DEBUG - extracting dcabc60cb7d82149d7d13ccb5459dacd\0003.png...
2021-10-19 20:41:31,515 - root - DEBUG - extracting dcabc60cb7d82149d7d13ccb5459dacd\0004.png...
2021-10-19 20:41:31,526 - root - DEBUG - extracting dcabc60cb7d82149d7d13ccb5459dacd\0005.png...
2021-10-19 20:41:31,535 - root - DEBUG - extracting dcabc60cb7d82149d7d13ccb5459dacd\0006.png...
2021-10-19 20:41:31,546 - root - DEBUG - extracting dcabc60cb7d82149d7d13ccb5459dacd\0007.png...
2021-10-19 20:41:31,555 - root - DEBUG - extracting dcabc60cb7d82149d7d13ccb5459dacd\0008.png...
2021-10-19 20:41:31,575 - root - DEBUG - extracting dcabc60cb7d82149d7d13ccb5459dacd\0009.png...
2021-10-19 20:41:31,576 - root - DEBUG - extracting dcabc60cb7d82149d7d13ccb5459dacd\0010.png...
2021-10-19 20:41:31,586 - root - DEBUG - extracting dcabc60cb7d82149d7d13ccb5459dacd\0011.png...
2021-10-19 20:41:31,595 - root - DEBUG - Exporting config...
