2022-01-06 09:12:52,565 - root - DEBUG - Opening watch face 'E:\Codez\zepp-gts2mini-wf\0bd98bf08f6b688333acbf0bbbeec924.bin'
2022-01-06 09:12:52,579 - root - DEBUG - Reading parameters...
2022-01-06 09:12:52,579 - root - INFO - Reading header...
2022-01-06 09:12:52,580 - root - INFO - Header was read:
2022-01-06 09:12:52,581 - root - INFO - Signature: b'UIHH\x01\x00\xff', Unknown: 110, ParametersSize: 33, isValid: True, deviceId: 73
2022-01-06 09:12:52,581 - root - INFO - Reading parameter offsets...
2022-01-06 09:12:52,581 - root - INFO - Parameter offsets were read from file
2022-01-06 09:12:52,581 - root - INFO - Reading parameters descriptor...
2022-01-06 09:12:52,581 - root - INFO - 1 ( A): 5 bytes
2022-01-06 09:12:52,581 - root - INFO -     1 ( 8): 272 110
2022-01-06 09:12:52,581 - root - INFO -     2 (10): 77 4D
2022-01-06 09:12:52,581 - root - INFO - getParameters descriptor was read:
2022-01-06 09:12:52,581 - root - INFO - ParametersTableLength: 272, ImagesCount: 77
2022-01-06 09:12:52,581 - root - INFO - Reading parameters locations...
2022-01-06 09:12:52,581 - root - INFO - 2 (12): 4 bytes
2022-01-06 09:12:52,581 - root - INFO -     1 ( 8): 0  0
2022-01-06 09:12:52,582 - root - INFO -     2 (10): 32 20
2022-01-06 09:12:52,582 - root - INFO - 3 (1A): 4 bytes
2022-01-06 09:12:52,582 - root - INFO -     1 ( 8): 32 20
2022-01-06 09:12:52,582 - root - INFO -     2 (10): 69 45
2022-01-06 09:12:52,582 - root - INFO - 5 (2A): 4 bytes
2022-01-06 09:12:52,582 - root - INFO -     1 ( 8): 101 65
2022-01-06 09:12:52,582 - root - INFO -     2 (10): 110 6E
2022-01-06 09:12:52,582 - root - INFO - 29 (EA): 5 bytes
2022-01-06 09:12:52,582 - root - INFO -     1 ( 8): 211 D3
2022-01-06 09:12:52,582 - root - INFO -     2 (10): 61 3D
2022-01-06 09:12:52,582 - root - INFO - Watch face parameters locations were read:
2022-01-06 09:12:52,584 - root - INFO - Reading descriptor for parameter 2
2022-01-06 09:12:52,584 - root - INFO - Descriptor offset: 0, Descriptor length: 32
2022-01-06 09:12:52,584 - root - INFO - Parsing descriptor for parameter 2...
2022-01-06 09:12:52,584 - root - INFO - 1 ( A): 6 bytes
2022-01-06 09:12:52,584 - root - INFO -     1 ( 8): 0  0
2022-01-06 09:12:52,584 - root - INFO -     2 (10): 0  0
2022-01-06 09:12:52,584 - root - INFO -     3 (18): 2  2
2022-01-06 09:12:52,584 - root - INFO - 3 (1A): 6 bytes
2022-01-06 09:12:52,585 - root - INFO -     1 ( 8): 0  0
2022-01-06 09:12:52,585 - root - INFO -     2 (10): 0  0
2022-01-06 09:12:52,585 - root - INFO -     3 (18): 1  1
2022-01-06 09:12:52,586 - root - INFO - 4 (22): 6 bytes
2022-01-06 09:12:52,586 - root - INFO -     1 ( 8): 0  0
2022-01-06 09:12:52,586 - root - INFO -     2 (10): 0  0
2022-01-06 09:12:52,586 - root - INFO -     3 (18): 0  0
2022-01-06 09:12:52,586 - root - INFO - 5 (2A): 6 bytes
2022-01-06 09:12:52,586 - root - INFO -     1 ( 8): 0  0
2022-01-06 09:12:52,586 - root - INFO -     2 (10): 0  0
2022-01-06 09:12:52,587 - root - INFO -     3 (18): 0  0
2022-01-06 09:12:52,587 - root - INFO - Reading descriptor for parameter 3
2022-01-06 09:12:52,588 - root - INFO - Descriptor offset: 32, Descriptor length: 69
2022-01-06 09:12:52,588 - root - INFO - Parsing descriptor for parameter 3...
2022-01-06 09:12:52,588 - root - INFO - 1 ( A): 67 bytes
2022-01-06 09:12:52,588 - root - INFO -     1 ( A): 20 bytes
2022-01-06 09:12:52,588 - root - INFO -         1 ( A): 8 bytes
2022-01-06 09:12:52,588 - root - INFO -             1 ( 8): 34 22
2022-01-06 09:12:52,588 - root - INFO -             2 (10): 45 2D
2022-01-06 09:12:52,588 - root - INFO -             3 (18): 3  3
2022-01-06 09:12:52,588 - root - INFO -             4 (20): 10  A
2022-01-06 09:12:52,588 - root - INFO -         2 (12): 8 bytes
2022-01-06 09:12:52,589 - root - INFO -             1 ( 8): 110 6E
2022-01-06 09:12:52,589 - root - INFO -             2 (10): 45 2D
2022-01-06 09:12:52,589 - root - INFO -             3 (18): 3  3
2022-01-06 09:12:52,589 - root - INFO -             4 (20): 10  A
2022-01-06 09:12:52,589 - root - INFO -     2 (12): 23 bytes
2022-01-06 09:12:52,589 - root - INFO -         1 ( A): 9 bytes
2022-01-06 09:12:52,589 - root - INFO -             1 ( 8): 110 6E
2022-01-06 09:12:52,589 - root - INFO -             2 (10): 209 D1
2022-01-06 09:12:52,589 - root - INFO -             3 (18): 3  3
2022-01-06 09:12:52,589 - root - INFO -             4 (20): 10  A
2022-01-06 09:12:52,589 - root - INFO -         2 (12): 10 bytes
2022-01-06 09:12:52,590 - root - INFO -             1 ( 8): 186 BA
2022-01-06 09:12:52,590 - root - INFO -             2 (10): 209 D1
2022-01-06 09:12:52,590 - root - INFO -             3 (18): 3  3
2022-01-06 09:12:52,590 - root - INFO -             4 (20): 10  A
2022-01-06 09:12:52,590 - root - INFO -     5 (2A): 6 bytes
2022-01-06 09:12:52,590 - root - INFO -         1 ( 8): 78 4E
2022-01-06 09:12:52,590 - root - INFO -         2 (10): 120 78
2022-01-06 09:12:52,590 - root - INFO -         3 (18): 13  D
2022-01-06 09:12:52,590 - root - INFO -     6 (32): 6 bytes
2022-01-06 09:12:52,590 - root - INFO -         1 ( 8): 0  0
2022-01-06 09:12:52,590 - root - INFO -         2 (10): 0  0
2022-01-06 09:12:52,590 - root - INFO -         3 (18): 14  E
2022-01-06 09:12:52,591 - root - INFO -     7 (38): 0  0
2022-01-06 09:12:52,591 - root - INFO -     8 (40): 1  1
2022-01-06 09:12:52,592 - root - INFO - Reading descriptor for parameter 5
2022-01-06 09:12:52,592 - root - INFO - Descriptor offset: 101, Descriptor length: 110
2022-01-06 09:12:52,592 - root - INFO - Parsing descriptor for parameter 5...
2022-01-06 09:12:52,592 - root - INFO - 1 ( A): 56 bytes
2022-01-06 09:12:52,592 - root - INFO -     9 (4A): 48 bytes
2022-01-06 09:12:52,592 - root - INFO -         3 (1A): 20 bytes
2022-01-06 09:12:52,592 - root - INFO -             1 ( 8): 97 61
2022-01-06 09:12:52,592 - root - INFO -             2 (10): 162 A2
2022-01-06 09:12:52,593 - root - INFO -             3 (18): 121 79
2022-01-06 09:12:52,593 - root - INFO -             4 (20): 180 B4
2022-01-06 09:12:52,593 - root - INFO -             5 (28): 18 12
2022-01-06 09:12:52,593 - root - INFO -             6 (30): 0  0
2022-01-06 09:12:52,593 - root - INFO -             7 (38): 0  0
2022-01-06 09:12:52,593 - root - INFO -             8 (40): 15  F
2022-01-06 09:12:52,593 - root - INFO -             9 (48): 10  A
2022-01-06 09:12:52,593 - root - INFO -         4 (20): 0  0
2022-01-06 09:12:52,593 - root - INFO -         5 (28): 0  0
2022-01-06 09:12:52,593 - root - INFO -         6 (32): 9 bytes
2022-01-06 09:12:52,594 - root - INFO -             1 ( 8): 40 28
2022-01-06 09:12:52,594 - root - INFO -             2 (10): 162 A2
2022-01-06 09:12:52,594 - root - INFO -             3 (18): 25 19
2022-01-06 09:12:52,594 - root - INFO -             4 (20): 12  C
2022-01-06 09:12:52,594 - root - INFO -         7 (3A): 9 bytes
2022-01-06 09:12:52,594 - root - INFO -             1 ( 8): 40 28
2022-01-06 09:12:52,594 - root - INFO -             2 (10): 162 A2
2022-01-06 09:12:52,594 - root - INFO -             3 (18): 37 25
2022-01-06 09:12:52,594 - root - INFO -             4 (20): 12  C
2022-01-06 09:12:52,594 - root - INFO -     4 (20): 1  1
2022-01-06 09:12:52,594 - root - INFO -     5 (28): 1  1
2022-01-06 09:12:52,595 - root - INFO -     6 (30): 0  0
2022-01-06 09:12:52,595 - root - INFO - 2 (12): 14 bytes
2022-01-06 09:12:52,595 - root - INFO -     1 ( 8): 151 97
2022-01-06 09:12:52,595 - root - INFO -     2 (10): 176 B0
2022-01-06 09:12:52,595 - root - INFO -     3 (18): 65 41
2022-01-06 09:12:52,595 - root - INFO -     4 (20): 66 42
2022-01-06 09:12:52,595 - root - INFO -     5 (28): 63 3F
2022-01-06 09:12:52,595 - root - INFO -     6 (30): 64 40
2022-01-06 09:12:52,595 - root - INFO - 4 (22): 10 bytes
2022-01-06 09:12:52,595 - root - INFO -     1 ( 8): 193 C1
2022-01-06 09:12:52,595 - root - INFO -     2 (10): 176 B0
2022-01-06 09:12:52,595 - root - INFO -     3 (18): 49 31
2022-01-06 09:12:52,596 - root - INFO -     4 (20): 7  7
2022-01-06 09:12:52,596 - root - INFO - 5 (2A): 10 bytes
2022-01-06 09:12:52,596 - root - INFO -     1 ( 8): 193 C1
2022-01-06 09:12:52,596 - root - INFO -     2 (10): 176 B0
2022-01-06 09:12:52,596 - root - INFO -     3 (18): 49 31
2022-01-06 09:12:52,596 - root - INFO -     4 (20): 7  7
2022-01-06 09:12:52,596 - root - INFO - 6 (32): 10 bytes
2022-01-06 09:12:52,596 - root - INFO -     1 ( 8): 193 C1
2022-01-06 09:12:52,596 - root - INFO -     2 (10): 176 B0
2022-01-06 09:12:52,596 - root - INFO -     3 (18): 56 38
2022-01-06 09:12:52,596 - root - INFO -     4 (20): 7  7
2022-01-06 09:12:52,597 - root - INFO - Reading descriptor for parameter 29
2022-01-06 09:12:52,598 - root - INFO - Descriptor offset: 211, Descriptor length: 61
2022-01-06 09:12:52,598 - root - INFO - Parsing descriptor for parameter 29...
2022-01-06 09:12:52,598 - root - INFO - 1 ( A): 59 bytes
2022-01-06 09:12:52,598 - root - INFO -     1 ( A): 57 bytes
2022-01-06 09:12:52,598 - root - INFO -         1 ( A): 20 bytes
2022-01-06 09:12:52,598 - root - INFO -             1 ( A): 8 bytes
2022-01-06 09:12:52,598 - root - INFO -                 1 ( 8): 34 22
2022-01-06 09:12:52,598 - root - INFO -                 2 (10): 45 2D
2022-01-06 09:12:52,598 - root - INFO -                 3 (18): 67 43
2022-01-06 09:12:52,598 - root - INFO -                 4 (20): 10  A
2022-01-06 09:12:52,598 - root - INFO -             2 (12): 8 bytes
2022-01-06 09:12:52,599 - root - INFO -                 1 ( 8): 110 6E
2022-01-06 09:12:52,599 - root - INFO -                 2 (10): 45 2D
2022-01-06 09:12:52,599 - root - INFO -                 3 (18): 67 43
2022-01-06 09:12:52,599 - root - INFO -                 4 (20): 10  A
2022-01-06 09:12:52,599 - root - INFO -         2 (12): 23 bytes
2022-01-06 09:12:52,599 - root - INFO -             1 ( A): 9 bytes
2022-01-06 09:12:52,599 - root - INFO -                 1 ( 8): 110 6E
2022-01-06 09:12:52,599 - root - INFO -                 2 (10): 209 D1
2022-01-06 09:12:52,599 - root - INFO -                 3 (18): 67 43
2022-01-06 09:12:52,599 - root - INFO -                 4 (20): 10  A
2022-01-06 09:12:52,599 - root - INFO -             2 (12): 10 bytes
2022-01-06 09:12:52,599 - root - INFO -                 1 ( 8): 186 BA
2022-01-06 09:12:52,600 - root - INFO -                 2 (10): 209 D1
2022-01-06 09:12:52,600 - root - INFO -                 3 (18): 67 43
2022-01-06 09:12:52,600 - root - INFO -                 4 (20): 10  A
2022-01-06 09:12:52,600 - root - INFO -         3 (1A): 6 bytes
2022-01-06 09:12:52,600 - root - INFO -             1 ( 8): 78 4E
2022-01-06 09:12:52,600 - root - INFO -             2 (10): 120 78
2022-01-06 09:12:52,600 - root - INFO -             3 (18): 13  D
2022-01-06 09:12:52,600 - root - INFO -         4 (20): 1  1
2022-01-06 09:12:52,603 - root - INFO - Reading resources offsets table with 77 elements (308 bytes)
2022-01-06 09:12:52,604 - root - INFO - Resource 0 offset: 700, length: 101656...
2022-01-06 09:12:52,604 - root - DEBUG - Reading resource 0...
2022-01-06 09:12:52,647 - root - INFO - The image is bmc.
2022-01-06 09:12:52,647 - root - INFO - Reading image header(readHeader16C)...
2022-01-06 09:12:52,647 - root - INFO - Image header was read:
2022-01-06 09:12:52,648 - root - INFO - Width: 210, Height: 242, RowLength: 420
2022-01-06 09:12:52,648 - root - INFO - _step: 2, unknown2: 0,
2022-01-06 09:12:52,648 - root - INFO - BPP: 16, Transparency: False
2022-01-06 09:12:52,846 - root - INFO - Resource 1 offset: 102356, length: 101656...
2022-01-06 09:12:52,846 - root - DEBUG - Reading resource 1...
2022-01-06 09:12:52,846 - root - INFO - The image is bmc.
2022-01-06 09:12:52,846 - root - INFO - Reading image header(readHeader16C)...
2022-01-06 09:12:52,846 - root - INFO - Image header was read:
2022-01-06 09:12:52,846 - root - INFO - Width: 210, Height: 242, RowLength: 420
2022-01-06 09:12:52,846 - root - INFO - _step: 2, unknown2: 0,
2022-01-06 09:12:52,847 - root - INFO - BPP: 16, Transparency: False
2022-01-06 09:12:53,041 - root - INFO - Resource 2 offset: 204012, length: 216664...
2022-01-06 09:12:53,041 - root - DEBUG - Reading resource 2...
2022-01-06 09:12:53,042 - root - INFO - The image is bmc.
2022-01-06 09:12:53,042 - root - INFO - Reading image header(readHeader16C)...
2022-01-06 09:12:53,042 - root - INFO - Image header was read:
2022-01-06 09:12:53,042 - root - INFO - Width: 306, Height: 354, RowLength: 612
2022-01-06 09:12:53,042 - root - INFO - _step: 2, unknown2: 0,
2022-01-06 09:12:53,042 - root - INFO - BPP: 16, Transparency: False
2022-01-06 09:12:53,454 - root - INFO - Resource 3 offset: 420676, length: 21856...
2022-01-06 09:12:53,454 - root - DEBUG - Reading resource 3...
2022-01-06 09:12:53,454 - root - INFO - The image is bmc.
2022-01-06 09:12:53,454 - root - INFO - Reading image header(readHeader16C)...
2022-01-06 09:12:53,454 - root - INFO - Image header was read:
2022-01-06 09:12:53,454 - root - INFO - Width: 70, Height: 104, RowLength: 210
2022-01-06 09:12:53,455 - root - INFO - _step: 3, unknown2: 0,
2022-01-06 09:12:53,455 - root - INFO - BPP: 24, Transparency: False
2022-01-06 09:12:53,485 - root - INFO - Resource 4 offset: 442532, length: 21856...
2022-01-06 09:12:53,485 - root - DEBUG - Reading resource 4...
2022-01-06 09:12:53,485 - root - INFO - The image is bmc.
2022-01-06 09:12:53,485 - root - INFO - Reading image header(readHeader16C)...
2022-01-06 09:12:53,485 - root - INFO - Image header was read:
2022-01-06 09:12:53,485 - root - INFO - Width: 70, Height: 104, RowLength: 210
2022-01-06 09:12:53,485 - root - INFO - _step: 3, unknown2: 0,
2022-01-06 09:12:53,485 - root - INFO - BPP: 24, Transparency: False
2022-01-06 09:12:53,514 - root - INFO - Resource 5 offset: 464388, length: 21856...
2022-01-06 09:12:53,514 - root - DEBUG - Reading resource 5...
2022-01-06 09:12:53,514 - root - INFO - The image is bmc.
2022-01-06 09:12:53,514 - root - INFO - Reading image header(readHeader16C)...
2022-01-06 09:12:53,514 - root - INFO - Image header was read:
2022-01-06 09:12:53,514 - root - INFO - Width: 70, Height: 104, RowLength: 210
2022-01-06 09:12:53,514 - root - INFO - _step: 3, unknown2: 0,
2022-01-06 09:12:53,515 - root - INFO - BPP: 24, Transparency: False
2022-01-06 09:12:53,543 - root - INFO - Resource 6 offset: 486244, length: 21856...
2022-01-06 09:12:53,543 - root - DEBUG - Reading resource 6...
2022-01-06 09:12:53,543 - root - INFO - The image is bmc.
2022-01-06 09:12:53,544 - root - INFO - Reading image header(readHeader16C)...
2022-01-06 09:12:53,544 - root - INFO - Image header was read:
2022-01-06 09:12:53,544 - root - INFO - Width: 70, Height: 104, RowLength: 210
2022-01-06 09:12:53,544 - root - INFO - _step: 3, unknown2: 0,
2022-01-06 09:12:53,544 - root - INFO - BPP: 24, Transparency: False
2022-01-06 09:12:53,572 - root - INFO - Resource 7 offset: 508100, length: 21856...
2022-01-06 09:12:53,573 - root - DEBUG - Reading resource 7...
2022-01-06 09:12:53,573 - root - INFO - The image is bmc.
2022-01-06 09:12:53,573 - root - INFO - Reading image header(readHeader16C)...
2022-01-06 09:12:53,573 - root - INFO - Image header was read:
2022-01-06 09:12:53,573 - root - INFO - Width: 70, Height: 104, RowLength: 210
2022-01-06 09:12:53,573 - root - INFO - _step: 3, unknown2: 0,
2022-01-06 09:12:53,573 - root - INFO - BPP: 24, Transparency: False
2022-01-06 09:12:53,602 - root - INFO - Resource 8 offset: 529956, length: 21856...
2022-01-06 09:12:53,602 - root - DEBUG - Reading resource 8...
2022-01-06 09:12:53,602 - root - INFO - The image is bmc.
2022-01-06 09:12:53,602 - root - INFO - Reading image header(readHeader16C)...
2022-01-06 09:12:53,602 - root - INFO - Image header was read:
2022-01-06 09:12:53,602 - root - INFO - Width: 70, Height: 104, RowLength: 210
2022-01-06 09:12:53,602 - root - INFO - _step: 3, unknown2: 0,
2022-01-06 09:12:53,602 - root - INFO - BPP: 24, Transparency: False
2022-01-06 09:12:53,631 - root - INFO - Resource 9 offset: 551812, length: 21856...
2022-01-06 09:12:53,631 - root - DEBUG - Reading resource 9...
2022-01-06 09:12:53,631 - root - INFO - The image is bmc.
2022-01-06 09:12:53,631 - root - INFO - Reading image header(readHeader16C)...
2022-01-06 09:12:53,631 - root - INFO - Image header was read:
2022-01-06 09:12:53,631 - root - INFO - Width: 70, Height: 104, RowLength: 210
2022-01-06 09:12:53,631 - root - INFO - _step: 3, unknown2: 0,
2022-01-06 09:12:53,631 - root - INFO - BPP: 24, Transparency: False
2022-01-06 09:12:53,660 - root - INFO - Resource 10 offset: 573668, length: 21856...
2022-01-06 09:12:53,660 - root - DEBUG - Reading resource 10...
2022-01-06 09:12:53,660 - root - INFO - The image is bmc.
2022-01-06 09:12:53,660 - root - INFO - Reading image header(readHeader16C)...
2022-01-06 09:12:53,660 - root - INFO - Image header was read:
2022-01-06 09:12:53,660 - root - INFO - Width: 70, Height: 104, RowLength: 210
2022-01-06 09:12:53,661 - root - INFO - _step: 3, unknown2: 0,
2022-01-06 09:12:53,661 - root - INFO - BPP: 24, Transparency: False
2022-01-06 09:12:53,689 - root - INFO - Resource 11 offset: 595524, length: 21856...
2022-01-06 09:12:53,689 - root - DEBUG - Reading resource 11...
2022-01-06 09:12:53,689 - root - INFO - The image is bmc.
2022-01-06 09:12:53,689 - root - INFO - Reading image header(readHeader16C)...
2022-01-06 09:12:53,690 - root - INFO - Image header was read:
2022-01-06 09:12:53,690 - root - INFO - Width: 70, Height: 104, RowLength: 210
2022-01-06 09:12:53,690 - root - INFO - _step: 3, unknown2: 0,
2022-01-06 09:12:53,690 - root - INFO - BPP: 24, Transparency: False
2022-01-06 09:12:53,720 - root - INFO - Resource 12 offset: 617380, length: 21856...
2022-01-06 09:12:53,720 - root - DEBUG - Reading resource 12...
2022-01-06 09:12:53,720 - root - INFO - The image is bmc.
2022-01-06 09:12:53,720 - root - INFO - Reading image header(readHeader16C)...
2022-01-06 09:12:53,720 - root - INFO - Image header was read:
2022-01-06 09:12:53,720 - root - INFO - Width: 70, Height: 104, RowLength: 210
2022-01-06 09:12:53,720 - root - INFO - _step: 3, unknown2: 0,
2022-01-06 09:12:53,720 - root - INFO - BPP: 24, Transparency: False
2022-01-06 09:12:53,750 - root - INFO - Resource 13 offset: 639236, length: 1590...
2022-01-06 09:12:53,750 - root - DEBUG - Reading resource 13...
2022-01-06 09:12:53,750 - root - INFO - The image is bme.
2022-01-06 09:12:53,750 - root - INFO - Reading image header(readHeader16E)...
2022-01-06 09:12:53,750 - root - INFO - Image header was read:
2022-01-06 09:12:53,750 - root - INFO - Width: 137, Height: 98, RowLength: 274
2022-01-06 09:12:53,750 - root - INFO - datalength: 1574, _step: 2
2022-01-06 09:12:53,751 - root - INFO - BPP: 16, Transparency: False
2022-01-06 09:12:53,755 - root - INFO - Resource 14 offset: 640826, length: 184804...
2022-01-06 09:12:53,755 - root - DEBUG - Reading resource 14...
2022-01-06 09:12:53,755 - root - INFO - The image is bmc.
2022-01-06 09:12:53,756 - root - INFO - Reading image header(readHeader16C)...
2022-01-06 09:12:53,756 - root - INFO - Image header was read:
2022-01-06 09:12:53,756 - root - INFO - Width: 174, Height: 354, RowLength: 522
2022-01-06 09:12:53,756 - root - INFO - _step: 3, unknown2: 0,
2022-01-06 09:12:53,756 - root - INFO - BPP: 24, Transparency: False
2022-01-06 09:12:53,997 - root - INFO - Resource 15 offset: 825630, length: 664...
2022-01-06 09:12:53,997 - root - DEBUG - Reading resource 15...
2022-01-06 09:12:53,997 - root - INFO - The image is bmc.
2022-01-06 09:12:53,997 - root - INFO - Reading image header(readHeader16C)...
2022-01-06 09:12:53,997 - root - INFO - Image header was read:
2022-01-06 09:12:53,997 - root - INFO - Width: 12, Height: 18, RowLength: 36
2022-01-06 09:12:53,997 - root - INFO - _step: 3, unknown2: 0,
2022-01-06 09:12:53,997 - root - INFO - BPP: 24, Transparency: False
2022-01-06 09:12:53,998 - root - INFO - Resource 16 offset: 826294, length: 664...
2022-01-06 09:12:53,999 - root - DEBUG - Reading resource 16...
2022-01-06 09:12:53,999 - root - INFO - The image is bmc.
2022-01-06 09:12:53,999 - root - INFO - Reading image header(readHeader16C)...
2022-01-06 09:12:53,999 - root - INFO - Image header was read:
2022-01-06 09:12:53,999 - root - INFO - Width: 12, Height: 18, RowLength: 36
2022-01-06 09:12:53,999 - root - INFO - _step: 3, unknown2: 0,
2022-01-06 09:12:53,999 - root - INFO - BPP: 24, Transparency: False
2022-01-06 09:12:54,000 - root - INFO - Resource 17 offset: 826958, length: 664...
2022-01-06 09:12:54,000 - root - DEBUG - Reading resource 17...
2022-01-06 09:12:54,000 - root - INFO - The image is bmc.
2022-01-06 09:12:54,000 - root - INFO - Reading image header(readHeader16C)...
2022-01-06 09:12:54,000 - root - INFO - Image header was read:
2022-01-06 09:12:54,000 - root - INFO - Width: 12, Height: 18, RowLength: 36
2022-01-06 09:12:54,000 - root - INFO - _step: 3, unknown2: 0,
2022-01-06 09:12:54,001 - root - INFO - BPP: 24, Transparency: False
2022-01-06 09:12:54,001 - root - INFO - Resource 18 offset: 827622, length: 664...
2022-01-06 09:12:54,002 - root - DEBUG - Reading resource 18...
2022-01-06 09:12:54,002 - root - INFO - The image is bmc.
2022-01-06 09:12:54,002 - root - INFO - Reading image header(readHeader16C)...
2022-01-06 09:12:54,002 - root - INFO - Image header was read:
2022-01-06 09:12:54,002 - root - INFO - Width: 12, Height: 18, RowLength: 36
2022-01-06 09:12:54,002 - root - INFO - _step: 3, unknown2: 0,
2022-01-06 09:12:54,002 - root - INFO - BPP: 24, Transparency: False
2022-01-06 09:12:54,003 - root - INFO - Resource 19 offset: 828286, length: 664...
2022-01-06 09:12:54,003 - root - DEBUG - Reading resource 19...
2022-01-06 09:12:54,003 - root - INFO - The image is bmc.
2022-01-06 09:12:54,003 - root - INFO - Reading image header(readHeader16C)...
2022-01-06 09:12:54,003 - root - INFO - Image header was read:
2022-01-06 09:12:54,003 - root - INFO - Width: 12, Height: 18, RowLength: 36
2022-01-06 09:12:54,003 - root - INFO - _step: 3, unknown2: 0,
2022-01-06 09:12:54,003 - root - INFO - BPP: 24, Transparency: False
2022-01-06 09:12:54,004 - root - INFO - Resource 20 offset: 828950, length: 664...
2022-01-06 09:12:54,004 - root - DEBUG - Reading resource 20...
2022-01-06 09:12:54,005 - root - INFO - The image is bmc.
2022-01-06 09:12:54,005 - root - INFO - Reading image header(readHeader16C)...
2022-01-06 09:12:54,005 - root - INFO - Image header was read:
2022-01-06 09:12:54,005 - root - INFO - Width: 12, Height: 18, RowLength: 36
2022-01-06 09:12:54,005 - root - INFO - _step: 3, unknown2: 0,
2022-01-06 09:12:54,005 - root - INFO - BPP: 24, Transparency: False
2022-01-06 09:12:54,006 - root - INFO - Resource 21 offset: 829614, length: 664...
2022-01-06 09:12:54,006 - root - DEBUG - Reading resource 21...
2022-01-06 09:12:54,006 - root - INFO - The image is bmc.
2022-01-06 09:12:54,006 - root - INFO - Reading image header(readHeader16C)...
2022-01-06 09:12:54,006 - root - INFO - Image header was read:
2022-01-06 09:12:54,006 - root - INFO - Width: 12, Height: 18, RowLength: 36
2022-01-06 09:12:54,006 - root - INFO - _step: 3, unknown2: 0,
2022-01-06 09:12:54,006 - root - INFO - BPP: 24, Transparency: False
2022-01-06 09:12:54,007 - root - INFO - Resource 22 offset: 830278, length: 664...
2022-01-06 09:12:54,007 - root - DEBUG - Reading resource 22...
2022-01-06 09:12:54,007 - root - INFO - The image is bmc.
2022-01-06 09:12:54,008 - root - INFO - Reading image header(readHeader16C)...
2022-01-06 09:12:54,008 - root - INFO - Image header was read:
2022-01-06 09:12:54,008 - root - INFO - Width: 12, Height: 18, RowLength: 36
2022-01-06 09:12:54,008 - root - INFO - _step: 3, unknown2: 0,
2022-01-06 09:12:54,008 - root - INFO - BPP: 24, Transparency: False
2022-01-06 09:12:54,009 - root - INFO - Resource 23 offset: 830942, length: 664...
2022-01-06 09:12:54,009 - root - DEBUG - Reading resource 23...
2022-01-06 09:12:54,009 - root - INFO - The image is bmc.
2022-01-06 09:12:54,009 - root - INFO - Reading image header(readHeader16C)...
2022-01-06 09:12:54,009 - root - INFO - Image header was read:
2022-01-06 09:12:54,009 - root - INFO - Width: 12, Height: 18, RowLength: 36
2022-01-06 09:12:54,009 - root - INFO - _step: 3, unknown2: 0,
2022-01-06 09:12:54,009 - root - INFO - BPP: 24, Transparency: False
2022-01-06 09:12:54,010 - root - INFO - Resource 24 offset: 831606, length: 664...
2022-01-06 09:12:54,010 - root - DEBUG - Reading resource 24...
2022-01-06 09:12:54,010 - root - INFO - The image is bmc.
2022-01-06 09:12:54,010 - root - INFO - Reading image header(readHeader16C)...
2022-01-06 09:12:54,011 - root - INFO - Image header was read:
2022-01-06 09:12:54,011 - root - INFO - Width: 12, Height: 18, RowLength: 36
2022-01-06 09:12:54,011 - root - INFO - _step: 3, unknown2: 0,
2022-01-06 09:12:54,011 - root - INFO - BPP: 24, Transparency: False
2022-01-06 09:12:54,012 - root - INFO - Resource 25 offset: 832270, length: 2662...
2022-01-06 09:12:54,012 - root - DEBUG - Reading resource 25...
2022-01-06 09:12:54,012 - root - INFO - The image is bmc.
2022-01-06 09:12:54,012 - root - INFO - Reading image header(readHeader16C)...
2022-01-06 09:12:54,012 - root - INFO - Image header was read:
2022-01-06 09:12:54,012 - root - INFO - Width: 49, Height: 18, RowLength: 147
2022-01-06 09:12:54,012 - root - INFO - _step: 3, unknown2: 0,
2022-01-06 09:12:54,012 - root - INFO - BPP: 24, Transparency: False
2022-01-06 09:12:54,016 - root - INFO - Resource 26 offset: 834932, length: 2662...
2022-01-06 09:12:54,016 - root - DEBUG - Reading resource 26...
2022-01-06 09:12:54,016 - root - INFO - The image is bmc.
2022-01-06 09:12:54,016 - root - INFO - Reading image header(readHeader16C)...
2022-01-06 09:12:54,016 - root - INFO - Image header was read:
2022-01-06 09:12:54,016 - root - INFO - Width: 49, Height: 18, RowLength: 147
2022-01-06 09:12:54,016 - root - INFO - _step: 3, unknown2: 0,
2022-01-06 09:12:54,016 - root - INFO - BPP: 24, Transparency: False
2022-01-06 09:12:54,020 - root - INFO - Resource 27 offset: 837594, length: 2662...
2022-01-06 09:12:54,020 - root - DEBUG - Reading resource 27...
2022-01-06 09:12:54,020 - root - INFO - The image is bmc.
2022-01-06 09:12:54,020 - root - INFO - Reading image header(readHeader16C)...
2022-01-06 09:12:54,020 - root - INFO - Image header was read:
2022-01-06 09:12:54,020 - root - INFO - Width: 49, Height: 18, RowLength: 147
2022-01-06 09:12:54,020 - root - INFO - _step: 3, unknown2: 0,
2022-01-06 09:12:54,020 - root - INFO - BPP: 24, Transparency: False
2022-01-06 09:12:54,024 - root - INFO - Resource 28 offset: 840256, length: 2662...
2022-01-06 09:12:54,024 - root - DEBUG - Reading resource 28...
2022-01-06 09:12:54,024 - root - INFO - The image is bmc.
2022-01-06 09:12:54,024 - root - INFO - Reading image header(readHeader16C)...
2022-01-06 09:12:54,024 - root - INFO - Image header was read:
2022-01-06 09:12:54,024 - root - INFO - Width: 49, Height: 18, RowLength: 147
2022-01-06 09:12:54,024 - root - INFO - _step: 3, unknown2: 0,
2022-01-06 09:12:54,024 - root - INFO - BPP: 24, Transparency: False
2022-01-06 09:12:54,028 - root - INFO - Resource 29 offset: 842918, length: 2662...
2022-01-06 09:12:54,028 - root - DEBUG - Reading resource 29...
2022-01-06 09:12:54,028 - root - INFO - The image is bmc.
2022-01-06 09:12:54,028 - root - INFO - Reading image header(readHeader16C)...
2022-01-06 09:12:54,028 - root - INFO - Image header was read:
2022-01-06 09:12:54,028 - root - INFO - Width: 49, Height: 18, RowLength: 147
2022-01-06 09:12:54,028 - root - INFO - _step: 3, unknown2: 0,
2022-01-06 09:12:54,028 - root - INFO - BPP: 24, Transparency: False
2022-01-06 09:12:54,032 - root - INFO - Resource 30 offset: 845580, length: 2662...
2022-01-06 09:12:54,032 - root - DEBUG - Reading resource 30...
2022-01-06 09:12:54,032 - root - INFO - The image is bmc.
2022-01-06 09:12:54,032 - root - INFO - Reading image header(readHeader16C)...
2022-01-06 09:12:54,032 - root - INFO - Image header was read:
2022-01-06 09:12:54,032 - root - INFO - Width: 49, Height: 18, RowLength: 147
2022-01-06 09:12:54,032 - root - INFO - _step: 3, unknown2: 0,
2022-01-06 09:12:54,032 - root - INFO - BPP: 24, Transparency: False
2022-01-06 09:12:54,036 - root - INFO - Resource 31 offset: 848242, length: 2662...
2022-01-06 09:12:54,036 - root - DEBUG - Reading resource 31...
2022-01-06 09:12:54,036 - root - INFO - The image is bmc.
2022-01-06 09:12:54,036 - root - INFO - Reading image header(readHeader16C)...
2022-01-06 09:12:54,036 - root - INFO - Image header was read:
2022-01-06 09:12:54,036 - root - INFO - Width: 49, Height: 18, RowLength: 147
2022-01-06 09:12:54,037 - root - INFO - _step: 3, unknown2: 0,
2022-01-06 09:12:54,037 - root - INFO - BPP: 24, Transparency: False
2022-01-06 09:12:54,040 - root - INFO - Resource 32 offset: 850904, length: 2662...
2022-01-06 09:12:54,040 - root - DEBUG - Reading resource 32...
2022-01-06 09:12:54,040 - root - INFO - The image is bmc.
2022-01-06 09:12:54,040 - root - INFO - Reading image header(readHeader16C)...
2022-01-06 09:12:54,040 - root - INFO - Image header was read:
2022-01-06 09:12:54,041 - root - INFO - Width: 49, Height: 18, RowLength: 147
2022-01-06 09:12:54,041 - root - INFO - _step: 3, unknown2: 0,
2022-01-06 09:12:54,041 - root - INFO - BPP: 24, Transparency: False
2022-01-06 09:12:54,044 - root - INFO - Resource 33 offset: 853566, length: 2662...
2022-01-06 09:12:54,044 - root - DEBUG - Reading resource 33...
2022-01-06 09:12:54,044 - root - INFO - The image is bmc.
2022-01-06 09:12:54,044 - root - INFO - Reading image header(readHeader16C)...
2022-01-06 09:12:54,045 - root - INFO - Image header was read:
2022-01-06 09:12:54,045 - root - INFO - Width: 49, Height: 18, RowLength: 147
2022-01-06 09:12:54,045 - root - INFO - _step: 3, unknown2: 0,
2022-01-06 09:12:54,045 - root - INFO - BPP: 24, Transparency: False
2022-01-06 09:12:54,048 - root - INFO - Resource 34 offset: 856228, length: 2662...
2022-01-06 09:12:54,049 - root - DEBUG - Reading resource 34...
2022-01-06 09:12:54,049 - root - INFO - The image is bmc.
2022-01-06 09:12:54,049 - root - INFO - Reading image header(readHeader16C)...
2022-01-06 09:12:54,049 - root - INFO - Image header was read:
2022-01-06 09:12:54,049 - root - INFO - Width: 49, Height: 18, RowLength: 147
2022-01-06 09:12:54,049 - root - INFO - _step: 3, unknown2: 0,
2022-01-06 09:12:54,049 - root - INFO - BPP: 24, Transparency: False
2022-01-06 09:12:54,052 - root - INFO - Resource 35 offset: 858890, length: 2662...
2022-01-06 09:12:54,053 - root - DEBUG - Reading resource 35...
2022-01-06 09:12:54,053 - root - INFO - The image is bmc.
2022-01-06 09:12:54,053 - root - INFO - Reading image header(readHeader16C)...
2022-01-06 09:12:54,053 - root - INFO - Image header was read:
2022-01-06 09:12:54,053 - root - INFO - Width: 49, Height: 18, RowLength: 147
2022-01-06 09:12:54,053 - root - INFO - _step: 3, unknown2: 0,
2022-01-06 09:12:54,053 - root - INFO - BPP: 24, Transparency: False
2022-01-06 09:12:54,056 - root - INFO - Resource 36 offset: 861552, length: 2662...
2022-01-06 09:12:54,057 - root - DEBUG - Reading resource 36...
2022-01-06 09:12:54,057 - root - INFO - The image is bmc.
2022-01-06 09:12:54,057 - root - INFO - Reading image header(readHeader16C)...
2022-01-06 09:12:54,057 - root - INFO - Image header was read:
2022-01-06 09:12:54,057 - root - INFO - Width: 49, Height: 18, RowLength: 147
2022-01-06 09:12:54,057 - root - INFO - _step: 3, unknown2: 0,
2022-01-06 09:12:54,057 - root - INFO - BPP: 24, Transparency: False
2022-01-06 09:12:54,060 - root - INFO - Resource 37 offset: 864214, length: 2662...
2022-01-06 09:12:54,060 - root - DEBUG - Reading resource 37...
2022-01-06 09:12:54,061 - root - INFO - The image is bmc.
2022-01-06 09:12:54,061 - root - INFO - Reading image header(readHeader16C)...
2022-01-06 09:12:54,061 - root - INFO - Image header was read:
2022-01-06 09:12:54,061 - root - INFO - Width: 49, Height: 18, RowLength: 147
2022-01-06 09:12:54,061 - root - INFO - _step: 3, unknown2: 0,
2022-01-06 09:12:54,061 - root - INFO - BPP: 24, Transparency: False
2022-01-06 09:12:54,064 - root - INFO - Resource 38 offset: 866876, length: 2662...
2022-01-06 09:12:54,065 - root - DEBUG - Reading resource 38...
2022-01-06 09:12:54,065 - root - INFO - The image is bmc.
2022-01-06 09:12:54,065 - root - INFO - Reading image header(readHeader16C)...
2022-01-06 09:12:54,065 - root - INFO - Image header was read:
2022-01-06 09:12:54,065 - root - INFO - Width: 49, Height: 18, RowLength: 147
2022-01-06 09:12:54,065 - root - INFO - _step: 3, unknown2: 0,
2022-01-06 09:12:54,065 - root - INFO - BPP: 24, Transparency: False
2022-01-06 09:12:54,069 - root - INFO - Resource 39 offset: 869538, length: 2662...
2022-01-06 09:12:54,069 - root - DEBUG - Reading resource 39...
2022-01-06 09:12:54,069 - root - INFO - The image is bmc.
2022-01-06 09:12:54,069 - root - INFO - Reading image header(readHeader16C)...
2022-01-06 09:12:54,069 - root - INFO - Image header was read:
2022-01-06 09:12:54,069 - root - INFO - Width: 49, Height: 18, RowLength: 147
2022-01-06 09:12:54,069 - root - INFO - _step: 3, unknown2: 0,
2022-01-06 09:12:54,069 - root - INFO - BPP: 24, Transparency: False
2022-01-06 09:12:54,073 - root - INFO - Resource 40 offset: 872200, length: 2662...
2022-01-06 09:12:54,073 - root - DEBUG - Reading resource 40...
2022-01-06 09:12:54,073 - root - INFO - The image is bmc.
2022-01-06 09:12:54,073 - root - INFO - Reading image header(readHeader16C)...
2022-01-06 09:12:54,073 - root - INFO - Image header was read:
2022-01-06 09:12:54,073 - root - INFO - Width: 49, Height: 18, RowLength: 147
2022-01-06 09:12:54,073 - root - INFO - _step: 3, unknown2: 0,
2022-01-06 09:12:54,073 - root - INFO - BPP: 24, Transparency: False
2022-01-06 09:12:54,077 - root - INFO - Resource 41 offset: 874862, length: 2662...
2022-01-06 09:12:54,077 - root - DEBUG - Reading resource 41...
2022-01-06 09:12:54,077 - root - INFO - The image is bmc.
2022-01-06 09:12:54,077 - root - INFO - Reading image header(readHeader16C)...
2022-01-06 09:12:54,077 - root - INFO - Image header was read:
2022-01-06 09:12:54,077 - root - INFO - Width: 49, Height: 18, RowLength: 147
2022-01-06 09:12:54,077 - root - INFO - _step: 3, unknown2: 0,
2022-01-06 09:12:54,077 - root - INFO - BPP: 24, Transparency: False
2022-01-06 09:12:54,081 - root - INFO - Resource 42 offset: 877524, length: 2662...
2022-01-06 09:12:54,081 - root - DEBUG - Reading resource 42...
2022-01-06 09:12:54,081 - root - INFO - The image is bmc.
2022-01-06 09:12:54,081 - root - INFO - Reading image header(readHeader16C)...
2022-01-06 09:12:54,081 - root - INFO - Image header was read:
2022-01-06 09:12:54,081 - root - INFO - Width: 49, Height: 18, RowLength: 147
2022-01-06 09:12:54,081 - root - INFO - _step: 3, unknown2: 0,
2022-01-06 09:12:54,081 - root - INFO - BPP: 24, Transparency: False
2022-01-06 09:12:54,085 - root - INFO - Resource 43 offset: 880186, length: 2662...
2022-01-06 09:12:54,085 - root - DEBUG - Reading resource 43...
2022-01-06 09:12:54,085 - root - INFO - The image is bmc.
2022-01-06 09:12:54,085 - root - INFO - Reading image header(readHeader16C)...
2022-01-06 09:12:54,085 - root - INFO - Image header was read:
2022-01-06 09:12:54,085 - root - INFO - Width: 49, Height: 18, RowLength: 147
2022-01-06 09:12:54,085 - root - INFO - _step: 3, unknown2: 0,
2022-01-06 09:12:54,085 - root - INFO - BPP: 24, Transparency: False
2022-01-06 09:12:54,089 - root - INFO - Resource 44 offset: 882848, length: 2662...
2022-01-06 09:12:54,089 - root - DEBUG - Reading resource 44...
2022-01-06 09:12:54,089 - root - INFO - The image is bmc.
2022-01-06 09:12:54,089 - root - INFO - Reading image header(readHeader16C)...
2022-01-06 09:12:54,089 - root - INFO - Image header was read:
2022-01-06 09:12:54,089 - root - INFO - Width: 49, Height: 18, RowLength: 147
2022-01-06 09:12:54,089 - root - INFO - _step: 3, unknown2: 0,
2022-01-06 09:12:54,089 - root - INFO - BPP: 24, Transparency: False
2022-01-06 09:12:54,093 - root - INFO - Resource 45 offset: 885510, length: 2662...
2022-01-06 09:12:54,093 - root - DEBUG - Reading resource 45...
2022-01-06 09:12:54,093 - root - INFO - The image is bmc.
2022-01-06 09:12:54,093 - root - INFO - Reading image header(readHeader16C)...
2022-01-06 09:12:54,093 - root - INFO - Image header was read:
2022-01-06 09:12:54,093 - root - INFO - Width: 49, Height: 18, RowLength: 147
2022-01-06 09:12:54,093 - root - INFO - _step: 3, unknown2: 0,
2022-01-06 09:12:54,093 - root - INFO - BPP: 24, Transparency: False
2022-01-06 09:12:54,097 - root - INFO - Resource 46 offset: 888172, length: 2662...
2022-01-06 09:12:54,097 - root - DEBUG - Reading resource 46...
2022-01-06 09:12:54,097 - root - INFO - The image is bmc.
2022-01-06 09:12:54,097 - root - INFO - Reading image header(readHeader16C)...
2022-01-06 09:12:54,097 - root - INFO - Image header was read:
2022-01-06 09:12:54,097 - root - INFO - Width: 49, Height: 18, RowLength: 147
2022-01-06 09:12:54,097 - root - INFO - _step: 3, unknown2: 0,
2022-01-06 09:12:54,097 - root - INFO - BPP: 24, Transparency: False
2022-01-06 09:12:54,101 - root - INFO - Resource 47 offset: 890834, length: 2662...
2022-01-06 09:12:54,101 - root - DEBUG - Reading resource 47...
2022-01-06 09:12:54,101 - root - INFO - The image is bmc.
2022-01-06 09:12:54,101 - root - INFO - Reading image header(readHeader16C)...
2022-01-06 09:12:54,101 - root - INFO - Image header was read:
2022-01-06 09:12:54,101 - root - INFO - Width: 49, Height: 18, RowLength: 147
2022-01-06 09:12:54,101 - root - INFO - _step: 3, unknown2: 0,
2022-01-06 09:12:54,101 - root - INFO - BPP: 24, Transparency: False
2022-01-06 09:12:54,105 - root - INFO - Resource 48 offset: 893496, length: 2662...
2022-01-06 09:12:54,105 - root - DEBUG - Reading resource 48...
2022-01-06 09:12:54,105 - root - INFO - The image is bmc.
2022-01-06 09:12:54,105 - root - INFO - Reading image header(readHeader16C)...
2022-01-06 09:12:54,105 - root - INFO - Image header was read:
2022-01-06 09:12:54,105 - root - INFO - Width: 49, Height: 18, RowLength: 147
2022-01-06 09:12:54,105 - root - INFO - _step: 3, unknown2: 0,
2022-01-06 09:12:54,105 - root - INFO - BPP: 24, Transparency: False
2022-01-06 09:12:54,109 - root - INFO - Resource 49 offset: 896158, length: 2932...
2022-01-06 09:12:54,109 - root - DEBUG - Reading resource 49...
2022-01-06 09:12:54,109 - root - INFO - The image is bmc.
2022-01-06 09:12:54,109 - root - INFO - Reading image header(readHeader16C)...
2022-01-06 09:12:54,109 - root - INFO - Image header was read:
2022-01-06 09:12:54,109 - root - INFO - Width: 54, Height: 18, RowLength: 162
2022-01-06 09:12:54,109 - root - INFO - _step: 3, unknown2: 0,
2022-01-06 09:12:54,109 - root - INFO - BPP: 24, Transparency: False
2022-01-06 09:12:54,114 - root - INFO - Resource 50 offset: 899090, length: 2932...
2022-01-06 09:12:54,114 - root - DEBUG - Reading resource 50...
2022-01-06 09:12:54,114 - root - INFO - The image is bmc.
2022-01-06 09:12:54,114 - root - INFO - Reading image header(readHeader16C)...
2022-01-06 09:12:54,114 - root - INFO - Image header was read:
2022-01-06 09:12:54,114 - root - INFO - Width: 54, Height: 18, RowLength: 162
2022-01-06 09:12:54,114 - root - INFO - _step: 3, unknown2: 0,
2022-01-06 09:12:54,114 - root - INFO - BPP: 24, Transparency: False
2022-01-06 09:12:54,118 - root - INFO - Resource 51 offset: 902022, length: 2932...
2022-01-06 09:12:54,118 - root - DEBUG - Reading resource 51...
2022-01-06 09:12:54,118 - root - INFO - The image is bmc.
2022-01-06 09:12:54,118 - root - INFO - Reading image header(readHeader16C)...
2022-01-06 09:12:54,118 - root - INFO - Image header was read:
2022-01-06 09:12:54,119 - root - INFO - Width: 54, Height: 18, RowLength: 162
2022-01-06 09:12:54,119 - root - INFO - _step: 3, unknown2: 0,
2022-01-06 09:12:54,119 - root - INFO - BPP: 24, Transparency: False
2022-01-06 09:12:54,123 - root - INFO - Resource 52 offset: 904954, length: 2932...
2022-01-06 09:12:54,123 - root - DEBUG - Reading resource 52...
2022-01-06 09:12:54,123 - root - INFO - The image is bmc.
2022-01-06 09:12:54,123 - root - INFO - Reading image header(readHeader16C)...
2022-01-06 09:12:54,123 - root - INFO - Image header was read:
2022-01-06 09:12:54,123 - root - INFO - Width: 54, Height: 18, RowLength: 162
2022-01-06 09:12:54,123 - root - INFO - _step: 3, unknown2: 0,
2022-01-06 09:12:54,123 - root - INFO - BPP: 24, Transparency: False
2022-01-06 09:12:54,127 - root - INFO - Resource 53 offset: 907886, length: 2932...
2022-01-06 09:12:54,127 - root - DEBUG - Reading resource 53...
2022-01-06 09:12:54,127 - root - INFO - The image is bmc.
2022-01-06 09:12:54,127 - root - INFO - Reading image header(readHeader16C)...
2022-01-06 09:12:54,127 - root - INFO - Image header was read:
2022-01-06 09:12:54,127 - root - INFO - Width: 54, Height: 18, RowLength: 162
2022-01-06 09:12:54,128 - root - INFO - _step: 3, unknown2: 0,
2022-01-06 09:12:54,128 - root - INFO - BPP: 24, Transparency: False
2022-01-06 09:12:54,131 - root - INFO - Resource 54 offset: 910818, length: 2932...
2022-01-06 09:12:54,132 - root - DEBUG - Reading resource 54...
2022-01-06 09:12:54,132 - root - INFO - The image is bmc.
2022-01-06 09:12:54,132 - root - INFO - Reading image header(readHeader16C)...
2022-01-06 09:12:54,132 - root - INFO - Image header was read:
2022-01-06 09:12:54,132 - root - INFO - Width: 54, Height: 18, RowLength: 162
2022-01-06 09:12:54,132 - root - INFO - _step: 3, unknown2: 0,
2022-01-06 09:12:54,132 - root - INFO - BPP: 24, Transparency: False
2022-01-06 09:12:54,136 - root - INFO - Resource 55 offset: 913750, length: 2932...
2022-01-06 09:12:54,136 - root - DEBUG - Reading resource 55...
2022-01-06 09:12:54,136 - root - INFO - The image is bmc.
2022-01-06 09:12:54,136 - root - INFO - Reading image header(readHeader16C)...
2022-01-06 09:12:54,136 - root - INFO - Image header was read:
2022-01-06 09:12:54,136 - root - INFO - Width: 54, Height: 18, RowLength: 162
2022-01-06 09:12:54,136 - root - INFO - _step: 3, unknown2: 0,
2022-01-06 09:12:54,136 - root - INFO - BPP: 24, Transparency: False
2022-01-06 09:12:54,140 - root - INFO - Resource 56 offset: 916682, length: 2932...
2022-01-06 09:12:54,140 - root - DEBUG - Reading resource 56...
2022-01-06 09:12:54,140 - root - INFO - The image is bmc.
2022-01-06 09:12:54,140 - root - INFO - Reading image header(readHeader16C)...
2022-01-06 09:12:54,140 - root - INFO - Image header was read:
2022-01-06 09:12:54,140 - root - INFO - Width: 54, Height: 18, RowLength: 162
2022-01-06 09:12:54,141 - root - INFO - _step: 3, unknown2: 0,
2022-01-06 09:12:54,141 - root - INFO - BPP: 24, Transparency: False
2022-01-06 09:12:54,145 - root - INFO - Resource 57 offset: 919614, length: 2932...
2022-01-06 09:12:54,145 - root - DEBUG - Reading resource 57...
2022-01-06 09:12:54,145 - root - INFO - The image is bmc.
2022-01-06 09:12:54,145 - root - INFO - Reading image header(readHeader16C)...
2022-01-06 09:12:54,145 - root - INFO - Image header was read:
2022-01-06 09:12:54,145 - root - INFO - Width: 54, Height: 18, RowLength: 162
2022-01-06 09:12:54,145 - root - INFO - _step: 3, unknown2: 0,
2022-01-06 09:12:54,145 - root - INFO - BPP: 24, Transparency: False
2022-01-06 09:12:54,149 - root - INFO - Resource 58 offset: 922546, length: 2932...
2022-01-06 09:12:54,149 - root - DEBUG - Reading resource 58...
2022-01-06 09:12:54,149 - root - INFO - The image is bmc.
2022-01-06 09:12:54,149 - root - INFO - Reading image header(readHeader16C)...
2022-01-06 09:12:54,149 - root - INFO - Image header was read:
2022-01-06 09:12:54,149 - root - INFO - Width: 54, Height: 18, RowLength: 162
2022-01-06 09:12:54,149 - root - INFO - _step: 3, unknown2: 0,
2022-01-06 09:12:54,149 - root - INFO - BPP: 24, Transparency: False
2022-01-06 09:12:54,153 - root - INFO - Resource 59 offset: 925478, length: 2932...
2022-01-06 09:12:54,153 - root - DEBUG - Reading resource 59...
2022-01-06 09:12:54,154 - root - INFO - The image is bmc.
2022-01-06 09:12:54,154 - root - INFO - Reading image header(readHeader16C)...
2022-01-06 09:12:54,154 - root - INFO - Image header was read:
2022-01-06 09:12:54,154 - root - INFO - Width: 54, Height: 18, RowLength: 162
2022-01-06 09:12:54,154 - root - INFO - _step: 3, unknown2: 0,
2022-01-06 09:12:54,154 - root - INFO - BPP: 24, Transparency: False
2022-01-06 09:12:54,158 - root - INFO - Resource 60 offset: 928410, length: 2932...
2022-01-06 09:12:54,158 - root - DEBUG - Reading resource 60...
2022-01-06 09:12:54,158 - root - INFO - The image is bmc.
2022-01-06 09:12:54,158 - root - INFO - Reading image header(readHeader16C)...
2022-01-06 09:12:54,158 - root - INFO - Image header was read:
2022-01-06 09:12:54,158 - root - INFO - Width: 54, Height: 18, RowLength: 162
2022-01-06 09:12:54,158 - root - INFO - _step: 3, unknown2: 0,
2022-01-06 09:12:54,159 - root - INFO - BPP: 24, Transparency: False
2022-01-06 09:12:54,162 - root - INFO - Resource 61 offset: 931342, length: 2932...
2022-01-06 09:12:54,162 - root - DEBUG - Reading resource 61...
2022-01-06 09:12:54,163 - root - INFO - The image is bmc.
2022-01-06 09:12:54,163 - root - INFO - Reading image header(readHeader16C)...
2022-01-06 09:12:54,163 - root - INFO - Image header was read:
2022-01-06 09:12:54,163 - root - INFO - Width: 54, Height: 18, RowLength: 162
2022-01-06 09:12:54,163 - root - INFO - _step: 3, unknown2: 0,
2022-01-06 09:12:54,163 - root - INFO - BPP: 24, Transparency: False
2022-01-06 09:12:54,167 - root - INFO - Resource 62 offset: 934274, length: 2932...
2022-01-06 09:12:54,167 - root - DEBUG - Reading resource 62...
2022-01-06 09:12:54,167 - root - INFO - The image is bmc.
2022-01-06 09:12:54,167 - root - INFO - Reading image header(readHeader16C)...
2022-01-06 09:12:54,167 - root - INFO - Image header was read:
2022-01-06 09:12:54,167 - root - INFO - Width: 54, Height: 18, RowLength: 162
2022-01-06 09:12:54,167 - root - INFO - _step: 3, unknown2: 0,
2022-01-06 09:12:54,167 - root - INFO - BPP: 24, Transparency: False
2022-01-06 09:12:54,171 - root - INFO - Resource 63 offset: 937206, length: 1852...
2022-01-06 09:12:54,171 - root - DEBUG - Reading resource 63...
2022-01-06 09:12:54,171 - root - INFO - The image is bmc.
2022-01-06 09:12:54,171 - root - INFO - Reading image header(readHeader16C)...
2022-01-06 09:12:54,172 - root - INFO - Image header was read:
2022-01-06 09:12:54,172 - root - INFO - Width: 34, Height: 18, RowLength: 102
2022-01-06 09:12:54,172 - root - INFO - _step: 3, unknown2: 0,
2022-01-06 09:12:54,172 - root - INFO - BPP: 24, Transparency: False
2022-01-06 09:12:54,174 - root - INFO - Resource 64 offset: 939058, length: 1852...
2022-01-06 09:12:54,174 - root - DEBUG - Reading resource 64...
2022-01-06 09:12:54,174 - root - INFO - The image is bmc.
2022-01-06 09:12:54,174 - root - INFO - Reading image header(readHeader16C)...
2022-01-06 09:12:54,175 - root - INFO - Image header was read:
2022-01-06 09:12:54,175 - root - INFO - Width: 34, Height: 18, RowLength: 102
2022-01-06 09:12:54,175 - root - INFO - _step: 3, unknown2: 0,
2022-01-06 09:12:54,175 - root - INFO - BPP: 24, Transparency: False
2022-01-06 09:12:54,177 - root - INFO - Resource 65 offset: 940910, length: 1852...
2022-01-06 09:12:54,177 - root - DEBUG - Reading resource 65...
2022-01-06 09:12:54,177 - root - INFO - The image is bmc.
2022-01-06 09:12:54,177 - root - INFO - Reading image header(readHeader16C)...
2022-01-06 09:12:54,177 - root - INFO - Image header was read:
2022-01-06 09:12:54,178 - root - INFO - Width: 34, Height: 18, RowLength: 102
2022-01-06 09:12:54,178 - root - INFO - _step: 3, unknown2: 0,
2022-01-06 09:12:54,178 - root - INFO - BPP: 24, Transparency: False
2022-01-06 09:12:54,180 - root - INFO - Resource 66 offset: 942762, length: 1852...
2022-01-06 09:12:54,180 - root - DEBUG - Reading resource 66...
2022-01-06 09:12:54,180 - root - INFO - The image is bmc.
2022-01-06 09:12:54,180 - root - INFO - Reading image header(readHeader16C)...
2022-01-06 09:12:54,180 - root - INFO - Image header was read:
2022-01-06 09:12:54,181 - root - INFO - Width: 34, Height: 18, RowLength: 102
2022-01-06 09:12:54,181 - root - INFO - _step: 3, unknown2: 0,
2022-01-06 09:12:54,181 - root - INFO - BPP: 24, Transparency: False
2022-01-06 09:12:54,183 - root - INFO - Resource 67 offset: 944614, length: 4492...
2022-01-06 09:12:54,183 - root - DEBUG - Reading resource 67...
2022-01-06 09:12:54,183 - root - INFO - The image is bme.
2022-01-06 09:12:54,183 - root - INFO - Reading image header(readHeader16E)...
2022-01-06 09:12:54,183 - root - INFO - Image header was read:
2022-01-06 09:12:54,184 - root - INFO - Width: 70, Height: 104, RowLength: 140
2022-01-06 09:12:54,184 - root - INFO - datalength: 4476, _step: 2
2022-01-06 09:12:54,184 - root - INFO - BPP: 16, Transparency: False
2022-01-06 09:12:54,190 - root - INFO - Resource 68 offset: 949106, length: 2888...
2022-01-06 09:12:54,190 - root - DEBUG - Reading resource 68...
2022-01-06 09:12:54,190 - root - INFO - The image is bme.
2022-01-06 09:12:54,190 - root - INFO - Reading image header(readHeader16E)...
2022-01-06 09:12:54,190 - root - INFO - Image header was read:
2022-01-06 09:12:54,190 - root - INFO - Width: 70, Height: 104, RowLength: 140
2022-01-06 09:12:54,191 - root - INFO - datalength: 2872, _step: 2
2022-01-06 09:12:54,191 - root - INFO - BPP: 16, Transparency: False
2022-01-06 09:12:54,195 - root - INFO - Resource 69 offset: 951994, length: 3764...
2022-01-06 09:12:54,195 - root - DEBUG - Reading resource 69...
2022-01-06 09:12:54,195 - root - INFO - The image is bme.
2022-01-06 09:12:54,195 - root - INFO - Reading image header(readHeader16E)...
2022-01-06 09:12:54,196 - root - INFO - Image header was read:
2022-01-06 09:12:54,196 - root - INFO - Width: 70, Height: 104, RowLength: 140
2022-01-06 09:12:54,196 - root - INFO - datalength: 3748, _step: 2
2022-01-06 09:12:54,196 - root - INFO - BPP: 16, Transparency: False
2022-01-06 09:12:54,202 - root - INFO - Resource 70 offset: 955758, length: 4002...
2022-01-06 09:12:54,202 - root - DEBUG - Reading resource 70...
2022-01-06 09:12:54,202 - root - INFO - The image is bme.
2022-01-06 09:12:54,202 - root - INFO - Reading image header(readHeader16E)...
2022-01-06 09:12:54,202 - root - INFO - Image header was read:
2022-01-06 09:12:54,202 - root - INFO - Width: 70, Height: 104, RowLength: 140
2022-01-06 09:12:54,202 - root - INFO - datalength: 3986, _step: 2
2022-01-06 09:12:54,202 - root - INFO - BPP: 16, Transparency: False
2022-01-06 09:12:54,208 - root - INFO - Resource 71 offset: 959760, length: 3928...
2022-01-06 09:12:54,208 - root - DEBUG - Reading resource 71...
2022-01-06 09:12:54,209 - root - INFO - The image is bme.
2022-01-06 09:12:54,209 - root - INFO - Reading image header(readHeader16E)...
2022-01-06 09:12:54,209 - root - INFO - Image header was read:
2022-01-06 09:12:54,209 - root - INFO - Width: 70, Height: 104, RowLength: 140
2022-01-06 09:12:54,209 - root - INFO - datalength: 3912, _step: 2
2022-01-06 09:12:54,209 - root - INFO - BPP: 16, Transparency: False
2022-01-06 09:12:54,215 - root - INFO - Resource 72 offset: 963688, length: 4110...
2022-01-06 09:12:54,215 - root - DEBUG - Reading resource 72...
2022-01-06 09:12:54,215 - root - INFO - The image is bme.
2022-01-06 09:12:54,215 - root - INFO - Reading image header(readHeader16E)...
2022-01-06 09:12:54,215 - root - INFO - Image header was read:
2022-01-06 09:12:54,215 - root - INFO - Width: 70, Height: 104, RowLength: 140
2022-01-06 09:12:54,215 - root - INFO - datalength: 4094, _step: 2
2022-01-06 09:12:54,215 - root - INFO - BPP: 16, Transparency: False
2022-01-06 09:12:54,222 - root - INFO - Resource 73 offset: 967798, length: 3812...
2022-01-06 09:12:54,222 - root - DEBUG - Reading resource 73...
2022-01-06 09:12:54,222 - root - INFO - The image is bme.
2022-01-06 09:12:54,222 - root - INFO - Reading image header(readHeader16E)...
2022-01-06 09:12:54,222 - root - INFO - Image header was read:
2022-01-06 09:12:54,222 - root - INFO - Width: 70, Height: 104, RowLength: 140
2022-01-06 09:12:54,222 - root - INFO - datalength: 3796, _step: 2
2022-01-06 09:12:54,222 - root - INFO - BPP: 16, Transparency: False
2022-01-06 09:12:54,228 - root - INFO - Resource 74 offset: 971610, length: 3260...
2022-01-06 09:12:54,228 - root - DEBUG - Reading resource 74...
2022-01-06 09:12:54,229 - root - INFO - The image is bme.
2022-01-06 09:12:54,229 - root - INFO - Reading image header(readHeader16E)...
2022-01-06 09:12:54,229 - root - INFO - Image header was read:
2022-01-06 09:12:54,229 - root - INFO - Width: 70, Height: 104, RowLength: 140
2022-01-06 09:12:54,229 - root - INFO - datalength: 3244, _step: 2
2022-01-06 09:12:54,229 - root - INFO - BPP: 16, Transparency: False
2022-01-06 09:12:54,234 - root - INFO - Resource 75 offset: 974870, length: 4692...
2022-01-06 09:12:54,234 - root - DEBUG - Reading resource 75...
2022-01-06 09:12:54,234 - root - INFO - The image is bme.
2022-01-06 09:12:54,234 - root - INFO - Reading image header(readHeader16E)...
2022-01-06 09:12:54,234 - root - INFO - Image header was read:
2022-01-06 09:12:54,234 - root - INFO - Width: 70, Height: 104, RowLength: 140
2022-01-06 09:12:54,234 - root - INFO - datalength: 4676, _step: 2
2022-01-06 09:12:54,234 - root - INFO - BPP: 16, Transparency: False
2022-01-06 09:12:54,241 - root - INFO - Resource 76 offset: 979562, length: 3808...
2022-01-06 09:12:54,241 - root - DEBUG - Reading resource 76...
2022-01-06 09:12:54,241 - root - INFO - The image is bme.
2022-01-06 09:12:54,241 - root - INFO - Reading image header(readHeader16E)...
2022-01-06 09:12:54,241 - root - INFO - Image header was read:
2022-01-06 09:12:54,241 - root - INFO - Width: 70, Height: 104, RowLength: 140
2022-01-06 09:12:54,241 - root - INFO - datalength: 3792, _step: 2
2022-01-06 09:12:54,241 - root - INFO - BPP: 16, Transparency: False
2022-01-06 09:12:54,247 - root - DEBUG - Parsing parameters...
2022-01-06 09:12:54,310 - root - DEBUG - 0 Value: None
2022-01-06 09:12:54,310 - root - DEBUG - 0.1 Value: 73
2022-01-06 09:12:54,310 - root - DEBUG - 2 Value: None
2022-01-06 09:12:54,310 - root - DEBUG - 2.1 Value: None
2022-01-06 09:12:54,310 - root - DEBUG - 2.1.1 Value: 0
2022-01-06 09:12:54,310 - root - DEBUG - 2.1.2 Value: 0
2022-01-06 09:12:54,311 - root - DEBUG - 2.1.3 Value: 2
2022-01-06 09:12:54,311 - root - DEBUG - 2.3 Value: None
2022-01-06 09:12:54,311 - root - DEBUG - 2.3.1 Value: 0
2022-01-06 09:12:54,311 - root - DEBUG - 2.3.2 Value: 0
2022-01-06 09:12:54,311 - root - DEBUG - 2.3.3 Value: 1
2022-01-06 09:12:54,311 - root - DEBUG - 2.4 Value: None
2022-01-06 09:12:54,311 - root - DEBUG - 2.4.1 Value: 0
2022-01-06 09:12:54,311 - root - DEBUG - 2.4.2 Value: 0
2022-01-06 09:12:54,311 - root - DEBUG - 2.4.3 Value: 0
2022-01-06 09:12:54,311 - root - DEBUG - 2.5 Value: None
2022-01-06 09:12:54,311 - root - DEBUG - 2.5.1 Value: 0
2022-01-06 09:12:54,311 - root - DEBUG - 2.5.2 Value: 0
2022-01-06 09:12:54,311 - root - DEBUG - 2.5.3 Value: 0
2022-01-06 09:12:54,311 - root - DEBUG - 3 Value: None
2022-01-06 09:12:54,312 - root - DEBUG - 3.1 Value: None
2022-01-06 09:12:54,312 - root - DEBUG - 3.1.1 Value: None
2022-01-06 09:12:54,312 - root - DEBUG - 3.1.1.1 Value: None
2022-01-06 09:12:54,312 - root - DEBUG - 3.1.1.1.1 Value: 34
2022-01-06 09:12:54,312 - root - DEBUG - 3.1.1.1.2 Value: 45
2022-01-06 09:12:54,312 - root - DEBUG - 3.1.1.1.3 Value: 3
2022-01-06 09:12:54,312 - root - DEBUG - 3.1.1.1.4 Value: 10
2022-01-06 09:12:54,312 - root - DEBUG - 3.1.1.2 Value: None
2022-01-06 09:12:54,312 - root - DEBUG - 3.1.1.2.1 Value: 110
2022-01-06 09:12:54,312 - root - DEBUG - 3.1.1.2.2 Value: 45
2022-01-06 09:12:54,312 - root - DEBUG - 3.1.1.2.3 Value: 3
2022-01-06 09:12:54,312 - root - DEBUG - 3.1.1.2.4 Value: 10
2022-01-06 09:12:54,312 - root - DEBUG - 3.1.2 Value: None
2022-01-06 09:12:54,313 - root - DEBUG - 3.1.2.1 Value: None
2022-01-06 09:12:54,313 - root - DEBUG - 3.1.2.1.1 Value: 110
2022-01-06 09:12:54,313 - root - DEBUG - 3.1.2.1.2 Value: 209
2022-01-06 09:12:54,313 - root - DEBUG - 3.1.2.1.3 Value: 3
2022-01-06 09:12:54,313 - root - DEBUG - 3.1.2.1.4 Value: 10
2022-01-06 09:12:54,313 - root - DEBUG - 3.1.2.2 Value: None
2022-01-06 09:12:54,313 - root - DEBUG - 3.1.2.2.1 Value: 186
2022-01-06 09:12:54,313 - root - DEBUG - 3.1.2.2.2 Value: 209
2022-01-06 09:12:54,313 - root - DEBUG - 3.1.2.2.3 Value: 3
2022-01-06 09:12:54,313 - root - DEBUG - 3.1.2.2.4 Value: 10
2022-01-06 09:12:54,313 - root - DEBUG - 3.1.5 Value: None
2022-01-06 09:12:54,313 - root - DEBUG - 3.1.5.1 Value: 78
2022-01-06 09:12:54,313 - root - DEBUG - 3.1.5.2 Value: 120
2022-01-06 09:12:54,314 - root - DEBUG - 3.1.5.3 Value: 13
2022-01-06 09:12:54,314 - root - DEBUG - 3.1.6 Value: None
2022-01-06 09:12:54,314 - root - DEBUG - 3.1.6.1 Value: 0
2022-01-06 09:12:54,314 - root - DEBUG - 3.1.6.2 Value: 0
2022-01-06 09:12:54,314 - root - DEBUG - 3.1.6.3 Value: 14
2022-01-06 09:12:54,314 - root - DEBUG - 3.1.7 Value: 0
2022-01-06 09:12:54,314 - root - DEBUG - 3.1.8 Value: 1
2022-01-06 09:12:54,314 - root - DEBUG - 5 Value: None
2022-01-06 09:12:54,314 - root - DEBUG - 5.1 Value: None
2022-01-06 09:12:54,314 - root - DEBUG - 5.1.9 Value: None
2022-01-06 09:12:54,314 - root - DEBUG - 5.1.9.3 Value: None
2022-01-06 09:12:54,314 - root - DEBUG - 5.1.9.3.1 Value: 97
2022-01-06 09:12:54,314 - root - DEBUG - 5.1.9.3.2 Value: 162
2022-01-06 09:12:54,315 - root - DEBUG - 5.1.9.3.3 Value: 121
2022-01-06 09:12:54,315 - root - DEBUG - 5.1.9.3.4 Value: 180
2022-01-06 09:12:54,315 - root - DEBUG - 5.1.9.3.5 Value: 18
2022-01-06 09:12:54,315 - root - DEBUG - 5.1.9.3.6 Value: 0
2022-01-06 09:12:54,315 - root - DEBUG - 5.1.9.3.7 Value: 0
2022-01-06 09:12:54,315 - root - DEBUG - 5.1.9.3.8 Value: 15
2022-01-06 09:12:54,315 - root - DEBUG - 5.1.9.3.9 Value: 10
2022-01-06 09:12:54,315 - root - DEBUG - 5.1.9.4 Value: 0
2022-01-06 09:12:54,315 - root - DEBUG - 5.1.9.5 Value: 0
2022-01-06 09:12:54,315 - root - DEBUG - 5.1.9.6 Value: None
2022-01-06 09:12:54,315 - root - DEBUG - 5.1.9.6.1 Value: 40
2022-01-06 09:12:54,315 - root - DEBUG - 5.1.9.6.2 Value: 162
2022-01-06 09:12:54,315 - root - DEBUG - 5.1.9.6.3 Value: 25
2022-01-06 09:12:54,316 - root - DEBUG - 5.1.9.6.4 Value: 12
2022-01-06 09:12:54,316 - root - DEBUG - 5.1.9.7 Value: None
2022-01-06 09:12:54,316 - root - DEBUG - 5.1.9.7.1 Value: 40
2022-01-06 09:12:54,316 - root - DEBUG - 5.1.9.7.2 Value: 162
2022-01-06 09:12:54,316 - root - DEBUG - 5.1.9.7.3 Value: 37
2022-01-06 09:12:54,316 - root - DEBUG - 5.1.9.7.4 Value: 12
2022-01-06 09:12:54,316 - root - DEBUG - 5.1.4 Value: 1
2022-01-06 09:12:54,316 - root - DEBUG - 5.1.5 Value: 1
2022-01-06 09:12:54,316 - root - DEBUG - 5.1.6 Value: 0
2022-01-06 09:12:54,316 - root - DEBUG - 5.2 Value: None
2022-01-06 09:12:54,316 - root - DEBUG - 5.2.1 Value: 151
2022-01-06 09:12:54,316 - root - DEBUG - 5.2.2 Value: 176
2022-01-06 09:12:54,317 - root - DEBUG - 5.2.3 Value: 65
2022-01-06 09:12:54,317 - root - DEBUG - 5.2.4 Value: 66
2022-01-06 09:12:54,317 - root - DEBUG - 5.2.5 Value: 63
2022-01-06 09:12:54,317 - root - DEBUG - 5.2.6 Value: 64
2022-01-06 09:12:54,317 - root - DEBUG - 5.4 Value: None
2022-01-06 09:12:54,317 - root - DEBUG - 5.4.1 Value: 193
2022-01-06 09:12:54,317 - root - DEBUG - 5.4.2 Value: 176
2022-01-06 09:12:54,317 - root - DEBUG - 5.4.3 Value: 49
2022-01-06 09:12:54,317 - root - DEBUG - 5.4.4 Value: 7
2022-01-06 09:12:54,317 - root - DEBUG - 5.5 Value: None
2022-01-06 09:12:54,317 - root - DEBUG - 5.5.1 Value: 193
2022-01-06 09:12:54,317 - root - DEBUG - 5.5.2 Value: 176
2022-01-06 09:12:54,317 - root - DEBUG - 5.5.3 Value: 49
2022-01-06 09:12:54,318 - root - DEBUG - 5.5.4 Value: 7
2022-01-06 09:12:54,318 - root - DEBUG - 5.6 Value: None
2022-01-06 09:12:54,318 - root - DEBUG - 5.6.1 Value: 193
2022-01-06 09:12:54,318 - root - DEBUG - 5.6.2 Value: 176
2022-01-06 09:12:54,318 - root - DEBUG - 5.6.3 Value: 56
2022-01-06 09:12:54,318 - root - DEBUG - 5.6.4 Value: 7
2022-01-06 09:12:54,318 - root - DEBUG - 29 Value: None
2022-01-06 09:12:54,318 - root - DEBUG - 29.1 Value: None
2022-01-06 09:12:54,318 - root - DEBUG - 29.1.1 Value: None
2022-01-06 09:12:54,318 - root - DEBUG - 29.1.1.1 Value: None
2022-01-06 09:12:54,318 - root - DEBUG - 29.1.1.1.1 Value: None
2022-01-06 09:12:54,318 - root - DEBUG - 29.1.1.1.1.1 Value: 34
2022-01-06 09:12:54,318 - root - DEBUG - 29.1.1.1.1.2 Value: 45
2022-01-06 09:12:54,318 - root - DEBUG - 29.1.1.1.1.3 Value: 67
2022-01-06 09:12:54,319 - root - DEBUG - 29.1.1.1.1.4 Value: 10
2022-01-06 09:12:54,319 - root - DEBUG - 29.1.1.1.2 Value: None
2022-01-06 09:12:54,319 - root - DEBUG - 29.1.1.1.2.1 Value: 110
2022-01-06 09:12:54,319 - root - DEBUG - 29.1.1.1.2.2 Value: 45
2022-01-06 09:12:54,319 - root - DEBUG - 29.1.1.1.2.3 Value: 67
2022-01-06 09:12:54,319 - root - DEBUG - 29.1.1.1.2.4 Value: 10
2022-01-06 09:12:54,319 - root - DEBUG - 29.1.1.2 Value: None
2022-01-06 09:12:54,319 - root - DEBUG - 29.1.1.2.1 Value: None
2022-01-06 09:12:54,319 - root - DEBUG - 29.1.1.2.1.1 Value: 110
2022-01-06 09:12:54,319 - root - DEBUG - 29.1.1.2.1.2 Value: 209
2022-01-06 09:12:54,319 - root - DEBUG - 29.1.1.2.1.3 Value: 67
2022-01-06 09:12:54,319 - root - DEBUG - 29.1.1.2.1.4 Value: 10
2022-01-06 09:12:54,320 - root - DEBUG - 29.1.1.2.2 Value: None
2022-01-06 09:12:54,320 - root - DEBUG - 29.1.1.2.2.1 Value: 186
2022-01-06 09:12:54,320 - root - DEBUG - 29.1.1.2.2.2 Value: 209
2022-01-06 09:12:54,320 - root - DEBUG - 29.1.1.2.2.3 Value: 67
2022-01-06 09:12:54,320 - root - DEBUG - 29.1.1.2.2.4 Value: 10
2022-01-06 09:12:54,320 - root - DEBUG - 29.1.1.3 Value: None
2022-01-06 09:12:54,320 - root - DEBUG - 29.1.1.3.1 Value: 78
2022-01-06 09:12:54,320 - root - DEBUG - 29.1.1.3.2 Value: 120
2022-01-06 09:12:54,320 - root - DEBUG - 29.1.1.3.3 Value: 13
2022-01-06 09:12:54,320 - root - DEBUG - 29.1.1.4 Value: 1
2022-01-06 09:12:54,320 - root - DEBUG - 0-Info
2022-01-06 09:12:54,320 - root - DEBUG - 0.1-DeviceId
2022-01-06 09:12:54,320 - root - DEBUG - 2-Background
2022-01-06 09:12:54,321 - root - DEBUG - 2.1-Image
2022-01-06 09:12:54,321 - root - DEBUG - 2.1.1-X
2022-01-06 09:12:54,321 - root - DEBUG - 2.1.2-Y
2022-01-06 09:12:54,321 - root - DEBUG - 2.1.3-ImageIndex
2022-01-06 09:12:54,321 - root - DEBUG - 2.3-Preview
2022-01-06 09:12:54,321 - root - DEBUG - 2.3.1-X
2022-01-06 09:12:54,321 - root - DEBUG - 2.3.2-Y
2022-01-06 09:12:54,321 - root - DEBUG - 2.3.3-ImageIndex
2022-01-06 09:12:54,321 - root - DEBUG - 2.4-PreviewTradChinese
2022-01-06 09:12:54,322 - root - DEBUG - 2.4.1-X
2022-01-06 09:12:54,322 - root - DEBUG - 2.4.2-Y
2022-01-06 09:12:54,322 - root - DEBUG - 2.4.3-ImageIndex
2022-01-06 09:12:54,322 - root - DEBUG - 2.5-PreviewChinese
2022-01-06 09:12:54,322 - root - DEBUG - 2.5.1-X
2022-01-06 09:12:54,322 - root - DEBUG - 2.5.2-Y
2022-01-06 09:12:54,322 - root - DEBUG - 2.5.3-ImageIndex
2022-01-06 09:12:54,322 - root - DEBUG - 3-TimeExtended
2022-01-06 09:12:54,322 - root - DEBUG - 3.1-TimeSeparateDigits
2022-01-06 09:12:54,322 - root - DEBUG - 3.1.1-Hours
2022-01-06 09:12:54,323 - root - DEBUG - 3.1.1.1-Tens
2022-01-06 09:12:54,323 - root - DEBUG - 3.1.1.1.1-X
2022-01-06 09:12:54,323 - root - DEBUG - 3.1.1.1.2-Y
2022-01-06 09:12:54,323 - root - DEBUG - 3.1.1.1.3-ImageIndex
2022-01-06 09:12:54,323 - root - DEBUG - 3.1.1.1.4-ImagesCount
2022-01-06 09:12:54,323 - root - DEBUG - 3.1.1.2-Ones
2022-01-06 09:12:54,323 - root - DEBUG - 3.1.1.2.1-X
2022-01-06 09:12:54,323 - root - DEBUG - 3.1.1.2.2-Y
2022-01-06 09:12:54,323 - root - DEBUG - 3.1.1.2.3-ImageIndex
2022-01-06 09:12:54,323 - root - DEBUG - 3.1.1.2.4-ImagesCount
2022-01-06 09:12:54,324 - root - DEBUG - 3.1.2-Minutes
2022-01-06 09:12:54,324 - root - DEBUG - 3.1.2.1-Tens
2022-01-06 09:12:54,324 - root - DEBUG - 3.1.2.1.1-X
2022-01-06 09:12:54,324 - root - DEBUG - 3.1.2.1.2-Y
2022-01-06 09:12:54,324 - root - DEBUG - 3.1.2.1.3-ImageIndex
2022-01-06 09:12:54,324 - root - DEBUG - 3.1.2.1.4-ImagesCount
2022-01-06 09:12:54,324 - root - DEBUG - 3.1.2.2-Ones
2022-01-06 09:12:54,324 - root - DEBUG - 3.1.2.2.1-X
2022-01-06 09:12:54,324 - root - DEBUG - 3.1.2.2.2-Y
2022-01-06 09:12:54,325 - root - DEBUG - 3.1.2.2.3-ImageIndex
2022-01-06 09:12:54,325 - root - DEBUG - 3.1.2.2.4-ImagesCount
2022-01-06 09:12:54,325 - root - DEBUG - 3.1.5-SeparatorHours
2022-01-06 09:12:54,325 - root - DEBUG - 3.1.5.1-X
2022-01-06 09:12:54,325 - root - DEBUG - 3.1.5.2-Y
2022-01-06 09:12:54,325 - root - DEBUG - 3.1.5.3-ImageIndex
2022-01-06 09:12:54,325 - root - DEBUG - 3.1.6-SeparatorMinutes
2022-01-06 09:12:54,325 - root - DEBUG - 3.1.6.1-X
2022-01-06 09:12:54,325 - root - DEBUG - 3.1.6.2-Y
2022-01-06 09:12:54,326 - root - DEBUG - 3.1.6.3-ImageIndex
2022-01-06 09:12:54,326 - root - DEBUG - 3.1.7-PaddingZeroHours
2022-01-06 09:12:54,326 - root - DEBUG - 3.1.8-PaddingZeroMinutes
2022-01-06 09:12:54,326 - root - DEBUG - 5-DateBlock
2022-01-06 09:12:54,326 - root - DEBUG - 5.1-Date
2022-01-06 09:12:54,326 - root - DEBUG - 5.1.9-YearMonthAndDay
2022-01-06 09:12:54,326 - root - DEBUG - 5.1.9.3-Day
2022-01-06 09:12:54,326 - root - DEBUG - 5.1.9.3.1-TopLeftX
2022-01-06 09:12:54,326 - root - DEBUG - 5.1.9.3.2-TopLeftY
2022-01-06 09:12:54,326 - root - DEBUG - 5.1.9.3.3-BottomRightX
2022-01-06 09:12:54,327 - root - DEBUG - 5.1.9.3.4-BottomRightY
2022-01-06 09:12:54,327 - root - DEBUG - 5.1.9.3.5-Alignment
2022-01-06 09:12:54,327 - root - DEBUG - 5.1.9.3.6-Spacing
2022-01-06 09:12:54,327 - root - DEBUG - 5.1.9.3.7-VerticalOffset
2022-01-06 09:12:54,327 - root - DEBUG - 5.1.9.3.8-ImageIndex
2022-01-06 09:12:54,327 - root - DEBUG - 5.1.9.3.9-ImagesCount
2022-01-06 09:12:54,327 - root - DEBUG - 5.1.9.4-MonthFollowsYear
2022-01-06 09:12:54,327 - root - DEBUG - 5.1.9.5-DayFollowsMonth
2022-01-06 09:12:54,328 - root - DEBUG - 5.1.9.6-MonthAsWord
2022-01-06 09:12:54,328 - root - DEBUG - 5.1.9.6.1-X
2022-01-06 09:12:54,328 - root - DEBUG - 5.1.9.6.2-Y
2022-01-06 09:12:54,328 - root - DEBUG - 5.1.9.6.3-ImageIndex
2022-01-06 09:12:54,328 - root - DEBUG - 5.1.9.6.4-ImagesCount
2022-01-06 09:12:54,328 - root - DEBUG - 5.1.9.7-MonthAsWordChinese
2022-01-06 09:12:54,328 - root - DEBUG - 5.1.9.7.1-X
2022-01-06 09:12:54,328 - root - DEBUG - 5.1.9.7.2-Y
2022-01-06 09:12:54,328 - root - DEBUG - 5.1.9.7.3-ImageIndex
2022-01-06 09:12:54,328 - root - DEBUG - 5.1.9.7.4-ImagesCount
2022-01-06 09:12:54,329 - root - DEBUG - 5.1.4-PaddingZeroMonth
2022-01-06 09:12:54,329 - root - DEBUG - 5.1.5-PaddingZeroDay
2022-01-06 09:12:54,329 - root - DEBUG - 5.1.6-UnknownBoolean6
2022-01-06 09:12:54,329 - root - DEBUG - 5.2-AmPm
2022-01-06 09:12:54,329 - root - DEBUG - 5.2.1-CommonX
2022-01-06 09:12:54,329 - root - DEBUG - 5.2.2-CommonY
2022-01-06 09:12:54,329 - root - DEBUG - 5.2.3-ImageIndexAMCN
2022-01-06 09:12:54,329 - root - DEBUG - 5.2.4-ImageIndexPMCN
2022-01-06 09:12:54,329 - root - DEBUG - 5.2.5-AmImageIndexEN
2022-01-06 09:12:54,330 - root - DEBUG - 5.2.6-PmImageIndexEN
2022-01-06 09:12:54,330 - root - DEBUG - 5.4-Weekday
2022-01-06 09:12:54,330 - root - DEBUG - 5.4.1-X
2022-01-06 09:12:54,330 - root - DEBUG - 5.4.2-Y
2022-01-06 09:12:54,330 - root - DEBUG - 5.4.3-ImageIndex
2022-01-06 09:12:54,330 - root - DEBUG - 5.4.4-ImagesCount
2022-01-06 09:12:54,330 - root - DEBUG - 5.5-WeekdayChinese
2022-01-06 09:12:54,330 - root - DEBUG - 5.5.1-X
2022-01-06 09:12:54,330 - root - DEBUG - 5.5.2-Y
2022-01-06 09:12:54,331 - root - DEBUG - 5.5.3-ImageIndex
2022-01-06 09:12:54,331 - root - DEBUG - 5.5.4-ImagesCount
2022-01-06 09:12:54,331 - root - DEBUG - 5.6-WeekdayTradChinese
2022-01-06 09:12:54,331 - root - DEBUG - 5.6.1-X
2022-01-06 09:12:54,331 - root - DEBUG - 5.6.2-Y
2022-01-06 09:12:54,331 - root - DEBUG - 5.6.3-ImageIndex
2022-01-06 09:12:54,331 - root - DEBUG - 5.6.4-ImagesCount
2022-01-06 09:12:54,331 - root - DEBUG - 29-AlwaysOnDisplay
2022-01-06 09:12:54,331 - root - DEBUG - 29.1-TimeExtended
2022-01-06 09:12:54,331 - root - DEBUG - 29.1.1-TimeSeparateDigits
2022-01-06 09:12:54,332 - root - DEBUG - 29.1.1.1-Hours
2022-01-06 09:12:54,332 - root - DEBUG - 29.1.1.1.1-Tens
2022-01-06 09:12:54,332 - root - DEBUG - 29.1.1.1.1.1-X
2022-01-06 09:12:54,332 - root - DEBUG - 29.1.1.1.1.2-Y
2022-01-06 09:12:54,332 - root - DEBUG - 29.1.1.1.1.3-ImageIndex
2022-01-06 09:12:54,332 - root - DEBUG - 29.1.1.1.1.4-ImagesCount
2022-01-06 09:12:54,332 - root - DEBUG - 29.1.1.1.2-Ones
2022-01-06 09:12:54,332 - root - DEBUG - 29.1.1.1.2.1-X
2022-01-06 09:12:54,332 - root - DEBUG - 29.1.1.1.2.2-Y
2022-01-06 09:12:54,333 - root - DEBUG - 29.1.1.1.2.3-ImageIndex
2022-01-06 09:12:54,333 - root - DEBUG - 29.1.1.1.2.4-ImagesCount
2022-01-06 09:12:54,333 - root - DEBUG - 29.1.1.2-Minutes
2022-01-06 09:12:54,333 - root - DEBUG - 29.1.1.2.1-Tens
2022-01-06 09:12:54,333 - root - DEBUG - 29.1.1.2.1.1-X
2022-01-06 09:12:54,333 - root - DEBUG - 29.1.1.2.1.2-Y
2022-01-06 09:12:54,333 - root - DEBUG - 29.1.1.2.1.3-ImageIndex
2022-01-06 09:12:54,333 - root - DEBUG - 29.1.1.2.1.4-ImagesCount
2022-01-06 09:12:54,333 - root - DEBUG - 29.1.1.2.2-Ones
2022-01-06 09:12:54,333 - root - DEBUG - 29.1.1.2.2.1-X
2022-01-06 09:12:54,334 - root - DEBUG - 29.1.1.2.2.2-Y
2022-01-06 09:12:54,334 - root - DEBUG - 29.1.1.2.2.3-ImageIndex
2022-01-06 09:12:54,334 - root - DEBUG - 29.1.1.2.2.4-ImagesCount
2022-01-06 09:12:54,334 - root - DEBUG - 29.1.1.3-Separator
2022-01-06 09:12:54,334 - root - DEBUG - 29.1.1.3.1-X
2022-01-06 09:12:54,334 - root - DEBUG - 29.1.1.3.2-Y
2022-01-06 09:12:54,334 - root - DEBUG - 29.1.1.3.3-ImageIndex
2022-01-06 09:12:54,334 - root - DEBUG - 29.1.1.4-PaddingZeroHours
2022-01-06 09:12:54,334 - root - DEBUG - generatePreviews
2022-01-06 09:12:54,334 - root - DEBUG - Generating previews...
2022-01-06 09:12:54,338 - root - DEBUG - Generating states done...
2022-01-06 09:12:54,344 - root - DEBUG - >>>>>>>>>>>> 0 <watchFaceParser.models.parameter.Parameter object at 0x00000155761F4388>
2022-01-06 09:12:54,344 - root - DEBUG - >>>>>>>>>>>> 2 <watchFaceParser.models.parameter.Parameter object at 0x00000155761E2B48>
2022-01-06 09:12:54,348 - root - DEBUG - >>>>>>>>>>>> 3 <watchFaceParser.models.parameter.Parameter object at 0x00000155761EE248>
2022-01-06 09:12:54,353 - root - DEBUG - >>>>>>>>>>>> 5 <watchFaceParser.models.parameter.Parameter object at 0x00000155761F1908>
2022-01-06 09:12:54,362 - root - DEBUG - >>>>>>>>>>>> 29 <watchFaceParser.models.parameter.Parameter object at 0x00000155761F1608>
2022-01-06 09:12:54,375 - root - DEBUG - Generating static preview gen done...
2022-01-06 09:12:54,455 - root - DEBUG - Generating static preview save done...
2022-01-06 09:12:54,456 - root - DEBUG - Generating anim preview gen done...
2022-01-06 09:12:54,456 - root - DEBUG - >>>>>>>>>>>> 0 <watchFaceParser.models.parameter.Parameter object at 0x00000155761F4388>
2022-01-06 09:12:54,456 - root - DEBUG - >>>>>>>>>>>> 2 <watchFaceParser.models.parameter.Parameter object at 0x00000155761E2B48>
2022-01-06 09:12:54,456 - root - DEBUG - >>>>>>>>>>>> 3 <watchFaceParser.models.parameter.Parameter object at 0x00000155761EE248>
2022-01-06 09:12:54,456 - root - DEBUG - >>>>>>>>>>>> 5 <watchFaceParser.models.parameter.Parameter object at 0x00000155761F1908>
2022-01-06 09:12:54,457 - root - DEBUG - >>>>>>>>>>>> 29 <watchFaceParser.models.parameter.Parameter object at 0x00000155761F1608>
2022-01-06 09:12:54,559 - root - DEBUG - generatePreviews done
2022-01-06 09:12:54,559 - root - DEBUG - Exporting resources to 'E:\Codez\zepp-gts2mini-wf\0bd98bf08f6b688333acbf0bbbeec924'
2022-01-06 09:12:54,562 - root - DEBUG - extracting E:\Codez\zepp-gts2mini-wf\0bd98bf08f6b688333acbf0bbbeec924\0000.png...
2022-01-06 09:12:54,582 - root - DEBUG - extracting E:\Codez\zepp-gts2mini-wf\0bd98bf08f6b688333acbf0bbbeec924\0001.png...
2022-01-06 09:12:54,601 - root - DEBUG - extracting E:\Codez\zepp-gts2mini-wf\0bd98bf08f6b688333acbf0bbbeec924\0002.png...
2022-01-06 09:12:54,639 - root - DEBUG - extracting E:\Codez\zepp-gts2mini-wf\0bd98bf08f6b688333acbf0bbbeec924\0003.png...
2022-01-06 09:12:54,641 - root - DEBUG - extracting E:\Codez\zepp-gts2mini-wf\0bd98bf08f6b688333acbf0bbbeec924\0004.png...
2022-01-06 09:12:54,642 - root - DEBUG - extracting E:\Codez\zepp-gts2mini-wf\0bd98bf08f6b688333acbf0bbbeec924\0005.png...
2022-01-06 09:12:54,644 - root - DEBUG - extracting E:\Codez\zepp-gts2mini-wf\0bd98bf08f6b688333acbf0bbbeec924\0006.png...
2022-01-06 09:12:54,646 - root - DEBUG - extracting E:\Codez\zepp-gts2mini-wf\0bd98bf08f6b688333acbf0bbbeec924\0007.png...
2022-01-06 09:12:54,647 - root - DEBUG - extracting E:\Codez\zepp-gts2mini-wf\0bd98bf08f6b688333acbf0bbbeec924\0008.png...
2022-01-06 09:12:54,649 - root - DEBUG - extracting E:\Codez\zepp-gts2mini-wf\0bd98bf08f6b688333acbf0bbbeec924\0009.png...
2022-01-06 09:12:54,651 - root - DEBUG - extracting E:\Codez\zepp-gts2mini-wf\0bd98bf08f6b688333acbf0bbbeec924\0010.png...
2022-01-06 09:12:54,652 - root - DEBUG - extracting E:\Codez\zepp-gts2mini-wf\0bd98bf08f6b688333acbf0bbbeec924\0011.png...
2022-01-06 09:12:54,654 - root - DEBUG - extracting E:\Codez\zepp-gts2mini-wf\0bd98bf08f6b688333acbf0bbbeec924\0012.png...
2022-01-06 09:12:54,656 - root - DEBUG - extracting E:\Codez\zepp-gts2mini-wf\0bd98bf08f6b688333acbf0bbbeec924\0013.png...
2022-01-06 09:12:54,658 - root - DEBUG - extracting E:\Codez\zepp-gts2mini-wf\0bd98bf08f6b688333acbf0bbbeec924\0014.png...
2022-01-06 09:12:54,674 - root - DEBUG - extracting E:\Codez\zepp-gts2mini-wf\0bd98bf08f6b688333acbf0bbbeec924\0015.png...
2022-01-06 09:12:54,675 - root - DEBUG - extracting E:\Codez\zepp-gts2mini-wf\0bd98bf08f6b688333acbf0bbbeec924\0016.png...
2022-01-06 09:12:54,675 - root - DEBUG - extracting E:\Codez\zepp-gts2mini-wf\0bd98bf08f6b688333acbf0bbbeec924\0017.png...
2022-01-06 09:12:54,676 - root - DEBUG - extracting E:\Codez\zepp-gts2mini-wf\0bd98bf08f6b688333acbf0bbbeec924\0018.png...
2022-01-06 09:12:54,676 - root - DEBUG - extracting E:\Codez\zepp-gts2mini-wf\0bd98bf08f6b688333acbf0bbbeec924\0019.png...
2022-01-06 09:12:54,677 - root - DEBUG - extracting E:\Codez\zepp-gts2mini-wf\0bd98bf08f6b688333acbf0bbbeec924\0020.png...
2022-01-06 09:12:54,677 - root - DEBUG - extracting E:\Codez\zepp-gts2mini-wf\0bd98bf08f6b688333acbf0bbbeec924\0021.png...
2022-01-06 09:12:54,678 - root - DEBUG - extracting E:\Codez\zepp-gts2mini-wf\0bd98bf08f6b688333acbf0bbbeec924\0022.png...
2022-01-06 09:12:54,678 - root - DEBUG - extracting E:\Codez\zepp-gts2mini-wf\0bd98bf08f6b688333acbf0bbbeec924\0023.png...
2022-01-06 09:12:54,679 - root - DEBUG - extracting E:\Codez\zepp-gts2mini-wf\0bd98bf08f6b688333acbf0bbbeec924\0024.png...
2022-01-06 09:12:54,680 - root - DEBUG - extracting E:\Codez\zepp-gts2mini-wf\0bd98bf08f6b688333acbf0bbbeec924\0025.png...
2022-01-06 09:12:54,680 - root - DEBUG - extracting E:\Codez\zepp-gts2mini-wf\0bd98bf08f6b688333acbf0bbbeec924\0026.png...
2022-01-06 09:12:54,681 - root - DEBUG - extracting E:\Codez\zepp-gts2mini-wf\0bd98bf08f6b688333acbf0bbbeec924\0027.png...
2022-01-06 09:12:54,682 - root - DEBUG - extracting E:\Codez\zepp-gts2mini-wf\0bd98bf08f6b688333acbf0bbbeec924\0028.png...
2022-01-06 09:12:54,682 - root - DEBUG - extracting E:\Codez\zepp-gts2mini-wf\0bd98bf08f6b688333acbf0bbbeec924\0029.png...
2022-01-06 09:12:54,683 - root - DEBUG - extracting E:\Codez\zepp-gts2mini-wf\0bd98bf08f6b688333acbf0bbbeec924\0030.png...
2022-01-06 09:12:54,684 - root - DEBUG - extracting E:\Codez\zepp-gts2mini-wf\0bd98bf08f6b688333acbf0bbbeec924\0031.png...
2022-01-06 09:12:54,684 - root - DEBUG - extracting E:\Codez\zepp-gts2mini-wf\0bd98bf08f6b688333acbf0bbbeec924\0032.png...
2022-01-06 09:12:54,685 - root - DEBUG - extracting E:\Codez\zepp-gts2mini-wf\0bd98bf08f6b688333acbf0bbbeec924\0033.png...
2022-01-06 09:12:54,686 - root - DEBUG - extracting E:\Codez\zepp-gts2mini-wf\0bd98bf08f6b688333acbf0bbbeec924\0034.png...
2022-01-06 09:12:54,686 - root - DEBUG - extracting E:\Codez\zepp-gts2mini-wf\0bd98bf08f6b688333acbf0bbbeec924\0035.png...
2022-01-06 09:12:54,687 - root - DEBUG - extracting E:\Codez\zepp-gts2mini-wf\0bd98bf08f6b688333acbf0bbbeec924\0036.png...
2022-01-06 09:12:54,688 - root - DEBUG - extracting E:\Codez\zepp-gts2mini-wf\0bd98bf08f6b688333acbf0bbbeec924\0037.png...
2022-01-06 09:12:54,688 - root - DEBUG - extracting E:\Codez\zepp-gts2mini-wf\0bd98bf08f6b688333acbf0bbbeec924\0038.png...
2022-01-06 09:12:54,689 - root - DEBUG - extracting E:\Codez\zepp-gts2mini-wf\0bd98bf08f6b688333acbf0bbbeec924\0039.png...
2022-01-06 09:12:54,690 - root - DEBUG - extracting E:\Codez\zepp-gts2mini-wf\0bd98bf08f6b688333acbf0bbbeec924\0040.png...
2022-01-06 09:12:54,690 - root - DEBUG - extracting E:\Codez\zepp-gts2mini-wf\0bd98bf08f6b688333acbf0bbbeec924\0041.png...
2022-01-06 09:12:54,691 - root - DEBUG - extracting E:\Codez\zepp-gts2mini-wf\0bd98bf08f6b688333acbf0bbbeec924\0042.png...
2022-01-06 09:12:54,692 - root - DEBUG - extracting E:\Codez\zepp-gts2mini-wf\0bd98bf08f6b688333acbf0bbbeec924\0043.png...
2022-01-06 09:12:54,692 - root - DEBUG - extracting E:\Codez\zepp-gts2mini-wf\0bd98bf08f6b688333acbf0bbbeec924\0044.png...
2022-01-06 09:12:54,693 - root - DEBUG - extracting E:\Codez\zepp-gts2mini-wf\0bd98bf08f6b688333acbf0bbbeec924\0045.png...
2022-01-06 09:12:54,693 - root - DEBUG - extracting E:\Codez\zepp-gts2mini-wf\0bd98bf08f6b688333acbf0bbbeec924\0046.png...
2022-01-06 09:12:54,694 - root - DEBUG - extracting E:\Codez\zepp-gts2mini-wf\0bd98bf08f6b688333acbf0bbbeec924\0047.png...
2022-01-06 09:12:54,695 - root - DEBUG - extracting E:\Codez\zepp-gts2mini-wf\0bd98bf08f6b688333acbf0bbbeec924\0048.png...
2022-01-06 09:12:54,695 - root - DEBUG - extracting E:\Codez\zepp-gts2mini-wf\0bd98bf08f6b688333acbf0bbbeec924\0049.png...
2022-01-06 09:12:54,696 - root - DEBUG - extracting E:\Codez\zepp-gts2mini-wf\0bd98bf08f6b688333acbf0bbbeec924\0050.png...
2022-01-06 09:12:54,697 - root - DEBUG - extracting E:\Codez\zepp-gts2mini-wf\0bd98bf08f6b688333acbf0bbbeec924\0051.png...
2022-01-06 09:12:54,698 - root - DEBUG - extracting E:\Codez\zepp-gts2mini-wf\0bd98bf08f6b688333acbf0bbbeec924\0052.png...
2022-01-06 09:12:54,698 - root - DEBUG - extracting E:\Codez\zepp-gts2mini-wf\0bd98bf08f6b688333acbf0bbbeec924\0053.png...
2022-01-06 09:12:54,699 - root - DEBUG - extracting E:\Codez\zepp-gts2mini-wf\0bd98bf08f6b688333acbf0bbbeec924\0054.png...
2022-01-06 09:12:54,700 - root - DEBUG - extracting E:\Codez\zepp-gts2mini-wf\0bd98bf08f6b688333acbf0bbbeec924\0055.png...
2022-01-06 09:12:54,700 - root - DEBUG - extracting E:\Codez\zepp-gts2mini-wf\0bd98bf08f6b688333acbf0bbbeec924\0056.png...
2022-01-06 09:12:54,701 - root - DEBUG - extracting E:\Codez\zepp-gts2mini-wf\0bd98bf08f6b688333acbf0bbbeec924\0057.png...
2022-01-06 09:12:54,702 - root - DEBUG - extracting E:\Codez\zepp-gts2mini-wf\0bd98bf08f6b688333acbf0bbbeec924\0058.png...
2022-01-06 09:12:54,702 - root - DEBUG - extracting E:\Codez\zepp-gts2mini-wf\0bd98bf08f6b688333acbf0bbbeec924\0059.png...
2022-01-06 09:12:54,703 - root - DEBUG - extracting E:\Codez\zepp-gts2mini-wf\0bd98bf08f6b688333acbf0bbbeec924\0060.png...
2022-01-06 09:12:54,704 - root - DEBUG - extracting E:\Codez\zepp-gts2mini-wf\0bd98bf08f6b688333acbf0bbbeec924\0061.png...
2022-01-06 09:12:54,705 - root - DEBUG - extracting E:\Codez\zepp-gts2mini-wf\0bd98bf08f6b688333acbf0bbbeec924\0062.png...
2022-01-06 09:12:54,706 - root - DEBUG - extracting E:\Codez\zepp-gts2mini-wf\0bd98bf08f6b688333acbf0bbbeec924\0063.png...
2022-01-06 09:12:54,706 - root - DEBUG - extracting E:\Codez\zepp-gts2mini-wf\0bd98bf08f6b688333acbf0bbbeec924\0064.png...
2022-01-06 09:12:54,707 - root - DEBUG - extracting E:\Codez\zepp-gts2mini-wf\0bd98bf08f6b688333acbf0bbbeec924\0065.png...
2022-01-06 09:12:54,707 - root - DEBUG - extracting E:\Codez\zepp-gts2mini-wf\0bd98bf08f6b688333acbf0bbbeec924\0066.png...
2022-01-06 09:12:54,708 - root - DEBUG - extracting E:\Codez\zepp-gts2mini-wf\0bd98bf08f6b688333acbf0bbbeec924\0067.png...
2022-01-06 09:12:54,709 - root - DEBUG - extracting E:\Codez\zepp-gts2mini-wf\0bd98bf08f6b688333acbf0bbbeec924\0068.png...
2022-01-06 09:12:54,710 - root - DEBUG - extracting E:\Codez\zepp-gts2mini-wf\0bd98bf08f6b688333acbf0bbbeec924\0069.png...
2022-01-06 09:12:54,712 - root - DEBUG - extracting E:\Codez\zepp-gts2mini-wf\0bd98bf08f6b688333acbf0bbbeec924\0070.png...
2022-01-06 09:12:54,713 - root - DEBUG - extracting E:\Codez\zepp-gts2mini-wf\0bd98bf08f6b688333acbf0bbbeec924\0071.png...
2022-01-06 09:12:54,714 - root - DEBUG - extracting E:\Codez\zepp-gts2mini-wf\0bd98bf08f6b688333acbf0bbbeec924\0072.png...
2022-01-06 09:12:54,716 - root - DEBUG - extracting E:\Codez\zepp-gts2mini-wf\0bd98bf08f6b688333acbf0bbbeec924\0073.png...
2022-01-06 09:12:54,717 - root - DEBUG - extracting E:\Codez\zepp-gts2mini-wf\0bd98bf08f6b688333acbf0bbbeec924\0074.png...
2022-01-06 09:12:54,718 - root - DEBUG - extracting E:\Codez\zepp-gts2mini-wf\0bd98bf08f6b688333acbf0bbbeec924\0075.png...
2022-01-06 09:12:54,720 - root - DEBUG - extracting E:\Codez\zepp-gts2mini-wf\0bd98bf08f6b688333acbf0bbbeec924\0076.png...
2022-01-06 09:12:54,721 - root - DEBUG - Exporting config...
