2021-10-03 14:15:07,019 - root - DEBUG - Opening watch face 'f458b060c4c5dd855fee965c0de750dd.bin'
2021-10-03 14:15:07,029 - root - DEBUG - Reading parameters...
2021-10-03 14:15:07,029 - root - INFO - Reading header...
2021-10-03 14:15:07,029 - root - INFO - Header was read:
2021-10-03 14:15:07,029 - root - INFO - Signature: b'UIHH\x01\x00\xff', Unknown: 60, ParametersSize: 60, isValid: True, deviceId: 73
2021-10-03 14:15:07,029 - root - INFO - Reading parameter offsets...
2021-10-03 14:15:07,029 - root - INFO - Parameter offsets were read from file
2021-10-03 14:15:07,029 - root - INFO - Reading parameters descriptor...
2021-10-03 14:15:07,029 - root - INFO - 1 ( A): 5 bytes
2021-10-03 14:15:07,029 - root - INFO -     1 ( 8): 286 11E
2021-10-03 14:15:07,029 - root - INFO -     2 (10): 65 41
2021-10-03 14:15:07,029 - root - INFO - getParameters descriptor was read:
2021-10-03 14:15:07,029 - root - INFO - ParametersTableLength: 286, ImagesCount: 65
2021-10-03 14:15:07,029 - root - INFO - Reading parameters locations...
2021-10-03 14:15:07,029 - root - INFO - 2 (12): 4 bytes
2021-10-03 14:15:07,029 - root - INFO -     1 ( 8): 0  0
2021-10-03 14:15:07,029 - root - INFO -     2 (10): 26 1A
2021-10-03 14:15:07,029 - root - INFO - 3 (1A): 4 bytes
2021-10-03 14:15:07,029 - root - INFO -     1 ( 8): 26 1A
2021-10-03 14:15:07,039 - root - INFO -     2 (10): 54 36
2021-10-03 14:15:07,039 - root - INFO - 4 (22): 4 bytes
2021-10-03 14:15:07,039 - root - INFO -     1 ( 8): 99 63
2021-10-03 14:15:07,039 - root - INFO -     2 (10): 58 3A
2021-10-03 14:15:07,039 - root - INFO - 5 (2A): 4 bytes
2021-10-03 14:15:07,039 - root - INFO -     1 ( 8): 80 50
2021-10-03 14:15:07,039 - root - INFO -     2 (10): 19 13
2021-10-03 14:15:07,039 - root - INFO - 7 (3A): 5 bytes
2021-10-03 14:15:07,039 - root - INFO -     1 ( 8): 157 9D
2021-10-03 14:15:07,039 - root - INFO -     2 (10): 18 12
2021-10-03 14:15:07,039 - root - INFO - 9 (4A): 5 bytes
2021-10-03 14:15:07,039 - root - INFO -     1 ( 8): 193 C1
2021-10-03 14:15:07,039 - root - INFO -     2 (10): 39 27
2021-10-03 14:15:07,039 - root - INFO - 12 (62): 5 bytes
2021-10-03 14:15:07,039 - root - INFO -     1 ( 8): 175 AF
2021-10-03 14:15:07,039 - root - INFO -     2 (10): 18 12
2021-10-03 14:15:07,039 - root - INFO - 29 (EA): 5 bytes
2021-10-03 14:15:07,039 - root - INFO -     1 ( 8): 232 E8
2021-10-03 14:15:07,039 - root - INFO -     2 (10): 54 36
2021-10-03 14:15:07,039 - root - INFO - Watch face parameters locations were read:
2021-10-03 14:15:07,039 - root - INFO - Reading descriptor for parameter 2
2021-10-03 14:15:07,039 - root - INFO - Descriptor offset: 0, Descriptor length: 26
2021-10-03 14:15:07,039 - root - INFO - Parsing descriptor for parameter 2...
2021-10-03 14:15:07,039 - root - INFO - 2 (10): 0  0
2021-10-03 14:15:07,039 - root - INFO - 3 (1A): 6 bytes
2021-10-03 14:15:07,039 - root - INFO -     1 ( 8): 0  0
2021-10-03 14:15:07,039 - root - INFO -     2 (10): 0  0
2021-10-03 14:15:07,039 - root - INFO -     3 (18): 0  0
2021-10-03 14:15:07,039 - root - INFO - 4 (22): 6 bytes
2021-10-03 14:15:07,039 - root - INFO -     1 ( 8): 0  0
2021-10-03 14:15:07,039 - root - INFO -     2 (10): 0  0
2021-10-03 14:15:07,039 - root - INFO -     3 (18): 0  0
2021-10-03 14:15:07,039 - root - INFO - 5 (2A): 6 bytes
2021-10-03 14:15:07,039 - root - INFO -     1 ( 8): 0  0
2021-10-03 14:15:07,039 - root - INFO -     2 (10): 0  0
2021-10-03 14:15:07,039 - root - INFO -     3 (18): 0  0
2021-10-03 14:15:07,039 - root - INFO - Reading descriptor for parameter 3
2021-10-03 14:15:07,039 - root - INFO - Descriptor offset: 26, Descriptor length: 54
2021-10-03 14:15:07,039 - root - INFO - Parsing descriptor for parameter 3...
2021-10-03 14:15:07,039 - root - INFO - 1 ( A): 52 bytes
2021-10-03 14:15:07,039 - root - INFO -     1 ( A): 21 bytes
2021-10-03 14:15:07,039 - root - INFO -         1 ( A): 8 bytes
2021-10-03 14:15:07,039 - root - INFO -             1 ( 8): 109 6D
2021-10-03 14:15:07,039 - root - INFO -             2 (10): 90 5A
2021-10-03 14:15:07,039 - root - INFO -             3 (18): 1  1
2021-10-03 14:15:07,039 - root - INFO -             4 (20): 10  A
2021-10-03 14:15:07,039 - root - INFO -         2 (12): 9 bytes
2021-10-03 14:15:07,039 - root - INFO -             1 ( 8): 157 9D
2021-10-03 14:15:07,039 - root - INFO -             2 (10): 90 5A
2021-10-03 14:15:07,039 - root - INFO -             3 (18): 1  1
2021-10-03 14:15:07,039 - root - INFO -             4 (20): 10  A
2021-10-03 14:15:07,039 - root - INFO -     2 (12): 23 bytes
2021-10-03 14:15:07,039 - root - INFO -         1 ( A): 9 bytes
2021-10-03 14:15:07,039 - root - INFO -             1 ( 8): 109 6D
2021-10-03 14:15:07,039 - root - INFO -             2 (10): 164 A4
2021-10-03 14:15:07,039 - root - INFO -             3 (18): 1  1
2021-10-03 14:15:07,039 - root - INFO -             4 (20): 10  A
2021-10-03 14:15:07,039 - root - INFO -         2 (12): 10 bytes
2021-10-03 14:15:07,039 - root - INFO -             1 ( 8): 157 9D
2021-10-03 14:15:07,039 - root - INFO -             2 (10): 164 A4
2021-10-03 14:15:07,039 - root - INFO -             3 (18): 1  1
2021-10-03 14:15:07,039 - root - INFO -             4 (20): 10  A
2021-10-03 14:15:07,039 - root - INFO -     7 (38): 0  0
2021-10-03 14:15:07,039 - root - INFO -     8 (40): 1  1
2021-10-03 14:15:07,039 - root - INFO - Reading descriptor for parameter 4
2021-10-03 14:15:07,039 - root - INFO - Descriptor offset: 99, Descriptor length: 58
2021-10-03 14:15:07,039 - root - INFO - Parsing descriptor for parameter 4...
2021-10-03 14:15:07,039 - root - INFO - 1 ( A): 25 bytes
2021-10-03 14:15:07,039 - root - INFO -     1 ( A): 21 bytes
2021-10-03 14:15:07,039 - root - INFO -         1 ( 8): 78 4E
2021-10-03 14:15:07,039 - root - INFO -         2 (10): 278 116
2021-10-03 14:15:07,039 - root - INFO -         3 (18): 167 A7
2021-10-03 14:15:07,039 - root - INFO -         4 (20): 298 12A
2021-10-03 14:15:07,039 - root - INFO -         5 (28): 66 42
2021-10-03 14:15:07,039 - root - INFO -         6 (30): 0  0
2021-10-03 14:15:07,039 - root - INFO -         7 (38): 0  0
2021-10-03 14:15:07,039 - root - INFO -         8 (40): 18 12
2021-10-03 14:15:07,039 - root - INFO -         9 (48): 10  A
2021-10-03 14:15:07,039 - root - INFO -     2 (10): 28 1C
2021-10-03 14:15:07,039 - root - INFO - 4 (22): 27 bytes
2021-10-03 14:15:07,039 - root - INFO -     1 ( A): 21 bytes
2021-10-03 14:15:07,039 - root - INFO -         1 ( 8): 79 4F
2021-10-03 14:15:07,039 - root - INFO -         2 (10): 331 14B
2021-10-03 14:15:07,039 - root - INFO -         3 (18): 145 91
2021-10-03 14:15:07,039 - root - INFO -         4 (20): 350 15E
2021-10-03 14:15:07,039 - root - INFO -         5 (28): 66 42
2021-10-03 14:15:07,039 - root - INFO -         6 (30): 0  0
2021-10-03 14:15:07,039 - root - INFO -         7 (38): 0  0
2021-10-03 14:15:07,039 - root - INFO -         8 (40): 18 12
2021-10-03 14:15:07,039 - root - INFO -         9 (48): 10  A
2021-10-03 14:15:07,039 - root - INFO -     2 (10): 29 1D
2021-10-03 14:15:07,039 - root - INFO -     3 (18): 30 1E
2021-10-03 14:15:07,039 - root - INFO - 7 (38): 0  0
2021-10-03 14:15:07,039 - root - INFO - Reading descriptor for parameter 5
2021-10-03 14:15:07,039 - root - INFO - Descriptor offset: 80, Descriptor length: 19
2021-10-03 14:15:07,039 - root - INFO - Parsing descriptor for parameter 5...
2021-10-03 14:15:07,039 - root - INFO - 1 ( A): 6 bytes
2021-10-03 14:15:07,039 - root - INFO -     4 (20): 1  1
2021-10-03 14:15:07,039 - root - INFO -     5 (28): 1  1
2021-10-03 14:15:07,039 - root - INFO -     6 (30): 0  0
2021-10-03 14:15:07,039 - root - INFO - 4 (22): 9 bytes
2021-10-03 14:15:07,039 - root - INFO -     1 ( 8): 114 72
2021-10-03 14:15:07,039 - root - INFO -     2 (10): 241 F1
2021-10-03 14:15:07,039 - root - INFO -     3 (18): 11  B
2021-10-03 14:15:07,039 - root - INFO -     4 (20): 7  7
2021-10-03 14:15:07,039 - root - INFO - Reading descriptor for parameter 7
2021-10-03 14:15:07,039 - root - INFO - Descriptor offset: 157, Descriptor length: 18
2021-10-03 14:15:07,039 - root - INFO - Parsing descriptor for parameter 7...
2021-10-03 14:15:07,039 - root - INFO - 2 (12): 8 bytes
2021-10-03 14:15:07,039 - root - INFO -     1 ( 8): 53 35
2021-10-03 14:15:07,039 - root - INFO -     2 (10): 52 34
2021-10-03 14:15:07,039 - root - INFO -     3 (18): 31 1F
2021-10-03 14:15:07,039 - root - INFO -     4 (20): 12  C
2021-10-03 14:15:07,039 - root - INFO - 8 (42): 6 bytes
2021-10-03 14:15:07,039 - root - INFO -     1 ( 8): 53 35
2021-10-03 14:15:07,049 - root - INFO -     2 (10): 52 34
2021-10-03 14:15:07,049 - root - INFO -     3 (18): 43 2B
2021-10-03 14:15:07,049 - root - INFO - Reading descriptor for parameter 9
2021-10-03 14:15:07,049 - root - INFO - Descriptor offset: 193, Descriptor length: 39
2021-10-03 14:15:07,049 - root - INFO - Parsing descriptor for parameter 9...
2021-10-03 14:15:07,049 - root - INFO - 1 ( A): 27 bytes
2021-10-03 14:15:07,049 - root - INFO -     1 ( A): 21 bytes
2021-10-03 14:15:07,049 - root - INFO -         1 ( 8): 80 50
2021-10-03 14:15:07,049 - root - INFO -         2 (10): 305 131
2021-10-03 14:15:07,049 - root - INFO -         3 (18): 162 A2
2021-10-03 14:15:07,049 - root - INFO -         4 (20): 325 145
2021-10-03 14:15:07,049 - root - INFO -         5 (28): 66 42
2021-10-03 14:15:07,049 - root - INFO -         6 (30): 0  0
2021-10-03 14:15:07,049 - root - INFO -         7 (38): 0  0
2021-10-03 14:15:07,049 - root - INFO -         8 (40): 18 12
2021-10-03 14:15:07,049 - root - INFO -         9 (48): 10  A
2021-10-03 14:15:07,049 - root - INFO -     3 (18): 52 34
2021-10-03 14:15:07,049 - root - INFO -     4 (20): 51 33
2021-10-03 14:15:07,049 - root - INFO - 2 (12): 8 bytes
2021-10-03 14:15:07,049 - root - INFO -     1 ( 8): 27 1B
2021-10-03 14:15:07,049 - root - INFO -     2 (10): 26 1A
2021-10-03 14:15:07,049 - root - INFO -     3 (18): 53 35
2021-10-03 14:15:07,049 - root - INFO -     4 (20): 12  C
2021-10-03 14:15:07,049 - root - INFO - Reading descriptor for parameter 12
2021-10-03 14:15:07,049 - root - INFO - Descriptor offset: 175, Descriptor length: 18
2021-10-03 14:15:07,049 - root - INFO - Parsing descriptor for parameter 12...
2021-10-03 14:15:07,049 - root - INFO - 2 (12): 8 bytes
2021-10-03 14:15:07,049 - root - INFO -     1 ( 8): 0  0
2021-10-03 14:15:07,049 - root - INFO -     2 (10): 0  0
2021-10-03 14:15:07,049 - root - INFO -     3 (18): 44 2C
2021-10-03 14:15:07,049 - root - INFO -     4 (20): 6  6
2021-10-03 14:15:07,049 - root - INFO - 7 (3A): 6 bytes
2021-10-03 14:15:07,049 - root - INFO -     1 ( 8): 0  0
2021-10-03 14:15:07,049 - root - INFO -     2 (10): 0  0
2021-10-03 14:15:07,049 - root - INFO -     3 (18): 50 32
2021-10-03 14:15:07,049 - root - INFO - Reading descriptor for parameter 29
2021-10-03 14:15:07,049 - root - INFO - Descriptor offset: 232, Descriptor length: 54
2021-10-03 14:15:07,049 - root - INFO - Parsing descriptor for parameter 29...
2021-10-03 14:15:07,049 - root - INFO - 1 ( A): 52 bytes
2021-10-03 14:15:07,049 - root - INFO -     1 ( A): 50 bytes
2021-10-03 14:15:07,049 - root - INFO -         1 ( A): 21 bytes
2021-10-03 14:15:07,049 - root - INFO -             1 ( A): 8 bytes
2021-10-03 14:15:07,049 - root - INFO -                 1 ( 8): 109 6D
2021-10-03 14:15:07,049 - root - INFO -                 2 (10): 90 5A
2021-10-03 14:15:07,049 - root - INFO -                 3 (18): 1  1
2021-10-03 14:15:07,049 - root - INFO -                 4 (20): 10  A
2021-10-03 14:15:07,049 - root - INFO -             2 (12): 9 bytes
2021-10-03 14:15:07,049 - root - INFO -                 1 ( 8): 157 9D
2021-10-03 14:15:07,049 - root - INFO -                 2 (10): 90 5A
2021-10-03 14:15:07,049 - root - INFO -                 3 (18): 1  1
2021-10-03 14:15:07,049 - root - INFO -                 4 (20): 10  A
2021-10-03 14:15:07,049 - root - INFO -         2 (12): 23 bytes
2021-10-03 14:15:07,049 - root - INFO -             1 ( A): 9 bytes
2021-10-03 14:15:07,049 - root - INFO -                 1 ( 8): 109 6D
2021-10-03 14:15:07,049 - root - INFO -                 2 (10): 164 A4
2021-10-03 14:15:07,049 - root - INFO -                 3 (18): 1  1
2021-10-03 14:15:07,049 - root - INFO -                 4 (20): 10  A
2021-10-03 14:15:07,049 - root - INFO -             2 (12): 10 bytes
2021-10-03 14:15:07,049 - root - INFO -                 1 ( 8): 157 9D
2021-10-03 14:15:07,049 - root - INFO -                 2 (10): 164 A4
2021-10-03 14:15:07,049 - root - INFO -                 3 (18): 1  1
2021-10-03 14:15:07,049 - root - INFO -                 4 (20): 10  A
2021-10-03 14:15:07,049 - root - INFO -         4 (20): 1  1
2021-10-03 14:15:07,049 - root - INFO - Reading resources offsets table with 65 elements (260 bytes)
2021-10-03 14:15:07,059 - root - INFO - Resource 0 offset: 693, length: 101656...
2021-10-03 14:15:07,059 - root - DEBUG - Reading resource 0...
2021-10-03 14:15:07,099 - root - INFO - The image is bmc.
2021-10-03 14:15:07,099 - root - INFO - Reading image header(readHeader16C)...
2021-10-03 14:15:07,099 - root - INFO - Image header was read:
2021-10-03 14:15:07,099 - root - INFO - Width: 210, Height: 242, RowLength: 420
2021-10-03 14:15:07,099 - root - INFO - _step: 2, unknown2: 0,
2021-10-03 14:15:07,099 - root - INFO - BPP: 16, Transparency: False
2021-10-03 14:15:07,329 - root - INFO - Resource 1 offset: 102349, length: 4760...
2021-10-03 14:15:07,329 - root - DEBUG - Reading resource 1...
2021-10-03 14:15:07,329 - root - INFO - The image is bme.
2021-10-03 14:15:07,329 - root - INFO - Reading image header(readHeader16E)...
2021-10-03 14:15:07,339 - root - INFO - Image header was read:
2021-10-03 14:15:07,339 - root - INFO - Width: 40, Height: 70, RowLength: 80
2021-10-03 14:15:07,339 - root - INFO - datalength: 4744, _step: 2
2021-10-03 14:15:07,339 - root - INFO - BPP: 16, Transparency: False
2021-10-03 14:15:07,349 - root - INFO - Resource 2 offset: 107109, length: 2352...
2021-10-03 14:15:07,349 - root - DEBUG - Reading resource 2...
2021-10-03 14:15:07,349 - root - INFO - The image is bme.
2021-10-03 14:15:07,349 - root - INFO - Reading image header(readHeader16E)...
2021-10-03 14:15:07,349 - root - INFO - Image header was read:
2021-10-03 14:15:07,349 - root - INFO - Width: 40, Height: 70, RowLength: 80
2021-10-03 14:15:07,349 - root - INFO - datalength: 2336, _step: 2
2021-10-03 14:15:07,349 - root - INFO - BPP: 16, Transparency: False
2021-10-03 14:15:07,349 - root - INFO - Resource 3 offset: 109461, length: 3624...
2021-10-03 14:15:07,349 - root - DEBUG - Reading resource 3...
2021-10-03 14:15:07,349 - root - INFO - The image is bme.
2021-10-03 14:15:07,349 - root - INFO - Reading image header(readHeader16E)...
2021-10-03 14:15:07,349 - root - INFO - Image header was read:
2021-10-03 14:15:07,349 - root - INFO - Width: 40, Height: 70, RowLength: 80
2021-10-03 14:15:07,349 - root - INFO - datalength: 3608, _step: 2
2021-10-03 14:15:07,349 - root - INFO - BPP: 16, Transparency: False
2021-10-03 14:15:07,359 - root - INFO - Resource 4 offset: 113085, length: 3888...
2021-10-03 14:15:07,359 - root - DEBUG - Reading resource 4...
2021-10-03 14:15:07,359 - root - INFO - The image is bme.
2021-10-03 14:15:07,359 - root - INFO - Reading image header(readHeader16E)...
2021-10-03 14:15:07,359 - root - INFO - Image header was read:
2021-10-03 14:15:07,359 - root - INFO - Width: 40, Height: 70, RowLength: 80
2021-10-03 14:15:07,359 - root - INFO - datalength: 3872, _step: 2
2021-10-03 14:15:07,359 - root - INFO - BPP: 16, Transparency: False
2021-10-03 14:15:07,369 - root - INFO - Resource 5 offset: 116973, length: 3444...
2021-10-03 14:15:07,369 - root - DEBUG - Reading resource 5...
2021-10-03 14:15:07,369 - root - INFO - The image is bme.
2021-10-03 14:15:07,369 - root - INFO - Reading image header(readHeader16E)...
2021-10-03 14:15:07,369 - root - INFO - Image header was read:
2021-10-03 14:15:07,369 - root - INFO - Width: 40, Height: 70, RowLength: 80
2021-10-03 14:15:07,369 - root - INFO - datalength: 3428, _step: 2
2021-10-03 14:15:07,369 - root - INFO - BPP: 16, Transparency: False
2021-10-03 14:15:07,379 - root - INFO - Resource 6 offset: 120417, length: 4212...
2021-10-03 14:15:07,379 - root - DEBUG - Reading resource 6...
2021-10-03 14:15:07,379 - root - INFO - The image is bme.
2021-10-03 14:15:07,379 - root - INFO - Reading image header(readHeader16E)...
2021-10-03 14:15:07,379 - root - INFO - Image header was read:
2021-10-03 14:15:07,379 - root - INFO - Width: 40, Height: 70, RowLength: 80
2021-10-03 14:15:07,379 - root - INFO - datalength: 4196, _step: 2
2021-10-03 14:15:07,379 - root - INFO - BPP: 16, Transparency: False
2021-10-03 14:15:07,379 - root - INFO - Resource 7 offset: 124629, length: 4638...
2021-10-03 14:15:07,379 - root - DEBUG - Reading resource 7...
2021-10-03 14:15:07,379 - root - INFO - The image is bme.
2021-10-03 14:15:07,389 - root - INFO - Reading image header(readHeader16E)...
2021-10-03 14:15:07,389 - root - INFO - Image header was read:
2021-10-03 14:15:07,389 - root - INFO - Width: 40, Height: 70, RowLength: 80
2021-10-03 14:15:07,389 - root - INFO - datalength: 4622, _step: 2
2021-10-03 14:15:07,389 - root - INFO - BPP: 16, Transparency: False
2021-10-03 14:15:07,389 - root - INFO - Resource 8 offset: 129267, length: 2728...
2021-10-03 14:15:07,389 - root - DEBUG - Reading resource 8...
2021-10-03 14:15:07,389 - root - INFO - The image is bme.
2021-10-03 14:15:07,399 - root - INFO - Reading image header(readHeader16E)...
2021-10-03 14:15:07,399 - root - INFO - Image header was read:
2021-10-03 14:15:07,399 - root - INFO - Width: 40, Height: 70, RowLength: 80
2021-10-03 14:15:07,399 - root - INFO - datalength: 2712, _step: 2
2021-10-03 14:15:07,399 - root - INFO - BPP: 16, Transparency: False
2021-10-03 14:15:07,399 - root - INFO - Resource 9 offset: 131995, length: 4796...
2021-10-03 14:15:07,399 - root - DEBUG - Reading resource 9...
2021-10-03 14:15:07,399 - root - INFO - The image is bme.
2021-10-03 14:15:07,399 - root - INFO - Reading image header(readHeader16E)...
2021-10-03 14:15:07,399 - root - INFO - Image header was read:
2021-10-03 14:15:07,399 - root - INFO - Width: 40, Height: 70, RowLength: 80
2021-10-03 14:15:07,399 - root - INFO - datalength: 4780, _step: 2
2021-10-03 14:15:07,399 - root - INFO - BPP: 16, Transparency: False
2021-10-03 14:15:07,409 - root - INFO - Resource 10 offset: 136791, length: 4642...
2021-10-03 14:15:07,409 - root - DEBUG - Reading resource 10...
2021-10-03 14:15:07,409 - root - INFO - The image is bme.
2021-10-03 14:15:07,409 - root - INFO - Reading image header(readHeader16E)...
2021-10-03 14:15:07,409 - root - INFO - Image header was read:
2021-10-03 14:15:07,409 - root - INFO - Width: 40, Height: 70, RowLength: 80
2021-10-03 14:15:07,409 - root - INFO - datalength: 4626, _step: 2
2021-10-03 14:15:07,409 - root - INFO - BPP: 16, Transparency: False
2021-10-03 14:15:07,419 - root - INFO - Resource 11 offset: 141433, length: 4732...
2021-10-03 14:15:07,419 - root - DEBUG - Reading resource 11...
2021-10-03 14:15:07,419 - root - INFO - The image is bme.
2021-10-03 14:15:07,419 - root - INFO - Reading image header(readHeader16E)...
2021-10-03 14:15:07,419 - root - INFO - Image header was read:
2021-10-03 14:15:07,419 - root - INFO - Width: 81, Height: 31, RowLength: 162
2021-10-03 14:15:07,419 - root - INFO - datalength: 4716, _step: 2
2021-10-03 14:15:07,419 - root - INFO - BPP: 16, Transparency: False
2021-10-03 14:15:07,439 - root - INFO - Resource 12 offset: 146165, length: 4732...
2021-10-03 14:15:07,439 - root - DEBUG - Reading resource 12...
2021-10-03 14:15:07,439 - root - INFO - The image is bme.
2021-10-03 14:15:07,439 - root - INFO - Reading image header(readHeader16E)...
2021-10-03 14:15:07,439 - root - INFO - Image header was read:
2021-10-03 14:15:07,439 - root - INFO - Width: 81, Height: 31, RowLength: 162
2021-10-03 14:15:07,439 - root - INFO - datalength: 4716, _step: 2
2021-10-03 14:15:07,439 - root - INFO - BPP: 16, Transparency: False
2021-10-03 14:15:07,449 - root - INFO - Resource 13 offset: 150897, length: 4732...
2021-10-03 14:15:07,449 - root - DEBUG - Reading resource 13...
2021-10-03 14:15:07,449 - root - INFO - The image is bme.
2021-10-03 14:15:07,449 - root - INFO - Reading image header(readHeader16E)...
2021-10-03 14:15:07,449 - root - INFO - Image header was read:
2021-10-03 14:15:07,449 - root - INFO - Width: 81, Height: 31, RowLength: 162
2021-10-03 14:15:07,449 - root - INFO - datalength: 4716, _step: 2
2021-10-03 14:15:07,449 - root - INFO - BPP: 16, Transparency: False
2021-10-03 14:15:07,459 - root - INFO - Resource 14 offset: 155629, length: 4732...
2021-10-03 14:15:07,459 - root - DEBUG - Reading resource 14...
2021-10-03 14:15:07,459 - root - INFO - The image is bme.
2021-10-03 14:15:07,459 - root - INFO - Reading image header(readHeader16E)...
2021-10-03 14:15:07,459 - root - INFO - Image header was read:
2021-10-03 14:15:07,459 - root - INFO - Width: 81, Height: 31, RowLength: 162
2021-10-03 14:15:07,459 - root - INFO - datalength: 4716, _step: 2
2021-10-03 14:15:07,459 - root - INFO - BPP: 16, Transparency: False
2021-10-03 14:15:07,469 - root - INFO - Resource 15 offset: 160361, length: 4732...
2021-10-03 14:15:07,469 - root - DEBUG - Reading resource 15...
2021-10-03 14:15:07,469 - root - INFO - The image is bme.
2021-10-03 14:15:07,469 - root - INFO - Reading image header(readHeader16E)...
2021-10-03 14:15:07,469 - root - INFO - Image header was read:
2021-10-03 14:15:07,469 - root - INFO - Width: 81, Height: 31, RowLength: 162
2021-10-03 14:15:07,469 - root - INFO - datalength: 4716, _step: 2
2021-10-03 14:15:07,469 - root - INFO - BPP: 16, Transparency: False
2021-10-03 14:15:07,485 - root - INFO - Resource 16 offset: 165093, length: 4732...
2021-10-03 14:15:07,485 - root - DEBUG - Reading resource 16...
2021-10-03 14:15:07,485 - root - INFO - The image is bme.
2021-10-03 14:15:07,485 - root - INFO - Reading image header(readHeader16E)...
2021-10-03 14:15:07,485 - root - INFO - Image header was read:
2021-10-03 14:15:07,485 - root - INFO - Width: 81, Height: 31, RowLength: 162
2021-10-03 14:15:07,485 - root - INFO - datalength: 4716, _step: 2
2021-10-03 14:15:07,489 - root - INFO - BPP: 16, Transparency: False
2021-10-03 14:15:07,489 - root - INFO - Resource 17 offset: 169825, length: 4732...
2021-10-03 14:15:07,489 - root - DEBUG - Reading resource 17...
2021-10-03 14:15:07,489 - root - INFO - The image is bme.
2021-10-03 14:15:07,489 - root - INFO - Reading image header(readHeader16E)...
2021-10-03 14:15:07,489 - root - INFO - Image header was read:
2021-10-03 14:15:07,489 - root - INFO - Width: 81, Height: 31, RowLength: 162
2021-10-03 14:15:07,499 - root - INFO - datalength: 4716, _step: 2
2021-10-03 14:15:07,499 - root - INFO - BPP: 16, Transparency: False
2021-10-03 14:15:07,509 - root - INFO - Resource 18 offset: 174557, length: 664...
2021-10-03 14:15:07,509 - root - DEBUG - Reading resource 18...
2021-10-03 14:15:07,509 - root - INFO - The image is bmc.
2021-10-03 14:15:07,509 - root - INFO - Reading image header(readHeader16C)...
2021-10-03 14:15:07,509 - root - INFO - Image header was read:
2021-10-03 14:15:07,509 - root - INFO - Width: 12, Height: 18, RowLength: 36
2021-10-03 14:15:07,509 - root - INFO - _step: 3, unknown2: 0,
2021-10-03 14:15:07,509 - root - INFO - BPP: 24, Transparency: False
2021-10-03 14:15:07,509 - root - INFO - Resource 19 offset: 175221, length: 664...
2021-10-03 14:15:07,509 - root - DEBUG - Reading resource 19...
2021-10-03 14:15:07,509 - root - INFO - The image is bmc.
2021-10-03 14:15:07,509 - root - INFO - Reading image header(readHeader16C)...
2021-10-03 14:15:07,509 - root - INFO - Image header was read:
2021-10-03 14:15:07,509 - root - INFO - Width: 12, Height: 18, RowLength: 36
2021-10-03 14:15:07,509 - root - INFO - _step: 3, unknown2: 0,
2021-10-03 14:15:07,509 - root - INFO - BPP: 24, Transparency: False
2021-10-03 14:15:07,509 - root - INFO - Resource 20 offset: 175885, length: 664...
2021-10-03 14:15:07,509 - root - DEBUG - Reading resource 20...
2021-10-03 14:15:07,509 - root - INFO - The image is bmc.
2021-10-03 14:15:07,509 - root - INFO - Reading image header(readHeader16C)...
2021-10-03 14:15:07,509 - root - INFO - Image header was read:
2021-10-03 14:15:07,509 - root - INFO - Width: 12, Height: 18, RowLength: 36
2021-10-03 14:15:07,509 - root - INFO - _step: 3, unknown2: 0,
2021-10-03 14:15:07,509 - root - INFO - BPP: 24, Transparency: False
2021-10-03 14:15:07,509 - root - INFO - Resource 21 offset: 176549, length: 664...
2021-10-03 14:15:07,509 - root - DEBUG - Reading resource 21...
2021-10-03 14:15:07,509 - root - INFO - The image is bmc.
2021-10-03 14:15:07,509 - root - INFO - Reading image header(readHeader16C)...
2021-10-03 14:15:07,509 - root - INFO - Image header was read:
2021-10-03 14:15:07,509 - root - INFO - Width: 12, Height: 18, RowLength: 36
2021-10-03 14:15:07,509 - root - INFO - _step: 3, unknown2: 0,
2021-10-03 14:15:07,509 - root - INFO - BPP: 24, Transparency: False
2021-10-03 14:15:07,509 - root - INFO - Resource 22 offset: 177213, length: 664...
2021-10-03 14:15:07,509 - root - DEBUG - Reading resource 22...
2021-10-03 14:15:07,509 - root - INFO - The image is bmc.
2021-10-03 14:15:07,509 - root - INFO - Reading image header(readHeader16C)...
2021-10-03 14:15:07,509 - root - INFO - Image header was read:
2021-10-03 14:15:07,509 - root - INFO - Width: 12, Height: 18, RowLength: 36
2021-10-03 14:15:07,509 - root - INFO - _step: 3, unknown2: 0,
2021-10-03 14:15:07,509 - root - INFO - BPP: 24, Transparency: False
2021-10-03 14:15:07,509 - root - INFO - Resource 23 offset: 177877, length: 664...
2021-10-03 14:15:07,509 - root - DEBUG - Reading resource 23...
2021-10-03 14:15:07,509 - root - INFO - The image is bmc.
2021-10-03 14:15:07,509 - root - INFO - Reading image header(readHeader16C)...
2021-10-03 14:15:07,509 - root - INFO - Image header was read:
2021-10-03 14:15:07,509 - root - INFO - Width: 12, Height: 18, RowLength: 36
2021-10-03 14:15:07,509 - root - INFO - _step: 3, unknown2: 0,
2021-10-03 14:15:07,509 - root - INFO - BPP: 24, Transparency: False
2021-10-03 14:15:07,517 - root - INFO - Resource 24 offset: 178541, length: 664...
2021-10-03 14:15:07,517 - root - DEBUG - Reading resource 24...
2021-10-03 14:15:07,517 - root - INFO - The image is bmc.
2021-10-03 14:15:07,517 - root - INFO - Reading image header(readHeader16C)...
2021-10-03 14:15:07,517 - root - INFO - Image header was read:
2021-10-03 14:15:07,517 - root - INFO - Width: 12, Height: 18, RowLength: 36
2021-10-03 14:15:07,517 - root - INFO - _step: 3, unknown2: 0,
2021-10-03 14:15:07,517 - root - INFO - BPP: 24, Transparency: False
2021-10-03 14:15:07,519 - root - INFO - Resource 25 offset: 179205, length: 664...
2021-10-03 14:15:07,519 - root - DEBUG - Reading resource 25...
2021-10-03 14:15:07,519 - root - INFO - The image is bmc.
2021-10-03 14:15:07,519 - root - INFO - Reading image header(readHeader16C)...
2021-10-03 14:15:07,519 - root - INFO - Image header was read:
2021-10-03 14:15:07,519 - root - INFO - Width: 12, Height: 18, RowLength: 36
2021-10-03 14:15:07,519 - root - INFO - _step: 3, unknown2: 0,
2021-10-03 14:15:07,519 - root - INFO - BPP: 24, Transparency: False
2021-10-03 14:15:07,519 - root - INFO - Resource 26 offset: 179869, length: 664...
2021-10-03 14:15:07,519 - root - DEBUG - Reading resource 26...
2021-10-03 14:15:07,519 - root - INFO - The image is bmc.
2021-10-03 14:15:07,519 - root - INFO - Reading image header(readHeader16C)...
2021-10-03 14:15:07,519 - root - INFO - Image header was read:
2021-10-03 14:15:07,519 - root - INFO - Width: 12, Height: 18, RowLength: 36
2021-10-03 14:15:07,519 - root - INFO - _step: 3, unknown2: 0,
2021-10-03 14:15:07,519 - root - INFO - BPP: 24, Transparency: False
2021-10-03 14:15:07,519 - root - INFO - Resource 27 offset: 180533, length: 664...
2021-10-03 14:15:07,519 - root - DEBUG - Reading resource 27...
2021-10-03 14:15:07,519 - root - INFO - The image is bmc.
2021-10-03 14:15:07,519 - root - INFO - Reading image header(readHeader16C)...
2021-10-03 14:15:07,519 - root - INFO - Image header was read:
2021-10-03 14:15:07,519 - root - INFO - Width: 12, Height: 18, RowLength: 36
2021-10-03 14:15:07,519 - root - INFO - _step: 3, unknown2: 0,
2021-10-03 14:15:07,519 - root - INFO - BPP: 24, Transparency: False
2021-10-03 14:15:07,519 - root - INFO - Resource 28 offset: 181197, length: 1930...
2021-10-03 14:15:07,519 - root - DEBUG - Reading resource 28...
2021-10-03 14:15:07,519 - root - INFO - The image is bmc.
2021-10-03 14:15:07,519 - root - INFO - Reading image header(readHeader16C)...
2021-10-03 14:15:07,519 - root - INFO - Image header was read:
2021-10-03 14:15:07,519 - root - INFO - Width: 29, Height: 22, RowLength: 87
2021-10-03 14:15:07,519 - root - INFO - _step: 3, unknown2: 0,
2021-10-03 14:15:07,519 - root - INFO - BPP: 24, Transparency: False
2021-10-03 14:15:07,519 - root - INFO - Resource 29 offset: 183127, length: 1864...
2021-10-03 14:15:07,519 - root - DEBUG - Reading resource 29...
2021-10-03 14:15:07,519 - root - INFO - The image is bmc.
2021-10-03 14:15:07,519 - root - INFO - Reading image header(readHeader16C)...
2021-10-03 14:15:07,519 - root - INFO - Image header was read:
2021-10-03 14:15:07,519 - root - INFO - Width: 28, Height: 22, RowLength: 84
2021-10-03 14:15:07,519 - root - INFO - _step: 3, unknown2: 0,
2021-10-03 14:15:07,519 - root - INFO - BPP: 24, Transparency: False
2021-10-03 14:15:07,529 - root - INFO - Resource 30 offset: 184991, length: 1042...
2021-10-03 14:15:07,529 - root - DEBUG - Reading resource 30...
2021-10-03 14:15:07,529 - root - INFO - The image is bmc.
2021-10-03 14:15:07,529 - root - INFO - Reading image header(readHeader16C)...
2021-10-03 14:15:07,529 - root - INFO - Image header was read:
2021-10-03 14:15:07,529 - root - INFO - Width: 19, Height: 18, RowLength: 57
2021-10-03 14:15:07,529 - root - INFO - _step: 3, unknown2: 0,
2021-10-03 14:15:07,529 - root - INFO - BPP: 24, Transparency: False
2021-10-03 14:15:07,529 - root - INFO - Resource 31 offset: 186033, length: 39232...
2021-10-03 14:15:07,529 - root - DEBUG - Reading resource 31...
2021-10-03 14:15:07,529 - root - INFO - The image is bme.
2021-10-03 14:15:07,529 - root - INFO - Reading image header(readHeader16E)...
2021-10-03 14:15:07,529 - root - INFO - Image header was read:
2021-10-03 14:15:07,529 - root - INFO - Width: 200, Height: 250, RowLength: 400
2021-10-03 14:15:07,529 - root - INFO - datalength: 39216, _step: 2
2021-10-03 14:15:07,529 - root - INFO - BPP: 16, Transparency: False
2021-10-03 14:15:07,609 - root - INFO - Resource 32 offset: 225265, length: 39232...
2021-10-03 14:15:07,609 - root - DEBUG - Reading resource 32...
2021-10-03 14:15:07,609 - root - INFO - The image is bme.
2021-10-03 14:15:07,609 - root - INFO - Reading image header(readHeader16E)...
2021-10-03 14:15:07,609 - root - INFO - Image header was read:
2021-10-03 14:15:07,609 - root - INFO - Width: 200, Height: 250, RowLength: 400
2021-10-03 14:15:07,609 - root - INFO - datalength: 39216, _step: 2
2021-10-03 14:15:07,609 - root - INFO - BPP: 16, Transparency: False
2021-10-03 14:15:07,689 - root - INFO - Resource 33 offset: 264497, length: 39252...
2021-10-03 14:15:07,689 - root - DEBUG - Reading resource 33...
2021-10-03 14:15:07,689 - root - INFO - The image is bme.
2021-10-03 14:15:07,689 - root - INFO - Reading image header(readHeader16E)...
2021-10-03 14:15:07,689 - root - INFO - Image header was read:
2021-10-03 14:15:07,689 - root - INFO - Width: 200, Height: 250, RowLength: 400
2021-10-03 14:15:07,689 - root - INFO - datalength: 39236, _step: 2
2021-10-03 14:15:07,689 - root - INFO - BPP: 16, Transparency: False
2021-10-03 14:15:07,769 - root - INFO - Resource 34 offset: 303749, length: 39252...
2021-10-03 14:15:07,769 - root - DEBUG - Reading resource 34...
2021-10-03 14:15:07,769 - root - INFO - The image is bme.
2021-10-03 14:15:07,769 - root - INFO - Reading image header(readHeader16E)...
2021-10-03 14:15:07,769 - root - INFO - Image header was read:
2021-10-03 14:15:07,769 - root - INFO - Width: 200, Height: 250, RowLength: 400
2021-10-03 14:15:07,769 - root - INFO - datalength: 39236, _step: 2
2021-10-03 14:15:07,769 - root - INFO - BPP: 16, Transparency: False
2021-10-03 14:15:07,849 - root - INFO - Resource 35 offset: 343001, length: 39252...
2021-10-03 14:15:07,849 - root - DEBUG - Reading resource 35...
2021-10-03 14:15:07,849 - root - INFO - The image is bme.
2021-10-03 14:15:07,849 - root - INFO - Reading image header(readHeader16E)...
2021-10-03 14:15:07,849 - root - INFO - Image header was read:
2021-10-03 14:15:07,849 - root - INFO - Width: 200, Height: 250, RowLength: 400
2021-10-03 14:15:07,849 - root - INFO - datalength: 39236, _step: 2
2021-10-03 14:15:07,849 - root - INFO - BPP: 16, Transparency: False
2021-10-03 14:15:07,929 - root - INFO - Resource 36 offset: 382253, length: 39272...
2021-10-03 14:15:07,929 - root - DEBUG - Reading resource 36...
2021-10-03 14:15:07,929 - root - INFO - The image is bme.
2021-10-03 14:15:07,929 - root - INFO - Reading image header(readHeader16E)...
2021-10-03 14:15:07,929 - root - INFO - Image header was read:
2021-10-03 14:15:07,929 - root - INFO - Width: 200, Height: 250, RowLength: 400
2021-10-03 14:15:07,929 - root - INFO - datalength: 39256, _step: 2
2021-10-03 14:15:07,929 - root - INFO - BPP: 16, Transparency: False
2021-10-03 14:15:08,018 - root - INFO - Resource 37 offset: 421525, length: 39272...
2021-10-03 14:15:08,019 - root - DEBUG - Reading resource 37...
2021-10-03 14:15:08,019 - root - INFO - The image is bme.
2021-10-03 14:15:08,019 - root - INFO - Reading image header(readHeader16E)...
2021-10-03 14:15:08,019 - root - INFO - Image header was read:
2021-10-03 14:15:08,019 - root - INFO - Width: 200, Height: 250, RowLength: 400
2021-10-03 14:15:08,019 - root - INFO - datalength: 39256, _step: 2
2021-10-03 14:15:08,019 - root - INFO - BPP: 16, Transparency: False
2021-10-03 14:15:08,109 - root - INFO - Resource 38 offset: 460797, length: 39272...
2021-10-03 14:15:08,109 - root - DEBUG - Reading resource 38...
2021-10-03 14:15:08,109 - root - INFO - The image is bme.
2021-10-03 14:15:08,109 - root - INFO - Reading image header(readHeader16E)...
2021-10-03 14:15:08,109 - root - INFO - Image header was read:
2021-10-03 14:15:08,109 - root - INFO - Width: 200, Height: 250, RowLength: 400
2021-10-03 14:15:08,109 - root - INFO - datalength: 39256, _step: 2
2021-10-03 14:15:08,109 - root - INFO - BPP: 16, Transparency: False
2021-10-03 14:15:08,189 - root - INFO - Resource 39 offset: 500069, length: 39292...
2021-10-03 14:15:08,189 - root - DEBUG - Reading resource 39...
2021-10-03 14:15:08,189 - root - INFO - The image is bme.
2021-10-03 14:15:08,189 - root - INFO - Reading image header(readHeader16E)...
2021-10-03 14:15:08,189 - root - INFO - Image header was read:
2021-10-03 14:15:08,189 - root - INFO - Width: 200, Height: 250, RowLength: 400
2021-10-03 14:15:08,189 - root - INFO - datalength: 39276, _step: 2
2021-10-03 14:15:08,189 - root - INFO - BPP: 16, Transparency: False
2021-10-03 14:15:08,269 - root - INFO - Resource 40 offset: 539361, length: 39292...
2021-10-03 14:15:08,269 - root - DEBUG - Reading resource 40...
2021-10-03 14:15:08,269 - root - INFO - The image is bme.
2021-10-03 14:15:08,269 - root - INFO - Reading image header(readHeader16E)...
2021-10-03 14:15:08,269 - root - INFO - Image header was read:
2021-10-03 14:15:08,269 - root - INFO - Width: 200, Height: 250, RowLength: 400
2021-10-03 14:15:08,269 - root - INFO - datalength: 39276, _step: 2
2021-10-03 14:15:08,269 - root - INFO - BPP: 16, Transparency: False
2021-10-03 14:15:08,359 - root - INFO - Resource 41 offset: 578653, length: 39292...
2021-10-03 14:15:08,359 - root - DEBUG - Reading resource 41...
2021-10-03 14:15:08,359 - root - INFO - The image is bme.
2021-10-03 14:15:08,359 - root - INFO - Reading image header(readHeader16E)...
2021-10-03 14:15:08,359 - root - INFO - Image header was read:
2021-10-03 14:15:08,359 - root - INFO - Width: 200, Height: 250, RowLength: 400
2021-10-03 14:15:08,359 - root - INFO - datalength: 39276, _step: 2
2021-10-03 14:15:08,359 - root - INFO - BPP: 16, Transparency: False
2021-10-03 14:15:08,439 - root - INFO - Resource 42 offset: 617945, length: 39312...
2021-10-03 14:15:08,439 - root - DEBUG - Reading resource 42...
2021-10-03 14:15:08,439 - root - INFO - The image is bme.
2021-10-03 14:15:08,439 - root - INFO - Reading image header(readHeader16E)...
2021-10-03 14:15:08,439 - root - INFO - Image header was read:
2021-10-03 14:15:08,439 - root - INFO - Width: 200, Height: 250, RowLength: 400
2021-10-03 14:15:08,439 - root - INFO - datalength: 39296, _step: 2
2021-10-03 14:15:08,439 - root - INFO - BPP: 16, Transparency: False
2021-10-03 14:15:08,519 - root - INFO - Resource 43 offset: 657257, length: 39232...
2021-10-03 14:15:08,519 - root - DEBUG - Reading resource 43...
2021-10-03 14:15:08,519 - root - INFO - The image is bme.
2021-10-03 14:15:08,519 - root - INFO - Reading image header(readHeader16E)...
2021-10-03 14:15:08,519 - root - INFO - Image header was read:
2021-10-03 14:15:08,519 - root - INFO - Width: 200, Height: 250, RowLength: 400
2021-10-03 14:15:08,519 - root - INFO - datalength: 39216, _step: 2
2021-10-03 14:15:08,519 - root - INFO - BPP: 16, Transparency: False
2021-10-03 14:15:08,599 - root - INFO - Resource 44 offset: 696489, length: 56742...
2021-10-03 14:15:08,599 - root - DEBUG - Reading resource 44...
2021-10-03 14:15:08,599 - root - INFO - The image is bme.
2021-10-03 14:15:08,599 - root - INFO - Reading image header(readHeader16E)...
2021-10-03 14:15:08,599 - root - INFO - Image header was read:
2021-10-03 14:15:08,599 - root - INFO - Width: 306, Height: 354, RowLength: 612
2021-10-03 14:15:08,599 - root - INFO - datalength: 56726, _step: 2
2021-10-03 14:15:08,599 - root - INFO - BPP: 16, Transparency: False
2021-10-03 14:15:08,709 - root - INFO - Resource 45 offset: 753231, length: 56764...
2021-10-03 14:15:08,718 - root - DEBUG - Reading resource 45...
2021-10-03 14:15:08,718 - root - INFO - The image is bme.
2021-10-03 14:15:08,718 - root - INFO - Reading image header(readHeader16E)...
2021-10-03 14:15:08,718 - root - INFO - Image header was read:
2021-10-03 14:15:08,718 - root - INFO - Width: 306, Height: 354, RowLength: 612
2021-10-03 14:15:08,718 - root - INFO - datalength: 56748, _step: 2
2021-10-03 14:15:08,718 - root - INFO - BPP: 16, Transparency: False
2021-10-03 14:15:08,829 - root - INFO - Resource 46 offset: 809995, length: 56808...
2021-10-03 14:15:08,829 - root - DEBUG - Reading resource 46...
2021-10-03 14:15:08,829 - root - INFO - The image is bme.
2021-10-03 14:15:08,829 - root - INFO - Reading image header(readHeader16E)...
2021-10-03 14:15:08,829 - root - INFO - Image header was read:
2021-10-03 14:15:08,829 - root - INFO - Width: 306, Height: 354, RowLength: 612
2021-10-03 14:15:08,829 - root - INFO - datalength: 56792, _step: 2
2021-10-03 14:15:08,829 - root - INFO - BPP: 16, Transparency: False
2021-10-03 14:15:08,962 - root - INFO - Resource 47 offset: 866803, length: 56830...
2021-10-03 14:15:08,962 - root - DEBUG - Reading resource 47...
2021-10-03 14:15:08,962 - root - INFO - The image is bme.
2021-10-03 14:15:08,962 - root - INFO - Reading image header(readHeader16E)...
2021-10-03 14:15:08,962 - root - INFO - Image header was read:
2021-10-03 14:15:08,962 - root - INFO - Width: 306, Height: 354, RowLength: 612
2021-10-03 14:15:08,962 - root - INFO - datalength: 56814, _step: 2
2021-10-03 14:15:08,962 - root - INFO - BPP: 16, Transparency: False
2021-10-03 14:15:09,080 - root - INFO - Resource 48 offset: 923633, length: 56854...
2021-10-03 14:15:09,080 - root - DEBUG - Reading resource 48...
2021-10-03 14:15:09,080 - root - INFO - The image is bme.
2021-10-03 14:15:09,080 - root - INFO - Reading image header(readHeader16E)...
2021-10-03 14:15:09,080 - root - INFO - Image header was read:
2021-10-03 14:15:09,080 - root - INFO - Width: 306, Height: 354, RowLength: 612
2021-10-03 14:15:09,080 - root - INFO - datalength: 56838, _step: 2
2021-10-03 14:15:09,080 - root - INFO - BPP: 16, Transparency: False
2021-10-03 14:15:09,209 - root - INFO - Resource 49 offset: 980487, length: 56968...
2021-10-03 14:15:09,209 - root - DEBUG - Reading resource 49...
2021-10-03 14:15:09,209 - root - INFO - The image is bme.
2021-10-03 14:15:09,209 - root - INFO - Reading image header(readHeader16E)...
2021-10-03 14:15:09,209 - root - INFO - Image header was read:
2021-10-03 14:15:09,209 - root - INFO - Width: 306, Height: 354, RowLength: 612
2021-10-03 14:15:09,209 - root - INFO - datalength: 56952, _step: 2
2021-10-03 14:15:09,209 - root - INFO - BPP: 16, Transparency: False
2021-10-03 14:15:09,329 - root - INFO - Resource 50 offset: 1037455, length: 56720...
2021-10-03 14:15:09,329 - root - DEBUG - Reading resource 50...
2021-10-03 14:15:09,329 - root - INFO - The image is bme.
2021-10-03 14:15:09,329 - root - INFO - Reading image header(readHeader16E)...
2021-10-03 14:15:09,329 - root - INFO - Image header was read:
2021-10-03 14:15:09,329 - root - INFO - Width: 306, Height: 354, RowLength: 612
2021-10-03 14:15:09,329 - root - INFO - datalength: 56704, _step: 2
2021-10-03 14:15:09,329 - root - INFO - BPP: 16, Transparency: False
2021-10-03 14:15:09,450 - root - INFO - Resource 51 offset: 1094175, length: 1042...
2021-10-03 14:15:09,450 - root - DEBUG - Reading resource 51...
2021-10-03 14:15:09,450 - root - INFO - The image is bmc.
2021-10-03 14:15:09,450 - root - INFO - Reading image header(readHeader16C)...
2021-10-03 14:15:09,450 - root - INFO - Image header was read:
2021-10-03 14:15:09,450 - root - INFO - Width: 19, Height: 18, RowLength: 57
2021-10-03 14:15:09,450 - root - INFO - _step: 3, unknown2: 0,
2021-10-03 14:15:09,450 - root - INFO - BPP: 24, Transparency: False
2021-10-03 14:15:09,450 - root - INFO - Resource 52 offset: 1095217, length: 1798...
2021-10-03 14:15:09,450 - root - DEBUG - Reading resource 52...
2021-10-03 14:15:09,450 - root - INFO - The image is bmc.
2021-10-03 14:15:09,450 - root - INFO - Reading image header(readHeader16C)...
2021-10-03 14:15:09,450 - root - INFO - Image header was read:
2021-10-03 14:15:09,450 - root - INFO - Width: 27, Height: 22, RowLength: 81
2021-10-03 14:15:09,450 - root - INFO - _step: 3, unknown2: 0,
2021-10-03 14:15:09,450 - root - INFO - BPP: 24, Transparency: False
2021-10-03 14:15:09,450 - root - INFO - Resource 53 offset: 1097015, length: 47960...
2021-10-03 14:15:09,450 - root - DEBUG - Reading resource 53...
2021-10-03 14:15:09,450 - root - INFO - The image is bme.
2021-10-03 14:15:09,450 - root - INFO - Reading image header(readHeader16E)...
2021-10-03 14:15:09,450 - root - INFO - Image header was read:
2021-10-03 14:15:09,450 - root - INFO - Width: 252, Height: 302, RowLength: 504
2021-10-03 14:15:09,450 - root - INFO - datalength: 47944, _step: 2
2021-10-03 14:15:09,450 - root - INFO - BPP: 16, Transparency: False
2021-10-03 14:15:09,550 - root - INFO - Resource 54 offset: 1144975, length: 47960...
2021-10-03 14:15:09,550 - root - DEBUG - Reading resource 54...
2021-10-03 14:15:09,550 - root - INFO - The image is bme.
2021-10-03 14:15:09,550 - root - INFO - Reading image header(readHeader16E)...
2021-10-03 14:15:09,550 - root - INFO - Image header was read:
2021-10-03 14:15:09,550 - root - INFO - Width: 252, Height: 302, RowLength: 504
2021-10-03 14:15:09,550 - root - INFO - datalength: 47944, _step: 2
2021-10-03 14:15:09,550 - root - INFO - BPP: 16, Transparency: False
2021-10-03 14:15:09,645 - root - INFO - Resource 55 offset: 1192935, length: 48002...
2021-10-03 14:15:09,645 - root - DEBUG - Reading resource 55...
2021-10-03 14:15:09,645 - root - INFO - The image is bme.
2021-10-03 14:15:09,645 - root - INFO - Reading image header(readHeader16E)...
2021-10-03 14:15:09,645 - root - INFO - Image header was read:
2021-10-03 14:15:09,645 - root - INFO - Width: 252, Height: 302, RowLength: 504
2021-10-03 14:15:09,645 - root - INFO - datalength: 47986, _step: 2
2021-10-03 14:15:09,645 - root - INFO - BPP: 16, Transparency: False
2021-10-03 14:15:09,739 - root - INFO - Resource 56 offset: 1240937, length: 48002...
2021-10-03 14:15:09,739 - root - DEBUG - Reading resource 56...
2021-10-03 14:15:09,739 - root - INFO - The image is bme.
2021-10-03 14:15:09,739 - root - INFO - Reading image header(readHeader16E)...
2021-10-03 14:15:09,739 - root - INFO - Image header was read:
2021-10-03 14:15:09,739 - root - INFO - Width: 252, Height: 302, RowLength: 504
2021-10-03 14:15:09,739 - root - INFO - datalength: 47986, _step: 2
2021-10-03 14:15:09,739 - root - INFO - BPP: 16, Transparency: False
2021-10-03 14:15:09,839 - root - INFO - Resource 57 offset: 1288939, length: 48002...
2021-10-03 14:15:09,839 - root - DEBUG - Reading resource 57...
2021-10-03 14:15:09,839 - root - INFO - The image is bme.
2021-10-03 14:15:09,839 - root - INFO - Reading image header(readHeader16E)...
2021-10-03 14:15:09,839 - root - INFO - Image header was read:
2021-10-03 14:15:09,844 - root - INFO - Width: 252, Height: 302, RowLength: 504
2021-10-03 14:15:09,844 - root - INFO - datalength: 47986, _step: 2
2021-10-03 14:15:09,844 - root - INFO - BPP: 16, Transparency: False
2021-10-03 14:15:09,939 - root - INFO - Resource 58 offset: 1336941, length: 48044...
2021-10-03 14:15:09,939 - root - DEBUG - Reading resource 58...
2021-10-03 14:15:09,939 - root - INFO - The image is bme.
2021-10-03 14:15:09,939 - root - INFO - Reading image header(readHeader16E)...
2021-10-03 14:15:09,939 - root - INFO - Image header was read:
2021-10-03 14:15:09,939 - root - INFO - Width: 252, Height: 302, RowLength: 504
2021-10-03 14:15:09,939 - root - INFO - datalength: 48028, _step: 2
2021-10-03 14:15:09,939 - root - INFO - BPP: 16, Transparency: False
2021-10-03 14:15:10,039 - root - INFO - Resource 59 offset: 1384985, length: 48044...
2021-10-03 14:15:10,039 - root - DEBUG - Reading resource 59...
2021-10-03 14:15:10,039 - root - INFO - The image is bme.
2021-10-03 14:15:10,039 - root - INFO - Reading image header(readHeader16E)...
2021-10-03 14:15:10,039 - root - INFO - Image header was read:
2021-10-03 14:15:10,039 - root - INFO - Width: 252, Height: 302, RowLength: 504
2021-10-03 14:15:10,039 - root - INFO - datalength: 48028, _step: 2
2021-10-03 14:15:10,039 - root - INFO - BPP: 16, Transparency: False
2021-10-03 14:15:10,144 - root - INFO - Resource 60 offset: 1433029, length: 48044...
2021-10-03 14:15:10,144 - root - DEBUG - Reading resource 60...
2021-10-03 14:15:10,144 - root - INFO - The image is bme.
2021-10-03 14:15:10,144 - root - INFO - Reading image header(readHeader16E)...
2021-10-03 14:15:10,144 - root - INFO - Image header was read:
2021-10-03 14:15:10,144 - root - INFO - Width: 252, Height: 302, RowLength: 504
2021-10-03 14:15:10,144 - root - INFO - datalength: 48028, _step: 2
2021-10-03 14:15:10,144 - root - INFO - BPP: 16, Transparency: False
2021-10-03 14:15:10,239 - root - INFO - Resource 61 offset: 1481073, length: 48086...
2021-10-03 14:15:10,239 - root - DEBUG - Reading resource 61...
2021-10-03 14:15:10,239 - root - INFO - The image is bme.
2021-10-03 14:15:10,239 - root - INFO - Reading image header(readHeader16E)...
2021-10-03 14:15:10,239 - root - INFO - Image header was read:
2021-10-03 14:15:10,239 - root - INFO - Width: 252, Height: 302, RowLength: 504
2021-10-03 14:15:10,239 - root - INFO - datalength: 48070, _step: 2
2021-10-03 14:15:10,239 - root - INFO - BPP: 16, Transparency: False
2021-10-03 14:15:10,329 - root - INFO - Resource 62 offset: 1529159, length: 48086...
2021-10-03 14:15:10,329 - root - DEBUG - Reading resource 62...
2021-10-03 14:15:10,329 - root - INFO - The image is bme.
2021-10-03 14:15:10,329 - root - INFO - Reading image header(readHeader16E)...
2021-10-03 14:15:10,329 - root - INFO - Image header was read:
2021-10-03 14:15:10,329 - root - INFO - Width: 252, Height: 302, RowLength: 504
2021-10-03 14:15:10,329 - root - INFO - datalength: 48070, _step: 2
2021-10-03 14:15:10,329 - root - INFO - BPP: 16, Transparency: False
2021-10-03 14:15:10,429 - root - INFO - Resource 63 offset: 1577245, length: 48086...
2021-10-03 14:15:10,429 - root - DEBUG - Reading resource 63...
2021-10-03 14:15:10,429 - root - INFO - The image is bme.
2021-10-03 14:15:10,429 - root - INFO - Reading image header(readHeader16E)...
2021-10-03 14:15:10,429 - root - INFO - Image header was read:
2021-10-03 14:15:10,429 - root - INFO - Width: 252, Height: 302, RowLength: 504
2021-10-03 14:15:10,429 - root - INFO - datalength: 48070, _step: 2
2021-10-03 14:15:10,429 - root - INFO - BPP: 16, Transparency: False
2021-10-03 14:15:10,529 - root - INFO - Resource 64 offset: 1625331, length: 48150...
2021-10-03 14:15:10,529 - root - DEBUG - Reading resource 64...
2021-10-03 14:15:10,529 - root - INFO - The image is bme.
2021-10-03 14:15:10,529 - root - INFO - Reading image header(readHeader16E)...
2021-10-03 14:15:10,529 - root - INFO - Image header was read:
2021-10-03 14:15:10,529 - root - INFO - Width: 252, Height: 302, RowLength: 504
2021-10-03 14:15:10,529 - root - INFO - datalength: 48134, _step: 2
2021-10-03 14:15:10,529 - root - INFO - BPP: 16, Transparency: False
2021-10-03 14:15:10,629 - root - DEBUG - Parsing parameters...
2021-10-03 14:15:10,709 - root - DEBUG - 0 Value: None
2021-10-03 14:15:10,709 - root - DEBUG - 0.1 Value: 73
2021-10-03 14:15:10,709 - root - DEBUG - 2 Value: None
2021-10-03 14:15:10,709 - root - DEBUG - 2.2 Value: 0
2021-10-03 14:15:10,709 - root - DEBUG - 2.3 Value: None
2021-10-03 14:15:10,709 - root - DEBUG - 2.3.1 Value: 0
2021-10-03 14:15:10,709 - root - DEBUG - 2.3.2 Value: 0
2021-10-03 14:15:10,709 - root - DEBUG - 2.3.3 Value: 0
2021-10-03 14:15:10,709 - root - DEBUG - 2.4 Value: None
2021-10-03 14:15:10,709 - root - DEBUG - 2.4.1 Value: 0
2021-10-03 14:15:10,709 - root - DEBUG - 2.4.2 Value: 0
2021-10-03 14:15:10,709 - root - DEBUG - 2.4.3 Value: 0
2021-10-03 14:15:10,709 - root - DEBUG - 2.5 Value: None
2021-10-03 14:15:10,709 - root - DEBUG - 2.5.1 Value: 0
2021-10-03 14:15:10,709 - root - DEBUG - 2.5.2 Value: 0
2021-10-03 14:15:10,709 - root - DEBUG - 2.5.3 Value: 0
2021-10-03 14:15:10,709 - root - DEBUG - 3 Value: None
2021-10-03 14:15:10,709 - root - DEBUG - 3.1 Value: None
2021-10-03 14:15:10,709 - root - DEBUG - 3.1.1 Value: None
2021-10-03 14:15:10,709 - root - DEBUG - 3.1.1.1 Value: None
2021-10-03 14:15:10,709 - root - DEBUG - 3.1.1.1.1 Value: 109
2021-10-03 14:15:10,709 - root - DEBUG - 3.1.1.1.2 Value: 90
2021-10-03 14:15:10,709 - root - DEBUG - 3.1.1.1.3 Value: 1
2021-10-03 14:15:10,709 - root - DEBUG - 3.1.1.1.4 Value: 10
2021-10-03 14:15:10,709 - root - DEBUG - 3.1.1.2 Value: None
2021-10-03 14:15:10,709 - root - DEBUG - 3.1.1.2.1 Value: 157
2021-10-03 14:15:10,709 - root - DEBUG - 3.1.1.2.2 Value: 90
2021-10-03 14:15:10,709 - root - DEBUG - 3.1.1.2.3 Value: 1
2021-10-03 14:15:10,709 - root - DEBUG - 3.1.1.2.4 Value: 10
2021-10-03 14:15:10,709 - root - DEBUG - 3.1.2 Value: None
2021-10-03 14:15:10,709 - root - DEBUG - 3.1.2.1 Value: None
2021-10-03 14:15:10,709 - root - DEBUG - 3.1.2.1.1 Value: 109
2021-10-03 14:15:10,709 - root - DEBUG - 3.1.2.1.2 Value: 164
2021-10-03 14:15:10,709 - root - DEBUG - 3.1.2.1.3 Value: 1
2021-10-03 14:15:10,709 - root - DEBUG - 3.1.2.1.4 Value: 10
2021-10-03 14:15:10,709 - root - DEBUG - 3.1.2.2 Value: None
2021-10-03 14:15:10,709 - root - DEBUG - 3.1.2.2.1 Value: 157
2021-10-03 14:15:10,709 - root - DEBUG - 3.1.2.2.2 Value: 164
2021-10-03 14:15:10,709 - root - DEBUG - 3.1.2.2.3 Value: 1
2021-10-03 14:15:10,709 - root - DEBUG - 3.1.2.2.4 Value: 10
2021-10-03 14:15:10,709 - root - DEBUG - 3.1.7 Value: 0
2021-10-03 14:15:10,709 - root - DEBUG - 3.1.8 Value: 1
2021-10-03 14:15:10,709 - root - DEBUG - 4 Value: None
2021-10-03 14:15:10,709 - root - DEBUG - 4.1 Value: None
2021-10-03 14:15:10,709 - root - DEBUG - 4.1.1 Value: None
2021-10-03 14:15:10,709 - root - DEBUG - 4.1.1.1 Value: 78
2021-10-03 14:15:10,709 - root - DEBUG - 4.1.1.2 Value: 278
2021-10-03 14:15:10,709 - root - DEBUG - 4.1.1.3 Value: 167
2021-10-03 14:15:10,709 - root - DEBUG - 4.1.1.4 Value: 298
2021-10-03 14:15:10,709 - root - DEBUG - 4.1.1.5 Value: 66
2021-10-03 14:15:10,709 - root - DEBUG - 4.1.1.6 Value: 0
2021-10-03 14:15:10,709 - root - DEBUG - 4.1.1.7 Value: 0
2021-10-03 14:15:10,709 - root - DEBUG - 4.1.1.8 Value: 18
2021-10-03 14:15:10,709 - root - DEBUG - 4.1.1.9 Value: 10
2021-10-03 14:15:10,709 - root - DEBUG - 4.1.2 Value: 28
2021-10-03 14:15:10,709 - root - DEBUG - 4.4 Value: None
2021-10-03 14:15:10,709 - root - DEBUG - 4.4.1 Value: None
2021-10-03 14:15:10,709 - root - DEBUG - 4.4.1.1 Value: 79
2021-10-03 14:15:10,709 - root - DEBUG - 4.4.1.2 Value: 331
2021-10-03 14:15:10,709 - root - DEBUG - 4.4.1.3 Value: 145
2021-10-03 14:15:10,709 - root - DEBUG - 4.4.1.4 Value: 350
2021-10-03 14:15:10,709 - root - DEBUG - 4.4.1.5 Value: 66
2021-10-03 14:15:10,709 - root - DEBUG - 4.4.1.6 Value: 0
2021-10-03 14:15:10,709 - root - DEBUG - 4.4.1.7 Value: 0
2021-10-03 14:15:10,709 - root - DEBUG - 4.4.1.8 Value: 18
2021-10-03 14:15:10,709 - root - DEBUG - 4.4.1.9 Value: 10
2021-10-03 14:15:10,709 - root - DEBUG - 4.4.2 Value: 29
2021-10-03 14:15:10,709 - root - DEBUG - 4.4.3 Value: 30
2021-10-03 14:15:10,709 - root - DEBUG - 4.7 Value: 0
2021-10-03 14:15:10,709 - root - DEBUG - 5 Value: None
2021-10-03 14:15:10,709 - root - DEBUG - 5.1 Value: None
2021-10-03 14:15:10,709 - root - DEBUG - 5.1.4 Value: 1
2021-10-03 14:15:10,709 - root - DEBUG - 5.1.5 Value: 1
2021-10-03 14:15:10,709 - root - DEBUG - 5.1.6 Value: 0
2021-10-03 14:15:10,709 - root - DEBUG - 5.4 Value: None
2021-10-03 14:15:10,709 - root - DEBUG - 5.4.1 Value: 114
2021-10-03 14:15:10,709 - root - DEBUG - 5.4.2 Value: 241
2021-10-03 14:15:10,709 - root - DEBUG - 5.4.3 Value: 11
2021-10-03 14:15:10,709 - root - DEBUG - 5.4.4 Value: 7
2021-10-03 14:15:10,709 - root - DEBUG - 7 Value: None
2021-10-03 14:15:10,709 - root - DEBUG - 7.2 Value: None
2021-10-03 14:15:10,709 - root - DEBUG - 7.2.1 Value: 53
2021-10-03 14:15:10,709 - root - DEBUG - 7.2.2 Value: 52
2021-10-03 14:15:10,709 - root - DEBUG - 7.2.3 Value: 31
2021-10-03 14:15:10,709 - root - DEBUG - 7.2.4 Value: 12
2021-10-03 14:15:10,709 - root - DEBUG - 7.8 Value: None
2021-10-03 14:15:10,709 - root - DEBUG - 7.8.1 Value: 53
2021-10-03 14:15:10,709 - root - DEBUG - 7.8.2 Value: 52
2021-10-03 14:15:10,709 - root - DEBUG - 7.8.3 Value: 43
2021-10-03 14:15:10,709 - root - DEBUG - 9 Value: None
2021-10-03 14:15:10,709 - root - DEBUG - 9.1 Value: None
2021-10-03 14:15:10,709 - root - DEBUG - 9.1.1 Value: None
2021-10-03 14:15:10,709 - root - DEBUG - 9.1.1.1 Value: 80
2021-10-03 14:15:10,709 - root - DEBUG - 9.1.1.2 Value: 305
2021-10-03 14:15:10,709 - root - DEBUG - 9.1.1.3 Value: 162
2021-10-03 14:15:10,709 - root - DEBUG - 9.1.1.4 Value: 325
2021-10-03 14:15:10,709 - root - DEBUG - 9.1.1.5 Value: 66
2021-10-03 14:15:10,709 - root - DEBUG - 9.1.1.6 Value: 0
2021-10-03 14:15:10,709 - root - DEBUG - 9.1.1.7 Value: 0
2021-10-03 14:15:10,709 - root - DEBUG - 9.1.1.8 Value: 18
2021-10-03 14:15:10,709 - root - DEBUG - 9.1.1.9 Value: 10
2021-10-03 14:15:10,709 - root - DEBUG - 9.1.3 Value: 52
2021-10-03 14:15:10,709 - root - DEBUG - 9.1.4 Value: 51
2021-10-03 14:15:10,709 - root - DEBUG - 9.2 Value: None
2021-10-03 14:15:10,709 - root - DEBUG - 9.2.1 Value: 27
2021-10-03 14:15:10,709 - root - DEBUG - 9.2.2 Value: 26
2021-10-03 14:15:10,709 - root - DEBUG - 9.2.3 Value: 53
2021-10-03 14:15:10,709 - root - DEBUG - 9.2.4 Value: 12
2021-10-03 14:15:10,709 - root - DEBUG - 12 Value: None
2021-10-03 14:15:10,709 - root - DEBUG - 12.2 Value: None
2021-10-03 14:15:10,709 - root - DEBUG - 12.2.1 Value: 0
2021-10-03 14:15:10,709 - root - DEBUG - 12.2.2 Value: 0
2021-10-03 14:15:10,709 - root - DEBUG - 12.2.3 Value: 44
2021-10-03 14:15:10,709 - root - DEBUG - 12.2.4 Value: 6
2021-10-03 14:15:10,709 - root - DEBUG - 12.7 Value: None
2021-10-03 14:15:10,709 - root - DEBUG - 12.7.1 Value: 0
2021-10-03 14:15:10,709 - root - DEBUG - 12.7.2 Value: 0
2021-10-03 14:15:10,709 - root - DEBUG - 12.7.3 Value: 50
2021-10-03 14:15:10,709 - root - DEBUG - 29 Value: None
2021-10-03 14:15:10,709 - root - DEBUG - 29.1 Value: None
2021-10-03 14:15:10,709 - root - DEBUG - 29.1.1 Value: None
2021-10-03 14:15:10,709 - root - DEBUG - 29.1.1.1 Value: None
2021-10-03 14:15:10,719 - root - DEBUG - 29.1.1.1.1 Value: None
2021-10-03 14:15:10,719 - root - DEBUG - 29.1.1.1.1.1 Value: 109
2021-10-03 14:15:10,719 - root - DEBUG - 29.1.1.1.1.2 Value: 90
2021-10-03 14:15:10,719 - root - DEBUG - 29.1.1.1.1.3 Value: 1
2021-10-03 14:15:10,719 - root - DEBUG - 29.1.1.1.1.4 Value: 10
2021-10-03 14:15:10,719 - root - DEBUG - 29.1.1.1.2 Value: None
2021-10-03 14:15:10,720 - root - DEBUG - 29.1.1.1.2.1 Value: 157
2021-10-03 14:15:10,720 - root - DEBUG - 29.1.1.1.2.2 Value: 90
2021-10-03 14:15:10,720 - root - DEBUG - 29.1.1.1.2.3 Value: 1
2021-10-03 14:15:10,720 - root - DEBUG - 29.1.1.1.2.4 Value: 10
2021-10-03 14:15:10,720 - root - DEBUG - 29.1.1.2 Value: None
2021-10-03 14:15:10,720 - root - DEBUG - 29.1.1.2.1 Value: None
2021-10-03 14:15:10,720 - root - DEBUG - 29.1.1.2.1.1 Value: 109
2021-10-03 14:15:10,720 - root - DEBUG - 29.1.1.2.1.2 Value: 164
2021-10-03 14:15:10,720 - root - DEBUG - 29.1.1.2.1.3 Value: 1
2021-10-03 14:15:10,720 - root - DEBUG - 29.1.1.2.1.4 Value: 10
2021-10-03 14:15:10,720 - root - DEBUG - 29.1.1.2.2 Value: None
2021-10-03 14:15:10,720 - root - DEBUG - 29.1.1.2.2.1 Value: 157
2021-10-03 14:15:10,720 - root - DEBUG - 29.1.1.2.2.2 Value: 164
2021-10-03 14:15:10,720 - root - DEBUG - 29.1.1.2.2.3 Value: 1
2021-10-03 14:15:10,720 - root - DEBUG - 29.1.1.2.2.4 Value: 10
2021-10-03 14:15:10,720 - root - DEBUG - 29.1.1.4 Value: 1
2021-10-03 14:15:10,720 - root - DEBUG - 0-Info
2021-10-03 14:15:10,720 - root - DEBUG - 0.1-DeviceId
2021-10-03 14:15:10,720 - root - DEBUG - 2-Background
2021-10-03 14:15:10,720 - root - DEBUG - 2.2-BackgroundColor
2021-10-03 14:15:10,720 - root - DEBUG - 2.3-Preview
2021-10-03 14:15:10,720 - root - DEBUG - 2.3.1-X
2021-10-03 14:15:10,720 - root - DEBUG - 2.3.2-Y
2021-10-03 14:15:10,720 - root - DEBUG - 2.3.3-ImageIndex
2021-10-03 14:15:10,720 - root - DEBUG - 2.4-PreviewKorean
2021-10-03 14:15:10,720 - root - DEBUG - 2.4.1-X
2021-10-03 14:15:10,720 - root - DEBUG - 2.4.2-Y
2021-10-03 14:15:10,720 - root - DEBUG - 2.4.3-ImageIndex
2021-10-03 14:15:10,720 - root - DEBUG - 2.5-PreviewChinese
2021-10-03 14:15:10,720 - root - DEBUG - 2.5.1-X
2021-10-03 14:15:10,720 - root - DEBUG - 2.5.2-Y
2021-10-03 14:15:10,720 - root - DEBUG - 2.5.3-ImageIndex
2021-10-03 14:15:10,720 - root - DEBUG - 3-TimeExtended
2021-10-03 14:15:10,720 - root - DEBUG - 3.1-TimeSeparateDigits
2021-10-03 14:15:10,720 - root - DEBUG - 3.1.1-Hours
2021-10-03 14:15:10,720 - root - DEBUG - 3.1.1.1-Tens
2021-10-03 14:15:10,720 - root - DEBUG - 3.1.1.1.1-X
2021-10-03 14:15:10,720 - root - DEBUG - 3.1.1.1.2-Y
2021-10-03 14:15:10,720 - root - DEBUG - 3.1.1.1.3-ImageIndex
2021-10-03 14:15:10,720 - root - DEBUG - 3.1.1.1.4-ImagesCount
2021-10-03 14:15:10,720 - root - DEBUG - 3.1.1.2-Ones
2021-10-03 14:15:10,720 - root - DEBUG - 3.1.1.2.1-X
2021-10-03 14:15:10,720 - root - DEBUG - 3.1.1.2.2-Y
2021-10-03 14:15:10,720 - root - DEBUG - 3.1.1.2.3-ImageIndex
2021-10-03 14:15:10,720 - root - DEBUG - 3.1.1.2.4-ImagesCount
2021-10-03 14:15:10,720 - root - DEBUG - 3.1.2-Minutes
2021-10-03 14:15:10,720 - root - DEBUG - 3.1.2.1-Tens
2021-10-03 14:15:10,720 - root - DEBUG - 3.1.2.1.1-X
2021-10-03 14:15:10,720 - root - DEBUG - 3.1.2.1.2-Y
2021-10-03 14:15:10,720 - root - DEBUG - 3.1.2.1.3-ImageIndex
2021-10-03 14:15:10,720 - root - DEBUG - 3.1.2.1.4-ImagesCount
2021-10-03 14:15:10,720 - root - DEBUG - 3.1.2.2-Ones
2021-10-03 14:15:10,720 - root - DEBUG - 3.1.2.2.1-X
2021-10-03 14:15:10,720 - root - DEBUG - 3.1.2.2.2-Y
2021-10-03 14:15:10,720 - root - DEBUG - 3.1.2.2.3-ImageIndex
2021-10-03 14:15:10,720 - root - DEBUG - 3.1.2.2.4-ImagesCount
2021-10-03 14:15:10,720 - root - DEBUG - 3.1.7-Unknown7
2021-10-03 14:15:10,720 - root - DEBUG - 3.1.8-Unknown8
2021-10-03 14:15:10,720 - root - DEBUG - 4-Activity
2021-10-03 14:15:10,720 - root - DEBUG - 4.1-Steps
2021-10-03 14:15:10,720 - root - DEBUG - 4.1.1-ImageNumber
2021-10-03 14:15:10,720 - root - DEBUG - 4.1.1.1-TopLeftX
2021-10-03 14:15:10,720 - root - DEBUG - 4.1.1.2-TopLeftY
2021-10-03 14:15:10,720 - root - DEBUG - 4.1.1.3-BottomRightX
2021-10-03 14:15:10,720 - root - DEBUG - 4.1.1.4-BottomRightY
2021-10-03 14:15:10,720 - root - DEBUG - 4.1.1.5-Alignment
2021-10-03 14:15:10,720 - root - DEBUG - 4.1.1.6-Spacing
2021-10-03 14:15:10,720 - root - DEBUG - 4.1.1.7-Unknown7
2021-10-03 14:15:10,720 - root - DEBUG - 4.1.1.8-ImageIndex
2021-10-03 14:15:10,720 - root - DEBUG - 4.1.1.9-ImagesCount
2021-10-03 14:15:10,720 - root - DEBUG - 4.1.2-PrefixImageIndex
2021-10-03 14:15:10,720 - root - DEBUG - 4.4-HeartRate
2021-10-03 14:15:10,720 - root - DEBUG - 4.4.1-ImageNumber
2021-10-03 14:15:10,720 - root - DEBUG - 4.4.1.1-TopLeftX
2021-10-03 14:15:10,720 - root - DEBUG - 4.4.1.2-TopLeftY
2021-10-03 14:15:10,720 - root - DEBUG - 4.4.1.3-BottomRightX
2021-10-03 14:15:10,720 - root - DEBUG - 4.4.1.4-BottomRightY
2021-10-03 14:15:10,720 - root - DEBUG - 4.4.1.5-Alignment
2021-10-03 14:15:10,720 - root - DEBUG - 4.4.1.6-Spacing
2021-10-03 14:15:10,720 - root - DEBUG - 4.4.1.7-Unknown7
2021-10-03 14:15:10,720 - root - DEBUG - 4.4.1.8-ImageIndex
2021-10-03 14:15:10,720 - root - DEBUG - 4.4.1.9-ImagesCount
2021-10-03 14:15:10,720 - root - DEBUG - 4.4.2-PrefixImageIndex
2021-10-03 14:15:10,720 - root - DEBUG - 4.4.3-NoDataImageIndex
2021-10-03 14:15:10,720 - root - DEBUG - 4.7-UnknownLongValue7
2021-10-03 14:15:10,720 - root - DEBUG - 5-DateBlock
2021-10-03 14:15:10,720 - root - DEBUG - 5.1-Date
2021-10-03 14:15:10,720 - root - DEBUG - 5.1.4-PaddingZeroMonth
2021-10-03 14:15:10,720 - root - DEBUG - 5.1.5-PaddingZeroDay
2021-10-03 14:15:10,720 - root - DEBUG - 5.1.6-Unknown6
2021-10-03 14:15:10,720 - root - DEBUG - 5.4-Weekday
2021-10-03 14:15:10,729 - root - DEBUG - 5.4.1-X
2021-10-03 14:15:10,729 - root - DEBUG - 5.4.2-Y
2021-10-03 14:15:10,729 - root - DEBUG - 5.4.3-ImageIndex
2021-10-03 14:15:10,729 - root - DEBUG - 5.4.4-ImagesCount
2021-10-03 14:15:10,729 - root - DEBUG - 7-StepProgress
2021-10-03 14:15:10,729 - root - DEBUG - 7.2-ImageProgress
2021-10-03 14:15:10,729 - root - DEBUG - 7.2.1-X
2021-10-03 14:15:10,729 - root - DEBUG - 7.2.2-Y
2021-10-03 14:15:10,729 - root - DEBUG - 7.2.3-ImageIndex
2021-10-03 14:15:10,729 - root - DEBUG - 7.2.4-ImagesCount
2021-10-03 14:15:10,729 - root - DEBUG - 7.8-UnknownImageIndex
2021-10-03 14:15:10,729 - root - DEBUG - 7.8.1-X
2021-10-03 14:15:10,729 - root - DEBUG - 7.8.2-Y
2021-10-03 14:15:10,729 - root - DEBUG - 7.8.3-ImageIndex
2021-10-03 14:15:10,729 - root - DEBUG - 9-Battery
2021-10-03 14:15:10,729 - root - DEBUG - 9.1-BatteryText
2021-10-03 14:15:10,729 - root - DEBUG - 9.1.1-ImageNumber
2021-10-03 14:15:10,729 - root - DEBUG - 9.1.1.1-TopLeftX
2021-10-03 14:15:10,729 - root - DEBUG - 9.1.1.2-TopLeftY
2021-10-03 14:15:10,729 - root - DEBUG - 9.1.1.3-BottomRightX
2021-10-03 14:15:10,729 - root - DEBUG - 9.1.1.4-BottomRightY
2021-10-03 14:15:10,729 - root - DEBUG - 9.1.1.5-Alignment
2021-10-03 14:15:10,729 - root - DEBUG - 9.1.1.6-Spacing
2021-10-03 14:15:10,729 - root - DEBUG - 9.1.1.7-Unknown7
2021-10-03 14:15:10,729 - root - DEBUG - 9.1.1.8-ImageIndex
2021-10-03 14:15:10,729 - root - DEBUG - 9.1.1.9-ImagesCount
2021-10-03 14:15:10,729 - root - DEBUG - 9.1.3-NoDataImageIndex
2021-10-03 14:15:10,729 - root - DEBUG - 9.1.4-SuffixImageIndex
2021-10-03 14:15:10,729 - root - DEBUG - 9.2-ImageProgress
2021-10-03 14:15:10,729 - root - DEBUG - 9.2.1-X
2021-10-03 14:15:10,729 - root - DEBUG - 9.2.2-Y
2021-10-03 14:15:10,729 - root - DEBUG - 9.2.3-ImageIndex
2021-10-03 14:15:10,729 - root - DEBUG - 9.2.4-ImagesCount
2021-10-03 14:15:10,729 - root - DEBUG - 12-HearthProgress
2021-10-03 14:15:10,729 - root - DEBUG - 12.2-ImageProgress
2021-10-03 14:15:10,729 - root - DEBUG - 12.2.1-X
2021-10-03 14:15:10,729 - root - DEBUG - 12.2.2-Y
2021-10-03 14:15:10,729 - root - DEBUG - 12.2.3-ImageIndex
2021-10-03 14:15:10,729 - root - DEBUG - 12.2.4-ImagesCount
2021-10-03 14:15:10,729 - root - DEBUG - 12.7-NoDataImageIndex
2021-10-03 14:15:10,729 - root - DEBUG - 12.7.1-X
2021-10-03 14:15:10,729 - root - DEBUG - 12.7.2-Y
2021-10-03 14:15:10,729 - root - DEBUG - 12.7.3-ImageIndex
2021-10-03 14:15:10,729 - root - DEBUG - 29-AlwaysOnDisplay
2021-10-03 14:15:10,729 - root - DEBUG - 29.1-TimeExtended
2021-10-03 14:15:10,729 - root - DEBUG - 29.1.1-TimeSeparateDigits
2021-10-03 14:15:10,729 - root - DEBUG - 29.1.1.1-Hours
2021-10-03 14:15:10,729 - root - DEBUG - 29.1.1.1.1-Tens
2021-10-03 14:15:10,729 - root - DEBUG - 29.1.1.1.1.1-X
2021-10-03 14:15:10,729 - root - DEBUG - 29.1.1.1.1.2-Y
2021-10-03 14:15:10,729 - root - DEBUG - 29.1.1.1.1.3-ImageIndex
2021-10-03 14:15:10,729 - root - DEBUG - 29.1.1.1.1.4-ImagesCount
2021-10-03 14:15:10,729 - root - DEBUG - 29.1.1.1.2-Ones
2021-10-03 14:15:10,729 - root - DEBUG - 29.1.1.1.2.1-X
2021-10-03 14:15:10,729 - root - DEBUG - 29.1.1.1.2.2-Y
2021-10-03 14:15:10,729 - root - DEBUG - 29.1.1.1.2.3-ImageIndex
2021-10-03 14:15:10,729 - root - DEBUG - 29.1.1.1.2.4-ImagesCount
2021-10-03 14:15:10,729 - root - DEBUG - 29.1.1.2-Minutes
2021-10-03 14:15:10,729 - root - DEBUG - 29.1.1.2.1-Tens
2021-10-03 14:15:10,729 - root - DEBUG - 29.1.1.2.1.1-X
2021-10-03 14:15:10,729 - root - DEBUG - 29.1.1.2.1.2-Y
2021-10-03 14:15:10,729 - root - DEBUG - 29.1.1.2.1.3-ImageIndex
2021-10-03 14:15:10,729 - root - DEBUG - 29.1.1.2.1.4-ImagesCount
2021-10-03 14:15:10,729 - root - DEBUG - 29.1.1.2.2-Ones
2021-10-03 14:15:10,729 - root - DEBUG - 29.1.1.2.2.1-X
2021-10-03 14:15:10,729 - root - DEBUG - 29.1.1.2.2.2-Y
2021-10-03 14:15:10,729 - root - DEBUG - 29.1.1.2.2.3-ImageIndex
2021-10-03 14:15:10,729 - root - DEBUG - 29.1.1.2.2.4-ImagesCount
2021-10-03 14:15:10,729 - root - DEBUG - 29.1.1.4-PaddingZeroHours
2021-10-03 14:15:10,729 - root - DEBUG - generatePreviews
2021-10-03 14:15:10,729 - root - DEBUG - Generating previews...
2021-10-03 14:15:10,729 - root - DEBUG - Generating states done...
2021-10-03 14:15:10,739 - root - DEBUG - >>>>>>>>>>>> 0 <watchFaceParser.models.parameter.Parameter object at 0x000001A6B3037108>
2021-10-03 14:15:10,739 - root - DEBUG - >>>>>>>>>>>> 2 <watchFaceParser.models.parameter.Parameter object at 0x000001A6B30269C8>
2021-10-03 14:15:10,749 - root - DEBUG - >>>>>>>>>>>> 3 <watchFaceParser.models.parameter.Parameter object at 0x000001A6B3026C48>
2021-10-03 14:15:10,759 - root - DEBUG - >>>>>>>>>>>> 4 <watchFaceParser.models.parameter.Parameter object at 0x000001A6B3031048>
2021-10-03 14:15:10,759 - root - DEBUG - >>>>>>>>>>>> 5 <watchFaceParser.models.parameter.Parameter object at 0x000001A6B3034388>
2021-10-03 14:15:10,769 - root - DEBUG - >>>>>>>>>>>> 7 <watchFaceParser.models.parameter.Parameter object at 0x000001A6B3034708>
2021-10-03 14:15:10,769 - root - DEBUG - >>>>>>>>>>>> 9 <watchFaceParser.models.parameter.Parameter object at 0x000001A6B3034888>
2021-10-03 14:15:10,769 - root - DEBUG - >>>>>>>>>>>> 12 <watchFaceParser.models.parameter.Parameter object at 0x000001A6B3034D08>
2021-10-03 14:15:10,769 - root - DEBUG - >>>>>>>>>>>> 29 <watchFaceParser.models.parameter.Parameter object at 0x000001A6B3034A48>
2021-10-03 14:15:10,789 - root - DEBUG - Generating static preview gen done...
2021-10-03 14:15:10,839 - root - DEBUG - Generating static preview save done...
2021-10-03 14:15:10,839 - root - DEBUG - Generating anim preview gen done...
2021-10-03 14:15:10,839 - root - DEBUG - >>>>>>>>>>>> 0 <watchFaceParser.models.parameter.Parameter object at 0x000001A6B3037108>
2021-10-03 14:15:10,839 - root - DEBUG - >>>>>>>>>>>> 2 <watchFaceParser.models.parameter.Parameter object at 0x000001A6B30269C8>
2021-10-03 14:15:10,839 - root - DEBUG - >>>>>>>>>>>> 3 <watchFaceParser.models.parameter.Parameter object at 0x000001A6B3026C48>
2021-10-03 14:15:10,839 - root - DEBUG - >>>>>>>>>>>> 4 <watchFaceParser.models.parameter.Parameter object at 0x000001A6B3031048>
2021-10-03 14:15:10,839 - root - DEBUG - >>>>>>>>>>>> 5 <watchFaceParser.models.parameter.Parameter object at 0x000001A6B3034388>
2021-10-03 14:15:10,839 - root - DEBUG - >>>>>>>>>>>> 7 <watchFaceParser.models.parameter.Parameter object at 0x000001A6B3034708>
2021-10-03 14:15:10,839 - root - DEBUG - >>>>>>>>>>>> 9 <watchFaceParser.models.parameter.Parameter object at 0x000001A6B3034888>
2021-10-03 14:15:10,839 - root - DEBUG - >>>>>>>>>>>> 12 <watchFaceParser.models.parameter.Parameter object at 0x000001A6B3034D08>
2021-10-03 14:15:10,839 - root - DEBUG - >>>>>>>>>>>> 29 <watchFaceParser.models.parameter.Parameter object at 0x000001A6B3034A48>
2021-10-03 14:15:10,939 - root - DEBUG - generatePreviews done
2021-10-03 14:15:10,939 - root - DEBUG - Exporting resources to 'f458b060c4c5dd855fee965c0de750dd'
2021-10-03 14:15:10,959 - root - DEBUG - extracting f458b060c4c5dd855fee965c0de750dd\0000.png...
2021-10-03 14:15:10,970 - root - DEBUG - extracting f458b060c4c5dd855fee965c0de750dd\0001.png...
2021-10-03 14:15:10,970 - root - DEBUG - extracting f458b060c4c5dd855fee965c0de750dd\0002.png...
2021-10-03 14:15:10,970 - root - DEBUG - extracting f458b060c4c5dd855fee965c0de750dd\0003.png...
2021-10-03 14:15:10,974 - root - DEBUG - extracting f458b060c4c5dd855fee965c0de750dd\0004.png...
2021-10-03 14:15:10,974 - root - DEBUG - extracting f458b060c4c5dd855fee965c0de750dd\0005.png...
2021-10-03 14:15:10,974 - root - DEBUG - extracting f458b060c4c5dd855fee965c0de750dd\0006.png...
2021-10-03 14:15:10,974 - root - DEBUG - extracting f458b060c4c5dd855fee965c0de750dd\0007.png...
2021-10-03 14:15:10,974 - root - DEBUG - extracting f458b060c4c5dd855fee965c0de750dd\0008.png...
2021-10-03 14:15:10,979 - root - DEBUG - extracting f458b060c4c5dd855fee965c0de750dd\0009.png...
2021-10-03 14:15:10,979 - root - DEBUG - extracting f458b060c4c5dd855fee965c0de750dd\0010.png...
2021-10-03 14:15:10,979 - root - DEBUG - extracting f458b060c4c5dd855fee965c0de750dd\0011.png...
2021-10-03 14:15:10,979 - root - DEBUG - extracting f458b060c4c5dd855fee965c0de750dd\0012.png...
2021-10-03 14:15:10,979 - root - DEBUG - extracting f458b060c4c5dd855fee965c0de750dd\0013.png...
2021-10-03 14:15:10,979 - root - DEBUG - extracting f458b060c4c5dd855fee965c0de750dd\0014.png...
2021-10-03 14:15:10,979 - root - DEBUG - extracting f458b060c4c5dd855fee965c0de750dd\0015.png...
2021-10-03 14:15:10,979 - root - DEBUG - extracting f458b060c4c5dd855fee965c0de750dd\0016.png...
2021-10-03 14:15:10,979 - root - DEBUG - extracting f458b060c4c5dd855fee965c0de750dd\0017.png...
2021-10-03 14:15:10,979 - root - DEBUG - extracting f458b060c4c5dd855fee965c0de750dd\0018.png...
2021-10-03 14:15:10,979 - root - DEBUG - extracting f458b060c4c5dd855fee965c0de750dd\0019.png...
2021-10-03 14:15:10,979 - root - DEBUG - extracting f458b060c4c5dd855fee965c0de750dd\0020.png...
2021-10-03 14:15:10,989 - root - DEBUG - extracting f458b060c4c5dd855fee965c0de750dd\0021.png...
2021-10-03 14:15:10,989 - root - DEBUG - extracting f458b060c4c5dd855fee965c0de750dd\0022.png...
2021-10-03 14:15:10,989 - root - DEBUG - extracting f458b060c4c5dd855fee965c0de750dd\0023.png...
2021-10-03 14:15:10,989 - root - DEBUG - extracting f458b060c4c5dd855fee965c0de750dd\0024.png...
2021-10-03 14:15:10,989 - root - DEBUG - extracting f458b060c4c5dd855fee965c0de750dd\0025.png...
2021-10-03 14:15:10,989 - root - DEBUG - extracting f458b060c4c5dd855fee965c0de750dd\0026.png...
2021-10-03 14:15:10,989 - root - DEBUG - extracting f458b060c4c5dd855fee965c0de750dd\0027.png...
2021-10-03 14:15:10,989 - root - DEBUG - extracting f458b060c4c5dd855fee965c0de750dd\0028.png...
2021-10-03 14:15:10,989 - root - DEBUG - extracting f458b060c4c5dd855fee965c0de750dd\0029.png...
2021-10-03 14:15:10,989 - root - DEBUG - extracting f458b060c4c5dd855fee965c0de750dd\0030.png...
2021-10-03 14:15:10,989 - root - DEBUG - extracting f458b060c4c5dd855fee965c0de750dd\0031.png...
2021-10-03 14:15:10,999 - root - DEBUG - extracting f458b060c4c5dd855fee965c0de750dd\0032.png...
2021-10-03 14:15:10,999 - root - DEBUG - extracting f458b060c4c5dd855fee965c0de750dd\0033.png...
2021-10-03 14:15:11,009 - root - DEBUG - extracting f458b060c4c5dd855fee965c0de750dd\0034.png...
2021-10-03 14:15:11,009 - root - DEBUG - extracting f458b060c4c5dd855fee965c0de750dd\0035.png...
2021-10-03 14:15:11,025 - root - DEBUG - extracting f458b060c4c5dd855fee965c0de750dd\0036.png...
2021-10-03 14:15:11,029 - root - DEBUG - extracting f458b060c4c5dd855fee965c0de750dd\0037.png...
2021-10-03 14:15:11,029 - root - DEBUG - extracting f458b060c4c5dd855fee965c0de750dd\0038.png...
2021-10-03 14:15:11,041 - root - DEBUG - extracting f458b060c4c5dd855fee965c0de750dd\0039.png...
2021-10-03 14:15:11,049 - root - DEBUG - extracting f458b060c4c5dd855fee965c0de750dd\0040.png...
2021-10-03 14:15:11,049 - root - DEBUG - extracting f458b060c4c5dd855fee965c0de750dd\0041.png...
2021-10-03 14:15:11,059 - root - DEBUG - extracting f458b060c4c5dd855fee965c0de750dd\0042.png...
2021-10-03 14:15:11,069 - root - DEBUG - extracting f458b060c4c5dd855fee965c0de750dd\0043.png...
2021-10-03 14:15:11,069 - root - DEBUG - extracting f458b060c4c5dd855fee965c0de750dd\0044.png...
2021-10-03 14:15:11,084 - root - DEBUG - extracting f458b060c4c5dd855fee965c0de750dd\0045.png...
2021-10-03 14:15:11,095 - root - DEBUG - extracting f458b060c4c5dd855fee965c0de750dd\0046.png...
2021-10-03 14:15:11,111 - root - DEBUG - extracting f458b060c4c5dd855fee965c0de750dd\0047.png...
2021-10-03 14:15:11,120 - root - DEBUG - extracting f458b060c4c5dd855fee965c0de750dd\0048.png...
2021-10-03 14:15:11,134 - root - DEBUG - extracting f458b060c4c5dd855fee965c0de750dd\0049.png...
2021-10-03 14:15:11,149 - root - DEBUG - extracting f458b060c4c5dd855fee965c0de750dd\0050.png...
2021-10-03 14:15:11,159 - root - DEBUG - extracting f458b060c4c5dd855fee965c0de750dd\0051.png...
2021-10-03 14:15:11,159 - root - DEBUG - extracting f458b060c4c5dd855fee965c0de750dd\0052.png...
2021-10-03 14:15:11,159 - root - DEBUG - extracting f458b060c4c5dd855fee965c0de750dd\0053.png...
2021-10-03 14:15:11,169 - root - DEBUG - extracting f458b060c4c5dd855fee965c0de750dd\0054.png...
2021-10-03 14:15:11,169 - root - DEBUG - extracting f458b060c4c5dd855fee965c0de750dd\0055.png...
2021-10-03 14:15:11,179 - root - DEBUG - extracting f458b060c4c5dd855fee965c0de750dd\0056.png...
2021-10-03 14:15:11,189 - root - DEBUG - extracting f458b060c4c5dd855fee965c0de750dd\0057.png...
2021-10-03 14:15:11,199 - root - DEBUG - extracting f458b060c4c5dd855fee965c0de750dd\0058.png...
2021-10-03 14:15:11,209 - root - DEBUG - extracting f458b060c4c5dd855fee965c0de750dd\0059.png...
2021-10-03 14:15:11,209 - root - DEBUG - extracting f458b060c4c5dd855fee965c0de750dd\0060.png...
2021-10-03 14:15:11,219 - root - DEBUG - extracting f458b060c4c5dd855fee965c0de750dd\0061.png...
2021-10-03 14:15:11,229 - root - DEBUG - extracting f458b060c4c5dd855fee965c0de750dd\0062.png...
2021-10-03 14:15:11,239 - root - DEBUG - extracting f458b060c4c5dd855fee965c0de750dd\0063.png...
2021-10-03 14:15:11,249 - root - DEBUG - extracting f458b060c4c5dd855fee965c0de750dd\0064.png...
2021-10-03 14:15:11,259 - root - DEBUG - Exporting config...
