2022-01-06 09:13:13,254 - root - DEBUG - Opening watch face 'E:\Codez\zepp-gts2mini-wf\49ecbf7138251d9e3b5d1c75a5f6b48b.bin'
2022-01-06 09:13:13,264 - root - DEBUG - Reading parameters...
2022-01-06 09:13:13,265 - root - INFO - Reading header...
2022-01-06 09:13:13,266 - root - INFO - Header was read:
2022-01-06 09:13:13,266 - root - INFO - Signature: b'UIHH\x01\x00\xff', Unknown: 70, ParametersSize: 32, isValid: True, deviceId: 73
2022-01-06 09:13:13,266 - root - INFO - Reading parameter offsets...
2022-01-06 09:13:13,266 - root - INFO - Parameter offsets were read from file
2022-01-06 09:13:13,266 - root - INFO - Reading parameters descriptor...
2022-01-06 09:13:13,266 - root - INFO - 1 ( A): 5 bytes
2022-01-06 09:13:13,266 - root - INFO -     1 ( 8): 162 A2
2022-01-06 09:13:13,266 - root - INFO -     2 (10): 39 27
2022-01-06 09:13:13,266 - root - INFO - getParameters descriptor was read:
2022-01-06 09:13:13,266 - root - INFO - ParametersTableLength: 162, ImagesCount: 39
2022-01-06 09:13:13,267 - root - INFO - Reading parameters locations...
2022-01-06 09:13:13,267 - root - INFO - 2 (12): 4 bytes
2022-01-06 09:13:13,267 - root - INFO -     1 ( 8): 0  0
2022-01-06 09:13:13,267 - root - INFO -     2 (10): 32 20
2022-01-06 09:13:13,267 - root - INFO - 4 (22): 4 bytes
2022-01-06 09:13:13,267 - root - INFO -     1 ( 8): 102 66
2022-01-06 09:13:13,267 - root - INFO -     2 (10): 24 18
2022-01-06 09:13:13,267 - root - INFO - 5 (2A): 4 bytes
2022-01-06 09:13:13,267 - root - INFO -     1 ( 8): 32 20
2022-01-06 09:13:13,267 - root - INFO -     2 (10): 70 46
2022-01-06 09:13:13,267 - root - INFO - 20 (A2): 4 bytes
2022-01-06 09:13:13,268 - root - INFO -     1 ( 8): 126 7E
2022-01-06 09:13:13,268 - root - INFO -     2 (10): 36 24
2022-01-06 09:13:13,268 - root - INFO - Watch face parameters locations were read:
2022-01-06 09:13:13,269 - root - INFO - Reading descriptor for parameter 2
2022-01-06 09:13:13,269 - root - INFO - Descriptor offset: 0, Descriptor length: 32
2022-01-06 09:13:13,270 - root - INFO - Parsing descriptor for parameter 2...
2022-01-06 09:13:13,270 - root - INFO - 1 ( A): 6 bytes
2022-01-06 09:13:13,270 - root - INFO -     1 ( 8): 0  0
2022-01-06 09:13:13,270 - root - INFO -     2 (10): 0  0
2022-01-06 09:13:13,270 - root - INFO -     3 (18): 3  3
2022-01-06 09:13:13,270 - root - INFO - 3 (1A): 6 bytes
2022-01-06 09:13:13,270 - root - INFO -     1 ( 8): 0  0
2022-01-06 09:13:13,270 - root - INFO -     2 (10): 0  0
2022-01-06 09:13:13,270 - root - INFO -     3 (18): 1  1
2022-01-06 09:13:13,271 - root - INFO - 4 (22): 6 bytes
2022-01-06 09:13:13,271 - root - INFO -     1 ( 8): 0  0
2022-01-06 09:13:13,271 - root - INFO -     2 (10): 0  0
2022-01-06 09:13:13,271 - root - INFO -     3 (18): 2  2
2022-01-06 09:13:13,271 - root - INFO - 5 (2A): 6 bytes
2022-01-06 09:13:13,271 - root - INFO -     1 ( 8): 0  0
2022-01-06 09:13:13,271 - root - INFO -     2 (10): 0  0
2022-01-06 09:13:13,271 - root - INFO -     3 (18): 0  0
2022-01-06 09:13:13,272 - root - INFO - Reading descriptor for parameter 4
2022-01-06 09:13:13,272 - root - INFO - Descriptor offset: 102, Descriptor length: 24
2022-01-06 09:13:13,272 - root - INFO - Parsing descriptor for parameter 4...
2022-01-06 09:13:13,272 - root - INFO - 7 (38): 0  0
2022-01-06 09:13:13,272 - root - INFO - 8 (42): 20 bytes
2022-01-06 09:13:13,272 - root - INFO -     1 ( A): 18 bytes
2022-01-06 09:13:13,272 - root - INFO -         1 ( 8): 0  0
2022-01-06 09:13:13,272 - root - INFO -         2 (10): 0  0
2022-01-06 09:13:13,273 - root - INFO -         3 (18): 0  0
2022-01-06 09:13:13,273 - root - INFO -         4 (20): 0  0
2022-01-06 09:13:13,273 - root - INFO -         5 (28): 0  0
2022-01-06 09:13:13,273 - root - INFO -         6 (30): 0  0
2022-01-06 09:13:13,273 - root - INFO -         7 (38): 0  0
2022-01-06 09:13:13,273 - root - INFO -         8 (40): 0  0
2022-01-06 09:13:13,273 - root - INFO -         9 (48): 0  0
2022-01-06 09:13:13,274 - root - INFO - Reading descriptor for parameter 5
2022-01-06 09:13:13,274 - root - INFO - Descriptor offset: 32, Descriptor length: 70
2022-01-06 09:13:13,274 - root - INFO - Parsing descriptor for parameter 5...
2022-01-06 09:13:13,274 - root - INFO - 1 ( A): 32 bytes
2022-01-06 09:13:13,274 - root - INFO -     1 ( A): 24 bytes
2022-01-06 09:13:13,274 - root - INFO -         4 (22): 22 bytes
2022-01-06 09:13:13,274 - root - INFO -             1 ( 8): 251 FB
2022-01-06 09:13:13,274 - root - INFO -             2 (10): 167 A7
2022-01-06 09:13:13,274 - root - INFO -             3 (18): 271 10F
2022-01-06 09:13:13,274 - root - INFO -             4 (20): 187 BB
2022-01-06 09:13:13,275 - root - INFO -             5 (28): 18 12
2022-01-06 09:13:13,275 - root - INFO -             6 (30): 0  0
2022-01-06 09:13:13,275 - root - INFO -             7 (38): 0  0
2022-01-06 09:13:13,275 - root - INFO -             8 (40): 4  4
2022-01-06 09:13:13,275 - root - INFO -             9 (48): 10  A
2022-01-06 09:13:13,275 - root - INFO -     4 (20): 0  0
2022-01-06 09:13:13,275 - root - INFO -     5 (28): 0  0
2022-01-06 09:13:13,275 - root - INFO -     6 (30): 0  0
2022-01-06 09:13:13,275 - root - INFO - 4 (22): 10 bytes
2022-01-06 09:13:13,275 - root - INFO -     1 ( 8): 206 CE
2022-01-06 09:13:13,275 - root - INFO -     2 (10): 167 A7
2022-01-06 09:13:13,276 - root - INFO -     3 (18): 14  E
2022-01-06 09:13:13,276 - root - INFO -     4 (20): 7  7
2022-01-06 09:13:13,276 - root - INFO - 5 (2A): 10 bytes
2022-01-06 09:13:13,276 - root - INFO -     1 ( 8): 206 CE
2022-01-06 09:13:13,276 - root - INFO -     2 (10): 167 A7
2022-01-06 09:13:13,276 - root - INFO -     3 (18): 28 1C
2022-01-06 09:13:13,276 - root - INFO -     4 (20): 7  7
2022-01-06 09:13:13,276 - root - INFO - 6 (32): 10 bytes
2022-01-06 09:13:13,276 - root - INFO -     1 ( 8): 206 CE
2022-01-06 09:13:13,276 - root - INFO -     2 (10): 167 A7
2022-01-06 09:13:13,276 - root - INFO -     3 (18): 21 15
2022-01-06 09:13:13,276 - root - INFO -     4 (20): 7  7
2022-01-06 09:13:13,277 - root - INFO - Reading descriptor for parameter 20
2022-01-06 09:13:13,277 - root - INFO - Descriptor offset: 126, Descriptor length: 36
2022-01-06 09:13:13,277 - root - INFO - Parsing descriptor for parameter 20...
2022-01-06 09:13:13,277 - root - INFO - 2 (12): 6 bytes
2022-01-06 09:13:13,277 - root - INFO -     1 ( 8): 153 99
2022-01-06 09:13:13,277 - root - INFO -     2 (10): 177 B1
2022-01-06 09:13:13,278 - root - INFO - 3 (1A): 4 bytes
2022-01-06 09:13:13,278 - root - INFO -     1 ( 8): 35 23
2022-01-06 09:13:13,278 - root - INFO -     2 (10): 77 4D
2022-01-06 09:13:13,278 - root - INFO - 4 (22): 4 bytes
2022-01-06 09:13:13,278 - root - INFO -     1 ( 8): 37 25
2022-01-06 09:13:13,278 - root - INFO -     2 (10): 113 71
2022-01-06 09:13:13,278 - root - INFO - 5 (2A): 14 bytes
2022-01-06 09:13:13,278 - root - INFO -     1 ( 8): 36 24
2022-01-06 09:13:13,278 - root - INFO -     2 (10): 121 79
2022-01-06 09:13:13,278 - root - INFO -     4 (22): 8 bytes
2022-01-06 09:13:13,278 - root - INFO -         1 ( 8): 141 8D
2022-01-06 09:13:13,279 - root - INFO -         2 (10): 166 A6
2022-01-06 09:13:13,279 - root - INFO -         3 (18): 38 26
2022-01-06 09:13:13,282 - root - INFO - Reading resources offsets table with 39 elements (156 bytes)
2022-01-06 09:13:13,282 - root - INFO - Resource 0 offset: 437, length: 101656...
2022-01-06 09:13:13,282 - root - DEBUG - Reading resource 0...
2022-01-06 09:13:13,321 - root - INFO - The image is bmc.
2022-01-06 09:13:13,321 - root - INFO - Reading image header(readHeader16C)...
2022-01-06 09:13:13,321 - root - INFO - Image header was read:
2022-01-06 09:13:13,322 - root - INFO - Width: 210, Height: 242, RowLength: 420
2022-01-06 09:13:13,322 - root - INFO - _step: 2, unknown2: 0,
2022-01-06 09:13:13,322 - root - INFO - BPP: 16, Transparency: False
2022-01-06 09:13:13,522 - root - INFO - Resource 1 offset: 102093, length: 101656...
2022-01-06 09:13:13,523 - root - DEBUG - Reading resource 1...
2022-01-06 09:13:13,523 - root - INFO - The image is bmc.
2022-01-06 09:13:13,523 - root - INFO - Reading image header(readHeader16C)...
2022-01-06 09:13:13,523 - root - INFO - Image header was read:
2022-01-06 09:13:13,523 - root - INFO - Width: 210, Height: 242, RowLength: 420
2022-01-06 09:13:13,523 - root - INFO - _step: 2, unknown2: 0,
2022-01-06 09:13:13,523 - root - INFO - BPP: 16, Transparency: False
2022-01-06 09:13:13,719 - root - INFO - Resource 2 offset: 203749, length: 101656...
2022-01-06 09:13:13,719 - root - DEBUG - Reading resource 2...
2022-01-06 09:13:13,720 - root - INFO - The image is bmc.
2022-01-06 09:13:13,720 - root - INFO - Reading image header(readHeader16C)...
2022-01-06 09:13:13,720 - root - INFO - Image header was read:
2022-01-06 09:13:13,720 - root - INFO - Width: 210, Height: 242, RowLength: 420
2022-01-06 09:13:13,720 - root - INFO - _step: 2, unknown2: 0,
2022-01-06 09:13:13,720 - root - INFO - BPP: 16, Transparency: False
2022-01-06 09:13:13,919 - root - INFO - Resource 3 offset: 305405, length: 216664...
2022-01-06 09:13:13,920 - root - DEBUG - Reading resource 3...
2022-01-06 09:13:13,920 - root - INFO - The image is bmc.
2022-01-06 09:13:13,920 - root - INFO - Reading image header(readHeader16C)...
2022-01-06 09:13:13,920 - root - INFO - Image header was read:
2022-01-06 09:13:13,920 - root - INFO - Width: 306, Height: 354, RowLength: 612
2022-01-06 09:13:13,920 - root - INFO - _step: 2, unknown2: 0,
2022-01-06 09:13:13,920 - root - INFO - BPP: 16, Transparency: False
2022-01-06 09:13:14,337 - root - INFO - Resource 4 offset: 522069, length: 428...
2022-01-06 09:13:14,337 - root - DEBUG - Reading resource 4...
2022-01-06 09:13:14,337 - root - INFO - The image is bme.
2022-01-06 09:13:14,337 - root - INFO - Reading image header(readHeader16E)...
2022-01-06 09:13:14,337 - root - INFO - Image header was read:
2022-01-06 09:13:14,337 - root - INFO - Width: 10, Height: 20, RowLength: 20
2022-01-06 09:13:14,337 - root - INFO - datalength: 412, _step: 2
2022-01-06 09:13:14,337 - root - INFO - BPP: 16, Transparency: False
2022-01-06 09:13:14,338 - root - INFO - Resource 5 offset: 522497, length: 238...
2022-01-06 09:13:14,338 - root - DEBUG - Reading resource 5...
2022-01-06 09:13:14,338 - root - INFO - The image is bme.
2022-01-06 09:13:14,338 - root - INFO - Reading image header(readHeader16E)...
2022-01-06 09:13:14,338 - root - INFO - Image header was read:
2022-01-06 09:13:14,338 - root - INFO - Width: 10, Height: 20, RowLength: 20
2022-01-06 09:13:14,338 - root - INFO - datalength: 222, _step: 2
2022-01-06 09:13:14,339 - root - INFO - BPP: 16, Transparency: False
2022-01-06 09:13:14,339 - root - INFO - Resource 6 offset: 522735, length: 330...
2022-01-06 09:13:14,339 - root - DEBUG - Reading resource 6...
2022-01-06 09:13:14,339 - root - INFO - The image is bme.
2022-01-06 09:13:14,339 - root - INFO - Reading image header(readHeader16E)...
2022-01-06 09:13:14,339 - root - INFO - Image header was read:
2022-01-06 09:13:14,339 - root - INFO - Width: 10, Height: 20, RowLength: 20
2022-01-06 09:13:14,339 - root - INFO - datalength: 314, _step: 2
2022-01-06 09:13:14,339 - root - INFO - BPP: 16, Transparency: False
2022-01-06 09:13:14,340 - root - INFO - Resource 7 offset: 523065, length: 346...
2022-01-06 09:13:14,340 - root - DEBUG - Reading resource 7...
2022-01-06 09:13:14,340 - root - INFO - The image is bme.
2022-01-06 09:13:14,340 - root - INFO - Reading image header(readHeader16E)...
2022-01-06 09:13:14,341 - root - INFO - Image header was read:
2022-01-06 09:13:14,341 - root - INFO - Width: 10, Height: 20, RowLength: 20
2022-01-06 09:13:14,341 - root - INFO - datalength: 330, _step: 2
2022-01-06 09:13:14,341 - root - INFO - BPP: 16, Transparency: False
2022-01-06 09:13:14,341 - root - INFO - Resource 8 offset: 523411, length: 334...
2022-01-06 09:13:14,341 - root - DEBUG - Reading resource 8...
2022-01-06 09:13:14,341 - root - INFO - The image is bme.
2022-01-06 09:13:14,342 - root - INFO - Reading image header(readHeader16E)...
2022-01-06 09:13:14,342 - root - INFO - Image header was read:
2022-01-06 09:13:14,342 - root - INFO - Width: 10, Height: 20, RowLength: 20
2022-01-06 09:13:14,342 - root - INFO - datalength: 318, _step: 2
2022-01-06 09:13:14,342 - root - INFO - BPP: 16, Transparency: False
2022-01-06 09:13:14,342 - root - INFO - Resource 9 offset: 523745, length: 346...
2022-01-06 09:13:14,342 - root - DEBUG - Reading resource 9...
2022-01-06 09:13:14,343 - root - INFO - The image is bme.
2022-01-06 09:13:14,343 - root - INFO - Reading image header(readHeader16E)...
2022-01-06 09:13:14,343 - root - INFO - Image header was read:
2022-01-06 09:13:14,343 - root - INFO - Width: 10, Height: 20, RowLength: 20
2022-01-06 09:13:14,343 - root - INFO - datalength: 330, _step: 2
2022-01-06 09:13:14,343 - root - INFO - BPP: 16, Transparency: False
2022-01-06 09:13:14,343 - root - INFO - Resource 10 offset: 524091, length: 396...
2022-01-06 09:13:14,344 - root - DEBUG - Reading resource 10...
2022-01-06 09:13:14,344 - root - INFO - The image is bme.
2022-01-06 09:13:14,344 - root - INFO - Reading image header(readHeader16E)...
2022-01-06 09:13:14,344 - root - INFO - Image header was read:
2022-01-06 09:13:14,344 - root - INFO - Width: 10, Height: 20, RowLength: 20
2022-01-06 09:13:14,344 - root - INFO - datalength: 380, _step: 2
2022-01-06 09:13:14,344 - root - INFO - BPP: 16, Transparency: False
2022-01-06 09:13:14,345 - root - INFO - Resource 11 offset: 524487, length: 304...
2022-01-06 09:13:14,345 - root - DEBUG - Reading resource 11...
2022-01-06 09:13:14,345 - root - INFO - The image is bme.
2022-01-06 09:13:14,345 - root - INFO - Reading image header(readHeader16E)...
2022-01-06 09:13:14,345 - root - INFO - Image header was read:
2022-01-06 09:13:14,345 - root - INFO - Width: 10, Height: 20, RowLength: 20
2022-01-06 09:13:14,345 - root - INFO - datalength: 288, _step: 2
2022-01-06 09:13:14,345 - root - INFO - BPP: 16, Transparency: False
2022-01-06 09:13:14,346 - root - INFO - Resource 12 offset: 524791, length: 420...
2022-01-06 09:13:14,346 - root - DEBUG - Reading resource 12...
2022-01-06 09:13:14,346 - root - INFO - The image is bme.
2022-01-06 09:13:14,346 - root - INFO - Reading image header(readHeader16E)...
2022-01-06 09:13:14,346 - root - INFO - Image header was read:
2022-01-06 09:13:14,346 - root - INFO - Width: 10, Height: 20, RowLength: 20
2022-01-06 09:13:14,346 - root - INFO - datalength: 404, _step: 2
2022-01-06 09:13:14,346 - root - INFO - BPP: 16, Transparency: False
2022-01-06 09:13:14,347 - root - INFO - Resource 13 offset: 525211, length: 356...
2022-01-06 09:13:14,347 - root - DEBUG - Reading resource 13...
2022-01-06 09:13:14,347 - root - INFO - The image is bme.
2022-01-06 09:13:14,347 - root - INFO - Reading image header(readHeader16E)...
2022-01-06 09:13:14,347 - root - INFO - Image header was read:
2022-01-06 09:13:14,347 - root - INFO - Width: 10, Height: 20, RowLength: 20
2022-01-06 09:13:14,347 - root - INFO - datalength: 340, _step: 2
2022-01-06 09:13:14,347 - root - INFO - BPP: 16, Transparency: False
2022-01-06 09:13:14,348 - root - INFO - Resource 14 offset: 525567, length: 1450...
2022-01-06 09:13:14,348 - root - DEBUG - Reading resource 14...
2022-01-06 09:13:14,348 - root - INFO - The image is bme.
2022-01-06 09:13:14,348 - root - INFO - Reading image header(readHeader16E)...
2022-01-06 09:13:14,348 - root - INFO - Image header was read:
2022-01-06 09:13:14,348 - root - INFO - Width: 35, Height: 20, RowLength: 70
2022-01-06 09:13:14,348 - root - INFO - datalength: 1434, _step: 2
2022-01-06 09:13:14,348 - root - INFO - BPP: 16, Transparency: False
2022-01-06 09:13:14,351 - root - INFO - Resource 15 offset: 527017, length: 1042...
2022-01-06 09:13:14,351 - root - DEBUG - Reading resource 15...
2022-01-06 09:13:14,351 - root - INFO - The image is bme.
2022-01-06 09:13:14,351 - root - INFO - Reading image header(readHeader16E)...
2022-01-06 09:13:14,351 - root - INFO - Image header was read:
2022-01-06 09:13:14,351 - root - INFO - Width: 35, Height: 20, RowLength: 70
2022-01-06 09:13:14,351 - root - INFO - datalength: 1026, _step: 2
2022-01-06 09:13:14,351 - root - INFO - BPP: 16, Transparency: False
2022-01-06 09:13:14,353 - root - INFO - Resource 16 offset: 528059, length: 1382...
2022-01-06 09:13:14,353 - root - DEBUG - Reading resource 16...
2022-01-06 09:13:14,353 - root - INFO - The image is bme.
2022-01-06 09:13:14,353 - root - INFO - Reading image header(readHeader16E)...
2022-01-06 09:13:14,353 - root - INFO - Image header was read:
2022-01-06 09:13:14,353 - root - INFO - Width: 35, Height: 20, RowLength: 70
2022-01-06 09:13:14,353 - root - INFO - datalength: 1366, _step: 2
2022-01-06 09:13:14,353 - root - INFO - BPP: 16, Transparency: False
2022-01-06 09:13:14,355 - root - INFO - Resource 17 offset: 529441, length: 1212...
2022-01-06 09:13:14,355 - root - DEBUG - Reading resource 17...
2022-01-06 09:13:14,355 - root - INFO - The image is bme.
2022-01-06 09:13:14,355 - root - INFO - Reading image header(readHeader16E)...
2022-01-06 09:13:14,356 - root - INFO - Image header was read:
2022-01-06 09:13:14,356 - root - INFO - Width: 35, Height: 20, RowLength: 70
2022-01-06 09:13:14,356 - root - INFO - datalength: 1196, _step: 2
2022-01-06 09:13:14,356 - root - INFO - BPP: 16, Transparency: False
2022-01-06 09:13:14,358 - root - INFO - Resource 18 offset: 530653, length: 1026...
2022-01-06 09:13:14,358 - root - DEBUG - Reading resource 18...
2022-01-06 09:13:14,358 - root - INFO - The image is bme.
2022-01-06 09:13:14,358 - root - INFO - Reading image header(readHeader16E)...
2022-01-06 09:13:14,358 - root - INFO - Image header was read:
2022-01-06 09:13:14,358 - root - INFO - Width: 35, Height: 20, RowLength: 70
2022-01-06 09:13:14,358 - root - INFO - datalength: 1010, _step: 2
2022-01-06 09:13:14,358 - root - INFO - BPP: 16, Transparency: False
2022-01-06 09:13:14,360 - root - INFO - Resource 19 offset: 531679, length: 1052...
2022-01-06 09:13:14,360 - root - DEBUG - Reading resource 19...
2022-01-06 09:13:14,360 - root - INFO - The image is bme.
2022-01-06 09:13:14,360 - root - INFO - Reading image header(readHeader16E)...
2022-01-06 09:13:14,360 - root - INFO - Image header was read:
2022-01-06 09:13:14,360 - root - INFO - Width: 35, Height: 20, RowLength: 70
2022-01-06 09:13:14,360 - root - INFO - datalength: 1036, _step: 2
2022-01-06 09:13:14,360 - root - INFO - BPP: 16, Transparency: False
2022-01-06 09:13:14,362 - root - INFO - Resource 20 offset: 532731, length: 1314...
2022-01-06 09:13:14,362 - root - DEBUG - Reading resource 20...
2022-01-06 09:13:14,362 - root - INFO - The image is bme.
2022-01-06 09:13:14,362 - root - INFO - Reading image header(readHeader16E)...
2022-01-06 09:13:14,362 - root - INFO - Image header was read:
2022-01-06 09:13:14,362 - root - INFO - Width: 35, Height: 20, RowLength: 70
2022-01-06 09:13:14,362 - root - INFO - datalength: 1298, _step: 2
2022-01-06 09:13:14,362 - root - INFO - BPP: 16, Transparency: False
2022-01-06 09:13:14,364 - root - INFO - Resource 21 offset: 534045, length: 764...
2022-01-06 09:13:14,364 - root - DEBUG - Reading resource 21...
2022-01-06 09:13:14,364 - root - INFO - The image is bme.
2022-01-06 09:13:14,364 - root - INFO - Reading image header(readHeader16E)...
2022-01-06 09:13:14,364 - root - INFO - Image header was read:
2022-01-06 09:13:14,365 - root - INFO - Width: 35, Height: 20, RowLength: 70
2022-01-06 09:13:14,365 - root - INFO - datalength: 748, _step: 2
2022-01-06 09:13:14,365 - root - INFO - BPP: 16, Transparency: False
2022-01-06 09:13:14,366 - root - INFO - Resource 22 offset: 534809, length: 922...
2022-01-06 09:13:14,366 - root - DEBUG - Reading resource 22...
2022-01-06 09:13:14,366 - root - INFO - The image is bme.
2022-01-06 09:13:14,366 - root - INFO - Reading image header(readHeader16E)...
2022-01-06 09:13:14,366 - root - INFO - Image header was read:
2022-01-06 09:13:14,366 - root - INFO - Width: 35, Height: 20, RowLength: 70
2022-01-06 09:13:14,366 - root - INFO - datalength: 906, _step: 2
2022-01-06 09:13:14,367 - root - INFO - BPP: 16, Transparency: False
2022-01-06 09:13:14,368 - root - INFO - Resource 23 offset: 535731, length: 990...
2022-01-06 09:13:14,368 - root - DEBUG - Reading resource 23...
2022-01-06 09:13:14,368 - root - INFO - The image is bme.
2022-01-06 09:13:14,368 - root - INFO - Reading image header(readHeader16E)...
2022-01-06 09:13:14,369 - root - INFO - Image header was read:
2022-01-06 09:13:14,369 - root - INFO - Width: 35, Height: 20, RowLength: 70
2022-01-06 09:13:14,369 - root - INFO - datalength: 974, _step: 2
2022-01-06 09:13:14,369 - root - INFO - BPP: 16, Transparency: False
2022-01-06 09:13:14,370 - root - INFO - Resource 24 offset: 536721, length: 1360...
2022-01-06 09:13:14,371 - root - DEBUG - Reading resource 24...
2022-01-06 09:13:14,371 - root - INFO - The image is bme.
2022-01-06 09:13:14,371 - root - INFO - Reading image header(readHeader16E)...
2022-01-06 09:13:14,371 - root - INFO - Image header was read:
2022-01-06 09:13:14,371 - root - INFO - Width: 35, Height: 20, RowLength: 70
2022-01-06 09:13:14,371 - root - INFO - datalength: 1344, _step: 2
2022-01-06 09:13:14,371 - root - INFO - BPP: 16, Transparency: False
2022-01-06 09:13:14,373 - root - INFO - Resource 25 offset: 538081, length: 1134...
2022-01-06 09:13:14,373 - root - DEBUG - Reading resource 25...
2022-01-06 09:13:14,373 - root - INFO - The image is bme.
2022-01-06 09:13:14,373 - root - INFO - Reading image header(readHeader16E)...
2022-01-06 09:13:14,373 - root - INFO - Image header was read:
2022-01-06 09:13:14,374 - root - INFO - Width: 35, Height: 20, RowLength: 70
2022-01-06 09:13:14,374 - root - INFO - datalength: 1118, _step: 2
2022-01-06 09:13:14,374 - root - INFO - BPP: 16, Transparency: False
2022-01-06 09:13:14,376 - root - INFO - Resource 26 offset: 539215, length: 1138...
2022-01-06 09:13:14,376 - root - DEBUG - Reading resource 26...
2022-01-06 09:13:14,376 - root - INFO - The image is bme.
2022-01-06 09:13:14,376 - root - INFO - Reading image header(readHeader16E)...
2022-01-06 09:13:14,376 - root - INFO - Image header was read:
2022-01-06 09:13:14,376 - root - INFO - Width: 35, Height: 20, RowLength: 70
2022-01-06 09:13:14,376 - root - INFO - datalength: 1122, _step: 2
2022-01-06 09:13:14,376 - root - INFO - BPP: 16, Transparency: False
2022-01-06 09:13:14,378 - root - INFO - Resource 27 offset: 540353, length: 1184...
2022-01-06 09:13:14,378 - root - DEBUG - Reading resource 27...
2022-01-06 09:13:14,378 - root - INFO - The image is bme.
2022-01-06 09:13:14,378 - root - INFO - Reading image header(readHeader16E)...
2022-01-06 09:13:14,378 - root - INFO - Image header was read:
2022-01-06 09:13:14,378 - root - INFO - Width: 35, Height: 20, RowLength: 70
2022-01-06 09:13:14,378 - root - INFO - datalength: 1168, _step: 2
2022-01-06 09:13:14,379 - root - INFO - BPP: 16, Transparency: False
2022-01-06 09:13:14,380 - root - INFO - Resource 28 offset: 541537, length: 806...
2022-01-06 09:13:14,381 - root - DEBUG - Reading resource 28...
2022-01-06 09:13:14,381 - root - INFO - The image is bme.
2022-01-06 09:13:14,381 - root - INFO - Reading image header(readHeader16E)...
2022-01-06 09:13:14,381 - root - INFO - Image header was read:
2022-01-06 09:13:14,381 - root - INFO - Width: 35, Height: 20, RowLength: 70
2022-01-06 09:13:14,381 - root - INFO - datalength: 790, _step: 2
2022-01-06 09:13:14,381 - root - INFO - BPP: 16, Transparency: False
2022-01-06 09:13:14,382 - root - INFO - Resource 29 offset: 542343, length: 954...
2022-01-06 09:13:14,382 - root - DEBUG - Reading resource 29...
2022-01-06 09:13:14,383 - root - INFO - The image is bme.
2022-01-06 09:13:14,383 - root - INFO - Reading image header(readHeader16E)...
2022-01-06 09:13:14,383 - root - INFO - Image header was read:
2022-01-06 09:13:14,383 - root - INFO - Width: 35, Height: 20, RowLength: 70
2022-01-06 09:13:14,383 - root - INFO - datalength: 938, _step: 2
2022-01-06 09:13:14,383 - root - INFO - BPP: 16, Transparency: False
2022-01-06 09:13:14,385 - root - INFO - Resource 30 offset: 543297, length: 1032...
2022-01-06 09:13:14,385 - root - DEBUG - Reading resource 30...
2022-01-06 09:13:14,385 - root - INFO - The image is bme.
2022-01-06 09:13:14,385 - root - INFO - Reading image header(readHeader16E)...
2022-01-06 09:13:14,385 - root - INFO - Image header was read:
2022-01-06 09:13:14,385 - root - INFO - Width: 35, Height: 20, RowLength: 70
2022-01-06 09:13:14,385 - root - INFO - datalength: 1016, _step: 2
2022-01-06 09:13:14,385 - root - INFO - BPP: 16, Transparency: False
2022-01-06 09:13:14,387 - root - INFO - Resource 31 offset: 544329, length: 1274...
2022-01-06 09:13:14,387 - root - DEBUG - Reading resource 31...
2022-01-06 09:13:14,387 - root - INFO - The image is bme.
2022-01-06 09:13:14,387 - root - INFO - Reading image header(readHeader16E)...
2022-01-06 09:13:14,387 - root - INFO - Image header was read:
2022-01-06 09:13:14,387 - root - INFO - Width: 35, Height: 20, RowLength: 70
2022-01-06 09:13:14,387 - root - INFO - datalength: 1258, _step: 2
2022-01-06 09:13:14,387 - root - INFO - BPP: 16, Transparency: False
2022-01-06 09:13:14,390 - root - INFO - Resource 32 offset: 545603, length: 1120...
2022-01-06 09:13:14,390 - root - DEBUG - Reading resource 32...
2022-01-06 09:13:14,390 - root - INFO - The image is bme.
2022-01-06 09:13:14,390 - root - INFO - Reading image header(readHeader16E)...
2022-01-06 09:13:14,390 - root - INFO - Image header was read:
2022-01-06 09:13:14,390 - root - INFO - Width: 35, Height: 20, RowLength: 70
2022-01-06 09:13:14,390 - root - INFO - datalength: 1104, _step: 2
2022-01-06 09:13:14,390 - root - INFO - BPP: 16, Transparency: False
2022-01-06 09:13:14,392 - root - INFO - Resource 33 offset: 546723, length: 1144...
2022-01-06 09:13:14,392 - root - DEBUG - Reading resource 33...
2022-01-06 09:13:14,392 - root - INFO - The image is bme.
2022-01-06 09:13:14,392 - root - INFO - Reading image header(readHeader16E)...
2022-01-06 09:13:14,392 - root - INFO - Image header was read:
2022-01-06 09:13:14,392 - root - INFO - Width: 35, Height: 20, RowLength: 70
2022-01-06 09:13:14,393 - root - INFO - datalength: 1128, _step: 2
2022-01-06 09:13:14,393 - root - INFO - BPP: 16, Transparency: False
2022-01-06 09:13:14,395 - root - INFO - Resource 34 offset: 547867, length: 1228...
2022-01-06 09:13:14,395 - root - DEBUG - Reading resource 34...
2022-01-06 09:13:14,395 - root - INFO - The image is bme.
2022-01-06 09:13:14,395 - root - INFO - Reading image header(readHeader16E)...
2022-01-06 09:13:14,395 - root - INFO - Image header was read:
2022-01-06 09:13:14,395 - root - INFO - Width: 35, Height: 20, RowLength: 70
2022-01-06 09:13:14,395 - root - INFO - datalength: 1212, _step: 2
2022-01-06 09:13:14,395 - root - INFO - BPP: 16, Transparency: False
2022-01-06 09:13:14,397 - root - INFO - Resource 35 offset: 549095, length: 5497...
2022-01-06 09:13:14,397 - root - DEBUG - Reading resource 35...
2022-01-06 09:13:14,397 - root - INFO - The image is bmc.
2022-01-06 09:13:14,397 - root - INFO - Reading image header(readHeader16C)...
2022-01-06 09:13:14,397 - root - INFO - Image header was read:
2022-01-06 09:13:14,397 - root - INFO - Width: 21, Height: 87, RowLength: 63
2022-01-06 09:13:14,398 - root - INFO - _step: 3, unknown2: 0,
2022-01-06 09:13:14,398 - root - INFO - BPP: 24, Transparency: False
2022-01-06 09:13:14,405 - root - INFO - Resource 36 offset: 554592, length: 9745...
2022-01-06 09:13:14,405 - root - DEBUG - Reading resource 36...
2022-01-06 09:13:14,405 - root - INFO - The image is bmc.
2022-01-06 09:13:14,405 - root - INFO - Reading image header(readHeader16C)...
2022-01-06 09:13:14,405 - root - INFO - Image header was read:
2022-01-06 09:13:14,405 - root - INFO - Width: 23, Height: 141, RowLength: 69
2022-01-06 09:13:14,405 - root - INFO - _step: 3, unknown2: 0,
2022-01-06 09:13:14,405 - root - INFO - BPP: 24, Transparency: False
2022-01-06 09:13:14,418 - root - INFO - Resource 37 offset: 564337, length: 8503...
2022-01-06 09:13:14,418 - root - DEBUG - Reading resource 37...
2022-01-06 09:13:14,418 - root - INFO - The image is bmc.
2022-01-06 09:13:14,418 - root - INFO - Reading image header(readHeader16C)...
2022-01-06 09:13:14,418 - root - INFO - Image header was read:
2022-01-06 09:13:14,418 - root - INFO - Width: 23, Height: 123, RowLength: 69
2022-01-06 09:13:14,418 - root - INFO - _step: 3, unknown2: 0,
2022-01-06 09:13:14,418 - root - INFO - BPP: 24, Transparency: False
2022-01-06 09:13:14,429 - root - INFO - Resource 38 offset: 572840, length: 1666...
2022-01-06 09:13:14,429 - root - DEBUG - Reading resource 38...
2022-01-06 09:13:14,429 - root - INFO - The image is bmc.
2022-01-06 09:13:14,429 - root - INFO - Reading image header(readHeader16C)...
2022-01-06 09:13:14,430 - root - INFO - Image header was read:
2022-01-06 09:13:14,430 - root - INFO - Width: 25, Height: 22, RowLength: 75
2022-01-06 09:13:14,430 - root - INFO - _step: 3, unknown2: 0,
2022-01-06 09:13:14,430 - root - INFO - BPP: 24, Transparency: False
2022-01-06 09:13:14,432 - root - DEBUG - Parsing parameters...
2022-01-06 09:13:14,495 - root - DEBUG - 0 Value: None
2022-01-06 09:13:14,495 - root - DEBUG - 0.1 Value: 73
2022-01-06 09:13:14,495 - root - DEBUG - 2 Value: None
2022-01-06 09:13:14,495 - root - DEBUG - 2.1 Value: None
2022-01-06 09:13:14,495 - root - DEBUG - 2.1.1 Value: 0
2022-01-06 09:13:14,495 - root - DEBUG - 2.1.2 Value: 0
2022-01-06 09:13:14,495 - root - DEBUG - 2.1.3 Value: 3
2022-01-06 09:13:14,495 - root - DEBUG - 2.3 Value: None
2022-01-06 09:13:14,495 - root - DEBUG - 2.3.1 Value: 0
2022-01-06 09:13:14,495 - root - DEBUG - 2.3.2 Value: 0
2022-01-06 09:13:14,495 - root - DEBUG - 2.3.3 Value: 1
2022-01-06 09:13:14,496 - root - DEBUG - 2.4 Value: None
2022-01-06 09:13:14,496 - root - DEBUG - 2.4.1 Value: 0
2022-01-06 09:13:14,496 - root - DEBUG - 2.4.2 Value: 0
2022-01-06 09:13:14,496 - root - DEBUG - 2.4.3 Value: 2
2022-01-06 09:13:14,496 - root - DEBUG - 2.5 Value: None
2022-01-06 09:13:14,496 - root - DEBUG - 2.5.1 Value: 0
2022-01-06 09:13:14,496 - root - DEBUG - 2.5.2 Value: 0
2022-01-06 09:13:14,496 - root - DEBUG - 2.5.3 Value: 0
2022-01-06 09:13:14,496 - root - DEBUG - 4 Value: None
2022-01-06 09:13:14,496 - root - DEBUG - 4.7 Value: 0
2022-01-06 09:13:14,496 - root - DEBUG - 4.8 Value: None
2022-01-06 09:13:14,496 - root - DEBUG - 4.8.1 Value: None
2022-01-06 09:13:14,496 - root - DEBUG - 4.8.1.1 Value: 0
2022-01-06 09:13:14,496 - root - DEBUG - 4.8.1.2 Value: 0
2022-01-06 09:13:14,497 - root - DEBUG - 4.8.1.3 Value: 0
2022-01-06 09:13:14,497 - root - DEBUG - 4.8.1.4 Value: 0
2022-01-06 09:13:14,497 - root - DEBUG - 4.8.1.5 Value: 0
2022-01-06 09:13:14,497 - root - DEBUG - 4.8.1.6 Value: 0
2022-01-06 09:13:14,497 - root - DEBUG - 4.8.1.7 Value: 0
2022-01-06 09:13:14,497 - root - DEBUG - 4.8.1.8 Value: 0
2022-01-06 09:13:14,497 - root - DEBUG - 4.8.1.9 Value: 0
2022-01-06 09:13:14,497 - root - DEBUG - 5 Value: None
2022-01-06 09:13:14,497 - root - DEBUG - 5.1 Value: None
2022-01-06 09:13:14,497 - root - DEBUG - 5.1.1 Value: None
2022-01-06 09:13:14,497 - root - DEBUG - 5.1.1.4 Value: None
2022-01-06 09:13:14,497 - root - DEBUG - 5.1.1.4.1 Value: 251
2022-01-06 09:13:14,497 - root - DEBUG - 5.1.1.4.2 Value: 167
2022-01-06 09:13:14,498 - root - DEBUG - 5.1.1.4.3 Value: 271
2022-01-06 09:13:14,498 - root - DEBUG - 5.1.1.4.4 Value: 187
2022-01-06 09:13:14,498 - root - DEBUG - 5.1.1.4.5 Value: 18
2022-01-06 09:13:14,498 - root - DEBUG - 5.1.1.4.6 Value: 0
2022-01-06 09:13:14,498 - root - DEBUG - 5.1.1.4.7 Value: 0
2022-01-06 09:13:14,498 - root - DEBUG - 5.1.1.4.8 Value: 4
2022-01-06 09:13:14,498 - root - DEBUG - 5.1.1.4.9 Value: 10
2022-01-06 09:13:14,498 - root - DEBUG - 5.1.4 Value: 0
2022-01-06 09:13:14,498 - root - DEBUG - 5.1.5 Value: 0
2022-01-06 09:13:14,498 - root - DEBUG - 5.1.6 Value: 0
2022-01-06 09:13:14,498 - root - DEBUG - 5.4 Value: None
2022-01-06 09:13:14,498 - root - DEBUG - 5.4.1 Value: 206
2022-01-06 09:13:14,498 - root - DEBUG - 5.4.2 Value: 167
2022-01-06 09:13:14,498 - root - DEBUG - 5.4.3 Value: 14
2022-01-06 09:13:14,499 - root - DEBUG - 5.4.4 Value: 7
2022-01-06 09:13:14,499 - root - DEBUG - 5.5 Value: None
2022-01-06 09:13:14,499 - root - DEBUG - 5.5.1 Value: 206
2022-01-06 09:13:14,499 - root - DEBUG - 5.5.2 Value: 167
2022-01-06 09:13:14,499 - root - DEBUG - 5.5.3 Value: 28
2022-01-06 09:13:14,499 - root - DEBUG - 5.5.4 Value: 7
2022-01-06 09:13:14,499 - root - DEBUG - 5.6 Value: None
2022-01-06 09:13:14,499 - root - DEBUG - 5.6.1 Value: 206
2022-01-06 09:13:14,499 - root - DEBUG - 5.6.2 Value: 167
2022-01-06 09:13:14,499 - root - DEBUG - 5.6.3 Value: 21
2022-01-06 09:13:14,499 - root - DEBUG - 5.6.4 Value: 7
2022-01-06 09:13:14,499 - root - DEBUG - 20 Value: None
2022-01-06 09:13:14,499 - root - DEBUG - 20.2 Value: None
2022-01-06 09:13:14,500 - root - DEBUG - 20.2.1 Value: 153
2022-01-06 09:13:14,500 - root - DEBUG - 20.2.2 Value: 177
2022-01-06 09:13:14,500 - root - DEBUG - 20.3 Value: None
2022-01-06 09:13:14,500 - root - DEBUG - 20.3.1 Value: 35
2022-01-06 09:13:14,500 - root - DEBUG - 20.3.2 Value: 77
2022-01-06 09:13:14,500 - root - DEBUG - 20.4 Value: None
2022-01-06 09:13:14,500 - root - DEBUG - 20.4.1 Value: 37
2022-01-06 09:13:14,500 - root - DEBUG - 20.4.2 Value: 113
2022-01-06 09:13:14,500 - root - DEBUG - 20.5 Value: None
2022-01-06 09:13:14,500 - root - DEBUG - 20.5.1 Value: 36
2022-01-06 09:13:14,500 - root - DEBUG - 20.5.2 Value: 121
2022-01-06 09:13:14,500 - root - DEBUG - 20.5.4 Value: None
2022-01-06 09:13:14,501 - root - DEBUG - 20.5.4.1 Value: 141
2022-01-06 09:13:14,501 - root - DEBUG - 20.5.4.2 Value: 166
2022-01-06 09:13:14,501 - root - DEBUG - 20.5.4.3 Value: 38
2022-01-06 09:13:14,501 - root - DEBUG - 0-Info
2022-01-06 09:13:14,501 - root - DEBUG - 0.1-DeviceId
2022-01-06 09:13:14,501 - root - DEBUG - 2-Background
2022-01-06 09:13:14,501 - root - DEBUG - 2.1-Image
2022-01-06 09:13:14,501 - root - DEBUG - 2.1.1-X
2022-01-06 09:13:14,501 - root - DEBUG - 2.1.2-Y
2022-01-06 09:13:14,501 - root - DEBUG - 2.1.3-ImageIndex
2022-01-06 09:13:14,501 - root - DEBUG - 2.3-Preview
2022-01-06 09:13:14,502 - root - DEBUG - 2.3.1-X
2022-01-06 09:13:14,502 - root - DEBUG - 2.3.2-Y
2022-01-06 09:13:14,502 - root - DEBUG - 2.3.3-ImageIndex
2022-01-06 09:13:14,502 - root - DEBUG - 2.4-PreviewTradChinese
2022-01-06 09:13:14,502 - root - DEBUG - 2.4.1-X
2022-01-06 09:13:14,502 - root - DEBUG - 2.4.2-Y
2022-01-06 09:13:14,502 - root - DEBUG - 2.4.3-ImageIndex
2022-01-06 09:13:14,502 - root - DEBUG - 2.5-PreviewChinese
2022-01-06 09:13:14,502 - root - DEBUG - 2.5.1-X
2022-01-06 09:13:14,502 - root - DEBUG - 2.5.2-Y
2022-01-06 09:13:14,503 - root - DEBUG - 2.5.3-ImageIndex
2022-01-06 09:13:14,503 - root - DEBUG - 4-Activity
2022-01-06 09:13:14,503 - root - DEBUG - 4.7-UnknownLongValue7
2022-01-06 09:13:14,503 - root - DEBUG - 4.8-StandUp
2022-01-06 09:13:14,503 - root - DEBUG - 4.8.1-ImageNumber
2022-01-06 09:13:14,503 - root - DEBUG - 4.8.1.1-TopLeftX
2022-01-06 09:13:14,503 - root - DEBUG - 4.8.1.2-TopLeftY
2022-01-06 09:13:14,503 - root - DEBUG - 4.8.1.3-BottomRightX
2022-01-06 09:13:14,503 - root - DEBUG - 4.8.1.4-BottomRightY
2022-01-06 09:13:14,504 - root - DEBUG - 4.8.1.5-Alignment
2022-01-06 09:13:14,504 - root - DEBUG - 4.8.1.6-Spacing
2022-01-06 09:13:14,504 - root - DEBUG - 4.8.1.7-VerticalOffset
2022-01-06 09:13:14,504 - root - DEBUG - 4.8.1.8-ImageIndex
2022-01-06 09:13:14,504 - root - DEBUG - 4.8.1.9-ImagesCount
2022-01-06 09:13:14,504 - root - DEBUG - 5-DateBlock
2022-01-06 09:13:14,504 - root - DEBUG - 5.1-Date
2022-01-06 09:13:14,504 - root - DEBUG - 5.1.1-MonthAndDayAlt
2022-01-06 09:13:14,504 - root - DEBUG - 5.1.1.4-Day
2022-01-06 09:13:14,504 - root - DEBUG - 5.1.1.4.1-TopLeftX
2022-01-06 09:13:14,505 - root - DEBUG - 5.1.1.4.2-TopLeftY
2022-01-06 09:13:14,505 - root - DEBUG - 5.1.1.4.3-BottomRightX
2022-01-06 09:13:14,505 - root - DEBUG - 5.1.1.4.4-BottomRightY
2022-01-06 09:13:14,505 - root - DEBUG - 5.1.1.4.5-Alignment
2022-01-06 09:13:14,505 - root - DEBUG - 5.1.1.4.6-Spacing
2022-01-06 09:13:14,505 - root - DEBUG - 5.1.1.4.7-VerticalOffset
2022-01-06 09:13:14,505 - root - DEBUG - 5.1.1.4.8-ImageIndex
2022-01-06 09:13:14,505 - root - DEBUG - 5.1.1.4.9-ImagesCount
2022-01-06 09:13:14,505 - root - DEBUG - 5.1.4-PaddingZeroMonth
2022-01-06 09:13:14,506 - root - DEBUG - 5.1.5-PaddingZeroDay
2022-01-06 09:13:14,506 - root - DEBUG - 5.1.6-UnknownBoolean6
2022-01-06 09:13:14,506 - root - DEBUG - 5.4-Weekday
2022-01-06 09:13:14,506 - root - DEBUG - 5.4.1-X
2022-01-06 09:13:14,506 - root - DEBUG - 5.4.2-Y
2022-01-06 09:13:14,506 - root - DEBUG - 5.4.3-ImageIndex
2022-01-06 09:13:14,506 - root - DEBUG - 5.4.4-ImagesCount
2022-01-06 09:13:14,506 - root - DEBUG - 5.5-WeekdayChinese
2022-01-06 09:13:14,506 - root - DEBUG - 5.5.1-X
2022-01-06 09:13:14,507 - root - DEBUG - 5.5.2-Y
2022-01-06 09:13:14,507 - root - DEBUG - 5.5.3-ImageIndex
2022-01-06 09:13:14,507 - root - DEBUG - 5.5.4-ImagesCount
2022-01-06 09:13:14,507 - root - DEBUG - 5.6-WeekdayTradChinese
2022-01-06 09:13:14,507 - root - DEBUG - 5.6.1-X
2022-01-06 09:13:14,507 - root - DEBUG - 5.6.2-Y
2022-01-06 09:13:14,507 - root - DEBUG - 5.6.3-ImageIndex
2022-01-06 09:13:14,507 - root - DEBUG - 5.6.4-ImagesCount
2022-01-06 09:13:14,507 - root - DEBUG - 20-TimeAnalog
2022-01-06 09:13:14,507 - root - DEBUG - 20.2-CommonCenterCoordinates
2022-01-06 09:13:14,508 - root - DEBUG - 20.2.1-X
2022-01-06 09:13:14,508 - root - DEBUG - 20.2.2-Y
2022-01-06 09:13:14,508 - root - DEBUG - 20.3-Hours
2022-01-06 09:13:14,508 - root - DEBUG - 20.3.1-ImageIndex
2022-01-06 09:13:14,508 - root - DEBUG - 20.3.2-PointerCenterOfRotationY
2022-01-06 09:13:14,508 - root - DEBUG - 20.4-Minutes
2022-01-06 09:13:14,508 - root - DEBUG - 20.4.1-ImageIndex
2022-01-06 09:13:14,508 - root - DEBUG - 20.4.2-PointerCenterOfRotationY
2022-01-06 09:13:14,508 - root - DEBUG - 20.5-Seconds
2022-01-06 09:13:14,508 - root - DEBUG - 20.5.1-ImageIndex
2022-01-06 09:13:14,509 - root - DEBUG - 20.5.2-PointerCenterOfRotationY
2022-01-06 09:13:14,509 - root - DEBUG - 20.5.4-CoverImage
2022-01-06 09:13:14,509 - root - DEBUG - 20.5.4.1-X
2022-01-06 09:13:14,509 - root - DEBUG - 20.5.4.2-Y
2022-01-06 09:13:14,509 - root - DEBUG - 20.5.4.3-ImageIndex
2022-01-06 09:13:14,509 - root - DEBUG - generatePreviews
2022-01-06 09:13:14,509 - root - DEBUG - Generating previews...
2022-01-06 09:13:14,512 - root - DEBUG - Generating states done...
2022-01-06 09:13:14,518 - root - DEBUG - >>>>>>>>>>>> 0 <watchFaceParser.models.parameter.Parameter object at 0x00000280515A1048>
2022-01-06 09:13:14,518 - root - DEBUG - >>>>>>>>>>>> 2 <watchFaceParser.models.parameter.Parameter object at 0x0000028051591BC8>
2022-01-06 09:13:14,524 - root - DEBUG - >>>>>>>>>>>> 4 <watchFaceParser.models.parameter.Parameter object at 0x000002805159E088>
2022-01-06 09:13:14,530 - root - DEBUG - >>>>>>>>>>>> 5 <watchFaceParser.models.parameter.Parameter object at 0x000002805159EA48>
2022-01-06 09:13:14,536 - root - DEBUG - >>>>>>>>>>>> 20 <watchFaceParser.models.parameter.Parameter object at 0x000002805159E1C8>
2022-01-06 09:13:14,580 - root - DEBUG - Generating static preview gen done...
2022-01-06 09:13:14,680 - root - DEBUG - Generating static preview save done...
2022-01-06 09:13:14,681 - root - DEBUG - Generating anim preview gen done...
2022-01-06 09:13:14,681 - root - DEBUG - >>>>>>>>>>>> 0 <watchFaceParser.models.parameter.Parameter object at 0x00000280515A1048>
2022-01-06 09:13:14,681 - root - DEBUG - >>>>>>>>>>>> 2 <watchFaceParser.models.parameter.Parameter object at 0x0000028051591BC8>
2022-01-06 09:13:14,681 - root - DEBUG - >>>>>>>>>>>> 4 <watchFaceParser.models.parameter.Parameter object at 0x000002805159E088>
2022-01-06 09:13:14,681 - root - DEBUG - >>>>>>>>>>>> 5 <watchFaceParser.models.parameter.Parameter object at 0x000002805159EA48>
2022-01-06 09:13:14,681 - root - DEBUG - >>>>>>>>>>>> 20 <watchFaceParser.models.parameter.Parameter object at 0x000002805159E1C8>
2022-01-06 09:13:15,237 - root - DEBUG - generatePreviews done
2022-01-06 09:13:15,237 - root - DEBUG - Exporting resources to 'E:\Codez\zepp-gts2mini-wf\49ecbf7138251d9e3b5d1c75a5f6b48b'
2022-01-06 09:13:15,240 - root - DEBUG - extracting E:\Codez\zepp-gts2mini-wf\49ecbf7138251d9e3b5d1c75a5f6b48b\0000.png...
2022-01-06 09:13:15,261 - root - DEBUG - extracting E:\Codez\zepp-gts2mini-wf\49ecbf7138251d9e3b5d1c75a5f6b48b\0001.png...
2022-01-06 09:13:15,282 - root - DEBUG - extracting E:\Codez\zepp-gts2mini-wf\49ecbf7138251d9e3b5d1c75a5f6b48b\0002.png...
2022-01-06 09:13:15,303 - root - DEBUG - extracting E:\Codez\zepp-gts2mini-wf\49ecbf7138251d9e3b5d1c75a5f6b48b\0003.png...
2022-01-06 09:13:15,351 - root - DEBUG - extracting E:\Codez\zepp-gts2mini-wf\49ecbf7138251d9e3b5d1c75a5f6b48b\0004.png...
2022-01-06 09:13:15,352 - root - DEBUG - extracting E:\Codez\zepp-gts2mini-wf\49ecbf7138251d9e3b5d1c75a5f6b48b\0005.png...
2022-01-06 09:13:15,353 - root - DEBUG - extracting E:\Codez\zepp-gts2mini-wf\49ecbf7138251d9e3b5d1c75a5f6b48b\0006.png...
2022-01-06 09:13:15,353 - root - DEBUG - extracting E:\Codez\zepp-gts2mini-wf\49ecbf7138251d9e3b5d1c75a5f6b48b\0007.png...
2022-01-06 09:13:15,354 - root - DEBUG - extracting E:\Codez\zepp-gts2mini-wf\49ecbf7138251d9e3b5d1c75a5f6b48b\0008.png...
2022-01-06 09:13:15,355 - root - DEBUG - extracting E:\Codez\zepp-gts2mini-wf\49ecbf7138251d9e3b5d1c75a5f6b48b\0009.png...
2022-01-06 09:13:15,355 - root - DEBUG - extracting E:\Codez\zepp-gts2mini-wf\49ecbf7138251d9e3b5d1c75a5f6b48b\0010.png...
2022-01-06 09:13:15,356 - root - DEBUG - extracting E:\Codez\zepp-gts2mini-wf\49ecbf7138251d9e3b5d1c75a5f6b48b\0011.png...
2022-01-06 09:13:15,356 - root - DEBUG - extracting E:\Codez\zepp-gts2mini-wf\49ecbf7138251d9e3b5d1c75a5f6b48b\0012.png...
2022-01-06 09:13:15,357 - root - DEBUG - extracting E:\Codez\zepp-gts2mini-wf\49ecbf7138251d9e3b5d1c75a5f6b48b\0013.png...
2022-01-06 09:13:15,358 - root - DEBUG - extracting E:\Codez\zepp-gts2mini-wf\49ecbf7138251d9e3b5d1c75a5f6b48b\0014.png...
2022-01-06 09:13:15,358 - root - DEBUG - extracting E:\Codez\zepp-gts2mini-wf\49ecbf7138251d9e3b5d1c75a5f6b48b\0015.png...
2022-01-06 09:13:15,359 - root - DEBUG - extracting E:\Codez\zepp-gts2mini-wf\49ecbf7138251d9e3b5d1c75a5f6b48b\0016.png...
2022-01-06 09:13:15,360 - root - DEBUG - extracting E:\Codez\zepp-gts2mini-wf\49ecbf7138251d9e3b5d1c75a5f6b48b\0017.png...
2022-01-06 09:13:15,361 - root - DEBUG - extracting E:\Codez\zepp-gts2mini-wf\49ecbf7138251d9e3b5d1c75a5f6b48b\0018.png...
2022-01-06 09:13:15,361 - root - DEBUG - extracting E:\Codez\zepp-gts2mini-wf\49ecbf7138251d9e3b5d1c75a5f6b48b\0019.png...
2022-01-06 09:13:15,362 - root - DEBUG - extracting E:\Codez\zepp-gts2mini-wf\49ecbf7138251d9e3b5d1c75a5f6b48b\0020.png...
2022-01-06 09:13:15,363 - root - DEBUG - extracting E:\Codez\zepp-gts2mini-wf\49ecbf7138251d9e3b5d1c75a5f6b48b\0021.png...
2022-01-06 09:13:15,364 - root - DEBUG - extracting E:\Codez\zepp-gts2mini-wf\49ecbf7138251d9e3b5d1c75a5f6b48b\0022.png...
2022-01-06 09:13:15,364 - root - DEBUG - extracting E:\Codez\zepp-gts2mini-wf\49ecbf7138251d9e3b5d1c75a5f6b48b\0023.png...
2022-01-06 09:13:15,365 - root - DEBUG - extracting E:\Codez\zepp-gts2mini-wf\49ecbf7138251d9e3b5d1c75a5f6b48b\0024.png...
2022-01-06 09:13:15,366 - root - DEBUG - extracting E:\Codez\zepp-gts2mini-wf\49ecbf7138251d9e3b5d1c75a5f6b48b\0025.png...
2022-01-06 09:13:15,367 - root - DEBUG - extracting E:\Codez\zepp-gts2mini-wf\49ecbf7138251d9e3b5d1c75a5f6b48b\0026.png...
2022-01-06 09:13:15,368 - root - DEBUG - extracting E:\Codez\zepp-gts2mini-wf\49ecbf7138251d9e3b5d1c75a5f6b48b\0027.png...
2022-01-06 09:13:15,368 - root - DEBUG - extracting E:\Codez\zepp-gts2mini-wf\49ecbf7138251d9e3b5d1c75a5f6b48b\0028.png...
2022-01-06 09:13:15,369 - root - DEBUG - extracting E:\Codez\zepp-gts2mini-wf\49ecbf7138251d9e3b5d1c75a5f6b48b\0029.png...
2022-01-06 09:13:15,370 - root - DEBUG - extracting E:\Codez\zepp-gts2mini-wf\49ecbf7138251d9e3b5d1c75a5f6b48b\0030.png...
2022-01-06 09:13:15,371 - root - DEBUG - extracting E:\Codez\zepp-gts2mini-wf\49ecbf7138251d9e3b5d1c75a5f6b48b\0031.png...
2022-01-06 09:13:15,371 - root - DEBUG - extracting E:\Codez\zepp-gts2mini-wf\49ecbf7138251d9e3b5d1c75a5f6b48b\0032.png...
2022-01-06 09:13:15,372 - root - DEBUG - extracting E:\Codez\zepp-gts2mini-wf\49ecbf7138251d9e3b5d1c75a5f6b48b\0033.png...
2022-01-06 09:13:15,373 - root - DEBUG - extracting E:\Codez\zepp-gts2mini-wf\49ecbf7138251d9e3b5d1c75a5f6b48b\0034.png...
2022-01-06 09:13:15,374 - root - DEBUG - extracting E:\Codez\zepp-gts2mini-wf\49ecbf7138251d9e3b5d1c75a5f6b48b\0035.png...
2022-01-06 09:13:15,374 - root - DEBUG - extracting E:\Codez\zepp-gts2mini-wf\49ecbf7138251d9e3b5d1c75a5f6b48b\0036.png...
2022-01-06 09:13:15,375 - root - DEBUG - extracting E:\Codez\zepp-gts2mini-wf\49ecbf7138251d9e3b5d1c75a5f6b48b\0037.png...
2022-01-06 09:13:15,376 - root - DEBUG - extracting E:\Codez\zepp-gts2mini-wf\49ecbf7138251d9e3b5d1c75a5f6b48b\0038.png...
2022-01-06 09:13:15,377 - root - DEBUG - Exporting config...
