2021-09-29 19:51:08,388 - root - DEBUG - Reading config...
2021-09-29 19:51:08,388 - root - DEBUG - t: {
  "Info": {
    "DeviceId": 73
  },
  "Background": {
    "Image": {
      "X": 0,
      "Y": 0,
      "ImageIndex": 1
    },
    "Preview": {
      "X": 0,
      "Y": 0,
      "ImageIndex": 0
    },
    "FrontImage": {
      "X": 0,
      "Y": 0,
      "ImageIndex": 0
    },
    "UnknownImage": {
      "X": 0,
      "Y": 0,
      "ImageIndex": 0
    }
  },
  "Time": {
    "Hours": {
      "Tens": {
        "X": null,
        "Y": null
      },
      "Ones": {
        "X": null,
        "Y": null
      }
    }
  },
  "Activity": {
    "StepsGoal": {
      "TopLeftX": null
    },
    "Unknown7": 0
  },
  "Date": {
    "MonthAndDay": {
      "Separate": {
        "Month": {
          "TopLeftX": 154,
          "TopLeftY": 45,
          "BottomRightX": 214,
          "BottomRightY": 91,
          "Alignment": "TopLeft",
          "Spacing": 0,
          "ImageIndex": 0,
          "ImagesCount": 22,
          "Unknown9": 10
        }
      },
      "TwoDigitsDay": true,
      "Unknown5": true,
      "Unknown6": false
    },
    "WeekDay": {
      "X": 0,
      "Y": 0
    },
    "Unknown4": {
      "X": 15,
      "Y": 38
    }
  },
  "StepsProgress": {
    "Circle": {
      "CenterX": 48
    }
  },
  "Status": {
    "Alarm": {
      "Coordinates": {
        "X": 130,
        "Y": 220
      },
      "ImageIndexOff": 59
    },
    "Lock": {
      "Coordinates": {
        "X": 160,
        "Y": 220
      },
      "ImageIndexOff": 58
    }
  },
  "Battery": {
    "Images": {
      "X": 96,
      "Y": 222,
      "ImageIndex": 60,
      "ImagesCount": 5
    }
  },
  "AnalogDialFaceMini": {
    "HourCenterImage": {
      "X": 65,
      "Y": 46,
      "ImageIndex": null
    }
  }
}
2021-09-29 19:51:08,466 - root - DEBUG - Reading referenced images from '6608e628967af66d1b74f8f9952596d7'
2021-09-29 19:51:08,466 - root - DEBUG - INDEX (None, 'Info') '{'DeviceId': 73}'
2021-09-29 19:51:08,481 - root - DEBUG - Loading resources for 0 '<class 'watchFaceParser.elements.gts2mini.deviceId.DeviceId'>'
2021-09-29 19:51:08,481 - root - DEBUG - INDEX (None, 'DeviceId') '73'
2021-09-29 19:51:08,481 - root - DEBUG - INDEX (None, 'Unknown1') 'None'
2021-09-29 19:51:08,481 - root - DEBUG - INDEX (None, 'Background') '{'Image': {'X': 0, 'Y': 0, 'ImageIndex': 1}, 'Preview': {'X': 0, 'Y': 0, 'ImageIndex': 0}, 'FrontImage': {'X': 0, 'Y': 0, 'ImageIndex': 0}, 'UnknownImage': {'X': 0, 'Y': 0, 'ImageIndex': 0}}'
2021-09-29 19:51:08,481 - root - DEBUG - Loading resources for 2 '<class 'watchFaceParser.elements.gts2mini.background.Background'>'
2021-09-29 19:51:08,481 - root - DEBUG - INDEX (None, 'Image') '{'X': 0, 'Y': 0, 'ImageIndex': 1}'
2021-09-29 19:51:08,481 - root - DEBUG - Loading resources for 2.1 '<class 'watchFaceParser.elements.gts2mini.basicElements.image.Image'>'
2021-09-29 19:51:08,481 - root - DEBUG - INDEX (None, 'X') '0'
2021-09-29 19:51:08,481 - root - DEBUG - INDEX (None, 'Y') '0'
2021-09-29 19:51:08,481 - root - DEBUG - INDEX ('long', 'ImageIndex') '1'
2021-09-29 19:51:08,481 - root - DEBUG - Request image index 1...
2021-09-29 19:51:08,481 - root - DEBUG - Loading image 0...
2021-09-29 19:51:08,544 - PIL.PngImagePlugin - DEBUG - STREAM b'IHDR' 16 13
2021-09-29 19:51:08,544 - PIL.PngImagePlugin - DEBUG - STREAM b'IDAT' 41 33575
2021-09-29 19:51:08,544 - root - DEBUG - Loading image 1...
2021-09-29 19:51:08,559 - PIL.PngImagePlugin - DEBUG - STREAM b'IHDR' 16 13
2021-09-29 19:51:08,559 - PIL.PngImagePlugin - DEBUG - STREAM b'IDAT' 41 60111
2021-09-29 19:51:08,559 - root - DEBUG - INDEX (None, 'BackgroundColor') 'None'
2021-09-29 19:51:08,559 - root - DEBUG - INDEX (None, 'Preview') '{'X': 0, 'Y': 0, 'ImageIndex': 0}'
2021-09-29 19:51:08,559 - root - DEBUG - Loading resources for 2.3 '<class 'watchFaceParser.elements.gts2mini.basicElements.image.Image'>'
2021-09-29 19:51:08,559 - root - DEBUG - INDEX (None, 'X') '0'
2021-09-29 19:51:08,559 - root - DEBUG - INDEX (None, 'Y') '0'
2021-09-29 19:51:08,559 - root - DEBUG - INDEX ('long', 'ImageIndex') '0'
2021-09-29 19:51:08,559 - root - DEBUG - INDEX (None, 'PreviewKorean') 'None'
2021-09-29 19:51:08,559 - root - DEBUG - INDEX (None, 'PreviewChinese') 'None'
2021-09-29 19:51:08,559 - root - DEBUG - INDEX (None, 'FloatingLayer') 'None'
2021-09-29 19:51:08,559 - root - DEBUG - INDEX (None, 'TimeExtended') 'None'
2021-09-29 19:51:08,559 - root - DEBUG - INDEX (None, 'Activity') '{'StepsGoal': {'TopLeftX': None}, 'Unknown7': 0}'
2021-09-29 19:51:08,559 - root - DEBUG - Loading resources for 4 '<class 'watchFaceParser.elements.gts2mini.activity.Activity'>'
2021-09-29 19:51:08,559 - root - DEBUG - INDEX (None, 'Steps') 'None'
2021-09-29 19:51:08,559 - root - DEBUG - INDEX (None, 'Unknown2') 'None'
2021-09-29 19:51:08,559 - root - DEBUG - INDEX (None, 'Calories') 'None'
2021-09-29 19:51:08,559 - root - DEBUG - INDEX (None, 'HeartRate') 'None'
2021-09-29 19:51:08,559 - root - DEBUG - INDEX (None, 'Distance') 'None'
2021-09-29 19:51:08,559 - root - DEBUG - INDEX (None, 'PAI') 'None'
2021-09-29 19:51:08,559 - root - DEBUG - INDEX (None, 'UnknownLongValue7') 'None'
2021-09-29 19:51:08,559 - root - DEBUG - INDEX (None, 'StandUp') 'None'
2021-09-29 19:51:08,559 - root - DEBUG - INDEX (None, 'DateBlock') 'None'
2021-09-29 19:51:08,559 - root - DEBUG - INDEX (None, 'Weather') 'None'
2021-09-29 19:51:08,559 - root - DEBUG - INDEX (None, 'StepProgress') 'None'
2021-09-29 19:51:08,559 - root - DEBUG - INDEX (None, 'Status') '{'Alarm': {'Coordinates': {'X': 130, 'Y': 220}, 'ImageIndexOff': 59}, 'Lock': {'Coordinates': {'X': 160, 'Y': 220}, 'ImageIndexOff': 58}}'
2021-09-29 19:51:08,559 - root - DEBUG - Loading resources for 8 '<class 'watchFaceParser.elements.gts2mini.status.Status'>'
2021-09-29 19:51:08,559 - root - DEBUG - INDEX (None, 'DoNotDisturb') 'None'
2021-09-29 19:51:08,559 - root - DEBUG - INDEX (None, 'Lock') '{'Coordinates': {'X': 160, 'Y': 220}, 'ImageIndexOff': 58}'
2021-09-29 19:51:08,559 - root - DEBUG - Loading resources for 8.2 '<class 'watchFaceParser.elements.gts2mini.statusElements.switch.Switch'>'
2021-09-29 19:51:08,559 - root - DEBUG - INDEX (None, 'Coordinates') '{'X': 160, 'Y': 220}'
2021-09-29 19:51:08,559 - root - DEBUG - Loading resources for 8.2.1 '<class 'watchFaceParser.elements.gts2mini.basicElements.coordinates.Coordinates'>'
2021-09-29 19:51:08,559 - root - DEBUG - INDEX (None, 'X') '160'
2021-09-29 19:51:08,559 - root - DEBUG - INDEX (None, 'Y') '220'
2021-09-29 19:51:08,559 - root - DEBUG - INDEX ('long?', 'ImageIndexOn') 'None'
2021-09-29 19:51:08,559 - root - DEBUG - INDEX ('long?', 'ImageIndexOff') '58'
2021-09-29 19:51:08,559 - root - DEBUG - Request image index 58...
2021-09-29 19:51:08,559 - root - DEBUG - Loading image 2...
2021-09-29 19:51:08,559 - PIL.PngImagePlugin - DEBUG - STREAM b'IHDR' 16 13
2021-09-29 19:51:08,559 - PIL.PngImagePlugin - DEBUG - STREAM b'IDAT' 41 5282
2021-09-29 19:51:08,559 - root - DEBUG - Loading image 3...
2021-09-29 19:51:08,575 - PIL.PngImagePlugin - DEBUG - STREAM b'IHDR' 16 13
2021-09-29 19:51:08,575 - PIL.PngImagePlugin - DEBUG - STREAM b'IDAT' 41 2394
2021-09-29 19:51:08,575 - root - DEBUG - Loading image 4...
2021-09-29 19:51:08,575 - PIL.PngImagePlugin - DEBUG - STREAM b'IHDR' 16 13
2021-09-29 19:51:08,575 - PIL.PngImagePlugin - DEBUG - STREAM b'IDAT' 41 4476
2021-09-29 19:51:08,575 - root - DEBUG - Loading image 5...
2021-09-29 19:51:08,591 - PIL.PngImagePlugin - DEBUG - STREAM b'IHDR' 16 13
2021-09-29 19:51:08,591 - PIL.PngImagePlugin - DEBUG - STREAM b'IDAT' 41 4508
2021-09-29 19:51:08,591 - root - DEBUG - Loading image 6...
2021-09-29 19:51:08,591 - PIL.PngImagePlugin - DEBUG - STREAM b'IHDR' 16 13
2021-09-29 19:51:08,591 - PIL.PngImagePlugin - DEBUG - STREAM b'IDAT' 41 3887
2021-09-29 19:51:08,591 - root - DEBUG - Loading image 7...
2021-09-29 19:51:08,606 - PIL.PngImagePlugin - DEBUG - STREAM b'IHDR' 16 13
2021-09-29 19:51:08,606 - PIL.PngImagePlugin - DEBUG - STREAM b'IDAT' 41 4606
2021-09-29 19:51:08,606 - root - DEBUG - Loading image 8...
2021-09-29 19:51:08,606 - PIL.PngImagePlugin - DEBUG - STREAM b'IHDR' 16 13
2021-09-29 19:51:08,606 - PIL.PngImagePlugin - DEBUG - STREAM b'IDAT' 41 4964
2021-09-29 19:51:08,606 - root - DEBUG - Loading image 9...
2021-09-29 19:51:08,622 - PIL.PngImagePlugin - DEBUG - STREAM b'IHDR' 16 13
2021-09-29 19:51:08,622 - PIL.PngImagePlugin - DEBUG - STREAM b'IDAT' 41 3210
2021-09-29 19:51:08,622 - root - DEBUG - Loading image 10...
2021-09-29 19:51:08,622 - PIL.PngImagePlugin - DEBUG - STREAM b'IHDR' 16 13
2021-09-29 19:51:08,622 - PIL.PngImagePlugin - DEBUG - STREAM b'IDAT' 41 5466
2021-09-29 19:51:08,622 - root - DEBUG - Loading image 11...
2021-09-29 19:51:08,622 - PIL.PngImagePlugin - DEBUG - STREAM b'IHDR' 16 13
2021-09-29 19:51:08,622 - PIL.PngImagePlugin - DEBUG - STREAM b'IDAT' 41 5087
2021-09-29 19:51:08,638 - root - DEBUG - Loading image 12...
2021-09-29 19:51:08,638 - PIL.PngImagePlugin - DEBUG - STREAM b'IHDR' 16 13
2021-09-29 19:51:08,638 - PIL.PngImagePlugin - DEBUG - STREAM b'IDAT' 41 350
2021-09-29 19:51:08,638 - root - DEBUG - Loading image 13...
2021-09-29 19:51:08,638 - PIL.PngImagePlugin - DEBUG - STREAM b'IHDR' 16 13
2021-09-29 19:51:08,638 - PIL.PngImagePlugin - DEBUG - STREAM b'IDAT' 41 213
2021-09-29 19:51:08,638 - root - DEBUG - Loading image 14...
2021-09-29 19:51:08,653 - PIL.PngImagePlugin - DEBUG - STREAM b'IHDR' 16 13
2021-09-29 19:51:08,653 - PIL.PngImagePlugin - DEBUG - STREAM b'IDAT' 41 370
2021-09-29 19:51:08,653 - root - DEBUG - Loading image 15...
2021-09-29 19:51:08,653 - PIL.PngImagePlugin - DEBUG - STREAM b'IHDR' 16 13
2021-09-29 19:51:08,653 - PIL.PngImagePlugin - DEBUG - STREAM b'IDAT' 41 377
2021-09-29 19:51:08,653 - root - DEBUG - Loading image 16...
2021-09-29 19:51:08,669 - PIL.PngImagePlugin - DEBUG - STREAM b'IHDR' 16 13
2021-09-29 19:51:08,669 - PIL.PngImagePlugin - DEBUG - STREAM b'IDAT' 41 356
2021-09-29 19:51:08,669 - root - DEBUG - Loading image 17...
2021-09-29 19:51:08,669 - PIL.PngImagePlugin - DEBUG - STREAM b'IHDR' 16 13
2021-09-29 19:51:08,669 - PIL.PngImagePlugin - DEBUG - STREAM b'IDAT' 41 378
2021-09-29 19:51:08,669 - root - DEBUG - Loading image 18...
2021-09-29 19:51:08,684 - PIL.PngImagePlugin - DEBUG - STREAM b'IHDR' 16 13
2021-09-29 19:51:08,684 - PIL.PngImagePlugin - DEBUG - STREAM b'IDAT' 41 415
2021-09-29 19:51:08,684 - root - DEBUG - Loading image 19...
2021-09-29 19:51:08,684 - PIL.PngImagePlugin - DEBUG - STREAM b'IHDR' 16 13
2021-09-29 19:51:08,684 - PIL.PngImagePlugin - DEBUG - STREAM b'IDAT' 41 255
2021-09-29 19:51:08,684 - root - DEBUG - Loading image 20...
2021-09-29 19:51:08,684 - PIL.PngImagePlugin - DEBUG - STREAM b'IHDR' 16 13
2021-09-29 19:51:08,684 - PIL.PngImagePlugin - DEBUG - STREAM b'IDAT' 41 439
2021-09-29 19:51:08,684 - root - DEBUG - Loading image 21...
2021-09-29 19:51:08,700 - PIL.PngImagePlugin - DEBUG - STREAM b'IHDR' 16 13
2021-09-29 19:51:08,700 - PIL.PngImagePlugin - DEBUG - STREAM b'IDAT' 41 406
2021-09-29 19:51:08,700 - root - DEBUG - Loading image 22...
2021-09-29 19:51:08,700 - PIL.PngImagePlugin - DEBUG - STREAM b'IHDR' 16 13
2021-09-29 19:51:08,700 - PIL.PngImagePlugin - DEBUG - STREAM b'IDAT' 41 1398
2021-09-29 19:51:08,700 - root - DEBUG - Loading image 23...
2021-09-29 19:51:08,716 - PIL.PngImagePlugin - DEBUG - STREAM b'IHDR' 16 13
2021-09-29 19:51:08,716 - PIL.PngImagePlugin - DEBUG - STREAM b'IDAT' 41 691
2021-09-29 19:51:08,716 - root - DEBUG - Loading image 24...
2021-09-29 19:51:08,716 - PIL.PngImagePlugin - DEBUG - STREAM b'IHDR' 16 13
2021-09-29 19:51:08,716 - PIL.PngImagePlugin - DEBUG - STREAM b'IDAT' 41 1249
2021-09-29 19:51:08,716 - root - DEBUG - Loading image 25...
2021-09-29 19:51:08,731 - PIL.PngImagePlugin - DEBUG - STREAM b'IHDR' 16 13
2021-09-29 19:51:08,731 - PIL.PngImagePlugin - DEBUG - STREAM b'IDAT' 41 1236
2021-09-29 19:51:08,731 - root - DEBUG - Loading image 26...
2021-09-29 19:51:08,731 - PIL.PngImagePlugin - DEBUG - STREAM b'IHDR' 16 13
2021-09-29 19:51:08,731 - PIL.PngImagePlugin - DEBUG - STREAM b'IDAT' 41 1056
2021-09-29 19:51:08,731 - root - DEBUG - Loading image 27...
2021-09-29 19:51:08,747 - PIL.PngImagePlugin - DEBUG - STREAM b'IHDR' 16 13
2021-09-29 19:51:08,747 - PIL.PngImagePlugin - DEBUG - STREAM b'IDAT' 41 1230
2021-09-29 19:51:08,747 - root - DEBUG - Loading image 28...
2021-09-29 19:51:08,747 - PIL.PngImagePlugin - DEBUG - STREAM b'IHDR' 16 13
2021-09-29 19:51:08,747 - PIL.PngImagePlugin - DEBUG - STREAM b'IDAT' 41 1273
2021-09-29 19:51:08,747 - root - DEBUG - Loading image 29...
2021-09-29 19:51:08,747 - PIL.PngImagePlugin - DEBUG - STREAM b'IHDR' 16 13
2021-09-29 19:51:08,747 - PIL.PngImagePlugin - DEBUG - STREAM b'IDAT' 41 944
2021-09-29 19:51:08,747 - root - DEBUG - Loading image 30...
2021-09-29 19:51:08,763 - PIL.PngImagePlugin - DEBUG - STREAM b'IHDR' 16 13
2021-09-29 19:51:08,763 - PIL.PngImagePlugin - DEBUG - STREAM b'IDAT' 41 1372
2021-09-29 19:51:08,763 - root - DEBUG - Loading image 31...
2021-09-29 19:51:08,763 - PIL.PngImagePlugin - DEBUG - STREAM b'IHDR' 16 13
2021-09-29 19:51:08,763 - PIL.PngImagePlugin - DEBUG - STREAM b'IDAT' 41 1337
2021-09-29 19:51:08,763 - root - DEBUG - Loading image 32...
2021-09-29 19:51:08,778 - PIL.PngImagePlugin - DEBUG - STREAM b'IHDR' 16 13
2021-09-29 19:51:08,778 - PIL.PngImagePlugin - DEBUG - STREAM b'IDAT' 41 1094
2021-09-29 19:51:08,778 - root - DEBUG - Loading image 33...
2021-09-29 19:51:08,778 - PIL.PngImagePlugin - DEBUG - STREAM b'IHDR' 16 13
2021-09-29 19:51:08,778 - PIL.PngImagePlugin - DEBUG - STREAM b'IDAT' 41 965
2021-09-29 19:51:08,778 - root - DEBUG - Loading image 34...
2021-09-29 19:51:08,794 - PIL.PngImagePlugin - DEBUG - STREAM b'IHDR' 16 13
2021-09-29 19:51:08,794 - PIL.PngImagePlugin - DEBUG - STREAM b'IDAT' 41 1023
2021-09-29 19:51:08,794 - root - DEBUG - Loading image 35...
2021-09-29 19:51:08,794 - PIL.PngImagePlugin - DEBUG - STREAM b'IHDR' 16 13
2021-09-29 19:51:08,794 - PIL.PngImagePlugin - DEBUG - STREAM b'IDAT' 41 903
2021-09-29 19:51:08,794 - root - DEBUG - Loading image 36...
2021-09-29 19:51:08,809 - PIL.PngImagePlugin - DEBUG - STREAM b'IHDR' 16 13
2021-09-29 19:51:08,809 - PIL.PngImagePlugin - DEBUG - STREAM b'IDAT' 41 946
2021-09-29 19:51:08,809 - root - DEBUG - Loading image 37...
2021-09-29 19:51:08,809 - PIL.PngImagePlugin - DEBUG - STREAM b'IHDR' 16 13
2021-09-29 19:51:08,809 - PIL.PngImagePlugin - DEBUG - STREAM b'IDAT' 41 1005
2021-09-29 19:51:08,809 - root - DEBUG - Loading image 38...
2021-09-29 19:51:08,809 - PIL.PngImagePlugin - DEBUG - STREAM b'IHDR' 16 13
2021-09-29 19:51:08,809 - PIL.PngImagePlugin - DEBUG - STREAM b'IDAT' 41 1119
2021-09-29 19:51:08,809 - root - DEBUG - Loading image 39...
2021-09-29 19:51:08,825 - PIL.PngImagePlugin - DEBUG - STREAM b'IHDR' 16 13
2021-09-29 19:51:08,825 - PIL.PngImagePlugin - DEBUG - STREAM b'IDAT' 41 1095
2021-09-29 19:51:08,825 - root - DEBUG - Loading image 40...
2021-09-29 19:51:08,825 - PIL.PngImagePlugin - DEBUG - STREAM b'IHDR' 16 13
2021-09-29 19:51:08,825 - PIL.PngImagePlugin - DEBUG - STREAM b'IDAT' 41 945
2021-09-29 19:51:08,825 - root - DEBUG - Loading image 41...
2021-09-29 19:51:08,841 - PIL.PngImagePlugin - DEBUG - STREAM b'IHDR' 16 13
2021-09-29 19:51:08,841 - PIL.PngImagePlugin - DEBUG - STREAM b'IDAT' 41 280
2021-09-29 19:51:08,841 - root - DEBUG - Loading image 42...
2021-09-29 19:51:08,841 - PIL.PngImagePlugin - DEBUG - STREAM b'IHDR' 16 13
2021-09-29 19:51:08,841 - PIL.PngImagePlugin - DEBUG - STREAM b'IDAT' 41 211
2021-09-29 19:51:08,841 - root - DEBUG - Loading image 43...
2021-09-29 19:51:08,856 - PIL.PngImagePlugin - DEBUG - STREAM b'IHDR' 16 13
2021-09-29 19:51:08,856 - PIL.PngImagePlugin - DEBUG - STREAM b'IDAT' 41 224
2021-09-29 19:51:08,856 - root - DEBUG - Loading image 44...
2021-09-29 19:51:08,856 - PIL.PngImagePlugin - DEBUG - STREAM b'IHDR' 16 13
2021-09-29 19:51:08,856 - PIL.PngImagePlugin - DEBUG - STREAM b'IDAT' 41 211
2021-09-29 19:51:08,856 - root - DEBUG - Loading image 45...
2021-09-29 19:51:08,872 - PIL.PngImagePlugin - DEBUG - STREAM b'IHDR' 16 13
2021-09-29 19:51:08,872 - PIL.PngImagePlugin - DEBUG - STREAM b'IDAT' 41 496
2021-09-29 19:51:08,872 - root - DEBUG - Loading image 46...
2021-09-29 19:51:08,872 - PIL.PngImagePlugin - DEBUG - STREAM b'IHDR' 16 13
2021-09-29 19:51:08,872 - PIL.PngImagePlugin - DEBUG - STREAM b'IDAT' 41 404
2021-09-29 19:51:08,872 - root - DEBUG - Loading image 47...
2021-09-29 19:51:08,872 - PIL.PngImagePlugin - DEBUG - STREAM b'IHDR' 16 13
2021-09-29 19:51:08,872 - PIL.PngImagePlugin - DEBUG - STREAM b'IDAT' 41 405
2021-09-29 19:51:08,872 - root - DEBUG - Loading image 48...
2021-09-29 19:51:08,888 - PIL.PngImagePlugin - DEBUG - STREAM b'IHDR' 16 13
2021-09-29 19:51:08,888 - PIL.PngImagePlugin - DEBUG - STREAM b'IDAT' 41 194
2021-09-29 19:51:08,888 - root - DEBUG - Loading image 49...
2021-09-29 19:51:08,888 - PIL.PngImagePlugin - DEBUG - STREAM b'IHDR' 16 13
2021-09-29 19:51:08,888 - PIL.PngImagePlugin - DEBUG - STREAM b'IDAT' 41 136
2021-09-29 19:51:08,888 - root - DEBUG - Loading image 50...
2021-09-29 19:51:08,888 - PIL.PngImagePlugin - DEBUG - STREAM b'IHDR' 16 13
2021-09-29 19:51:08,888 - PIL.PngImagePlugin - DEBUG - STREAM b'IDAT' 41 136
2021-09-29 19:51:08,888 - root - DEBUG - Loading image 51...
2021-09-29 19:51:08,888 - PIL.PngImagePlugin - DEBUG - STREAM b'IHDR' 16 13
2021-09-29 19:51:08,888 - PIL.PngImagePlugin - DEBUG - STREAM b'IDAT' 41 136
2021-09-29 19:51:08,903 - root - DEBUG - Loading image 52...
2021-09-29 19:51:08,903 - PIL.PngImagePlugin - DEBUG - STREAM b'IHDR' 16 13
2021-09-29 19:51:08,903 - PIL.PngImagePlugin - DEBUG - STREAM b'IDAT' 41 185
2021-09-29 19:51:08,903 - root - DEBUG - Loading image 53...
2021-09-29 19:51:08,903 - PIL.PngImagePlugin - DEBUG - STREAM b'IHDR' 16 13
2021-09-29 19:51:08,903 - PIL.PngImagePlugin - DEBUG - STREAM b'IDAT' 41 240
2021-09-29 19:51:08,903 - root - DEBUG - Loading image 54...
2021-09-29 19:51:08,919 - PIL.PngImagePlugin - DEBUG - STREAM b'IHDR' 16 13
2021-09-29 19:51:08,919 - PIL.PngImagePlugin - DEBUG - STREAM b'IDAT' 41 269
2021-09-29 19:51:08,919 - root - DEBUG - Loading image 55...
2021-09-29 19:51:08,919 - PIL.PngImagePlugin - DEBUG - STREAM b'IHDR' 16 13
2021-09-29 19:51:08,919 - PIL.PngImagePlugin - DEBUG - STREAM b'IDAT' 41 415
2021-09-29 19:51:08,919 - root - DEBUG - Loading image 56...
2021-09-29 19:51:08,934 - PIL.PngImagePlugin - DEBUG - STREAM b'IHDR' 16 13
2021-09-29 19:51:08,934 - PIL.PngImagePlugin - DEBUG - STREAM b'IDAT' 41 465
2021-09-29 19:51:08,934 - root - DEBUG - Loading image 57...
2021-09-29 19:51:08,934 - PIL.PngImagePlugin - DEBUG - STREAM b'IHDR' 16 13
2021-09-29 19:51:08,934 - PIL.PngImagePlugin - DEBUG - STREAM b'IDAT' 41 487
2021-09-29 19:51:08,934 - root - DEBUG - Loading image 58...
2021-09-29 19:51:08,950 - PIL.PngImagePlugin - DEBUG - STREAM b'IHDR' 16 13
2021-09-29 19:51:08,950 - PIL.PngImagePlugin - DEBUG - STREAM b'IDAT' 41 734
2021-09-29 19:51:08,950 - root - DEBUG - INDEX (None, 'Bluetooth') 'None'
2021-09-29 19:51:08,950 - root - DEBUG - INDEX (None, 'Alarm') '{'Coordinates': {'X': 130, 'Y': 220}, 'ImageIndexOff': 59}'
2021-09-29 19:51:08,950 - root - DEBUG - Loading resources for 8.4 '<class 'watchFaceParser.elements.gts2mini.statusElements.switch.Switch'>'
2021-09-29 19:51:08,950 - root - DEBUG - INDEX (None, 'Coordinates') '{'X': 130, 'Y': 220}'
2021-09-29 19:51:08,950 - root - DEBUG - Loading resources for 8.4.1 '<class 'watchFaceParser.elements.gts2mini.basicElements.coordinates.Coordinates'>'
2021-09-29 19:51:08,950 - root - DEBUG - INDEX (None, 'X') '130'
2021-09-29 19:51:08,950 - root - DEBUG - INDEX (None, 'Y') '220'
2021-09-29 19:51:08,950 - root - DEBUG - INDEX ('long?', 'ImageIndexOn') 'None'
2021-09-29 19:51:08,950 - root - DEBUG - INDEX ('long?', 'ImageIndexOff') '59'
2021-09-29 19:51:08,950 - root - DEBUG - Request image index 59...
2021-09-29 19:51:08,950 - root - DEBUG - Loading image 59...
2021-09-29 19:51:08,950 - PIL.PngImagePlugin - DEBUG - STREAM b'IHDR' 16 13
2021-09-29 19:51:08,950 - PIL.PngImagePlugin - DEBUG - STREAM b'IDAT' 41 585
2021-09-29 19:51:08,950 - root - DEBUG - INDEX (None, 'Battery') '{'Images': {'X': 96, 'Y': 222, 'ImageIndex': 60, 'ImagesCount': 5}}'
2021-09-29 19:51:08,950 - root - DEBUG - Loading resources for 9 '<class 'watchFaceParser.elements.gts2mini.battery.Battery'>'
2021-09-29 19:51:08,950 - root - DEBUG - INDEX (None, 'BatteryText') 'None'
2021-09-29 19:51:08,950 - root - DEBUG - INDEX (None, 'ImageProgress') 'None'
2021-09-29 19:51:08,950 - root - DEBUG - INDEX (None, 'IconSetProgress') 'None'
2021-09-29 19:51:08,950 - root - DEBUG - INDEX (None, 'Unknown4') 'None'
2021-09-29 19:51:08,950 - root - DEBUG - INDEX (None, 'Scale') 'None'
2021-09-29 19:51:08,950 - root - DEBUG - INDEX (None, 'Unknown10') 'None'
2021-09-29 19:51:08,950 - root - DEBUG - INDEX (None, 'Animation') 'None'
2021-09-29 19:51:08,950 - root - DEBUG - INDEX (None, 'HearthProgress') 'None'
2021-09-29 19:51:08,950 - root - DEBUG - INDEX (None, 'Unknown13') 'None'
2021-09-29 19:51:08,950 - root - DEBUG - INDEX (None, 'Unknown14') 'None'
2021-09-29 19:51:08,950 - root - DEBUG - INDEX (None, 'CaloriesProgress') 'None'
2021-09-29 19:51:08,950 - root - DEBUG - INDEX (None, 'Unknown16') 'None'
2021-09-29 19:51:08,950 - root - DEBUG - INDEX (None, 'Unknown17') 'None'
2021-09-29 19:51:08,950 - root - DEBUG - INDEX (None, 'Unknown18') 'None'
2021-09-29 19:51:08,950 - root - DEBUG - INDEX (None, 'Shortcuts') 'None'
2021-09-29 19:51:08,950 - root - DEBUG - INDEX (None, 'TimeAnalog') 'None'
2021-09-29 19:51:08,950 - root - DEBUG - INDEX (None, 'TimeDigital') 'None'
2021-09-29 19:51:08,950 - root - DEBUG - INDEX (None, 'Unknown22') 'None'
2021-09-29 19:51:08,950 - root - DEBUG - INDEX (None, 'Unknown23') 'None'
2021-09-29 19:51:08,950 - root - DEBUG - INDEX (None, 'StandUpProgress') 'None'
2021-09-29 19:51:08,950 - root - DEBUG - INDEX (None, 'Unknown25') 'None'
2021-09-29 19:51:08,950 - root - DEBUG - INDEX (None, 'Unknown26') 'None'
2021-09-29 19:51:08,950 - root - DEBUG - INDEX (None, 'Unknown27') 'None'
2021-09-29 19:51:08,950 - root - DEBUG - INDEX (None, 'Unknown28') 'None'
2021-09-29 19:51:08,950 - root - DEBUG - INDEX (None, 'AOD') 'None'
2021-09-29 19:51:08,950 - root - DEBUG - INDEX (None, 'ActivitySeparateDigits') 'None'
2021-09-29 19:51:08,950 - root - DEBUG - Building parameters for watch face...
2021-09-29 19:51:08,950 - root - DEBUG - 0.1 'DeviceId': 73
2021-09-29 19:51:08,950 - root - DEBUG - 0 'Info'
2021-09-29 19:51:08,950 - root - DEBUG - 2.1.1 'X': 0
2021-09-29 19:51:08,950 - root - DEBUG - 2.1.2 'Y': 0
2021-09-29 19:51:08,950 - root - DEBUG - 2.1.3 'ImageIndex': 1
2021-09-29 19:51:08,950 - root - DEBUG - 2.1 'Image'
2021-09-29 19:51:08,950 - root - DEBUG - 2.3.1 'X': 0
2021-09-29 19:51:08,950 - root - DEBUG - 2.3.2 'Y': 0
2021-09-29 19:51:08,950 - root - DEBUG - 2.3.3 'ImageIndex': 0
2021-09-29 19:51:08,950 - root - DEBUG - 2.3 'Preview'
2021-09-29 19:51:08,950 - root - DEBUG - 2 'Background'
2021-09-29 19:51:08,950 - root - DEBUG - 4 'Activity': empty2
2021-09-29 19:51:08,950 - root - DEBUG - 8.2.1.1 'X': 160
2021-09-29 19:51:08,950 - root - DEBUG - 8.2.1.2 'Y': 220
2021-09-29 19:51:08,950 - root - DEBUG - 8.2.1 'Coordinates'
2021-09-29 19:51:08,950 - root - DEBUG - 8.2.3 'ImageIndexOff': 58
2021-09-29 19:51:08,950 - root - DEBUG - 8.2 'Lock'
2021-09-29 19:51:08,950 - root - DEBUG - 8.4.1.1 'X': 130
2021-09-29 19:51:08,950 - root - DEBUG - 8.4.1.2 'Y': 220
2021-09-29 19:51:08,950 - root - DEBUG - 8.4.1 'Coordinates'
2021-09-29 19:51:08,950 - root - DEBUG - 8.4.3 'ImageIndexOff': 59
2021-09-29 19:51:08,950 - root - DEBUG - 8.4 'Alarm'
2021-09-29 19:51:08,950 - root - DEBUG - 8 'Status'
2021-09-29 19:51:08,950 - root - DEBUG - 9 'Battery': empty2
2021-09-29 19:51:08,950 - root - DEBUG - Generating previews...
2021-09-29 19:51:08,966 - root - DEBUG - Generating states done...
2021-09-29 19:51:08,966 - root - DEBUG - >>>>>>>>>>>> 2 <watchFaceParser.models.parameter.Parameter object at 0x000002306E241908>
2021-09-29 19:51:08,981 - root - DEBUG - >>>>>>>>>>>> 4 <watchFaceParser.models.parameter.Parameter object at 0x000002306E241C88>
2021-09-29 19:51:08,981 - root - DEBUG - >>>>>>>>>>>> 8 <watchFaceParser.models.parameter.Parameter object at 0x000002306E241E88>
2021-09-29 19:51:08,981 - root - DEBUG - >>>>>>>>>>>> 9 <watchFaceParser.models.parameter.Parameter object at 0x000002306C251F48>
2021-09-29 19:51:08,981 - root - DEBUG - Generating static preview gen done...
2021-09-29 19:51:09,059 - root - DEBUG - Generating static preview save done...
2021-09-29 19:51:09,059 - root - DEBUG - Generating anim preview gen done...
2021-09-29 19:51:09,059 - root - DEBUG - >>>>>>>>>>>> 2 <watchFaceParser.models.parameter.Parameter object at 0x000002306E241908>
2021-09-29 19:51:09,059 - root - DEBUG - >>>>>>>>>>>> 4 <watchFaceParser.models.parameter.Parameter object at 0x000002306E241C88>
2021-09-29 19:51:09,059 - root - DEBUG - >>>>>>>>>>>> 8 <watchFaceParser.models.parameter.Parameter object at 0x000002306E241E88>
2021-09-29 19:51:09,059 - root - DEBUG - >>>>>>>>>>>> 9 <watchFaceParser.models.parameter.Parameter object at 0x000002306C251F48>
2021-09-29 19:51:09,138 - root - DEBUG - Writing watch face to '6608e628967af66d1b74f8f9952596d7\6608e628967af66d1b74f8f9952596d7_packed.bin'
2021-09-29 19:51:09,138 - root - DEBUG - Encoding parameters...
2021-09-29 19:51:09,138 - root - DEBUG - Parameter: 2
2021-09-29 19:51:09,138 - root - DEBUG - 1 (0A):
2021-09-29 19:51:09,138 - root - DEBUG - 	1 (08): 0 (00)
2021-09-29 19:51:09,138 - root - DEBUG - 	2 (10): 0 (00)
2021-09-29 19:51:09,138 - root - DEBUG - 	3 (18): 1 (01)
2021-09-29 19:51:09,138 - root - DEBUG - 3 (1A):
2021-09-29 19:51:09,138 - root - DEBUG - 	1 (08): 0 (00)
2021-09-29 19:51:09,138 - root - DEBUG - 	2 (10): 0 (00)
2021-09-29 19:51:09,138 - root - DEBUG - 	3 (18): 0 (00)
2021-09-29 19:51:09,138 - root - DEBUG - Parameter: 4
2021-09-29 19:51:09,138 - root - DEBUG - Parameter: 8
2021-09-29 19:51:09,138 - root - DEBUG - 2 (12):
2021-09-29 19:51:09,138 - root - DEBUG - 	1 (0A):
2021-09-29 19:51:09,138 - root - DEBUG - 		1 (08): 160 (A0)
2021-09-29 19:51:09,138 - root - DEBUG - 		2 (10): 220 (DC)
2021-09-29 19:51:09,153 - root - DEBUG - 	3 (18): 58 (3A)
2021-09-29 19:51:09,153 - root - DEBUG - 4 (22):
2021-09-29 19:51:09,153 - root - DEBUG - 	1 (0A):
2021-09-29 19:51:09,153 - root - DEBUG - 		1 (08): 130 (82)
2021-09-29 19:51:09,153 - root - DEBUG - 		2 (10): 220 (DC)
2021-09-29 19:51:09,153 - root - DEBUG - 	3 (18): 59 (3B)
2021-09-29 19:51:09,153 - root - DEBUG - Parameter: 9
2021-09-29 19:51:09,153 - root - DEBUG - Encoding offsets and lengths...
2021-09-29 19:51:09,153 - root - DEBUG - 1 (0A):
2021-09-29 19:51:09,153 - root - DEBUG - 	1 (08): 40 (28)
2021-09-29 19:51:09,153 - root - DEBUG - 	2 (10): 60 (3C)
2021-09-29 19:51:09,153 - root - DEBUG - 2 (12):
2021-09-29 19:51:09,153 - root - DEBUG - 	1 (08): 0 (00)
2021-09-29 19:51:09,153 - root - DEBUG - 	2 (10): 16 (10)
2021-09-29 19:51:09,153 - root - DEBUG - 4 (22):
2021-09-29 19:51:09,153 - root - DEBUG - 	1 (08): 16 (10)
2021-09-29 19:51:09,153 - root - DEBUG - 	2 (10): 0 (00)
2021-09-29 19:51:09,153 - root - DEBUG - 8 (42):
2021-09-29 19:51:09,153 - root - DEBUG - 	1 (08): 16 (10)
2021-09-29 19:51:09,153 - root - DEBUG - 	2 (10): 24 (18)
2021-09-29 19:51:09,153 - root - DEBUG - 9 (4A):
2021-09-29 19:51:09,153 - root - DEBUG - 	1 (08): 40 (28)
2021-09-29 19:51:09,153 - root - DEBUG - 	2 (10): 0 (00)
2021-09-29 19:51:09,153 - root - DEBUG - Writing header...
2021-09-29 19:51:09,153 - root - DEBUG - Writing parameters offsets and lengths...
2021-09-29 19:51:09,153 - root - DEBUG - Writing parameters...
2021-09-29 19:51:09,153 - root - DEBUG - Writing images...
2021-09-29 19:51:09,153 - root - DEBUG - Resource 0 offset is 0...
2021-09-29 19:51:09,153 - root - DEBUG - Encoding resource 0...
2021-09-29 19:51:09,184 - root - DEBUG -  hasHalfAlpha: False, has_transparency: False
2021-09-29 19:51:09,184 - root - DEBUG - Writing image header mini...
2021-09-29 19:51:09,184 - root - DEBUG - Width: 210, Height: 242, RowLength: 420
2021-09-29 19:51:09,184 - root - DEBUG - BPP: 16
2021-09-29 19:51:09,184 - root - DEBUG - Writing image mini 16 bit/pixel...
2021-09-29 19:51:09,247 - root - DEBUG - Resource 1 offset is 101656...
2021-09-29 19:51:09,247 - root - DEBUG - Encoding resource 1...
2021-09-29 19:51:09,278 - root - DEBUG -  hasHalfAlpha: False, has_transparency: False
2021-09-29 19:51:09,278 - root - DEBUG - Writing image header mini...
2021-09-29 19:51:09,278 - root - DEBUG - Width: 306, Height: 354, RowLength: 612
2021-09-29 19:51:09,278 - root - DEBUG - BPP: 16
2021-09-29 19:51:09,278 - root - DEBUG - Writing image mini 16 bit/pixel...
2021-09-29 19:51:09,434 - root - DEBUG - Resource 2 offset is 318320...
2021-09-29 19:51:09,434 - root - DEBUG - Encoding resource 2...
2021-09-29 19:51:09,434 - root - DEBUG -  hasHalfAlpha: True, has_transparency: True
2021-09-29 19:51:09,434 - root - DEBUG - Writing image header mini...
2021-09-29 19:51:09,434 - root - DEBUG - Width: 62, Height: 100, RowLength: 186
2021-09-29 19:51:09,434 - root - DEBUG - BPP: 24, unknown2: 0
2021-09-29 19:51:09,434 - root - DEBUG - Writing image mini 24 bit/pixel...
2021-09-29 19:51:09,450 - root - DEBUG - Resource 3 offset is 336936...
2021-09-29 19:51:09,450 - root - DEBUG - Encoding resource 3...
2021-09-29 19:51:09,450 - root - DEBUG -  hasHalfAlpha: True, has_transparency: True
2021-09-29 19:51:09,450 - root - DEBUG - Writing image header mini...
2021-09-29 19:51:09,450 - root - DEBUG - Width: 62, Height: 100, RowLength: 186
2021-09-29 19:51:09,450 - root - DEBUG - BPP: 24, unknown2: 0
2021-09-29 19:51:09,450 - root - DEBUG - Writing image mini 24 bit/pixel...
2021-09-29 19:51:09,466 - root - DEBUG - Resource 4 offset is 355552...
2021-09-29 19:51:09,466 - root - DEBUG - Encoding resource 4...
2021-09-29 19:51:09,466 - root - DEBUG -  hasHalfAlpha: True, has_transparency: True
2021-09-29 19:51:09,466 - root - DEBUG - Writing image header mini...
2021-09-29 19:51:09,466 - root - DEBUG - Width: 62, Height: 100, RowLength: 186
2021-09-29 19:51:09,466 - root - DEBUG - BPP: 24, unknown2: 0
2021-09-29 19:51:09,466 - root - DEBUG - Writing image mini 24 bit/pixel...
2021-09-29 19:51:09,481 - root - DEBUG - Resource 5 offset is 374168...
2021-09-29 19:51:09,481 - root - DEBUG - Encoding resource 5...
2021-09-29 19:51:09,481 - root - DEBUG -  hasHalfAlpha: True, has_transparency: True
2021-09-29 19:51:09,481 - root - DEBUG - Writing image header mini...
2021-09-29 19:51:09,481 - root - DEBUG - Width: 62, Height: 100, RowLength: 186
2021-09-29 19:51:09,481 - root - DEBUG - BPP: 24, unknown2: 0
2021-09-29 19:51:09,481 - root - DEBUG - Writing image mini 24 bit/pixel...
2021-09-29 19:51:09,497 - root - DEBUG - Resource 6 offset is 392784...
2021-09-29 19:51:09,497 - root - DEBUG - Encoding resource 6...
2021-09-29 19:51:09,497 - root - DEBUG -  hasHalfAlpha: True, has_transparency: True
2021-09-29 19:51:09,497 - root - DEBUG - Writing image header mini...
2021-09-29 19:51:09,497 - root - DEBUG - Width: 62, Height: 100, RowLength: 186
2021-09-29 19:51:09,497 - root - DEBUG - BPP: 24, unknown2: 0
2021-09-29 19:51:09,497 - root - DEBUG - Writing image mini 24 bit/pixel...
2021-09-29 19:51:09,497 - root - DEBUG - Resource 7 offset is 411400...
2021-09-29 19:51:09,497 - root - DEBUG - Encoding resource 7...
2021-09-29 19:51:09,497 - root - DEBUG -  hasHalfAlpha: True, has_transparency: True
2021-09-29 19:51:09,497 - root - DEBUG - Writing image header mini...
2021-09-29 19:51:09,497 - root - DEBUG - Width: 62, Height: 100, RowLength: 186
2021-09-29 19:51:09,497 - root - DEBUG - BPP: 24, unknown2: 0
2021-09-29 19:51:09,497 - root - DEBUG - Writing image mini 24 bit/pixel...
2021-09-29 19:51:09,513 - root - DEBUG - Resource 8 offset is 430016...
2021-09-29 19:51:09,513 - root - DEBUG - Encoding resource 8...
2021-09-29 19:51:09,513 - root - DEBUG -  hasHalfAlpha: True, has_transparency: True
2021-09-29 19:51:09,513 - root - DEBUG - Writing image header mini...
2021-09-29 19:51:09,513 - root - DEBUG - Width: 62, Height: 100, RowLength: 186
2021-09-29 19:51:09,513 - root - DEBUG - BPP: 24, unknown2: 0
2021-09-29 19:51:09,513 - root - DEBUG - Writing image mini 24 bit/pixel...
2021-09-29 19:51:09,528 - root - DEBUG - Resource 9 offset is 448632...
2021-09-29 19:51:09,528 - root - DEBUG - Encoding resource 9...
2021-09-29 19:51:09,528 - root - DEBUG -  hasHalfAlpha: True, has_transparency: True
2021-09-29 19:51:09,528 - root - DEBUG - Writing image header mini...
2021-09-29 19:51:09,528 - root - DEBUG - Width: 62, Height: 100, RowLength: 186
2021-09-29 19:51:09,528 - root - DEBUG - BPP: 24, unknown2: 0
2021-09-29 19:51:09,528 - root - DEBUG - Writing image mini 24 bit/pixel...
2021-09-29 19:51:09,544 - root - DEBUG - Resource 10 offset is 467248...
2021-09-29 19:51:09,544 - root - DEBUG - Encoding resource 10...
2021-09-29 19:51:09,544 - root - DEBUG -  hasHalfAlpha: True, has_transparency: True
2021-09-29 19:51:09,544 - root - DEBUG - Writing image header mini...
2021-09-29 19:51:09,544 - root - DEBUG - Width: 62, Height: 100, RowLength: 186
2021-09-29 19:51:09,544 - root - DEBUG - BPP: 24, unknown2: 0
2021-09-29 19:51:09,544 - root - DEBUG - Writing image mini 24 bit/pixel...
2021-09-29 19:51:09,544 - root - DEBUG - Resource 11 offset is 485864...
2021-09-29 19:51:09,544 - root - DEBUG - Encoding resource 11...
2021-09-29 19:51:09,544 - root - DEBUG -  hasHalfAlpha: True, has_transparency: True
2021-09-29 19:51:09,544 - root - DEBUG - Writing image header mini...
2021-09-29 19:51:09,544 - root - DEBUG - Width: 62, Height: 100, RowLength: 186
2021-09-29 19:51:09,544 - root - DEBUG - BPP: 24, unknown2: 0
2021-09-29 19:51:09,544 - root - DEBUG - Writing image mini 24 bit/pixel...
2021-09-29 19:51:09,559 - root - DEBUG - Resource 12 offset is 504480...
2021-09-29 19:51:09,559 - root - DEBUG - Encoding resource 12...
2021-09-29 19:51:09,559 - root - DEBUG -  hasHalfAlpha: True, has_transparency: True
2021-09-29 19:51:09,559 - root - DEBUG - Writing image header mini...
2021-09-29 19:51:09,559 - root - DEBUG - Width: 20, Height: 38, RowLength: 60
2021-09-29 19:51:09,559 - root - DEBUG - BPP: 24, unknown2: 0
2021-09-29 19:51:09,559 - root - DEBUG - Writing image mini 24 bit/pixel...
2021-09-29 19:51:09,559 - root - DEBUG - Resource 13 offset is 506776...
2021-09-29 19:51:09,559 - root - DEBUG - Encoding resource 13...
2021-09-29 19:51:09,559 - root - DEBUG -  hasHalfAlpha: True, has_transparency: True
2021-09-29 19:51:09,559 - root - DEBUG - Writing image header mini...
2021-09-29 19:51:09,559 - root - DEBUG - Width: 20, Height: 38, RowLength: 60
2021-09-29 19:51:09,559 - root - DEBUG - BPP: 24, unknown2: 0
2021-09-29 19:51:09,559 - root - DEBUG - Writing image mini 24 bit/pixel...
2021-09-29 19:51:09,559 - root - DEBUG - Resource 14 offset is 509072...
2021-09-29 19:51:09,559 - root - DEBUG - Encoding resource 14...
2021-09-29 19:51:09,559 - root - DEBUG -  hasHalfAlpha: True, has_transparency: True
2021-09-29 19:51:09,559 - root - DEBUG - Writing image header mini...
2021-09-29 19:51:09,559 - root - DEBUG - Width: 20, Height: 38, RowLength: 60
2021-09-29 19:51:09,559 - root - DEBUG - BPP: 24, unknown2: 0
2021-09-29 19:51:09,559 - root - DEBUG - Writing image mini 24 bit/pixel...
2021-09-29 19:51:09,559 - root - DEBUG - Resource 15 offset is 511368...
2021-09-29 19:51:09,559 - root - DEBUG - Encoding resource 15...
2021-09-29 19:51:09,559 - root - DEBUG -  hasHalfAlpha: True, has_transparency: True
2021-09-29 19:51:09,575 - root - DEBUG - Writing image header mini...
2021-09-29 19:51:09,575 - root - DEBUG - Width: 20, Height: 38, RowLength: 60
2021-09-29 19:51:09,575 - root - DEBUG - BPP: 24, unknown2: 0
2021-09-29 19:51:09,575 - root - DEBUG - Writing image mini 24 bit/pixel...
2021-09-29 19:51:09,575 - root - DEBUG - Resource 16 offset is 513664...
2021-09-29 19:51:09,575 - root - DEBUG - Encoding resource 16...
2021-09-29 19:51:09,575 - root - DEBUG -  hasHalfAlpha: True, has_transparency: True
2021-09-29 19:51:09,575 - root - DEBUG - Writing image header mini...
2021-09-29 19:51:09,575 - root - DEBUG - Width: 20, Height: 38, RowLength: 60
2021-09-29 19:51:09,575 - root - DEBUG - BPP: 24, unknown2: 0
2021-09-29 19:51:09,575 - root - DEBUG - Writing image mini 24 bit/pixel...
2021-09-29 19:51:09,575 - root - DEBUG - Resource 17 offset is 515960...
2021-09-29 19:51:09,575 - root - DEBUG - Encoding resource 17...
2021-09-29 19:51:09,575 - root - DEBUG -  hasHalfAlpha: True, has_transparency: True
2021-09-29 19:51:09,575 - root - DEBUG - Writing image header mini...
2021-09-29 19:51:09,575 - root - DEBUG - Width: 20, Height: 38, RowLength: 60
2021-09-29 19:51:09,575 - root - DEBUG - BPP: 24, unknown2: 0
2021-09-29 19:51:09,575 - root - DEBUG - Writing image mini 24 bit/pixel...
2021-09-29 19:51:09,575 - root - DEBUG - Resource 18 offset is 518256...
2021-09-29 19:51:09,575 - root - DEBUG - Encoding resource 18...
2021-09-29 19:51:09,575 - root - DEBUG -  hasHalfAlpha: True, has_transparency: True
2021-09-29 19:51:09,575 - root - DEBUG - Writing image header mini...
2021-09-29 19:51:09,575 - root - DEBUG - Width: 20, Height: 38, RowLength: 60
2021-09-29 19:51:09,575 - root - DEBUG - BPP: 24, unknown2: 0
2021-09-29 19:51:09,575 - root - DEBUG - Writing image mini 24 bit/pixel...
2021-09-29 19:51:09,575 - root - DEBUG - Resource 19 offset is 520552...
2021-09-29 19:51:09,575 - root - DEBUG - Encoding resource 19...
2021-09-29 19:51:09,575 - root - DEBUG -  hasHalfAlpha: True, has_transparency: True
2021-09-29 19:51:09,575 - root - DEBUG - Writing image header mini...
2021-09-29 19:51:09,575 - root - DEBUG - Width: 20, Height: 38, RowLength: 60
2021-09-29 19:51:09,575 - root - DEBUG - BPP: 24, unknown2: 0
2021-09-29 19:51:09,575 - root - DEBUG - Writing image mini 24 bit/pixel...
2021-09-29 19:51:09,575 - root - DEBUG - Resource 20 offset is 522848...
2021-09-29 19:51:09,575 - root - DEBUG - Encoding resource 20...
2021-09-29 19:51:09,575 - root - DEBUG -  hasHalfAlpha: True, has_transparency: True
2021-09-29 19:51:09,575 - root - DEBUG - Writing image header mini...
2021-09-29 19:51:09,575 - root - DEBUG - Width: 20, Height: 38, RowLength: 60
2021-09-29 19:51:09,575 - root - DEBUG - BPP: 24, unknown2: 0
2021-09-29 19:51:09,575 - root - DEBUG - Writing image mini 24 bit/pixel...
2021-09-29 19:51:09,575 - root - DEBUG - Resource 21 offset is 525144...
2021-09-29 19:51:09,575 - root - DEBUG - Encoding resource 21...
2021-09-29 19:51:09,575 - root - DEBUG -  hasHalfAlpha: True, has_transparency: True
2021-09-29 19:51:09,575 - root - DEBUG - Writing image header mini...
2021-09-29 19:51:09,575 - root - DEBUG - Width: 20, Height: 38, RowLength: 60
2021-09-29 19:51:09,575 - root - DEBUG - BPP: 24, unknown2: 0
2021-09-29 19:51:09,575 - root - DEBUG - Writing image mini 24 bit/pixel...
2021-09-29 19:51:09,575 - root - DEBUG - Resource 22 offset is 527440...
2021-09-29 19:51:09,575 - root - DEBUG - Encoding resource 22...
2021-09-29 19:51:09,575 - root - DEBUG -  hasHalfAlpha: True, has_transparency: True
2021-09-29 19:51:09,575 - root - DEBUG - Writing image header mini...
2021-09-29 19:51:09,575 - root - DEBUG - Width: 31, Height: 46, RowLength: 93
2021-09-29 19:51:09,575 - root - DEBUG - BPP: 24, unknown2: 0
2021-09-29 19:51:09,575 - root - DEBUG - Writing image mini 24 bit/pixel...
2021-09-29 19:51:09,591 - root - DEBUG - Resource 23 offset is 531734...
2021-09-29 19:51:09,591 - root - DEBUG - Encoding resource 23...
2021-09-29 19:51:09,591 - root - DEBUG -  hasHalfAlpha: True, has_transparency: True
2021-09-29 19:51:09,591 - root - DEBUG - Writing image header mini...
2021-09-29 19:51:09,591 - root - DEBUG - Width: 31, Height: 46, RowLength: 93
2021-09-29 19:51:09,591 - root - DEBUG - BPP: 24, unknown2: 0
2021-09-29 19:51:09,591 - root - DEBUG - Writing image mini 24 bit/pixel...
2021-09-29 19:51:09,591 - root - DEBUG - Resource 24 offset is 536028...
2021-09-29 19:51:09,591 - root - DEBUG - Encoding resource 24...
2021-09-29 19:51:09,591 - root - DEBUG -  hasHalfAlpha: True, has_transparency: True
2021-09-29 19:51:09,591 - root - DEBUG - Writing image header mini...
2021-09-29 19:51:09,591 - root - DEBUG - Width: 31, Height: 46, RowLength: 93
2021-09-29 19:51:09,591 - root - DEBUG - BPP: 24, unknown2: 0
2021-09-29 19:51:09,591 - root - DEBUG - Writing image mini 24 bit/pixel...
2021-09-29 19:51:09,591 - root - DEBUG - Resource 25 offset is 540322...
2021-09-29 19:51:09,591 - root - DEBUG - Encoding resource 25...
2021-09-29 19:51:09,591 - root - DEBUG -  hasHalfAlpha: True, has_transparency: True
2021-09-29 19:51:09,591 - root - DEBUG - Writing image header mini...
2021-09-29 19:51:09,591 - root - DEBUG - Width: 31, Height: 46, RowLength: 93
2021-09-29 19:51:09,591 - root - DEBUG - BPP: 24, unknown2: 0
2021-09-29 19:51:09,591 - root - DEBUG - Writing image mini 24 bit/pixel...
2021-09-29 19:51:09,591 - root - DEBUG - Resource 26 offset is 544616...
2021-09-29 19:51:09,591 - root - DEBUG - Encoding resource 26...
2021-09-29 19:51:09,591 - root - DEBUG -  hasHalfAlpha: True, has_transparency: True
2021-09-29 19:51:09,591 - root - DEBUG - Writing image header mini...
2021-09-29 19:51:09,591 - root - DEBUG - Width: 31, Height: 46, RowLength: 93
2021-09-29 19:51:09,591 - root - DEBUG - BPP: 24, unknown2: 0
2021-09-29 19:51:09,591 - root - DEBUG - Writing image mini 24 bit/pixel...
2021-09-29 19:51:09,591 - root - DEBUG - Resource 27 offset is 548910...
2021-09-29 19:51:09,591 - root - DEBUG - Encoding resource 27...
2021-09-29 19:51:09,591 - root - DEBUG -  hasHalfAlpha: True, has_transparency: True
2021-09-29 19:51:09,591 - root - DEBUG - Writing image header mini...
2021-09-29 19:51:09,591 - root - DEBUG - Width: 31, Height: 46, RowLength: 93
2021-09-29 19:51:09,591 - root - DEBUG - BPP: 24, unknown2: 0
2021-09-29 19:51:09,591 - root - DEBUG - Writing image mini 24 bit/pixel...
2021-09-29 19:51:09,591 - root - DEBUG - Resource 28 offset is 553204...
2021-09-29 19:51:09,606 - root - DEBUG - Encoding resource 28...
2021-09-29 19:51:09,606 - root - DEBUG -  hasHalfAlpha: True, has_transparency: True
2021-09-29 19:51:09,606 - root - DEBUG - Writing image header mini...
2021-09-29 19:51:09,606 - root - DEBUG - Width: 31, Height: 46, RowLength: 93
2021-09-29 19:51:09,606 - root - DEBUG - BPP: 24, unknown2: 0
2021-09-29 19:51:09,606 - root - DEBUG - Writing image mini 24 bit/pixel...
2021-09-29 19:51:09,606 - root - DEBUG - Resource 29 offset is 557498...
2021-09-29 19:51:09,606 - root - DEBUG - Encoding resource 29...
2021-09-29 19:51:09,606 - root - DEBUG -  hasHalfAlpha: True, has_transparency: True
2021-09-29 19:51:09,606 - root - DEBUG - Writing image header mini...
2021-09-29 19:51:09,606 - root - DEBUG - Width: 31, Height: 46, RowLength: 93
2021-09-29 19:51:09,606 - root - DEBUG - BPP: 24, unknown2: 0
2021-09-29 19:51:09,606 - root - DEBUG - Writing image mini 24 bit/pixel...
2021-09-29 19:51:09,606 - root - DEBUG - Resource 30 offset is 561792...
2021-09-29 19:51:09,606 - root - DEBUG - Encoding resource 30...
2021-09-29 19:51:09,606 - root - DEBUG -  hasHalfAlpha: True, has_transparency: True
2021-09-29 19:51:09,606 - root - DEBUG - Writing image header mini...
2021-09-29 19:51:09,606 - root - DEBUG - Width: 31, Height: 46, RowLength: 93
2021-09-29 19:51:09,606 - root - DEBUG - BPP: 24, unknown2: 0
2021-09-29 19:51:09,606 - root - DEBUG - Writing image mini 24 bit/pixel...
2021-09-29 19:51:09,606 - root - DEBUG - Resource 31 offset is 566086...
2021-09-29 19:51:09,606 - root - DEBUG - Encoding resource 31...
2021-09-29 19:51:09,606 - root - DEBUG -  hasHalfAlpha: True, has_transparency: True
2021-09-29 19:51:09,606 - root - DEBUG - Writing image header mini...
2021-09-29 19:51:09,606 - root - DEBUG - Width: 31, Height: 46, RowLength: 93
2021-09-29 19:51:09,606 - root - DEBUG - BPP: 24, unknown2: 0
2021-09-29 19:51:09,606 - root - DEBUG - Writing image mini 24 bit/pixel...
2021-09-29 19:51:09,606 - root - DEBUG - Resource 32 offset is 570380...
2021-09-29 19:51:09,606 - root - DEBUG - Encoding resource 32...
2021-09-29 19:51:09,606 - root - DEBUG -  hasHalfAlpha: True, has_transparency: True
2021-09-29 19:51:09,606 - root - DEBUG - Writing image header mini...
2021-09-29 19:51:09,606 - root - DEBUG - Width: 111, Height: 35, RowLength: 333
2021-09-29 19:51:09,606 - root - DEBUG - BPP: 24, unknown2: 0
2021-09-29 19:51:09,606 - root - DEBUG - Writing image mini 24 bit/pixel...
2021-09-29 19:51:09,622 - root - DEBUG - Resource 33 offset is 582051...
2021-09-29 19:51:09,622 - root - DEBUG - Encoding resource 33...
2021-09-29 19:51:09,622 - root - DEBUG -  hasHalfAlpha: True, has_transparency: True
2021-09-29 19:51:09,622 - root - DEBUG - Writing image header mini...
2021-09-29 19:51:09,622 - root - DEBUG - Width: 111, Height: 35, RowLength: 333
2021-09-29 19:51:09,622 - root - DEBUG - BPP: 24, unknown2: 0
2021-09-29 19:51:09,622 - root - DEBUG - Writing image mini 24 bit/pixel...
2021-09-29 19:51:09,622 - root - DEBUG - Resource 34 offset is 593722...
2021-09-29 19:51:09,622 - root - DEBUG - Encoding resource 34...
2021-09-29 19:51:09,622 - root - DEBUG -  hasHalfAlpha: True, has_transparency: True
2021-09-29 19:51:09,622 - root - DEBUG - Writing image header mini...
2021-09-29 19:51:09,622 - root - DEBUG - Width: 111, Height: 35, RowLength: 333
2021-09-29 19:51:09,622 - root - DEBUG - BPP: 24, unknown2: 0
2021-09-29 19:51:09,622 - root - DEBUG - Writing image mini 24 bit/pixel...
2021-09-29 19:51:09,638 - root - DEBUG - Resource 35 offset is 605393...
2021-09-29 19:51:09,638 - root - DEBUG - Encoding resource 35...
2021-09-29 19:51:09,638 - root - DEBUG -  hasHalfAlpha: True, has_transparency: True
2021-09-29 19:51:09,638 - root - DEBUG - Writing image header mini...
2021-09-29 19:51:09,638 - root - DEBUG - Width: 111, Height: 35, RowLength: 333
2021-09-29 19:51:09,638 - root - DEBUG - BPP: 24, unknown2: 0
2021-09-29 19:51:09,638 - root - DEBUG - Writing image mini 24 bit/pixel...
2021-09-29 19:51:09,638 - root - DEBUG - Resource 36 offset is 617064...
2021-09-29 19:51:09,638 - root - DEBUG - Encoding resource 36...
2021-09-29 19:51:09,638 - root - DEBUG -  hasHalfAlpha: True, has_transparency: True
2021-09-29 19:51:09,638 - root - DEBUG - Writing image header mini...
2021-09-29 19:51:09,638 - root - DEBUG - Width: 111, Height: 35, RowLength: 333
2021-09-29 19:51:09,638 - root - DEBUG - BPP: 24, unknown2: 0
2021-09-29 19:51:09,638 - root - DEBUG - Writing image mini 24 bit/pixel...
2021-09-29 19:51:09,653 - root - DEBUG - Resource 37 offset is 628735...
2021-09-29 19:51:09,653 - root - DEBUG - Encoding resource 37...
2021-09-29 19:51:09,653 - root - DEBUG -  hasHalfAlpha: True, has_transparency: True
2021-09-29 19:51:09,653 - root - DEBUG - Writing image header mini...
2021-09-29 19:51:09,653 - root - DEBUG - Width: 111, Height: 35, RowLength: 333
2021-09-29 19:51:09,653 - root - DEBUG - BPP: 24, unknown2: 0
2021-09-29 19:51:09,653 - root - DEBUG - Writing image mini 24 bit/pixel...
2021-09-29 19:51:09,653 - root - DEBUG - Resource 38 offset is 640406...
2021-09-29 19:51:09,653 - root - DEBUG - Encoding resource 38...
2021-09-29 19:51:09,653 - root - DEBUG -  hasHalfAlpha: True, has_transparency: True
2021-09-29 19:51:09,653 - root - DEBUG - Writing image header mini...
2021-09-29 19:51:09,653 - root - DEBUG - Width: 111, Height: 35, RowLength: 333
2021-09-29 19:51:09,653 - root - DEBUG - BPP: 24, unknown2: 0
2021-09-29 19:51:09,653 - root - DEBUG - Writing image mini 24 bit/pixel...
2021-09-29 19:51:09,669 - root - DEBUG - Resource 39 offset is 652077...
2021-09-29 19:51:09,669 - root - DEBUG - Encoding resource 39...
2021-09-29 19:51:09,669 - root - DEBUG -  hasHalfAlpha: True, has_transparency: True
2021-09-29 19:51:09,669 - root - DEBUG - Writing image header mini...
2021-09-29 19:51:09,669 - root - DEBUG - Width: 36, Height: 23, RowLength: 108
2021-09-29 19:51:09,669 - root - DEBUG - BPP: 24, unknown2: 0
2021-09-29 19:51:09,669 - root - DEBUG - Writing image mini 24 bit/pixel...
2021-09-29 19:51:09,669 - root - DEBUG - Resource 40 offset is 654577...
2021-09-29 19:51:09,669 - root - DEBUG - Encoding resource 40...
2021-09-29 19:51:09,669 - root - DEBUG -  hasHalfAlpha: True, has_transparency: True
2021-09-29 19:51:09,669 - root - DEBUG - Writing image header mini...
2021-09-29 19:51:09,669 - root - DEBUG - Width: 36, Height: 23, RowLength: 108
2021-09-29 19:51:09,669 - root - DEBUG - BPP: 24, unknown2: 0
2021-09-29 19:51:09,669 - root - DEBUG - Writing image mini 24 bit/pixel...
2021-09-29 19:51:09,669 - root - DEBUG - Resource 41 offset is 657077...
2021-09-29 19:51:09,669 - root - DEBUG - Encoding resource 41...
2021-09-29 19:51:09,669 - root - DEBUG -  hasHalfAlpha: True, has_transparency: True
2021-09-29 19:51:09,669 - root - DEBUG - Writing image header mini...
2021-09-29 19:51:09,669 - root - DEBUG - Width: 37, Height: 10, RowLength: 111
2021-09-29 19:51:09,669 - root - DEBUG - BPP: 24, unknown2: 0
2021-09-29 19:51:09,669 - root - DEBUG - Writing image mini 24 bit/pixel...
2021-09-29 19:51:09,669 - root - DEBUG - Resource 42 offset is 658203...
2021-09-29 19:51:09,669 - root - DEBUG - Encoding resource 42...
2021-09-29 19:51:09,669 - root - DEBUG -  hasHalfAlpha: True, has_transparency: True
2021-09-29 19:51:09,669 - root - DEBUG - Writing image header mini...
2021-09-29 19:51:09,669 - root - DEBUG - Width: 36, Height: 10, RowLength: 108
2021-09-29 19:51:09,669 - root - DEBUG - BPP: 24, unknown2: 0
2021-09-29 19:51:09,669 - root - DEBUG - Writing image mini 24 bit/pixel...
2021-09-29 19:51:09,669 - root - DEBUG - Resource 43 offset is 659299...
2021-09-29 19:51:09,669 - root - DEBUG - Encoding resource 43...
2021-09-29 19:51:09,669 - root - DEBUG -  hasHalfAlpha: True, has_transparency: True
2021-09-29 19:51:09,669 - root - DEBUG - Writing image header mini...
2021-09-29 19:51:09,669 - root - DEBUG - Width: 35, Height: 10, RowLength: 105
2021-09-29 19:51:09,669 - root - DEBUG - BPP: 24, unknown2: 0
2021-09-29 19:51:09,669 - root - DEBUG - Writing image mini 24 bit/pixel...
2021-09-29 19:51:09,669 - root - DEBUG - Resource 44 offset is 660365...
2021-09-29 19:51:09,669 - root - DEBUG - Encoding resource 44...
2021-09-29 19:51:09,669 - root - DEBUG -  hasHalfAlpha: True, has_transparency: True
2021-09-29 19:51:09,669 - root - DEBUG - Writing image header mini...
2021-09-29 19:51:09,669 - root - DEBUG - Width: 36, Height: 10, RowLength: 108
2021-09-29 19:51:09,669 - root - DEBUG - BPP: 24, unknown2: 0
2021-09-29 19:51:09,669 - root - DEBUG - Writing image mini 24 bit/pixel...
2021-09-29 19:51:09,669 - root - DEBUG - Resource 45 offset is 661461...
2021-09-29 19:51:09,669 - root - DEBUG - Encoding resource 45...
2021-09-29 19:51:09,669 - root - DEBUG -  hasHalfAlpha: True, has_transparency: True
2021-09-29 19:51:09,669 - root - DEBUG - Writing image header mini...
2021-09-29 19:51:09,669 - root - DEBUG - Width: 30, Height: 22, RowLength: 90
2021-09-29 19:51:09,669 - root - DEBUG - BPP: 24, unknown2: 0
2021-09-29 19:51:09,669 - root - DEBUG - Writing image mini 24 bit/pixel...
2021-09-29 19:51:09,669 - root - DEBUG - Resource 46 offset is 663457...
2021-09-29 19:51:09,669 - root - DEBUG - Encoding resource 46...
2021-09-29 19:51:09,669 - root - DEBUG -  hasHalfAlpha: True, has_transparency: True
2021-09-29 19:51:09,669 - root - DEBUG - Writing image header mini...
2021-09-29 19:51:09,669 - root - DEBUG - Width: 15, Height: 32, RowLength: 45
2021-09-29 19:51:09,669 - root - DEBUG - BPP: 24, unknown2: 0
2021-09-29 19:51:09,669 - root - DEBUG - Writing image mini 24 bit/pixel...
2021-09-29 19:51:09,669 - root - DEBUG - Resource 47 offset is 664913...
2021-09-29 19:51:09,669 - root - DEBUG - Encoding resource 47...
2021-09-29 19:51:09,669 - root - DEBUG -  hasHalfAlpha: True, has_transparency: True
2021-09-29 19:51:09,669 - root - DEBUG - Writing image header mini...
2021-09-29 19:51:09,669 - root - DEBUG - Width: 16, Height: 29, RowLength: 48
2021-09-29 19:51:09,669 - root - DEBUG - BPP: 24, unknown2: 0
2021-09-29 19:51:09,669 - root - DEBUG - Writing image mini 24 bit/pixel...
2021-09-29 19:51:09,669 - root - DEBUG - Resource 48 offset is 666321...
2021-09-29 19:51:09,669 - root - DEBUG - Encoding resource 48...
2021-09-29 19:51:09,669 - root - DEBUG -  hasHalfAlpha: True, has_transparency: True
2021-09-29 19:51:09,669 - root - DEBUG - Writing image header mini...
2021-09-29 19:51:09,669 - root - DEBUG - Width: 17, Height: 16, RowLength: 51
2021-09-29 19:51:09,669 - root - DEBUG - BPP: 24, unknown2: 0
2021-09-29 19:51:09,669 - root - DEBUG - Writing image mini 24 bit/pixel...
2021-09-29 19:51:09,684 - root - DEBUG - Resource 49 offset is 667153...
2021-09-29 19:51:09,684 - root - DEBUG - Encoding resource 49...
2021-09-29 19:51:09,684 - root - DEBUG -  hasHalfAlpha: True, has_transparency: True
2021-09-29 19:51:09,684 - root - DEBUG - Writing image header mini...
2021-09-29 19:51:09,684 - root - DEBUG - Width: 17, Height: 16, RowLength: 51
2021-09-29 19:51:09,684 - root - DEBUG - BPP: 24, unknown2: 0
2021-09-29 19:51:09,684 - root - DEBUG - Writing image mini 24 bit/pixel...
2021-09-29 19:51:09,684 - root - DEBUG - Resource 50 offset is 667985...
2021-09-29 19:51:09,684 - root - DEBUG - Encoding resource 50...
2021-09-29 19:51:09,684 - root - DEBUG -  hasHalfAlpha: True, has_transparency: True
2021-09-29 19:51:09,684 - root - DEBUG - Writing image header mini...
2021-09-29 19:51:09,684 - root - DEBUG - Width: 17, Height: 16, RowLength: 51
2021-09-29 19:51:09,684 - root - DEBUG - BPP: 24, unknown2: 0
2021-09-29 19:51:09,684 - root - DEBUG - Writing image mini 24 bit/pixel...
2021-09-29 19:51:09,684 - root - DEBUG - Resource 51 offset is 668817...
2021-09-29 19:51:09,684 - root - DEBUG - Encoding resource 51...
2021-09-29 19:51:09,684 - root - DEBUG -  hasHalfAlpha: True, has_transparency: True
2021-09-29 19:51:09,684 - root - DEBUG - Writing image header mini...
2021-09-29 19:51:09,684 - root - DEBUG - Width: 17, Height: 16, RowLength: 51
2021-09-29 19:51:09,684 - root - DEBUG - BPP: 24, unknown2: 0
2021-09-29 19:51:09,684 - root - DEBUG - Writing image mini 24 bit/pixel...
2021-09-29 19:51:09,684 - root - DEBUG - Resource 52 offset is 669649...
2021-09-29 19:51:09,684 - root - DEBUG - Encoding resource 52...
2021-09-29 19:51:09,684 - root - DEBUG -  hasHalfAlpha: True, has_transparency: True
2021-09-29 19:51:09,684 - root - DEBUG - Writing image header mini...
2021-09-29 19:51:09,684 - root - DEBUG - Width: 18, Height: 16, RowLength: 54
2021-09-29 19:51:09,684 - root - DEBUG - BPP: 24, unknown2: 0
2021-09-29 19:51:09,684 - root - DEBUG - Writing image mini 24 bit/pixel...
2021-09-29 19:51:09,684 - root - DEBUG - Resource 53 offset is 670529...
2021-09-29 19:51:09,684 - root - DEBUG - Encoding resource 53...
2021-09-29 19:51:09,684 - root - DEBUG -  hasHalfAlpha: True, has_transparency: True
2021-09-29 19:51:09,684 - root - DEBUG - Writing image header mini...
2021-09-29 19:51:09,684 - root - DEBUG - Width: 18, Height: 16, RowLength: 54
2021-09-29 19:51:09,684 - root - DEBUG - BPP: 24, unknown2: 0
2021-09-29 19:51:09,684 - root - DEBUG - Writing image mini 24 bit/pixel...
2021-09-29 19:51:09,684 - root - DEBUG - Resource 54 offset is 671409...
2021-09-29 19:51:09,684 - root - DEBUG - Encoding resource 54...
2021-09-29 19:51:09,684 - root - DEBUG -  hasHalfAlpha: True, has_transparency: True
2021-09-29 19:51:09,684 - root - DEBUG - Writing image header mini...
2021-09-29 19:51:09,684 - root - DEBUG - Width: 20, Height: 16, RowLength: 60
2021-09-29 19:51:09,684 - root - DEBUG - BPP: 24, unknown2: 0
2021-09-29 19:51:09,684 - root - DEBUG - Writing image mini 24 bit/pixel...
2021-09-29 19:51:09,684 - root - DEBUG - Resource 55 offset is 672385...
2021-09-29 19:51:09,684 - root - DEBUG - Encoding resource 55...
2021-09-29 19:51:09,684 - root - DEBUG -  hasHalfAlpha: True, has_transparency: True
2021-09-29 19:51:09,684 - root - DEBUG - Writing image header mini...
2021-09-29 19:51:09,684 - root - DEBUG - Width: 24, Height: 17, RowLength: 72
2021-09-29 19:51:09,684 - root - DEBUG - BPP: 24, unknown2: 0
2021-09-29 19:51:09,684 - root - DEBUG - Writing image mini 24 bit/pixel...
2021-09-29 19:51:09,684 - root - DEBUG - Resource 56 offset is 673625...
2021-09-29 19:51:09,684 - root - DEBUG - Encoding resource 56...
2021-09-29 19:51:09,684 - root - DEBUG -  hasHalfAlpha: True, has_transparency: True
2021-09-29 19:51:09,684 - root - DEBUG - Writing image header mini...
2021-09-29 19:51:09,684 - root - DEBUG - Width: 23, Height: 17, RowLength: 69
2021-09-29 19:51:09,684 - root - DEBUG - BPP: 24, unknown2: 0
2021-09-29 19:51:09,684 - root - DEBUG - Writing image mini 24 bit/pixel...
2021-09-29 19:51:09,684 - root - DEBUG - Resource 57 offset is 674814...
2021-09-29 19:51:09,684 - root - DEBUG - Encoding resource 57...
2021-09-29 19:51:09,684 - root - DEBUG -  hasHalfAlpha: True, has_transparency: True
2021-09-29 19:51:09,684 - root - DEBUG - Writing image header mini...
2021-09-29 19:51:09,684 - root - DEBUG - Width: 22, Height: 22, RowLength: 66
2021-09-29 19:51:09,684 - root - DEBUG - BPP: 24, unknown2: 0
2021-09-29 19:51:09,684 - root - DEBUG - Writing image mini 24 bit/pixel...
2021-09-29 19:51:09,684 - root - DEBUG - Resource 58 offset is 676282...
2021-09-29 19:51:09,684 - root - DEBUG - Encoding resource 58...
2021-09-29 19:51:09,684 - root - DEBUG -  hasHalfAlpha: True, has_transparency: True
2021-09-29 19:51:09,684 - root - DEBUG - Writing image header mini...
2021-09-29 19:51:09,684 - root - DEBUG - Width: 23, Height: 23, RowLength: 69
2021-09-29 19:51:09,684 - root - DEBUG - BPP: 24, unknown2: 0
2021-09-29 19:51:09,684 - root - DEBUG - Writing image mini 24 bit/pixel...
2021-09-29 19:51:09,684 - root - DEBUG - Resource 59 offset is 677885...
2021-09-29 19:51:09,684 - root - DEBUG - Encoding resource 59...
2021-09-29 19:51:09,684 - root - DEBUG -  hasHalfAlpha: True, has_transparency: True
2021-09-29 19:51:09,684 - root - DEBUG - Writing image header mini...
2021-09-29 19:51:09,684 - root - DEBUG - Width: 24, Height: 23, RowLength: 72
2021-09-29 19:51:09,684 - root - DEBUG - BPP: 24, unknown2: 0
2021-09-29 19:51:09,684 - root - DEBUG - Writing image mini 24 bit/pixel...
2021-09-29 19:51:09,684 - root - DEBUG - Writing resources offsets table
2021-09-29 19:51:09,684 - root - DEBUG - Writing padding...
2021-09-29 19:51:09,684 - root - DEBUG - Writing resources
2021-09-29 19:51:09,700 - root - DEBUG - Injecting additional header info
2021-09-29 19:51:09,700 - root - DEBUG - Injected size: 679954
2021-09-29 19:51:09,700 - root - DEBUG - basename: 6608e628967af66d1b74f8f9952596d7_packed
2021-09-29 19:51:09,700 - root - DEBUG - hash length: 7
2021-09-29 19:51:09,700 - root - DEBUG - basename 7 byte hash 6b0b415c09cc6e
