2021-12-27 17:05:49,373 - root - DEBUG - Opening watch face 'eccac29dd035b6ab1749020667625dd0.bin'
2021-12-27 17:05:49,374 - root - DEBUG - Reading parameters...
2021-12-27 17:05:49,374 - root - INFO - Reading header...
2021-12-27 17:05:49,374 - root - INFO - Header was read:
2021-12-27 17:05:49,375 - root - INFO - Signature: b'UIHH\x01\x00\xff', Unknown: 162, ParametersSize: 48, isValid: True, deviceId: 73
2021-12-27 17:05:49,375 - root - INFO - Reading parameter offsets...
2021-12-27 17:05:49,375 - root - INFO - Parameter offsets were read from file
2021-12-27 17:05:49,375 - root - INFO - Reading parameters descriptor...
2021-12-27 17:05:49,375 - root - INFO - 1 ( A): 5 bytes
2021-12-27 17:05:49,375 - root - INFO -     1 ( 8): 385 181
2021-12-27 17:05:49,375 - root - INFO -     2 (10): 86 56
2021-12-27 17:05:49,375 - root - INFO - getParameters descriptor was read:
2021-12-27 17:05:49,375 - root - INFO - ParametersTableLength: 385, ImagesCount: 86
2021-12-27 17:05:49,375 - root - INFO - Reading parameters locations...
2021-12-27 17:05:49,375 - root - INFO - 2 (12): 4 bytes
2021-12-27 17:05:49,376 - root - INFO -     1 ( 8): 0  0
2021-12-27 17:05:49,376 - root - INFO -     2 (10): 32 20
2021-12-27 17:05:49,376 - root - INFO - 3 (1A): 4 bytes
2021-12-27 17:05:49,376 - root - INFO -     1 ( 8): 32 20
2021-12-27 17:05:49,376 - root - INFO -     2 (10): 52 34
2021-12-27 17:05:49,376 - root - INFO - 4 (22): 5 bytes
2021-12-27 17:05:49,376 - root - INFO -     1 ( 8): 165 A5
2021-12-27 17:05:49,376 - root - INFO -     2 (10): 29 1D
2021-12-27 17:05:49,376 - root - INFO - 5 (2A): 4 bytes
2021-12-27 17:05:49,376 - root - INFO -     1 ( 8): 84 54
2021-12-27 17:05:49,376 - root - INFO -     2 (10): 81 51
2021-12-27 17:05:49,376 - root - INFO - 9 (4A): 5 bytes
2021-12-27 17:05:49,377 - root - INFO -     1 ( 8): 194 C2
2021-12-27 17:05:49,377 - root - INFO -     2 (10): 29 1D
2021-12-27 17:05:49,377 - root - INFO - 29 (EA): 6 bytes
2021-12-27 17:05:49,377 - root - INFO -     1 ( 8): 223 DF
2021-12-27 17:05:49,377 - root - INFO -     2 (10): 162 A2
2021-12-27 17:05:49,377 - root - INFO - Watch face parameters locations were read:
2021-12-27 17:05:49,378 - root - INFO - Reading descriptor for parameter 2
2021-12-27 17:05:49,378 - root - INFO - Descriptor offset: 0, Descriptor length: 32
2021-12-27 17:05:49,378 - root - INFO - Parsing descriptor for parameter 2...
2021-12-27 17:05:49,378 - root - INFO - 1 ( A): 6 bytes
2021-12-27 17:05:49,378 - root - INFO -     1 ( 8): 0  0
2021-12-27 17:05:49,378 - root - INFO -     2 (10): 0  0
2021-12-27 17:05:49,378 - root - INFO -     3 (18): 0  0
2021-12-27 17:05:49,379 - root - INFO - 3 (1A): 6 bytes
2021-12-27 17:05:49,379 - root - INFO -     1 ( 8): 18 12
2021-12-27 17:05:49,379 - root - INFO -     2 (10): 17 11
2021-12-27 17:05:49,379 - root - INFO -     3 (18): 2  2
2021-12-27 17:05:49,379 - root - INFO - 4 (22): 6 bytes
2021-12-27 17:05:49,379 - root - INFO -     1 ( 8): 18 12
2021-12-27 17:05:49,379 - root - INFO -     2 (10): 17 11
2021-12-27 17:05:49,379 - root - INFO -     3 (18): 1  1
2021-12-27 17:05:49,379 - root - INFO - 5 (2A): 6 bytes
2021-12-27 17:05:49,379 - root - INFO -     1 ( 8): 18 12
2021-12-27 17:05:49,379 - root - INFO -     2 (10): 17 11
2021-12-27 17:05:49,380 - root - INFO -     3 (18): 1  1
2021-12-27 17:05:49,380 - root - INFO - Reading descriptor for parameter 3
2021-12-27 17:05:49,380 - root - INFO - Descriptor offset: 32, Descriptor length: 52
2021-12-27 17:05:49,380 - root - INFO - Parsing descriptor for parameter 3...
2021-12-27 17:05:49,380 - root - INFO - 1 ( A): 50 bytes
2021-12-27 17:05:49,380 - root - INFO -     1 ( A): 20 bytes
2021-12-27 17:05:49,380 - root - INFO -         1 ( A): 8 bytes
2021-12-27 17:05:49,380 - root - INFO -             1 ( 8): 55 37
2021-12-27 17:05:49,380 - root - INFO -             2 (10): 67 43
2021-12-27 17:05:49,380 - root - INFO -             3 (18): 3  3
2021-12-27 17:05:49,381 - root - INFO -             4 (20): 10  A
2021-12-27 17:05:49,381 - root - INFO -         2 (12): 8 bytes
2021-12-27 17:05:49,381 - root - INFO -             1 ( 8): 101 65
2021-12-27 17:05:49,381 - root - INFO -             2 (10): 67 43
2021-12-27 17:05:49,381 - root - INFO -             3 (18): 3  3
2021-12-27 17:05:49,381 - root - INFO -             4 (20): 10  A
2021-12-27 17:05:49,381 - root - INFO -     2 (12): 22 bytes
2021-12-27 17:05:49,381 - root - INFO -         1 ( A): 9 bytes
2021-12-27 17:05:49,381 - root - INFO -             1 ( 8): 169 A9
2021-12-27 17:05:49,381 - root - INFO -             2 (10): 67 43
2021-12-27 17:05:49,381 - root - INFO -             3 (18): 3  3
2021-12-27 17:05:49,382 - root - INFO -             4 (20): 10  A
2021-12-27 17:05:49,382 - root - INFO -         2 (12): 9 bytes
2021-12-27 17:05:49,382 - root - INFO -             1 ( 8): 215 D7
2021-12-27 17:05:49,382 - root - INFO -             2 (10): 67 43
2021-12-27 17:05:49,382 - root - INFO -             3 (18): 3  3
2021-12-27 17:05:49,382 - root - INFO -             4 (20): 10  A
2021-12-27 17:05:49,382 - root - INFO -     7 (38): 0  0
2021-12-27 17:05:49,382 - root - INFO -     8 (40): 1  1
2021-12-27 17:05:49,382 - root - INFO - Reading descriptor for parameter 4
2021-12-27 17:05:49,382 - root - INFO - Descriptor offset: 165, Descriptor length: 29
2021-12-27 17:05:49,383 - root - INFO - Parsing descriptor for parameter 4...
2021-12-27 17:05:49,383 - root - INFO - 1 ( A): 25 bytes
2021-12-27 17:05:49,383 - root - INFO -     1 ( A): 21 bytes
2021-12-27 17:05:49,383 - root - INFO -         1 ( 8): 0  0
2021-12-27 17:05:49,383 - root - INFO -         2 (10): 139 8B
2021-12-27 17:05:49,383 - root - INFO -         3 (18): 306 132
2021-12-27 17:05:49,383 - root - INFO -         4 (20): 159 9F
2021-12-27 17:05:49,383 - root - INFO -         5 (28): 24 18
2021-12-27 17:05:49,383 - root - INFO -         6 (30): 1  1
2021-12-27 17:05:49,383 - root - INFO -         7 (38): 0  0
2021-12-27 17:05:49,383 - root - INFO -         8 (40): 13  D
2021-12-27 17:05:49,384 - root - INFO -         9 (48): 10  A
2021-12-27 17:05:49,384 - root - INFO -     2 (10): 42 2A
2021-12-27 17:05:49,384 - root - INFO - 7 (38): 0  0
2021-12-27 17:05:49,384 - root - INFO - Reading descriptor for parameter 5
2021-12-27 17:05:49,384 - root - INFO - Descriptor offset: 84, Descriptor length: 81
2021-12-27 17:05:49,384 - root - INFO - Parsing descriptor for parameter 5...
2021-12-27 17:05:49,384 - root - INFO - 1 ( A): 31 bytes
2021-12-27 17:05:49,384 - root - INFO -     2 (12): 23 bytes
2021-12-27 17:05:49,384 - root - INFO -         1 ( A): 19 bytes
2021-12-27 17:05:49,384 - root - INFO -             1 ( 8): 57 39
2021-12-27 17:05:49,385 - root - INFO -             2 (10): 30 1E
2021-12-27 17:05:49,385 - root - INFO -             3 (18): 130 82
2021-12-27 17:05:49,385 - root - INFO -             4 (20): 50 32
2021-12-27 17:05:49,385 - root - INFO -             5 (28): 18 12
2021-12-27 17:05:49,385 - root - INFO -             6 (30): 1  1
2021-12-27 17:05:49,385 - root - INFO -             7 (38): 0  0
2021-12-27 17:05:49,385 - root - INFO -             8 (40): 13  D
2021-12-27 17:05:49,385 - root - INFO -             9 (48): 10  A
2021-12-27 17:05:49,385 - root - INFO -         2 (10): 23 17
2021-12-27 17:05:49,386 - root - INFO -     4 (20): 1  1
2021-12-27 17:05:49,386 - root - INFO -     5 (28): 1  1
2021-12-27 17:05:49,386 - root - INFO -     6 (30): 0  0
2021-12-27 17:05:49,386 - root - INFO - 2 (12): 13 bytes
2021-12-27 17:05:49,386 - root - INFO -     1 ( 8): 256 100
2021-12-27 17:05:49,386 - root - INFO -     2 (10): 106 6A
2021-12-27 17:05:49,386 - root - INFO -     3 (18): 38 26
2021-12-27 17:05:49,386 - root - INFO -     4 (20): 39 27
2021-12-27 17:05:49,386 - root - INFO -     5 (28): 40 28
2021-12-27 17:05:49,386 - root - INFO -     6 (30): 41 29
2021-12-27 17:05:49,386 - root - INFO - 4 (22): 9 bytes
2021-12-27 17:05:49,386 - root - INFO -     1 ( 8): 192 C0
2021-12-27 17:05:49,387 - root - INFO -     2 (10): 30 1E
2021-12-27 17:05:49,387 - root - INFO -     3 (18): 24 18
2021-12-27 17:05:49,387 - root - INFO -     4 (20): 7  7
2021-12-27 17:05:49,387 - root - INFO - 5 (2A): 9 bytes
2021-12-27 17:05:49,387 - root - INFO -     1 ( 8): 192 C0
2021-12-27 17:05:49,387 - root - INFO -     2 (10): 30 1E
2021-12-27 17:05:49,387 - root - INFO -     3 (18): 24 18
2021-12-27 17:05:49,387 - root - INFO -     4 (20): 7  7
2021-12-27 17:05:49,387 - root - INFO - 6 (32): 9 bytes
2021-12-27 17:05:49,387 - root - INFO -     1 ( 8): 192 C0
2021-12-27 17:05:49,387 - root - INFO -     2 (10): 30 1E
2021-12-27 17:05:49,388 - root - INFO -     3 (18): 31 1F
2021-12-27 17:05:49,388 - root - INFO -     4 (20): 7  7
2021-12-27 17:05:49,388 - root - INFO - Reading descriptor for parameter 9
2021-12-27 17:05:49,388 - root - INFO - Descriptor offset: 194, Descriptor length: 29
2021-12-27 17:05:49,388 - root - INFO - Parsing descriptor for parameter 9...
2021-12-27 17:05:49,388 - root - INFO - 1 ( A): 27 bytes
2021-12-27 17:05:49,388 - root - INFO -     1 ( A): 21 bytes
2021-12-27 17:05:49,388 - root - INFO -         1 ( 8): 0  0
2021-12-27 17:05:49,388 - root - INFO -         2 (10): 302 12E
2021-12-27 17:05:49,389 - root - INFO -         3 (18): 306 132
2021-12-27 17:05:49,389 - root - INFO -         4 (20): 322 142
2021-12-27 17:05:49,389 - root - INFO -         5 (28): 24 18
2021-12-27 17:05:49,389 - root - INFO -         6 (30): 1  1
2021-12-27 17:05:49,389 - root - INFO -         7 (38): 0  0
2021-12-27 17:05:49,389 - root - INFO -         8 (40): 13  D
2021-12-27 17:05:49,389 - root - INFO -         9 (48): 10  A
2021-12-27 17:05:49,389 - root - INFO -     3 (18): 44 2C
2021-12-27 17:05:49,389 - root - INFO -     4 (20): 43 2B
2021-12-27 17:05:49,390 - root - INFO - Reading descriptor for parameter 29
2021-12-27 17:05:49,390 - root - INFO - Descriptor offset: 223, Descriptor length: 162
2021-12-27 17:05:49,390 - root - INFO - Parsing descriptor for parameter 29...
2021-12-27 17:05:49,390 - root - INFO - 1 ( A): 74 bytes
2021-12-27 17:05:49,390 - root - INFO -     1 ( A): 57 bytes
2021-12-27 17:05:49,390 - root - INFO -         1 ( A): 20 bytes
2021-12-27 17:05:49,390 - root - INFO -             1 ( A): 8 bytes
2021-12-27 17:05:49,390 - root - INFO -                 1 ( 8): 55 37
2021-12-27 17:05:49,390 - root - INFO -                 2 (10): 67 43
2021-12-27 17:05:49,390 - root - INFO -                 3 (18): 45 2D
2021-12-27 17:05:49,390 - root - INFO -                 4 (20): 10  A
2021-12-27 17:05:49,390 - root - INFO -             2 (12): 8 bytes
2021-12-27 17:05:49,391 - root - INFO -                 1 ( 8): 101 65
2021-12-27 17:05:49,391 - root - INFO -                 2 (10): 67 43
2021-12-27 17:05:49,391 - root - INFO -                 3 (18): 45 2D
2021-12-27 17:05:49,391 - root - INFO -                 4 (20): 10  A
2021-12-27 17:05:49,391 - root - INFO -         2 (12): 22 bytes
2021-12-27 17:05:49,391 - root - INFO -             1 ( A): 9 bytes
2021-12-27 17:05:49,391 - root - INFO -                 1 ( 8): 169 A9
2021-12-27 17:05:49,391 - root - INFO -                 2 (10): 67 43
2021-12-27 17:05:49,391 - root - INFO -                 3 (18): 45 2D
2021-12-27 17:05:49,391 - root - INFO -                 4 (20): 10  A
2021-12-27 17:05:49,391 - root - INFO -             2 (12): 9 bytes
2021-12-27 17:05:49,392 - root - INFO -                 1 ( 8): 215 D7
2021-12-27 17:05:49,392 - root - INFO -                 2 (10): 67 43
2021-12-27 17:05:49,392 - root - INFO -                 3 (18): 45 2D
2021-12-27 17:05:49,392 - root - INFO -                 4 (20): 10  A
2021-12-27 17:05:49,392 - root - INFO -         3 (1A): 7 bytes
2021-12-27 17:05:49,392 - root - INFO -             1 ( 8): 137 89
2021-12-27 17:05:49,392 - root - INFO -             2 (10): 67 43
2021-12-27 17:05:49,392 - root - INFO -             3 (18): 55 37
2021-12-27 17:05:49,392 - root - INFO -         4 (20): 1  1
2021-12-27 17:05:49,392 - root - INFO -     4 (22): 13 bytes
2021-12-27 17:05:49,392 - root - INFO -         1 ( 8): 256 100
2021-12-27 17:05:49,392 - root - INFO -         2 (10): 106 6A
2021-12-27 17:05:49,393 - root - INFO -         3 (18): 56 38
2021-12-27 17:05:49,393 - root - INFO -         4 (20): 57 39
2021-12-27 17:05:49,393 - root - INFO -         5 (28): 58 3A
2021-12-27 17:05:49,393 - root - INFO -         6 (30): 59 3B
2021-12-27 17:05:49,393 - root - INFO - 2 (12): 22 bytes
2021-12-27 17:05:49,393 - root - INFO -     1 ( A): 18 bytes
2021-12-27 17:05:49,393 - root - INFO -         1 ( 8): 56 38
2021-12-27 17:05:49,393 - root - INFO -         2 (10): 29 1D
2021-12-27 17:05:49,393 - root - INFO -         3 (18): 126 7E
2021-12-27 17:05:49,393 - root - INFO -         4 (20): 40 28
2021-12-27 17:05:49,393 - root - INFO -         5 (28): 18 12
2021-12-27 17:05:49,394 - root - INFO -         6 (30): 0  0
2021-12-27 17:05:49,394 - root - INFO -         7 (38): 0  0
2021-12-27 17:05:49,394 - root - INFO -         8 (40): 60 3C
2021-12-27 17:05:49,394 - root - INFO -         9 (48): 10  A
2021-12-27 17:05:49,394 - root - INFO -     2 (10): 70 46
2021-12-27 17:05:49,394 - root - INFO - 3 (1A): 33 bytes
2021-12-27 17:05:49,394 - root - INFO -     1 ( A): 9 bytes
2021-12-27 17:05:49,394 - root - INFO -         1 ( 8): 192 C0
2021-12-27 17:05:49,394 - root - INFO -         2 (10): 30 1E
2021-12-27 17:05:49,394 - root - INFO -         3 (18): 71 47
2021-12-27 17:05:49,394 - root - INFO -         4 (20): 7  7
2021-12-27 17:05:49,395 - root - INFO -     2 (12): 9 bytes
2021-12-27 17:05:49,395 - root - INFO -         1 ( 8): 192 C0
2021-12-27 17:05:49,395 - root - INFO -         2 (10): 30 1E
2021-12-27 17:05:49,395 - root - INFO -         3 (18): 71 47
2021-12-27 17:05:49,395 - root - INFO -         4 (20): 7  7
2021-12-27 17:05:49,395 - root - INFO -     3 (1A): 9 bytes
2021-12-27 17:05:49,395 - root - INFO -         1 ( 8): 192 C0
2021-12-27 17:05:49,395 - root - INFO -         2 (10): 30 1E
2021-12-27 17:05:49,395 - root - INFO -         3 (18): 78 4E
2021-12-27 17:05:49,395 - root - INFO -         4 (20): 7  7
2021-12-27 17:05:49,395 - root - INFO - 4 (22): 25 bytes
2021-12-27 17:05:49,396 - root - INFO -     1 ( A): 21 bytes
2021-12-27 17:05:49,396 - root - INFO -         1 ( 8): 0  0
2021-12-27 17:05:49,396 - root - INFO -         2 (10): 139 8B
2021-12-27 17:05:49,396 - root - INFO -         3 (18): 306 132
2021-12-27 17:05:49,396 - root - INFO -         4 (20): 159 9F
2021-12-27 17:05:49,396 - root - INFO -         5 (28): 24 18
2021-12-27 17:05:49,396 - root - INFO -         6 (30): 1  1
2021-12-27 17:05:49,396 - root - INFO -         7 (38): 0  0
2021-12-27 17:05:49,396 - root - INFO -         8 (40): 60 3C
2021-12-27 17:05:49,396 - root - INFO -         9 (48): 10  A
2021-12-27 17:05:49,396 - root - INFO -     2 (10): 85 55
2021-12-27 17:05:49,399 - root - INFO - Reading resources offsets table with 86 elements (344 bytes)
2021-12-27 17:05:49,399 - root - INFO - Resource 0 offset: 864, length: 218788...
2021-12-27 17:05:49,400 - root - DEBUG - Reading resource 0...
2021-12-27 17:05:49,439 - root - INFO - The image is bme.
2021-12-27 17:05:49,439 - root - INFO - Reading image header(readHeader16E)...
2021-12-27 17:05:49,439 - root - INFO - Image header was read:
2021-12-27 17:05:49,439 - root - INFO - Width: 306, Height: 354, RowLength: 612
2021-12-27 17:05:49,439 - root - INFO - datalength: 218772, _step: 2
2021-12-27 17:05:49,439 - root - INFO - BPP: 16, Transparency: False
2021-12-27 17:05:50,176 - root - INFO - Resource 1 offset: 219652, length: 101656...
2021-12-27 17:05:50,176 - root - DEBUG - Reading resource 1...
2021-12-27 17:05:50,176 - root - INFO - The image is bmc.
2021-12-27 17:05:50,177 - root - INFO - Reading image header(readHeader16C)...
2021-12-27 17:05:50,177 - root - INFO - Image header was read:
2021-12-27 17:05:50,177 - root - INFO - Width: 210, Height: 242, RowLength: 420
2021-12-27 17:05:50,177 - root - INFO - _step: 2, unknown2: 0,
2021-12-27 17:05:50,177 - root - INFO - BPP: 16, Transparency: False
2021-12-27 17:05:50,370 - root - INFO - Resource 2 offset: 321308, length: 101656...
2021-12-27 17:05:50,370 - root - DEBUG - Reading resource 2...
2021-12-27 17:05:50,370 - root - INFO - The image is bmc.
2021-12-27 17:05:50,371 - root - INFO - Reading image header(readHeader16C)...
2021-12-27 17:05:50,371 - root - INFO - Image header was read:
2021-12-27 17:05:50,371 - root - INFO - Width: 210, Height: 242, RowLength: 420
2021-12-27 17:05:50,371 - root - INFO - _step: 2, unknown2: 0,
2021-12-27 17:05:50,371 - root - INFO - BPP: 16, Transparency: False
2021-12-27 17:05:50,563 - root - INFO - Resource 3 offset: 422964, length: 2444...
2021-12-27 17:05:50,563 - root - DEBUG - Reading resource 3...
2021-12-27 17:05:50,563 - root - INFO - The image is bme.
2021-12-27 17:05:50,563 - root - INFO - Reading image header(readHeader16E)...
2021-12-27 17:05:50,563 - root - INFO - Image header was read:
2021-12-27 17:05:50,563 - root - INFO - Width: 38, Height: 57, RowLength: 76
2021-12-27 17:05:50,563 - root - INFO - datalength: 2428, _step: 2
2021-12-27 17:05:50,564 - root - INFO - BPP: 16, Transparency: False
2021-12-27 17:05:50,568 - root - INFO - Resource 4 offset: 425408, length: 1392...
2021-12-27 17:05:50,568 - root - DEBUG - Reading resource 4...
2021-12-27 17:05:50,568 - root - INFO - The image is bme.
2021-12-27 17:05:50,568 - root - INFO - Reading image header(readHeader16E)...
2021-12-27 17:05:50,568 - root - INFO - Image header was read:
2021-12-27 17:05:50,568 - root - INFO - Width: 38, Height: 57, RowLength: 76
2021-12-27 17:05:50,568 - root - INFO - datalength: 1376, _step: 2
2021-12-27 17:05:50,568 - root - INFO - BPP: 16, Transparency: False
2021-12-27 17:05:50,571 - root - INFO - Resource 5 offset: 426800, length: 2238...
2021-12-27 17:05:50,571 - root - DEBUG - Reading resource 5...
2021-12-27 17:05:50,571 - root - INFO - The image is bme.
2021-12-27 17:05:50,571 - root - INFO - Reading image header(readHeader16E)...
2021-12-27 17:05:50,571 - root - INFO - Image header was read:
2021-12-27 17:05:50,571 - root - INFO - Width: 38, Height: 57, RowLength: 76
2021-12-27 17:05:50,571 - root - INFO - datalength: 2222, _step: 2
2021-12-27 17:05:50,571 - root - INFO - BPP: 16, Transparency: False
2021-12-27 17:05:50,575 - root - INFO - Resource 6 offset: 429038, length: 2070...
2021-12-27 17:05:50,575 - root - DEBUG - Reading resource 6...
2021-12-27 17:05:50,575 - root - INFO - The image is bme.
2021-12-27 17:05:50,575 - root - INFO - Reading image header(readHeader16E)...
2021-12-27 17:05:50,576 - root - INFO - Image header was read:
2021-12-27 17:05:50,576 - root - INFO - Width: 38, Height: 57, RowLength: 76
2021-12-27 17:05:50,576 - root - INFO - datalength: 2054, _step: 2
2021-12-27 17:05:50,576 - root - INFO - BPP: 16, Transparency: False
2021-12-27 17:05:50,579 - root - INFO - Resource 7 offset: 431108, length: 2106...
2021-12-27 17:05:50,580 - root - DEBUG - Reading resource 7...
2021-12-27 17:05:50,580 - root - INFO - The image is bme.
2021-12-27 17:05:50,580 - root - INFO - Reading image header(readHeader16E)...
2021-12-27 17:05:50,580 - root - INFO - Image header was read:
2021-12-27 17:05:50,580 - root - INFO - Width: 38, Height: 57, RowLength: 76
2021-12-27 17:05:50,580 - root - INFO - datalength: 2090, _step: 2
2021-12-27 17:05:50,580 - root - INFO - BPP: 16, Transparency: False
2021-12-27 17:05:50,584 - root - INFO - Resource 8 offset: 433214, length: 2186...
2021-12-27 17:05:50,584 - root - DEBUG - Reading resource 8...
2021-12-27 17:05:50,584 - root - INFO - The image is bme.
2021-12-27 17:05:50,584 - root - INFO - Reading image header(readHeader16E)...
2021-12-27 17:05:50,584 - root - INFO - Image header was read:
2021-12-27 17:05:50,584 - root - INFO - Width: 38, Height: 57, RowLength: 76
2021-12-27 17:05:50,584 - root - INFO - datalength: 2170, _step: 2
2021-12-27 17:05:50,584 - root - INFO - BPP: 16, Transparency: False
2021-12-27 17:05:50,588 - root - INFO - Resource 9 offset: 435400, length: 2618...
2021-12-27 17:05:50,588 - root - DEBUG - Reading resource 9...
2021-12-27 17:05:50,588 - root - INFO - The image is bme.
2021-12-27 17:05:50,588 - root - INFO - Reading image header(readHeader16E)...
2021-12-27 17:05:50,588 - root - INFO - Image header was read:
2021-12-27 17:05:50,588 - root - INFO - Width: 38, Height: 57, RowLength: 76
2021-12-27 17:05:50,589 - root - INFO - datalength: 2602, _step: 2
2021-12-27 17:05:50,589 - root - INFO - BPP: 16, Transparency: False
2021-12-27 17:05:50,593 - root - INFO - Resource 10 offset: 438018, length: 1576...
2021-12-27 17:05:50,593 - root - DEBUG - Reading resource 10...
2021-12-27 17:05:50,593 - root - INFO - The image is bme.
2021-12-27 17:05:50,593 - root - INFO - Reading image header(readHeader16E)...
2021-12-27 17:05:50,594 - root - INFO - Image header was read:
2021-12-27 17:05:50,594 - root - INFO - Width: 38, Height: 57, RowLength: 76
2021-12-27 17:05:50,594 - root - INFO - datalength: 1560, _step: 2
2021-12-27 17:05:50,594 - root - INFO - BPP: 16, Transparency: False
2021-12-27 17:05:50,597 - root - INFO - Resource 11 offset: 439594, length: 2608...
2021-12-27 17:05:50,597 - root - DEBUG - Reading resource 11...
2021-12-27 17:05:50,597 - root - INFO - The image is bme.
2021-12-27 17:05:50,597 - root - INFO - Reading image header(readHeader16E)...
2021-12-27 17:05:50,597 - root - INFO - Image header was read:
2021-12-27 17:05:50,597 - root - INFO - Width: 38, Height: 57, RowLength: 76
2021-12-27 17:05:50,597 - root - INFO - datalength: 2592, _step: 2
2021-12-27 17:05:50,597 - root - INFO - BPP: 16, Transparency: False
2021-12-27 17:05:50,602 - root - INFO - Resource 12 offset: 442202, length: 2630...
2021-12-27 17:05:50,602 - root - DEBUG - Reading resource 12...
2021-12-27 17:05:50,602 - root - INFO - The image is bme.
2021-12-27 17:05:50,602 - root - INFO - Reading image header(readHeader16E)...
2021-12-27 17:05:50,602 - root - INFO - Image header was read:
2021-12-27 17:05:50,602 - root - INFO - Width: 38, Height: 57, RowLength: 76
2021-12-27 17:05:50,602 - root - INFO - datalength: 2614, _step: 2
2021-12-27 17:05:50,602 - root - INFO - BPP: 16, Transparency: False
2021-12-27 17:05:50,607 - root - INFO - Resource 13 offset: 444832, length: 898...
2021-12-27 17:05:50,607 - root - DEBUG - Reading resource 13...
2021-12-27 17:05:50,607 - root - INFO - The image is bmc.
2021-12-27 17:05:50,607 - root - INFO - Reading image header(readHeader16C)...
2021-12-27 17:05:50,607 - root - INFO - Image header was read:
2021-12-27 17:05:50,607 - root - INFO - Width: 14, Height: 21, RowLength: 42
2021-12-27 17:05:50,607 - root - INFO - _step: 3, unknown2: 0,
2021-12-27 17:05:50,607 - root - INFO - BPP: 24, Transparency: False
2021-12-27 17:05:50,609 - root - INFO - Resource 14 offset: 445730, length: 898...
2021-12-27 17:05:50,609 - root - DEBUG - Reading resource 14...
2021-12-27 17:05:50,609 - root - INFO - The image is bmc.
2021-12-27 17:05:50,609 - root - INFO - Reading image header(readHeader16C)...
2021-12-27 17:05:50,609 - root - INFO - Image header was read:
2021-12-27 17:05:50,609 - root - INFO - Width: 14, Height: 21, RowLength: 42
2021-12-27 17:05:50,609 - root - INFO - _step: 3, unknown2: 0,
2021-12-27 17:05:50,609 - root - INFO - BPP: 24, Transparency: False
2021-12-27 17:05:50,611 - root - INFO - Resource 15 offset: 446628, length: 898...
2021-12-27 17:05:50,611 - root - DEBUG - Reading resource 15...
2021-12-27 17:05:50,611 - root - INFO - The image is bmc.
2021-12-27 17:05:50,611 - root - INFO - Reading image header(readHeader16C)...
2021-12-27 17:05:50,611 - root - INFO - Image header was read:
2021-12-27 17:05:50,611 - root - INFO - Width: 14, Height: 21, RowLength: 42
2021-12-27 17:05:50,611 - root - INFO - _step: 3, unknown2: 0,
2021-12-27 17:05:50,611 - root - INFO - BPP: 24, Transparency: False
2021-12-27 17:05:50,613 - root - INFO - Resource 16 offset: 447526, length: 898...
2021-12-27 17:05:50,613 - root - DEBUG - Reading resource 16...
2021-12-27 17:05:50,613 - root - INFO - The image is bmc.
2021-12-27 17:05:50,613 - root - INFO - Reading image header(readHeader16C)...
2021-12-27 17:05:50,613 - root - INFO - Image header was read:
2021-12-27 17:05:50,613 - root - INFO - Width: 14, Height: 21, RowLength: 42
2021-12-27 17:05:50,613 - root - INFO - _step: 3, unknown2: 0,
2021-12-27 17:05:50,613 - root - INFO - BPP: 24, Transparency: False
2021-12-27 17:05:50,614 - root - INFO - Resource 17 offset: 448424, length: 898...
2021-12-27 17:05:50,614 - root - DEBUG - Reading resource 17...
2021-12-27 17:05:50,615 - root - INFO - The image is bmc.
2021-12-27 17:05:50,615 - root - INFO - Reading image header(readHeader16C)...
2021-12-27 17:05:50,615 - root - INFO - Image header was read:
2021-12-27 17:05:50,615 - root - INFO - Width: 14, Height: 21, RowLength: 42
2021-12-27 17:05:50,615 - root - INFO - _step: 3, unknown2: 0,
2021-12-27 17:05:50,615 - root - INFO - BPP: 24, Transparency: False
2021-12-27 17:05:50,616 - root - INFO - Resource 18 offset: 449322, length: 898...
2021-12-27 17:05:50,616 - root - DEBUG - Reading resource 18...
2021-12-27 17:05:50,616 - root - INFO - The image is bmc.
2021-12-27 17:05:50,616 - root - INFO - Reading image header(readHeader16C)...
2021-12-27 17:05:50,616 - root - INFO - Image header was read:
2021-12-27 17:05:50,617 - root - INFO - Width: 14, Height: 21, RowLength: 42
2021-12-27 17:05:50,617 - root - INFO - _step: 3, unknown2: 0,
2021-12-27 17:05:50,617 - root - INFO - BPP: 24, Transparency: False
2021-12-27 17:05:50,618 - root - INFO - Resource 19 offset: 450220, length: 898...
2021-12-27 17:05:50,618 - root - DEBUG - Reading resource 19...
2021-12-27 17:05:50,618 - root - INFO - The image is bmc.
2021-12-27 17:05:50,618 - root - INFO - Reading image header(readHeader16C)...
2021-12-27 17:05:50,618 - root - INFO - Image header was read:
2021-12-27 17:05:50,618 - root - INFO - Width: 14, Height: 21, RowLength: 42
2021-12-27 17:05:50,618 - root - INFO - _step: 3, unknown2: 0,
2021-12-27 17:05:50,618 - root - INFO - BPP: 24, Transparency: False
2021-12-27 17:05:50,620 - root - INFO - Resource 20 offset: 451118, length: 898...
2021-12-27 17:05:50,620 - root - DEBUG - Reading resource 20...
2021-12-27 17:05:50,620 - root - INFO - The image is bmc.
2021-12-27 17:05:50,620 - root - INFO - Reading image header(readHeader16C)...
2021-12-27 17:05:50,620 - root - INFO - Image header was read:
2021-12-27 17:05:50,620 - root - INFO - Width: 14, Height: 21, RowLength: 42
2021-12-27 17:05:50,620 - root - INFO - _step: 3, unknown2: 0,
2021-12-27 17:05:50,620 - root - INFO - BPP: 24, Transparency: False
2021-12-27 17:05:50,621 - root - INFO - Resource 21 offset: 452016, length: 898...
2021-12-27 17:05:50,622 - root - DEBUG - Reading resource 21...
2021-12-27 17:05:50,622 - root - INFO - The image is bmc.
2021-12-27 17:05:50,622 - root - INFO - Reading image header(readHeader16C)...
2021-12-27 17:05:50,622 - root - INFO - Image header was read:
2021-12-27 17:05:50,622 - root - INFO - Width: 14, Height: 21, RowLength: 42
2021-12-27 17:05:50,622 - root - INFO - _step: 3, unknown2: 0,
2021-12-27 17:05:50,622 - root - INFO - BPP: 24, Transparency: False
2021-12-27 17:05:50,623 - root - INFO - Resource 22 offset: 452914, length: 898...
2021-12-27 17:05:50,624 - root - DEBUG - Reading resource 22...
2021-12-27 17:05:50,624 - root - INFO - The image is bmc.
2021-12-27 17:05:50,624 - root - INFO - Reading image header(readHeader16C)...
2021-12-27 17:05:50,624 - root - INFO - Image header was read:
2021-12-27 17:05:50,624 - root - INFO - Width: 14, Height: 21, RowLength: 42
2021-12-27 17:05:50,624 - root - INFO - _step: 3, unknown2: 0,
2021-12-27 17:05:50,624 - root - INFO - BPP: 24, Transparency: False
2021-12-27 17:05:50,625 - root - INFO - Resource 23 offset: 453812, length: 254...
2021-12-27 17:05:50,625 - root - DEBUG - Reading resource 23...
2021-12-27 17:05:50,625 - root - INFO - The image is bme.
2021-12-27 17:05:50,625 - root - INFO - Reading image header(readHeader16E)...
2021-12-27 17:05:50,626 - root - INFO - Image header was read:
2021-12-27 17:05:50,626 - root - INFO - Width: 12, Height: 21, RowLength: 24
2021-12-27 17:05:50,626 - root - INFO - datalength: 238, _step: 2
2021-12-27 17:05:50,626 - root - INFO - BPP: 16, Transparency: False
2021-12-27 17:05:50,626 - root - INFO - Resource 24 offset: 454066, length: 1822...
2021-12-27 17:05:50,626 - root - DEBUG - Reading resource 24...
2021-12-27 17:05:50,626 - root - INFO - The image is bme.
2021-12-27 17:05:50,626 - root - INFO - Reading image header(readHeader16E)...
2021-12-27 17:05:50,626 - root - INFO - Image header was read:
2021-12-27 17:05:50,627 - root - INFO - Width: 60, Height: 20, RowLength: 120
2021-12-27 17:05:50,627 - root - INFO - datalength: 1806, _step: 2
2021-12-27 17:05:50,627 - root - INFO - BPP: 16, Transparency: False
2021-12-27 17:05:50,629 - root - INFO - Resource 25 offset: 455888, length: 1092...
2021-12-27 17:05:50,629 - root - DEBUG - Reading resource 25...
2021-12-27 17:05:50,630 - root - INFO - The image is bme.
2021-12-27 17:05:50,630 - root - INFO - Reading image header(readHeader16E)...
2021-12-27 17:05:50,630 - root - INFO - Image header was read:
2021-12-27 17:05:50,630 - root - INFO - Width: 60, Height: 20, RowLength: 120
2021-12-27 17:05:50,630 - root - INFO - datalength: 1076, _step: 2
2021-12-27 17:05:50,630 - root - INFO - BPP: 16, Transparency: False
2021-12-27 17:05:50,631 - root - INFO - Resource 26 offset: 456980, length: 1586...
2021-12-27 17:05:50,632 - root - DEBUG - Reading resource 26...
2021-12-27 17:05:50,632 - root - INFO - The image is bme.
2021-12-27 17:05:50,632 - root - INFO - Reading image header(readHeader16E)...
2021-12-27 17:05:50,632 - root - INFO - Image header was read:
2021-12-27 17:05:50,632 - root - INFO - Width: 60, Height: 20, RowLength: 120
2021-12-27 17:05:50,632 - root - INFO - datalength: 1570, _step: 2
2021-12-27 17:05:50,632 - root - INFO - BPP: 16, Transparency: False
2021-12-27 17:05:50,634 - root - INFO - Resource 27 offset: 458566, length: 1202...
2021-12-27 17:05:50,634 - root - DEBUG - Reading resource 27...
2021-12-27 17:05:50,635 - root - INFO - The image is bme.
2021-12-27 17:05:50,635 - root - INFO - Reading image header(readHeader16E)...
2021-12-27 17:05:50,635 - root - INFO - Image header was read:
2021-12-27 17:05:50,635 - root - INFO - Width: 60, Height: 20, RowLength: 120
2021-12-27 17:05:50,635 - root - INFO - datalength: 1186, _step: 2
2021-12-27 17:05:50,635 - root - INFO - BPP: 16, Transparency: False
2021-12-27 17:05:50,637 - root - INFO - Resource 28 offset: 459768, length: 1016...
2021-12-27 17:05:50,637 - root - DEBUG - Reading resource 28...
2021-12-27 17:05:50,637 - root - INFO - The image is bme.
2021-12-27 17:05:50,637 - root - INFO - Reading image header(readHeader16E)...
2021-12-27 17:05:50,637 - root - INFO - Image header was read:
2021-12-27 17:05:50,637 - root - INFO - Width: 60, Height: 20, RowLength: 120
2021-12-27 17:05:50,637 - root - INFO - datalength: 1000, _step: 2
2021-12-27 17:05:50,637 - root - INFO - BPP: 16, Transparency: False
2021-12-27 17:05:50,639 - root - INFO - Resource 29 offset: 460784, length: 1168...
2021-12-27 17:05:50,639 - root - DEBUG - Reading resource 29...
2021-12-27 17:05:50,639 - root - INFO - The image is bme.
2021-12-27 17:05:50,639 - root - INFO - Reading image header(readHeader16E)...
2021-12-27 17:05:50,639 - root - INFO - Image header was read:
2021-12-27 17:05:50,639 - root - INFO - Width: 60, Height: 20, RowLength: 120
2021-12-27 17:05:50,639 - root - INFO - datalength: 1152, _step: 2
2021-12-27 17:05:50,639 - root - INFO - BPP: 16, Transparency: False
2021-12-27 17:05:50,641 - root - INFO - Resource 30 offset: 461952, length: 1502...
2021-12-27 17:05:50,641 - root - DEBUG - Reading resource 30...
2021-12-27 17:05:50,641 - root - INFO - The image is bme.
2021-12-27 17:05:50,641 - root - INFO - Reading image header(readHeader16E)...
2021-12-27 17:05:50,641 - root - INFO - Image header was read:
2021-12-27 17:05:50,641 - root - INFO - Width: 60, Height: 20, RowLength: 120
2021-12-27 17:05:50,641 - root - INFO - datalength: 1486, _step: 2
2021-12-27 17:05:50,642 - root - INFO - BPP: 16, Transparency: False
2021-12-27 17:05:50,644 - root - INFO - Resource 31 offset: 463454, length: 1564...
2021-12-27 17:05:50,644 - root - DEBUG - Reading resource 31...
2021-12-27 17:05:50,644 - root - INFO - The image is bme.
2021-12-27 17:05:50,644 - root - INFO - Reading image header(readHeader16E)...
2021-12-27 17:05:50,644 - root - INFO - Image header was read:
2021-12-27 17:05:50,644 - root - INFO - Width: 60, Height: 20, RowLength: 120
2021-12-27 17:05:50,644 - root - INFO - datalength: 1548, _step: 2
2021-12-27 17:05:50,644 - root - INFO - BPP: 16, Transparency: False
2021-12-27 17:05:50,647 - root - INFO - Resource 32 offset: 465018, length: 1634...
2021-12-27 17:05:50,647 - root - DEBUG - Reading resource 32...
2021-12-27 17:05:50,647 - root - INFO - The image is bme.
2021-12-27 17:05:50,647 - root - INFO - Reading image header(readHeader16E)...
2021-12-27 17:05:50,647 - root - INFO - Image header was read:
2021-12-27 17:05:50,647 - root - INFO - Width: 60, Height: 20, RowLength: 120
2021-12-27 17:05:50,647 - root - INFO - datalength: 1618, _step: 2
2021-12-27 17:05:50,647 - root - INFO - BPP: 16, Transparency: False
2021-12-27 17:05:50,650 - root - INFO - Resource 33 offset: 466652, length: 1730...
2021-12-27 17:05:50,650 - root - DEBUG - Reading resource 33...
2021-12-27 17:05:50,650 - root - INFO - The image is bme.
2021-12-27 17:05:50,650 - root - INFO - Reading image header(readHeader16E)...
2021-12-27 17:05:50,650 - root - INFO - Image header was read:
2021-12-27 17:05:50,651 - root - INFO - Width: 60, Height: 20, RowLength: 120
2021-12-27 17:05:50,651 - root - INFO - datalength: 1714, _step: 2
2021-12-27 17:05:50,651 - root - INFO - BPP: 16, Transparency: False
2021-12-27 17:05:50,654 - root - INFO - Resource 34 offset: 468382, length: 2110...
2021-12-27 17:05:50,654 - root - DEBUG - Reading resource 34...
2021-12-27 17:05:50,654 - root - INFO - The image is bme.
2021-12-27 17:05:50,654 - root - INFO - Reading image header(readHeader16E)...
2021-12-27 17:05:50,654 - root - INFO - Image header was read:
2021-12-27 17:05:50,654 - root - INFO - Width: 60, Height: 20, RowLength: 120
2021-12-27 17:05:50,654 - root - INFO - datalength: 2094, _step: 2
2021-12-27 17:05:50,654 - root - INFO - BPP: 16, Transparency: False
2021-12-27 17:05:50,657 - root - INFO - Resource 35 offset: 470492, length: 1888...
2021-12-27 17:05:50,658 - root - DEBUG - Reading resource 35...
2021-12-27 17:05:50,658 - root - INFO - The image is bme.
2021-12-27 17:05:50,658 - root - INFO - Reading image header(readHeader16E)...
2021-12-27 17:05:50,658 - root - INFO - Image header was read:
2021-12-27 17:05:50,658 - root - INFO - Width: 60, Height: 20, RowLength: 120
2021-12-27 17:05:50,658 - root - INFO - datalength: 1872, _step: 2
2021-12-27 17:05:50,658 - root - INFO - BPP: 16, Transparency: False
2021-12-27 17:05:50,661 - root - INFO - Resource 36 offset: 472380, length: 1888...
2021-12-27 17:05:50,661 - root - DEBUG - Reading resource 36...
2021-12-27 17:05:50,661 - root - INFO - The image is bme.
2021-12-27 17:05:50,661 - root - INFO - Reading image header(readHeader16E)...
2021-12-27 17:05:50,661 - root - INFO - Image header was read:
2021-12-27 17:05:50,661 - root - INFO - Width: 60, Height: 20, RowLength: 120
2021-12-27 17:05:50,662 - root - INFO - datalength: 1872, _step: 2
2021-12-27 17:05:50,662 - root - INFO - BPP: 16, Transparency: False
2021-12-27 17:05:50,665 - root - INFO - Resource 37 offset: 474268, length: 1960...
2021-12-27 17:05:50,665 - root - DEBUG - Reading resource 37...
2021-12-27 17:05:50,665 - root - INFO - The image is bme.
2021-12-27 17:05:50,665 - root - INFO - Reading image header(readHeader16E)...
2021-12-27 17:05:50,665 - root - INFO - Image header was read:
2021-12-27 17:05:50,665 - root - INFO - Width: 60, Height: 20, RowLength: 120
2021-12-27 17:05:50,665 - root - INFO - datalength: 1944, _step: 2
2021-12-27 17:05:50,665 - root - INFO - BPP: 16, Transparency: False
2021-12-27 17:05:50,669 - root - INFO - Resource 38 offset: 476228, length: 574...
2021-12-27 17:05:50,669 - root - DEBUG - Reading resource 38...
2021-12-27 17:05:50,669 - root - INFO - The image is bme.
2021-12-27 17:05:50,669 - root - INFO - Reading image header(readHeader16E)...
2021-12-27 17:05:50,669 - root - INFO - Image header was read:
2021-12-27 17:05:50,669 - root - INFO - Width: 32, Height: 16, RowLength: 64
2021-12-27 17:05:50,670 - root - INFO - datalength: 558, _step: 2
2021-12-27 17:05:50,670 - root - INFO - BPP: 16, Transparency: False
2021-12-27 17:05:50,670 - root - INFO - Resource 39 offset: 476802, length: 566...
2021-12-27 17:05:50,671 - root - DEBUG - Reading resource 39...
2021-12-27 17:05:50,671 - root - INFO - The image is bme.
2021-12-27 17:05:50,671 - root - INFO - Reading image header(readHeader16E)...
2021-12-27 17:05:50,671 - root - INFO - Image header was read:
2021-12-27 17:05:50,671 - root - INFO - Width: 32, Height: 16, RowLength: 64
2021-12-27 17:05:50,671 - root - INFO - datalength: 550, _step: 2
2021-12-27 17:05:50,671 - root - INFO - BPP: 16, Transparency: False
2021-12-27 17:05:50,672 - root - INFO - Resource 40 offset: 477368, length: 582...
2021-12-27 17:05:50,672 - root - DEBUG - Reading resource 40...
2021-12-27 17:05:50,672 - root - INFO - The image is bme.
2021-12-27 17:05:50,672 - root - INFO - Reading image header(readHeader16E)...
2021-12-27 17:05:50,672 - root - INFO - Image header was read:
2021-12-27 17:05:50,673 - root - INFO - Width: 32, Height: 16, RowLength: 64
2021-12-27 17:05:50,673 - root - INFO - datalength: 566, _step: 2
2021-12-27 17:05:50,673 - root - INFO - BPP: 16, Transparency: False
2021-12-27 17:05:50,674 - root - INFO - Resource 41 offset: 477950, length: 602...
2021-12-27 17:05:50,674 - root - DEBUG - Reading resource 41...
2021-12-27 17:05:50,674 - root - INFO - The image is bme.
2021-12-27 17:05:50,674 - root - INFO - Reading image header(readHeader16E)...
2021-12-27 17:05:50,674 - root - INFO - Image header was read:
2021-12-27 17:05:50,674 - root - INFO - Width: 32, Height: 16, RowLength: 64
2021-12-27 17:05:50,674 - root - INFO - datalength: 586, _step: 2
2021-12-27 17:05:50,674 - root - INFO - BPP: 16, Transparency: False
2021-12-27 17:05:50,675 - root - INFO - Resource 42 offset: 478552, length: 576...
2021-12-27 17:05:50,675 - root - DEBUG - Reading resource 42...
2021-12-27 17:05:50,675 - root - INFO - The image is bme.
2021-12-27 17:05:50,675 - root - INFO - Reading image header(readHeader16E)...
2021-12-27 17:05:50,675 - root - INFO - Image header was read:
2021-12-27 17:05:50,675 - root - INFO - Width: 25, Height: 22, RowLength: 50
2021-12-27 17:05:50,675 - root - INFO - datalength: 560, _step: 2
2021-12-27 17:05:50,675 - root - INFO - BPP: 16, Transparency: False
2021-12-27 17:05:50,676 - root - INFO - Resource 43 offset: 479128, length: 694...
2021-12-27 17:05:50,676 - root - DEBUG - Reading resource 43...
2021-12-27 17:05:50,677 - root - INFO - The image is bme.
2021-12-27 17:05:50,677 - root - INFO - Reading image header(readHeader16E)...
2021-12-27 17:05:50,677 - root - INFO - Image header was read:
2021-12-27 17:05:50,677 - root - INFO - Width: 21, Height: 22, RowLength: 42
2021-12-27 17:05:50,677 - root - INFO - datalength: 678, _step: 2
2021-12-27 17:05:50,677 - root - INFO - BPP: 16, Transparency: False
2021-12-27 17:05:50,678 - root - INFO - Resource 44 offset: 479822, length: 328...
2021-12-27 17:05:50,678 - root - DEBUG - Reading resource 44...
2021-12-27 17:05:50,678 - root - INFO - The image is bme.
2021-12-27 17:05:50,678 - root - INFO - Reading image header(readHeader16E)...
2021-12-27 17:05:50,678 - root - INFO - Image header was read:
2021-12-27 17:05:50,678 - root - INFO - Width: 17, Height: 22, RowLength: 34
2021-12-27 17:05:50,678 - root - INFO - datalength: 312, _step: 2
2021-12-27 17:05:50,679 - root - INFO - BPP: 16, Transparency: False
2021-12-27 17:05:50,679 - root - INFO - Resource 45 offset: 480150, length: 2444...
2021-12-27 17:05:50,679 - root - DEBUG - Reading resource 45...
2021-12-27 17:05:50,680 - root - INFO - The image is bme.
2021-12-27 17:05:50,680 - root - INFO - Reading image header(readHeader16E)...
2021-12-27 17:05:50,680 - root - INFO - Image header was read:
2021-12-27 17:05:50,680 - root - INFO - Width: 38, Height: 57, RowLength: 76
2021-12-27 17:05:50,680 - root - INFO - datalength: 2428, _step: 2
2021-12-27 17:05:50,681 - root - INFO - BPP: 16, Transparency: False
2021-12-27 17:05:50,687 - root - INFO - Resource 46 offset: 482594, length: 1392...
2021-12-27 17:05:50,687 - root - DEBUG - Reading resource 46...
2021-12-27 17:05:50,688 - root - INFO - The image is bme.
2021-12-27 17:05:50,688 - root - INFO - Reading image header(readHeader16E)...
2021-12-27 17:05:50,688 - root - INFO - Image header was read:
2021-12-27 17:05:50,688 - root - INFO - Width: 38, Height: 57, RowLength: 76
2021-12-27 17:05:50,688 - root - INFO - datalength: 1376, _step: 2
2021-12-27 17:05:50,688 - root - INFO - BPP: 16, Transparency: False
2021-12-27 17:05:50,690 - root - INFO - Resource 47 offset: 483986, length: 2238...
2021-12-27 17:05:50,690 - root - DEBUG - Reading resource 47...
2021-12-27 17:05:50,691 - root - INFO - The image is bme.
2021-12-27 17:05:50,691 - root - INFO - Reading image header(readHeader16E)...
2021-12-27 17:05:50,691 - root - INFO - Image header was read:
2021-12-27 17:05:50,691 - root - INFO - Width: 38, Height: 57, RowLength: 76
2021-12-27 17:05:50,691 - root - INFO - datalength: 2222, _step: 2
2021-12-27 17:05:50,691 - root - INFO - BPP: 16, Transparency: False
2021-12-27 17:05:50,696 - root - INFO - Resource 48 offset: 486224, length: 2070...
2021-12-27 17:05:50,696 - root - DEBUG - Reading resource 48...
2021-12-27 17:05:50,696 - root - INFO - The image is bme.
2021-12-27 17:05:50,696 - root - INFO - Reading image header(readHeader16E)...
2021-12-27 17:05:50,696 - root - INFO - Image header was read:
2021-12-27 17:05:50,696 - root - INFO - Width: 38, Height: 57, RowLength: 76
2021-12-27 17:05:50,696 - root - INFO - datalength: 2054, _step: 2
2021-12-27 17:05:50,696 - root - INFO - BPP: 16, Transparency: False
2021-12-27 17:05:50,700 - root - INFO - Resource 49 offset: 488294, length: 2106...
2021-12-27 17:05:50,700 - root - DEBUG - Reading resource 49...
2021-12-27 17:05:50,700 - root - INFO - The image is bme.
2021-12-27 17:05:50,700 - root - INFO - Reading image header(readHeader16E)...
2021-12-27 17:05:50,700 - root - INFO - Image header was read:
2021-12-27 17:05:50,700 - root - INFO - Width: 38, Height: 57, RowLength: 76
2021-12-27 17:05:50,700 - root - INFO - datalength: 2090, _step: 2
2021-12-27 17:05:50,700 - root - INFO - BPP: 16, Transparency: False
2021-12-27 17:05:50,705 - root - INFO - Resource 50 offset: 490400, length: 2186...
2021-12-27 17:05:50,705 - root - DEBUG - Reading resource 50...
2021-12-27 17:05:50,705 - root - INFO - The image is bme.
2021-12-27 17:05:50,705 - root - INFO - Reading image header(readHeader16E)...
2021-12-27 17:05:50,706 - root - INFO - Image header was read:
2021-12-27 17:05:50,706 - root - INFO - Width: 38, Height: 57, RowLength: 76
2021-12-27 17:05:50,706 - root - INFO - datalength: 2170, _step: 2
2021-12-27 17:05:50,706 - root - INFO - BPP: 16, Transparency: False
2021-12-27 17:05:50,710 - root - INFO - Resource 51 offset: 492586, length: 2618...
2021-12-27 17:05:50,710 - root - DEBUG - Reading resource 51...
2021-12-27 17:05:50,711 - root - INFO - The image is bme.
2021-12-27 17:05:50,711 - root - INFO - Reading image header(readHeader16E)...
2021-12-27 17:05:50,711 - root - INFO - Image header was read:
2021-12-27 17:05:50,711 - root - INFO - Width: 38, Height: 57, RowLength: 76
2021-12-27 17:05:50,711 - root - INFO - datalength: 2602, _step: 2
2021-12-27 17:05:50,711 - root - INFO - BPP: 16, Transparency: False
2021-12-27 17:05:50,719 - root - INFO - Resource 52 offset: 495204, length: 1576...
2021-12-27 17:05:50,719 - root - DEBUG - Reading resource 52...
2021-12-27 17:05:50,719 - root - INFO - The image is bme.
2021-12-27 17:05:50,719 - root - INFO - Reading image header(readHeader16E)...
2021-12-27 17:05:50,719 - root - INFO - Image header was read:
2021-12-27 17:05:50,719 - root - INFO - Width: 38, Height: 57, RowLength: 76
2021-12-27 17:05:50,720 - root - INFO - datalength: 1560, _step: 2
2021-12-27 17:05:50,720 - root - INFO - BPP: 16, Transparency: False
2021-12-27 17:05:50,723 - root - INFO - Resource 53 offset: 496780, length: 2608...
2021-12-27 17:05:50,723 - root - DEBUG - Reading resource 53...
2021-12-27 17:05:50,723 - root - INFO - The image is bme.
2021-12-27 17:05:50,723 - root - INFO - Reading image header(readHeader16E)...
2021-12-27 17:05:50,723 - root - INFO - Image header was read:
2021-12-27 17:05:50,723 - root - INFO - Width: 38, Height: 57, RowLength: 76
2021-12-27 17:05:50,724 - root - INFO - datalength: 2592, _step: 2
2021-12-27 17:05:50,724 - root - INFO - BPP: 16, Transparency: False
2021-12-27 17:05:50,733 - root - INFO - Resource 54 offset: 499388, length: 2630...
2021-12-27 17:05:50,734 - root - DEBUG - Reading resource 54...
2021-12-27 17:05:50,734 - root - INFO - The image is bme.
2021-12-27 17:05:50,734 - root - INFO - Reading image header(readHeader16E)...
2021-12-27 17:05:50,734 - root - INFO - Image header was read:
2021-12-27 17:05:50,734 - root - INFO - Width: 38, Height: 57, RowLength: 76
2021-12-27 17:05:50,734 - root - INFO - datalength: 2614, _step: 2
2021-12-27 17:05:50,734 - root - INFO - BPP: 16, Transparency: False
2021-12-27 17:05:50,739 - root - INFO - Resource 55 offset: 502018, length: 390...
2021-12-27 17:05:50,739 - root - DEBUG - Reading resource 55...
2021-12-27 17:05:50,739 - root - INFO - The image is bme.
2021-12-27 17:05:50,739 - root - INFO - Reading image header(readHeader16E)...
2021-12-27 17:05:50,739 - root - INFO - Image header was read:
2021-12-27 17:05:50,739 - root - INFO - Width: 32, Height: 57, RowLength: 64
2021-12-27 17:05:50,739 - root - INFO - datalength: 374, _step: 2
2021-12-27 17:05:50,739 - root - INFO - BPP: 16, Transparency: False
2021-12-27 17:05:50,740 - root - INFO - Resource 56 offset: 502408, length: 574...
2021-12-27 17:05:50,740 - root - DEBUG - Reading resource 56...
2021-12-27 17:05:50,740 - root - INFO - The image is bme.
2021-12-27 17:05:50,740 - root - INFO - Reading image header(readHeader16E)...
2021-12-27 17:05:50,740 - root - INFO - Image header was read:
2021-12-27 17:05:50,740 - root - INFO - Width: 32, Height: 16, RowLength: 64
2021-12-27 17:05:50,740 - root - INFO - datalength: 558, _step: 2
2021-12-27 17:05:50,740 - root - INFO - BPP: 16, Transparency: False
2021-12-27 17:05:50,741 - root - INFO - Resource 57 offset: 502982, length: 566...
2021-12-27 17:05:50,741 - root - DEBUG - Reading resource 57...
2021-12-27 17:05:50,742 - root - INFO - The image is bme.
2021-12-27 17:05:50,742 - root - INFO - Reading image header(readHeader16E)...
2021-12-27 17:05:50,742 - root - INFO - Image header was read:
2021-12-27 17:05:50,742 - root - INFO - Width: 32, Height: 16, RowLength: 64
2021-12-27 17:05:50,742 - root - INFO - datalength: 550, _step: 2
2021-12-27 17:05:50,742 - root - INFO - BPP: 16, Transparency: False
2021-12-27 17:05:50,743 - root - INFO - Resource 58 offset: 503548, length: 582...
2021-12-27 17:05:50,743 - root - DEBUG - Reading resource 58...
2021-12-27 17:05:50,743 - root - INFO - The image is bme.
2021-12-27 17:05:50,743 - root - INFO - Reading image header(readHeader16E)...
2021-12-27 17:05:50,743 - root - INFO - Image header was read:
2021-12-27 17:05:50,743 - root - INFO - Width: 32, Height: 16, RowLength: 64
2021-12-27 17:05:50,743 - root - INFO - datalength: 566, _step: 2
2021-12-27 17:05:50,743 - root - INFO - BPP: 16, Transparency: False
2021-12-27 17:05:50,744 - root - INFO - Resource 59 offset: 504130, length: 602...
2021-12-27 17:05:50,744 - root - DEBUG - Reading resource 59...
2021-12-27 17:05:50,744 - root - INFO - The image is bme.
2021-12-27 17:05:50,744 - root - INFO - Reading image header(readHeader16E)...
2021-12-27 17:05:50,745 - root - INFO - Image header was read:
2021-12-27 17:05:50,745 - root - INFO - Width: 32, Height: 16, RowLength: 64
2021-12-27 17:05:50,745 - root - INFO - datalength: 586, _step: 2
2021-12-27 17:05:50,746 - root - INFO - BPP: 16, Transparency: False
2021-12-27 17:05:50,748 - root - INFO - Resource 60 offset: 504732, length: 484...
2021-12-27 17:05:50,749 - root - DEBUG - Reading resource 60...
2021-12-27 17:05:50,749 - root - INFO - The image is bme.
2021-12-27 17:05:50,749 - root - INFO - Reading image header(readHeader16E)...
2021-12-27 17:05:50,749 - root - INFO - Image header was read:
2021-12-27 17:05:50,749 - root - INFO - Width: 14, Height: 21, RowLength: 28
2021-12-27 17:05:50,749 - root - INFO - datalength: 468, _step: 2
2021-12-27 17:05:50,749 - root - INFO - BPP: 16, Transparency: False
2021-12-27 17:05:50,750 - root - INFO - Resource 61 offset: 505216, length: 274...
2021-12-27 17:05:50,750 - root - DEBUG - Reading resource 61...
2021-12-27 17:05:50,750 - root - INFO - The image is bme.
2021-12-27 17:05:50,750 - root - INFO - Reading image header(readHeader16E)...
2021-12-27 17:05:50,750 - root - INFO - Image header was read:
2021-12-27 17:05:50,751 - root - INFO - Width: 14, Height: 21, RowLength: 28
2021-12-27 17:05:50,751 - root - INFO - datalength: 258, _step: 2
2021-12-27 17:05:50,751 - root - INFO - BPP: 16, Transparency: False
2021-12-27 17:05:50,751 - root - INFO - Resource 62 offset: 505490, length: 426...
2021-12-27 17:05:50,751 - root - DEBUG - Reading resource 62...
2021-12-27 17:05:50,751 - root - INFO - The image is bme.
2021-12-27 17:05:50,752 - root - INFO - Reading image header(readHeader16E)...
2021-12-27 17:05:50,752 - root - INFO - Image header was read:
2021-12-27 17:05:50,752 - root - INFO - Width: 14, Height: 21, RowLength: 28
2021-12-27 17:05:50,752 - root - INFO - datalength: 410, _step: 2
2021-12-27 17:05:50,752 - root - INFO - BPP: 16, Transparency: False
2021-12-27 17:05:50,753 - root - INFO - Resource 63 offset: 505916, length: 458...
2021-12-27 17:05:50,753 - root - DEBUG - Reading resource 63...
2021-12-27 17:05:50,753 - root - INFO - The image is bme.
2021-12-27 17:05:50,753 - root - INFO - Reading image header(readHeader16E)...
2021-12-27 17:05:50,753 - root - INFO - Image header was read:
2021-12-27 17:05:50,753 - root - INFO - Width: 14, Height: 21, RowLength: 28
2021-12-27 17:05:50,753 - root - INFO - datalength: 442, _step: 2
2021-12-27 17:05:50,754 - root - INFO - BPP: 16, Transparency: False
2021-12-27 17:05:50,755 - root - INFO - Resource 64 offset: 506374, length: 410...
2021-12-27 17:05:50,755 - root - DEBUG - Reading resource 64...
2021-12-27 17:05:50,755 - root - INFO - The image is bme.
2021-12-27 17:05:50,755 - root - INFO - Reading image header(readHeader16E)...
2021-12-27 17:05:50,755 - root - INFO - Image header was read:
2021-12-27 17:05:50,755 - root - INFO - Width: 14, Height: 21, RowLength: 28
2021-12-27 17:05:50,755 - root - INFO - datalength: 394, _step: 2
2021-12-27 17:05:50,755 - root - INFO - BPP: 16, Transparency: False
2021-12-27 17:05:50,756 - root - INFO - Resource 65 offset: 506784, length: 438...
2021-12-27 17:05:50,756 - root - DEBUG - Reading resource 65...
2021-12-27 17:05:50,756 - root - INFO - The image is bme.
2021-12-27 17:05:50,756 - root - INFO - Reading image header(readHeader16E)...
2021-12-27 17:05:50,757 - root - INFO - Image header was read:
2021-12-27 17:05:50,757 - root - INFO - Width: 14, Height: 21, RowLength: 28
2021-12-27 17:05:50,757 - root - INFO - datalength: 422, _step: 2
2021-12-27 17:05:50,757 - root - INFO - BPP: 16, Transparency: False
2021-12-27 17:05:50,758 - root - INFO - Resource 66 offset: 507222, length: 496...
2021-12-27 17:05:50,758 - root - DEBUG - Reading resource 66...
2021-12-27 17:05:50,758 - root - INFO - The image is bme.
2021-12-27 17:05:50,758 - root - INFO - Reading image header(readHeader16E)...
2021-12-27 17:05:50,758 - root - INFO - Image header was read:
2021-12-27 17:05:50,758 - root - INFO - Width: 14, Height: 21, RowLength: 28
2021-12-27 17:05:50,758 - root - INFO - datalength: 480, _step: 2
2021-12-27 17:05:50,758 - root - INFO - BPP: 16, Transparency: False
2021-12-27 17:05:50,760 - root - INFO - Resource 67 offset: 507718, length: 326...
2021-12-27 17:05:50,760 - root - DEBUG - Reading resource 67...
2021-12-27 17:05:50,760 - root - INFO - The image is bme.
2021-12-27 17:05:50,760 - root - INFO - Reading image header(readHeader16E)...
2021-12-27 17:05:50,760 - root - INFO - Image header was read:
2021-12-27 17:05:50,761 - root - INFO - Width: 14, Height: 21, RowLength: 28
2021-12-27 17:05:50,761 - root - INFO - datalength: 310, _step: 2
2021-12-27 17:05:50,761 - root - INFO - BPP: 16, Transparency: False
2021-12-27 17:05:50,762 - root - INFO - Resource 68 offset: 508044, length: 510...
2021-12-27 17:05:50,763 - root - DEBUG - Reading resource 68...
2021-12-27 17:05:50,763 - root - INFO - The image is bme.
2021-12-27 17:05:50,763 - root - INFO - Reading image header(readHeader16E)...
2021-12-27 17:05:50,763 - root - INFO - Image header was read:
2021-12-27 17:05:50,763 - root - INFO - Width: 14, Height: 21, RowLength: 28
2021-12-27 17:05:50,763 - root - INFO - datalength: 494, _step: 2
2021-12-27 17:05:50,763 - root - INFO - BPP: 16, Transparency: False
2021-12-27 17:05:50,764 - root - INFO - Resource 69 offset: 508554, length: 500...
2021-12-27 17:05:50,764 - root - DEBUG - Reading resource 69...
2021-12-27 17:05:50,764 - root - INFO - The image is bme.
2021-12-27 17:05:50,765 - root - INFO - Reading image header(readHeader16E)...
2021-12-27 17:05:50,765 - root - INFO - Image header was read:
2021-12-27 17:05:50,765 - root - INFO - Width: 14, Height: 21, RowLength: 28
2021-12-27 17:05:50,765 - root - INFO - datalength: 484, _step: 2
2021-12-27 17:05:50,765 - root - INFO - BPP: 16, Transparency: False
2021-12-27 17:05:50,766 - root - INFO - Resource 70 offset: 509054, length: 254...
2021-12-27 17:05:50,766 - root - DEBUG - Reading resource 70...
2021-12-27 17:05:50,766 - root - INFO - The image is bme.
2021-12-27 17:05:50,766 - root - INFO - Reading image header(readHeader16E)...
2021-12-27 17:05:50,766 - root - INFO - Image header was read:
2021-12-27 17:05:50,766 - root - INFO - Width: 12, Height: 21, RowLength: 24
2021-12-27 17:05:50,766 - root - INFO - datalength: 238, _step: 2
2021-12-27 17:05:50,766 - root - INFO - BPP: 16, Transparency: False
2021-12-27 17:05:50,767 - root - INFO - Resource 71 offset: 509308, length: 1822...
2021-12-27 17:05:50,767 - root - DEBUG - Reading resource 71...
2021-12-27 17:05:50,767 - root - INFO - The image is bme.
2021-12-27 17:05:50,767 - root - INFO - Reading image header(readHeader16E)...
2021-12-27 17:05:50,767 - root - INFO - Image header was read:
2021-12-27 17:05:50,767 - root - INFO - Width: 60, Height: 20, RowLength: 120
2021-12-27 17:05:50,768 - root - INFO - datalength: 1806, _step: 2
2021-12-27 17:05:50,768 - root - INFO - BPP: 16, Transparency: False
2021-12-27 17:05:50,771 - root - INFO - Resource 72 offset: 511130, length: 1092...
2021-12-27 17:05:50,771 - root - DEBUG - Reading resource 72...
2021-12-27 17:05:50,771 - root - INFO - The image is bme.
2021-12-27 17:05:50,772 - root - INFO - Reading image header(readHeader16E)...
2021-12-27 17:05:50,772 - root - INFO - Image header was read:
2021-12-27 17:05:50,772 - root - INFO - Width: 60, Height: 20, RowLength: 120
2021-12-27 17:05:50,772 - root - INFO - datalength: 1076, _step: 2
2021-12-27 17:05:50,772 - root - INFO - BPP: 16, Transparency: False
2021-12-27 17:05:50,774 - root - INFO - Resource 73 offset: 512222, length: 1586...
2021-12-27 17:05:50,774 - root - DEBUG - Reading resource 73...
2021-12-27 17:05:50,774 - root - INFO - The image is bme.
2021-12-27 17:05:50,775 - root - INFO - Reading image header(readHeader16E)...
2021-12-27 17:05:50,775 - root - INFO - Image header was read:
2021-12-27 17:05:50,775 - root - INFO - Width: 60, Height: 20, RowLength: 120
2021-12-27 17:05:50,775 - root - INFO - datalength: 1570, _step: 2
2021-12-27 17:05:50,775 - root - INFO - BPP: 16, Transparency: False
2021-12-27 17:05:50,777 - root - INFO - Resource 74 offset: 513808, length: 1202...
2021-12-27 17:05:50,777 - root - DEBUG - Reading resource 74...
2021-12-27 17:05:50,777 - root - INFO - The image is bme.
2021-12-27 17:05:50,777 - root - INFO - Reading image header(readHeader16E)...
2021-12-27 17:05:50,778 - root - INFO - Image header was read:
2021-12-27 17:05:50,778 - root - INFO - Width: 60, Height: 20, RowLength: 120
2021-12-27 17:05:50,778 - root - INFO - datalength: 1186, _step: 2
2021-12-27 17:05:50,778 - root - INFO - BPP: 16, Transparency: False
2021-12-27 17:05:50,779 - root - INFO - Resource 75 offset: 515010, length: 1016...
2021-12-27 17:05:50,780 - root - DEBUG - Reading resource 75...
2021-12-27 17:05:50,780 - root - INFO - The image is bme.
2021-12-27 17:05:50,780 - root - INFO - Reading image header(readHeader16E)...
2021-12-27 17:05:50,780 - root - INFO - Image header was read:
2021-12-27 17:05:50,780 - root - INFO - Width: 60, Height: 20, RowLength: 120
2021-12-27 17:05:50,780 - root - INFO - datalength: 1000, _step: 2
2021-12-27 17:05:50,780 - root - INFO - BPP: 16, Transparency: False
2021-12-27 17:05:50,781 - root - INFO - Resource 76 offset: 516026, length: 1168...
2021-12-27 17:05:50,782 - root - DEBUG - Reading resource 76...
2021-12-27 17:05:50,782 - root - INFO - The image is bme.
2021-12-27 17:05:50,782 - root - INFO - Reading image header(readHeader16E)...
2021-12-27 17:05:50,782 - root - INFO - Image header was read:
2021-12-27 17:05:50,782 - root - INFO - Width: 60, Height: 20, RowLength: 120
2021-12-27 17:05:50,782 - root - INFO - datalength: 1152, _step: 2
2021-12-27 17:05:50,782 - root - INFO - BPP: 16, Transparency: False
2021-12-27 17:05:50,784 - root - INFO - Resource 77 offset: 517194, length: 1502...
2021-12-27 17:05:50,784 - root - DEBUG - Reading resource 77...
2021-12-27 17:05:50,784 - root - INFO - The image is bme.
2021-12-27 17:05:50,784 - root - INFO - Reading image header(readHeader16E)...
2021-12-27 17:05:50,784 - root - INFO - Image header was read:
2021-12-27 17:05:50,784 - root - INFO - Width: 60, Height: 20, RowLength: 120
2021-12-27 17:05:50,784 - root - INFO - datalength: 1486, _step: 2
2021-12-27 17:05:50,785 - root - INFO - BPP: 16, Transparency: False
2021-12-27 17:05:50,787 - root - INFO - Resource 78 offset: 518696, length: 1564...
2021-12-27 17:05:50,787 - root - DEBUG - Reading resource 78...
2021-12-27 17:05:50,787 - root - INFO - The image is bme.
2021-12-27 17:05:50,787 - root - INFO - Reading image header(readHeader16E)...
2021-12-27 17:05:50,787 - root - INFO - Image header was read:
2021-12-27 17:05:50,787 - root - INFO - Width: 60, Height: 20, RowLength: 120
2021-12-27 17:05:50,787 - root - INFO - datalength: 1548, _step: 2
2021-12-27 17:05:50,787 - root - INFO - BPP: 16, Transparency: False
2021-12-27 17:05:50,790 - root - INFO - Resource 79 offset: 520260, length: 1634...
2021-12-27 17:05:50,790 - root - DEBUG - Reading resource 79...
2021-12-27 17:05:50,790 - root - INFO - The image is bme.
2021-12-27 17:05:50,790 - root - INFO - Reading image header(readHeader16E)...
2021-12-27 17:05:50,790 - root - INFO - Image header was read:
2021-12-27 17:05:50,790 - root - INFO - Width: 60, Height: 20, RowLength: 120
2021-12-27 17:05:50,790 - root - INFO - datalength: 1618, _step: 2
2021-12-27 17:05:50,790 - root - INFO - BPP: 16, Transparency: False
2021-12-27 17:05:50,795 - root - INFO - Resource 80 offset: 521894, length: 1730...
2021-12-27 17:05:50,795 - root - DEBUG - Reading resource 80...
2021-12-27 17:05:50,795 - root - INFO - The image is bme.
2021-12-27 17:05:50,795 - root - INFO - Reading image header(readHeader16E)...
2021-12-27 17:05:50,795 - root - INFO - Image header was read:
2021-12-27 17:05:50,795 - root - INFO - Width: 60, Height: 20, RowLength: 120
2021-12-27 17:05:50,795 - root - INFO - datalength: 1714, _step: 2
2021-12-27 17:05:50,795 - root - INFO - BPP: 16, Transparency: False
2021-12-27 17:05:50,798 - root - INFO - Resource 81 offset: 523624, length: 2110...
2021-12-27 17:05:50,798 - root - DEBUG - Reading resource 81...
2021-12-27 17:05:50,798 - root - INFO - The image is bme.
2021-12-27 17:05:50,799 - root - INFO - Reading image header(readHeader16E)...
2021-12-27 17:05:50,799 - root - INFO - Image header was read:
2021-12-27 17:05:50,799 - root - INFO - Width: 60, Height: 20, RowLength: 120
2021-12-27 17:05:50,799 - root - INFO - datalength: 2094, _step: 2
2021-12-27 17:05:50,799 - root - INFO - BPP: 16, Transparency: False
2021-12-27 17:05:50,802 - root - INFO - Resource 82 offset: 525734, length: 1888...
2021-12-27 17:05:50,802 - root - DEBUG - Reading resource 82...
2021-12-27 17:05:50,802 - root - INFO - The image is bme.
2021-12-27 17:05:50,803 - root - INFO - Reading image header(readHeader16E)...
2021-12-27 17:05:50,803 - root - INFO - Image header was read:
2021-12-27 17:05:50,803 - root - INFO - Width: 60, Height: 20, RowLength: 120
2021-12-27 17:05:50,803 - root - INFO - datalength: 1872, _step: 2
2021-12-27 17:05:50,803 - root - INFO - BPP: 16, Transparency: False
2021-12-27 17:05:50,806 - root - INFO - Resource 83 offset: 527622, length: 1888...
2021-12-27 17:05:50,806 - root - DEBUG - Reading resource 83...
2021-12-27 17:05:50,806 - root - INFO - The image is bme.
2021-12-27 17:05:50,806 - root - INFO - Reading image header(readHeader16E)...
2021-12-27 17:05:50,806 - root - INFO - Image header was read:
2021-12-27 17:05:50,806 - root - INFO - Width: 60, Height: 20, RowLength: 120
2021-12-27 17:05:50,806 - root - INFO - datalength: 1872, _step: 2
2021-12-27 17:05:50,806 - root - INFO - BPP: 16, Transparency: False
2021-12-27 17:05:50,809 - root - INFO - Resource 84 offset: 529510, length: 1960...
2021-12-27 17:05:50,809 - root - DEBUG - Reading resource 84...
2021-12-27 17:05:50,809 - root - INFO - The image is bme.
2021-12-27 17:05:50,810 - root - INFO - Reading image header(readHeader16E)...
2021-12-27 17:05:50,810 - root - INFO - Image header was read:
2021-12-27 17:05:50,810 - root - INFO - Width: 60, Height: 20, RowLength: 120
2021-12-27 17:05:50,810 - root - INFO - datalength: 1944, _step: 2
2021-12-27 17:05:50,810 - root - INFO - BPP: 16, Transparency: False
2021-12-27 17:05:50,813 - root - INFO - Resource 85 offset: 531470, length: 576...
2021-12-27 17:05:50,813 - root - DEBUG - Reading resource 85...
2021-12-27 17:05:50,813 - root - INFO - The image is bme.
2021-12-27 17:05:50,813 - root - INFO - Reading image header(readHeader16E)...
2021-12-27 17:05:50,814 - root - INFO - Image header was read:
2021-12-27 17:05:50,814 - root - INFO - Width: 25, Height: 22, RowLength: 50
2021-12-27 17:05:50,814 - root - INFO - datalength: 560, _step: 2
2021-12-27 17:05:50,814 - root - INFO - BPP: 16, Transparency: False
2021-12-27 17:05:50,815 - root - DEBUG - Parsing parameters...
2021-12-27 17:05:50,908 - root - DEBUG - 0 Value: None
2021-12-27 17:05:50,908 - root - DEBUG - 0.1 Value: 73
2021-12-27 17:05:50,908 - root - DEBUG - 2 Value: None
2021-12-27 17:05:50,908 - root - DEBUG - 2.1 Value: None
2021-12-27 17:05:50,908 - root - DEBUG - 2.1.1 Value: 0
2021-12-27 17:05:50,908 - root - DEBUG - 2.1.2 Value: 0
2021-12-27 17:05:50,908 - root - DEBUG - 2.1.3 Value: 0
2021-12-27 17:05:50,908 - root - DEBUG - 2.3 Value: None
2021-12-27 17:05:50,908 - root - DEBUG - 2.3.1 Value: 18
2021-12-27 17:05:50,909 - root - DEBUG - 2.3.2 Value: 17
2021-12-27 17:05:50,909 - root - DEBUG - 2.3.3 Value: 2
2021-12-27 17:05:50,909 - root - DEBUG - 2.4 Value: None
2021-12-27 17:05:50,909 - root - DEBUG - 2.4.1 Value: 18
2021-12-27 17:05:50,909 - root - DEBUG - 2.4.2 Value: 17
2021-12-27 17:05:50,909 - root - DEBUG - 2.4.3 Value: 1
2021-12-27 17:05:50,909 - root - DEBUG - 2.5 Value: None
2021-12-27 17:05:50,909 - root - DEBUG - 2.5.1 Value: 18
2021-12-27 17:05:50,909 - root - DEBUG - 2.5.2 Value: 17
2021-12-27 17:05:50,909 - root - DEBUG - 2.5.3 Value: 1
2021-12-27 17:05:50,911 - root - DEBUG - 3 Value: None
2021-12-27 17:05:50,911 - root - DEBUG - 3.1 Value: None
2021-12-27 17:05:50,911 - root - DEBUG - 3.1.1 Value: None
2021-12-27 17:05:50,911 - root - DEBUG - 3.1.1.1 Value: None
2021-12-27 17:05:50,911 - root - DEBUG - 3.1.1.1.1 Value: 55
2021-12-27 17:05:50,911 - root - DEBUG - 3.1.1.1.2 Value: 67
2021-12-27 17:05:50,911 - root - DEBUG - 3.1.1.1.3 Value: 3
2021-12-27 17:05:50,912 - root - DEBUG - 3.1.1.1.4 Value: 10
2021-12-27 17:05:50,912 - root - DEBUG - 3.1.1.2 Value: None
2021-12-27 17:05:50,912 - root - DEBUG - 3.1.1.2.1 Value: 101
2021-12-27 17:05:50,912 - root - DEBUG - 3.1.1.2.2 Value: 67
2021-12-27 17:05:50,912 - root - DEBUG - 3.1.1.2.3 Value: 3
2021-12-27 17:05:50,912 - root - DEBUG - 3.1.1.2.4 Value: 10
2021-12-27 17:05:50,912 - root - DEBUG - 3.1.2 Value: None
2021-12-27 17:05:50,912 - root - DEBUG - 3.1.2.1 Value: None
2021-12-27 17:05:50,912 - root - DEBUG - 3.1.2.1.1 Value: 169
2021-12-27 17:05:50,912 - root - DEBUG - 3.1.2.1.2 Value: 67
2021-12-27 17:05:50,912 - root - DEBUG - 3.1.2.1.3 Value: 3
2021-12-27 17:05:50,913 - root - DEBUG - 3.1.2.1.4 Value: 10
2021-12-27 17:05:50,913 - root - DEBUG - 3.1.2.2 Value: None
2021-12-27 17:05:50,913 - root - DEBUG - 3.1.2.2.1 Value: 215
2021-12-27 17:05:50,913 - root - DEBUG - 3.1.2.2.2 Value: 67
2021-12-27 17:05:50,913 - root - DEBUG - 3.1.2.2.3 Value: 3
2021-12-27 17:05:50,913 - root - DEBUG - 3.1.2.2.4 Value: 10
2021-12-27 17:05:50,913 - root - DEBUG - 3.1.7 Value: 0
2021-12-27 17:05:50,913 - root - DEBUG - 3.1.8 Value: 1
2021-12-27 17:05:50,913 - root - DEBUG - 4 Value: None
2021-12-27 17:05:50,913 - root - DEBUG - 4.1 Value: None
2021-12-27 17:05:50,913 - root - DEBUG - 4.1.1 Value: None
2021-12-27 17:05:50,913 - root - DEBUG - 4.1.1.1 Value: 0
2021-12-27 17:05:50,913 - root - DEBUG - 4.1.1.2 Value: 139
2021-12-27 17:05:50,914 - root - DEBUG - 4.1.1.3 Value: 306
2021-12-27 17:05:50,914 - root - DEBUG - 4.1.1.4 Value: 159
2021-12-27 17:05:50,914 - root - DEBUG - 4.1.1.5 Value: 24
2021-12-27 17:05:50,914 - root - DEBUG - 4.1.1.6 Value: 1
2021-12-27 17:05:50,914 - root - DEBUG - 4.1.1.7 Value: 0
2021-12-27 17:05:50,914 - root - DEBUG - 4.1.1.8 Value: 13
2021-12-27 17:05:50,914 - root - DEBUG - 4.1.1.9 Value: 10
2021-12-27 17:05:50,914 - root - DEBUG - 4.1.2 Value: 42
2021-12-27 17:05:50,914 - root - DEBUG - 4.7 Value: 0
2021-12-27 17:05:50,914 - root - DEBUG - 5 Value: None
2021-12-27 17:05:50,914 - root - DEBUG - 5.1 Value: None
2021-12-27 17:05:50,914 - root - DEBUG - 5.1.2 Value: None
2021-12-27 17:05:50,914 - root - DEBUG - 5.1.2.1 Value: None
2021-12-27 17:05:50,914 - root - DEBUG - 5.1.2.1.1 Value: 57
2021-12-27 17:05:50,915 - root - DEBUG - 5.1.2.1.2 Value: 30
2021-12-27 17:05:50,915 - root - DEBUG - 5.1.2.1.3 Value: 130
2021-12-27 17:05:50,915 - root - DEBUG - 5.1.2.1.4 Value: 50
2021-12-27 17:05:50,915 - root - DEBUG - 5.1.2.1.5 Value: 18
2021-12-27 17:05:50,915 - root - DEBUG - 5.1.2.1.6 Value: 1
2021-12-27 17:05:50,915 - root - DEBUG - 5.1.2.1.7 Value: 0
2021-12-27 17:05:50,915 - root - DEBUG - 5.1.2.1.8 Value: 13
2021-12-27 17:05:50,915 - root - DEBUG - 5.1.2.1.9 Value: 10
2021-12-27 17:05:50,915 - root - DEBUG - 5.1.2.2 Value: 23
2021-12-27 17:05:50,915 - root - DEBUG - 5.1.4 Value: 1
2021-12-27 17:05:50,915 - root - DEBUG - 5.1.5 Value: 1
2021-12-27 17:05:50,915 - root - DEBUG - 5.1.6 Value: 0
2021-12-27 17:05:50,915 - root - DEBUG - 5.2 Value: None
2021-12-27 17:05:50,916 - root - DEBUG - 5.2.1 Value: 256
2021-12-27 17:05:50,916 - root - DEBUG - 5.2.2 Value: 106
2021-12-27 17:05:50,916 - root - DEBUG - 5.2.3 Value: 38
2021-12-27 17:05:50,916 - root - DEBUG - 5.2.4 Value: 39
2021-12-27 17:05:50,916 - root - DEBUG - 5.2.5 Value: 40
2021-12-27 17:05:50,916 - root - DEBUG - 5.2.6 Value: 41
2021-12-27 17:05:50,916 - root - DEBUG - 5.4 Value: None
2021-12-27 17:05:50,916 - root - DEBUG - 5.4.1 Value: 192
2021-12-27 17:05:50,916 - root - DEBUG - 5.4.2 Value: 30
2021-12-27 17:05:50,916 - root - DEBUG - 5.4.3 Value: 24
2021-12-27 17:05:50,916 - root - DEBUG - 5.4.4 Value: 7
2021-12-27 17:05:50,916 - root - DEBUG - 5.5 Value: None
2021-12-27 17:05:50,916 - root - DEBUG - 5.5.1 Value: 192
2021-12-27 17:05:50,917 - root - DEBUG - 5.5.2 Value: 30
2021-12-27 17:05:50,917 - root - DEBUG - 5.5.3 Value: 24
2021-12-27 17:05:50,917 - root - DEBUG - 5.5.4 Value: 7
2021-12-27 17:05:50,917 - root - DEBUG - 5.6 Value: None
2021-12-27 17:05:50,917 - root - DEBUG - 5.6.1 Value: 192
2021-12-27 17:05:50,917 - root - DEBUG - 5.6.2 Value: 30
2021-12-27 17:05:50,917 - root - DEBUG - 5.6.3 Value: 31
2021-12-27 17:05:50,917 - root - DEBUG - 5.6.4 Value: 7
2021-12-27 17:05:50,917 - root - DEBUG - 9 Value: None
2021-12-27 17:05:50,917 - root - DEBUG - 9.1 Value: None
2021-12-27 17:05:50,917 - root - DEBUG - 9.1.1 Value: None
2021-12-27 17:05:50,917 - root - DEBUG - 9.1.1.1 Value: 0
2021-12-27 17:05:50,917 - root - DEBUG - 9.1.1.2 Value: 302
2021-12-27 17:05:50,918 - root - DEBUG - 9.1.1.3 Value: 306
2021-12-27 17:05:50,918 - root - DEBUG - 9.1.1.4 Value: 322
2021-12-27 17:05:50,918 - root - DEBUG - 9.1.1.5 Value: 24
2021-12-27 17:05:50,918 - root - DEBUG - 9.1.1.6 Value: 1
2021-12-27 17:05:50,918 - root - DEBUG - 9.1.1.7 Value: 0
2021-12-27 17:05:50,918 - root - DEBUG - 9.1.1.8 Value: 13
2021-12-27 17:05:50,918 - root - DEBUG - 9.1.1.9 Value: 10
2021-12-27 17:05:50,918 - root - DEBUG - 9.1.3 Value: 44
2021-12-27 17:05:50,918 - root - DEBUG - 9.1.4 Value: 43
2021-12-27 17:05:50,918 - root - DEBUG - 29 Value: None
2021-12-27 17:05:50,918 - root - DEBUG - 29.1 Value: None
2021-12-27 17:05:50,918 - root - DEBUG - 29.1.1 Value: None
2021-12-27 17:05:50,919 - root - DEBUG - 29.1.1.1 Value: None
2021-12-27 17:05:50,919 - root - DEBUG - 29.1.1.1.1 Value: None
2021-12-27 17:05:50,919 - root - DEBUG - 29.1.1.1.1.1 Value: 55
2021-12-27 17:05:50,919 - root - DEBUG - 29.1.1.1.1.2 Value: 67
2021-12-27 17:05:50,919 - root - DEBUG - 29.1.1.1.1.3 Value: 45
2021-12-27 17:05:50,919 - root - DEBUG - 29.1.1.1.1.4 Value: 10
2021-12-27 17:05:50,919 - root - DEBUG - 29.1.1.1.2 Value: None
2021-12-27 17:05:50,919 - root - DEBUG - 29.1.1.1.2.1 Value: 101
2021-12-27 17:05:50,919 - root - DEBUG - 29.1.1.1.2.2 Value: 67
2021-12-27 17:05:50,919 - root - DEBUG - 29.1.1.1.2.3 Value: 45
2021-12-27 17:05:50,919 - root - DEBUG - 29.1.1.1.2.4 Value: 10
2021-12-27 17:05:50,919 - root - DEBUG - 29.1.1.2 Value: None
2021-12-27 17:05:50,919 - root - DEBUG - 29.1.1.2.1 Value: None
2021-12-27 17:05:50,920 - root - DEBUG - 29.1.1.2.1.1 Value: 169
2021-12-27 17:05:50,920 - root - DEBUG - 29.1.1.2.1.2 Value: 67
2021-12-27 17:05:50,920 - root - DEBUG - 29.1.1.2.1.3 Value: 45
2021-12-27 17:05:50,920 - root - DEBUG - 29.1.1.2.1.4 Value: 10
2021-12-27 17:05:50,920 - root - DEBUG - 29.1.1.2.2 Value: None
2021-12-27 17:05:50,920 - root - DEBUG - 29.1.1.2.2.1 Value: 215
2021-12-27 17:05:50,920 - root - DEBUG - 29.1.1.2.2.2 Value: 67
2021-12-27 17:05:50,920 - root - DEBUG - 29.1.1.2.2.3 Value: 45
2021-12-27 17:05:50,920 - root - DEBUG - 29.1.1.2.2.4 Value: 10
2021-12-27 17:05:50,920 - root - DEBUG - 29.1.1.3 Value: None
2021-12-27 17:05:50,920 - root - DEBUG - 29.1.1.3.1 Value: 137
2021-12-27 17:05:50,920 - root - DEBUG - 29.1.1.3.2 Value: 67
2021-12-27 17:05:50,920 - root - DEBUG - 29.1.1.3.3 Value: 55
2021-12-27 17:05:50,920 - root - DEBUG - 29.1.1.4 Value: 1
2021-12-27 17:05:50,921 - root - DEBUG - 29.1.4 Value: None
2021-12-27 17:05:50,921 - root - DEBUG - 29.1.4.1 Value: 256
2021-12-27 17:05:50,921 - root - DEBUG - 29.1.4.2 Value: 106
2021-12-27 17:05:50,921 - root - DEBUG - 29.1.4.3 Value: 56
2021-12-27 17:05:50,921 - root - DEBUG - 29.1.4.4 Value: 57
2021-12-27 17:05:50,921 - root - DEBUG - 29.1.4.5 Value: 58
2021-12-27 17:05:50,921 - root - DEBUG - 29.1.4.6 Value: 59
2021-12-27 17:05:50,921 - root - DEBUG - 29.2 Value: None
2021-12-27 17:05:50,921 - root - DEBUG - 29.2.1 Value: None
2021-12-27 17:05:50,921 - root - DEBUG - 29.2.1.1 Value: 56
2021-12-27 17:05:50,921 - root - DEBUG - 29.2.1.2 Value: 29
2021-12-27 17:05:50,921 - root - DEBUG - 29.2.1.3 Value: 126
2021-12-27 17:05:50,922 - root - DEBUG - 29.2.1.4 Value: 40
2021-12-27 17:05:50,922 - root - DEBUG - 29.2.1.5 Value: 18
2021-12-27 17:05:50,922 - root - DEBUG - 29.2.1.6 Value: 0
2021-12-27 17:05:50,922 - root - DEBUG - 29.2.1.7 Value: 0
2021-12-27 17:05:50,922 - root - DEBUG - 29.2.1.8 Value: 60
2021-12-27 17:05:50,922 - root - DEBUG - 29.2.1.9 Value: 10
2021-12-27 17:05:50,922 - root - DEBUG - 29.2.2 Value: 70
2021-12-27 17:05:50,922 - root - DEBUG - 29.3 Value: None
2021-12-27 17:05:50,922 - root - DEBUG - 29.3.1 Value: None
2021-12-27 17:05:50,922 - root - DEBUG - 29.3.1.1 Value: 192
2021-12-27 17:05:50,922 - root - DEBUG - 29.3.1.2 Value: 30
2021-12-27 17:05:50,922 - root - DEBUG - 29.3.1.3 Value: 71
2021-12-27 17:05:50,923 - root - DEBUG - 29.3.1.4 Value: 7
2021-12-27 17:05:50,923 - root - DEBUG - 29.3.2 Value: None
2021-12-27 17:05:50,923 - root - DEBUG - 29.3.2.1 Value: 192
2021-12-27 17:05:50,923 - root - DEBUG - 29.3.2.2 Value: 30
2021-12-27 17:05:50,923 - root - DEBUG - 29.3.2.3 Value: 71
2021-12-27 17:05:50,923 - root - DEBUG - 29.3.2.4 Value: 7
2021-12-27 17:05:50,923 - root - DEBUG - 29.3.3 Value: None
2021-12-27 17:05:50,923 - root - DEBUG - 29.3.3.1 Value: 192
2021-12-27 17:05:50,923 - root - DEBUG - 29.3.3.2 Value: 30
2021-12-27 17:05:50,923 - root - DEBUG - 29.3.3.3 Value: 78
2021-12-27 17:05:50,923 - root - DEBUG - 29.3.3.4 Value: 7
2021-12-27 17:05:50,923 - root - DEBUG - 29.4 Value: None
2021-12-27 17:05:50,923 - root - DEBUG - 29.4.1 Value: None
2021-12-27 17:05:50,924 - root - DEBUG - 29.4.1.1 Value: 0
2021-12-27 17:05:50,924 - root - DEBUG - 29.4.1.2 Value: 139
2021-12-27 17:05:50,924 - root - DEBUG - 29.4.1.3 Value: 306
2021-12-27 17:05:50,924 - root - DEBUG - 29.4.1.4 Value: 159
2021-12-27 17:05:50,924 - root - DEBUG - 29.4.1.5 Value: 24
2021-12-27 17:05:50,924 - root - DEBUG - 29.4.1.6 Value: 1
2021-12-27 17:05:50,924 - root - DEBUG - 29.4.1.7 Value: 0
2021-12-27 17:05:50,924 - root - DEBUG - 29.4.1.8 Value: 60
2021-12-27 17:05:50,924 - root - DEBUG - 29.4.1.9 Value: 10
2021-12-27 17:05:50,924 - root - DEBUG - 29.4.2 Value: 85
2021-12-27 17:05:50,924 - root - DEBUG - 0-Info
2021-12-27 17:05:50,925 - root - DEBUG - 0.1-DeviceId
2021-12-27 17:05:50,925 - root - DEBUG - 2-Background
2021-12-27 17:05:50,925 - root - DEBUG - 2.1-Image
2021-12-27 17:05:50,925 - root - DEBUG - 2.1.1-X
2021-12-27 17:05:50,925 - root - DEBUG - 2.1.2-Y
2021-12-27 17:05:50,925 - root - DEBUG - 2.1.3-ImageIndex
2021-12-27 17:05:50,925 - root - DEBUG - 2.3-Preview
2021-12-27 17:05:50,925 - root - DEBUG - 2.3.1-X
2021-12-27 17:05:50,925 - root - DEBUG - 2.3.2-Y
2021-12-27 17:05:50,926 - root - DEBUG - 2.3.3-ImageIndex
2021-12-27 17:05:50,926 - root - DEBUG - 2.4-PreviewKorean
2021-12-27 17:05:50,926 - root - DEBUG - 2.4.1-X
2021-12-27 17:05:50,926 - root - DEBUG - 2.4.2-Y
2021-12-27 17:05:50,926 - root - DEBUG - 2.4.3-ImageIndex
2021-12-27 17:05:50,926 - root - DEBUG - 2.5-PreviewChinese
2021-12-27 17:05:50,926 - root - DEBUG - 2.5.1-X
2021-12-27 17:05:50,926 - root - DEBUG - 2.5.2-Y
2021-12-27 17:05:50,927 - root - DEBUG - 2.5.3-ImageIndex
2021-12-27 17:05:50,927 - root - DEBUG - 3-TimeExtended
2021-12-27 17:05:50,927 - root - DEBUG - 3.1-TimeSeparateDigits
2021-12-27 17:05:50,927 - root - DEBUG - 3.1.1-Hours
2021-12-27 17:05:50,927 - root - DEBUG - 3.1.1.1-Tens
2021-12-27 17:05:50,927 - root - DEBUG - 3.1.1.1.1-X
2021-12-27 17:05:50,927 - root - DEBUG - 3.1.1.1.2-Y
2021-12-27 17:05:50,927 - root - DEBUG - 3.1.1.1.3-ImageIndex
2021-12-27 17:05:50,928 - root - DEBUG - 3.1.1.1.4-ImagesCount
2021-12-27 17:05:50,928 - root - DEBUG - 3.1.1.2-Ones
2021-12-27 17:05:50,928 - root - DEBUG - 3.1.1.2.1-X
2021-12-27 17:05:50,928 - root - DEBUG - 3.1.1.2.2-Y
2021-12-27 17:05:50,928 - root - DEBUG - 3.1.1.2.3-ImageIndex
2021-12-27 17:05:50,928 - root - DEBUG - 3.1.1.2.4-ImagesCount
2021-12-27 17:05:50,928 - root - DEBUG - 3.1.2-Minutes
2021-12-27 17:05:50,928 - root - DEBUG - 3.1.2.1-Tens
2021-12-27 17:05:50,929 - root - DEBUG - 3.1.2.1.1-X
2021-12-27 17:05:50,929 - root - DEBUG - 3.1.2.1.2-Y
2021-12-27 17:05:50,929 - root - DEBUG - 3.1.2.1.3-ImageIndex
2021-12-27 17:05:50,929 - root - DEBUG - 3.1.2.1.4-ImagesCount
2021-12-27 17:05:50,929 - root - DEBUG - 3.1.2.2-Ones
2021-12-27 17:05:50,929 - root - DEBUG - 3.1.2.2.1-X
2021-12-27 17:05:50,929 - root - DEBUG - 3.1.2.2.2-Y
2021-12-27 17:05:50,929 - root - DEBUG - 3.1.2.2.3-ImageIndex
2021-12-27 17:05:50,929 - root - DEBUG - 3.1.2.2.4-ImagesCount
2021-12-27 17:05:50,930 - root - DEBUG - 3.1.7-PaddingZeroHours
2021-12-27 17:05:50,930 - root - DEBUG - 3.1.8-PaddingZeroMinutes
2021-12-27 17:05:50,930 - root - DEBUG - 4-Activity
2021-12-27 17:05:50,930 - root - DEBUG - 4.1-Steps
2021-12-27 17:05:50,930 - root - DEBUG - 4.1.1-ImageNumber
2021-12-27 17:05:50,930 - root - DEBUG - 4.1.1.1-TopLeftX
2021-12-27 17:05:50,930 - root - DEBUG - 4.1.1.2-TopLeftY
2021-12-27 17:05:50,930 - root - DEBUG - 4.1.1.3-BottomRightX
2021-12-27 17:05:50,930 - root - DEBUG - 4.1.1.4-BottomRightY
2021-12-27 17:05:50,931 - root - DEBUG - 4.1.1.5-Alignment
2021-12-27 17:05:50,931 - root - DEBUG - 4.1.1.6-Spacing
2021-12-27 17:05:50,931 - root - DEBUG - 4.1.1.7-VerticalOffset
2021-12-27 17:05:50,931 - root - DEBUG - 4.1.1.8-ImageIndex
2021-12-27 17:05:50,931 - root - DEBUG - 4.1.1.9-ImagesCount
2021-12-27 17:05:50,931 - root - DEBUG - 4.1.2-PrefixImageIndex
2021-12-27 17:05:50,931 - root - DEBUG - 4.7-UnknownLongValue7
2021-12-27 17:05:50,931 - root - DEBUG - 5-DateBlock
2021-12-27 17:05:50,931 - root - DEBUG - 5.1-Date
2021-12-27 17:05:50,932 - root - DEBUG - 5.1.2-OneLineMonthAndDay
2021-12-27 17:05:50,932 - root - DEBUG - 5.1.2.1-Number
2021-12-27 17:05:50,932 - root - DEBUG - 5.1.2.1.1-TopLeftX
2021-12-27 17:05:50,932 - root - DEBUG - 5.1.2.1.2-TopLeftY
2021-12-27 17:05:50,932 - root - DEBUG - 5.1.2.1.3-BottomRightX
2021-12-27 17:05:50,932 - root - DEBUG - 5.1.2.1.4-BottomRightY
2021-12-27 17:05:50,932 - root - DEBUG - 5.1.2.1.5-Alignment
2021-12-27 17:05:50,932 - root - DEBUG - 5.1.2.1.6-Spacing
2021-12-27 17:05:50,932 - root - DEBUG - 5.1.2.1.7-VerticalOffset
2021-12-27 17:05:50,933 - root - DEBUG - 5.1.2.1.8-ImageIndex
2021-12-27 17:05:50,933 - root - DEBUG - 5.1.2.1.9-ImagesCount
2021-12-27 17:05:50,933 - root - DEBUG - 5.1.2.2-DelimiterImageIndex
2021-12-27 17:05:50,933 - root - DEBUG - 5.1.4-PaddingZeroMonth
2021-12-27 17:05:50,933 - root - DEBUG - 5.1.5-PaddingZeroDay
2021-12-27 17:05:50,933 - root - DEBUG - 5.1.6-Unknown6
2021-12-27 17:05:50,933 - root - DEBUG - 5.2-AmPm
2021-12-27 17:05:50,933 - root - DEBUG - 5.2.1-CommonX
2021-12-27 17:05:50,933 - root - DEBUG - 5.2.2-CommonY
2021-12-27 17:05:50,934 - root - DEBUG - 5.2.3-ImageIndexAMCN
2021-12-27 17:05:50,934 - root - DEBUG - 5.2.4-ImageIndexPMCN
2021-12-27 17:05:50,934 - root - DEBUG - 5.2.5-AmImageIndexEN
2021-12-27 17:05:50,934 - root - DEBUG - 5.2.6-PmImageIndexEN
2021-12-27 17:05:50,934 - root - DEBUG - 5.4-Weekday
2021-12-27 17:05:50,934 - root - DEBUG - 5.4.1-X
2021-12-27 17:05:50,934 - root - DEBUG - 5.4.2-Y
2021-12-27 17:05:50,934 - root - DEBUG - 5.4.3-ImageIndex
2021-12-27 17:05:50,934 - root - DEBUG - 5.4.4-ImagesCount
2021-12-27 17:05:50,934 - root - DEBUG - 5.5-WeekdayChinese
2021-12-27 17:05:50,935 - root - DEBUG - 5.5.1-X
2021-12-27 17:05:50,935 - root - DEBUG - 5.5.2-Y
2021-12-27 17:05:50,935 - root - DEBUG - 5.5.3-ImageIndex
2021-12-27 17:05:50,935 - root - DEBUG - 5.5.4-ImagesCount
2021-12-27 17:05:50,935 - root - DEBUG - 5.6-WeekdayKorean
2021-12-27 17:05:50,935 - root - DEBUG - 5.6.1-X
2021-12-27 17:05:50,935 - root - DEBUG - 5.6.2-Y
2021-12-27 17:05:50,935 - root - DEBUG - 5.6.3-ImageIndex
2021-12-27 17:05:50,935 - root - DEBUG - 5.6.4-ImagesCount
2021-12-27 17:05:50,936 - root - DEBUG - 9-Battery
2021-12-27 17:05:50,936 - root - DEBUG - 9.1-BatteryText
2021-12-27 17:05:50,936 - root - DEBUG - 9.1.1-ImageNumber
2021-12-27 17:05:50,936 - root - DEBUG - 9.1.1.1-TopLeftX
2021-12-27 17:05:50,936 - root - DEBUG - 9.1.1.2-TopLeftY
2021-12-27 17:05:50,936 - root - DEBUG - 9.1.1.3-BottomRightX
2021-12-27 17:05:50,936 - root - DEBUG - 9.1.1.4-BottomRightY
2021-12-27 17:05:50,936 - root - DEBUG - 9.1.1.5-Alignment
2021-12-27 17:05:50,936 - root - DEBUG - 9.1.1.6-Spacing
2021-12-27 17:05:50,936 - root - DEBUG - 9.1.1.7-VerticalOffset
2021-12-27 17:05:50,937 - root - DEBUG - 9.1.1.8-ImageIndex
2021-12-27 17:05:50,937 - root - DEBUG - 9.1.1.9-ImagesCount
2021-12-27 17:05:50,937 - root - DEBUG - 9.1.3-NoDataImageIndex
2021-12-27 17:05:50,937 - root - DEBUG - 9.1.4-SuffixImageIndex
2021-12-27 17:05:50,937 - root - DEBUG - 29-AlwaysOnDisplay
2021-12-27 17:05:50,937 - root - DEBUG - 29.1-TimeExtended
2021-12-27 17:05:50,937 - root - DEBUG - 29.1.1-TimeSeparateDigits
2021-12-27 17:05:50,937 - root - DEBUG - 29.1.1.1-Hours
2021-12-27 17:05:50,937 - root - DEBUG - 29.1.1.1.1-Tens
2021-12-27 17:05:50,938 - root - DEBUG - 29.1.1.1.1.1-X
2021-12-27 17:05:50,938 - root - DEBUG - 29.1.1.1.1.2-Y
2021-12-27 17:05:50,938 - root - DEBUG - 29.1.1.1.1.3-ImageIndex
2021-12-27 17:05:50,938 - root - DEBUG - 29.1.1.1.1.4-ImagesCount
2021-12-27 17:05:50,938 - root - DEBUG - 29.1.1.1.2-Ones
2021-12-27 17:05:50,938 - root - DEBUG - 29.1.1.1.2.1-X
2021-12-27 17:05:50,938 - root - DEBUG - 29.1.1.1.2.2-Y
2021-12-27 17:05:50,938 - root - DEBUG - 29.1.1.1.2.3-ImageIndex
2021-12-27 17:05:50,938 - root - DEBUG - 29.1.1.1.2.4-ImagesCount
2021-12-27 17:05:50,938 - root - DEBUG - 29.1.1.2-Minutes
2021-12-27 17:05:50,939 - root - DEBUG - 29.1.1.2.1-Tens
2021-12-27 17:05:50,939 - root - DEBUG - 29.1.1.2.1.1-X
2021-12-27 17:05:50,939 - root - DEBUG - 29.1.1.2.1.2-Y
2021-12-27 17:05:50,939 - root - DEBUG - 29.1.1.2.1.3-ImageIndex
2021-12-27 17:05:50,939 - root - DEBUG - 29.1.1.2.1.4-ImagesCount
2021-12-27 17:05:50,939 - root - DEBUG - 29.1.1.2.2-Ones
2021-12-27 17:05:50,939 - root - DEBUG - 29.1.1.2.2.1-X
2021-12-27 17:05:50,939 - root - DEBUG - 29.1.1.2.2.2-Y
2021-12-27 17:05:50,939 - root - DEBUG - 29.1.1.2.2.3-ImageIndex
2021-12-27 17:05:50,940 - root - DEBUG - 29.1.1.2.2.4-ImagesCount
2021-12-27 17:05:50,940 - root - DEBUG - 29.1.1.3-Separator
2021-12-27 17:05:50,940 - root - DEBUG - 29.1.1.3.1-X
2021-12-27 17:05:50,940 - root - DEBUG - 29.1.1.3.2-Y
2021-12-27 17:05:50,940 - root - DEBUG - 29.1.1.3.3-ImageIndex
2021-12-27 17:05:50,940 - root - DEBUG - 29.1.1.4-PaddingZeroHours
2021-12-27 17:05:50,940 - root - DEBUG - 29.1.4-AmPm
2021-12-27 17:05:50,940 - root - DEBUG - 29.1.4.1-CommonX
2021-12-27 17:05:50,940 - root - DEBUG - 29.1.4.2-CommonY
2021-12-27 17:05:50,940 - root - DEBUG - 29.1.4.3-ImageIndexAMCN
2021-12-27 17:05:50,941 - root - DEBUG - 29.1.4.4-ImageIndexPMCN
2021-12-27 17:05:50,941 - root - DEBUG - 29.1.4.5-AmImageIndexEN
2021-12-27 17:05:50,941 - root - DEBUG - 29.1.4.6-PmImageIndexEN
2021-12-27 17:05:50,941 - root - DEBUG - 29.2-DateOneLine
2021-12-27 17:05:50,941 - root - DEBUG - 29.2.1-MonthAndDay
2021-12-27 17:05:50,941 - root - DEBUG - 29.2.1.1-TopLeftX
2021-12-27 17:05:50,941 - root - DEBUG - 29.2.1.2-TopLeftY
2021-12-27 17:05:50,941 - root - DEBUG - 29.2.1.3-BottomRightX
2021-12-27 17:05:50,942 - root - DEBUG - 29.2.1.4-BottomRightY
2021-12-27 17:05:50,942 - root - DEBUG - 29.2.1.5-Alignment
2021-12-27 17:05:50,942 - root - DEBUG - 29.2.1.6-Spacing
2021-12-27 17:05:50,942 - root - DEBUG - 29.2.1.7-VerticalOffset
2021-12-27 17:05:50,942 - root - DEBUG - 29.2.1.8-ImageIndex
2021-12-27 17:05:50,942 - root - DEBUG - 29.2.1.9-ImagesCount
2021-12-27 17:05:50,942 - root - DEBUG - 29.2.2-SeparatorImageIndex
2021-12-27 17:05:50,942 - root - DEBUG - 29.3-Week
2021-12-27 17:05:50,942 - root - DEBUG - 29.3.1-Weekday
2021-12-27 17:05:50,942 - root - DEBUG - 29.3.1.1-X
2021-12-27 17:05:50,943 - root - DEBUG - 29.3.1.2-Y
2021-12-27 17:05:50,943 - root - DEBUG - 29.3.1.3-ImageIndex
2021-12-27 17:05:50,943 - root - DEBUG - 29.3.1.4-ImagesCount
2021-12-27 17:05:50,943 - root - DEBUG - 29.3.2-WeekdayChinese
2021-12-27 17:05:50,943 - root - DEBUG - 29.3.2.1-X
2021-12-27 17:05:50,943 - root - DEBUG - 29.3.2.2-Y
2021-12-27 17:05:50,943 - root - DEBUG - 29.3.2.3-ImageIndex
2021-12-27 17:05:50,943 - root - DEBUG - 29.3.2.4-ImagesCount
2021-12-27 17:05:50,943 - root - DEBUG - 29.3.3-WeekdayKorean
2021-12-27 17:05:50,944 - root - DEBUG - 29.3.3.1-X
2021-12-27 17:05:50,944 - root - DEBUG - 29.3.3.2-Y
2021-12-27 17:05:50,944 - root - DEBUG - 29.3.3.3-ImageIndex
2021-12-27 17:05:50,944 - root - DEBUG - 29.3.3.4-ImagesCount
2021-12-27 17:05:50,944 - root - DEBUG - 29.4-Steps
2021-12-27 17:05:50,944 - root - DEBUG - 29.4.1-ImageNumber
2021-12-27 17:05:50,944 - root - DEBUG - 29.4.1.1-TopLeftX
2021-12-27 17:05:50,944 - root - DEBUG - 29.4.1.2-TopLeftY
2021-12-27 17:05:50,945 - root - DEBUG - 29.4.1.3-BottomRightX
2021-12-27 17:05:50,945 - root - DEBUG - 29.4.1.4-BottomRightY
2021-12-27 17:05:50,945 - root - DEBUG - 29.4.1.5-Alignment
2021-12-27 17:05:50,945 - root - DEBUG - 29.4.1.6-Spacing
2021-12-27 17:05:50,945 - root - DEBUG - 29.4.1.7-VerticalOffset
2021-12-27 17:05:50,945 - root - DEBUG - 29.4.1.8-ImageIndex
2021-12-27 17:05:50,945 - root - DEBUG - 29.4.1.9-ImagesCount
2021-12-27 17:05:50,945 - root - DEBUG - 29.4.2-PrefixImageIndex
2021-12-27 17:05:50,945 - root - DEBUG - generatePreviews
2021-12-27 17:05:50,945 - root - DEBUG - Generating previews...
2021-12-27 17:05:50,946 - root - DEBUG - Generating states done...
2021-12-27 17:05:50,952 - root - DEBUG - >>>>>>>>>>>> 0 <watchFaceParser.models.parameter.Parameter object at 0x0000026EDE5D7208>
2021-12-27 17:05:50,952 - root - DEBUG - >>>>>>>>>>>> 2 <watchFaceParser.models.parameter.Parameter object at 0x0000026EDE5C4F08>
2021-12-27 17:05:50,957 - root - DEBUG - >>>>>>>>>>>> 3 <watchFaceParser.models.parameter.Parameter object at 0x0000026EDE5C4AC8>
2021-12-27 17:05:50,962 - root - DEBUG - >>>>>>>>>>>> 4 <watchFaceParser.models.parameter.Parameter object at 0x0000026EDE5CE848>
2021-12-27 17:05:50,978 - root - DEBUG - >>>>>>>>>>>> 5 <watchFaceParser.models.parameter.Parameter object at 0x0000026EDE5D1688>
2021-12-27 17:05:50,984 - root - DEBUG - >>>>>>>>>>>> 9 <watchFaceParser.models.parameter.Parameter object at 0x0000026EDE5D1A08>
2021-12-27 17:05:50,987 - root - DEBUG - >>>>>>>>>>>> 29 <watchFaceParser.models.parameter.Parameter object at 0x0000026EDE5D1608>
2021-12-27 17:05:51,006 - root - DEBUG - Generating static preview gen done...
2021-12-27 17:05:51,062 - root - DEBUG - Generating static preview save done...
2021-12-27 17:05:51,062 - root - DEBUG - Generating anim preview gen done...
2021-12-27 17:05:51,062 - root - DEBUG - >>>>>>>>>>>> 0 <watchFaceParser.models.parameter.Parameter object at 0x0000026EDE5D7208>
2021-12-27 17:05:51,062 - root - DEBUG - >>>>>>>>>>>> 2 <watchFaceParser.models.parameter.Parameter object at 0x0000026EDE5C4F08>
2021-12-27 17:05:51,062 - root - DEBUG - >>>>>>>>>>>> 3 <watchFaceParser.models.parameter.Parameter object at 0x0000026EDE5C4AC8>
2021-12-27 17:05:51,062 - root - DEBUG - >>>>>>>>>>>> 4 <watchFaceParser.models.parameter.Parameter object at 0x0000026EDE5CE848>
2021-12-27 17:05:51,062 - root - DEBUG - >>>>>>>>>>>> 5 <watchFaceParser.models.parameter.Parameter object at 0x0000026EDE5D1688>
2021-12-27 17:05:51,063 - root - DEBUG - >>>>>>>>>>>> 9 <watchFaceParser.models.parameter.Parameter object at 0x0000026EDE5D1A08>
2021-12-27 17:05:51,063 - root - DEBUG - >>>>>>>>>>>> 29 <watchFaceParser.models.parameter.Parameter object at 0x0000026EDE5D1608>
2021-12-27 17:05:51,195 - root - DEBUG - generatePreviews done
2021-12-27 17:05:51,195 - root - DEBUG - Exporting resources to 'eccac29dd035b6ab1749020667625dd0'
2021-12-27 17:05:51,198 - root - DEBUG - extracting eccac29dd035b6ab1749020667625dd0\0000.png...
2021-12-27 17:05:51,210 - root - DEBUG - extracting eccac29dd035b6ab1749020667625dd0\0001.png...
2021-12-27 17:05:51,218 - root - DEBUG - extracting eccac29dd035b6ab1749020667625dd0\0002.png...
2021-12-27 17:05:51,226 - root - DEBUG - extracting eccac29dd035b6ab1749020667625dd0\0003.png...
2021-12-27 17:05:51,227 - root - DEBUG - extracting eccac29dd035b6ab1749020667625dd0\0004.png...
2021-12-27 17:05:51,229 - root - DEBUG - extracting eccac29dd035b6ab1749020667625dd0\0005.png...
2021-12-27 17:05:51,232 - root - DEBUG - extracting eccac29dd035b6ab1749020667625dd0\0006.png...
2021-12-27 17:05:51,233 - root - DEBUG - extracting eccac29dd035b6ab1749020667625dd0\0007.png...
2021-12-27 17:05:51,234 - root - DEBUG - extracting eccac29dd035b6ab1749020667625dd0\0008.png...
2021-12-27 17:05:51,235 - root - DEBUG - extracting eccac29dd035b6ab1749020667625dd0\0009.png...
2021-12-27 17:05:51,236 - root - DEBUG - extracting eccac29dd035b6ab1749020667625dd0\0010.png...
2021-12-27 17:05:51,236 - root - DEBUG - extracting eccac29dd035b6ab1749020667625dd0\0011.png...
2021-12-27 17:05:51,238 - root - DEBUG - extracting eccac29dd035b6ab1749020667625dd0\0012.png...
2021-12-27 17:05:51,239 - root - DEBUG - extracting eccac29dd035b6ab1749020667625dd0\0013.png...
2021-12-27 17:05:51,239 - root - DEBUG - extracting eccac29dd035b6ab1749020667625dd0\0014.png...
2021-12-27 17:05:51,240 - root - DEBUG - extracting eccac29dd035b6ab1749020667625dd0\0015.png...
2021-12-27 17:05:51,241 - root - DEBUG - extracting eccac29dd035b6ab1749020667625dd0\0016.png...
2021-12-27 17:05:51,242 - root - DEBUG - extracting eccac29dd035b6ab1749020667625dd0\0017.png...
2021-12-27 17:05:51,243 - root - DEBUG - extracting eccac29dd035b6ab1749020667625dd0\0018.png...
2021-12-27 17:05:51,244 - root - DEBUG - extracting eccac29dd035b6ab1749020667625dd0\0019.png...
2021-12-27 17:05:51,245 - root - DEBUG - extracting eccac29dd035b6ab1749020667625dd0\0020.png...
2021-12-27 17:05:51,246 - root - DEBUG - extracting eccac29dd035b6ab1749020667625dd0\0021.png...
2021-12-27 17:05:51,248 - root - DEBUG - extracting eccac29dd035b6ab1749020667625dd0\0022.png...
2021-12-27 17:05:51,254 - root - DEBUG - extracting eccac29dd035b6ab1749020667625dd0\0023.png...
2021-12-27 17:05:51,255 - root - DEBUG - extracting eccac29dd035b6ab1749020667625dd0\0024.png...
2021-12-27 17:05:51,256 - root - DEBUG - extracting eccac29dd035b6ab1749020667625dd0\0025.png...
2021-12-27 17:05:51,257 - root - DEBUG - extracting eccac29dd035b6ab1749020667625dd0\0026.png...
2021-12-27 17:05:51,258 - root - DEBUG - extracting eccac29dd035b6ab1749020667625dd0\0027.png...
2021-12-27 17:05:51,259 - root - DEBUG - extracting eccac29dd035b6ab1749020667625dd0\0028.png...
2021-12-27 17:05:51,260 - root - DEBUG - extracting eccac29dd035b6ab1749020667625dd0\0029.png...
2021-12-27 17:05:51,262 - root - DEBUG - extracting eccac29dd035b6ab1749020667625dd0\0030.png...
2021-12-27 17:05:51,263 - root - DEBUG - extracting eccac29dd035b6ab1749020667625dd0\0031.png...
2021-12-27 17:05:51,264 - root - DEBUG - extracting eccac29dd035b6ab1749020667625dd0\0032.png...
2021-12-27 17:05:51,264 - root - DEBUG - extracting eccac29dd035b6ab1749020667625dd0\0033.png...
2021-12-27 17:05:51,265 - root - DEBUG - extracting eccac29dd035b6ab1749020667625dd0\0034.png...
2021-12-27 17:05:51,266 - root - DEBUG - extracting eccac29dd035b6ab1749020667625dd0\0035.png...
2021-12-27 17:05:51,267 - root - DEBUG - extracting eccac29dd035b6ab1749020667625dd0\0036.png...
2021-12-27 17:05:51,268 - root - DEBUG - extracting eccac29dd035b6ab1749020667625dd0\0037.png...
2021-12-27 17:05:51,269 - root - DEBUG - extracting eccac29dd035b6ab1749020667625dd0\0038.png...
2021-12-27 17:05:51,269 - root - DEBUG - extracting eccac29dd035b6ab1749020667625dd0\0039.png...
2021-12-27 17:05:51,270 - root - DEBUG - extracting eccac29dd035b6ab1749020667625dd0\0040.png...
2021-12-27 17:05:51,271 - root - DEBUG - extracting eccac29dd035b6ab1749020667625dd0\0041.png...
2021-12-27 17:05:51,273 - root - DEBUG - extracting eccac29dd035b6ab1749020667625dd0\0042.png...
2021-12-27 17:05:51,274 - root - DEBUG - extracting eccac29dd035b6ab1749020667625dd0\0043.png...
2021-12-27 17:05:51,275 - root - DEBUG - extracting eccac29dd035b6ab1749020667625dd0\0044.png...
2021-12-27 17:05:51,276 - root - DEBUG - extracting eccac29dd035b6ab1749020667625dd0\0045.png...
2021-12-27 17:05:51,278 - root - DEBUG - extracting eccac29dd035b6ab1749020667625dd0\0046.png...
2021-12-27 17:05:51,280 - root - DEBUG - extracting eccac29dd035b6ab1749020667625dd0\0047.png...
2021-12-27 17:05:51,281 - root - DEBUG - extracting eccac29dd035b6ab1749020667625dd0\0048.png...
2021-12-27 17:05:51,282 - root - DEBUG - extracting eccac29dd035b6ab1749020667625dd0\0049.png...
2021-12-27 17:05:51,283 - root - DEBUG - extracting eccac29dd035b6ab1749020667625dd0\0050.png...
2021-12-27 17:05:51,283 - root - DEBUG - extracting eccac29dd035b6ab1749020667625dd0\0051.png...
2021-12-27 17:05:51,284 - root - DEBUG - extracting eccac29dd035b6ab1749020667625dd0\0052.png...
2021-12-27 17:05:51,285 - root - DEBUG - extracting eccac29dd035b6ab1749020667625dd0\0053.png...
2021-12-27 17:05:51,286 - root - DEBUG - extracting eccac29dd035b6ab1749020667625dd0\0054.png...
2021-12-27 17:05:51,287 - root - DEBUG - extracting eccac29dd035b6ab1749020667625dd0\0055.png...
2021-12-27 17:05:51,288 - root - DEBUG - extracting eccac29dd035b6ab1749020667625dd0\0056.png...
2021-12-27 17:05:51,289 - root - DEBUG - extracting eccac29dd035b6ab1749020667625dd0\0057.png...
2021-12-27 17:05:51,290 - root - DEBUG - extracting eccac29dd035b6ab1749020667625dd0\0058.png...
2021-12-27 17:05:51,291 - root - DEBUG - extracting eccac29dd035b6ab1749020667625dd0\0059.png...
2021-12-27 17:05:51,291 - root - DEBUG - extracting eccac29dd035b6ab1749020667625dd0\0060.png...
2021-12-27 17:05:51,292 - root - DEBUG - extracting eccac29dd035b6ab1749020667625dd0\0061.png...
2021-12-27 17:05:51,293 - root - DEBUG - extracting eccac29dd035b6ab1749020667625dd0\0062.png...
2021-12-27 17:05:51,295 - root - DEBUG - extracting eccac29dd035b6ab1749020667625dd0\0063.png...
2021-12-27 17:05:51,296 - root - DEBUG - extracting eccac29dd035b6ab1749020667625dd0\0064.png...
2021-12-27 17:05:51,297 - root - DEBUG - extracting eccac29dd035b6ab1749020667625dd0\0065.png...
2021-12-27 17:05:51,297 - root - DEBUG - extracting eccac29dd035b6ab1749020667625dd0\0066.png...
2021-12-27 17:05:51,298 - root - DEBUG - extracting eccac29dd035b6ab1749020667625dd0\0067.png...
2021-12-27 17:05:51,299 - root - DEBUG - extracting eccac29dd035b6ab1749020667625dd0\0068.png...
2021-12-27 17:05:51,299 - root - DEBUG - extracting eccac29dd035b6ab1749020667625dd0\0069.png...
2021-12-27 17:05:51,300 - root - DEBUG - extracting eccac29dd035b6ab1749020667625dd0\0070.png...
2021-12-27 17:05:51,300 - root - DEBUG - extracting eccac29dd035b6ab1749020667625dd0\0071.png...
2021-12-27 17:05:51,301 - root - DEBUG - extracting eccac29dd035b6ab1749020667625dd0\0072.png...
2021-12-27 17:05:51,302 - root - DEBUG - extracting eccac29dd035b6ab1749020667625dd0\0073.png...
2021-12-27 17:05:51,303 - root - DEBUG - extracting eccac29dd035b6ab1749020667625dd0\0074.png...
2021-12-27 17:05:51,304 - root - DEBUG - extracting eccac29dd035b6ab1749020667625dd0\0075.png...
2021-12-27 17:05:51,304 - root - DEBUG - extracting eccac29dd035b6ab1749020667625dd0\0076.png...
2021-12-27 17:05:51,305 - root - DEBUG - extracting eccac29dd035b6ab1749020667625dd0\0077.png...
2021-12-27 17:05:51,306 - root - DEBUG - extracting eccac29dd035b6ab1749020667625dd0\0078.png...
2021-12-27 17:05:51,307 - root - DEBUG - extracting eccac29dd035b6ab1749020667625dd0\0079.png...
2021-12-27 17:05:51,307 - root - DEBUG - extracting eccac29dd035b6ab1749020667625dd0\0080.png...
2021-12-27 17:05:51,308 - root - DEBUG - extracting eccac29dd035b6ab1749020667625dd0\0081.png...
2021-12-27 17:05:51,309 - root - DEBUG - extracting eccac29dd035b6ab1749020667625dd0\0082.png...
2021-12-27 17:05:51,310 - root - DEBUG - extracting eccac29dd035b6ab1749020667625dd0\0083.png...
2021-12-27 17:05:51,311 - root - DEBUG - extracting eccac29dd035b6ab1749020667625dd0\0084.png...
2021-12-27 17:05:51,312 - root - DEBUG - extracting eccac29dd035b6ab1749020667625dd0\0085.png...
2021-12-27 17:05:51,313 - root - DEBUG - Exporting config...
