2023-07-09 17:50:02,155 - root - DEBUG - Opening watch face 'E:\Codez\zepp-gts2mini-wf\28ac862233e52801cba15f0554102105.bin'
2023-07-09 17:50:02,166 - root - DEBUG - Reading parameters...
2023-07-09 17:50:02,166 - root - INFO - Reading header...
2023-07-09 17:50:02,168 - root - INFO - Header was read:
2023-07-09 17:50:02,168 - root - INFO - Signature: b'UIHH\x01\x00\xff', Unknown: 78, ParametersSize: 78, isValid: True, deviceId: 73
2023-07-09 17:50:02,168 - root - INFO - Reading parameter offsets...
2023-07-09 17:50:02,168 - root - INFO - Parameter offsets were read from file
2023-07-09 17:50:02,168 - root - INFO - Reading parameters descriptor...
2023-07-09 17:50:02,168 - root - INFO - 1 ( A): 5 bytes
2023-07-09 17:50:02,168 - root - INFO -     1 ( 8): 313 139
2023-07-09 17:50:02,169 - root - INFO -     2 (10): 34 22
2023-07-09 17:50:02,169 - root - INFO - getParameters descriptor was read:
2023-07-09 17:50:02,169 - root - INFO - ParametersTableLength: 313, ImagesCount: 34
2023-07-09 17:50:02,169 - root - INFO - Reading parameters locations...
2023-07-09 17:50:02,169 - root - INFO - 2 (12): 4 bytes
2023-07-09 17:50:02,169 - root - INFO -     1 ( 8): 0  0
2023-07-09 17:50:02,169 - root - INFO -     2 (10): 32 20
2023-07-09 17:50:02,169 - root - INFO - 4 (22): 4 bytes
2023-07-09 17:50:02,170 - root - INFO -     1 ( 8): 51 33
2023-07-09 17:50:02,170 - root - INFO -     2 (10): 50 32
2023-07-09 17:50:02,170 - root - INFO - 5 (2A): 4 bytes
2023-07-09 17:50:02,170 - root - INFO -     1 ( 8): 32 20
2023-07-09 17:50:02,170 - root - INFO -     2 (10): 19 13
2023-07-09 17:50:02,170 - root - INFO - 6 (32): 4 bytes
2023-07-09 17:50:02,170 - root - INFO -     1 ( 8): 101 65
2023-07-09 17:50:02,171 - root - INFO -     2 (10): 52 34
2023-07-09 17:50:02,171 - root - INFO - 12 (62): 5 bytes
2023-07-09 17:50:02,171 - root - INFO -     1 ( 8): 153 99
2023-07-09 17:50:02,171 - root - INFO -     2 (10): 18 12
2023-07-09 17:50:02,171 - root - INFO - 17 (8A): 5 bytes
2023-07-09 17:50:02,171 - root - INFO -     1 ( 8): 171 AB
2023-07-09 17:50:02,171 - root - INFO -     2 (10): 20 14
2023-07-09 17:50:02,172 - root - INFO - 20 (A2): 5 bytes
2023-07-09 17:50:02,172 - root - INFO -     1 ( 8): 191 BF
2023-07-09 17:50:02,172 - root - INFO -     2 (10): 46 2E
2023-07-09 17:50:02,172 - root - INFO - 23 (BA): 5 bytes
2023-07-09 17:50:02,172 - root - INFO -     1 ( 8): 237 ED
2023-07-09 17:50:02,172 - root - INFO -     2 (10): 20 14
2023-07-09 17:50:02,172 - root - INFO - 26 (D2): 5 bytes
2023-07-09 17:50:02,173 - root - INFO -     1 ( 8): 257 101
2023-07-09 17:50:02,173 - root - INFO -     2 (10): 22 16
2023-07-09 17:50:02,173 - root - INFO - 29 (EA): 5 bytes
2023-07-09 17:50:02,173 - root - INFO -     1 ( 8): 279 117
2023-07-09 17:50:02,173 - root - INFO -     2 (10): 34 22
2023-07-09 17:50:02,173 - root - INFO - Watch face parameters locations were read:
2023-07-09 17:50:02,174 - root - INFO - Reading descriptor for parameter 2
2023-07-09 17:50:02,174 - root - INFO - Descriptor offset: 0, Descriptor length: 32
2023-07-09 17:50:02,174 - root - INFO - Parsing descriptor for parameter 2...
2023-07-09 17:50:02,174 - root - INFO - 1 ( A): 6 bytes
2023-07-09 17:50:02,174 - root - INFO -     1 ( 8): 0  0
2023-07-09 17:50:02,175 - root - INFO -     2 (10): 0  0
2023-07-09 17:50:02,175 - root - INFO -     3 (18): 0  0
2023-07-09 17:50:02,175 - root - INFO - 3 (1A): 6 bytes
2023-07-09 17:50:02,175 - root - INFO -     1 ( 8): 18 12
2023-07-09 17:50:02,175 - root - INFO -     2 (10): 17 11
2023-07-09 17:50:02,175 - root - INFO -     3 (18): 1  1
2023-07-09 17:50:02,175 - root - INFO - 4 (22): 6 bytes
2023-07-09 17:50:02,176 - root - INFO -     1 ( 8): 18 12
2023-07-09 17:50:02,176 - root - INFO -     2 (10): 17 11
2023-07-09 17:50:02,176 - root - INFO -     3 (18): 1  1
2023-07-09 17:50:02,176 - root - INFO - 5 (2A): 6 bytes
2023-07-09 17:50:02,176 - root - INFO -     1 ( 8): 18 12
2023-07-09 17:50:02,176 - root - INFO -     2 (10): 17 11
2023-07-09 17:50:02,176 - root - INFO -     3 (18): 1  1
2023-07-09 17:50:02,177 - root - INFO - Reading descriptor for parameter 4
2023-07-09 17:50:02,177 - root - INFO - Descriptor offset: 51, Descriptor length: 50
2023-07-09 17:50:02,177 - root - INFO - Parsing descriptor for parameter 4...
2023-07-09 17:50:02,177 - root - INFO - 4 (22): 22 bytes
2023-07-09 17:50:02,177 - root - INFO -     1 ( A): 18 bytes
2023-07-09 17:50:02,177 - root - INFO -         1 ( 8): 28 1C
2023-07-09 17:50:02,178 - root - INFO -         2 (10): 34 22
2023-07-09 17:50:02,178 - root - INFO -         3 (18): 56 38
2023-07-09 17:50:02,178 - root - INFO -         4 (20): 47 2F
2023-07-09 17:50:02,178 - root - INFO -         5 (28): 8  8
2023-07-09 17:50:02,178 - root - INFO -         6 (30): 0  0
2023-07-09 17:50:02,178 - root - INFO -         7 (38): 0  0
2023-07-09 17:50:02,178 - root - INFO -         8 (40): 9  9
2023-07-09 17:50:02,179 - root - INFO -         9 (48): 10  A
2023-07-09 17:50:02,179 - root - INFO -     3 (18): 19 13
2023-07-09 17:50:02,179 - root - INFO - 6 (32): 22 bytes
2023-07-09 17:50:02,179 - root - INFO -     1 ( A): 20 bytes
2023-07-09 17:50:02,179 - root - INFO -         1 ( 8): 250 FA
2023-07-09 17:50:02,179 - root - INFO -         2 (10): 34 22
2023-07-09 17:50:02,179 - root - INFO -         3 (18): 278 116
2023-07-09 17:50:02,180 - root - INFO -         4 (20): 47 2F
2023-07-09 17:50:02,180 - root - INFO -         5 (28): 8  8
2023-07-09 17:50:02,180 - root - INFO -         6 (30): 0  0
2023-07-09 17:50:02,180 - root - INFO -         7 (38): 0  0
2023-07-09 17:50:02,180 - root - INFO -         8 (40): 9  9
2023-07-09 17:50:02,180 - root - INFO -         9 (48): 10  A
2023-07-09 17:50:02,180 - root - INFO - 7 (38): 0  0
2023-07-09 17:50:02,181 - root - INFO - Reading descriptor for parameter 5
2023-07-09 17:50:02,181 - root - INFO - Descriptor offset: 32, Descriptor length: 19
2023-07-09 17:50:02,181 - root - INFO - Parsing descriptor for parameter 5...
2023-07-09 17:50:02,181 - root - INFO - 1 ( A): 6 bytes
2023-07-09 17:50:02,181 - root - INFO -     4 (20): 1  1
2023-07-09 17:50:02,182 - root - INFO -     5 (28): 1  1
2023-07-09 17:50:02,182 - root - INFO -     6 (30): 0  0
2023-07-09 17:50:02,182 - root - INFO - 4 (22): 9 bytes
2023-07-09 17:50:02,182 - root - INFO -     1 ( 8): 118 76
2023-07-09 17:50:02,182 - root - INFO -     2 (10): 254 FE
2023-07-09 17:50:02,182 - root - INFO -     3 (18): 2  2
2023-07-09 17:50:02,182 - root - INFO -     4 (20): 7  7
2023-07-09 17:50:02,183 - root - INFO - Reading descriptor for parameter 6
2023-07-09 17:50:02,183 - root - INFO - Descriptor offset: 101, Descriptor length: 52
2023-07-09 17:50:02,183 - root - INFO - Parsing descriptor for parameter 6...
2023-07-09 17:50:02,183 - root - INFO - 4 (22): 24 bytes
2023-07-09 17:50:02,184 - root - INFO -     1 ( A): 20 bytes
2023-07-09 17:50:02,184 - root - INFO -         1 ( 8): 33 21
2023-07-09 17:50:02,184 - root - INFO -         2 (10): 300 12C
2023-07-09 17:50:02,184 - root - INFO -         3 (18): 59 3B
2023-07-09 17:50:02,184 - root - INFO -         4 (20): 313 139
2023-07-09 17:50:02,184 - root - INFO -         5 (28): 8  8
2023-07-09 17:50:02,185 - root - INFO -         6 (30): 0  0
2023-07-09 17:50:02,185 - root - INFO -         7 (38): 0  0
2023-07-09 17:50:02,185 - root - INFO -         8 (40): 9  9
2023-07-09 17:50:02,185 - root - INFO -         9 (48): 10  A
2023-07-09 17:50:02,185 - root - INFO -     2 (10): 20 14
2023-07-09 17:50:02,186 - root - INFO - 6 (32): 24 bytes
2023-07-09 17:50:02,186 - root - INFO -     1 ( A): 22 bytes
2023-07-09 17:50:02,186 - root - INFO -         1 ( 8): 250 FA
2023-07-09 17:50:02,186 - root - INFO -         2 (10): 300 12C
2023-07-09 17:50:02,186 - root - INFO -         3 (18): 278 116
2023-07-09 17:50:02,186 - root - INFO -         4 (20): 313 139
2023-07-09 17:50:02,187 - root - INFO -         5 (28): 8  8
2023-07-09 17:50:02,187 - root - INFO -         6 (30): 0  0
2023-07-09 17:50:02,187 - root - INFO -         7 (38): 0  0
2023-07-09 17:50:02,187 - root - INFO -         8 (40): 9  9
2023-07-09 17:50:02,187 - root - INFO -         9 (48): 10  A
2023-07-09 17:50:02,188 - root - INFO - Reading descriptor for parameter 12
2023-07-09 17:50:02,188 - root - INFO - Descriptor offset: 153, Descriptor length: 18
2023-07-09 17:50:02,188 - root - INFO - Parsing descriptor for parameter 12...
2023-07-09 17:50:02,188 - root - INFO - 2 (12): 8 bytes
2023-07-09 17:50:02,188 - root - INFO -     1 ( 8): 15  F
2023-07-09 17:50:02,189 - root - INFO -     2 (10): 16 10
2023-07-09 17:50:02,189 - root - INFO -     3 (18): 21 15
2023-07-09 17:50:02,189 - root - INFO -     4 (20): 6  6
2023-07-09 17:50:02,189 - root - INFO - 7 (3A): 6 bytes
2023-07-09 17:50:02,189 - root - INFO -     1 ( 8): 15  F
2023-07-09 17:50:02,189 - root - INFO -     2 (10): 16 10
2023-07-09 17:50:02,189 - root - INFO -     3 (18): 27 1B
2023-07-09 17:50:02,190 - root - INFO - Reading descriptor for parameter 17
2023-07-09 17:50:02,190 - root - INFO - Descriptor offset: 171, Descriptor length: 20
2023-07-09 17:50:02,191 - root - INFO - Parsing descriptor for parameter 17...
2023-07-09 17:50:02,191 - root - INFO - 2 (12): 9 bytes
2023-07-09 17:50:02,191 - root - INFO -     1 ( 8): 15  F
2023-07-09 17:50:02,191 - root - INFO -     2 (10): 282 11A
2023-07-09 17:50:02,191 - root - INFO -     3 (18): 21 15
2023-07-09 17:50:02,191 - root - INFO -     4 (20): 6  6
2023-07-09 17:50:02,191 - root - INFO - 8 (42): 7 bytes
2023-07-09 17:50:02,191 - root - INFO -     1 ( 8): 15  F
2023-07-09 17:50:02,192 - root - INFO -     2 (10): 282 11A
2023-07-09 17:50:02,192 - root - INFO -     3 (18): 27 1B
2023-07-09 17:50:02,192 - root - INFO - Reading descriptor for parameter 20
2023-07-09 17:50:02,192 - root - INFO - Descriptor offset: 191, Descriptor length: 46
2023-07-09 17:50:02,193 - root - INFO - Parsing descriptor for parameter 20...
2023-07-09 17:50:02,193 - root - INFO - 2 (12): 6 bytes
2023-07-09 17:50:02,193 - root - INFO -     1 ( 8): 153 99
2023-07-09 17:50:02,193 - root - INFO -     2 (10): 177 B1
2023-07-09 17:50:02,193 - root - INFO - 3 (1A): 4 bytes
2023-07-09 17:50:02,193 - root - INFO -     1 ( 8): 28 1C
2023-07-09 17:50:02,193 - root - INFO -     2 (10): 67 43
2023-07-09 17:50:02,194 - root - INFO - 4 (22): 14 bytes
2023-07-09 17:50:02,194 - root - INFO -     1 ( 8): 29 1D
2023-07-09 17:50:02,195 - root - INFO -     2 (10): 120 78
2023-07-09 17:50:02,195 - root - INFO -     4 (22): 8 bytes
2023-07-09 17:50:02,195 - root - INFO -         1 ( 8): 140 8C
2023-07-09 17:50:02,195 - root - INFO -         2 (10): 164 A4
2023-07-09 17:50:02,195 - root - INFO -         3 (18): 32 20
2023-07-09 17:50:02,195 - root - INFO - 5 (2A): 14 bytes
2023-07-09 17:50:02,195 - root - INFO -     1 ( 8): 30 1E
2023-07-09 17:50:02,195 - root - INFO -     2 (10): 124 7C
2023-07-09 17:50:02,196 - root - INFO -     4 (22): 8 bytes
2023-07-09 17:50:02,196 - root - INFO -         1 ( 8): 146 92
2023-07-09 17:50:02,196 - root - INFO -         2 (10): 170 AA
2023-07-09 17:50:02,196 - root - INFO -         3 (18): 31 1F
2023-07-09 17:50:02,197 - root - INFO - Reading descriptor for parameter 23
2023-07-09 17:50:02,197 - root - INFO - Descriptor offset: 237, Descriptor length: 20
2023-07-09 17:50:02,197 - root - INFO - Parsing descriptor for parameter 23...
2023-07-09 17:50:02,197 - root - INFO - 2 (12): 9 bytes
2023-07-09 17:50:02,197 - root - INFO -     1 ( 8): 237 ED
2023-07-09 17:50:02,197 - root - INFO -     2 (10): 16 10
2023-07-09 17:50:02,197 - root - INFO -     3 (18): 21 15
2023-07-09 17:50:02,198 - root - INFO -     4 (20): 6  6
2023-07-09 17:50:02,198 - root - INFO - 6 (32): 7 bytes
2023-07-09 17:50:02,198 - root - INFO -     1 ( 8): 237 ED
2023-07-09 17:50:02,198 - root - INFO -     2 (10): 16 10
2023-07-09 17:50:02,198 - root - INFO -     3 (18): 27 1B
2023-07-09 17:50:02,199 - root - INFO - Reading descriptor for parameter 26
2023-07-09 17:50:02,199 - root - INFO - Descriptor offset: 257, Descriptor length: 22
2023-07-09 17:50:02,199 - root - INFO - Parsing descriptor for parameter 26...
2023-07-09 17:50:02,199 - root - INFO - 1 ( A): 10 bytes
2023-07-09 17:50:02,199 - root - INFO -     1 ( 8): 237 ED
2023-07-09 17:50:02,199 - root - INFO -     2 (10): 282 11A
2023-07-09 17:50:02,199 - root - INFO -     3 (18): 21 15
2023-07-09 17:50:02,200 - root - INFO -     4 (20): 6  6
2023-07-09 17:50:02,200 - root - INFO - 5 (2A): 8 bytes
2023-07-09 17:50:02,200 - root - INFO -     1 ( 8): 237 ED
2023-07-09 17:50:02,200 - root - INFO -     2 (10): 282 11A
2023-07-09 17:50:02,200 - root - INFO -     3 (18): 27 1B
2023-07-09 17:50:02,201 - root - INFO - Reading descriptor for parameter 29
2023-07-09 17:50:02,201 - root - INFO - Descriptor offset: 279, Descriptor length: 34
2023-07-09 17:50:02,201 - root - INFO - Parsing descriptor for parameter 29...
2023-07-09 17:50:02,201 - root - INFO - 1 ( A): 32 bytes
2023-07-09 17:50:02,201 - root - INFO -     3 (1A): 30 bytes
2023-07-09 17:50:02,201 - root - INFO -         1 ( A): 6 bytes
2023-07-09 17:50:02,201 - root - INFO -             1 ( 8): 153 99
2023-07-09 17:50:02,202 - root - INFO -             2 (10): 177 B1
2023-07-09 17:50:02,202 - root - INFO -         2 (12): 4 bytes
2023-07-09 17:50:02,202 - root - INFO -             1 ( 8): 28 1C
2023-07-09 17:50:02,202 - root - INFO -             2 (10): 64 40
2023-07-09 17:50:02,202 - root - INFO -         3 (1A): 14 bytes
2023-07-09 17:50:02,202 - root - INFO -             1 ( 8): 29 1D
2023-07-09 17:50:02,202 - root - INFO -             2 (10): 109 6D
2023-07-09 17:50:02,203 - root - INFO -             4 (22): 8 bytes
2023-07-09 17:50:02,203 - root - INFO -                 1 ( 8): 140 8C
2023-07-09 17:50:02,203 - root - INFO -                 2 (10): 164 A4
2023-07-09 17:50:02,203 - root - INFO -                 3 (18): 33 21
2023-07-09 17:50:02,208 - root - INFO - Reading resources offsets table with 34 elements (136 bytes)
2023-07-09 17:50:02,209 - root - INFO - Resource 0 offset: 614, length: 216664...
2023-07-09 17:50:02,209 - root - DEBUG - Reading resource 0...
2023-07-09 17:50:02,266 - root - INFO - The image is bmc.
2023-07-09 17:50:02,266 - root - INFO - Reading image header(readHeader16C)...
2023-07-09 17:50:02,267 - root - INFO - Image header was read:
2023-07-09 17:50:02,267 - root - INFO - Width: 306, Height: 354, RowLength: 612
2023-07-09 17:50:02,267 - root - INFO - _step: 2, unknown2: 0,
2023-07-09 17:50:02,267 - root - INFO - BPP: 16, Transparency: False
2023-07-09 17:50:02,955 - root - INFO - Resource 1 offset: 217278, length: 101656...
2023-07-09 17:50:02,955 - root - DEBUG - Reading resource 1...
2023-07-09 17:50:02,955 - root - INFO - The image is bmc.
2023-07-09 17:50:02,955 - root - INFO - Reading image header(readHeader16C)...
2023-07-09 17:50:02,956 - root - INFO - Image header was read:
2023-07-09 17:50:02,956 - root - INFO - Width: 210, Height: 242, RowLength: 420
2023-07-09 17:50:02,956 - root - INFO - _step: 2, unknown2: 0,
2023-07-09 17:50:02,956 - root - INFO - BPP: 16, Transparency: False
2023-07-09 17:50:03,429 - root - INFO - Resource 2 offset: 318934, length: 830...
2023-07-09 17:50:03,429 - root - DEBUG - Reading resource 2...
2023-07-09 17:50:03,429 - root - INFO - The image is bme.
2023-07-09 17:50:03,429 - root - INFO - Reading image header(readHeader16E)...
2023-07-09 17:50:03,430 - root - INFO - Image header was read:
2023-07-09 17:50:03,430 - root - INFO - Width: 70, Height: 49, RowLength: 140
2023-07-09 17:50:03,430 - root - INFO - datalength: 814, _step: 2
2023-07-09 17:50:03,430 - root - INFO - BPP: 16, Transparency: False
2023-07-09 17:50:03,432 - root - INFO - Resource 3 offset: 319764, length: 920...
2023-07-09 17:50:03,433 - root - DEBUG - Reading resource 3...
2023-07-09 17:50:03,433 - root - INFO - The image is bme.
2023-07-09 17:50:03,433 - root - INFO - Reading image header(readHeader16E)...
2023-07-09 17:50:03,433 - root - INFO - Image header was read:
2023-07-09 17:50:03,433 - root - INFO - Width: 70, Height: 49, RowLength: 140
2023-07-09 17:50:03,433 - root - INFO - datalength: 904, _step: 2
2023-07-09 17:50:03,433 - root - INFO - BPP: 16, Transparency: False
2023-07-09 17:50:03,436 - root - INFO - Resource 4 offset: 320684, length: 992...
2023-07-09 17:50:03,436 - root - DEBUG - Reading resource 4...
2023-07-09 17:50:03,436 - root - INFO - The image is bme.
2023-07-09 17:50:03,436 - root - INFO - Reading image header(readHeader16E)...
2023-07-09 17:50:03,436 - root - INFO - Image header was read:
2023-07-09 17:50:03,436 - root - INFO - Width: 70, Height: 49, RowLength: 140
2023-07-09 17:50:03,437 - root - INFO - datalength: 976, _step: 2
2023-07-09 17:50:03,437 - root - INFO - BPP: 16, Transparency: False
2023-07-09 17:50:03,439 - root - INFO - Resource 5 offset: 321676, length: 998...
2023-07-09 17:50:03,439 - root - DEBUG - Reading resource 5...
2023-07-09 17:50:03,439 - root - INFO - The image is bme.
2023-07-09 17:50:03,439 - root - INFO - Reading image header(readHeader16E)...
2023-07-09 17:50:03,440 - root - INFO - Image header was read:
2023-07-09 17:50:03,440 - root - INFO - Width: 70, Height: 49, RowLength: 140
2023-07-09 17:50:03,440 - root - INFO - datalength: 982, _step: 2
2023-07-09 17:50:03,440 - root - INFO - BPP: 16, Transparency: False
2023-07-09 17:50:03,442 - root - INFO - Resource 6 offset: 322674, length: 992...
2023-07-09 17:50:03,442 - root - DEBUG - Reading resource 6...
2023-07-09 17:50:03,443 - root - INFO - The image is bme.
2023-07-09 17:50:03,443 - root - INFO - Reading image header(readHeader16E)...
2023-07-09 17:50:03,444 - root - INFO - Image header was read:
2023-07-09 17:50:03,444 - root - INFO - Width: 70, Height: 49, RowLength: 140
2023-07-09 17:50:03,444 - root - INFO - datalength: 976, _step: 2
2023-07-09 17:50:03,444 - root - INFO - BPP: 16, Transparency: False
2023-07-09 17:50:03,447 - root - INFO - Resource 7 offset: 323666, length: 932...
2023-07-09 17:50:03,447 - root - DEBUG - Reading resource 7...
2023-07-09 17:50:03,447 - root - INFO - The image is bme.
2023-07-09 17:50:03,447 - root - INFO - Reading image header(readHeader16E)...
2023-07-09 17:50:03,447 - root - INFO - Image header was read:
2023-07-09 17:50:03,447 - root - INFO - Width: 70, Height: 49, RowLength: 140
2023-07-09 17:50:03,448 - root - INFO - datalength: 916, _step: 2
2023-07-09 17:50:03,448 - root - INFO - BPP: 16, Transparency: False
2023-07-09 17:50:03,450 - root - INFO - Resource 8 offset: 324598, length: 860...
2023-07-09 17:50:03,450 - root - DEBUG - Reading resource 8...
2023-07-09 17:50:03,451 - root - INFO - The image is bme.
2023-07-09 17:50:03,451 - root - INFO - Reading image header(readHeader16E)...
2023-07-09 17:50:03,451 - root - INFO - Image header was read:
2023-07-09 17:50:03,451 - root - INFO - Width: 70, Height: 49, RowLength: 140
2023-07-09 17:50:03,451 - root - INFO - datalength: 844, _step: 2
2023-07-09 17:50:03,451 - root - INFO - BPP: 16, Transparency: False
2023-07-09 17:50:03,453 - root - INFO - Resource 9 offset: 325458, length: 328...
2023-07-09 17:50:03,454 - root - DEBUG - Reading resource 9...
2023-07-09 17:50:03,454 - root - INFO - The image is bmc.
2023-07-09 17:50:03,454 - root - INFO - Reading image header(readHeader16C)...
2023-07-09 17:50:03,454 - root - INFO - Image header was read:
2023-07-09 17:50:03,454 - root - INFO - Width: 8, Height: 13, RowLength: 24
2023-07-09 17:50:03,454 - root - INFO - _step: 3, unknown2: 0,
2023-07-09 17:50:03,454 - root - INFO - BPP: 24, Transparency: False
2023-07-09 17:50:03,455 - root - INFO - Resource 10 offset: 325786, length: 328...
2023-07-09 17:50:03,455 - root - DEBUG - Reading resource 10...
2023-07-09 17:50:03,455 - root - INFO - The image is bmc.
2023-07-09 17:50:03,455 - root - INFO - Reading image header(readHeader16C)...
2023-07-09 17:50:03,456 - root - INFO - Image header was read:
2023-07-09 17:50:03,456 - root - INFO - Width: 8, Height: 13, RowLength: 24
2023-07-09 17:50:03,456 - root - INFO - _step: 3, unknown2: 0,
2023-07-09 17:50:03,456 - root - INFO - BPP: 24, Transparency: False
2023-07-09 17:50:03,457 - root - INFO - Resource 11 offset: 326114, length: 328...
2023-07-09 17:50:03,457 - root - DEBUG - Reading resource 11...
2023-07-09 17:50:03,457 - root - INFO - The image is bmc.
2023-07-09 17:50:03,457 - root - INFO - Reading image header(readHeader16C)...
2023-07-09 17:50:03,457 - root - INFO - Image header was read:
2023-07-09 17:50:03,457 - root - INFO - Width: 8, Height: 13, RowLength: 24
2023-07-09 17:50:03,457 - root - INFO - _step: 3, unknown2: 0,
2023-07-09 17:50:03,458 - root - INFO - BPP: 24, Transparency: False
2023-07-09 17:50:03,458 - root - INFO - Resource 12 offset: 326442, length: 328...
2023-07-09 17:50:03,459 - root - DEBUG - Reading resource 12...
2023-07-09 17:50:03,459 - root - INFO - The image is bmc.
2023-07-09 17:50:03,459 - root - INFO - Reading image header(readHeader16C)...
2023-07-09 17:50:03,459 - root - INFO - Image header was read:
2023-07-09 17:50:03,459 - root - INFO - Width: 8, Height: 13, RowLength: 24
2023-07-09 17:50:03,459 - root - INFO - _step: 3, unknown2: 0,
2023-07-09 17:50:03,459 - root - INFO - BPP: 24, Transparency: False
2023-07-09 17:50:03,460 - root - INFO - Resource 13 offset: 326770, length: 328...
2023-07-09 17:50:03,460 - root - DEBUG - Reading resource 13...
2023-07-09 17:50:03,460 - root - INFO - The image is bmc.
2023-07-09 17:50:03,460 - root - INFO - Reading image header(readHeader16C)...
2023-07-09 17:50:03,461 - root - INFO - Image header was read:
2023-07-09 17:50:03,461 - root - INFO - Width: 8, Height: 13, RowLength: 24
2023-07-09 17:50:03,461 - root - INFO - _step: 3, unknown2: 0,
2023-07-09 17:50:03,461 - root - INFO - BPP: 24, Transparency: False
2023-07-09 17:50:03,462 - root - INFO - Resource 14 offset: 327098, length: 328...
2023-07-09 17:50:03,462 - root - DEBUG - Reading resource 14...
2023-07-09 17:50:03,462 - root - INFO - The image is bmc.
2023-07-09 17:50:03,462 - root - INFO - Reading image header(readHeader16C)...
2023-07-09 17:50:03,463 - root - INFO - Image header was read:
2023-07-09 17:50:03,463 - root - INFO - Width: 8, Height: 13, RowLength: 24
2023-07-09 17:50:03,463 - root - INFO - _step: 3, unknown2: 0,
2023-07-09 17:50:03,463 - root - INFO - BPP: 24, Transparency: False
2023-07-09 17:50:03,464 - root - INFO - Resource 15 offset: 327426, length: 328...
2023-07-09 17:50:03,464 - root - DEBUG - Reading resource 15...
2023-07-09 17:50:03,465 - root - INFO - The image is bmc.
2023-07-09 17:50:03,465 - root - INFO - Reading image header(readHeader16C)...
2023-07-09 17:50:03,465 - root - INFO - Image header was read:
2023-07-09 17:50:03,465 - root - INFO - Width: 8, Height: 13, RowLength: 24
2023-07-09 17:50:03,465 - root - INFO - _step: 3, unknown2: 0,
2023-07-09 17:50:03,465 - root - INFO - BPP: 24, Transparency: False
2023-07-09 17:50:03,466 - root - INFO - Resource 16 offset: 327754, length: 328...
2023-07-09 17:50:03,466 - root - DEBUG - Reading resource 16...
2023-07-09 17:50:03,467 - root - INFO - The image is bmc.
2023-07-09 17:50:03,467 - root - INFO - Reading image header(readHeader16C)...
2023-07-09 17:50:03,467 - root - INFO - Image header was read:
2023-07-09 17:50:03,467 - root - INFO - Width: 8, Height: 13, RowLength: 24
2023-07-09 17:50:03,467 - root - INFO - _step: 3, unknown2: 0,
2023-07-09 17:50:03,467 - root - INFO - BPP: 24, Transparency: False
2023-07-09 17:50:03,468 - root - INFO - Resource 17 offset: 328082, length: 328...
2023-07-09 17:50:03,468 - root - DEBUG - Reading resource 17...
2023-07-09 17:50:03,468 - root - INFO - The image is bmc.
2023-07-09 17:50:03,468 - root - INFO - Reading image header(readHeader16C)...
2023-07-09 17:50:03,468 - root - INFO - Image header was read:
2023-07-09 17:50:03,469 - root - INFO - Width: 8, Height: 13, RowLength: 24
2023-07-09 17:50:03,469 - root - INFO - _step: 3, unknown2: 0,
2023-07-09 17:50:03,469 - root - INFO - BPP: 24, Transparency: False
2023-07-09 17:50:03,470 - root - INFO - Resource 18 offset: 328410, length: 328...
2023-07-09 17:50:03,470 - root - DEBUG - Reading resource 18...
2023-07-09 17:50:03,470 - root - INFO - The image is bmc.
2023-07-09 17:50:03,470 - root - INFO - Reading image header(readHeader16C)...
2023-07-09 17:50:03,470 - root - INFO - Image header was read:
2023-07-09 17:50:03,470 - root - INFO - Width: 8, Height: 13, RowLength: 24
2023-07-09 17:50:03,470 - root - INFO - _step: 3, unknown2: 0,
2023-07-09 17:50:03,470 - root - INFO - BPP: 24, Transparency: False
2023-07-09 17:50:03,471 - root - INFO - Resource 19 offset: 328738, length: 152...
2023-07-09 17:50:03,471 - root - DEBUG - Reading resource 19...
2023-07-09 17:50:03,471 - root - INFO - The image is bme.
2023-07-09 17:50:03,472 - root - INFO - Reading image header(readHeader16E)...
2023-07-09 17:50:03,472 - root - INFO - Image header was read:
2023-07-09 17:50:03,472 - root - INFO - Width: 14, Height: 13, RowLength: 28
2023-07-09 17:50:03,472 - root - INFO - datalength: 136, _step: 2
2023-07-09 17:50:03,472 - root - INFO - BPP: 16, Transparency: False
2023-07-09 17:50:03,473 - root - INFO - Resource 20 offset: 328890, length: 126...
2023-07-09 17:50:03,473 - root - DEBUG - Reading resource 20...
2023-07-09 17:50:03,473 - root - INFO - The image is bme.
2023-07-09 17:50:03,473 - root - INFO - Reading image header(readHeader16E)...
2023-07-09 17:50:03,473 - root - INFO - Image header was read:
2023-07-09 17:50:03,473 - root - INFO - Width: 6, Height: 13, RowLength: 12
2023-07-09 17:50:03,473 - root - INFO - datalength: 110, _step: 2
2023-07-09 17:50:03,474 - root - INFO - BPP: 16, Transparency: False
2023-07-09 17:50:03,474 - root - INFO - Resource 21 offset: 329016, length: 1862...
2023-07-09 17:50:03,474 - root - DEBUG - Reading resource 21...
2023-07-09 17:50:03,474 - root - INFO - The image is bme.
2023-07-09 17:50:03,474 - root - INFO - Reading image header(readHeader16E)...
2023-07-09 17:50:03,475 - root - INFO - Image header was read:
2023-07-09 17:50:03,475 - root - INFO - Width: 54, Height: 54, RowLength: 108
2023-07-09 17:50:03,475 - root - INFO - datalength: 1846, _step: 2
2023-07-09 17:50:03,475 - root - INFO - BPP: 16, Transparency: False
2023-07-09 17:50:03,480 - root - INFO - Resource 22 offset: 330878, length: 1874...
2023-07-09 17:50:03,480 - root - DEBUG - Reading resource 22...
2023-07-09 17:50:03,480 - root - INFO - The image is bme.
2023-07-09 17:50:03,480 - root - INFO - Reading image header(readHeader16E)...
2023-07-09 17:50:03,481 - root - INFO - Image header was read:
2023-07-09 17:50:03,481 - root - INFO - Width: 54, Height: 54, RowLength: 108
2023-07-09 17:50:03,481 - root - INFO - datalength: 1858, _step: 2
2023-07-09 17:50:03,481 - root - INFO - BPP: 16, Transparency: False
2023-07-09 17:50:03,486 - root - INFO - Resource 23 offset: 332752, length: 1884...
2023-07-09 17:50:03,486 - root - DEBUG - Reading resource 23...
2023-07-09 17:50:03,486 - root - INFO - The image is bme.
2023-07-09 17:50:03,486 - root - INFO - Reading image header(readHeader16E)...
2023-07-09 17:50:03,486 - root - INFO - Image header was read:
2023-07-09 17:50:03,486 - root - INFO - Width: 54, Height: 54, RowLength: 108
2023-07-09 17:50:03,487 - root - INFO - datalength: 1868, _step: 2
2023-07-09 17:50:03,487 - root - INFO - BPP: 16, Transparency: False
2023-07-09 17:50:03,492 - root - INFO - Resource 24 offset: 334636, length: 1896...
2023-07-09 17:50:03,492 - root - DEBUG - Reading resource 24...
2023-07-09 17:50:03,492 - root - INFO - The image is bme.
2023-07-09 17:50:03,492 - root - INFO - Reading image header(readHeader16E)...
2023-07-09 17:50:03,492 - root - INFO - Image header was read:
2023-07-09 17:50:03,492 - root - INFO - Width: 54, Height: 54, RowLength: 108
2023-07-09 17:50:03,492 - root - INFO - datalength: 1880, _step: 2
2023-07-09 17:50:03,492 - root - INFO - BPP: 16, Transparency: False
2023-07-09 17:50:03,497 - root - INFO - Resource 25 offset: 336532, length: 1906...
2023-07-09 17:50:03,497 - root - DEBUG - Reading resource 25...
2023-07-09 17:50:03,498 - root - INFO - The image is bme.
2023-07-09 17:50:03,498 - root - INFO - Reading image header(readHeader16E)...
2023-07-09 17:50:03,498 - root - INFO - Image header was read:
2023-07-09 17:50:03,499 - root - INFO - Width: 54, Height: 54, RowLength: 108
2023-07-09 17:50:03,499 - root - INFO - datalength: 1890, _step: 2
2023-07-09 17:50:03,499 - root - INFO - BPP: 16, Transparency: False
2023-07-09 17:50:03,504 - root - INFO - Resource 26 offset: 338438, length: 1924...
2023-07-09 17:50:03,504 - root - DEBUG - Reading resource 26...
2023-07-09 17:50:03,504 - root - INFO - The image is bme.
2023-07-09 17:50:03,504 - root - INFO - Reading image header(readHeader16E)...
2023-07-09 17:50:03,504 - root - INFO - Image header was read:
2023-07-09 17:50:03,504 - root - INFO - Width: 54, Height: 54, RowLength: 108
2023-07-09 17:50:03,505 - root - INFO - datalength: 1908, _step: 2
2023-07-09 17:50:03,505 - root - INFO - BPP: 16, Transparency: False
2023-07-09 17:50:03,510 - root - INFO - Resource 27 offset: 340362, length: 1844...
2023-07-09 17:50:03,510 - root - DEBUG - Reading resource 27...
2023-07-09 17:50:03,510 - root - INFO - The image is bme.
2023-07-09 17:50:03,510 - root - INFO - Reading image header(readHeader16E)...
2023-07-09 17:50:03,510 - root - INFO - Image header was read:
2023-07-09 17:50:03,511 - root - INFO - Width: 54, Height: 54, RowLength: 108
2023-07-09 17:50:03,511 - root - INFO - datalength: 1828, _step: 2
2023-07-09 17:50:03,511 - root - INFO - BPP: 16, Transparency: False
2023-07-09 17:50:03,516 - root - INFO - Resource 28 offset: 342206, length: 4276...
2023-07-09 17:50:03,516 - root - DEBUG - Reading resource 28...
2023-07-09 17:50:03,516 - root - INFO - The image is bmc.
2023-07-09 17:50:03,516 - root - INFO - Reading image header(readHeader16C)...
2023-07-09 17:50:03,516 - root - INFO - Image header was read:
2023-07-09 17:50:03,516 - root - INFO - Width: 20, Height: 71, RowLength: 60
2023-07-09 17:50:03,516 - root - INFO - _step: 3, unknown2: 0,
2023-07-09 17:50:03,518 - root - INFO - BPP: 24, Transparency: False
2023-07-09 17:50:03,526 - root - INFO - Resource 29 offset: 346482, length: 7456...
2023-07-09 17:50:03,526 - root - DEBUG - Reading resource 29...
2023-07-09 17:50:03,526 - root - INFO - The image is bmc.
2023-07-09 17:50:03,527 - root - INFO - Reading image header(readHeader16C)...
2023-07-09 17:50:03,527 - root - INFO - Image header was read:
2023-07-09 17:50:03,527 - root - INFO - Width: 20, Height: 124, RowLength: 60
2023-07-09 17:50:03,527 - root - INFO - _step: 3, unknown2: 0,
2023-07-09 17:50:03,527 - root - INFO - BPP: 24, Transparency: False
2023-07-09 17:50:03,544 - root - INFO - Resource 30 offset: 353938, length: 12241...
2023-07-09 17:50:03,544 - root - DEBUG - Reading resource 30...
2023-07-09 17:50:03,544 - root - INFO - The image is bmc.
2023-07-09 17:50:03,545 - root - INFO - Reading image header(readHeader16C)...
2023-07-09 17:50:03,545 - root - INFO - Image header was read:
2023-07-09 17:50:03,545 - root - INFO - Width: 25, Height: 163, RowLength: 75
2023-07-09 17:50:03,545 - root - INFO - _step: 3, unknown2: 0,
2023-07-09 17:50:03,545 - root - INFO - BPP: 24, Transparency: False
2023-07-09 17:50:03,572 - root - INFO - Resource 31 offset: 366179, length: 604...
2023-07-09 17:50:03,572 - root - DEBUG - Reading resource 31...
2023-07-09 17:50:03,572 - root - INFO - The image is bmc.
2023-07-09 17:50:03,572 - root - INFO - Reading image header(readHeader16C)...
2023-07-09 17:50:03,572 - root - INFO - Image header was read:
2023-07-09 17:50:03,573 - root - INFO - Width: 14, Height: 14, RowLength: 42
2023-07-09 17:50:03,573 - root - INFO - _step: 3, unknown2: 0,
2023-07-09 17:50:03,573 - root - INFO - BPP: 24, Transparency: False
2023-07-09 17:50:03,574 - root - INFO - Resource 32 offset: 366783, length: 2044...
2023-07-09 17:50:03,574 - root - DEBUG - Reading resource 32...
2023-07-09 17:50:03,575 - root - INFO - The image is bmc.
2023-07-09 17:50:03,575 - root - INFO - Reading image header(readHeader16C)...
2023-07-09 17:50:03,575 - root - INFO - Image header was read:
2023-07-09 17:50:03,575 - root - INFO - Width: 26, Height: 26, RowLength: 78
2023-07-09 17:50:03,575 - root - INFO - _step: 3, unknown2: 0,
2023-07-09 17:50:03,575 - root - INFO - BPP: 24, Transparency: False
2023-07-09 17:50:03,580 - root - INFO - Resource 33 offset: 368827, length: 2044...
2023-07-09 17:50:03,580 - root - DEBUG - Reading resource 33...
2023-07-09 17:50:03,580 - root - INFO - The image is bmc.
2023-07-09 17:50:03,580 - root - INFO - Reading image header(readHeader16C)...
2023-07-09 17:50:03,580 - root - INFO - Image header was read:
2023-07-09 17:50:03,580 - root - INFO - Width: 26, Height: 26, RowLength: 78
2023-07-09 17:50:03,580 - root - INFO - _step: 3, unknown2: 0,
2023-07-09 17:50:03,580 - root - INFO - BPP: 24, Transparency: False
2023-07-09 17:50:03,585 - root - DEBUG - Parsing parameters...
2023-07-09 17:50:03,742 - root - DEBUG - 0 Value: None
2023-07-09 17:50:03,742 - root - DEBUG - 0.1 Value: 73
2023-07-09 17:50:03,742 - root - DEBUG - 2 Value: None
2023-07-09 17:50:03,742 - root - DEBUG - 2.1 Value: None
2023-07-09 17:50:03,742 - root - DEBUG - 2.1.1 Value: 0
2023-07-09 17:50:03,742 - root - DEBUG - 2.1.2 Value: 0
2023-07-09 17:50:03,742 - root - DEBUG - 2.1.3 Value: 0
2023-07-09 17:50:03,743 - root - DEBUG - 2.3 Value: None
2023-07-09 17:50:03,743 - root - DEBUG - 2.3.1 Value: 18
2023-07-09 17:50:03,743 - root - DEBUG - 2.3.2 Value: 17
2023-07-09 17:50:03,743 - root - DEBUG - 2.3.3 Value: 1
2023-07-09 17:50:03,743 - root - DEBUG - 2.4 Value: None
2023-07-09 17:50:03,743 - root - DEBUG - 2.4.1 Value: 18
2023-07-09 17:50:03,743 - root - DEBUG - 2.4.2 Value: 17
2023-07-09 17:50:03,743 - root - DEBUG - 2.4.3 Value: 1
2023-07-09 17:50:03,744 - root - DEBUG - 2.5 Value: None
2023-07-09 17:50:03,744 - root - DEBUG - 2.5.1 Value: 18
2023-07-09 17:50:03,744 - root - DEBUG - 2.5.2 Value: 17
2023-07-09 17:50:03,744 - root - DEBUG - 2.5.3 Value: 1
2023-07-09 17:50:03,744 - root - DEBUG - 4 Value: None
2023-07-09 17:50:03,744 - root - DEBUG - 4.4 Value: None
2023-07-09 17:50:03,744 - root - DEBUG - 4.4.1 Value: None
2023-07-09 17:50:03,744 - root - DEBUG - 4.4.1.1 Value: 28
2023-07-09 17:50:03,745 - root - DEBUG - 4.4.1.2 Value: 34
2023-07-09 17:50:03,745 - root - DEBUG - 4.4.1.3 Value: 56
2023-07-09 17:50:03,745 - root - DEBUG - 4.4.1.4 Value: 47
2023-07-09 17:50:03,745 - root - DEBUG - 4.4.1.5 Value: 8
2023-07-09 17:50:03,745 - root - DEBUG - 4.4.1.6 Value: 0
2023-07-09 17:50:03,745 - root - DEBUG - 4.4.1.7 Value: 0
2023-07-09 17:50:03,745 - root - DEBUG - 4.4.1.8 Value: 9
2023-07-09 17:50:03,745 - root - DEBUG - 4.4.1.9 Value: 10
2023-07-09 17:50:03,746 - root - DEBUG - 4.4.3 Value: 19
2023-07-09 17:50:03,746 - root - DEBUG - 4.6 Value: None
2023-07-09 17:50:03,746 - root - DEBUG - 4.6.1 Value: None
2023-07-09 17:50:03,746 - root - DEBUG - 4.6.1.1 Value: 250
2023-07-09 17:50:03,746 - root - DEBUG - 4.6.1.2 Value: 34
2023-07-09 17:50:03,746 - root - DEBUG - 4.6.1.3 Value: 278
2023-07-09 17:50:03,746 - root - DEBUG - 4.6.1.4 Value: 47
2023-07-09 17:50:03,746 - root - DEBUG - 4.6.1.5 Value: 8
2023-07-09 17:50:03,747 - root - DEBUG - 4.6.1.6 Value: 0
2023-07-09 17:50:03,747 - root - DEBUG - 4.6.1.7 Value: 0
2023-07-09 17:50:03,747 - root - DEBUG - 4.6.1.8 Value: 9
2023-07-09 17:50:03,747 - root - DEBUG - 4.6.1.9 Value: 10
2023-07-09 17:50:03,747 - root - DEBUG - 4.7 Value: 0
2023-07-09 17:50:03,747 - root - DEBUG - 5 Value: None
2023-07-09 17:50:03,747 - root - DEBUG - 5.1 Value: None
2023-07-09 17:50:03,748 - root - DEBUG - 5.1.4 Value: 1
2023-07-09 17:50:03,749 - root - DEBUG - 5.1.5 Value: 1
2023-07-09 17:50:03,749 - root - DEBUG - 5.1.6 Value: 0
2023-07-09 17:50:03,749 - root - DEBUG - 5.4 Value: None
2023-07-09 17:50:03,750 - root - DEBUG - 5.4.1 Value: 118
2023-07-09 17:50:03,750 - root - DEBUG - 5.4.2 Value: 254
2023-07-09 17:50:03,751 - root - DEBUG - 5.4.3 Value: 2
2023-07-09 17:50:03,751 - root - DEBUG - 5.4.4 Value: 7
2023-07-09 17:50:03,751 - root - DEBUG - 6 Value: None
2023-07-09 17:50:03,751 - root - DEBUG - 6.4 Value: None
2023-07-09 17:50:03,751 - root - DEBUG - 6.4.1 Value: None
2023-07-09 17:50:03,752 - root - DEBUG - 6.4.1.1 Value: 33
2023-07-09 17:50:03,752 - root - DEBUG - 6.4.1.2 Value: 300
2023-07-09 17:50:03,752 - root - DEBUG - 6.4.1.3 Value: 59
2023-07-09 17:50:03,752 - root - DEBUG - 6.4.1.4 Value: 313
2023-07-09 17:50:03,752 - root - DEBUG - 6.4.1.5 Value: 8
2023-07-09 17:50:03,752 - root - DEBUG - 6.4.1.6 Value: 0
2023-07-09 17:50:03,752 - root - DEBUG - 6.4.1.7 Value: 0
2023-07-09 17:50:03,752 - root - DEBUG - 6.4.1.8 Value: 9
2023-07-09 17:50:03,753 - root - DEBUG - 6.4.1.9 Value: 10
2023-07-09 17:50:03,753 - root - DEBUG - 6.4.2 Value: 20
2023-07-09 17:50:03,753 - root - DEBUG - 6.6 Value: None
2023-07-09 17:50:03,753 - root - DEBUG - 6.6.1 Value: None
2023-07-09 17:50:03,753 - root - DEBUG - 6.6.1.1 Value: 250
2023-07-09 17:50:03,753 - root - DEBUG - 6.6.1.2 Value: 300
2023-07-09 17:50:03,754 - root - DEBUG - 6.6.1.3 Value: 278
2023-07-09 17:50:03,754 - root - DEBUG - 6.6.1.4 Value: 313
2023-07-09 17:50:03,754 - root - DEBUG - 6.6.1.5 Value: 8
2023-07-09 17:50:03,754 - root - DEBUG - 6.6.1.6 Value: 0
2023-07-09 17:50:03,754 - root - DEBUG - 6.6.1.7 Value: 0
2023-07-09 17:50:03,754 - root - DEBUG - 6.6.1.8 Value: 9
2023-07-09 17:50:03,754 - root - DEBUG - 6.6.1.9 Value: 10
2023-07-09 17:50:03,755 - root - DEBUG - 12 Value: None
2023-07-09 17:50:03,755 - root - DEBUG - 12.2 Value: None
2023-07-09 17:50:03,755 - root - DEBUG - 12.2.1 Value: 15
2023-07-09 17:50:03,755 - root - DEBUG - 12.2.2 Value: 16
2023-07-09 17:50:03,755 - root - DEBUG - 12.2.3 Value: 21
2023-07-09 17:50:03,755 - root - DEBUG - 12.2.4 Value: 6
2023-07-09 17:50:03,755 - root - DEBUG - 12.7 Value: None
2023-07-09 17:50:03,757 - root - DEBUG - 12.7.1 Value: 15
2023-07-09 17:50:03,757 - root - DEBUG - 12.7.2 Value: 16
2023-07-09 17:50:03,757 - root - DEBUG - 12.7.3 Value: 27
2023-07-09 17:50:03,757 - root - DEBUG - 17 Value: None
2023-07-09 17:50:03,757 - root - DEBUG - 17.2 Value: None
2023-07-09 17:50:03,757 - root - DEBUG - 17.2.1 Value: 15
2023-07-09 17:50:03,758 - root - DEBUG - 17.2.2 Value: 282
2023-07-09 17:50:03,758 - root - DEBUG - 17.2.3 Value: 21
2023-07-09 17:50:03,758 - root - DEBUG - 17.2.4 Value: 6
2023-07-09 17:50:03,758 - root - DEBUG - 17.8 Value: None
2023-07-09 17:50:03,758 - root - DEBUG - 17.8.1 Value: 15
2023-07-09 17:50:03,758 - root - DEBUG - 17.8.2 Value: 282
2023-07-09 17:50:03,758 - root - DEBUG - 17.8.3 Value: 27
2023-07-09 17:50:03,759 - root - DEBUG - 20 Value: None
2023-07-09 17:50:03,759 - root - DEBUG - 20.2 Value: None
2023-07-09 17:50:03,759 - root - DEBUG - 20.2.1 Value: 153
2023-07-09 17:50:03,759 - root - DEBUG - 20.2.2 Value: 177
2023-07-09 17:50:03,759 - root - DEBUG - 20.3 Value: None
2023-07-09 17:50:03,759 - root - DEBUG - 20.3.1 Value: 28
2023-07-09 17:50:03,759 - root - DEBUG - 20.3.2 Value: 67
2023-07-09 17:50:03,759 - root - DEBUG - 20.4 Value: None
2023-07-09 17:50:03,760 - root - DEBUG - 20.4.1 Value: 29
2023-07-09 17:50:03,760 - root - DEBUG - 20.4.2 Value: 120
2023-07-09 17:50:03,760 - root - DEBUG - 20.4.4 Value: None
2023-07-09 17:50:03,760 - root - DEBUG - 20.4.4.1 Value: 140
2023-07-09 17:50:03,760 - root - DEBUG - 20.4.4.2 Value: 164
2023-07-09 17:50:03,760 - root - DEBUG - 20.4.4.3 Value: 32
2023-07-09 17:50:03,760 - root - DEBUG - 20.5 Value: None
2023-07-09 17:50:03,760 - root - DEBUG - 20.5.1 Value: 30
2023-07-09 17:50:03,761 - root - DEBUG - 20.5.2 Value: 124
2023-07-09 17:50:03,761 - root - DEBUG - 20.5.4 Value: None
2023-07-09 17:50:03,761 - root - DEBUG - 20.5.4.1 Value: 146
2023-07-09 17:50:03,761 - root - DEBUG - 20.5.4.2 Value: 170
2023-07-09 17:50:03,761 - root - DEBUG - 20.5.4.3 Value: 31
2023-07-09 17:50:03,761 - root - DEBUG - 23 Value: None
2023-07-09 17:50:03,762 - root - DEBUG - 23.2 Value: None
2023-07-09 17:50:03,762 - root - DEBUG - 23.2.1 Value: 237
2023-07-09 17:50:03,762 - root - DEBUG - 23.2.2 Value: 16
2023-07-09 17:50:03,762 - root - DEBUG - 23.2.3 Value: 21
2023-07-09 17:50:03,762 - root - DEBUG - 23.2.4 Value: 6
2023-07-09 17:50:03,762 - root - DEBUG - 23.6 Value: None
2023-07-09 17:50:03,762 - root - DEBUG - 23.6.1 Value: 237
2023-07-09 17:50:03,763 - root - DEBUG - 23.6.2 Value: 16
2023-07-09 17:50:03,763 - root - DEBUG - 23.6.3 Value: 27
2023-07-09 17:50:03,763 - root - DEBUG - 26 Value: None
2023-07-09 17:50:03,763 - root - DEBUG - 26.1 Value: None
2023-07-09 17:50:03,763 - root - DEBUG - 26.1.1 Value: 237
2023-07-09 17:50:03,763 - root - DEBUG - 26.1.2 Value: 282
2023-07-09 17:50:03,763 - root - DEBUG - 26.1.3 Value: 21
2023-07-09 17:50:03,763 - root - DEBUG - 26.1.4 Value: 6
2023-07-09 17:50:03,764 - root - DEBUG - 26.5 Value: None
2023-07-09 17:50:03,764 - root - DEBUG - 26.5.1 Value: 237
2023-07-09 17:50:03,764 - root - DEBUG - 26.5.2 Value: 282
2023-07-09 17:50:03,764 - root - DEBUG - 26.5.3 Value: 27
2023-07-09 17:50:03,764 - root - DEBUG - 29 Value: None
2023-07-09 17:50:03,764 - root - DEBUG - 29.1 Value: None
2023-07-09 17:50:03,764 - root - DEBUG - 29.1.3 Value: None
2023-07-09 17:50:03,764 - root - DEBUG - 29.1.3.1 Value: None
2023-07-09 17:50:03,765 - root - DEBUG - 29.1.3.1.1 Value: 153
2023-07-09 17:50:03,765 - root - DEBUG - 29.1.3.1.2 Value: 177
2023-07-09 17:50:03,766 - root - DEBUG - 29.1.3.2 Value: None
2023-07-09 17:50:03,767 - root - DEBUG - 29.1.3.2.1 Value: 28
2023-07-09 17:50:03,768 - root - DEBUG - 29.1.3.2.2 Value: 64
2023-07-09 17:50:03,768 - root - DEBUG - 29.1.3.3 Value: None
2023-07-09 17:50:03,768 - root - DEBUG - 29.1.3.3.1 Value: 29
2023-07-09 17:50:03,768 - root - DEBUG - 29.1.3.3.2 Value: 109
2023-07-09 17:50:03,769 - root - DEBUG - 29.1.3.3.4 Value: None
2023-07-09 17:50:03,769 - root - DEBUG - 29.1.3.3.4.1 Value: 140
2023-07-09 17:50:03,769 - root - DEBUG - 29.1.3.3.4.2 Value: 164
2023-07-09 17:50:03,769 - root - DEBUG - 29.1.3.3.4.3 Value: 33
2023-07-09 17:50:03,769 - root - DEBUG - 0-Info
2023-07-09 17:50:03,769 - root - DEBUG - 0.1-DeviceId
2023-07-09 17:50:03,770 - root - DEBUG - 2-Background
2023-07-09 17:50:03,770 - root - DEBUG - 2.1-Image
2023-07-09 17:50:03,770 - root - DEBUG - 2.1.1-X
2023-07-09 17:50:03,770 - root - DEBUG - 2.1.2-Y
2023-07-09 17:50:03,770 - root - DEBUG - 2.1.3-ImageIndex
2023-07-09 17:50:03,771 - root - DEBUG - 2.3-Preview
2023-07-09 17:50:03,771 - root - DEBUG - 2.3.1-X
2023-07-09 17:50:03,771 - root - DEBUG - 2.3.2-Y
2023-07-09 17:50:03,771 - root - DEBUG - 2.3.3-ImageIndex
2023-07-09 17:50:03,771 - root - DEBUG - 2.4-PreviewTradChinese
2023-07-09 17:50:03,772 - root - DEBUG - 2.4.1-X
2023-07-09 17:50:03,772 - root - DEBUG - 2.4.2-Y
2023-07-09 17:50:03,773 - root - DEBUG - 2.4.3-ImageIndex
2023-07-09 17:50:03,773 - root - DEBUG - 2.5-PreviewChinese
2023-07-09 17:50:03,773 - root - DEBUG - 2.5.1-X
2023-07-09 17:50:03,773 - root - DEBUG - 2.5.2-Y
2023-07-09 17:50:03,773 - root - DEBUG - 2.5.3-ImageIndex
2023-07-09 17:50:03,773 - root - DEBUG - 4-Activity
2023-07-09 17:50:03,774 - root - DEBUG - 4.4-HeartRate
2023-07-09 17:50:03,775 - root - DEBUG - 4.4.1-ImageNumber
2023-07-09 17:50:03,775 - root - DEBUG - 4.4.1.1-TopLeftX
2023-07-09 17:50:03,775 - root - DEBUG - 4.4.1.2-TopLeftY
2023-07-09 17:50:03,775 - root - DEBUG - 4.4.1.3-BottomRightX
2023-07-09 17:50:03,775 - root - DEBUG - 4.4.1.4-BottomRightY
2023-07-09 17:50:03,776 - root - DEBUG - 4.4.1.5-Alignment
2023-07-09 17:50:03,776 - root - DEBUG - 4.4.1.6-Spacing
2023-07-09 17:50:03,776 - root - DEBUG - 4.4.1.7-VerticalOffset
2023-07-09 17:50:03,776 - root - DEBUG - 4.4.1.8-ImageIndex
2023-07-09 17:50:03,776 - root - DEBUG - 4.4.1.9-ImagesCount
2023-07-09 17:50:03,777 - root - DEBUG - 4.4.3-NoDataImageIndex
2023-07-09 17:50:03,777 - root - DEBUG - 4.6-PAI
2023-07-09 17:50:03,777 - root - DEBUG - 4.6.1-ImageNumber
2023-07-09 17:50:03,777 - root - DEBUG - 4.6.1.1-TopLeftX
2023-07-09 17:50:03,777 - root - DEBUG - 4.6.1.2-TopLeftY
2023-07-09 17:50:03,778 - root - DEBUG - 4.6.1.3-BottomRightX
2023-07-09 17:50:03,778 - root - DEBUG - 4.6.1.4-BottomRightY
2023-07-09 17:50:03,778 - root - DEBUG - 4.6.1.5-Alignment
2023-07-09 17:50:03,778 - root - DEBUG - 4.6.1.6-Spacing
2023-07-09 17:50:03,778 - root - DEBUG - 4.6.1.7-VerticalOffset
2023-07-09 17:50:03,778 - root - DEBUG - 4.6.1.8-ImageIndex
2023-07-09 17:50:03,779 - root - DEBUG - 4.6.1.9-ImagesCount
2023-07-09 17:50:03,779 - root - DEBUG - 4.7-UnknownLongValue7
2023-07-09 17:50:03,779 - root - DEBUG - 5-DateBlock
2023-07-09 17:50:03,779 - root - DEBUG - 5.1-Date
2023-07-09 17:50:03,779 - root - DEBUG - 5.1.4-PaddingZeroMonth
2023-07-09 17:50:03,780 - root - DEBUG - 5.1.5-PaddingZeroDay
2023-07-09 17:50:03,780 - root - DEBUG - 5.1.6-UnknownBoolean6
2023-07-09 17:50:03,780 - root - DEBUG - 5.4-Weekday
2023-07-09 17:50:03,780 - root - DEBUG - 5.4.1-X
2023-07-09 17:50:03,780 - root - DEBUG - 5.4.2-Y
2023-07-09 17:50:03,780 - root - DEBUG - 5.4.3-ImageIndex
2023-07-09 17:50:03,781 - root - DEBUG - 5.4.4-ImagesCount
2023-07-09 17:50:03,781 - root - DEBUG - 6-Weather
2023-07-09 17:50:03,781 - root - DEBUG - 6.4-Humidity
2023-07-09 17:50:03,781 - root - DEBUG - 6.4.1-HumidityNumber
2023-07-09 17:50:03,781 - root - DEBUG - 6.4.1.1-TopLeftX
2023-07-09 17:50:03,781 - root - DEBUG - 6.4.1.2-TopLeftY
2023-07-09 17:50:03,782 - root - DEBUG - 6.4.1.3-BottomRightX
2023-07-09 17:50:03,782 - root - DEBUG - 6.4.1.4-BottomRightY
2023-07-09 17:50:03,782 - root - DEBUG - 6.4.1.5-Alignment
2023-07-09 17:50:03,782 - root - DEBUG - 6.4.1.6-Spacing
2023-07-09 17:50:03,782 - root - DEBUG - 6.4.1.7-VerticalOffset
2023-07-09 17:50:03,783 - root - DEBUG - 6.4.1.8-ImageIndex
2023-07-09 17:50:03,783 - root - DEBUG - 6.4.1.9-ImagesCount
2023-07-09 17:50:03,783 - root - DEBUG - 6.4.2-SuffixImageIndex
2023-07-09 17:50:03,783 - root - DEBUG - 6.6-UVindex
2023-07-09 17:50:03,783 - root - DEBUG - 6.6.1-UVindexNumber
2023-07-09 17:50:03,783 - root - DEBUG - 6.6.1.1-TopLeftX
2023-07-09 17:50:03,784 - root - DEBUG - 6.6.1.2-TopLeftY
2023-07-09 17:50:03,784 - root - DEBUG - 6.6.1.3-BottomRightX
2023-07-09 17:50:03,784 - root - DEBUG - 6.6.1.4-BottomRightY
2023-07-09 17:50:03,784 - root - DEBUG - 6.6.1.5-Alignment
2023-07-09 17:50:03,785 - root - DEBUG - 6.6.1.6-Spacing
2023-07-09 17:50:03,785 - root - DEBUG - 6.6.1.7-VerticalOffset
2023-07-09 17:50:03,785 - root - DEBUG - 6.6.1.8-ImageIndex
2023-07-09 17:50:03,785 - root - DEBUG - 6.6.1.9-ImagesCount
2023-07-09 17:50:03,785 - root - DEBUG - 12-HeartProgress
2023-07-09 17:50:03,786 - root - DEBUG - 12.2-ImageProgress
2023-07-09 17:50:03,786 - root - DEBUG - 12.2.1-X
2023-07-09 17:50:03,786 - root - DEBUG - 12.2.2-Y
2023-07-09 17:50:03,786 - root - DEBUG - 12.2.3-ImageIndex
2023-07-09 17:50:03,787 - root - DEBUG - 12.2.4-ImagesCount
2023-07-09 17:50:03,787 - root - DEBUG - 12.7-BackgroundLayer
2023-07-09 17:50:03,787 - root - DEBUG - 12.7.1-X
2023-07-09 17:50:03,788 - root - DEBUG - 12.7.2-Y
2023-07-09 17:50:03,788 - root - DEBUG - 12.7.3-ImageIndex
2023-07-09 17:50:03,788 - root - DEBUG - 17-HumidityProgress
2023-07-09 17:50:03,788 - root - DEBUG - 17.2-ImageProgress
2023-07-09 17:50:03,788 - root - DEBUG - 17.2.1-X
2023-07-09 17:50:03,788 - root - DEBUG - 17.2.2-Y
2023-07-09 17:50:03,789 - root - DEBUG - 17.2.3-ImageIndex
2023-07-09 17:50:03,789 - root - DEBUG - 17.2.4-ImagesCount
2023-07-09 17:50:03,789 - root - DEBUG - 17.8-BackgroundLayer
2023-07-09 17:50:03,789 - root - DEBUG - 17.8.1-X
2023-07-09 17:50:03,789 - root - DEBUG - 17.8.2-Y
2023-07-09 17:50:03,789 - root - DEBUG - 17.8.3-ImageIndex
2023-07-09 17:50:03,790 - root - DEBUG - 20-TimeAnalog
2023-07-09 17:50:03,790 - root - DEBUG - 20.2-CommonCenterCoordinates
2023-07-09 17:50:03,791 - root - DEBUG - 20.2.1-X
2023-07-09 17:50:03,791 - root - DEBUG - 20.2.2-Y
2023-07-09 17:50:03,791 - root - DEBUG - 20.3-Hours
2023-07-09 17:50:03,791 - root - DEBUG - 20.3.1-ImageIndex
2023-07-09 17:50:03,791 - root - DEBUG - 20.3.2-PointerCenterOfRotationY
2023-07-09 17:50:03,791 - root - DEBUG - 20.4-Minutes
2023-07-09 17:50:03,792 - root - DEBUG - 20.4.1-ImageIndex
2023-07-09 17:50:03,792 - root - DEBUG - 20.4.2-PointerCenterOfRotationY
2023-07-09 17:50:03,792 - root - DEBUG - 20.4.4-CoverImage
2023-07-09 17:50:03,792 - root - DEBUG - 20.4.4.1-X
2023-07-09 17:50:03,792 - root - DEBUG - 20.4.4.2-Y
2023-07-09 17:50:03,793 - root - DEBUG - 20.4.4.3-ImageIndex
2023-07-09 17:50:03,793 - root - DEBUG - 20.5-Seconds
2023-07-09 17:50:03,793 - root - DEBUG - 20.5.1-ImageIndex
2023-07-09 17:50:03,793 - root - DEBUG - 20.5.2-PointerCenterOfRotationY
2023-07-09 17:50:03,793 - root - DEBUG - 20.5.4-CoverImage
2023-07-09 17:50:03,793 - root - DEBUG - 20.5.4.1-X
2023-07-09 17:50:03,794 - root - DEBUG - 20.5.4.2-Y
2023-07-09 17:50:03,794 - root - DEBUG - 20.5.4.3-ImageIndex
2023-07-09 17:50:03,794 - root - DEBUG - 23-PaiProgress
2023-07-09 17:50:03,794 - root - DEBUG - 23.2-ImageProgress
2023-07-09 17:50:03,794 - root - DEBUG - 23.2.1-X
2023-07-09 17:50:03,794 - root - DEBUG - 23.2.2-Y
2023-07-09 17:50:03,795 - root - DEBUG - 23.2.3-ImageIndex
2023-07-09 17:50:03,795 - root - DEBUG - 23.2.4-ImagesCount
2023-07-09 17:50:03,795 - root - DEBUG - 23.6-BackgroundLayer
2023-07-09 17:50:03,795 - root - DEBUG - 23.6.1-X
2023-07-09 17:50:03,795 - root - DEBUG - 23.6.2-Y
2023-07-09 17:50:03,795 - root - DEBUG - 23.6.3-ImageIndex
2023-07-09 17:50:03,796 - root - DEBUG - 26-UviProgress
2023-07-09 17:50:03,796 - root - DEBUG - 26.1-ImageProgress
2023-07-09 17:50:03,796 - root - DEBUG - 26.1.1-X
2023-07-09 17:50:03,796 - root - DEBUG - 26.1.2-Y
2023-07-09 17:50:03,796 - root - DEBUG - 26.1.3-ImageIndex
2023-07-09 17:50:03,796 - root - DEBUG - 26.1.4-ImagesCount
2023-07-09 17:50:03,797 - root - DEBUG - 26.5-BackgroundLayer
2023-07-09 17:50:03,797 - root - DEBUG - 26.5.1-X
2023-07-09 17:50:03,797 - root - DEBUG - 26.5.2-Y
2023-07-09 17:50:03,797 - root - DEBUG - 26.5.3-ImageIndex
2023-07-09 17:50:03,797 - root - DEBUG - 29-AlwaysOnDisplay
2023-07-09 17:50:03,797 - root - DEBUG - 29.1-TimeExtended
2023-07-09 17:50:03,798 - root - DEBUG - 29.1.3-TimeAnalog
2023-07-09 17:50:03,798 - root - DEBUG - 29.1.3.1-CommonCenterCoordinates
2023-07-09 17:50:03,798 - root - DEBUG - 29.1.3.1.1-X
2023-07-09 17:50:03,798 - root - DEBUG - 29.1.3.1.2-Y
2023-07-09 17:50:03,798 - root - DEBUG - 29.1.3.2-Hours
2023-07-09 17:50:03,798 - root - DEBUG - 29.1.3.2.1-ImageIndex
2023-07-09 17:50:03,799 - root - DEBUG - 29.1.3.2.2-PointerCenterOfRotationY
2023-07-09 17:50:03,799 - root - DEBUG - 29.1.3.3-Minutes
2023-07-09 17:50:03,799 - root - DEBUG - 29.1.3.3.1-ImageIndex
2023-07-09 17:50:03,799 - root - DEBUG - 29.1.3.3.2-PointerCenterOfRotationY
2023-07-09 17:50:03,799 - root - DEBUG - 29.1.3.3.4-CoverImage
2023-07-09 17:50:03,799 - root - DEBUG - 29.1.3.3.4.1-X
2023-07-09 17:50:03,800 - root - DEBUG - 29.1.3.3.4.2-Y
2023-07-09 17:50:03,800 - root - DEBUG - 29.1.3.3.4.3-ImageIndex
2023-07-09 17:50:03,800 - root - DEBUG - generatePreviews
2023-07-09 17:50:03,800 - root - DEBUG - Generating previews...
2023-07-09 17:50:03,804 - root - DEBUG - Generating states done...
2023-07-09 17:50:03,816 - root - DEBUG - >>>>>>>>>>>> 0 <watchFaceParser.models.parameter.Parameter object at 0x0000027D054827F0>
2023-07-09 17:50:03,816 - root - DEBUG - >>>>>>>>>>>> 2 <watchFaceParser.models.parameter.Parameter object at 0x0000027D05479430>
2023-07-09 17:50:03,826 - root - DEBUG - >>>>>>>>>>>> 4 <watchFaceParser.models.parameter.Parameter object at 0x0000027D05479E50>
2023-07-09 17:50:03,842 - root - DEBUG - >>>>>>>>>>>> 5 <watchFaceParser.models.parameter.Parameter object at 0x0000027D0547BEB0>
2023-07-09 17:50:03,851 - root - DEBUG - >>>>>>>>>>>> 6 <watchFaceParser.models.parameter.Parameter object at 0x0000027D0547BE80>
2023-07-09 17:50:03,860 - root - DEBUG - >>>>>>>>>>>> 12 <watchFaceParser.models.parameter.Parameter object at 0x0000027D0547DF70>
2023-07-09 17:50:03,862 - root - DEBUG - >>>>>>>>>>>> 17 <watchFaceParser.models.parameter.Parameter object at 0x0000027D0547F400>
2023-07-09 17:50:03,864 - root - DEBUG - >>>>>>>>>>>> 20 <watchFaceParser.models.parameter.Parameter object at 0x0000027D0547F5E0>
2023-07-09 17:50:03,874 - root - DEBUG - >>>>>>>>>>>> 23 <watchFaceParser.models.parameter.Parameter object at 0x0000027D05459F70>
2023-07-09 17:50:03,876 - root - DEBUG - >>>>>>>>>>>> 26 <watchFaceParser.models.parameter.Parameter object at 0x0000027D0547FC70>
2023-07-09 17:50:03,878 - root - DEBUG - >>>>>>>>>>>> 29 <watchFaceParser.models.parameter.Parameter object at 0x0000027D054820D0>
2023-07-09 17:50:03,949 - root - DEBUG - Generating static preview gen done...
2023-07-09 17:50:04,045 - root - DEBUG - Generating static preview save done...
2023-07-09 17:50:04,045 - root - DEBUG - Generating anim preview gen done...
2023-07-09 17:50:04,045 - root - DEBUG - >>>>>>>>>>>> 0 <watchFaceParser.models.parameter.Parameter object at 0x0000027D054827F0>
2023-07-09 17:50:04,045 - root - DEBUG - >>>>>>>>>>>> 2 <watchFaceParser.models.parameter.Parameter object at 0x0000027D05479430>
2023-07-09 17:50:04,045 - root - DEBUG - >>>>>>>>>>>> 4 <watchFaceParser.models.parameter.Parameter object at 0x0000027D05479E50>
2023-07-09 17:50:04,046 - root - DEBUG - >>>>>>>>>>>> 5 <watchFaceParser.models.parameter.Parameter object at 0x0000027D0547BEB0>
2023-07-09 17:50:04,046 - root - DEBUG - >>>>>>>>>>>> 6 <watchFaceParser.models.parameter.Parameter object at 0x0000027D0547BE80>
2023-07-09 17:50:04,046 - root - DEBUG - >>>>>>>>>>>> 12 <watchFaceParser.models.parameter.Parameter object at 0x0000027D0547DF70>
2023-07-09 17:50:04,047 - root - DEBUG - >>>>>>>>>>>> 17 <watchFaceParser.models.parameter.Parameter object at 0x0000027D0547F400>
2023-07-09 17:50:04,047 - root - DEBUG - >>>>>>>>>>>> 20 <watchFaceParser.models.parameter.Parameter object at 0x0000027D0547F5E0>
2023-07-09 17:50:04,048 - root - DEBUG - >>>>>>>>>>>> 23 <watchFaceParser.models.parameter.Parameter object at 0x0000027D05459F70>
2023-07-09 17:50:04,048 - root - DEBUG - >>>>>>>>>>>> 26 <watchFaceParser.models.parameter.Parameter object at 0x0000027D0547FC70>
2023-07-09 17:50:04,048 - root - DEBUG - >>>>>>>>>>>> 29 <watchFaceParser.models.parameter.Parameter object at 0x0000027D054820D0>
2023-07-09 17:50:04,904 - root - DEBUG - generatePreviews done
2023-07-09 17:50:04,904 - root - DEBUG - Exporting resources to 'E:\Codez\zepp-gts2mini-wf\28ac862233e52801cba15f0554102105'
2023-07-09 17:50:04,904 - root - DEBUG - extracting E:\Codez\zepp-gts2mini-wf\28ac862233e52801cba15f0554102105\0000.png...
2023-07-09 17:50:04,933 - root - DEBUG - extracting E:\Codez\zepp-gts2mini-wf\28ac862233e52801cba15f0554102105\0001.png...
2023-07-09 17:50:04,948 - root - DEBUG - extracting E:\Codez\zepp-gts2mini-wf\28ac862233e52801cba15f0554102105\0002.png...
2023-07-09 17:50:04,949 - root - DEBUG - extracting E:\Codez\zepp-gts2mini-wf\28ac862233e52801cba15f0554102105\0003.png...
2023-07-09 17:50:04,951 - root - DEBUG - extracting E:\Codez\zepp-gts2mini-wf\28ac862233e52801cba15f0554102105\0004.png...
2023-07-09 17:50:04,953 - root - DEBUG - extracting E:\Codez\zepp-gts2mini-wf\28ac862233e52801cba15f0554102105\0005.png...
2023-07-09 17:50:04,954 - root - DEBUG - extracting E:\Codez\zepp-gts2mini-wf\28ac862233e52801cba15f0554102105\0006.png...
2023-07-09 17:50:04,956 - root - DEBUG - extracting E:\Codez\zepp-gts2mini-wf\28ac862233e52801cba15f0554102105\0007.png...
2023-07-09 17:50:04,958 - root - DEBUG - extracting E:\Codez\zepp-gts2mini-wf\28ac862233e52801cba15f0554102105\0008.png...
2023-07-09 17:50:04,959 - root - DEBUG - extracting E:\Codez\zepp-gts2mini-wf\28ac862233e52801cba15f0554102105\0009.png...
2023-07-09 17:50:04,960 - root - DEBUG - extracting E:\Codez\zepp-gts2mini-wf\28ac862233e52801cba15f0554102105\0010.png...
2023-07-09 17:50:04,961 - root - DEBUG - extracting E:\Codez\zepp-gts2mini-wf\28ac862233e52801cba15f0554102105\0011.png...
2023-07-09 17:50:04,962 - root - DEBUG - extracting E:\Codez\zepp-gts2mini-wf\28ac862233e52801cba15f0554102105\0012.png...
2023-07-09 17:50:04,964 - root - DEBUG - extracting E:\Codez\zepp-gts2mini-wf\28ac862233e52801cba15f0554102105\0013.png...
2023-07-09 17:50:04,965 - root - DEBUG - extracting E:\Codez\zepp-gts2mini-wf\28ac862233e52801cba15f0554102105\0014.png...
2023-07-09 17:50:04,966 - root - DEBUG - extracting E:\Codez\zepp-gts2mini-wf\28ac862233e52801cba15f0554102105\0015.png...
2023-07-09 17:50:04,967 - root - DEBUG - extracting E:\Codez\zepp-gts2mini-wf\28ac862233e52801cba15f0554102105\0016.png...
2023-07-09 17:50:04,968 - root - DEBUG - extracting E:\Codez\zepp-gts2mini-wf\28ac862233e52801cba15f0554102105\0017.png...
2023-07-09 17:50:04,969 - root - DEBUG - extracting E:\Codez\zepp-gts2mini-wf\28ac862233e52801cba15f0554102105\0018.png...
2023-07-09 17:50:04,971 - root - DEBUG - extracting E:\Codez\zepp-gts2mini-wf\28ac862233e52801cba15f0554102105\0019.png...
2023-07-09 17:50:04,972 - root - DEBUG - extracting E:\Codez\zepp-gts2mini-wf\28ac862233e52801cba15f0554102105\0020.png...
2023-07-09 17:50:04,974 - root - DEBUG - extracting E:\Codez\zepp-gts2mini-wf\28ac862233e52801cba15f0554102105\0021.png...
2023-07-09 17:50:04,975 - root - DEBUG - extracting E:\Codez\zepp-gts2mini-wf\28ac862233e52801cba15f0554102105\0022.png...
2023-07-09 17:50:04,977 - root - DEBUG - extracting E:\Codez\zepp-gts2mini-wf\28ac862233e52801cba15f0554102105\0023.png...
2023-07-09 17:50:04,979 - root - DEBUG - extracting E:\Codez\zepp-gts2mini-wf\28ac862233e52801cba15f0554102105\0024.png...
2023-07-09 17:50:04,980 - root - DEBUG - extracting E:\Codez\zepp-gts2mini-wf\28ac862233e52801cba15f0554102105\0025.png...
2023-07-09 17:50:04,982 - root - DEBUG - extracting E:\Codez\zepp-gts2mini-wf\28ac862233e52801cba15f0554102105\0026.png...
2023-07-09 17:50:04,984 - root - DEBUG - extracting E:\Codez\zepp-gts2mini-wf\28ac862233e52801cba15f0554102105\0027.png...
2023-07-09 17:50:04,986 - root - DEBUG - extracting E:\Codez\zepp-gts2mini-wf\28ac862233e52801cba15f0554102105\0028.png...
2023-07-09 17:50:04,987 - root - DEBUG - extracting E:\Codez\zepp-gts2mini-wf\28ac862233e52801cba15f0554102105\0029.png...
2023-07-09 17:50:04,989 - root - DEBUG - extracting E:\Codez\zepp-gts2mini-wf\28ac862233e52801cba15f0554102105\0030.png...
2023-07-09 17:50:04,991 - root - DEBUG - extracting E:\Codez\zepp-gts2mini-wf\28ac862233e52801cba15f0554102105\0031.png...
2023-07-09 17:50:04,993 - root - DEBUG - extracting E:\Codez\zepp-gts2mini-wf\28ac862233e52801cba15f0554102105\0032.png...
2023-07-09 17:50:04,994 - root - DEBUG - extracting E:\Codez\zepp-gts2mini-wf\28ac862233e52801cba15f0554102105\0033.png...
2023-07-09 17:50:04,995 - root - DEBUG - Exporting config...
