2021-10-05 22:06:15,110 - root - DEBUG - Opening watch face '044c1ded108e5194ba13e18ea9c136b1.bin'
2021-10-05 22:06:15,120 - root - DEBUG - Reading parameters...
2021-10-05 22:06:15,120 - root - INFO - Reading header...
2021-10-05 22:06:15,130 - root - INFO - Header was read:
2021-10-05 22:06:15,130 - root - INFO - Signature: b'UIHH\x01\x00\xff', Unknown: 58, ParametersSize: 38, isValid: True, deviceId: 73
2021-10-05 22:06:15,130 - root - INFO - Reading parameter offsets...
2021-10-05 22:06:15,130 - root - INFO - Parameter offsets were read from file
2021-10-05 22:06:15,130 - root - INFO - Reading parameters descriptor...
2021-10-05 22:06:15,130 - root - INFO - 1 ( A): 5 bytes
2021-10-05 22:06:15,130 - root - INFO -     1 ( 8): 176 B0
2021-10-05 22:06:15,130 - root - INFO -     2 (10): 35 23
2021-10-05 22:06:15,130 - root - INFO - getParameters descriptor was read:
2021-10-05 22:06:15,130 - root - INFO - ParametersTableLength: 176, ImagesCount: 35
2021-10-05 22:06:15,130 - root - INFO - Reading parameters locations...
2021-10-05 22:06:15,130 - root - INFO - 2 (12): 4 bytes
2021-10-05 22:06:15,130 - root - INFO -     1 ( 8): 0  0
2021-10-05 22:06:15,130 - root - INFO -     2 (10): 32 20
2021-10-05 22:06:15,130 - root - INFO - 4 (22): 4 bytes
2021-10-05 22:06:15,130 - root - INFO -     1 ( 8): 64 40
2021-10-05 22:06:15,130 - root - INFO -     2 (10): 28 1C
2021-10-05 22:06:15,130 - root - INFO - 5 (2A): 4 bytes
2021-10-05 22:06:15,130 - root - INFO -     1 ( 8): 32 20
2021-10-05 22:06:15,130 - root - INFO -     2 (10): 32 20
2021-10-05 22:06:15,130 - root - INFO - 9 (4A): 4 bytes
2021-10-05 22:06:15,130 - root - INFO -     1 ( 8): 92 5C
2021-10-05 22:06:15,130 - root - INFO -     2 (10): 26 1A
2021-10-05 22:06:15,130 - root - INFO - 21 (AA): 4 bytes
2021-10-05 22:06:15,130 - root - INFO -     1 ( 8): 118 76
2021-10-05 22:06:15,134 - root - INFO -     2 (10): 58 3A
2021-10-05 22:06:15,134 - root - INFO - Watch face parameters locations were read:
2021-10-05 22:06:15,134 - root - INFO - Reading descriptor for parameter 2
2021-10-05 22:06:15,134 - root - INFO - Descriptor offset: 0, Descriptor length: 32
2021-10-05 22:06:15,134 - root - INFO - Parsing descriptor for parameter 2...
2021-10-05 22:06:15,134 - root - INFO - 1 ( A): 6 bytes
2021-10-05 22:06:15,134 - root - INFO -     1 ( 8): 0  0
2021-10-05 22:06:15,134 - root - INFO -     2 (10): 0  0
2021-10-05 22:06:15,134 - root - INFO -     3 (18): 0  0
2021-10-05 22:06:15,134 - root - INFO - 3 (1A): 6 bytes
2021-10-05 22:06:15,134 - root - INFO -     1 ( 8): 0  0
2021-10-05 22:06:15,134 - root - INFO -     2 (10): 0  0
2021-10-05 22:06:15,134 - root - INFO -     3 (18): 1  1
2021-10-05 22:06:15,134 - root - INFO - 4 (22): 6 bytes
2021-10-05 22:06:15,134 - root - INFO -     1 ( 8): 0  0
2021-10-05 22:06:15,134 - root - INFO -     2 (10): 0  0
2021-10-05 22:06:15,134 - root - INFO -     3 (18): 1  1
2021-10-05 22:06:15,134 - root - INFO - 5 (2A): 6 bytes
2021-10-05 22:06:15,134 - root - INFO -     1 ( 8): 0  0
2021-10-05 22:06:15,134 - root - INFO -     2 (10): 0  0
2021-10-05 22:06:15,134 - root - INFO -     3 (18): 1  1
2021-10-05 22:06:15,134 - root - INFO - Reading descriptor for parameter 4
2021-10-05 22:06:15,134 - root - INFO - Descriptor offset: 64, Descriptor length: 28
2021-10-05 22:06:15,134 - root - INFO - Parsing descriptor for parameter 4...
2021-10-05 22:06:15,134 - root - INFO - 1 ( A): 24 bytes
2021-10-05 22:06:15,134 - root - INFO -     1 ( A): 22 bytes
2021-10-05 22:06:15,134 - root - INFO -         1 ( 8): 222 DE
2021-10-05 22:06:15,134 - root - INFO -         2 (10): 150 96
2021-10-05 22:06:15,134 - root - INFO -         3 (18): 223 DF
2021-10-05 22:06:15,134 - root - INFO -         4 (20): 151 97
2021-10-05 22:06:15,136 - root - INFO -         5 (28): 18 12
2021-10-05 22:06:15,136 - root - INFO -         6 (30): 0  0
2021-10-05 22:06:15,136 - root - INFO -         7 (38): 0  0
2021-10-05 22:06:15,136 - root - INFO -         8 (40): 4  4
2021-10-05 22:06:15,136 - root - INFO -         9 (48): 10  A
2021-10-05 22:06:15,136 - root - INFO - 7 (38): 0  0
2021-10-05 22:06:15,136 - root - INFO - Reading descriptor for parameter 5
2021-10-05 22:06:15,136 - root - INFO - Descriptor offset: 32, Descriptor length: 32
2021-10-05 22:06:15,136 - root - INFO - Parsing descriptor for parameter 5...
2021-10-05 22:06:15,136 - root - INFO - 1 ( A): 6 bytes
2021-10-05 22:06:15,136 - root - INFO -     4 (20): 1  1
2021-10-05 22:06:15,136 - root - INFO -     5 (28): 1  1
2021-10-05 22:06:15,136 - root - INFO -     6 (30): 0  0
2021-10-05 22:06:15,136 - root - INFO - 2 (12): 22 bytes
2021-10-05 22:06:15,136 - root - INFO -     1 ( 8): 0  0
2021-10-05 22:06:15,136 - root - INFO -     2 (10): 0  0
2021-10-05 22:06:15,136 - root - INFO -     5 (28): 2  2
2021-10-05 22:06:15,136 - root - INFO -     6 (30): 3  3
2021-10-05 22:06:15,136 - root - INFO -     8 (42): 5 bytes
2021-10-05 22:06:15,136 - root - INFO -         1 ( 8): 66 42
2021-10-05 22:06:15,136 - root - INFO -         2 (10): 288 120
2021-10-05 22:06:15,136 - root - INFO -     9 (4A): 5 bytes
2021-10-05 22:06:15,136 - root - INFO -         1 ( 8): 66 42
2021-10-05 22:06:15,136 - root - INFO -         2 (10): 288 120
2021-10-05 22:06:15,136 - root - INFO - Reading descriptor for parameter 9
2021-10-05 22:06:15,136 - root - INFO - Descriptor offset: 92, Descriptor length: 26
2021-10-05 22:06:15,136 - root - INFO - Parsing descriptor for parameter 9...
2021-10-05 22:06:15,136 - root - INFO - 1 ( A): 24 bytes
2021-10-05 22:06:15,136 - root - INFO -     1 ( A): 20 bytes
2021-10-05 22:06:15,136 - root - INFO -         1 ( 8): 155 9B
2021-10-05 22:06:15,136 - root - INFO -         2 (10): 12  C
2021-10-05 22:06:15,136 - root - INFO -         3 (18): 156 9C
2021-10-05 22:06:15,136 - root - INFO -         4 (20): 13  D
2021-10-05 22:06:15,136 - root - INFO -         5 (28): 18 12
2021-10-05 22:06:15,136 - root - INFO -         6 (30): 0  0
2021-10-05 22:06:15,136 - root - INFO -         7 (38): 0  0
2021-10-05 22:06:15,136 - root - INFO -         8 (40): 14  E
2021-10-05 22:06:15,136 - root - INFO -         9 (48): 10  A
2021-10-05 22:06:15,136 - root - INFO -     4 (20): 24 18
2021-10-05 22:06:15,136 - root - INFO - Reading descriptor for parameter 21
2021-10-05 22:06:15,136 - root - INFO - Descriptor offset: 118, Descriptor length: 58
2021-10-05 22:06:15,136 - root - INFO - Parsing descriptor for parameter 21...
2021-10-05 22:06:15,136 - root - INFO - 1 ( A): 18 bytes
2021-10-05 22:06:15,136 - root - INFO -     1 ( 8): 10  A
2021-10-05 22:06:15,136 - root - INFO -     2 (10): 80 50
2021-10-05 22:06:15,136 - root - INFO -     3 (18): 11  B
2021-10-05 22:06:15,136 - root - INFO -     4 (20): 81 51
2021-10-05 22:06:15,140 - root - INFO -     5 (28): 18 12
2021-10-05 22:06:15,140 - root - INFO -     6 (30): 0  0
2021-10-05 22:06:15,140 - root - INFO -     7 (38): 0  0
2021-10-05 22:06:15,140 - root - INFO -     8 (40): 25 19
2021-10-05 22:06:15,140 - root - INFO -     9 (48): 10  A
2021-10-05 22:06:15,140 - root - INFO - 3 (18): 1  1
2021-10-05 22:06:15,140 - root - INFO - 6 (30): 0  0
2021-10-05 22:06:15,140 - root - INFO - 8 (42): 32 bytes
2021-10-05 22:06:15,140 - root - INFO -     1 ( 8): 1  1
2021-10-05 22:06:15,140 - root - INFO -     2 (12): 20 bytes
2021-10-05 22:06:15,140 - root - INFO -         1 ( 8): 10  A
2021-10-05 22:06:15,140 - root - INFO -         2 (10): 180 B4
2021-10-05 22:06:15,140 - root - INFO -         3 (18): 11  B
2021-10-05 22:06:15,140 - root - INFO -         4 (20): 181 B5
2021-10-05 22:06:15,140 - root - INFO -         5 (28): 18 12
2021-10-05 22:06:15,140 - root - INFO -         6 (30): 0  0
2021-10-05 22:06:15,140 - root - INFO -         7 (38): 0  0
2021-10-05 22:06:15,140 - root - INFO -         8 (40): 25 19
2021-10-05 22:06:15,140 - root - INFO -         9 (48): 10  A
2021-10-05 22:06:15,140 - root - INFO -     4 (20): 1  1
2021-10-05 22:06:15,140 - root - INFO -     5 (28): 1  1
2021-10-05 22:06:15,140 - root - INFO -     8 (40): 0  0
2021-10-05 22:06:15,140 - root - INFO -     9 (48): 0  0
2021-10-05 22:06:15,140 - root - INFO - Reading resources offsets table with 35 elements (140 bytes)
2021-10-05 22:06:15,140 - root - INFO - Resource 0 offset: 441, length: 212116...
2021-10-05 22:06:15,140 - root - DEBUG - Reading resource 0...
2021-10-05 22:06:15,191 - root - INFO - The image is bme.
2021-10-05 22:06:15,191 - root - INFO - Reading image header(readHeader16E)...
2021-10-05 22:06:15,191 - root - INFO - Image header was read:
2021-10-05 22:06:15,191 - root - INFO - Width: 306, Height: 354, RowLength: 612
2021-10-05 22:06:15,191 - root - INFO - datalength: 212100, _step: 2
2021-10-05 22:06:15,191 - root - INFO - BPP: 16, Transparency: False
2021-10-05 22:06:15,761 - root - INFO - Resource 1 offset: 212557, length: 101656...
2021-10-05 22:06:15,761 - root - DEBUG - Reading resource 1...
2021-10-05 22:06:15,761 - root - INFO - The image is bmc.
2021-10-05 22:06:15,761 - root - INFO - Reading image header(readHeader16C)...
2021-10-05 22:06:15,761 - root - INFO - Image header was read:
2021-10-05 22:06:15,761 - root - INFO - Width: 210, Height: 242, RowLength: 420
2021-10-05 22:06:15,761 - root - INFO - _step: 2, unknown2: 0,
2021-10-05 22:06:15,761 - root - INFO - BPP: 16, Transparency: False
2021-10-05 22:06:15,971 - root - INFO - Resource 2 offset: 314213, length: 694...
2021-10-05 22:06:15,971 - root - DEBUG - Reading resource 2...
2021-10-05 22:06:15,981 - root - INFO - The image is bme.
2021-10-05 22:06:15,981 - root - INFO - Reading image header(readHeader16E)...
2021-10-05 22:06:15,981 - root - INFO - Image header was read:
2021-10-05 22:06:15,981 - root - INFO - Width: 30, Height: 16, RowLength: 60
2021-10-05 22:06:15,981 - root - INFO - datalength: 678, _step: 2
2021-10-05 22:06:15,981 - root - INFO - BPP: 16, Transparency: False
2021-10-05 22:06:15,981 - root - INFO - Resource 3 offset: 314907, length: 684...
2021-10-05 22:06:15,981 - root - DEBUG - Reading resource 3...
2021-10-05 22:06:15,981 - root - INFO - The image is bme.
2021-10-05 22:06:15,981 - root - INFO - Reading image header(readHeader16E)...
2021-10-05 22:06:15,981 - root - INFO - Image header was read:
2021-10-05 22:06:15,981 - root - INFO - Width: 30, Height: 16, RowLength: 60
2021-10-05 22:06:15,981 - root - INFO - datalength: 668, _step: 2
2021-10-05 22:06:15,981 - root - INFO - BPP: 16, Transparency: False
2021-10-05 22:06:15,981 - root - INFO - Resource 4 offset: 315591, length: 396...
2021-10-05 22:06:15,981 - root - DEBUG - Reading resource 4...
2021-10-05 22:06:15,981 - root - INFO - The image is bme.
2021-10-05 22:06:15,981 - root - INFO - Reading image header(readHeader16E)...
2021-10-05 22:06:15,981 - root - INFO - Image header was read:
2021-10-05 22:06:15,981 - root - INFO - Width: 16, Height: 19, RowLength: 32
2021-10-05 22:06:15,981 - root - INFO - datalength: 380, _step: 2
2021-10-05 22:06:15,981 - root - INFO - BPP: 16, Transparency: False
2021-10-05 22:06:15,981 - root - INFO - Resource 5 offset: 315987, length: 268...
2021-10-05 22:06:15,981 - root - DEBUG - Reading resource 5...
2021-10-05 22:06:15,981 - root - INFO - The image is bme.
2021-10-05 22:06:15,981 - root - INFO - Reading image header(readHeader16E)...
2021-10-05 22:06:15,981 - root - INFO - Image header was read:
2021-10-05 22:06:15,981 - root - INFO - Width: 16, Height: 19, RowLength: 32
2021-10-05 22:06:15,981 - root - INFO - datalength: 252, _step: 2
2021-10-05 22:06:15,981 - root - INFO - BPP: 16, Transparency: False
2021-10-05 22:06:15,981 - root - INFO - Resource 6 offset: 316255, length: 386...
2021-10-05 22:06:15,981 - root - DEBUG - Reading resource 6...
2021-10-05 22:06:15,981 - root - INFO - The image is bme.
2021-10-05 22:06:15,981 - root - INFO - Reading image header(readHeader16E)...
2021-10-05 22:06:15,981 - root - INFO - Image header was read:
2021-10-05 22:06:15,981 - root - INFO - Width: 16, Height: 19, RowLength: 32
2021-10-05 22:06:15,981 - root - INFO - datalength: 370, _step: 2
2021-10-05 22:06:15,981 - root - INFO - BPP: 16, Transparency: False
2021-10-05 22:06:15,981 - root - INFO - Resource 7 offset: 316641, length: 376...
2021-10-05 22:06:15,981 - root - DEBUG - Reading resource 7...
2021-10-05 22:06:15,981 - root - INFO - The image is bme.
2021-10-05 22:06:15,981 - root - INFO - Reading image header(readHeader16E)...
2021-10-05 22:06:15,981 - root - INFO - Image header was read:
2021-10-05 22:06:15,981 - root - INFO - Width: 16, Height: 19, RowLength: 32
2021-10-05 22:06:15,981 - root - INFO - datalength: 360, _step: 2
2021-10-05 22:06:15,981 - root - INFO - BPP: 16, Transparency: False
2021-10-05 22:06:15,981 - root - INFO - Resource 8 offset: 317017, length: 352...
2021-10-05 22:06:15,981 - root - DEBUG - Reading resource 8...
2021-10-05 22:06:15,981 - root - INFO - The image is bme.
2021-10-05 22:06:15,981 - root - INFO - Reading image header(readHeader16E)...
2021-10-05 22:06:15,981 - root - INFO - Image header was read:
2021-10-05 22:06:15,981 - root - INFO - Width: 16, Height: 19, RowLength: 32
2021-10-05 22:06:15,981 - root - INFO - datalength: 336, _step: 2
2021-10-05 22:06:15,981 - root - INFO - BPP: 16, Transparency: False
2021-10-05 22:06:15,981 - root - INFO - Resource 9 offset: 317369, length: 368...
2021-10-05 22:06:15,981 - root - DEBUG - Reading resource 9...
2021-10-05 22:06:15,981 - root - INFO - The image is bme.
2021-10-05 22:06:15,981 - root - INFO - Reading image header(readHeader16E)...
2021-10-05 22:06:15,981 - root - INFO - Image header was read:
2021-10-05 22:06:15,981 - root - INFO - Width: 16, Height: 19, RowLength: 32
2021-10-05 22:06:15,981 - root - INFO - datalength: 352, _step: 2
2021-10-05 22:06:15,981 - root - INFO - BPP: 16, Transparency: False
2021-10-05 22:06:15,981 - root - INFO - Resource 10 offset: 317737, length: 424...
2021-10-05 22:06:15,981 - root - DEBUG - Reading resource 10...
2021-10-05 22:06:15,981 - root - INFO - The image is bme.
2021-10-05 22:06:15,981 - root - INFO - Reading image header(readHeader16E)...
2021-10-05 22:06:15,981 - root - INFO - Image header was read:
2021-10-05 22:06:15,981 - root - INFO - Width: 16, Height: 19, RowLength: 32
2021-10-05 22:06:15,991 - root - INFO - datalength: 408, _step: 2
2021-10-05 22:06:15,991 - root - INFO - BPP: 16, Transparency: False
2021-10-05 22:06:15,991 - root - INFO - Resource 11 offset: 318161, length: 270...
2021-10-05 22:06:15,991 - root - DEBUG - Reading resource 11...
2021-10-05 22:06:15,991 - root - INFO - The image is bme.
2021-10-05 22:06:15,991 - root - INFO - Reading image header(readHeader16E)...
2021-10-05 22:06:15,991 - root - INFO - Image header was read:
2021-10-05 22:06:15,991 - root - INFO - Width: 16, Height: 19, RowLength: 32
2021-10-05 22:06:15,991 - root - INFO - datalength: 254, _step: 2
2021-10-05 22:06:15,991 - root - INFO - BPP: 16, Transparency: False
2021-10-05 22:06:15,991 - root - INFO - Resource 12 offset: 318431, length: 428...
2021-10-05 22:06:15,991 - root - DEBUG - Reading resource 12...
2021-10-05 22:06:15,991 - root - INFO - The image is bme.
2021-10-05 22:06:15,991 - root - INFO - Reading image header(readHeader16E)...
2021-10-05 22:06:15,991 - root - INFO - Image header was read:
2021-10-05 22:06:15,991 - root - INFO - Width: 16, Height: 19, RowLength: 32
2021-10-05 22:06:15,991 - root - INFO - datalength: 412, _step: 2
2021-10-05 22:06:15,991 - root - INFO - BPP: 16, Transparency: False
2021-10-05 22:06:15,991 - root - INFO - Resource 13 offset: 318859, length: 416...
2021-10-05 22:06:15,991 - root - DEBUG - Reading resource 13...
2021-10-05 22:06:15,991 - root - INFO - The image is bme.
2021-10-05 22:06:15,991 - root - INFO - Reading image header(readHeader16E)...
2021-10-05 22:06:15,991 - root - INFO - Image header was read:
2021-10-05 22:06:15,991 - root - INFO - Width: 16, Height: 19, RowLength: 32
2021-10-05 22:06:15,991 - root - INFO - datalength: 400, _step: 2
2021-10-05 22:06:15,991 - root - INFO - BPP: 16, Transparency: False
2021-10-05 22:06:15,991 - root - INFO - Resource 14 offset: 319275, length: 396...
2021-10-05 22:06:15,991 - root - DEBUG - Reading resource 14...
2021-10-05 22:06:15,991 - root - INFO - The image is bme.
2021-10-05 22:06:15,991 - root - INFO - Reading image header(readHeader16E)...
2021-10-05 22:06:15,991 - root - INFO - Image header was read:
2021-10-05 22:06:15,991 - root - INFO - Width: 16, Height: 19, RowLength: 32
2021-10-05 22:06:15,991 - root - INFO - datalength: 380, _step: 2
2021-10-05 22:06:15,991 - root - INFO - BPP: 16, Transparency: False
2021-10-05 22:06:15,991 - root - INFO - Resource 15 offset: 319671, length: 268...
2021-10-05 22:06:15,991 - root - DEBUG - Reading resource 15...
2021-10-05 22:06:15,991 - root - INFO - The image is bme.
2021-10-05 22:06:15,991 - root - INFO - Reading image header(readHeader16E)...
2021-10-05 22:06:15,991 - root - INFO - Image header was read:
2021-10-05 22:06:15,991 - root - INFO - Width: 16, Height: 19, RowLength: 32
2021-10-05 22:06:15,991 - root - INFO - datalength: 252, _step: 2
2021-10-05 22:06:15,991 - root - INFO - BPP: 16, Transparency: False
2021-10-05 22:06:15,991 - root - INFO - Resource 16 offset: 319939, length: 386...
2021-10-05 22:06:15,991 - root - DEBUG - Reading resource 16...
2021-10-05 22:06:15,991 - root - INFO - The image is bme.
2021-10-05 22:06:15,991 - root - INFO - Reading image header(readHeader16E)...
2021-10-05 22:06:15,991 - root - INFO - Image header was read:
2021-10-05 22:06:15,991 - root - INFO - Width: 16, Height: 19, RowLength: 32
2021-10-05 22:06:15,991 - root - INFO - datalength: 370, _step: 2
2021-10-05 22:06:15,991 - root - INFO - BPP: 16, Transparency: False
2021-10-05 22:06:15,991 - root - INFO - Resource 17 offset: 320325, length: 376...
2021-10-05 22:06:15,991 - root - DEBUG - Reading resource 17...
2021-10-05 22:06:15,991 - root - INFO - The image is bme.
2021-10-05 22:06:15,991 - root - INFO - Reading image header(readHeader16E)...
2021-10-05 22:06:15,991 - root - INFO - Image header was read:
2021-10-05 22:06:15,991 - root - INFO - Width: 16, Height: 19, RowLength: 32
2021-10-05 22:06:15,991 - root - INFO - datalength: 360, _step: 2
2021-10-05 22:06:15,991 - root - INFO - BPP: 16, Transparency: False
2021-10-05 22:06:15,991 - root - INFO - Resource 18 offset: 320701, length: 352...
2021-10-05 22:06:15,991 - root - DEBUG - Reading resource 18...
2021-10-05 22:06:15,991 - root - INFO - The image is bme.
2021-10-05 22:06:15,991 - root - INFO - Reading image header(readHeader16E)...
2021-10-05 22:06:15,991 - root - INFO - Image header was read:
2021-10-05 22:06:15,991 - root - INFO - Width: 16, Height: 19, RowLength: 32
2021-10-05 22:06:15,991 - root - INFO - datalength: 336, _step: 2
2021-10-05 22:06:15,991 - root - INFO - BPP: 16, Transparency: False
2021-10-05 22:06:16,001 - root - INFO - Resource 19 offset: 321053, length: 368...
2021-10-05 22:06:16,001 - root - DEBUG - Reading resource 19...
2021-10-05 22:06:16,001 - root - INFO - The image is bme.
2021-10-05 22:06:16,001 - root - INFO - Reading image header(readHeader16E)...
2021-10-05 22:06:16,001 - root - INFO - Image header was read:
2021-10-05 22:06:16,001 - root - INFO - Width: 16, Height: 19, RowLength: 32
2021-10-05 22:06:16,001 - root - INFO - datalength: 352, _step: 2
2021-10-05 22:06:16,001 - root - INFO - BPP: 16, Transparency: False
2021-10-05 22:06:16,001 - root - INFO - Resource 20 offset: 321421, length: 424...
2021-10-05 22:06:16,001 - root - DEBUG - Reading resource 20...
2021-10-05 22:06:16,001 - root - INFO - The image is bme.
2021-10-05 22:06:16,001 - root - INFO - Reading image header(readHeader16E)...
2021-10-05 22:06:16,001 - root - INFO - Image header was read:
2021-10-05 22:06:16,001 - root - INFO - Width: 16, Height: 19, RowLength: 32
2021-10-05 22:06:16,001 - root - INFO - datalength: 408, _step: 2
2021-10-05 22:06:16,001 - root - INFO - BPP: 16, Transparency: False
2021-10-05 22:06:16,001 - root - INFO - Resource 21 offset: 321845, length: 270...
2021-10-05 22:06:16,001 - root - DEBUG - Reading resource 21...
2021-10-05 22:06:16,001 - root - INFO - The image is bme.
2021-10-05 22:06:16,001 - root - INFO - Reading image header(readHeader16E)...
2021-10-05 22:06:16,001 - root - INFO - Image header was read:
2021-10-05 22:06:16,001 - root - INFO - Width: 16, Height: 19, RowLength: 32
2021-10-05 22:06:16,001 - root - INFO - datalength: 254, _step: 2
2021-10-05 22:06:16,001 - root - INFO - BPP: 16, Transparency: False
2021-10-05 22:06:16,001 - root - INFO - Resource 22 offset: 322115, length: 428...
2021-10-05 22:06:16,001 - root - DEBUG - Reading resource 22...
2021-10-05 22:06:16,001 - root - INFO - The image is bme.
2021-10-05 22:06:16,001 - root - INFO - Reading image header(readHeader16E)...
2021-10-05 22:06:16,001 - root - INFO - Image header was read:
2021-10-05 22:06:16,001 - root - INFO - Width: 16, Height: 19, RowLength: 32
2021-10-05 22:06:16,001 - root - INFO - datalength: 412, _step: 2
2021-10-05 22:06:16,001 - root - INFO - BPP: 16, Transparency: False
2021-10-05 22:06:16,001 - root - INFO - Resource 23 offset: 322543, length: 416...
2021-10-05 22:06:16,001 - root - DEBUG - Reading resource 23...
2021-10-05 22:06:16,001 - root - INFO - The image is bme.
2021-10-05 22:06:16,001 - root - INFO - Reading image header(readHeader16E)...
2021-10-05 22:06:16,001 - root - INFO - Image header was read:
2021-10-05 22:06:16,001 - root - INFO - Width: 16, Height: 19, RowLength: 32
2021-10-05 22:06:16,001 - root - INFO - datalength: 400, _step: 2
2021-10-05 22:06:16,001 - root - INFO - BPP: 16, Transparency: False
2021-10-05 22:06:16,001 - root - INFO - Resource 24 offset: 322959, length: 454...
2021-10-05 22:06:16,001 - root - DEBUG - Reading resource 24...
2021-10-05 22:06:16,001 - root - INFO - The image is bme.
2021-10-05 22:06:16,001 - root - INFO - Reading image header(readHeader16E)...
2021-10-05 22:06:16,001 - root - INFO - Image header was read:
2021-10-05 22:06:16,001 - root - INFO - Width: 16, Height: 19, RowLength: 32
2021-10-05 22:06:16,001 - root - INFO - datalength: 438, _step: 2
2021-10-05 22:06:16,001 - root - INFO - BPP: 16, Transparency: False
2021-10-05 22:06:16,001 - root - INFO - Resource 25 offset: 323413, length: 5484...
2021-10-05 22:06:16,001 - root - DEBUG - Reading resource 25...
2021-10-05 22:06:16,001 - root - INFO - The image is bme.
2021-10-05 22:06:16,001 - root - INFO - Reading image header(readHeader16E)...
2021-10-05 22:06:16,001 - root - INFO - Image header was read:
2021-10-05 22:06:16,001 - root - INFO - Width: 71, Height: 101, RowLength: 142
2021-10-05 22:06:16,001 - root - INFO - datalength: 5468, _step: 2
2021-10-05 22:06:16,001 - root - INFO - BPP: 16, Transparency: False
2021-10-05 22:06:16,010 - root - INFO - Resource 26 offset: 328897, length: 3908...
2021-10-05 22:06:16,010 - root - DEBUG - Reading resource 26...
2021-10-05 22:06:16,010 - root - INFO - The image is bme.
2021-10-05 22:06:16,010 - root - INFO - Reading image header(readHeader16E)...
2021-10-05 22:06:16,010 - root - INFO - Image header was read:
2021-10-05 22:06:16,010 - root - INFO - Width: 71, Height: 101, RowLength: 142
2021-10-05 22:06:16,010 - root - INFO - datalength: 3892, _step: 2
2021-10-05 22:06:16,010 - root - INFO - BPP: 16, Transparency: False
2021-10-05 22:06:16,021 - root - INFO - Resource 27 offset: 332805, length: 4742...
2021-10-05 22:06:16,021 - root - DEBUG - Reading resource 27...
2021-10-05 22:06:16,021 - root - INFO - The image is bme.
2021-10-05 22:06:16,021 - root - INFO - Reading image header(readHeader16E)...
2021-10-05 22:06:16,021 - root - INFO - Image header was read:
2021-10-05 22:06:16,021 - root - INFO - Width: 71, Height: 101, RowLength: 142
2021-10-05 22:06:16,021 - root - INFO - datalength: 4726, _step: 2
2021-10-05 22:06:16,021 - root - INFO - BPP: 16, Transparency: False
2021-10-05 22:06:16,035 - root - INFO - Resource 28 offset: 337547, length: 4868...
2021-10-05 22:06:16,035 - root - DEBUG - Reading resource 28...
2021-10-05 22:06:16,035 - root - INFO - The image is bme.
2021-10-05 22:06:16,035 - root - INFO - Reading image header(readHeader16E)...
2021-10-05 22:06:16,035 - root - INFO - Image header was read:
2021-10-05 22:06:16,035 - root - INFO - Width: 71, Height: 101, RowLength: 142
2021-10-05 22:06:16,035 - root - INFO - datalength: 4852, _step: 2
2021-10-05 22:06:16,035 - root - INFO - BPP: 16, Transparency: False
2021-10-05 22:06:16,045 - root - INFO - Resource 29 offset: 342415, length: 4704...
2021-10-05 22:06:16,045 - root - DEBUG - Reading resource 29...
2021-10-05 22:06:16,045 - root - INFO - The image is bme.
2021-10-05 22:06:16,045 - root - INFO - Reading image header(readHeader16E)...
2021-10-05 22:06:16,045 - root - INFO - Image header was read:
2021-10-05 22:06:16,045 - root - INFO - Width: 71, Height: 101, RowLength: 142
2021-10-05 22:06:16,045 - root - INFO - datalength: 4688, _step: 2
2021-10-05 22:06:16,045 - root - INFO - BPP: 16, Transparency: False
2021-10-05 22:06:16,050 - root - INFO - Resource 30 offset: 347119, length: 4940...
2021-10-05 22:06:16,050 - root - DEBUG - Reading resource 30...
2021-10-05 22:06:16,050 - root - INFO - The image is bme.
2021-10-05 22:06:16,050 - root - INFO - Reading image header(readHeader16E)...
2021-10-05 22:06:16,050 - root - INFO - Image header was read:
2021-10-05 22:06:16,050 - root - INFO - Width: 71, Height: 101, RowLength: 142
2021-10-05 22:06:16,050 - root - INFO - datalength: 4924, _step: 2
2021-10-05 22:06:16,050 - root - INFO - BPP: 16, Transparency: False
2021-10-05 22:06:16,063 - root - INFO - Resource 31 offset: 352059, length: 5548...
2021-10-05 22:06:16,063 - root - DEBUG - Reading resource 31...
2021-10-05 22:06:16,063 - root - INFO - The image is bme.
2021-10-05 22:06:16,063 - root - INFO - Reading image header(readHeader16E)...
2021-10-05 22:06:16,063 - root - INFO - Image header was read:
2021-10-05 22:06:16,063 - root - INFO - Width: 71, Height: 101, RowLength: 142
2021-10-05 22:06:16,063 - root - INFO - datalength: 5532, _step: 2
2021-10-05 22:06:16,063 - root - INFO - BPP: 16, Transparency: False
2021-10-05 22:06:16,070 - root - INFO - Resource 32 offset: 357607, length: 3922...
2021-10-05 22:06:16,070 - root - DEBUG - Reading resource 32...
2021-10-05 22:06:16,070 - root - INFO - The image is bme.
2021-10-05 22:06:16,070 - root - INFO - Reading image header(readHeader16E)...
2021-10-05 22:06:16,070 - root - INFO - Image header was read:
2021-10-05 22:06:16,081 - root - INFO - Width: 71, Height: 101, RowLength: 142
2021-10-05 22:06:16,081 - root - INFO - datalength: 3906, _step: 2
2021-10-05 22:06:16,081 - root - INFO - BPP: 16, Transparency: False
2021-10-05 22:06:16,081 - root - INFO - Resource 33 offset: 361529, length: 5736...
2021-10-05 22:06:16,081 - root - DEBUG - Reading resource 33...
2021-10-05 22:06:16,081 - root - INFO - The image is bme.
2021-10-05 22:06:16,081 - root - INFO - Reading image header(readHeader16E)...
2021-10-05 22:06:16,081 - root - INFO - Image header was read:
2021-10-05 22:06:16,081 - root - INFO - Width: 71, Height: 101, RowLength: 142
2021-10-05 22:06:16,081 - root - INFO - datalength: 5720, _step: 2
2021-10-05 22:06:16,081 - root - INFO - BPP: 16, Transparency: False
2021-10-05 22:06:16,091 - root - INFO - Resource 34 offset: 367265, length: 5586...
2021-10-05 22:06:16,091 - root - DEBUG - Reading resource 34...
2021-10-05 22:06:16,091 - root - INFO - The image is bme.
2021-10-05 22:06:16,091 - root - INFO - Reading image header(readHeader16E)...
2021-10-05 22:06:16,091 - root - INFO - Image header was read:
2021-10-05 22:06:16,091 - root - INFO - Width: 71, Height: 101, RowLength: 142
2021-10-05 22:06:16,091 - root - INFO - datalength: 5570, _step: 2
2021-10-05 22:06:16,101 - root - INFO - BPP: 16, Transparency: False
2021-10-05 22:06:16,110 - root - DEBUG - Parsing parameters...
2021-10-05 22:06:16,191 - root - DEBUG - 0 Value: None
2021-10-05 22:06:16,191 - root - DEBUG - 0.1 Value: 73
2021-10-05 22:06:16,191 - root - DEBUG - 2 Value: None
2021-10-05 22:06:16,191 - root - DEBUG - 2.1 Value: None
2021-10-05 22:06:16,191 - root - DEBUG - 2.1.1 Value: 0
2021-10-05 22:06:16,191 - root - DEBUG - 2.1.2 Value: 0
2021-10-05 22:06:16,191 - root - DEBUG - 2.1.3 Value: 0
2021-10-05 22:06:16,191 - root - DEBUG - 2.3 Value: None
2021-10-05 22:06:16,191 - root - DEBUG - 2.3.1 Value: 0
2021-10-05 22:06:16,191 - root - DEBUG - 2.3.2 Value: 0
2021-10-05 22:06:16,191 - root - DEBUG - 2.3.3 Value: 1
2021-10-05 22:06:16,191 - root - DEBUG - 2.4 Value: None
2021-10-05 22:06:16,191 - root - DEBUG - 2.4.1 Value: 0
2021-10-05 22:06:16,191 - root - DEBUG - 2.4.2 Value: 0
2021-10-05 22:06:16,191 - root - DEBUG - 2.4.3 Value: 1
2021-10-05 22:06:16,191 - root - DEBUG - 2.5 Value: None
2021-10-05 22:06:16,191 - root - DEBUG - 2.5.1 Value: 0
2021-10-05 22:06:16,191 - root - DEBUG - 2.5.2 Value: 0
2021-10-05 22:06:16,191 - root - DEBUG - 2.5.3 Value: 1
2021-10-05 22:06:16,191 - root - DEBUG - 4 Value: None
2021-10-05 22:06:16,191 - root - DEBUG - 4.1 Value: None
2021-10-05 22:06:16,191 - root - DEBUG - 4.1.1 Value: None
2021-10-05 22:06:16,191 - root - DEBUG - 4.1.1.1 Value: 222
2021-10-05 22:06:16,191 - root - DEBUG - 4.1.1.2 Value: 150
2021-10-05 22:06:16,191 - root - DEBUG - 4.1.1.3 Value: 223
2021-10-05 22:06:16,191 - root - DEBUG - 4.1.1.4 Value: 151
2021-10-05 22:06:16,191 - root - DEBUG - 4.1.1.5 Value: 18
2021-10-05 22:06:16,191 - root - DEBUG - 4.1.1.6 Value: 0
2021-10-05 22:06:16,191 - root - DEBUG - 4.1.1.7 Value: 0
2021-10-05 22:06:16,191 - root - DEBUG - 4.1.1.8 Value: 4
2021-10-05 22:06:16,191 - root - DEBUG - 4.1.1.9 Value: 10
2021-10-05 22:06:16,191 - root - DEBUG - 4.7 Value: 0
2021-10-05 22:06:16,191 - root - DEBUG - 5 Value: None
2021-10-05 22:06:16,191 - root - DEBUG - 5.1 Value: None
2021-10-05 22:06:16,191 - root - DEBUG - 5.1.4 Value: 1
2021-10-05 22:06:16,191 - root - DEBUG - 5.1.5 Value: 1
2021-10-05 22:06:16,191 - root - DEBUG - 5.1.6 Value: 0
2021-10-05 22:06:16,191 - root - DEBUG - 5.2 Value: None
2021-10-05 22:06:16,191 - root - DEBUG - 5.2.1 Value: 0
2021-10-05 22:06:16,191 - root - DEBUG - 5.2.2 Value: 0
2021-10-05 22:06:16,191 - root - DEBUG - 5.2.5 Value: 2
2021-10-05 22:06:16,191 - root - DEBUG - 5.2.6 Value: 3
2021-10-05 22:06:16,191 - root - DEBUG - 5.2.8 Value: None
2021-10-05 22:06:16,191 - root - DEBUG - 5.2.8.1 Value: 66
2021-10-05 22:06:16,191 - root - DEBUG - 5.2.8.2 Value: 288
2021-10-05 22:06:16,191 - root - DEBUG - 5.2.9 Value: None
2021-10-05 22:06:16,191 - root - DEBUG - 5.2.9.1 Value: 66
2021-10-05 22:06:16,191 - root - DEBUG - 5.2.9.2 Value: 288
2021-10-05 22:06:16,191 - root - DEBUG - 9 Value: None
2021-10-05 22:06:16,191 - root - DEBUG - 9.1 Value: None
2021-10-05 22:06:16,191 - root - DEBUG - 9.1.1 Value: None
2021-10-05 22:06:16,191 - root - DEBUG - 9.1.1.1 Value: 155
2021-10-05 22:06:16,191 - root - DEBUG - 9.1.1.2 Value: 12
2021-10-05 22:06:16,191 - root - DEBUG - 9.1.1.3 Value: 156
2021-10-05 22:06:16,191 - root - DEBUG - 9.1.1.4 Value: 13
2021-10-05 22:06:16,191 - root - DEBUG - 9.1.1.5 Value: 18
2021-10-05 22:06:16,191 - root - DEBUG - 9.1.1.6 Value: 0
2021-10-05 22:06:16,201 - root - DEBUG - 9.1.1.7 Value: 0
2021-10-05 22:06:16,201 - root - DEBUG - 9.1.1.8 Value: 14
2021-10-05 22:06:16,201 - root - DEBUG - 9.1.1.9 Value: 10
2021-10-05 22:06:16,201 - root - DEBUG - 9.1.4 Value: 24
2021-10-05 22:06:16,201 - root - DEBUG - 21 Value: None
2021-10-05 22:06:16,201 - root - DEBUG - 21.1 Value: None
2021-10-05 22:06:16,201 - root - DEBUG - 21.1.1 Value: 10
2021-10-05 22:06:16,201 - root - DEBUG - 21.1.2 Value: 80
2021-10-05 22:06:16,201 - root - DEBUG - 21.1.3 Value: 11
2021-10-05 22:06:16,201 - root - DEBUG - 21.1.4 Value: 81
2021-10-05 22:06:16,201 - root - DEBUG - 21.1.5 Value: 18
2021-10-05 22:06:16,201 - root - DEBUG - 21.1.6 Value: 0
2021-10-05 22:06:16,201 - root - DEBUG - 21.1.7 Value: 0
2021-10-05 22:06:16,201 - root - DEBUG - 21.1.8 Value: 25
2021-10-05 22:06:16,201 - root - DEBUG - 21.1.9 Value: 10
2021-10-05 22:06:16,201 - root - DEBUG - 21.3 Value: 1
2021-10-05 22:06:16,201 - root - DEBUG - 21.6 Value: 0
2021-10-05 22:06:16,201 - root - DEBUG - 21.8 Value: None
2021-10-05 22:06:16,201 - root - DEBUG - 21.8.1 Value: 1
2021-10-05 22:06:16,201 - root - DEBUG - 21.8.2 Value: None
2021-10-05 22:06:16,201 - root - DEBUG - 21.8.2.1 Value: 10
2021-10-05 22:06:16,201 - root - DEBUG - 21.8.2.2 Value: 180
2021-10-05 22:06:16,201 - root - DEBUG - 21.8.2.3 Value: 11
2021-10-05 22:06:16,201 - root - DEBUG - 21.8.2.4 Value: 181
2021-10-05 22:06:16,201 - root - DEBUG - 21.8.2.5 Value: 18
2021-10-05 22:06:16,201 - root - DEBUG - 21.8.2.6 Value: 0
2021-10-05 22:06:16,201 - root - DEBUG - 21.8.2.7 Value: 0
2021-10-05 22:06:16,201 - root - DEBUG - 21.8.2.8 Value: 25
2021-10-05 22:06:16,201 - root - DEBUG - 21.8.2.9 Value: 10
2021-10-05 22:06:16,201 - root - DEBUG - 21.8.4 Value: 1
2021-10-05 22:06:16,201 - root - DEBUG - 21.8.5 Value: 1
2021-10-05 22:06:16,201 - root - DEBUG - 21.8.8 Value: 0
2021-10-05 22:06:16,201 - root - DEBUG - 21.8.9 Value: 0
2021-10-05 22:06:16,201 - root - DEBUG - 0-Info
2021-10-05 22:06:16,201 - root - DEBUG - 0.1-DeviceId
2021-10-05 22:06:16,201 - root - DEBUG - 2-Background
2021-10-05 22:06:16,201 - root - DEBUG - 2.1-Image
2021-10-05 22:06:16,201 - root - DEBUG - 2.1.1-X
2021-10-05 22:06:16,201 - root - DEBUG - 2.1.2-Y
2021-10-05 22:06:16,201 - root - DEBUG - 2.1.3-ImageIndex
2021-10-05 22:06:16,201 - root - DEBUG - 2.3-Preview
2021-10-05 22:06:16,201 - root - DEBUG - 2.3.1-X
2021-10-05 22:06:16,201 - root - DEBUG - 2.3.2-Y
2021-10-05 22:06:16,201 - root - DEBUG - 2.3.3-ImageIndex
2021-10-05 22:06:16,201 - root - DEBUG - 2.4-PreviewKorean
2021-10-05 22:06:16,201 - root - DEBUG - 2.4.1-X
2021-10-05 22:06:16,201 - root - DEBUG - 2.4.2-Y
2021-10-05 22:06:16,201 - root - DEBUG - 2.4.3-ImageIndex
2021-10-05 22:06:16,201 - root - DEBUG - 2.5-PreviewChinese
2021-10-05 22:06:16,201 - root - DEBUG - 2.5.1-X
2021-10-05 22:06:16,201 - root - DEBUG - 2.5.2-Y
2021-10-05 22:06:16,201 - root - DEBUG - 2.5.3-ImageIndex
2021-10-05 22:06:16,201 - root - DEBUG - 4-Activity
2021-10-05 22:06:16,201 - root - DEBUG - 4.1-Steps
2021-10-05 22:06:16,201 - root - DEBUG - 4.1.1-ImageNumber
2021-10-05 22:06:16,201 - root - DEBUG - 4.1.1.1-TopLeftX
2021-10-05 22:06:16,201 - root - DEBUG - 4.1.1.2-TopLeftY
2021-10-05 22:06:16,201 - root - DEBUG - 4.1.1.3-BottomRightX
2021-10-05 22:06:16,201 - root - DEBUG - 4.1.1.4-BottomRightY
2021-10-05 22:06:16,201 - root - DEBUG - 4.1.1.5-Alignment
2021-10-05 22:06:16,201 - root - DEBUG - 4.1.1.6-Spacing
2021-10-05 22:06:16,201 - root - DEBUG - 4.1.1.7-VerticalOffset
2021-10-05 22:06:16,201 - root - DEBUG - 4.1.1.8-ImageIndex
2021-10-05 22:06:16,201 - root - DEBUG - 4.1.1.9-ImagesCount
2021-10-05 22:06:16,201 - root - DEBUG - 4.7-UnknownLongValue7
2021-10-05 22:06:16,201 - root - DEBUG - 5-DateBlock
2021-10-05 22:06:16,201 - root - DEBUG - 5.1-Date
2021-10-05 22:06:16,201 - root - DEBUG - 5.1.4-PaddingZeroMonth
2021-10-05 22:06:16,201 - root - DEBUG - 5.1.5-PaddingZeroDay
2021-10-05 22:06:16,201 - root - DEBUG - 5.1.6-Unknown6
2021-10-05 22:06:16,201 - root - DEBUG - 5.2-AmPm
2021-10-05 22:06:16,201 - root - DEBUG - 5.2.1-CommonX
2021-10-05 22:06:16,201 - root - DEBUG - 5.2.2-CommonY
2021-10-05 22:06:16,201 - root - DEBUG - 5.2.5-AmImageIndexEN
2021-10-05 22:06:16,201 - root - DEBUG - 5.2.6-PmImageIndexEN
2021-10-05 22:06:16,201 - root - DEBUG - 5.2.8-CoordinatesAM
2021-10-05 22:06:16,201 - root - DEBUG - 5.2.8.1-X
2021-10-05 22:06:16,201 - root - DEBUG - 5.2.8.2-Y
2021-10-05 22:06:16,201 - root - DEBUG - 5.2.9-CoordinatesPM
2021-10-05 22:06:16,201 - root - DEBUG - 5.2.9.1-X
2021-10-05 22:06:16,201 - root - DEBUG - 5.2.9.2-Y
2021-10-05 22:06:16,201 - root - DEBUG - 9-Battery
2021-10-05 22:06:16,201 - root - DEBUG - 9.1-BatteryText
2021-10-05 22:06:16,201 - root - DEBUG - 9.1.1-ImageNumber
2021-10-05 22:06:16,201 - root - DEBUG - 9.1.1.1-TopLeftX
2021-10-05 22:06:16,201 - root - DEBUG - 9.1.1.2-TopLeftY
2021-10-05 22:06:16,201 - root - DEBUG - 9.1.1.3-BottomRightX
2021-10-05 22:06:16,201 - root - DEBUG - 9.1.1.4-BottomRightY
2021-10-05 22:06:16,201 - root - DEBUG - 9.1.1.5-Alignment
2021-10-05 22:06:16,201 - root - DEBUG - 9.1.1.6-Spacing
2021-10-05 22:06:16,201 - root - DEBUG - 9.1.1.7-VerticalOffset
2021-10-05 22:06:16,201 - root - DEBUG - 9.1.1.8-ImageIndex
2021-10-05 22:06:16,201 - root - DEBUG - 9.1.1.9-ImagesCount
2021-10-05 22:06:16,201 - root - DEBUG - 9.1.4-SuffixImageIndex
2021-10-05 22:06:16,201 - root - DEBUG - 21-TimeDigital
2021-10-05 22:06:16,201 - root - DEBUG - 21.1-Hours
2021-10-05 22:06:16,201 - root - DEBUG - 21.1.1-TopLeftX
2021-10-05 22:06:16,201 - root - DEBUG - 21.1.2-TopLeftY
2021-10-05 22:06:16,201 - root - DEBUG - 21.1.3-BottomRightX
2021-10-05 22:06:16,201 - root - DEBUG - 21.1.4-BottomRightY
2021-10-05 22:06:16,201 - root - DEBUG - 21.1.5-Alignment
2021-10-05 22:06:16,201 - root - DEBUG - 21.1.6-Spacing
2021-10-05 22:06:16,201 - root - DEBUG - 21.1.7-VerticalOffset
2021-10-05 22:06:16,210 - root - DEBUG - 21.1.8-ImageIndex
2021-10-05 22:06:16,210 - root - DEBUG - 21.1.9-ImagesCount
2021-10-05 22:06:16,210 - root - DEBUG - 21.3-PaddingZeroHours
2021-10-05 22:06:16,210 - root - DEBUG - 21.6-HoursFollowPosition
2021-10-05 22:06:16,210 - root - DEBUG - 21.8-Time
2021-10-05 22:06:16,210 - root - DEBUG - 21.8.1-Unknown1
2021-10-05 22:06:16,210 - root - DEBUG - 21.8.2-Minutes
2021-10-05 22:06:16,210 - root - DEBUG - 21.8.2.1-TopLeftX
2021-10-05 22:06:16,210 - root - DEBUG - 21.8.2.2-TopLeftY
2021-10-05 22:06:16,210 - root - DEBUG - 21.8.2.3-BottomRightX
2021-10-05 22:06:16,210 - root - DEBUG - 21.8.2.4-BottomRightY
2021-10-05 22:06:16,210 - root - DEBUG - 21.8.2.5-Alignment
2021-10-05 22:06:16,210 - root - DEBUG - 21.8.2.6-Spacing
2021-10-05 22:06:16,210 - root - DEBUG - 21.8.2.7-VerticalOffset
2021-10-05 22:06:16,210 - root - DEBUG - 21.8.2.8-ImageIndex
2021-10-05 22:06:16,210 - root - DEBUG - 21.8.2.9-ImagesCount
2021-10-05 22:06:16,210 - root - DEBUG - 21.8.4-PaddingZeroMinutes
2021-10-05 22:06:16,210 - root - DEBUG - 21.8.5-PaddingZeroSeconds
2021-10-05 22:06:16,210 - root - DEBUG - 21.8.8-MinutesFollowHours
2021-10-05 22:06:16,210 - root - DEBUG - 21.8.9-SecondsFollowMinutes
2021-10-05 22:06:16,210 - root - DEBUG - generatePreviews
2021-10-05 22:06:16,210 - root - DEBUG - Generating previews...
2021-10-05 22:06:16,210 - root - DEBUG - Generating states done...
2021-10-05 22:06:16,220 - root - DEBUG - >>>>>>>>>>>> 0 <watchFaceParser.models.parameter.Parameter object at 0x000001C6EFC85548>
2021-10-05 22:06:16,220 - root - DEBUG - >>>>>>>>>>>> 2 <watchFaceParser.models.parameter.Parameter object at 0x000001C6EFC75A88>
2021-10-05 22:06:16,220 - root - DEBUG - >>>>>>>>>>>> 4 <watchFaceParser.models.parameter.Parameter object at 0x000001C6EFC82088>
2021-10-05 22:06:16,235 - root - DEBUG - >>>>>>>>>>>> 5 <watchFaceParser.models.parameter.Parameter object at 0x000001C6EFC82788>
2021-10-05 22:06:16,241 - root - DEBUG - >>>>>>>>>>>> 9 <watchFaceParser.models.parameter.Parameter object at 0x000001C6EFC82A48>
2021-10-05 22:06:16,241 - root - DEBUG - >>>>>>>>>>>> 21 <watchFaceParser.models.parameter.Parameter object at 0x000001C6EFC82948>
2021-10-05 22:06:16,270 - root - DEBUG - Generating static preview gen done...
2021-10-05 22:06:16,321 - root - DEBUG - Generating static preview save done...
2021-10-05 22:06:16,321 - root - DEBUG - Generating anim preview gen done...
2021-10-05 22:06:16,321 - root - DEBUG - >>>>>>>>>>>> 0 <watchFaceParser.models.parameter.Parameter object at 0x000001C6EFC85548>
2021-10-05 22:06:16,321 - root - DEBUG - >>>>>>>>>>>> 2 <watchFaceParser.models.parameter.Parameter object at 0x000001C6EFC75A88>
2021-10-05 22:06:16,321 - root - DEBUG - >>>>>>>>>>>> 4 <watchFaceParser.models.parameter.Parameter object at 0x000001C6EFC82088>
2021-10-05 22:06:16,321 - root - DEBUG - >>>>>>>>>>>> 5 <watchFaceParser.models.parameter.Parameter object at 0x000001C6EFC82788>
2021-10-05 22:06:16,321 - root - DEBUG - >>>>>>>>>>>> 9 <watchFaceParser.models.parameter.Parameter object at 0x000001C6EFC82A48>
2021-10-05 22:06:16,321 - root - DEBUG - >>>>>>>>>>>> 21 <watchFaceParser.models.parameter.Parameter object at 0x000001C6EFC82948>
2021-10-05 22:06:16,421 - root - DEBUG - generatePreviews done
2021-10-05 22:06:16,421 - root - DEBUG - Exporting resources to '044c1ded108e5194ba13e18ea9c136b1'
2021-10-05 22:06:16,421 - root - DEBUG - extracting 044c1ded108e5194ba13e18ea9c136b1\0000.png...
2021-10-05 22:06:16,441 - root - DEBUG - extracting 044c1ded108e5194ba13e18ea9c136b1\0001.png...
2021-10-05 22:06:16,450 - root - DEBUG - extracting 044c1ded108e5194ba13e18ea9c136b1\0002.png...
2021-10-05 22:06:16,450 - root - DEBUG - extracting 044c1ded108e5194ba13e18ea9c136b1\0003.png...
2021-10-05 22:06:16,450 - root - DEBUG - extracting 044c1ded108e5194ba13e18ea9c136b1\0004.png...
2021-10-05 22:06:16,450 - root - DEBUG - extracting 044c1ded108e5194ba13e18ea9c136b1\0005.png...
2021-10-05 22:06:16,461 - root - DEBUG - extracting 044c1ded108e5194ba13e18ea9c136b1\0006.png...
2021-10-05 22:06:16,461 - root - DEBUG - extracting 044c1ded108e5194ba13e18ea9c136b1\0007.png...
2021-10-05 22:06:16,461 - root - DEBUG - extracting 044c1ded108e5194ba13e18ea9c136b1\0008.png...
2021-10-05 22:06:16,461 - root - DEBUG - extracting 044c1ded108e5194ba13e18ea9c136b1\0009.png...
2021-10-05 22:06:16,461 - root - DEBUG - extracting 044c1ded108e5194ba13e18ea9c136b1\0010.png...
2021-10-05 22:06:16,461 - root - DEBUG - extracting 044c1ded108e5194ba13e18ea9c136b1\0011.png...
2021-10-05 22:06:16,461 - root - DEBUG - extracting 044c1ded108e5194ba13e18ea9c136b1\0012.png...
2021-10-05 22:06:16,461 - root - DEBUG - extracting 044c1ded108e5194ba13e18ea9c136b1\0013.png...
2021-10-05 22:06:16,461 - root - DEBUG - extracting 044c1ded108e5194ba13e18ea9c136b1\0014.png...
2021-10-05 22:06:16,461 - root - DEBUG - extracting 044c1ded108e5194ba13e18ea9c136b1\0015.png...
2021-10-05 22:06:16,461 - root - DEBUG - extracting 044c1ded108e5194ba13e18ea9c136b1\0016.png...
2021-10-05 22:06:16,461 - root - DEBUG - extracting 044c1ded108e5194ba13e18ea9c136b1\0017.png...
2021-10-05 22:06:16,461 - root - DEBUG - extracting 044c1ded108e5194ba13e18ea9c136b1\0018.png...
2021-10-05 22:06:16,461 - root - DEBUG - extracting 044c1ded108e5194ba13e18ea9c136b1\0019.png...
2021-10-05 22:06:16,471 - root - DEBUG - extracting 044c1ded108e5194ba13e18ea9c136b1\0020.png...
2021-10-05 22:06:16,471 - root - DEBUG - extracting 044c1ded108e5194ba13e18ea9c136b1\0021.png...
2021-10-05 22:06:16,471 - root - DEBUG - extracting 044c1ded108e5194ba13e18ea9c136b1\0022.png...
2021-10-05 22:06:16,471 - root - DEBUG - extracting 044c1ded108e5194ba13e18ea9c136b1\0023.png...
2021-10-05 22:06:16,471 - root - DEBUG - extracting 044c1ded108e5194ba13e18ea9c136b1\0024.png...
2021-10-05 22:06:16,471 - root - DEBUG - extracting 044c1ded108e5194ba13e18ea9c136b1\0025.png...
2021-10-05 22:06:16,471 - root - DEBUG - extracting 044c1ded108e5194ba13e18ea9c136b1\0026.png...
2021-10-05 22:06:16,471 - root - DEBUG - extracting 044c1ded108e5194ba13e18ea9c136b1\0027.png...
2021-10-05 22:06:16,471 - root - DEBUG - extracting 044c1ded108e5194ba13e18ea9c136b1\0028.png...
2021-10-05 22:06:16,481 - root - DEBUG - extracting 044c1ded108e5194ba13e18ea9c136b1\0029.png...
2021-10-05 22:06:16,481 - root - DEBUG - extracting 044c1ded108e5194ba13e18ea9c136b1\0030.png...
2021-10-05 22:06:16,481 - root - DEBUG - extracting 044c1ded108e5194ba13e18ea9c136b1\0031.png...
2021-10-05 22:06:16,481 - root - DEBUG - extracting 044c1ded108e5194ba13e18ea9c136b1\0032.png...
2021-10-05 22:06:16,481 - root - DEBUG - extracting 044c1ded108e5194ba13e18ea9c136b1\0033.png...
2021-10-05 22:06:16,481 - root - DEBUG - extracting 044c1ded108e5194ba13e18ea9c136b1\0034.png...
2021-10-05 22:06:16,481 - root - DEBUG - Exporting config...
