2023-07-09 17:51:59,319 - root - DEBUG - Opening watch face 'E:\Codez\zepp-gts2mini-wf\99a4611e7182c137e6b32cb6476ee37c.bin'
2023-07-09 17:51:59,331 - root - DEBUG - Reading parameters...
2023-07-09 17:51:59,331 - root - INFO - Reading header...
2023-07-09 17:51:59,334 - root - INFO - Header was read:
2023-07-09 17:51:59,334 - root - INFO - Signature: b'UIHH\x01\x00\xff', Unknown: 109, ParametersSize: 40, isValid: True, deviceId: 73
2023-07-09 17:51:59,334 - root - INFO - Reading parameter offsets...
2023-07-09 17:51:59,334 - root - INFO - Parameter offsets were read from file
2023-07-09 17:51:59,334 - root - INFO - Reading parameters descriptor...
2023-07-09 17:51:59,334 - root - INFO - 1 ( A): 5 bytes
2023-07-09 17:51:59,334 - root - INFO -     1 ( 8): 377 179
2023-07-09 17:51:59,335 - root - INFO -     2 (10): 87 57
2023-07-09 17:51:59,335 - root - INFO - getParameters descriptor was read:
2023-07-09 17:51:59,335 - root - INFO - ParametersTableLength: 377, ImagesCount: 87
2023-07-09 17:51:59,335 - root - INFO - Reading parameters locations...
2023-07-09 17:51:59,336 - root - INFO - 2 (12): 4 bytes
2023-07-09 17:51:59,336 - root - INFO -     1 ( 8): 0  0
2023-07-09 17:51:59,336 - root - INFO -     2 (10): 32 20
2023-07-09 17:51:59,336 - root - INFO - 3 (1A): 4 bytes
2023-07-09 17:51:59,336 - root - INFO -     1 ( 8): 32 20
2023-07-09 17:51:59,337 - root - INFO -     2 (10): 84 54
2023-07-09 17:51:59,337 - root - INFO - 4 (22): 5 bytes
2023-07-09 17:51:59,337 - root - INFO -     1 ( 8): 225 E1
2023-07-09 17:51:59,337 - root - INFO -     2 (10): 75 4B
2023-07-09 17:51:59,337 - root - INFO - 5 (2A): 4 bytes
2023-07-09 17:51:59,337 - root - INFO -     1 ( 8): 116 74
2023-07-09 17:51:59,337 - root - INFO -     2 (10): 109 6D
2023-07-09 17:51:59,338 - root - INFO - 29 (EA): 5 bytes
2023-07-09 17:51:59,338 - root - INFO -     1 ( 8): 300 12C
2023-07-09 17:51:59,338 - root - INFO -     2 (10): 77 4D
2023-07-09 17:51:59,339 - root - INFO - Watch face parameters locations were read:
2023-07-09 17:51:59,340 - root - INFO - Reading descriptor for parameter 2
2023-07-09 17:51:59,340 - root - INFO - Descriptor offset: 0, Descriptor length: 32
2023-07-09 17:51:59,340 - root - INFO - Parsing descriptor for parameter 2...
2023-07-09 17:51:59,340 - root - INFO - 1 ( A): 6 bytes
2023-07-09 17:51:59,340 - root - INFO -     1 ( 8): 0  0
2023-07-09 17:51:59,340 - root - INFO -     2 (10): 0  0
2023-07-09 17:51:59,340 - root - INFO -     3 (18): 2  2
2023-07-09 17:51:59,341 - root - INFO - 3 (1A): 6 bytes
2023-07-09 17:51:59,341 - root - INFO -     1 ( 8): 0  0
2023-07-09 17:51:59,341 - root - INFO -     2 (10): 0  0
2023-07-09 17:51:59,341 - root - INFO -     3 (18): 1  1
2023-07-09 17:51:59,341 - root - INFO - 4 (22): 6 bytes
2023-07-09 17:51:59,344 - root - INFO -     1 ( 8): 0  0
2023-07-09 17:51:59,344 - root - INFO -     2 (10): 0  0
2023-07-09 17:51:59,344 - root - INFO -     3 (18): 0  0
2023-07-09 17:51:59,344 - root - INFO - 5 (2A): 6 bytes
2023-07-09 17:51:59,344 - root - INFO -     1 ( 8): 0  0
2023-07-09 17:51:59,344 - root - INFO -     2 (10): 0  0
2023-07-09 17:51:59,345 - root - INFO -     3 (18): 0  0
2023-07-09 17:51:59,345 - root - INFO - Reading descriptor for parameter 3
2023-07-09 17:51:59,345 - root - INFO - Descriptor offset: 32, Descriptor length: 84
2023-07-09 17:51:59,345 - root - INFO - Parsing descriptor for parameter 3...
2023-07-09 17:51:59,346 - root - INFO - 1 ( A): 82 bytes
2023-07-09 17:51:59,346 - root - INFO -     1 ( A): 21 bytes
2023-07-09 17:51:59,346 - root - INFO -         1 ( A): 8 bytes
2023-07-09 17:51:59,346 - root - INFO -             1 ( 8): 89 59
2023-07-09 17:51:59,346 - root - INFO -             2 (10): 42 2A
2023-07-09 17:51:59,346 - root - INFO -             3 (18): 3  3
2023-07-09 17:51:59,347 - root - INFO -             4 (20): 10  A
2023-07-09 17:51:59,347 - root - INFO -         2 (12): 9 bytes
2023-07-09 17:51:59,347 - root - INFO -             1 ( 8): 135 87
2023-07-09 17:51:59,347 - root - INFO -             2 (10): 42 2A
2023-07-09 17:51:59,347 - root - INFO -             3 (18): 3  3
2023-07-09 17:51:59,347 - root - INFO -             4 (20): 10  A
2023-07-09 17:51:59,347 - root - INFO -     2 (12): 22 bytes
2023-07-09 17:51:59,348 - root - INFO -         1 ( A): 9 bytes
2023-07-09 17:51:59,348 - root - INFO -             1 ( 8): 207 CF
2023-07-09 17:51:59,348 - root - INFO -             2 (10): 42 2A
2023-07-09 17:51:59,348 - root - INFO -             3 (18): 3  3
2023-07-09 17:51:59,348 - root - INFO -             4 (20): 10  A
2023-07-09 17:51:59,348 - root - INFO -         2 (12): 9 bytes
2023-07-09 17:51:59,348 - root - INFO -             1 ( 8): 253 FD
2023-07-09 17:51:59,349 - root - INFO -             2 (10): 42 2A
2023-07-09 17:51:59,349 - root - INFO -             3 (18): 3  3
2023-07-09 17:51:59,349 - root - INFO -             4 (20): 10  A
2023-07-09 17:51:59,349 - root - INFO -     3 (1A): 20 bytes
2023-07-09 17:51:59,349 - root - INFO -         1 ( A): 8 bytes
2023-07-09 17:51:59,349 - root - INFO -             1 ( 8): 93 5D
2023-07-09 17:51:59,349 - root - INFO -             2 (10): 7  7
2023-07-09 17:51:59,350 - root - INFO -             3 (18): 13  D
2023-07-09 17:51:59,350 - root - INFO -             4 (20): 10  A
2023-07-09 17:51:59,350 - root - INFO -         2 (12): 8 bytes
2023-07-09 17:51:59,350 - root - INFO -             1 ( 8): 112 70
2023-07-09 17:51:59,351 - root - INFO -             2 (10): 7  7
2023-07-09 17:51:59,351 - root - INFO -             3 (18): 13  D
2023-07-09 17:51:59,351 - root - INFO -             4 (20): 10  A
2023-07-09 17:51:59,351 - root - INFO -     5 (2A): 7 bytes
2023-07-09 17:51:59,351 - root - INFO -         1 ( 8): 181 B5
2023-07-09 17:51:59,351 - root - INFO -         2 (10): 42 2A
2023-07-09 17:51:59,351 - root - INFO -         3 (18): 23 17
2023-07-09 17:51:59,352 - root - INFO -     7 (38): 0  0
2023-07-09 17:51:59,352 - root - INFO -     8 (40): 1  1
2023-07-09 17:51:59,352 - root - INFO - Reading descriptor for parameter 4
2023-07-09 17:51:59,352 - root - INFO - Descriptor offset: 225, Descriptor length: 75
2023-07-09 17:51:59,353 - root - INFO - Parsing descriptor for parameter 4...
2023-07-09 17:51:59,353 - root - INFO - 1 ( A): 23 bytes
2023-07-09 17:51:59,353 - root - INFO -     1 ( A): 21 bytes
2023-07-09 17:51:59,353 - root - INFO -         1 ( 8): 127 7F
2023-07-09 17:51:59,353 - root - INFO -         2 (10): 285 11D
2023-07-09 17:51:59,353 - root - INFO -         3 (18): 221 DD
2023-07-09 17:51:59,353 - root - INFO -         4 (20): 313 139
2023-07-09 17:51:59,354 - root - INFO -         5 (28): 20 14
2023-07-09 17:51:59,354 - root - INFO -         6 (30): 1  1
2023-07-09 17:51:59,354 - root - INFO -         7 (38): 0  0
2023-07-09 17:51:59,354 - root - INFO -         8 (40): 13  D
2023-07-09 17:51:59,354 - root - INFO -         9 (48): 10  A
2023-07-09 17:51:59,354 - root - INFO - 4 (22): 24 bytes
2023-07-09 17:51:59,354 - root - INFO -     1 ( A): 20 bytes
2023-07-09 17:51:59,354 - root - INFO -         1 ( 8): 18 12
2023-07-09 17:51:59,355 - root - INFO -         2 (10): 143 8F
2023-07-09 17:51:59,355 - root - INFO -         3 (18): 74 4A
2023-07-09 17:51:59,355 - root - INFO -         4 (20): 171 AB
2023-07-09 17:51:59,355 - root - INFO -         5 (28): 20 14
2023-07-09 17:51:59,355 - root - INFO -         6 (30): 1  1
2023-07-09 17:51:59,355 - root - INFO -         7 (38): 0  0
2023-07-09 17:51:59,355 - root - INFO -         8 (40): 13  D
2023-07-09 17:51:59,356 - root - INFO -         9 (48): 10  A
2023-07-09 17:51:59,356 - root - INFO -     3 (18): 76 4C
2023-07-09 17:51:59,356 - root - INFO - 6 (32): 20 bytes
2023-07-09 17:51:59,356 - root - INFO -     1 ( A): 18 bytes
2023-07-09 17:51:59,356 - root - INFO -         1 ( 8): 18 12
2023-07-09 17:51:59,356 - root - INFO -         2 (10): 51 33
2023-07-09 17:51:59,356 - root - INFO -         3 (18): 74 4A
2023-07-09 17:51:59,357 - root - INFO -         4 (20): 79 4F
2023-07-09 17:51:59,357 - root - INFO -         5 (28): 20 14
2023-07-09 17:51:59,357 - root - INFO -         6 (30): 1  1
2023-07-09 17:51:59,358 - root - INFO -         7 (38): 0  0
2023-07-09 17:51:59,358 - root - INFO -         8 (40): 77 4D
2023-07-09 17:51:59,358 - root - INFO -         9 (48): 10  A
2023-07-09 17:51:59,358 - root - INFO - 7 (38): 0  0
2023-07-09 17:51:59,359 - root - INFO - Reading descriptor for parameter 5
2023-07-09 17:51:59,359 - root - INFO - Descriptor offset: 116, Descriptor length: 109
2023-07-09 17:51:59,359 - root - INFO - Parsing descriptor for parameter 5...
2023-07-09 17:51:59,360 - root - INFO - 1 ( A): 56 bytes
2023-07-09 17:51:59,360 - root - INFO -     9 (4A): 48 bytes
2023-07-09 17:51:59,360 - root - INFO -         3 (1A): 20 bytes
2023-07-09 17:51:59,360 - root - INFO -             1 ( 8): 37 25
2023-07-09 17:51:59,360 - root - INFO -             2 (10): 219 DB
2023-07-09 17:51:59,360 - root - INFO -             3 (18): 74 4A
2023-07-09 17:51:59,360 - root - INFO -             4 (20): 247 F7
2023-07-09 17:51:59,361 - root - INFO -             5 (28): 18 12
2023-07-09 17:51:59,361 - root - INFO -             6 (30): 1  1
2023-07-09 17:51:59,361 - root - INFO -             7 (38): 0  0
2023-07-09 17:51:59,361 - root - INFO -             8 (40): 24 18
2023-07-09 17:51:59,361 - root - INFO -             9 (48): 10  A
2023-07-09 17:51:59,361 - root - INFO -         4 (20): 0  0
2023-07-09 17:51:59,361 - root - INFO -         5 (28): 0  0
2023-07-09 17:51:59,362 - root - INFO -         6 (32): 9 bytes
2023-07-09 17:51:59,362 - root - INFO -             1 ( 8): 10  A
2023-07-09 17:51:59,362 - root - INFO -             2 (10): 187 BB
2023-07-09 17:51:59,363 - root - INFO -             3 (18): 34 22
2023-07-09 17:51:59,363 - root - INFO -             4 (20): 12  C
2023-07-09 17:51:59,363 - root - INFO -         7 (3A): 9 bytes
2023-07-09 17:51:59,363 - root - INFO -             1 ( 8): 10  A
2023-07-09 17:51:59,363 - root - INFO -             2 (10): 187 BB
2023-07-09 17:51:59,363 - root - INFO -             3 (18): 46 2E
2023-07-09 17:51:59,363 - root - INFO -             4 (20): 12  C
2023-07-09 17:51:59,364 - root - INFO -     4 (20): 1  1
2023-07-09 17:51:59,364 - root - INFO -     5 (28): 1  1
2023-07-09 17:51:59,364 - root - INFO -     6 (30): 0  0
2023-07-09 17:51:59,364 - root - INFO - 2 (12): 13 bytes
2023-07-09 17:51:59,364 - root - INFO -     1 ( 8): 161 A1
2023-07-09 17:51:59,364 - root - INFO -     2 (10): 5  5
2023-07-09 17:51:59,364 - root - INFO -     3 (18): 72 48
2023-07-09 17:51:59,365 - root - INFO -     4 (20): 73 49
2023-07-09 17:51:59,365 - root - INFO -     5 (28): 74 4A
2023-07-09 17:51:59,365 - root - INFO -     6 (30): 75 4B
2023-07-09 17:51:59,365 - root - INFO - 4 (22): 10 bytes
2023-07-09 17:51:59,365 - root - INFO -     1 ( 8): 209 D1
2023-07-09 17:51:59,365 - root - INFO -     2 (10): 220 DC
2023-07-09 17:51:59,365 - root - INFO -     3 (18): 58 3A
2023-07-09 17:51:59,366 - root - INFO -     4 (20): 7  7
2023-07-09 17:51:59,366 - root - INFO - 5 (2A): 10 bytes
2023-07-09 17:51:59,366 - root - INFO -     1 ( 8): 209 D1
2023-07-09 17:51:59,366 - root - INFO -     2 (10): 220 DC
2023-07-09 17:51:59,366 - root - INFO -     3 (18): 65 41
2023-07-09 17:51:59,366 - root - INFO -     4 (20): 7  7
2023-07-09 17:51:59,367 - root - INFO - 6 (32): 10 bytes
2023-07-09 17:51:59,367 - root - INFO -     1 ( 8): 209 D1
2023-07-09 17:51:59,367 - root - INFO -     2 (10): 220 DC
2023-07-09 17:51:59,367 - root - INFO -     3 (18): 65 41
2023-07-09 17:51:59,367 - root - INFO -     4 (20): 7  7
2023-07-09 17:51:59,368 - root - INFO - Reading descriptor for parameter 29
2023-07-09 17:51:59,368 - root - INFO - Descriptor offset: 300, Descriptor length: 77
2023-07-09 17:51:59,368 - root - INFO - Parsing descriptor for parameter 29...
2023-07-09 17:51:59,368 - root - INFO - 1 ( A): 75 bytes
2023-07-09 17:51:59,368 - root - INFO -     1 ( A): 58 bytes
2023-07-09 17:51:59,368 - root - INFO -         1 ( A): 21 bytes
2023-07-09 17:51:59,368 - root - INFO -             1 ( A): 8 bytes
2023-07-09 17:51:59,369 - root - INFO -                 1 ( 8): 89 59
2023-07-09 17:51:59,369 - root - INFO -                 2 (10): 42 2A
2023-07-09 17:51:59,369 - root - INFO -                 3 (18): 3  3
2023-07-09 17:51:59,369 - root - INFO -                 4 (20): 10  A
2023-07-09 17:51:59,369 - root - INFO -             2 (12): 9 bytes
2023-07-09 17:51:59,369 - root - INFO -                 1 ( 8): 135 87
2023-07-09 17:51:59,369 - root - INFO -                 2 (10): 42 2A
2023-07-09 17:51:59,370 - root - INFO -                 3 (18): 3  3
2023-07-09 17:51:59,370 - root - INFO -                 4 (20): 10  A
2023-07-09 17:51:59,370 - root - INFO -         2 (12): 22 bytes
2023-07-09 17:51:59,370 - root - INFO -             1 ( A): 9 bytes
2023-07-09 17:51:59,370 - root - INFO -                 1 ( 8): 207 CF
2023-07-09 17:51:59,370 - root - INFO -                 2 (10): 42 2A
2023-07-09 17:51:59,370 - root - INFO -                 3 (18): 3  3
2023-07-09 17:51:59,371 - root - INFO -                 4 (20): 10  A
2023-07-09 17:51:59,371 - root - INFO -             2 (12): 9 bytes
2023-07-09 17:51:59,371 - root - INFO -                 1 ( 8): 253 FD
2023-07-09 17:51:59,371 - root - INFO -                 2 (10): 42 2A
2023-07-09 17:51:59,371 - root - INFO -                 3 (18): 3  3
2023-07-09 17:51:59,371 - root - INFO -                 4 (20): 10  A
2023-07-09 17:51:59,371 - root - INFO -         3 (1A): 7 bytes
2023-07-09 17:51:59,372 - root - INFO -             1 ( 8): 181 B5
2023-07-09 17:51:59,372 - root - INFO -             2 (10): 42 2A
2023-07-09 17:51:59,373 - root - INFO -             3 (18): 23 17
2023-07-09 17:51:59,373 - root - INFO -         4 (20): 1  1
2023-07-09 17:51:59,374 - root - INFO -     4 (22): 13 bytes
2023-07-09 17:51:59,374 - root - INFO -         1 ( 8): 161 A1
2023-07-09 17:51:59,375 - root - INFO -         2 (10): 5  5
2023-07-09 17:51:59,375 - root - INFO -         3 (18): 72 48
2023-07-09 17:51:59,375 - root - INFO -         4 (20): 73 49
2023-07-09 17:51:59,376 - root - INFO -         5 (28): 74 4A
2023-07-09 17:51:59,376 - root - INFO -         6 (30): 75 4B
2023-07-09 17:51:59,381 - root - INFO - Reading resources offsets table with 87 elements (348 bytes)
2023-07-09 17:51:59,381 - root - INFO - Resource 0 offset: 852, length: 100180...
2023-07-09 17:51:59,381 - root - DEBUG - Reading resource 0...
2023-07-09 17:51:59,444 - root - INFO - The image is bme.
2023-07-09 17:51:59,444 - root - INFO - Reading image header(readHeader16E)...
2023-07-09 17:51:59,444 - root - INFO - Image header was read:
2023-07-09 17:51:59,444 - root - INFO - Width: 210, Height: 242, RowLength: 420
2023-07-09 17:51:59,444 - root - INFO - datalength: 100164, _step: 2
2023-07-09 17:51:59,445 - root - INFO - BPP: 16, Transparency: False
2023-07-09 17:51:59,794 - root - INFO - Resource 1 offset: 101032, length: 100180...
2023-07-09 17:51:59,794 - root - DEBUG - Reading resource 1...
2023-07-09 17:51:59,794 - root - INFO - The image is bme.
2023-07-09 17:51:59,794 - root - INFO - Reading image header(readHeader16E)...
2023-07-09 17:51:59,794 - root - INFO - Image header was read:
2023-07-09 17:51:59,794 - root - INFO - Width: 210, Height: 242, RowLength: 420
2023-07-09 17:51:59,794 - root - INFO - datalength: 100164, _step: 2
2023-07-09 17:51:59,794 - root - INFO - BPP: 16, Transparency: False
2023-07-09 17:52:00,205 - root - INFO - Resource 2 offset: 201212, length: 212068...
2023-07-09 17:52:00,206 - root - DEBUG - Reading resource 2...
2023-07-09 17:52:00,206 - root - INFO - The image is bme.
2023-07-09 17:52:00,206 - root - INFO - Reading image header(readHeader16E)...
2023-07-09 17:52:00,206 - root - INFO - Image header was read:
2023-07-09 17:52:00,206 - root - INFO - Width: 306, Height: 354, RowLength: 612
2023-07-09 17:52:00,206 - root - INFO - datalength: 212052, _step: 2
2023-07-09 17:52:00,206 - root - INFO - BPP: 16, Transparency: False
2023-07-09 17:52:00,998 - root - INFO - Resource 3 offset: 413280, length: 3518...
2023-07-09 17:52:00,998 - root - DEBUG - Reading resource 3...
2023-07-09 17:52:00,998 - root - INFO - The image is bme.
2023-07-09 17:52:00,998 - root - INFO - Reading image header(readHeader16E)...
2023-07-09 17:52:00,998 - root - INFO - Image header was read:
2023-07-09 17:52:00,998 - root - INFO - Width: 50, Height: 59, RowLength: 100
2023-07-09 17:52:00,998 - root - INFO - datalength: 3502, _step: 2
2023-07-09 17:52:00,999 - root - INFO - BPP: 16, Transparency: False
2023-07-09 17:52:01,012 - root - INFO - Resource 4 offset: 416798, length: 2104...
2023-07-09 17:52:01,013 - root - DEBUG - Reading resource 4...
2023-07-09 17:52:01,013 - root - INFO - The image is bme.
2023-07-09 17:52:01,013 - root - INFO - Reading image header(readHeader16E)...
2023-07-09 17:52:01,013 - root - INFO - Image header was read:
2023-07-09 17:52:01,013 - root - INFO - Width: 50, Height: 59, RowLength: 100
2023-07-09 17:52:01,013 - root - INFO - datalength: 2088, _step: 2
2023-07-09 17:52:01,013 - root - INFO - BPP: 16, Transparency: False
2023-07-09 17:52:01,019 - root - INFO - Resource 5 offset: 418902, length: 3442...
2023-07-09 17:52:01,019 - root - DEBUG - Reading resource 5...
2023-07-09 17:52:01,019 - root - INFO - The image is bme.
2023-07-09 17:52:01,019 - root - INFO - Reading image header(readHeader16E)...
2023-07-09 17:52:01,019 - root - INFO - Image header was read:
2023-07-09 17:52:01,019 - root - INFO - Width: 50, Height: 59, RowLength: 100
2023-07-09 17:52:01,020 - root - INFO - datalength: 3426, _step: 2
2023-07-09 17:52:01,020 - root - INFO - BPP: 16, Transparency: False
2023-07-09 17:52:01,031 - root - INFO - Resource 6 offset: 422344, length: 3424...
2023-07-09 17:52:01,031 - root - DEBUG - Reading resource 6...
2023-07-09 17:52:01,032 - root - INFO - The image is bme.
2023-07-09 17:52:01,032 - root - INFO - Reading image header(readHeader16E)...
2023-07-09 17:52:01,032 - root - INFO - Image header was read:
2023-07-09 17:52:01,032 - root - INFO - Width: 50, Height: 59, RowLength: 100
2023-07-09 17:52:01,032 - root - INFO - datalength: 3408, _step: 2
2023-07-09 17:52:01,032 - root - INFO - BPP: 16, Transparency: False
2023-07-09 17:52:01,043 - root - INFO - Resource 7 offset: 425768, length: 3128...
2023-07-09 17:52:01,044 - root - DEBUG - Reading resource 7...
2023-07-09 17:52:01,044 - root - INFO - The image is bme.
2023-07-09 17:52:01,044 - root - INFO - Reading image header(readHeader16E)...
2023-07-09 17:52:01,044 - root - INFO - Image header was read:
2023-07-09 17:52:01,044 - root - INFO - Width: 50, Height: 59, RowLength: 100
2023-07-09 17:52:01,044 - root - INFO - datalength: 3112, _step: 2
2023-07-09 17:52:01,044 - root - INFO - BPP: 16, Transparency: False
2023-07-09 17:52:01,053 - root - INFO - Resource 8 offset: 428896, length: 3540...
2023-07-09 17:52:01,053 - root - DEBUG - Reading resource 8...
2023-07-09 17:52:01,053 - root - INFO - The image is bme.
2023-07-09 17:52:01,053 - root - INFO - Reading image header(readHeader16E)...
2023-07-09 17:52:01,054 - root - INFO - Image header was read:
2023-07-09 17:52:01,054 - root - INFO - Width: 50, Height: 59, RowLength: 100
2023-07-09 17:52:01,054 - root - INFO - datalength: 3524, _step: 2
2023-07-09 17:52:01,054 - root - INFO - BPP: 16, Transparency: False
2023-07-09 17:52:01,065 - root - INFO - Resource 9 offset: 432436, length: 3712...
2023-07-09 17:52:01,066 - root - DEBUG - Reading resource 9...
2023-07-09 17:52:01,066 - root - INFO - The image is bme.
2023-07-09 17:52:01,066 - root - INFO - Reading image header(readHeader16E)...
2023-07-09 17:52:01,066 - root - INFO - Image header was read:
2023-07-09 17:52:01,066 - root - INFO - Width: 50, Height: 59, RowLength: 100
2023-07-09 17:52:01,066 - root - INFO - datalength: 3696, _step: 2
2023-07-09 17:52:01,066 - root - INFO - BPP: 16, Transparency: False
2023-07-09 17:52:01,078 - root - INFO - Resource 10 offset: 436148, length: 2440...
2023-07-09 17:52:01,078 - root - DEBUG - Reading resource 10...
2023-07-09 17:52:01,078 - root - INFO - The image is bme.
2023-07-09 17:52:01,078 - root - INFO - Reading image header(readHeader16E)...
2023-07-09 17:52:01,079 - root - INFO - Image header was read:
2023-07-09 17:52:01,079 - root - INFO - Width: 50, Height: 59, RowLength: 100
2023-07-09 17:52:01,079 - root - INFO - datalength: 2424, _step: 2
2023-07-09 17:52:01,079 - root - INFO - BPP: 16, Transparency: False
2023-07-09 17:52:01,086 - root - INFO - Resource 11 offset: 438588, length: 3828...
2023-07-09 17:52:01,086 - root - DEBUG - Reading resource 11...
2023-07-09 17:52:01,086 - root - INFO - The image is bme.
2023-07-09 17:52:01,086 - root - INFO - Reading image header(readHeader16E)...
2023-07-09 17:52:01,086 - root - INFO - Image header was read:
2023-07-09 17:52:01,086 - root - INFO - Width: 50, Height: 59, RowLength: 100
2023-07-09 17:52:01,086 - root - INFO - datalength: 3812, _step: 2
2023-07-09 17:52:01,086 - root - INFO - BPP: 16, Transparency: False
2023-07-09 17:52:01,098 - root - INFO - Resource 12 offset: 442416, length: 3724...
2023-07-09 17:52:01,098 - root - DEBUG - Reading resource 12...
2023-07-09 17:52:01,099 - root - INFO - The image is bme.
2023-07-09 17:52:01,099 - root - INFO - Reading image header(readHeader16E)...
2023-07-09 17:52:01,099 - root - INFO - Image header was read:
2023-07-09 17:52:01,099 - root - INFO - Width: 50, Height: 59, RowLength: 100
2023-07-09 17:52:01,099 - root - INFO - datalength: 3708, _step: 2
2023-07-09 17:52:01,099 - root - INFO - BPP: 16, Transparency: False
2023-07-09 17:52:01,111 - root - INFO - Resource 13 offset: 446140, length: 1528...
2023-07-09 17:52:01,111 - root - DEBUG - Reading resource 13...
2023-07-09 17:52:01,111 - root - INFO - The image is bmc.
2023-07-09 17:52:01,111 - root - INFO - Reading image header(readHeader16C)...
2023-07-09 17:52:01,111 - root - INFO - Image header was read:
2023-07-09 17:52:01,112 - root - INFO - Width: 18, Height: 28, RowLength: 54
2023-07-09 17:52:01,112 - root - INFO - _step: 3, unknown2: 0,
2023-07-09 17:52:01,112 - root - INFO - BPP: 24, Transparency: False
2023-07-09 17:52:01,115 - root - INFO - Resource 14 offset: 447668, length: 1528...
2023-07-09 17:52:01,115 - root - DEBUG - Reading resource 14...
2023-07-09 17:52:01,115 - root - INFO - The image is bmc.
2023-07-09 17:52:01,115 - root - INFO - Reading image header(readHeader16C)...
2023-07-09 17:52:01,115 - root - INFO - Image header was read:
2023-07-09 17:52:01,116 - root - INFO - Width: 18, Height: 28, RowLength: 54
2023-07-09 17:52:01,116 - root - INFO - _step: 3, unknown2: 0,
2023-07-09 17:52:01,116 - root - INFO - BPP: 24, Transparency: False
2023-07-09 17:52:01,120 - root - INFO - Resource 15 offset: 449196, length: 1528...
2023-07-09 17:52:01,120 - root - DEBUG - Reading resource 15...
2023-07-09 17:52:01,120 - root - INFO - The image is bmc.
2023-07-09 17:52:01,120 - root - INFO - Reading image header(readHeader16C)...
2023-07-09 17:52:01,120 - root - INFO - Image header was read:
2023-07-09 17:52:01,120 - root - INFO - Width: 18, Height: 28, RowLength: 54
2023-07-09 17:52:01,120 - root - INFO - _step: 3, unknown2: 0,
2023-07-09 17:52:01,121 - root - INFO - BPP: 24, Transparency: False
2023-07-09 17:52:01,124 - root - INFO - Resource 16 offset: 450724, length: 1528...
2023-07-09 17:52:01,124 - root - DEBUG - Reading resource 16...
2023-07-09 17:52:01,124 - root - INFO - The image is bmc.
2023-07-09 17:52:01,124 - root - INFO - Reading image header(readHeader16C)...
2023-07-09 17:52:01,124 - root - INFO - Image header was read:
2023-07-09 17:52:01,124 - root - INFO - Width: 18, Height: 28, RowLength: 54
2023-07-09 17:52:01,125 - root - INFO - _step: 3, unknown2: 0,
2023-07-09 17:52:01,125 - root - INFO - BPP: 24, Transparency: False
2023-07-09 17:52:01,128 - root - INFO - Resource 17 offset: 452252, length: 1528...
2023-07-09 17:52:01,128 - root - DEBUG - Reading resource 17...
2023-07-09 17:52:01,128 - root - INFO - The image is bmc.
2023-07-09 17:52:01,128 - root - INFO - Reading image header(readHeader16C)...
2023-07-09 17:52:01,128 - root - INFO - Image header was read:
2023-07-09 17:52:01,128 - root - INFO - Width: 18, Height: 28, RowLength: 54
2023-07-09 17:52:01,128 - root - INFO - _step: 3, unknown2: 0,
2023-07-09 17:52:01,130 - root - INFO - BPP: 24, Transparency: False
2023-07-09 17:52:01,133 - root - INFO - Resource 18 offset: 453780, length: 1528...
2023-07-09 17:52:01,133 - root - DEBUG - Reading resource 18...
2023-07-09 17:52:01,133 - root - INFO - The image is bmc.
2023-07-09 17:52:01,133 - root - INFO - Reading image header(readHeader16C)...
2023-07-09 17:52:01,133 - root - INFO - Image header was read:
2023-07-09 17:52:01,133 - root - INFO - Width: 18, Height: 28, RowLength: 54
2023-07-09 17:52:01,134 - root - INFO - _step: 3, unknown2: 0,
2023-07-09 17:52:01,134 - root - INFO - BPP: 24, Transparency: False
2023-07-09 17:52:01,137 - root - INFO - Resource 19 offset: 455308, length: 1528...
2023-07-09 17:52:01,137 - root - DEBUG - Reading resource 19...
2023-07-09 17:52:01,137 - root - INFO - The image is bmc.
2023-07-09 17:52:01,137 - root - INFO - Reading image header(readHeader16C)...
2023-07-09 17:52:01,137 - root - INFO - Image header was read:
2023-07-09 17:52:01,137 - root - INFO - Width: 18, Height: 28, RowLength: 54
2023-07-09 17:52:01,138 - root - INFO - _step: 3, unknown2: 0,
2023-07-09 17:52:01,138 - root - INFO - BPP: 24, Transparency: False
2023-07-09 17:52:01,140 - root - INFO - Resource 20 offset: 456836, length: 1528...
2023-07-09 17:52:01,141 - root - DEBUG - Reading resource 20...
2023-07-09 17:52:01,141 - root - INFO - The image is bmc.
2023-07-09 17:52:01,141 - root - INFO - Reading image header(readHeader16C)...
2023-07-09 17:52:01,141 - root - INFO - Image header was read:
2023-07-09 17:52:01,141 - root - INFO - Width: 18, Height: 28, RowLength: 54
2023-07-09 17:52:01,141 - root - INFO - _step: 3, unknown2: 0,
2023-07-09 17:52:01,141 - root - INFO - BPP: 24, Transparency: False
2023-07-09 17:52:01,145 - root - INFO - Resource 21 offset: 458364, length: 1528...
2023-07-09 17:52:01,145 - root - DEBUG - Reading resource 21...
2023-07-09 17:52:01,145 - root - INFO - The image is bmc.
2023-07-09 17:52:01,145 - root - INFO - Reading image header(readHeader16C)...
2023-07-09 17:52:01,145 - root - INFO - Image header was read:
2023-07-09 17:52:01,145 - root - INFO - Width: 18, Height: 28, RowLength: 54
2023-07-09 17:52:01,145 - root - INFO - _step: 3, unknown2: 0,
2023-07-09 17:52:01,145 - root - INFO - BPP: 24, Transparency: False
2023-07-09 17:52:01,150 - root - INFO - Resource 22 offset: 459892, length: 1528...
2023-07-09 17:52:01,150 - root - DEBUG - Reading resource 22...
2023-07-09 17:52:01,150 - root - INFO - The image is bmc.
2023-07-09 17:52:01,150 - root - INFO - Reading image header(readHeader16C)...
2023-07-09 17:52:01,150 - root - INFO - Image header was read:
2023-07-09 17:52:01,150 - root - INFO - Width: 18, Height: 28, RowLength: 54
2023-07-09 17:52:01,150 - root - INFO - _step: 3, unknown2: 0,
2023-07-09 17:52:01,150 - root - INFO - BPP: 24, Transparency: False
2023-07-09 17:52:01,154 - root - INFO - Resource 23 offset: 461420, length: 968...
2023-07-09 17:52:01,154 - root - DEBUG - Reading resource 23...
2023-07-09 17:52:01,154 - root - INFO - The image is bme.
2023-07-09 17:52:01,154 - root - INFO - Reading image header(readHeader16E)...
2023-07-09 17:52:01,154 - root - INFO - Image header was read:
2023-07-09 17:52:01,154 - root - INFO - Width: 26, Height: 59, RowLength: 52
2023-07-09 17:52:01,154 - root - INFO - datalength: 952, _step: 2
2023-07-09 17:52:01,155 - root - INFO - BPP: 16, Transparency: False
2023-07-09 17:52:01,157 - root - INFO - Resource 24 offset: 462388, length: 658...
2023-07-09 17:52:01,158 - root - DEBUG - Reading resource 24...
2023-07-09 17:52:01,158 - root - INFO - The image is bme.
2023-07-09 17:52:01,158 - root - INFO - Reading image header(readHeader16E)...
2023-07-09 17:52:01,158 - root - INFO - Image header was read:
2023-07-09 17:52:01,158 - root - INFO - Width: 18, Height: 28, RowLength: 36
2023-07-09 17:52:01,158 - root - INFO - datalength: 642, _step: 2
2023-07-09 17:52:01,158 - root - INFO - BPP: 16, Transparency: False
2023-07-09 17:52:01,161 - root - INFO - Resource 25 offset: 463046, length: 408...
2023-07-09 17:52:01,161 - root - DEBUG - Reading resource 25...
2023-07-09 17:52:01,161 - root - INFO - The image is bme.
2023-07-09 17:52:01,161 - root - INFO - Reading image header(readHeader16E)...
2023-07-09 17:52:01,161 - root - INFO - Image header was read:
2023-07-09 17:52:01,161 - root - INFO - Width: 18, Height: 28, RowLength: 36
2023-07-09 17:52:01,161 - root - INFO - datalength: 392, _step: 2
2023-07-09 17:52:01,161 - root - INFO - BPP: 16, Transparency: False
2023-07-09 17:52:01,162 - root - INFO - Resource 26 offset: 463454, length: 646...
2023-07-09 17:52:01,162 - root - DEBUG - Reading resource 26...
2023-07-09 17:52:01,162 - root - INFO - The image is bme.
2023-07-09 17:52:01,162 - root - INFO - Reading image header(readHeader16E)...
2023-07-09 17:52:01,162 - root - INFO - Image header was read:
2023-07-09 17:52:01,162 - root - INFO - Width: 18, Height: 28, RowLength: 36
2023-07-09 17:52:01,163 - root - INFO - datalength: 630, _step: 2
2023-07-09 17:52:01,163 - root - INFO - BPP: 16, Transparency: False
2023-07-09 17:52:01,165 - root - INFO - Resource 27 offset: 464100, length: 646...
2023-07-09 17:52:01,165 - root - DEBUG - Reading resource 27...
2023-07-09 17:52:01,165 - root - INFO - The image is bme.
2023-07-09 17:52:01,165 - root - INFO - Reading image header(readHeader16E)...
2023-07-09 17:52:01,165 - root - INFO - Image header was read:
2023-07-09 17:52:01,165 - root - INFO - Width: 18, Height: 28, RowLength: 36
2023-07-09 17:52:01,165 - root - INFO - datalength: 630, _step: 2
2023-07-09 17:52:01,166 - root - INFO - BPP: 16, Transparency: False
2023-07-09 17:52:01,168 - root - INFO - Resource 28 offset: 464746, length: 580...
2023-07-09 17:52:01,168 - root - DEBUG - Reading resource 28...
2023-07-09 17:52:01,168 - root - INFO - The image is bme.
2023-07-09 17:52:01,168 - root - INFO - Reading image header(readHeader16E)...
2023-07-09 17:52:01,168 - root - INFO - Image header was read:
2023-07-09 17:52:01,168 - root - INFO - Width: 18, Height: 28, RowLength: 36
2023-07-09 17:52:01,169 - root - INFO - datalength: 564, _step: 2
2023-07-09 17:52:01,169 - root - INFO - BPP: 16, Transparency: False
2023-07-09 17:52:01,170 - root - INFO - Resource 29 offset: 465326, length: 658...
2023-07-09 17:52:01,170 - root - DEBUG - Reading resource 29...
2023-07-09 17:52:01,171 - root - INFO - The image is bme.
2023-07-09 17:52:01,171 - root - INFO - Reading image header(readHeader16E)...
2023-07-09 17:52:01,171 - root - INFO - Image header was read:
2023-07-09 17:52:01,171 - root - INFO - Width: 18, Height: 28, RowLength: 36
2023-07-09 17:52:01,171 - root - INFO - datalength: 642, _step: 2
2023-07-09 17:52:01,171 - root - INFO - BPP: 16, Transparency: False
2023-07-09 17:52:01,173 - root - INFO - Resource 30 offset: 465984, length: 680...
2023-07-09 17:52:01,173 - root - DEBUG - Reading resource 30...
2023-07-09 17:52:01,173 - root - INFO - The image is bme.
2023-07-09 17:52:01,173 - root - INFO - Reading image header(readHeader16E)...
2023-07-09 17:52:01,174 - root - INFO - Image header was read:
2023-07-09 17:52:01,174 - root - INFO - Width: 18, Height: 28, RowLength: 36
2023-07-09 17:52:01,174 - root - INFO - datalength: 664, _step: 2
2023-07-09 17:52:01,174 - root - INFO - BPP: 16, Transparency: False
2023-07-09 17:52:01,176 - root - INFO - Resource 31 offset: 466664, length: 448...
2023-07-09 17:52:01,176 - root - DEBUG - Reading resource 31...
2023-07-09 17:52:01,176 - root - INFO - The image is bme.
2023-07-09 17:52:01,176 - root - INFO - Reading image header(readHeader16E)...
2023-07-09 17:52:01,176 - root - INFO - Image header was read:
2023-07-09 17:52:01,177 - root - INFO - Width: 18, Height: 28, RowLength: 36
2023-07-09 17:52:01,177 - root - INFO - datalength: 432, _step: 2
2023-07-09 17:52:01,177 - root - INFO - BPP: 16, Transparency: False
2023-07-09 17:52:01,178 - root - INFO - Resource 32 offset: 467112, length: 684...
2023-07-09 17:52:01,179 - root - DEBUG - Reading resource 32...
2023-07-09 17:52:01,179 - root - INFO - The image is bme.
2023-07-09 17:52:01,179 - root - INFO - Reading image header(readHeader16E)...
2023-07-09 17:52:01,179 - root - INFO - Image header was read:
2023-07-09 17:52:01,179 - root - INFO - Width: 18, Height: 28, RowLength: 36
2023-07-09 17:52:01,179 - root - INFO - datalength: 668, _step: 2
2023-07-09 17:52:01,179 - root - INFO - BPP: 16, Transparency: False
2023-07-09 17:52:01,181 - root - INFO - Resource 33 offset: 467796, length: 682...
2023-07-09 17:52:01,181 - root - DEBUG - Reading resource 33...
2023-07-09 17:52:01,182 - root - INFO - The image is bme.
2023-07-09 17:52:01,182 - root - INFO - Reading image header(readHeader16E)...
2023-07-09 17:52:01,182 - root - INFO - Image header was read:
2023-07-09 17:52:01,182 - root - INFO - Width: 18, Height: 28, RowLength: 36
2023-07-09 17:52:01,182 - root - INFO - datalength: 666, _step: 2
2023-07-09 17:52:01,182 - root - INFO - BPP: 16, Transparency: False
2023-07-09 17:52:01,184 - root - INFO - Resource 34 offset: 468478, length: 2024...
2023-07-09 17:52:01,184 - root - DEBUG - Reading resource 34...
2023-07-09 17:52:01,184 - root - INFO - The image is bme.
2023-07-09 17:52:01,184 - root - INFO - Reading image header(readHeader16E)...
2023-07-09 17:52:01,184 - root - INFO - Image header was read:
2023-07-09 17:52:01,184 - root - INFO - Width: 64, Height: 28, RowLength: 128
2023-07-09 17:52:01,184 - root - INFO - datalength: 2008, _step: 2
2023-07-09 17:52:01,184 - root - INFO - BPP: 16, Transparency: False
2023-07-09 17:52:01,188 - root - INFO - Resource 35 offset: 470502, length: 2008...
2023-07-09 17:52:01,188 - root - DEBUG - Reading resource 35...
2023-07-09 17:52:01,188 - root - INFO - The image is bme.
2023-07-09 17:52:01,188 - root - INFO - Reading image header(readHeader16E)...
2023-07-09 17:52:01,188 - root - INFO - Image header was read:
2023-07-09 17:52:01,188 - root - INFO - Width: 64, Height: 28, RowLength: 128
2023-07-09 17:52:01,188 - root - INFO - datalength: 1992, _step: 2
2023-07-09 17:52:01,188 - root - INFO - BPP: 16, Transparency: False
2023-07-09 17:52:01,188 - root - INFO - Resource 36 offset: 472510, length: 2502...
2023-07-09 17:52:01,188 - root - DEBUG - Reading resource 36...
2023-07-09 17:52:01,188 - root - INFO - The image is bme.
2023-07-09 17:52:01,188 - root - INFO - Reading image header(readHeader16E)...
2023-07-09 17:52:01,188 - root - INFO - Image header was read:
2023-07-09 17:52:01,188 - root - INFO - Width: 64, Height: 28, RowLength: 128
2023-07-09 17:52:01,188 - root - INFO - datalength: 2486, _step: 2
2023-07-09 17:52:01,188 - root - INFO - BPP: 16, Transparency: False
2023-07-09 17:52:01,199 - root - INFO - Resource 37 offset: 475012, length: 2094...
2023-07-09 17:52:01,199 - root - DEBUG - Reading resource 37...
2023-07-09 17:52:01,199 - root - INFO - The image is bme.
2023-07-09 17:52:01,199 - root - INFO - Reading image header(readHeader16E)...
2023-07-09 17:52:01,199 - root - INFO - Image header was read:
2023-07-09 17:52:01,199 - root - INFO - Width: 64, Height: 28, RowLength: 128
2023-07-09 17:52:01,199 - root - INFO - datalength: 2078, _step: 2
2023-07-09 17:52:01,199 - root - INFO - BPP: 16, Transparency: False
2023-07-09 17:52:01,208 - root - INFO - Resource 38 offset: 477106, length: 2280...
2023-07-09 17:52:01,208 - root - DEBUG - Reading resource 38...
2023-07-09 17:52:01,208 - root - INFO - The image is bme.
2023-07-09 17:52:01,208 - root - INFO - Reading image header(readHeader16E)...
2023-07-09 17:52:01,208 - root - INFO - Image header was read:
2023-07-09 17:52:01,208 - root - INFO - Width: 64, Height: 28, RowLength: 128
2023-07-09 17:52:01,208 - root - INFO - datalength: 2264, _step: 2
2023-07-09 17:52:01,208 - root - INFO - BPP: 16, Transparency: False
2023-07-09 17:52:01,218 - root - INFO - Resource 39 offset: 479386, length: 2110...
2023-07-09 17:52:01,218 - root - DEBUG - Reading resource 39...
2023-07-09 17:52:01,218 - root - INFO - The image is bme.
2023-07-09 17:52:01,218 - root - INFO - Reading image header(readHeader16E)...
2023-07-09 17:52:01,218 - root - INFO - Image header was read:
2023-07-09 17:52:01,218 - root - INFO - Width: 64, Height: 28, RowLength: 128
2023-07-09 17:52:01,218 - root - INFO - datalength: 2094, _step: 2
2023-07-09 17:52:01,218 - root - INFO - BPP: 16, Transparency: False
2023-07-09 17:52:01,223 - root - INFO - Resource 40 offset: 481496, length: 1698...
2023-07-09 17:52:01,223 - root - DEBUG - Reading resource 40...
2023-07-09 17:52:01,223 - root - INFO - The image is bme.
2023-07-09 17:52:01,223 - root - INFO - Reading image header(readHeader16E)...
2023-07-09 17:52:01,223 - root - INFO - Image header was read:
2023-07-09 17:52:01,223 - root - INFO - Width: 64, Height: 28, RowLength: 128
2023-07-09 17:52:01,223 - root - INFO - datalength: 1682, _step: 2
2023-07-09 17:52:01,223 - root - INFO - BPP: 16, Transparency: False
2023-07-09 17:52:01,228 - root - INFO - Resource 41 offset: 483194, length: 2284...
2023-07-09 17:52:01,228 - root - DEBUG - Reading resource 41...
2023-07-09 17:52:01,228 - root - INFO - The image is bme.
2023-07-09 17:52:01,228 - root - INFO - Reading image header(readHeader16E)...
2023-07-09 17:52:01,231 - root - INFO - Image header was read:
2023-07-09 17:52:01,231 - root - INFO - Width: 64, Height: 28, RowLength: 128
2023-07-09 17:52:01,231 - root - INFO - datalength: 2268, _step: 2
2023-07-09 17:52:01,231 - root - INFO - BPP: 16, Transparency: False
2023-07-09 17:52:01,231 - root - INFO - Resource 42 offset: 485478, length: 2110...
2023-07-09 17:52:01,231 - root - DEBUG - Reading resource 42...
2023-07-09 17:52:01,231 - root - INFO - The image is bme.
2023-07-09 17:52:01,231 - root - INFO - Reading image header(readHeader16E)...
2023-07-09 17:52:01,231 - root - INFO - Image header was read:
2023-07-09 17:52:01,238 - root - INFO - Width: 64, Height: 28, RowLength: 128
2023-07-09 17:52:01,238 - root - INFO - datalength: 2094, _step: 2
2023-07-09 17:52:01,238 - root - INFO - BPP: 16, Transparency: False
2023-07-09 17:52:01,238 - root - INFO - Resource 43 offset: 487588, length: 1966...
2023-07-09 17:52:01,238 - root - DEBUG - Reading resource 43...
2023-07-09 17:52:01,238 - root - INFO - The image is bme.
2023-07-09 17:52:01,238 - root - INFO - Reading image header(readHeader16E)...
2023-07-09 17:52:01,238 - root - INFO - Image header was read:
2023-07-09 17:52:01,238 - root - INFO - Width: 64, Height: 28, RowLength: 128
2023-07-09 17:52:01,238 - root - INFO - datalength: 1950, _step: 2
2023-07-09 17:52:01,238 - root - INFO - BPP: 16, Transparency: False
2023-07-09 17:52:01,248 - root - INFO - Resource 44 offset: 489554, length: 2310...
2023-07-09 17:52:01,248 - root - DEBUG - Reading resource 44...
2023-07-09 17:52:01,248 - root - INFO - The image is bme.
2023-07-09 17:52:01,248 - root - INFO - Reading image header(readHeader16E)...
2023-07-09 17:52:01,248 - root - INFO - Image header was read:
2023-07-09 17:52:01,248 - root - INFO - Width: 64, Height: 28, RowLength: 128
2023-07-09 17:52:01,248 - root - INFO - datalength: 2294, _step: 2
2023-07-09 17:52:01,248 - root - INFO - BPP: 16, Transparency: False
2023-07-09 17:52:01,253 - root - INFO - Resource 45 offset: 491864, length: 2194...
2023-07-09 17:52:01,253 - root - DEBUG - Reading resource 45...
2023-07-09 17:52:01,253 - root - INFO - The image is bme.
2023-07-09 17:52:01,253 - root - INFO - Reading image header(readHeader16E)...
2023-07-09 17:52:01,253 - root - INFO - Image header was read:
2023-07-09 17:52:01,253 - root - INFO - Width: 64, Height: 28, RowLength: 128
2023-07-09 17:52:01,253 - root - INFO - datalength: 2178, _step: 2
2023-07-09 17:52:01,253 - root - INFO - BPP: 16, Transparency: False
2023-07-09 17:52:01,263 - root - INFO - Resource 46 offset: 494058, length: 1452...
2023-07-09 17:52:01,263 - root - DEBUG - Reading resource 46...
2023-07-09 17:52:01,263 - root - INFO - The image is bme.
2023-07-09 17:52:01,263 - root - INFO - Reading image header(readHeader16E)...
2023-07-09 17:52:01,263 - root - INFO - Image header was read:
2023-07-09 17:52:01,263 - root - INFO - Width: 64, Height: 28, RowLength: 128
2023-07-09 17:52:01,263 - root - INFO - datalength: 1436, _step: 2
2023-07-09 17:52:01,263 - root - INFO - BPP: 16, Transparency: False
2023-07-09 17:52:01,268 - root - INFO - Resource 47 offset: 495510, length: 1682...
2023-07-09 17:52:01,268 - root - DEBUG - Reading resource 47...
2023-07-09 17:52:01,268 - root - INFO - The image is bme.
2023-07-09 17:52:01,268 - root - INFO - Reading image header(readHeader16E)...
2023-07-09 17:52:01,268 - root - INFO - Image header was read:
2023-07-09 17:52:01,268 - root - INFO - Width: 64, Height: 28, RowLength: 128
2023-07-09 17:52:01,268 - root - INFO - datalength: 1666, _step: 2
2023-07-09 17:52:01,268 - root - INFO - BPP: 16, Transparency: False
2023-07-09 17:52:01,273 - root - INFO - Resource 48 offset: 497192, length: 1690...
2023-07-09 17:52:01,273 - root - DEBUG - Reading resource 48...
2023-07-09 17:52:01,273 - root - INFO - The image is bme.
2023-07-09 17:52:01,273 - root - INFO - Reading image header(readHeader16E)...
2023-07-09 17:52:01,273 - root - INFO - Image header was read:
2023-07-09 17:52:01,273 - root - INFO - Width: 64, Height: 28, RowLength: 128
2023-07-09 17:52:01,273 - root - INFO - datalength: 1674, _step: 2
2023-07-09 17:52:01,273 - root - INFO - BPP: 16, Transparency: False
2023-07-09 17:52:01,278 - root - INFO - Resource 49 offset: 498882, length: 1626...
2023-07-09 17:52:01,278 - root - DEBUG - Reading resource 49...
2023-07-09 17:52:01,278 - root - INFO - The image is bme.
2023-07-09 17:52:01,278 - root - INFO - Reading image header(readHeader16E)...
2023-07-09 17:52:01,278 - root - INFO - Image header was read:
2023-07-09 17:52:01,278 - root - INFO - Width: 64, Height: 28, RowLength: 128
2023-07-09 17:52:01,278 - root - INFO - datalength: 1610, _step: 2
2023-07-09 17:52:01,278 - root - INFO - BPP: 16, Transparency: False
2023-07-09 17:52:01,283 - root - INFO - Resource 50 offset: 500508, length: 1654...
2023-07-09 17:52:01,283 - root - DEBUG - Reading resource 50...
2023-07-09 17:52:01,283 - root - INFO - The image is bme.
2023-07-09 17:52:01,283 - root - INFO - Reading image header(readHeader16E)...
2023-07-09 17:52:01,283 - root - INFO - Image header was read:
2023-07-09 17:52:01,283 - root - INFO - Width: 64, Height: 28, RowLength: 128
2023-07-09 17:52:01,283 - root - INFO - datalength: 1638, _step: 2
2023-07-09 17:52:01,283 - root - INFO - BPP: 16, Transparency: False
2023-07-09 17:52:01,288 - root - INFO - Resource 51 offset: 502162, length: 1686...
2023-07-09 17:52:01,288 - root - DEBUG - Reading resource 51...
2023-07-09 17:52:01,288 - root - INFO - The image is bme.
2023-07-09 17:52:01,288 - root - INFO - Reading image header(readHeader16E)...
2023-07-09 17:52:01,288 - root - INFO - Image header was read:
2023-07-09 17:52:01,288 - root - INFO - Width: 64, Height: 28, RowLength: 128
2023-07-09 17:52:01,288 - root - INFO - datalength: 1670, _step: 2
2023-07-09 17:52:01,288 - root - INFO - BPP: 16, Transparency: False
2023-07-09 17:52:01,298 - root - INFO - Resource 52 offset: 503848, length: 1486...
2023-07-09 17:52:01,298 - root - DEBUG - Reading resource 52...
2023-07-09 17:52:01,298 - root - INFO - The image is bme.
2023-07-09 17:52:01,298 - root - INFO - Reading image header(readHeader16E)...
2023-07-09 17:52:01,298 - root - INFO - Image header was read:
2023-07-09 17:52:01,298 - root - INFO - Width: 64, Height: 28, RowLength: 128
2023-07-09 17:52:01,298 - root - INFO - datalength: 1470, _step: 2
2023-07-09 17:52:01,298 - root - INFO - BPP: 16, Transparency: False
2023-07-09 17:52:01,303 - root - INFO - Resource 53 offset: 505334, length: 1746...
2023-07-09 17:52:01,303 - root - DEBUG - Reading resource 53...
2023-07-09 17:52:01,303 - root - INFO - The image is bme.
2023-07-09 17:52:01,303 - root - INFO - Reading image header(readHeader16E)...
2023-07-09 17:52:01,303 - root - INFO - Image header was read:
2023-07-09 17:52:01,303 - root - INFO - Width: 64, Height: 28, RowLength: 128
2023-07-09 17:52:01,303 - root - INFO - datalength: 1730, _step: 2
2023-07-09 17:52:01,303 - root - INFO - BPP: 16, Transparency: False
2023-07-09 17:52:01,308 - root - INFO - Resource 54 offset: 507080, length: 1684...
2023-07-09 17:52:01,308 - root - DEBUG - Reading resource 54...
2023-07-09 17:52:01,308 - root - INFO - The image is bme.
2023-07-09 17:52:01,308 - root - INFO - Reading image header(readHeader16E)...
2023-07-09 17:52:01,310 - root - INFO - Image header was read:
2023-07-09 17:52:01,310 - root - INFO - Width: 64, Height: 28, RowLength: 128
2023-07-09 17:52:01,310 - root - INFO - datalength: 1668, _step: 2
2023-07-09 17:52:01,310 - root - INFO - BPP: 16, Transparency: False
2023-07-09 17:52:01,310 - root - INFO - Resource 55 offset: 508764, length: 2076...
2023-07-09 17:52:01,310 - root - DEBUG - Reading resource 55...
2023-07-09 17:52:01,310 - root - INFO - The image is bme.
2023-07-09 17:52:01,310 - root - INFO - Reading image header(readHeader16E)...
2023-07-09 17:52:01,310 - root - INFO - Image header was read:
2023-07-09 17:52:01,310 - root - INFO - Width: 64, Height: 28, RowLength: 128
2023-07-09 17:52:01,310 - root - INFO - datalength: 2060, _step: 2
2023-07-09 17:52:01,310 - root - INFO - BPP: 16, Transparency: False
2023-07-09 17:52:01,318 - root - INFO - Resource 56 offset: 510840, length: 1826...
2023-07-09 17:52:01,318 - root - DEBUG - Reading resource 56...
2023-07-09 17:52:01,318 - root - INFO - The image is bme.
2023-07-09 17:52:01,318 - root - INFO - Reading image header(readHeader16E)...
2023-07-09 17:52:01,318 - root - INFO - Image header was read:
2023-07-09 17:52:01,318 - root - INFO - Width: 64, Height: 28, RowLength: 128
2023-07-09 17:52:01,318 - root - INFO - datalength: 1810, _step: 2
2023-07-09 17:52:01,318 - root - INFO - BPP: 16, Transparency: False
2023-07-09 17:52:01,326 - root - INFO - Resource 57 offset: 512666, length: 2034...
2023-07-09 17:52:01,326 - root - DEBUG - Reading resource 57...
2023-07-09 17:52:01,326 - root - INFO - The image is bme.
2023-07-09 17:52:01,326 - root - INFO - Reading image header(readHeader16E)...
2023-07-09 17:52:01,326 - root - INFO - Image header was read:
2023-07-09 17:52:01,326 - root - INFO - Width: 64, Height: 28, RowLength: 128
2023-07-09 17:52:01,328 - root - INFO - datalength: 2018, _step: 2
2023-07-09 17:52:01,328 - root - INFO - BPP: 16, Transparency: False
2023-07-09 17:52:01,333 - root - INFO - Resource 58 offset: 514700, length: 2696...
2023-07-09 17:52:01,333 - root - DEBUG - Reading resource 58...
2023-07-09 17:52:01,333 - root - INFO - The image is bme.
2023-07-09 17:52:01,333 - root - INFO - Reading image header(readHeader16E)...
2023-07-09 17:52:01,333 - root - INFO - Image header was read:
2023-07-09 17:52:01,333 - root - INFO - Width: 89, Height: 32, RowLength: 178
2023-07-09 17:52:01,333 - root - INFO - datalength: 2680, _step: 2
2023-07-09 17:52:01,333 - root - INFO - BPP: 16, Transparency: False
2023-07-09 17:52:01,338 - root - INFO - Resource 59 offset: 517396, length: 1948...
2023-07-09 17:52:01,338 - root - DEBUG - Reading resource 59...
2023-07-09 17:52:01,342 - root - INFO - The image is bme.
2023-07-09 17:52:01,342 - root - INFO - Reading image header(readHeader16E)...
2023-07-09 17:52:01,342 - root - INFO - Image header was read:
2023-07-09 17:52:01,342 - root - INFO - Width: 89, Height: 32, RowLength: 178
2023-07-09 17:52:01,342 - root - INFO - datalength: 1932, _step: 2
2023-07-09 17:52:01,342 - root - INFO - BPP: 16, Transparency: False
2023-07-09 17:52:01,342 - root - INFO - Resource 60 offset: 519344, length: 2506...
2023-07-09 17:52:01,342 - root - DEBUG - Reading resource 60...
2023-07-09 17:52:01,348 - root - INFO - The image is bme.
2023-07-09 17:52:01,348 - root - INFO - Reading image header(readHeader16E)...
2023-07-09 17:52:01,348 - root - INFO - Image header was read:
2023-07-09 17:52:01,348 - root - INFO - Width: 89, Height: 32, RowLength: 178
2023-07-09 17:52:01,348 - root - INFO - datalength: 2490, _step: 2
2023-07-09 17:52:01,348 - root - INFO - BPP: 16, Transparency: False
2023-07-09 17:52:01,353 - root - INFO - Resource 61 offset: 521850, length: 2048...
2023-07-09 17:52:01,353 - root - DEBUG - Reading resource 61...
2023-07-09 17:52:01,353 - root - INFO - The image is bme.
2023-07-09 17:52:01,353 - root - INFO - Reading image header(readHeader16E)...
2023-07-09 17:52:01,353 - root - INFO - Image header was read:
2023-07-09 17:52:01,353 - root - INFO - Width: 89, Height: 32, RowLength: 178
2023-07-09 17:52:01,353 - root - INFO - datalength: 2032, _step: 2
2023-07-09 17:52:01,353 - root - INFO - BPP: 16, Transparency: False
2023-07-09 17:52:01,358 - root - INFO - Resource 62 offset: 523898, length: 1732...
2023-07-09 17:52:01,358 - root - DEBUG - Reading resource 62...
2023-07-09 17:52:01,358 - root - INFO - The image is bme.
2023-07-09 17:52:01,358 - root - INFO - Reading image header(readHeader16E)...
2023-07-09 17:52:01,358 - root - INFO - Image header was read:
2023-07-09 17:52:01,358 - root - INFO - Width: 89, Height: 32, RowLength: 178
2023-07-09 17:52:01,358 - root - INFO - datalength: 1716, _step: 2
2023-07-09 17:52:01,358 - root - INFO - BPP: 16, Transparency: False
2023-07-09 17:52:01,363 - root - INFO - Resource 63 offset: 525630, length: 1898...
2023-07-09 17:52:01,363 - root - DEBUG - Reading resource 63...
2023-07-09 17:52:01,363 - root - INFO - The image is bme.
2023-07-09 17:52:01,363 - root - INFO - Reading image header(readHeader16E)...
2023-07-09 17:52:01,363 - root - INFO - Image header was read:
2023-07-09 17:52:01,368 - root - INFO - Width: 89, Height: 32, RowLength: 178
2023-07-09 17:52:01,368 - root - INFO - datalength: 1882, _step: 2
2023-07-09 17:52:01,368 - root - INFO - BPP: 16, Transparency: False
2023-07-09 17:52:01,373 - root - INFO - Resource 64 offset: 527528, length: 2320...
2023-07-09 17:52:01,373 - root - DEBUG - Reading resource 64...
2023-07-09 17:52:01,373 - root - INFO - The image is bme.
2023-07-09 17:52:01,373 - root - INFO - Reading image header(readHeader16E)...
2023-07-09 17:52:01,373 - root - INFO - Image header was read:
2023-07-09 17:52:01,373 - root - INFO - Width: 89, Height: 32, RowLength: 178
2023-07-09 17:52:01,373 - root - INFO - datalength: 2304, _step: 2
2023-07-09 17:52:01,373 - root - INFO - BPP: 16, Transparency: False
2023-07-09 17:52:01,378 - root - INFO - Resource 65 offset: 529848, length: 3164...
2023-07-09 17:52:01,378 - root - DEBUG - Reading resource 65...
2023-07-09 17:52:01,378 - root - INFO - The image is bme.
2023-07-09 17:52:01,378 - root - INFO - Reading image header(readHeader16E)...
2023-07-09 17:52:01,378 - root - INFO - Image header was read:
2023-07-09 17:52:01,378 - root - INFO - Width: 89, Height: 32, RowLength: 178
2023-07-09 17:52:01,378 - root - INFO - datalength: 3148, _step: 2
2023-07-09 17:52:01,378 - root - INFO - BPP: 16, Transparency: False
2023-07-09 17:52:01,389 - root - INFO - Resource 66 offset: 533012, length: 3454...
2023-07-09 17:52:01,389 - root - DEBUG - Reading resource 66...
2023-07-09 17:52:01,389 - root - INFO - The image is bme.
2023-07-09 17:52:01,389 - root - INFO - Reading image header(readHeader16E)...
2023-07-09 17:52:01,389 - root - INFO - Image header was read:
2023-07-09 17:52:01,389 - root - INFO - Width: 89, Height: 32, RowLength: 178
2023-07-09 17:52:01,389 - root - INFO - datalength: 3438, _step: 2
2023-07-09 17:52:01,389 - root - INFO - BPP: 16, Transparency: False
2023-07-09 17:52:01,398 - root - INFO - Resource 67 offset: 536466, length: 3556...
2023-07-09 17:52:01,398 - root - DEBUG - Reading resource 67...
2023-07-09 17:52:01,398 - root - INFO - The image is bme.
2023-07-09 17:52:01,398 - root - INFO - Reading image header(readHeader16E)...
2023-07-09 17:52:01,398 - root - INFO - Image header was read:
2023-07-09 17:52:01,398 - root - INFO - Width: 89, Height: 32, RowLength: 178
2023-07-09 17:52:01,398 - root - INFO - datalength: 3540, _step: 2
2023-07-09 17:52:01,398 - root - INFO - BPP: 16, Transparency: False
2023-07-09 17:52:01,408 - root - INFO - Resource 68 offset: 540022, length: 4138...
2023-07-09 17:52:01,408 - root - DEBUG - Reading resource 68...
2023-07-09 17:52:01,408 - root - INFO - The image is bme.
2023-07-09 17:52:01,408 - root - INFO - Reading image header(readHeader16E)...
2023-07-09 17:52:01,408 - root - INFO - Image header was read:
2023-07-09 17:52:01,408 - root - INFO - Width: 89, Height: 32, RowLength: 178
2023-07-09 17:52:01,408 - root - INFO - datalength: 4122, _step: 2
2023-07-09 17:52:01,408 - root - INFO - BPP: 16, Transparency: False
2023-07-09 17:52:01,421 - root - INFO - Resource 69 offset: 544160, length: 3816...
2023-07-09 17:52:01,421 - root - DEBUG - Reading resource 69...
2023-07-09 17:52:01,421 - root - INFO - The image is bme.
2023-07-09 17:52:01,421 - root - INFO - Reading image header(readHeader16E)...
2023-07-09 17:52:01,421 - root - INFO - Image header was read:
2023-07-09 17:52:01,421 - root - INFO - Width: 89, Height: 32, RowLength: 178
2023-07-09 17:52:01,421 - root - INFO - datalength: 3800, _step: 2
2023-07-09 17:52:01,421 - root - INFO - BPP: 16, Transparency: False
2023-07-09 17:52:01,436 - root - INFO - Resource 70 offset: 547976, length: 3764...
2023-07-09 17:52:01,436 - root - DEBUG - Reading resource 70...
2023-07-09 17:52:01,436 - root - INFO - The image is bme.
2023-07-09 17:52:01,436 - root - INFO - Reading image header(readHeader16E)...
2023-07-09 17:52:01,436 - root - INFO - Image header was read:
2023-07-09 17:52:01,436 - root - INFO - Width: 89, Height: 32, RowLength: 178
2023-07-09 17:52:01,436 - root - INFO - datalength: 3748, _step: 2
2023-07-09 17:52:01,436 - root - INFO - BPP: 16, Transparency: False
2023-07-09 17:52:01,436 - root - INFO - Resource 71 offset: 551740, length: 3948...
2023-07-09 17:52:01,436 - root - DEBUG - Reading resource 71...
2023-07-09 17:52:01,436 - root - INFO - The image is bme.
2023-07-09 17:52:01,436 - root - INFO - Reading image header(readHeader16E)...
2023-07-09 17:52:01,436 - root - INFO - Image header was read:
2023-07-09 17:52:01,436 - root - INFO - Width: 89, Height: 32, RowLength: 178
2023-07-09 17:52:01,436 - root - INFO - datalength: 3932, _step: 2
2023-07-09 17:52:01,436 - root - INFO - BPP: 16, Transparency: False
2023-07-09 17:52:01,452 - root - INFO - Resource 72 offset: 555688, length: 1464...
2023-07-09 17:52:01,452 - root - DEBUG - Reading resource 72...
2023-07-09 17:52:01,452 - root - INFO - The image is bme.
2023-07-09 17:52:01,452 - root - INFO - Reading image header(readHeader16E)...
2023-07-09 17:52:01,452 - root - INFO - Image header was read:
2023-07-09 17:52:01,452 - root - INFO - Width: 64, Height: 32, RowLength: 128
2023-07-09 17:52:01,452 - root - INFO - datalength: 1448, _step: 2
2023-07-09 17:52:01,452 - root - INFO - BPP: 16, Transparency: False
2023-07-09 17:52:01,452 - root - INFO - Resource 73 offset: 557152, length: 1500...
2023-07-09 17:52:01,452 - root - DEBUG - Reading resource 73...
2023-07-09 17:52:01,452 - root - INFO - The image is bme.
2023-07-09 17:52:01,452 - root - INFO - Reading image header(readHeader16E)...
2023-07-09 17:52:01,452 - root - INFO - Image header was read:
2023-07-09 17:52:01,452 - root - INFO - Width: 64, Height: 32, RowLength: 128
2023-07-09 17:52:01,452 - root - INFO - datalength: 1484, _step: 2
2023-07-09 17:52:01,452 - root - INFO - BPP: 16, Transparency: False
2023-07-09 17:52:01,468 - root - INFO - Resource 74 offset: 558652, length: 1738...
2023-07-09 17:52:01,468 - root - DEBUG - Reading resource 74...
2023-07-09 17:52:01,468 - root - INFO - The image is bme.
2023-07-09 17:52:01,468 - root - INFO - Reading image header(readHeader16E)...
2023-07-09 17:52:01,468 - root - INFO - Image header was read:
2023-07-09 17:52:01,468 - root - INFO - Width: 64, Height: 32, RowLength: 128
2023-07-09 17:52:01,468 - root - INFO - datalength: 1722, _step: 2
2023-07-09 17:52:01,468 - root - INFO - BPP: 16, Transparency: False
2023-07-09 17:52:01,468 - root - INFO - Resource 75 offset: 560390, length: 1730...
2023-07-09 17:52:01,468 - root - DEBUG - Reading resource 75...
2023-07-09 17:52:01,468 - root - INFO - The image is bme.
2023-07-09 17:52:01,468 - root - INFO - Reading image header(readHeader16E)...
2023-07-09 17:52:01,468 - root - INFO - Image header was read:
2023-07-09 17:52:01,468 - root - INFO - Width: 64, Height: 32, RowLength: 128
2023-07-09 17:52:01,468 - root - INFO - datalength: 1714, _step: 2
2023-07-09 17:52:01,468 - root - INFO - BPP: 16, Transparency: False
2023-07-09 17:52:01,468 - root - INFO - Resource 76 offset: 562120, length: 2200...
2023-07-09 17:52:01,468 - root - DEBUG - Reading resource 76...
2023-07-09 17:52:01,468 - root - INFO - The image is bmc.
2023-07-09 17:52:01,468 - root - INFO - Reading image header(readHeader16C)...
2023-07-09 17:52:01,468 - root - INFO - Image header was read:
2023-07-09 17:52:01,468 - root - INFO - Width: 26, Height: 28, RowLength: 78
2023-07-09 17:52:01,468 - root - INFO - _step: 3, unknown2: 0,
2023-07-09 17:52:01,468 - root - INFO - BPP: 24, Transparency: False
2023-07-09 17:52:01,483 - root - INFO - Resource 77 offset: 564320, length: 1528...
2023-07-09 17:52:01,483 - root - DEBUG - Reading resource 77...
2023-07-09 17:52:01,483 - root - INFO - The image is bmc.
2023-07-09 17:52:01,483 - root - INFO - Reading image header(readHeader16C)...
2023-07-09 17:52:01,483 - root - INFO - Image header was read:
2023-07-09 17:52:01,483 - root - INFO - Width: 18, Height: 28, RowLength: 54
2023-07-09 17:52:01,483 - root - INFO - _step: 3, unknown2: 0,
2023-07-09 17:52:01,483 - root - INFO - BPP: 24, Transparency: False
2023-07-09 17:52:01,483 - root - INFO - Resource 78 offset: 565848, length: 1528...
2023-07-09 17:52:01,483 - root - DEBUG - Reading resource 78...
2023-07-09 17:52:01,483 - root - INFO - The image is bmc.
2023-07-09 17:52:01,483 - root - INFO - Reading image header(readHeader16C)...
2023-07-09 17:52:01,483 - root - INFO - Image header was read:
2023-07-09 17:52:01,483 - root - INFO - Width: 18, Height: 28, RowLength: 54
2023-07-09 17:52:01,483 - root - INFO - _step: 3, unknown2: 0,
2023-07-09 17:52:01,483 - root - INFO - BPP: 24, Transparency: False
2023-07-09 17:52:01,483 - root - INFO - Resource 79 offset: 567376, length: 1528...
2023-07-09 17:52:01,483 - root - DEBUG - Reading resource 79...
2023-07-09 17:52:01,483 - root - INFO - The image is bmc.
2023-07-09 17:52:01,483 - root - INFO - Reading image header(readHeader16C)...
2023-07-09 17:52:01,483 - root - INFO - Image header was read:
2023-07-09 17:52:01,483 - root - INFO - Width: 18, Height: 28, RowLength: 54
2023-07-09 17:52:01,483 - root - INFO - _step: 3, unknown2: 0,
2023-07-09 17:52:01,483 - root - INFO - BPP: 24, Transparency: False
2023-07-09 17:52:01,499 - root - INFO - Resource 80 offset: 568904, length: 1528...
2023-07-09 17:52:01,499 - root - DEBUG - Reading resource 80...
2023-07-09 17:52:01,499 - root - INFO - The image is bmc.
2023-07-09 17:52:01,499 - root - INFO - Reading image header(readHeader16C)...
2023-07-09 17:52:01,499 - root - INFO - Image header was read:
2023-07-09 17:52:01,499 - root - INFO - Width: 18, Height: 28, RowLength: 54
2023-07-09 17:52:01,499 - root - INFO - _step: 3, unknown2: 0,
2023-07-09 17:52:01,499 - root - INFO - BPP: 24, Transparency: False
2023-07-09 17:52:01,499 - root - INFO - Resource 81 offset: 570432, length: 1528...
2023-07-09 17:52:01,499 - root - DEBUG - Reading resource 81...
2023-07-09 17:52:01,499 - root - INFO - The image is bmc.
2023-07-09 17:52:01,499 - root - INFO - Reading image header(readHeader16C)...
2023-07-09 17:52:01,499 - root - INFO - Image header was read:
2023-07-09 17:52:01,499 - root - INFO - Width: 18, Height: 28, RowLength: 54
2023-07-09 17:52:01,499 - root - INFO - _step: 3, unknown2: 0,
2023-07-09 17:52:01,499 - root - INFO - BPP: 24, Transparency: False
2023-07-09 17:52:01,499 - root - INFO - Resource 82 offset: 571960, length: 1528...
2023-07-09 17:52:01,499 - root - DEBUG - Reading resource 82...
2023-07-09 17:52:01,499 - root - INFO - The image is bmc.
2023-07-09 17:52:01,508 - root - INFO - Reading image header(readHeader16C)...
2023-07-09 17:52:01,508 - root - INFO - Image header was read:
2023-07-09 17:52:01,508 - root - INFO - Width: 18, Height: 28, RowLength: 54
2023-07-09 17:52:01,508 - root - INFO - _step: 3, unknown2: 0,
2023-07-09 17:52:01,508 - root - INFO - BPP: 24, Transparency: False
2023-07-09 17:52:01,508 - root - INFO - Resource 83 offset: 573488, length: 1528...
2023-07-09 17:52:01,508 - root - DEBUG - Reading resource 83...
2023-07-09 17:52:01,508 - root - INFO - The image is bmc.
2023-07-09 17:52:01,508 - root - INFO - Reading image header(readHeader16C)...
2023-07-09 17:52:01,508 - root - INFO - Image header was read:
2023-07-09 17:52:01,508 - root - INFO - Width: 18, Height: 28, RowLength: 54
2023-07-09 17:52:01,508 - root - INFO - _step: 3, unknown2: 0,
2023-07-09 17:52:01,508 - root - INFO - BPP: 24, Transparency: False
2023-07-09 17:52:01,515 - root - INFO - Resource 84 offset: 575016, length: 1528...
2023-07-09 17:52:01,515 - root - DEBUG - Reading resource 84...
2023-07-09 17:52:01,515 - root - INFO - The image is bmc.
2023-07-09 17:52:01,515 - root - INFO - Reading image header(readHeader16C)...
2023-07-09 17:52:01,515 - root - INFO - Image header was read:
2023-07-09 17:52:01,515 - root - INFO - Width: 18, Height: 28, RowLength: 54
2023-07-09 17:52:01,515 - root - INFO - _step: 3, unknown2: 0,
2023-07-09 17:52:01,515 - root - INFO - BPP: 24, Transparency: False
2023-07-09 17:52:01,515 - root - INFO - Resource 85 offset: 576544, length: 1528...
2023-07-09 17:52:01,515 - root - DEBUG - Reading resource 85...
2023-07-09 17:52:01,515 - root - INFO - The image is bmc.
2023-07-09 17:52:01,515 - root - INFO - Reading image header(readHeader16C)...
2023-07-09 17:52:01,515 - root - INFO - Image header was read:
2023-07-09 17:52:01,515 - root - INFO - Width: 18, Height: 28, RowLength: 54
2023-07-09 17:52:01,515 - root - INFO - _step: 3, unknown2: 0,
2023-07-09 17:52:01,515 - root - INFO - BPP: 24, Transparency: False
2023-07-09 17:52:01,515 - root - INFO - Resource 86 offset: 578072, length: 1528...
2023-07-09 17:52:01,515 - root - DEBUG - Reading resource 86...
2023-07-09 17:52:01,515 - root - INFO - The image is bmc.
2023-07-09 17:52:01,515 - root - INFO - Reading image header(readHeader16C)...
2023-07-09 17:52:01,515 - root - INFO - Image header was read:
2023-07-09 17:52:01,515 - root - INFO - Width: 18, Height: 28, RowLength: 54
2023-07-09 17:52:01,515 - root - INFO - _step: 3, unknown2: 0,
2023-07-09 17:52:01,515 - root - INFO - BPP: 24, Transparency: False
2023-07-09 17:52:01,515 - root - DEBUG - Parsing parameters...
2023-07-09 17:52:01,624 - root - DEBUG - 0 Value: None
2023-07-09 17:52:01,624 - root - DEBUG - 0.1 Value: 73
2023-07-09 17:52:01,624 - root - DEBUG - 2 Value: None
2023-07-09 17:52:01,624 - root - DEBUG - 2.1 Value: None
2023-07-09 17:52:01,640 - root - DEBUG - 2.1.1 Value: 0
2023-07-09 17:52:01,640 - root - DEBUG - 2.1.2 Value: 0
2023-07-09 17:52:01,640 - root - DEBUG - 2.1.3 Value: 2
2023-07-09 17:52:01,640 - root - DEBUG - 2.3 Value: None
2023-07-09 17:52:01,640 - root - DEBUG - 2.3.1 Value: 0
2023-07-09 17:52:01,640 - root - DEBUG - 2.3.2 Value: 0
2023-07-09 17:52:01,640 - root - DEBUG - 2.3.3 Value: 1
2023-07-09 17:52:01,640 - root - DEBUG - 2.4 Value: None
2023-07-09 17:52:01,640 - root - DEBUG - 2.4.1 Value: 0
2023-07-09 17:52:01,640 - root - DEBUG - 2.4.2 Value: 0
2023-07-09 17:52:01,640 - root - DEBUG - 2.4.3 Value: 0
2023-07-09 17:52:01,640 - root - DEBUG - 2.5 Value: None
2023-07-09 17:52:01,640 - root - DEBUG - 2.5.1 Value: 0
2023-07-09 17:52:01,640 - root - DEBUG - 2.5.2 Value: 0
2023-07-09 17:52:01,640 - root - DEBUG - 2.5.3 Value: 0
2023-07-09 17:52:01,640 - root - DEBUG - 3 Value: None
2023-07-09 17:52:01,640 - root - DEBUG - 3.1 Value: None
2023-07-09 17:52:01,640 - root - DEBUG - 3.1.1 Value: None
2023-07-09 17:52:01,640 - root - DEBUG - 3.1.1.1 Value: None
2023-07-09 17:52:01,640 - root - DEBUG - 3.1.1.1.1 Value: 89
2023-07-09 17:52:01,640 - root - DEBUG - 3.1.1.1.2 Value: 42
2023-07-09 17:52:01,640 - root - DEBUG - 3.1.1.1.3 Value: 3
2023-07-09 17:52:01,640 - root - DEBUG - 3.1.1.1.4 Value: 10
2023-07-09 17:52:01,640 - root - DEBUG - 3.1.1.2 Value: None
2023-07-09 17:52:01,640 - root - DEBUG - 3.1.1.2.1 Value: 135
2023-07-09 17:52:01,640 - root - DEBUG - 3.1.1.2.2 Value: 42
2023-07-09 17:52:01,640 - root - DEBUG - 3.1.1.2.3 Value: 3
2023-07-09 17:52:01,640 - root - DEBUG - 3.1.1.2.4 Value: 10
2023-07-09 17:52:01,640 - root - DEBUG - 3.1.2 Value: None
2023-07-09 17:52:01,640 - root - DEBUG - 3.1.2.1 Value: None
2023-07-09 17:52:01,640 - root - DEBUG - 3.1.2.1.1 Value: 207
2023-07-09 17:52:01,640 - root - DEBUG - 3.1.2.1.2 Value: 42
2023-07-09 17:52:01,640 - root - DEBUG - 3.1.2.1.3 Value: 3
2023-07-09 17:52:01,640 - root - DEBUG - 3.1.2.1.4 Value: 10
2023-07-09 17:52:01,640 - root - DEBUG - 3.1.2.2 Value: None
2023-07-09 17:52:01,640 - root - DEBUG - 3.1.2.2.1 Value: 253
2023-07-09 17:52:01,640 - root - DEBUG - 3.1.2.2.2 Value: 42
2023-07-09 17:52:01,640 - root - DEBUG - 3.1.2.2.3 Value: 3
2023-07-09 17:52:01,640 - root - DEBUG - 3.1.2.2.4 Value: 10
2023-07-09 17:52:01,640 - root - DEBUG - 3.1.3 Value: None
2023-07-09 17:52:01,640 - root - DEBUG - 3.1.3.1 Value: None
2023-07-09 17:52:01,640 - root - DEBUG - 3.1.3.1.1 Value: 93
2023-07-09 17:52:01,640 - root - DEBUG - 3.1.3.1.2 Value: 7
2023-07-09 17:52:01,640 - root - DEBUG - 3.1.3.1.3 Value: 13
2023-07-09 17:52:01,640 - root - DEBUG - 3.1.3.1.4 Value: 10
2023-07-09 17:52:01,640 - root - DEBUG - 3.1.3.2 Value: None
2023-07-09 17:52:01,640 - root - DEBUG - 3.1.3.2.1 Value: 112
2023-07-09 17:52:01,640 - root - DEBUG - 3.1.3.2.2 Value: 7
2023-07-09 17:52:01,640 - root - DEBUG - 3.1.3.2.3 Value: 13
2023-07-09 17:52:01,640 - root - DEBUG - 3.1.3.2.4 Value: 10
2023-07-09 17:52:01,640 - root - DEBUG - 3.1.5 Value: None
2023-07-09 17:52:01,640 - root - DEBUG - 3.1.5.1 Value: 181
2023-07-09 17:52:01,640 - root - DEBUG - 3.1.5.2 Value: 42
2023-07-09 17:52:01,640 - root - DEBUG - 3.1.5.3 Value: 23
2023-07-09 17:52:01,640 - root - DEBUG - 3.1.7 Value: 0
2023-07-09 17:52:01,640 - root - DEBUG - 3.1.8 Value: 1
2023-07-09 17:52:01,640 - root - DEBUG - 4 Value: None
2023-07-09 17:52:01,640 - root - DEBUG - 4.1 Value: None
2023-07-09 17:52:01,640 - root - DEBUG - 4.1.1 Value: None
2023-07-09 17:52:01,640 - root - DEBUG - 4.1.1.1 Value: 127
2023-07-09 17:52:01,640 - root - DEBUG - 4.1.1.2 Value: 285
2023-07-09 17:52:01,640 - root - DEBUG - 4.1.1.3 Value: 221
2023-07-09 17:52:01,640 - root - DEBUG - 4.1.1.4 Value: 313
2023-07-09 17:52:01,640 - root - DEBUG - 4.1.1.5 Value: 20
2023-07-09 17:52:01,640 - root - DEBUG - 4.1.1.6 Value: 1
2023-07-09 17:52:01,640 - root - DEBUG - 4.1.1.7 Value: 0
2023-07-09 17:52:01,640 - root - DEBUG - 4.1.1.8 Value: 13
2023-07-09 17:52:01,640 - root - DEBUG - 4.1.1.9 Value: 10
2023-07-09 17:52:01,640 - root - DEBUG - 4.4 Value: None
2023-07-09 17:52:01,640 - root - DEBUG - 4.4.1 Value: None
2023-07-09 17:52:01,640 - root - DEBUG - 4.4.1.1 Value: 18
2023-07-09 17:52:01,640 - root - DEBUG - 4.4.1.2 Value: 143
2023-07-09 17:52:01,640 - root - DEBUG - 4.4.1.3 Value: 74
2023-07-09 17:52:01,640 - root - DEBUG - 4.4.1.4 Value: 171
2023-07-09 17:52:01,640 - root - DEBUG - 4.4.1.5 Value: 20
2023-07-09 17:52:01,640 - root - DEBUG - 4.4.1.6 Value: 1
2023-07-09 17:52:01,640 - root - DEBUG - 4.4.1.7 Value: 0
2023-07-09 17:52:01,640 - root - DEBUG - 4.4.1.8 Value: 13
2023-07-09 17:52:01,640 - root - DEBUG - 4.4.1.9 Value: 10
2023-07-09 17:52:01,640 - root - DEBUG - 4.4.3 Value: 76
2023-07-09 17:52:01,640 - root - DEBUG - 4.6 Value: None
2023-07-09 17:52:01,640 - root - DEBUG - 4.6.1 Value: None
2023-07-09 17:52:01,640 - root - DEBUG - 4.6.1.1 Value: 18
2023-07-09 17:52:01,640 - root - DEBUG - 4.6.1.2 Value: 51
2023-07-09 17:52:01,640 - root - DEBUG - 4.6.1.3 Value: 74
2023-07-09 17:52:01,640 - root - DEBUG - 4.6.1.4 Value: 79
2023-07-09 17:52:01,640 - root - DEBUG - 4.6.1.5 Value: 20
2023-07-09 17:52:01,640 - root - DEBUG - 4.6.1.6 Value: 1
2023-07-09 17:52:01,640 - root - DEBUG - 4.6.1.7 Value: 0
2023-07-09 17:52:01,640 - root - DEBUG - 4.6.1.8 Value: 77
2023-07-09 17:52:01,640 - root - DEBUG - 4.6.1.9 Value: 10
2023-07-09 17:52:01,640 - root - DEBUG - 4.7 Value: 0
2023-07-09 17:52:01,640 - root - DEBUG - 5 Value: None
2023-07-09 17:52:01,640 - root - DEBUG - 5.1 Value: None
2023-07-09 17:52:01,640 - root - DEBUG - 5.1.9 Value: None
2023-07-09 17:52:01,640 - root - DEBUG - 5.1.9.3 Value: None
2023-07-09 17:52:01,640 - root - DEBUG - 5.1.9.3.1 Value: 37
2023-07-09 17:52:01,640 - root - DEBUG - 5.1.9.3.2 Value: 219
2023-07-09 17:52:01,640 - root - DEBUG - 5.1.9.3.3 Value: 74
2023-07-09 17:52:01,640 - root - DEBUG - 5.1.9.3.4 Value: 247
2023-07-09 17:52:01,640 - root - DEBUG - 5.1.9.3.5 Value: 18
2023-07-09 17:52:01,640 - root - DEBUG - 5.1.9.3.6 Value: 1
2023-07-09 17:52:01,640 - root - DEBUG - 5.1.9.3.7 Value: 0
2023-07-09 17:52:01,640 - root - DEBUG - 5.1.9.3.8 Value: 24
2023-07-09 17:52:01,640 - root - DEBUG - 5.1.9.3.9 Value: 10
2023-07-09 17:52:01,640 - root - DEBUG - 5.1.9.4 Value: 0
2023-07-09 17:52:01,640 - root - DEBUG - 5.1.9.5 Value: 0
2023-07-09 17:52:01,640 - root - DEBUG - 5.1.9.6 Value: None
2023-07-09 17:52:01,640 - root - DEBUG - 5.1.9.6.1 Value: 10
2023-07-09 17:52:01,640 - root - DEBUG - 5.1.9.6.2 Value: 187
2023-07-09 17:52:01,640 - root - DEBUG - 5.1.9.6.3 Value: 34
2023-07-09 17:52:01,640 - root - DEBUG - 5.1.9.6.4 Value: 12
2023-07-09 17:52:01,640 - root - DEBUG - 5.1.9.7 Value: None
2023-07-09 17:52:01,640 - root - DEBUG - 5.1.9.7.1 Value: 10
2023-07-09 17:52:01,640 - root - DEBUG - 5.1.9.7.2 Value: 187
2023-07-09 17:52:01,640 - root - DEBUG - 5.1.9.7.3 Value: 46
2023-07-09 17:52:01,640 - root - DEBUG - 5.1.9.7.4 Value: 12
2023-07-09 17:52:01,640 - root - DEBUG - 5.1.4 Value: 1
2023-07-09 17:52:01,640 - root - DEBUG - 5.1.5 Value: 1
2023-07-09 17:52:01,640 - root - DEBUG - 5.1.6 Value: 0
2023-07-09 17:52:01,640 - root - DEBUG - 5.2 Value: None
2023-07-09 17:52:01,640 - root - DEBUG - 5.2.1 Value: 161
2023-07-09 17:52:01,640 - root - DEBUG - 5.2.2 Value: 5
2023-07-09 17:52:01,656 - root - DEBUG - 5.2.3 Value: 72
2023-07-09 17:52:01,656 - root - DEBUG - 5.2.4 Value: 73
2023-07-09 17:52:01,656 - root - DEBUG - 5.2.5 Value: 74
2023-07-09 17:52:01,656 - root - DEBUG - 5.2.6 Value: 75
2023-07-09 17:52:01,656 - root - DEBUG - 5.4 Value: None
2023-07-09 17:52:01,656 - root - DEBUG - 5.4.1 Value: 209
2023-07-09 17:52:01,656 - root - DEBUG - 5.4.2 Value: 220
2023-07-09 17:52:01,656 - root - DEBUG - 5.4.3 Value: 58
2023-07-09 17:52:01,656 - root - DEBUG - 5.4.4 Value: 7
2023-07-09 17:52:01,656 - root - DEBUG - 5.5 Value: None
2023-07-09 17:52:01,656 - root - DEBUG - 5.5.1 Value: 209
2023-07-09 17:52:01,656 - root - DEBUG - 5.5.2 Value: 220
2023-07-09 17:52:01,656 - root - DEBUG - 5.5.3 Value: 65
2023-07-09 17:52:01,656 - root - DEBUG - 5.5.4 Value: 7
2023-07-09 17:52:01,656 - root - DEBUG - 5.6 Value: None
2023-07-09 17:52:01,656 - root - DEBUG - 5.6.1 Value: 209
2023-07-09 17:52:01,656 - root - DEBUG - 5.6.2 Value: 220
2023-07-09 17:52:01,656 - root - DEBUG - 5.6.3 Value: 65
2023-07-09 17:52:01,656 - root - DEBUG - 5.6.4 Value: 7
2023-07-09 17:52:01,656 - root - DEBUG - 29 Value: None
2023-07-09 17:52:01,656 - root - DEBUG - 29.1 Value: None
2023-07-09 17:52:01,656 - root - DEBUG - 29.1.1 Value: None
2023-07-09 17:52:01,656 - root - DEBUG - 29.1.1.1 Value: None
2023-07-09 17:52:01,656 - root - DEBUG - 29.1.1.1.1 Value: None
2023-07-09 17:52:01,656 - root - DEBUG - 29.1.1.1.1.1 Value: 89
2023-07-09 17:52:01,656 - root - DEBUG - 29.1.1.1.1.2 Value: 42
2023-07-09 17:52:01,656 - root - DEBUG - 29.1.1.1.1.3 Value: 3
2023-07-09 17:52:01,656 - root - DEBUG - 29.1.1.1.1.4 Value: 10
2023-07-09 17:52:01,656 - root - DEBUG - 29.1.1.1.2 Value: None
2023-07-09 17:52:01,656 - root - DEBUG - 29.1.1.1.2.1 Value: 135
2023-07-09 17:52:01,656 - root - DEBUG - 29.1.1.1.2.2 Value: 42
2023-07-09 17:52:01,656 - root - DEBUG - 29.1.1.1.2.3 Value: 3
2023-07-09 17:52:01,656 - root - DEBUG - 29.1.1.1.2.4 Value: 10
2023-07-09 17:52:01,656 - root - DEBUG - 29.1.1.2 Value: None
2023-07-09 17:52:01,656 - root - DEBUG - 29.1.1.2.1 Value: None
2023-07-09 17:52:01,656 - root - DEBUG - 29.1.1.2.1.1 Value: 207
2023-07-09 17:52:01,656 - root - DEBUG - 29.1.1.2.1.2 Value: 42
2023-07-09 17:52:01,656 - root - DEBUG - 29.1.1.2.1.3 Value: 3
2023-07-09 17:52:01,656 - root - DEBUG - 29.1.1.2.1.4 Value: 10
2023-07-09 17:52:01,656 - root - DEBUG - 29.1.1.2.2 Value: None
2023-07-09 17:52:01,656 - root - DEBUG - 29.1.1.2.2.1 Value: 253
2023-07-09 17:52:01,656 - root - DEBUG - 29.1.1.2.2.2 Value: 42
2023-07-09 17:52:01,656 - root - DEBUG - 29.1.1.2.2.3 Value: 3
2023-07-09 17:52:01,656 - root - DEBUG - 29.1.1.2.2.4 Value: 10
2023-07-09 17:52:01,656 - root - DEBUG - 29.1.1.3 Value: None
2023-07-09 17:52:01,656 - root - DEBUG - 29.1.1.3.1 Value: 181
2023-07-09 17:52:01,656 - root - DEBUG - 29.1.1.3.2 Value: 42
2023-07-09 17:52:01,656 - root - DEBUG - 29.1.1.3.3 Value: 23
2023-07-09 17:52:01,656 - root - DEBUG - 29.1.1.4 Value: 1
2023-07-09 17:52:01,656 - root - DEBUG - 29.1.4 Value: None
2023-07-09 17:52:01,656 - root - DEBUG - 29.1.4.1 Value: 161
2023-07-09 17:52:01,656 - root - DEBUG - 29.1.4.2 Value: 5
2023-07-09 17:52:01,656 - root - DEBUG - 29.1.4.3 Value: 72
2023-07-09 17:52:01,656 - root - DEBUG - 29.1.4.4 Value: 73
2023-07-09 17:52:01,656 - root - DEBUG - 29.1.4.5 Value: 74
2023-07-09 17:52:01,656 - root - DEBUG - 29.1.4.6 Value: 75
2023-07-09 17:52:01,656 - root - DEBUG - 0-Info
2023-07-09 17:52:01,656 - root - DEBUG - 0.1-DeviceId
2023-07-09 17:52:01,656 - root - DEBUG - 2-Background
2023-07-09 17:52:01,656 - root - DEBUG - 2.1-Image
2023-07-09 17:52:01,656 - root - DEBUG - 2.1.1-X
2023-07-09 17:52:01,656 - root - DEBUG - 2.1.2-Y
2023-07-09 17:52:01,656 - root - DEBUG - 2.1.3-ImageIndex
2023-07-09 17:52:01,656 - root - DEBUG - 2.3-Preview
2023-07-09 17:52:01,656 - root - DEBUG - 2.3.1-X
2023-07-09 17:52:01,656 - root - DEBUG - 2.3.2-Y
2023-07-09 17:52:01,656 - root - DEBUG - 2.3.3-ImageIndex
2023-07-09 17:52:01,656 - root - DEBUG - 2.4-PreviewTradChinese
2023-07-09 17:52:01,656 - root - DEBUG - 2.4.1-X
2023-07-09 17:52:01,656 - root - DEBUG - 2.4.2-Y
2023-07-09 17:52:01,656 - root - DEBUG - 2.4.3-ImageIndex
2023-07-09 17:52:01,656 - root - DEBUG - 2.5-PreviewChinese
2023-07-09 17:52:01,656 - root - DEBUG - 2.5.1-X
2023-07-09 17:52:01,656 - root - DEBUG - 2.5.2-Y
2023-07-09 17:52:01,656 - root - DEBUG - 2.5.3-ImageIndex
2023-07-09 17:52:01,656 - root - DEBUG - 3-TimeExtended
2023-07-09 17:52:01,656 - root - DEBUG - 3.1-TimeSeparateDigits
2023-07-09 17:52:01,656 - root - DEBUG - 3.1.1-Hours
2023-07-09 17:52:01,656 - root - DEBUG - 3.1.1.1-Tens
2023-07-09 17:52:01,656 - root - DEBUG - 3.1.1.1.1-X
2023-07-09 17:52:01,656 - root - DEBUG - 3.1.1.1.2-Y
2023-07-09 17:52:01,656 - root - DEBUG - 3.1.1.1.3-ImageIndex
2023-07-09 17:52:01,656 - root - DEBUG - 3.1.1.1.4-ImagesCount
2023-07-09 17:52:01,656 - root - DEBUG - 3.1.1.2-Ones
2023-07-09 17:52:01,656 - root - DEBUG - 3.1.1.2.1-X
2023-07-09 17:52:01,656 - root - DEBUG - 3.1.1.2.2-Y
2023-07-09 17:52:01,656 - root - DEBUG - 3.1.1.2.3-ImageIndex
2023-07-09 17:52:01,656 - root - DEBUG - 3.1.1.2.4-ImagesCount
2023-07-09 17:52:01,656 - root - DEBUG - 3.1.2-Minutes
2023-07-09 17:52:01,656 - root - DEBUG - 3.1.2.1-Tens
2023-07-09 17:52:01,656 - root - DEBUG - 3.1.2.1.1-X
2023-07-09 17:52:01,656 - root - DEBUG - 3.1.2.1.2-Y
2023-07-09 17:52:01,656 - root - DEBUG - 3.1.2.1.3-ImageIndex
2023-07-09 17:52:01,656 - root - DEBUG - 3.1.2.1.4-ImagesCount
2023-07-09 17:52:01,656 - root - DEBUG - 3.1.2.2-Ones
2023-07-09 17:52:01,656 - root - DEBUG - 3.1.2.2.1-X
2023-07-09 17:52:01,656 - root - DEBUG - 3.1.2.2.2-Y
2023-07-09 17:52:01,656 - root - DEBUG - 3.1.2.2.3-ImageIndex
2023-07-09 17:52:01,656 - root - DEBUG - 3.1.2.2.4-ImagesCount
2023-07-09 17:52:01,656 - root - DEBUG - 3.1.3-Seconds
2023-07-09 17:52:01,656 - root - DEBUG - 3.1.3.1-Tens
2023-07-09 17:52:01,656 - root - DEBUG - 3.1.3.1.1-X
2023-07-09 17:52:01,656 - root - DEBUG - 3.1.3.1.2-Y
2023-07-09 17:52:01,656 - root - DEBUG - 3.1.3.1.3-ImageIndex
2023-07-09 17:52:01,656 - root - DEBUG - 3.1.3.1.4-ImagesCount
2023-07-09 17:52:01,656 - root - DEBUG - 3.1.3.2-Ones
2023-07-09 17:52:01,656 - root - DEBUG - 3.1.3.2.1-X
2023-07-09 17:52:01,671 - root - DEBUG - 3.1.3.2.2-Y
2023-07-09 17:52:01,671 - root - DEBUG - 3.1.3.2.3-ImageIndex
2023-07-09 17:52:01,671 - root - DEBUG - 3.1.3.2.4-ImagesCount
2023-07-09 17:52:01,671 - root - DEBUG - 3.1.5-SeparatorHours
2023-07-09 17:52:01,671 - root - DEBUG - 3.1.5.1-X
2023-07-09 17:52:01,671 - root - DEBUG - 3.1.5.2-Y
2023-07-09 17:52:01,671 - root - DEBUG - 3.1.5.3-ImageIndex
2023-07-09 17:52:01,671 - root - DEBUG - 3.1.7-UnknowBoolean7
2023-07-09 17:52:01,671 - root - DEBUG - 3.1.8-PaddingZeroMinutes
2023-07-09 17:52:01,671 - root - DEBUG - 4-Activity
2023-07-09 17:52:01,671 - root - DEBUG - 4.1-Steps
2023-07-09 17:52:01,671 - root - DEBUG - 4.1.1-ImageNumber
2023-07-09 17:52:01,671 - root - DEBUG - 4.1.1.1-TopLeftX
2023-07-09 17:52:01,671 - root - DEBUG - 4.1.1.2-TopLeftY
2023-07-09 17:52:01,671 - root - DEBUG - 4.1.1.3-BottomRightX
2023-07-09 17:52:01,671 - root - DEBUG - 4.1.1.4-BottomRightY
2023-07-09 17:52:01,671 - root - DEBUG - 4.1.1.5-Alignment
2023-07-09 17:52:01,671 - root - DEBUG - 4.1.1.6-Spacing
2023-07-09 17:52:01,671 - root - DEBUG - 4.1.1.7-VerticalOffset
2023-07-09 17:52:01,671 - root - DEBUG - 4.1.1.8-ImageIndex
2023-07-09 17:52:01,671 - root - DEBUG - 4.1.1.9-ImagesCount
2023-07-09 17:52:01,671 - root - DEBUG - 4.4-HeartRate
2023-07-09 17:52:01,671 - root - DEBUG - 4.4.1-ImageNumber
2023-07-09 17:52:01,671 - root - DEBUG - 4.4.1.1-TopLeftX
2023-07-09 17:52:01,671 - root - DEBUG - 4.4.1.2-TopLeftY
2023-07-09 17:52:01,671 - root - DEBUG - 4.4.1.3-BottomRightX
2023-07-09 17:52:01,671 - root - DEBUG - 4.4.1.4-BottomRightY
2023-07-09 17:52:01,671 - root - DEBUG - 4.4.1.5-Alignment
2023-07-09 17:52:01,671 - root - DEBUG - 4.4.1.6-Spacing
2023-07-09 17:52:01,671 - root - DEBUG - 4.4.1.7-VerticalOffset
2023-07-09 17:52:01,671 - root - DEBUG - 4.4.1.8-ImageIndex
2023-07-09 17:52:01,671 - root - DEBUG - 4.4.1.9-ImagesCount
2023-07-09 17:52:01,671 - root - DEBUG - 4.4.3-NoDataImageIndex
2023-07-09 17:52:01,671 - root - DEBUG - 4.6-PAI
2023-07-09 17:52:01,671 - root - DEBUG - 4.6.1-ImageNumber
2023-07-09 17:52:01,671 - root - DEBUG - 4.6.1.1-TopLeftX
2023-07-09 17:52:01,671 - root - DEBUG - 4.6.1.2-TopLeftY
2023-07-09 17:52:01,671 - root - DEBUG - 4.6.1.3-BottomRightX
2023-07-09 17:52:01,671 - root - DEBUG - 4.6.1.4-BottomRightY
2023-07-09 17:52:01,671 - root - DEBUG - 4.6.1.5-Alignment
2023-07-09 17:52:01,671 - root - DEBUG - 4.6.1.6-Spacing
2023-07-09 17:52:01,671 - root - DEBUG - 4.6.1.7-VerticalOffset
2023-07-09 17:52:01,671 - root - DEBUG - 4.6.1.8-ImageIndex
2023-07-09 17:52:01,671 - root - DEBUG - 4.6.1.9-ImagesCount
2023-07-09 17:52:01,671 - root - DEBUG - 4.7-UnknownLongValue7
2023-07-09 17:52:01,671 - root - DEBUG - 5-DateBlock
2023-07-09 17:52:01,671 - root - DEBUG - 5.1-Date
2023-07-09 17:52:01,671 - root - DEBUG - 5.1.9-YearMonthAndDay
2023-07-09 17:52:01,671 - root - DEBUG - 5.1.9.3-Day
2023-07-09 17:52:01,671 - root - DEBUG - 5.1.9.3.1-TopLeftX
2023-07-09 17:52:01,671 - root - DEBUG - 5.1.9.3.2-TopLeftY
2023-07-09 17:52:01,671 - root - DEBUG - 5.1.9.3.3-BottomRightX
2023-07-09 17:52:01,671 - root - DEBUG - 5.1.9.3.4-BottomRightY
2023-07-09 17:52:01,671 - root - DEBUG - 5.1.9.3.5-Alignment
2023-07-09 17:52:01,671 - root - DEBUG - 5.1.9.3.6-Spacing
2023-07-09 17:52:01,671 - root - DEBUG - 5.1.9.3.7-VerticalOffset
2023-07-09 17:52:01,671 - root - DEBUG - 5.1.9.3.8-ImageIndex
2023-07-09 17:52:01,671 - root - DEBUG - 5.1.9.3.9-ImagesCount
2023-07-09 17:52:01,671 - root - DEBUG - 5.1.9.4-MonthFollowsYear
2023-07-09 17:52:01,671 - root - DEBUG - 5.1.9.5-DayFollowsMonth
2023-07-09 17:52:01,671 - root - DEBUG - 5.1.9.6-MonthAsWord
2023-07-09 17:52:01,671 - root - DEBUG - 5.1.9.6.1-X
2023-07-09 17:52:01,671 - root - DEBUG - 5.1.9.6.2-Y
2023-07-09 17:52:01,671 - root - DEBUG - 5.1.9.6.3-ImageIndex
2023-07-09 17:52:01,671 - root - DEBUG - 5.1.9.6.4-ImagesCount
2023-07-09 17:52:01,671 - root - DEBUG - 5.1.9.7-MonthAsWordChinese
2023-07-09 17:52:01,671 - root - DEBUG - 5.1.9.7.1-X
2023-07-09 17:52:01,671 - root - DEBUG - 5.1.9.7.2-Y
2023-07-09 17:52:01,671 - root - DEBUG - 5.1.9.7.3-ImageIndex
2023-07-09 17:52:01,671 - root - DEBUG - 5.1.9.7.4-ImagesCount
2023-07-09 17:52:01,671 - root - DEBUG - 5.1.4-PaddingZeroMonth
2023-07-09 17:52:01,671 - root - DEBUG - 5.1.5-PaddingZeroDay
2023-07-09 17:52:01,671 - root - DEBUG - 5.1.6-UnknownBoolean6
2023-07-09 17:52:01,671 - root - DEBUG - 5.2-AmPm
2023-07-09 17:52:01,671 - root - DEBUG - 5.2.1-CommonX
2023-07-09 17:52:01,671 - root - DEBUG - 5.2.2-CommonY
2023-07-09 17:52:01,671 - root - DEBUG - 5.2.3-ImageIndexAMCN
2023-07-09 17:52:01,671 - root - DEBUG - 5.2.4-ImageIndexPMCN
2023-07-09 17:52:01,671 - root - DEBUG - 5.2.5-AmImageIndexEN
2023-07-09 17:52:01,671 - root - DEBUG - 5.2.6-PmImageIndexEN
2023-07-09 17:52:01,671 - root - DEBUG - 5.4-Weekday
2023-07-09 17:52:01,671 - root - DEBUG - 5.4.1-X
2023-07-09 17:52:01,671 - root - DEBUG - 5.4.2-Y
2023-07-09 17:52:01,671 - root - DEBUG - 5.4.3-ImageIndex
2023-07-09 17:52:01,671 - root - DEBUG - 5.4.4-ImagesCount
2023-07-09 17:52:01,687 - root - DEBUG - 5.5-WeekdayChinese
2023-07-09 17:52:01,687 - root - DEBUG - 5.5.1-X
2023-07-09 17:52:01,687 - root - DEBUG - 5.5.2-Y
2023-07-09 17:52:01,687 - root - DEBUG - 5.5.3-ImageIndex
2023-07-09 17:52:01,687 - root - DEBUG - 5.5.4-ImagesCount
2023-07-09 17:52:01,687 - root - DEBUG - 5.6-WeekdayTradChinese
2023-07-09 17:52:01,687 - root - DEBUG - 5.6.1-X
2023-07-09 17:52:01,687 - root - DEBUG - 5.6.2-Y
2023-07-09 17:52:01,687 - root - DEBUG - 5.6.3-ImageIndex
2023-07-09 17:52:01,687 - root - DEBUG - 5.6.4-ImagesCount
2023-07-09 17:52:01,687 - root - DEBUG - 29-AlwaysOnDisplay
2023-07-09 17:52:01,687 - root - DEBUG - 29.1-TimeExtended
2023-07-09 17:52:01,687 - root - DEBUG - 29.1.1-TimeSeparateDigits
2023-07-09 17:52:01,687 - root - DEBUG - 29.1.1.1-Hours
2023-07-09 17:52:01,687 - root - DEBUG - 29.1.1.1.1-Tens
2023-07-09 17:52:01,687 - root - DEBUG - 29.1.1.1.1.1-X
2023-07-09 17:52:01,687 - root - DEBUG - 29.1.1.1.1.2-Y
2023-07-09 17:52:01,687 - root - DEBUG - 29.1.1.1.1.3-ImageIndex
2023-07-09 17:52:01,687 - root - DEBUG - 29.1.1.1.1.4-ImagesCount
2023-07-09 17:52:01,687 - root - DEBUG - 29.1.1.1.2-Ones
2023-07-09 17:52:01,687 - root - DEBUG - 29.1.1.1.2.1-X
2023-07-09 17:52:01,687 - root - DEBUG - 29.1.1.1.2.2-Y
2023-07-09 17:52:01,687 - root - DEBUG - 29.1.1.1.2.3-ImageIndex
2023-07-09 17:52:01,687 - root - DEBUG - 29.1.1.1.2.4-ImagesCount
2023-07-09 17:52:01,687 - root - DEBUG - 29.1.1.2-Minutes
2023-07-09 17:52:01,687 - root - DEBUG - 29.1.1.2.1-Tens
2023-07-09 17:52:01,687 - root - DEBUG - 29.1.1.2.1.1-X
2023-07-09 17:52:01,687 - root - DEBUG - 29.1.1.2.1.2-Y
2023-07-09 17:52:01,687 - root - DEBUG - 29.1.1.2.1.3-ImageIndex
2023-07-09 17:52:01,687 - root - DEBUG - 29.1.1.2.1.4-ImagesCount
2023-07-09 17:52:01,687 - root - DEBUG - 29.1.1.2.2-Ones
2023-07-09 17:52:01,687 - root - DEBUG - 29.1.1.2.2.1-X
2023-07-09 17:52:01,687 - root - DEBUG - 29.1.1.2.2.2-Y
2023-07-09 17:52:01,687 - root - DEBUG - 29.1.1.2.2.3-ImageIndex
2023-07-09 17:52:01,687 - root - DEBUG - 29.1.1.2.2.4-ImagesCount
2023-07-09 17:52:01,687 - root - DEBUG - 29.1.1.3-Separator
2023-07-09 17:52:01,687 - root - DEBUG - 29.1.1.3.1-X
2023-07-09 17:52:01,687 - root - DEBUG - 29.1.1.3.2-Y
2023-07-09 17:52:01,687 - root - DEBUG - 29.1.1.3.3-ImageIndex
2023-07-09 17:52:01,687 - root - DEBUG - 29.1.1.4-PaddingZeroHours
2023-07-09 17:52:01,687 - root - DEBUG - 29.1.4-AmPm
2023-07-09 17:52:01,687 - root - DEBUG - 29.1.4.1-CommonX
2023-07-09 17:52:01,687 - root - DEBUG - 29.1.4.2-CommonY
2023-07-09 17:52:01,687 - root - DEBUG - 29.1.4.3-ImageIndexAMCN
2023-07-09 17:52:01,687 - root - DEBUG - 29.1.4.4-ImageIndexPMCN
2023-07-09 17:52:01,687 - root - DEBUG - 29.1.4.5-AmImageIndexEN
2023-07-09 17:52:01,687 - root - DEBUG - 29.1.4.6-PmImageIndexEN
2023-07-09 17:52:01,687 - root - DEBUG - generatePreviews
2023-07-09 17:52:01,687 - root - DEBUG - Generating previews...
2023-07-09 17:52:01,687 - root - DEBUG - Generating states done...
2023-07-09 17:52:01,709 - root - DEBUG - >>>>>>>>>>>> 0 <watchFaceParser.models.parameter.Parameter object at 0x000001CE380B1EE0>
2023-07-09 17:52:01,709 - root - DEBUG - >>>>>>>>>>>> 2 <watchFaceParser.models.parameter.Parameter object at 0x000001CE380A9520>
2023-07-09 17:52:01,709 - root - DEBUG - >>>>>>>>>>>> 3 <watchFaceParser.models.parameter.Parameter object at 0x000001CE380A9190>
2023-07-09 17:52:01,718 - root - DEBUG - >>>>>>>>>>>> 4 <watchFaceParser.models.parameter.Parameter object at 0x000001CE380ABE80>
2023-07-09 17:52:01,734 - root - DEBUG - >>>>>>>>>>>> 5 <watchFaceParser.models.parameter.Parameter object at 0x000001CE380AFAC0>
2023-07-09 17:52:01,750 - root - DEBUG - >>>>>>>>>>>> 29 <watchFaceParser.models.parameter.Parameter object at 0x000001CE380ACEE0>
2023-07-09 17:52:01,765 - root - DEBUG - Generating static preview gen done...
2023-07-09 17:52:01,844 - root - DEBUG - Generating static preview save done...
2023-07-09 17:52:01,844 - root - DEBUG - Generating anim preview gen done...
2023-07-09 17:52:01,844 - root - DEBUG - >>>>>>>>>>>> 0 <watchFaceParser.models.parameter.Parameter object at 0x000001CE380B1EE0>
2023-07-09 17:52:01,844 - root - DEBUG - >>>>>>>>>>>> 2 <watchFaceParser.models.parameter.Parameter object at 0x000001CE380A9520>
2023-07-09 17:52:01,844 - root - DEBUG - >>>>>>>>>>>> 3 <watchFaceParser.models.parameter.Parameter object at 0x000001CE380A9190>
2023-07-09 17:52:01,844 - root - DEBUG - >>>>>>>>>>>> 4 <watchFaceParser.models.parameter.Parameter object at 0x000001CE380ABE80>
2023-07-09 17:52:01,844 - root - DEBUG - >>>>>>>>>>>> 5 <watchFaceParser.models.parameter.Parameter object at 0x000001CE380AFAC0>
2023-07-09 17:52:01,844 - root - DEBUG - >>>>>>>>>>>> 29 <watchFaceParser.models.parameter.Parameter object at 0x000001CE380ACEE0>
2023-07-09 17:52:02,010 - root - DEBUG - generatePreviews done
2023-07-09 17:52:02,010 - root - DEBUG - Exporting resources to 'E:\Codez\zepp-gts2mini-wf\99a4611e7182c137e6b32cb6476ee37c'
2023-07-09 17:52:02,010 - root - DEBUG - extracting E:\Codez\zepp-gts2mini-wf\99a4611e7182c137e6b32cb6476ee37c\0000.png...
2023-07-09 17:52:02,017 - root - DEBUG - extracting E:\Codez\zepp-gts2mini-wf\99a4611e7182c137e6b32cb6476ee37c\0001.png...
2023-07-09 17:52:02,032 - root - DEBUG - extracting E:\Codez\zepp-gts2mini-wf\99a4611e7182c137e6b32cb6476ee37c\0002.png...
2023-07-09 17:52:02,048 - root - DEBUG - extracting E:\Codez\zepp-gts2mini-wf\99a4611e7182c137e6b32cb6476ee37c\0003.png...
2023-07-09 17:52:02,048 - root - DEBUG - extracting E:\Codez\zepp-gts2mini-wf\99a4611e7182c137e6b32cb6476ee37c\0004.png...
2023-07-09 17:52:02,064 - root - DEBUG - extracting E:\Codez\zepp-gts2mini-wf\99a4611e7182c137e6b32cb6476ee37c\0005.png...
2023-07-09 17:52:02,064 - root - DEBUG - extracting E:\Codez\zepp-gts2mini-wf\99a4611e7182c137e6b32cb6476ee37c\0006.png...
2023-07-09 17:52:02,064 - root - DEBUG - extracting E:\Codez\zepp-gts2mini-wf\99a4611e7182c137e6b32cb6476ee37c\0007.png...
2023-07-09 17:52:02,064 - root - DEBUG - extracting E:\Codez\zepp-gts2mini-wf\99a4611e7182c137e6b32cb6476ee37c\0008.png...
2023-07-09 17:52:02,064 - root - DEBUG - extracting E:\Codez\zepp-gts2mini-wf\99a4611e7182c137e6b32cb6476ee37c\0009.png...
2023-07-09 17:52:02,064 - root - DEBUG - extracting E:\Codez\zepp-gts2mini-wf\99a4611e7182c137e6b32cb6476ee37c\0010.png...
2023-07-09 17:52:02,064 - root - DEBUG - extracting E:\Codez\zepp-gts2mini-wf\99a4611e7182c137e6b32cb6476ee37c\0011.png...
2023-07-09 17:52:02,064 - root - DEBUG - extracting E:\Codez\zepp-gts2mini-wf\99a4611e7182c137e6b32cb6476ee37c\0012.png...
2023-07-09 17:52:02,064 - root - DEBUG - extracting E:\Codez\zepp-gts2mini-wf\99a4611e7182c137e6b32cb6476ee37c\0013.png...
2023-07-09 17:52:02,064 - root - DEBUG - extracting E:\Codez\zepp-gts2mini-wf\99a4611e7182c137e6b32cb6476ee37c\0014.png...
2023-07-09 17:52:02,079 - root - DEBUG - extracting E:\Codez\zepp-gts2mini-wf\99a4611e7182c137e6b32cb6476ee37c\0015.png...
2023-07-09 17:52:02,079 - root - DEBUG - extracting E:\Codez\zepp-gts2mini-wf\99a4611e7182c137e6b32cb6476ee37c\0016.png...
2023-07-09 17:52:02,079 - root - DEBUG - extracting E:\Codez\zepp-gts2mini-wf\99a4611e7182c137e6b32cb6476ee37c\0017.png...
2023-07-09 17:52:02,079 - root - DEBUG - extracting E:\Codez\zepp-gts2mini-wf\99a4611e7182c137e6b32cb6476ee37c\0018.png...
2023-07-09 17:52:02,079 - root - DEBUG - extracting E:\Codez\zepp-gts2mini-wf\99a4611e7182c137e6b32cb6476ee37c\0019.png...
2023-07-09 17:52:02,079 - root - DEBUG - extracting E:\Codez\zepp-gts2mini-wf\99a4611e7182c137e6b32cb6476ee37c\0020.png...
2023-07-09 17:52:02,079 - root - DEBUG - extracting E:\Codez\zepp-gts2mini-wf\99a4611e7182c137e6b32cb6476ee37c\0021.png...
2023-07-09 17:52:02,079 - root - DEBUG - extracting E:\Codez\zepp-gts2mini-wf\99a4611e7182c137e6b32cb6476ee37c\0022.png...
2023-07-09 17:52:02,079 - root - DEBUG - extracting E:\Codez\zepp-gts2mini-wf\99a4611e7182c137e6b32cb6476ee37c\0023.png...
2023-07-09 17:52:02,079 - root - DEBUG - extracting E:\Codez\zepp-gts2mini-wf\99a4611e7182c137e6b32cb6476ee37c\0024.png...
2023-07-09 17:52:02,079 - root - DEBUG - extracting E:\Codez\zepp-gts2mini-wf\99a4611e7182c137e6b32cb6476ee37c\0025.png...
2023-07-09 17:52:02,079 - root - DEBUG - extracting E:\Codez\zepp-gts2mini-wf\99a4611e7182c137e6b32cb6476ee37c\0026.png...
2023-07-09 17:52:02,095 - root - DEBUG - extracting E:\Codez\zepp-gts2mini-wf\99a4611e7182c137e6b32cb6476ee37c\0027.png...
2023-07-09 17:52:02,095 - root - DEBUG - extracting E:\Codez\zepp-gts2mini-wf\99a4611e7182c137e6b32cb6476ee37c\0028.png...
2023-07-09 17:52:02,095 - root - DEBUG - extracting E:\Codez\zepp-gts2mini-wf\99a4611e7182c137e6b32cb6476ee37c\0029.png...
2023-07-09 17:52:02,095 - root - DEBUG - extracting E:\Codez\zepp-gts2mini-wf\99a4611e7182c137e6b32cb6476ee37c\0030.png...
2023-07-09 17:52:02,095 - root - DEBUG - extracting E:\Codez\zepp-gts2mini-wf\99a4611e7182c137e6b32cb6476ee37c\0031.png...
2023-07-09 17:52:02,095 - root - DEBUG - extracting E:\Codez\zepp-gts2mini-wf\99a4611e7182c137e6b32cb6476ee37c\0032.png...
2023-07-09 17:52:02,095 - root - DEBUG - extracting E:\Codez\zepp-gts2mini-wf\99a4611e7182c137e6b32cb6476ee37c\0033.png...
2023-07-09 17:52:02,095 - root - DEBUG - extracting E:\Codez\zepp-gts2mini-wf\99a4611e7182c137e6b32cb6476ee37c\0034.png...
2023-07-09 17:52:02,095 - root - DEBUG - extracting E:\Codez\zepp-gts2mini-wf\99a4611e7182c137e6b32cb6476ee37c\0035.png...
2023-07-09 17:52:02,095 - root - DEBUG - extracting E:\Codez\zepp-gts2mini-wf\99a4611e7182c137e6b32cb6476ee37c\0036.png...
2023-07-09 17:52:02,095 - root - DEBUG - extracting E:\Codez\zepp-gts2mini-wf\99a4611e7182c137e6b32cb6476ee37c\0037.png...
2023-07-09 17:52:02,110 - root - DEBUG - extracting E:\Codez\zepp-gts2mini-wf\99a4611e7182c137e6b32cb6476ee37c\0038.png...
2023-07-09 17:52:02,111 - root - DEBUG - extracting E:\Codez\zepp-gts2mini-wf\99a4611e7182c137e6b32cb6476ee37c\0039.png...
2023-07-09 17:52:02,111 - root - DEBUG - extracting E:\Codez\zepp-gts2mini-wf\99a4611e7182c137e6b32cb6476ee37c\0040.png...
2023-07-09 17:52:02,111 - root - DEBUG - extracting E:\Codez\zepp-gts2mini-wf\99a4611e7182c137e6b32cb6476ee37c\0041.png...
2023-07-09 17:52:02,111 - root - DEBUG - extracting E:\Codez\zepp-gts2mini-wf\99a4611e7182c137e6b32cb6476ee37c\0042.png...
2023-07-09 17:52:02,111 - root - DEBUG - extracting E:\Codez\zepp-gts2mini-wf\99a4611e7182c137e6b32cb6476ee37c\0043.png...
2023-07-09 17:52:02,111 - root - DEBUG - extracting E:\Codez\zepp-gts2mini-wf\99a4611e7182c137e6b32cb6476ee37c\0044.png...
2023-07-09 17:52:02,111 - root - DEBUG - extracting E:\Codez\zepp-gts2mini-wf\99a4611e7182c137e6b32cb6476ee37c\0045.png...
2023-07-09 17:52:02,111 - root - DEBUG - extracting E:\Codez\zepp-gts2mini-wf\99a4611e7182c137e6b32cb6476ee37c\0046.png...
2023-07-09 17:52:02,111 - root - DEBUG - extracting E:\Codez\zepp-gts2mini-wf\99a4611e7182c137e6b32cb6476ee37c\0047.png...
2023-07-09 17:52:02,111 - root - DEBUG - extracting E:\Codez\zepp-gts2mini-wf\99a4611e7182c137e6b32cb6476ee37c\0048.png...
2023-07-09 17:52:02,111 - root - DEBUG - extracting E:\Codez\zepp-gts2mini-wf\99a4611e7182c137e6b32cb6476ee37c\0049.png...
2023-07-09 17:52:02,126 - root - DEBUG - extracting E:\Codez\zepp-gts2mini-wf\99a4611e7182c137e6b32cb6476ee37c\0050.png...
2023-07-09 17:52:02,126 - root - DEBUG - extracting E:\Codez\zepp-gts2mini-wf\99a4611e7182c137e6b32cb6476ee37c\0051.png...
2023-07-09 17:52:02,126 - root - DEBUG - extracting E:\Codez\zepp-gts2mini-wf\99a4611e7182c137e6b32cb6476ee37c\0052.png...
2023-07-09 17:52:02,126 - root - DEBUG - extracting E:\Codez\zepp-gts2mini-wf\99a4611e7182c137e6b32cb6476ee37c\0053.png...
2023-07-09 17:52:02,126 - root - DEBUG - extracting E:\Codez\zepp-gts2mini-wf\99a4611e7182c137e6b32cb6476ee37c\0054.png...
2023-07-09 17:52:02,126 - root - DEBUG - extracting E:\Codez\zepp-gts2mini-wf\99a4611e7182c137e6b32cb6476ee37c\0055.png...
2023-07-09 17:52:02,126 - root - DEBUG - extracting E:\Codez\zepp-gts2mini-wf\99a4611e7182c137e6b32cb6476ee37c\0056.png...
2023-07-09 17:52:02,126 - root - DEBUG - extracting E:\Codez\zepp-gts2mini-wf\99a4611e7182c137e6b32cb6476ee37c\0057.png...
2023-07-09 17:52:02,126 - root - DEBUG - extracting E:\Codez\zepp-gts2mini-wf\99a4611e7182c137e6b32cb6476ee37c\0058.png...
2023-07-09 17:52:02,126 - root - DEBUG - extracting E:\Codez\zepp-gts2mini-wf\99a4611e7182c137e6b32cb6476ee37c\0059.png...
2023-07-09 17:52:02,142 - root - DEBUG - extracting E:\Codez\zepp-gts2mini-wf\99a4611e7182c137e6b32cb6476ee37c\0060.png...
2023-07-09 17:52:02,142 - root - DEBUG - extracting E:\Codez\zepp-gts2mini-wf\99a4611e7182c137e6b32cb6476ee37c\0061.png...
2023-07-09 17:52:02,142 - root - DEBUG - extracting E:\Codez\zepp-gts2mini-wf\99a4611e7182c137e6b32cb6476ee37c\0062.png...
2023-07-09 17:52:02,142 - root - DEBUG - extracting E:\Codez\zepp-gts2mini-wf\99a4611e7182c137e6b32cb6476ee37c\0063.png...
2023-07-09 17:52:02,142 - root - DEBUG - extracting E:\Codez\zepp-gts2mini-wf\99a4611e7182c137e6b32cb6476ee37c\0064.png...
2023-07-09 17:52:02,142 - root - DEBUG - extracting E:\Codez\zepp-gts2mini-wf\99a4611e7182c137e6b32cb6476ee37c\0065.png...
2023-07-09 17:52:02,142 - root - DEBUG - extracting E:\Codez\zepp-gts2mini-wf\99a4611e7182c137e6b32cb6476ee37c\0066.png...
2023-07-09 17:52:02,142 - root - DEBUG - extracting E:\Codez\zepp-gts2mini-wf\99a4611e7182c137e6b32cb6476ee37c\0067.png...
2023-07-09 17:52:02,142 - root - DEBUG - extracting E:\Codez\zepp-gts2mini-wf\99a4611e7182c137e6b32cb6476ee37c\0068.png...
2023-07-09 17:52:02,142 - root - DEBUG - extracting E:\Codez\zepp-gts2mini-wf\99a4611e7182c137e6b32cb6476ee37c\0069.png...
2023-07-09 17:52:02,158 - root - DEBUG - extracting E:\Codez\zepp-gts2mini-wf\99a4611e7182c137e6b32cb6476ee37c\0070.png...
2023-07-09 17:52:02,158 - root - DEBUG - extracting E:\Codez\zepp-gts2mini-wf\99a4611e7182c137e6b32cb6476ee37c\0071.png...
2023-07-09 17:52:02,158 - root - DEBUG - extracting E:\Codez\zepp-gts2mini-wf\99a4611e7182c137e6b32cb6476ee37c\0072.png...
2023-07-09 17:52:02,158 - root - DEBUG - extracting E:\Codez\zepp-gts2mini-wf\99a4611e7182c137e6b32cb6476ee37c\0073.png...
2023-07-09 17:52:02,158 - root - DEBUG - extracting E:\Codez\zepp-gts2mini-wf\99a4611e7182c137e6b32cb6476ee37c\0074.png...
2023-07-09 17:52:02,158 - root - DEBUG - extracting E:\Codez\zepp-gts2mini-wf\99a4611e7182c137e6b32cb6476ee37c\0075.png...
2023-07-09 17:52:02,158 - root - DEBUG - extracting E:\Codez\zepp-gts2mini-wf\99a4611e7182c137e6b32cb6476ee37c\0076.png...
2023-07-09 17:52:02,158 - root - DEBUG - extracting E:\Codez\zepp-gts2mini-wf\99a4611e7182c137e6b32cb6476ee37c\0077.png...
2023-07-09 17:52:02,158 - root - DEBUG - extracting E:\Codez\zepp-gts2mini-wf\99a4611e7182c137e6b32cb6476ee37c\0078.png...
2023-07-09 17:52:02,158 - root - DEBUG - extracting E:\Codez\zepp-gts2mini-wf\99a4611e7182c137e6b32cb6476ee37c\0079.png...
2023-07-09 17:52:02,173 - root - DEBUG - extracting E:\Codez\zepp-gts2mini-wf\99a4611e7182c137e6b32cb6476ee37c\0080.png...
2023-07-09 17:52:02,173 - root - DEBUG - extracting E:\Codez\zepp-gts2mini-wf\99a4611e7182c137e6b32cb6476ee37c\0081.png...
2023-07-09 17:52:02,173 - root - DEBUG - extracting E:\Codez\zepp-gts2mini-wf\99a4611e7182c137e6b32cb6476ee37c\0082.png...
2023-07-09 17:52:02,173 - root - DEBUG - extracting E:\Codez\zepp-gts2mini-wf\99a4611e7182c137e6b32cb6476ee37c\0083.png...
2023-07-09 17:52:02,173 - root - DEBUG - extracting E:\Codez\zepp-gts2mini-wf\99a4611e7182c137e6b32cb6476ee37c\0084.png...
2023-07-09 17:52:02,173 - root - DEBUG - extracting E:\Codez\zepp-gts2mini-wf\99a4611e7182c137e6b32cb6476ee37c\0085.png...
2023-07-09 17:52:02,173 - root - DEBUG - extracting E:\Codez\zepp-gts2mini-wf\99a4611e7182c137e6b32cb6476ee37c\0086.png...
2023-07-09 17:52:02,173 - root - DEBUG - Exporting config...
