2021-12-27 17:06:00,170 - root - DEBUG - Opening watch face 'f82bd8bd92fc29d4ce32a9474492ae1c.bin'
2021-12-27 17:06:00,170 - root - DEBUG - Reading parameters...
2021-12-27 17:06:00,170 - root - INFO - Reading header...
2021-12-27 17:06:00,171 - root - INFO - Header was read:
2021-12-27 17:06:00,171 - root - INFO - Signature: b'UIHH\x01\x00\xff', Unknown: 122, ParametersSize: 48, isValid: True, deviceId: 73
2021-12-27 17:06:00,171 - root - INFO - Reading parameter offsets...
2021-12-27 17:06:00,171 - root - INFO - Parameter offsets were read from file
2021-12-27 17:06:00,171 - root - INFO - Reading parameters descriptor...
2021-12-27 17:06:00,172 - root - INFO - 1 ( A): 5 bytes
2021-12-27 17:06:00,172 - root - INFO -     1 ( 8): 395 18B
2021-12-27 17:06:00,172 - root - INFO -     2 (10): 90 5A
2021-12-27 17:06:00,172 - root - INFO - getParameters descriptor was read:
2021-12-27 17:06:00,172 - root - INFO - ParametersTableLength: 395, ImagesCount: 90
2021-12-27 17:06:00,172 - root - INFO - Reading parameters locations...
2021-12-27 17:06:00,172 - root - INFO - 2 (12): 4 bytes
2021-12-27 17:06:00,172 - root - INFO -     1 ( 8): 0  0
2021-12-27 17:06:00,172 - root - INFO -     2 (10): 32 20
2021-12-27 17:06:00,172 - root - INFO - 4 (22): 5 bytes
2021-12-27 17:06:00,172 - root - INFO -     1 ( 8): 154 9A
2021-12-27 17:06:00,172 - root - INFO -     2 (10): 79 4F
2021-12-27 17:06:00,173 - root - INFO - 5 (2A): 4 bytes
2021-12-27 17:06:00,173 - root - INFO -     1 ( 8): 32 20
2021-12-27 17:06:00,173 - root - INFO -     2 (10): 122 7A
2021-12-27 17:06:00,173 - root - INFO - 6 (32): 5 bytes
2021-12-27 17:06:00,173 - root - INFO -     1 ( 8): 233 E9
2021-12-27 17:06:00,173 - root - INFO -     2 (10): 43 2B
2021-12-27 17:06:00,173 - root - INFO - 9 (4A): 5 bytes
2021-12-27 17:06:00,173 - root - INFO -     1 ( 8): 276 114
2021-12-27 17:06:00,173 - root - INFO -     2 (10): 32 20
2021-12-27 17:06:00,173 - root - INFO - 21 (AA): 5 bytes
2021-12-27 17:06:00,173 - root - INFO -     1 ( 8): 308 134
2021-12-27 17:06:00,174 - root - INFO -     2 (10): 87 57
2021-12-27 17:06:00,174 - root - INFO - Watch face parameters locations were read:
2021-12-27 17:06:00,174 - root - INFO - Reading descriptor for parameter 2
2021-12-27 17:06:00,175 - root - INFO - Descriptor offset: 0, Descriptor length: 32
2021-12-27 17:06:00,175 - root - INFO - Parsing descriptor for parameter 2...
2021-12-27 17:06:00,175 - root - INFO - 1 ( A): 6 bytes
2021-12-27 17:06:00,175 - root - INFO -     1 ( 8): 0  0
2021-12-27 17:06:00,175 - root - INFO -     2 (10): 0  0
2021-12-27 17:06:00,175 - root - INFO -     3 (18): 0  0
2021-12-27 17:06:00,175 - root - INFO - 3 (1A): 6 bytes
2021-12-27 17:06:00,175 - root - INFO -     1 ( 8): 0  0
2021-12-27 17:06:00,175 - root - INFO -     2 (10): 0  0
2021-12-27 17:06:00,175 - root - INFO -     3 (18): 1  1
2021-12-27 17:06:00,175 - root - INFO - 4 (22): 6 bytes
2021-12-27 17:06:00,176 - root - INFO -     1 ( 8): 0  0
2021-12-27 17:06:00,176 - root - INFO -     2 (10): 0  0
2021-12-27 17:06:00,176 - root - INFO -     3 (18): 1  1
2021-12-27 17:06:00,176 - root - INFO - 5 (2A): 6 bytes
2021-12-27 17:06:00,176 - root - INFO -     1 ( 8): 0  0
2021-12-27 17:06:00,176 - root - INFO -     2 (10): 0  0
2021-12-27 17:06:00,176 - root - INFO -     3 (18): 1  1
2021-12-27 17:06:00,177 - root - INFO - Reading descriptor for parameter 4
2021-12-27 17:06:00,177 - root - INFO - Descriptor offset: 154, Descriptor length: 79
2021-12-27 17:06:00,177 - root - INFO - Parsing descriptor for parameter 4...
2021-12-27 17:06:00,177 - root - INFO - 1 ( A): 22 bytes
2021-12-27 17:06:00,177 - root - INFO -     1 ( A): 20 bytes
2021-12-27 17:06:00,177 - root - INFO -         1 ( 8): 52 34
2021-12-27 17:06:00,177 - root - INFO -         2 (10): 193 C1
2021-12-27 17:06:00,177 - root - INFO -         3 (18): 121 79
2021-12-27 17:06:00,177 - root - INFO -         4 (20): 213 D5
2021-12-27 17:06:00,177 - root - INFO -         5 (28): 18 12
2021-12-27 17:06:00,177 - root - INFO -         6 (30): 1  1
2021-12-27 17:06:00,178 - root - INFO -         7 (38): 0  0
2021-12-27 17:06:00,178 - root - INFO -         8 (40): 2  2
2021-12-27 17:06:00,178 - root - INFO -         9 (48): 10  A
2021-12-27 17:06:00,178 - root - INFO - 3 (1A): 23 bytes
2021-12-27 17:06:00,178 - root - INFO -     1 ( A): 21 bytes
2021-12-27 17:06:00,178 - root - INFO -         1 ( 8): 215 D7
2021-12-27 17:06:00,178 - root - INFO -         2 (10): 111 6F
2021-12-27 17:06:00,178 - root - INFO -         3 (18): 270 10E
2021-12-27 17:06:00,178 - root - INFO -         4 (20): 131 83
2021-12-27 17:06:00,178 - root - INFO -         5 (28): 18 12
2021-12-27 17:06:00,178 - root - INFO -         6 (30): 1  1
2021-12-27 17:06:00,179 - root - INFO -         7 (38): 0  0
2021-12-27 17:06:00,179 - root - INFO -         8 (40): 2  2
2021-12-27 17:06:00,179 - root - INFO -         9 (48): 10  A
2021-12-27 17:06:00,179 - root - INFO - 4 (22): 26 bytes
2021-12-27 17:06:00,179 - root - INFO -     1 ( A): 22 bytes
2021-12-27 17:06:00,179 - root - INFO -         1 ( 8): 215 D7
2021-12-27 17:06:00,179 - root - INFO -         2 (10): 148 94
2021-12-27 17:06:00,179 - root - INFO -         3 (18): 256 100
2021-12-27 17:06:00,179 - root - INFO -         4 (20): 168 A8
2021-12-27 17:06:00,179 - root - INFO -         5 (28): 18 12
2021-12-27 17:06:00,179 - root - INFO -         6 (30): 1  1
2021-12-27 17:06:00,180 - root - INFO -         7 (38): 0  0
2021-12-27 17:06:00,180 - root - INFO -         8 (40): 2  2
2021-12-27 17:06:00,180 - root - INFO -         9 (48): 10  A
2021-12-27 17:06:00,180 - root - INFO -     3 (18): 21 15
2021-12-27 17:06:00,180 - root - INFO - 7 (38): 0  0
2021-12-27 17:06:00,180 - root - INFO - Reading descriptor for parameter 5
2021-12-27 17:06:00,180 - root - INFO - Descriptor offset: 32, Descriptor length: 122
2021-12-27 17:06:00,180 - root - INFO - Parsing descriptor for parameter 5...
2021-12-27 17:06:00,180 - root - INFO - 1 ( A): 60 bytes
2021-12-27 17:06:00,181 - root - INFO -     9 (4A): 52 bytes
2021-12-27 17:06:00,181 - root - INFO -         2 (12): 22 bytes
2021-12-27 17:06:00,181 - root - INFO -             1 ( 8): 161 A1
2021-12-27 17:06:00,181 - root - INFO -             2 (10): 217 D9
2021-12-27 17:06:00,181 - root - INFO -             3 (18): 188 BC
2021-12-27 17:06:00,181 - root - INFO -             4 (20): 237 ED
2021-12-27 17:06:00,181 - root - INFO -             5 (28): 18 12
2021-12-27 17:06:00,181 - root - INFO -             6 (30): 1  1
2021-12-27 17:06:00,181 - root - INFO -             7 (38): 0  0
2021-12-27 17:06:00,181 - root - INFO -             8 (40): 2  2
2021-12-27 17:06:00,182 - root - INFO -             9 (48): 10  A
2021-12-27 17:06:00,182 - root - INFO -         3 (1A): 22 bytes
2021-12-27 17:06:00,182 - root - INFO -             1 ( 8): 200 C8
2021-12-27 17:06:00,182 - root - INFO -             2 (10): 217 D9
2021-12-27 17:06:00,182 - root - INFO -             3 (18): 227 E3
2021-12-27 17:06:00,182 - root - INFO -             4 (20): 237 ED
2021-12-27 17:06:00,182 - root - INFO -             5 (28): 18 12
2021-12-27 17:06:00,182 - root - INFO -             6 (30): 1  1
2021-12-27 17:06:00,182 - root - INFO -             7 (38): 0  0
2021-12-27 17:06:00,182 - root - INFO -             8 (40): 2  2
2021-12-27 17:06:00,182 - root - INFO -             9 (48): 10  A
2021-12-27 17:06:00,183 - root - INFO -         4 (20): 0  0
2021-12-27 17:06:00,183 - root - INFO -         5 (28): 0  0
2021-12-27 17:06:00,183 - root - INFO -     4 (20): 1  1
2021-12-27 17:06:00,183 - root - INFO -     5 (28): 1  1
2021-12-27 17:06:00,183 - root - INFO -     6 (30): 0  0
2021-12-27 17:06:00,183 - root - INFO - 2 (12): 22 bytes
2021-12-27 17:06:00,183 - root - INFO -     1 ( 8): 0  0
2021-12-27 17:06:00,183 - root - INFO -     2 (10): 0  0
2021-12-27 17:06:00,183 - root - INFO -     5 (28): 19 13
2021-12-27 17:06:00,183 - root - INFO -     6 (30): 20 14
2021-12-27 17:06:00,183 - root - INFO -     8 (42): 5 bytes
2021-12-27 17:06:00,183 - root - INFO -         1 ( 8): 25 19
2021-12-27 17:06:00,184 - root - INFO -         2 (10): 262 106
2021-12-27 17:06:00,184 - root - INFO -     9 (4A): 5 bytes
2021-12-27 17:06:00,184 - root - INFO -         1 ( 8): 25 19
2021-12-27 17:06:00,184 - root - INFO -         2 (10): 288 120
2021-12-27 17:06:00,184 - root - INFO - 4 (22): 10 bytes
2021-12-27 17:06:00,184 - root - INFO -     1 ( 8): 243 F3
2021-12-27 17:06:00,184 - root - INFO -     2 (10): 217 D9
2021-12-27 17:06:00,184 - root - INFO -     3 (18): 12  C
2021-12-27 17:06:00,184 - root - INFO -     4 (20): 7  7
2021-12-27 17:06:00,184 - root - INFO - 5 (2A): 10 bytes
2021-12-27 17:06:00,184 - root - INFO -     1 ( 8): 243 F3
2021-12-27 17:06:00,185 - root - INFO -     2 (10): 217 D9
2021-12-27 17:06:00,185 - root - INFO -     3 (18): 12  C
2021-12-27 17:06:00,185 - root - INFO -     4 (20): 7  7
2021-12-27 17:06:00,185 - root - INFO - 6 (32): 10 bytes
2021-12-27 17:06:00,185 - root - INFO -     1 ( 8): 243 F3
2021-12-27 17:06:00,185 - root - INFO -     2 (10): 217 D9
2021-12-27 17:06:00,185 - root - INFO -     3 (18): 12  C
2021-12-27 17:06:00,185 - root - INFO -     4 (20): 7  7
2021-12-27 17:06:00,185 - root - INFO - Reading descriptor for parameter 6
2021-12-27 17:06:00,185 - root - INFO - Descriptor offset: 233, Descriptor length: 43
2021-12-27 17:06:00,186 - root - INFO - Parsing descriptor for parameter 6...
2021-12-27 17:06:00,186 - root - INFO - 1 ( A): 11 bytes
2021-12-27 17:06:00,186 - root - INFO -     2 (12): 9 bytes
2021-12-27 17:06:00,186 - root - INFO -         1 ( 8): 184 B8
2021-12-27 17:06:00,186 - root - INFO -         2 (10): 44 2C
2021-12-27 17:06:00,186 - root - INFO -         3 (18): 22 16
2021-12-27 17:06:00,186 - root - INFO -         4 (20): 26 1A
2021-12-27 17:06:00,186 - root - INFO - 2 (12): 28 bytes
2021-12-27 17:06:00,186 - root - INFO -     1 ( A): 26 bytes
2021-12-27 17:06:00,186 - root - INFO -         1 ( A): 20 bytes
2021-12-27 17:06:00,186 - root - INFO -             1 ( 8): 215 D7
2021-12-27 17:06:00,187 - root - INFO -             2 (10): 45 2D
2021-12-27 17:06:00,187 - root - INFO -             3 (18): 270 10E
2021-12-27 17:06:00,187 - root - INFO -             4 (20): 65 41
2021-12-27 17:06:00,187 - root - INFO -             5 (28): 20 14
2021-12-27 17:06:00,187 - root - INFO -             6 (30): 1  1
2021-12-27 17:06:00,187 - root - INFO -             7 (38): 0  0
2021-12-27 17:06:00,187 - root - INFO -             8 (40): 2  2
2021-12-27 17:06:00,187 - root - INFO -             9 (48): 10  A
2021-12-27 17:06:00,187 - root - INFO -         2 (10): 48 30
2021-12-27 17:06:00,187 - root - INFO -         5 (28): 49 31
2021-12-27 17:06:00,188 - root - INFO - Reading descriptor for parameter 9
2021-12-27 17:06:00,188 - root - INFO - Descriptor offset: 276, Descriptor length: 32
2021-12-27 17:06:00,188 - root - INFO - Parsing descriptor for parameter 9...
2021-12-27 17:06:00,188 - root - INFO - 1 ( A): 20 bytes
2021-12-27 17:06:00,188 - root - INFO -     1 ( A): 18 bytes
2021-12-27 17:06:00,188 - root - INFO -         1 ( 8): 63 3F
2021-12-27 17:06:00,188 - root - INFO -         2 (10): 103 67
2021-12-27 17:06:00,188 - root - INFO -         3 (18): 90 5A
2021-12-27 17:06:00,188 - root - INFO -         4 (20): 117 75
2021-12-27 17:06:00,188 - root - INFO -         5 (28): 20 14
2021-12-27 17:06:00,188 - root - INFO -         6 (30): 0  0
2021-12-27 17:06:00,188 - root - INFO -         7 (38): 0  0
2021-12-27 17:06:00,189 - root - INFO -         8 (40): 50 32
2021-12-27 17:06:00,189 - root - INFO -         9 (48): 10  A
2021-12-27 17:06:00,189 - root - INFO - 2 (12): 8 bytes
2021-12-27 17:06:00,189 - root - INFO -     1 ( 8): 40 28
2021-12-27 17:06:00,189 - root - INFO -     2 (10): 51 33
2021-12-27 17:06:00,189 - root - INFO -     3 (18): 60 3C
2021-12-27 17:06:00,189 - root - INFO -     4 (20): 10  A
2021-12-27 17:06:00,189 - root - INFO - Reading descriptor for parameter 21
2021-12-27 17:06:00,189 - root - INFO - Descriptor offset: 308, Descriptor length: 87
2021-12-27 17:06:00,189 - root - INFO - Parsing descriptor for parameter 21...
2021-12-27 17:06:00,190 - root - INFO - 1 ( A): 21 bytes
2021-12-27 17:06:00,190 - root - INFO -     1 ( 8): 59 3B
2021-12-27 17:06:00,190 - root - INFO -     2 (10): 262 106
2021-12-27 17:06:00,190 - root - INFO -     3 (18): 133 85
2021-12-27 17:06:00,190 - root - INFO -     4 (20): 319 13F
2021-12-27 17:06:00,190 - root - INFO -     5 (28): 18 12
2021-12-27 17:06:00,190 - root - INFO -     6 (30): 6  6
2021-12-27 17:06:00,190 - root - INFO -     7 (38): 0  0
2021-12-27 17:06:00,190 - root - INFO -     8 (40): 70 46
2021-12-27 17:06:00,190 - root - INFO -     9 (48): 10  A
2021-12-27 17:06:00,190 - root - INFO - 3 (18): 1  1
2021-12-27 17:06:00,191 - root - INFO - 6 (30): 0  0
2021-12-27 17:06:00,191 - root - INFO - 8 (42): 58 bytes
2021-12-27 17:06:00,191 - root - INFO -     1 ( 8): 1  1
2021-12-27 17:06:00,191 - root - INFO -     2 (12): 22 bytes
2021-12-27 17:06:00,191 - root - INFO -         1 ( 8): 160 A0
2021-12-27 17:06:00,191 - root - INFO -         2 (10): 262 106
2021-12-27 17:06:00,191 - root - INFO -         3 (18): 234 EA
2021-12-27 17:06:00,191 - root - INFO -         4 (20): 319 13F
2021-12-27 17:06:00,191 - root - INFO -         5 (28): 18 12
2021-12-27 17:06:00,191 - root - INFO -         6 (30): 6  6
2021-12-27 17:06:00,191 - root - INFO -         7 (38): 0  0
2021-12-27 17:06:00,191 - root - INFO -         8 (40): 70 46
2021-12-27 17:06:00,192 - root - INFO -         9 (48): 10  A
2021-12-27 17:06:00,192 - root - INFO -     3 (1A): 22 bytes
2021-12-27 17:06:00,192 - root - INFO -         1 ( 8): 240 F0
2021-12-27 17:06:00,192 - root - INFO -         2 (10): 262 106
2021-12-27 17:06:00,192 - root - INFO -         3 (18): 283 11B
2021-12-27 17:06:00,192 - root - INFO -         4 (20): 295 127
2021-12-27 17:06:00,192 - root - INFO -         5 (28): 18 12
2021-12-27 17:06:00,192 - root - INFO -         6 (30): 3  3
2021-12-27 17:06:00,192 - root - INFO -         7 (38): 0  0
2021-12-27 17:06:00,192 - root - INFO -         8 (40): 80 50
2021-12-27 17:06:00,192 - root - INFO -         9 (48): 10  A
2021-12-27 17:06:00,193 - root - INFO -     4 (20): 1  1
2021-12-27 17:06:00,193 - root - INFO -     5 (28): 1  1
2021-12-27 17:06:00,193 - root - INFO -     8 (40): 0  0
2021-12-27 17:06:00,193 - root - INFO -     9 (48): 0  0
2021-12-27 17:06:00,196 - root - INFO - Reading resources offsets table with 90 elements (360 bytes)
2021-12-27 17:06:00,196 - root - INFO - Resource 0 offset: 890, length: 216004...
2021-12-27 17:06:00,196 - root - DEBUG - Reading resource 0...
2021-12-27 17:06:00,235 - root - INFO - The image is bme.
2021-12-27 17:06:00,236 - root - INFO - Reading image header(readHeader16E)...
2021-12-27 17:06:00,236 - root - INFO - Image header was read:
2021-12-27 17:06:00,236 - root - INFO - Width: 306, Height: 354, RowLength: 612
2021-12-27 17:06:00,236 - root - INFO - datalength: 215988, _step: 2
2021-12-27 17:06:00,236 - root - INFO - BPP: 16, Transparency: False
2021-12-27 17:06:01,023 - root - INFO - Resource 1 offset: 216894, length: 100028...
2021-12-27 17:06:01,023 - root - DEBUG - Reading resource 1...
2021-12-27 17:06:01,023 - root - INFO - The image is bme.
2021-12-27 17:06:01,023 - root - INFO - Reading image header(readHeader16E)...
2021-12-27 17:06:01,023 - root - INFO - Image header was read:
2021-12-27 17:06:01,023 - root - INFO - Width: 210, Height: 242, RowLength: 420
2021-12-27 17:06:01,023 - root - INFO - datalength: 100012, _step: 2
2021-12-27 17:06:01,023 - root - INFO - BPP: 16, Transparency: False
2021-12-27 17:06:01,247 - root - INFO - Resource 2 offset: 316922, length: 656...
2021-12-27 17:06:01,247 - root - DEBUG - Reading resource 2...
2021-12-27 17:06:01,247 - root - INFO - The image is bme.
2021-12-27 17:06:01,247 - root - INFO - Reading image header(readHeader16E)...
2021-12-27 17:06:01,247 - root - INFO - Image header was read:
2021-12-27 17:06:01,248 - root - INFO - Width: 13, Height: 20, RowLength: 26
2021-12-27 17:06:01,248 - root - INFO - datalength: 640, _step: 2
2021-12-27 17:06:01,248 - root - INFO - BPP: 16, Transparency: False
2021-12-27 17:06:01,249 - root - INFO - Resource 3 offset: 317578, length: 656...
2021-12-27 17:06:01,249 - root - DEBUG - Reading resource 3...
2021-12-27 17:06:01,249 - root - INFO - The image is bme.
2021-12-27 17:06:01,249 - root - INFO - Reading image header(readHeader16E)...
2021-12-27 17:06:01,249 - root - INFO - Image header was read:
2021-12-27 17:06:01,249 - root - INFO - Width: 13, Height: 20, RowLength: 26
2021-12-27 17:06:01,249 - root - INFO - datalength: 640, _step: 2
2021-12-27 17:06:01,249 - root - INFO - BPP: 16, Transparency: False
2021-12-27 17:06:01,251 - root - INFO - Resource 4 offset: 318234, length: 656...
2021-12-27 17:06:01,251 - root - DEBUG - Reading resource 4...
2021-12-27 17:06:01,251 - root - INFO - The image is bme.
2021-12-27 17:06:01,251 - root - INFO - Reading image header(readHeader16E)...
2021-12-27 17:06:01,251 - root - INFO - Image header was read:
2021-12-27 17:06:01,251 - root - INFO - Width: 13, Height: 20, RowLength: 26
2021-12-27 17:06:01,251 - root - INFO - datalength: 640, _step: 2
2021-12-27 17:06:01,251 - root - INFO - BPP: 16, Transparency: False
2021-12-27 17:06:01,252 - root - INFO - Resource 5 offset: 318890, length: 656...
2021-12-27 17:06:01,252 - root - DEBUG - Reading resource 5...
2021-12-27 17:06:01,253 - root - INFO - The image is bme.
2021-12-27 17:06:01,253 - root - INFO - Reading image header(readHeader16E)...
2021-12-27 17:06:01,253 - root - INFO - Image header was read:
2021-12-27 17:06:01,253 - root - INFO - Width: 13, Height: 20, RowLength: 26
2021-12-27 17:06:01,253 - root - INFO - datalength: 640, _step: 2
2021-12-27 17:06:01,253 - root - INFO - BPP: 16, Transparency: False
2021-12-27 17:06:01,254 - root - INFO - Resource 6 offset: 319546, length: 656...
2021-12-27 17:06:01,255 - root - DEBUG - Reading resource 6...
2021-12-27 17:06:01,255 - root - INFO - The image is bme.
2021-12-27 17:06:01,255 - root - INFO - Reading image header(readHeader16E)...
2021-12-27 17:06:01,255 - root - INFO - Image header was read:
2021-12-27 17:06:01,255 - root - INFO - Width: 13, Height: 20, RowLength: 26
2021-12-27 17:06:01,255 - root - INFO - datalength: 640, _step: 2
2021-12-27 17:06:01,255 - root - INFO - BPP: 16, Transparency: False
2021-12-27 17:06:01,256 - root - INFO - Resource 7 offset: 320202, length: 656...
2021-12-27 17:06:01,256 - root - DEBUG - Reading resource 7...
2021-12-27 17:06:01,256 - root - INFO - The image is bme.
2021-12-27 17:06:01,256 - root - INFO - Reading image header(readHeader16E)...
2021-12-27 17:06:01,256 - root - INFO - Image header was read:
2021-12-27 17:06:01,257 - root - INFO - Width: 13, Height: 20, RowLength: 26
2021-12-27 17:06:01,257 - root - INFO - datalength: 640, _step: 2
2021-12-27 17:06:01,257 - root - INFO - BPP: 16, Transparency: False
2021-12-27 17:06:01,258 - root - INFO - Resource 8 offset: 320858, length: 656...
2021-12-27 17:06:01,258 - root - DEBUG - Reading resource 8...
2021-12-27 17:06:01,258 - root - INFO - The image is bme.
2021-12-27 17:06:01,258 - root - INFO - Reading image header(readHeader16E)...
2021-12-27 17:06:01,258 - root - INFO - Image header was read:
2021-12-27 17:06:01,258 - root - INFO - Width: 13, Height: 20, RowLength: 26
2021-12-27 17:06:01,258 - root - INFO - datalength: 640, _step: 2
2021-12-27 17:06:01,258 - root - INFO - BPP: 16, Transparency: False
2021-12-27 17:06:01,260 - root - INFO - Resource 9 offset: 321514, length: 656...
2021-12-27 17:06:01,260 - root - DEBUG - Reading resource 9...
2021-12-27 17:06:01,260 - root - INFO - The image is bme.
2021-12-27 17:06:01,260 - root - INFO - Reading image header(readHeader16E)...
2021-12-27 17:06:01,260 - root - INFO - Image header was read:
2021-12-27 17:06:01,260 - root - INFO - Width: 13, Height: 20, RowLength: 26
2021-12-27 17:06:01,260 - root - INFO - datalength: 640, _step: 2
2021-12-27 17:06:01,260 - root - INFO - BPP: 16, Transparency: False
2021-12-27 17:06:01,261 - root - INFO - Resource 10 offset: 322170, length: 656...
2021-12-27 17:06:01,261 - root - DEBUG - Reading resource 10...
2021-12-27 17:06:01,262 - root - INFO - The image is bme.
2021-12-27 17:06:01,262 - root - INFO - Reading image header(readHeader16E)...
2021-12-27 17:06:01,262 - root - INFO - Image header was read:
2021-12-27 17:06:01,262 - root - INFO - Width: 13, Height: 20, RowLength: 26
2021-12-27 17:06:01,262 - root - INFO - datalength: 640, _step: 2
2021-12-27 17:06:01,262 - root - INFO - BPP: 16, Transparency: False
2021-12-27 17:06:01,263 - root - INFO - Resource 11 offset: 322826, length: 656...
2021-12-27 17:06:01,263 - root - DEBUG - Reading resource 11...
2021-12-27 17:06:01,263 - root - INFO - The image is bme.
2021-12-27 17:06:01,263 - root - INFO - Reading image header(readHeader16E)...
2021-12-27 17:06:01,263 - root - INFO - Image header was read:
2021-12-27 17:06:01,263 - root - INFO - Width: 13, Height: 20, RowLength: 26
2021-12-27 17:06:01,264 - root - INFO - datalength: 640, _step: 2
2021-12-27 17:06:01,264 - root - INFO - BPP: 16, Transparency: False
2021-12-27 17:06:01,265 - root - INFO - Resource 12 offset: 323482, length: 1696...
2021-12-27 17:06:01,265 - root - DEBUG - Reading resource 12...
2021-12-27 17:06:01,265 - root - INFO - The image is bme.
2021-12-27 17:06:01,265 - root - INFO - Reading image header(readHeader16E)...
2021-12-27 17:06:01,265 - root - INFO - Image header was read:
2021-12-27 17:06:01,265 - root - INFO - Width: 39, Height: 20, RowLength: 78
2021-12-27 17:06:01,265 - root - INFO - datalength: 1680, _step: 2
2021-12-27 17:06:01,265 - root - INFO - BPP: 16, Transparency: False
2021-12-27 17:06:01,269 - root - INFO - Resource 13 offset: 325178, length: 1696...
2021-12-27 17:06:01,269 - root - DEBUG - Reading resource 13...
2021-12-27 17:06:01,269 - root - INFO - The image is bme.
2021-12-27 17:06:01,269 - root - INFO - Reading image header(readHeader16E)...
2021-12-27 17:06:01,269 - root - INFO - Image header was read:
2021-12-27 17:06:01,269 - root - INFO - Width: 39, Height: 20, RowLength: 78
2021-12-27 17:06:01,269 - root - INFO - datalength: 1680, _step: 2
2021-12-27 17:06:01,269 - root - INFO - BPP: 16, Transparency: False
2021-12-27 17:06:01,273 - root - INFO - Resource 14 offset: 326874, length: 1696...
2021-12-27 17:06:01,273 - root - DEBUG - Reading resource 14...
2021-12-27 17:06:01,273 - root - INFO - The image is bme.
2021-12-27 17:06:01,273 - root - INFO - Reading image header(readHeader16E)...
2021-12-27 17:06:01,273 - root - INFO - Image header was read:
2021-12-27 17:06:01,273 - root - INFO - Width: 39, Height: 20, RowLength: 78
2021-12-27 17:06:01,273 - root - INFO - datalength: 1680, _step: 2
2021-12-27 17:06:01,273 - root - INFO - BPP: 16, Transparency: False
2021-12-27 17:06:01,276 - root - INFO - Resource 15 offset: 328570, length: 1696...
2021-12-27 17:06:01,277 - root - DEBUG - Reading resource 15...
2021-12-27 17:06:01,277 - root - INFO - The image is bme.
2021-12-27 17:06:01,277 - root - INFO - Reading image header(readHeader16E)...
2021-12-27 17:06:01,277 - root - INFO - Image header was read:
2021-12-27 17:06:01,277 - root - INFO - Width: 39, Height: 20, RowLength: 78
2021-12-27 17:06:01,277 - root - INFO - datalength: 1680, _step: 2
2021-12-27 17:06:01,277 - root - INFO - BPP: 16, Transparency: False
2021-12-27 17:06:01,280 - root - INFO - Resource 16 offset: 330266, length: 1696...
2021-12-27 17:06:01,281 - root - DEBUG - Reading resource 16...
2021-12-27 17:06:01,281 - root - INFO - The image is bme.
2021-12-27 17:06:01,281 - root - INFO - Reading image header(readHeader16E)...
2021-12-27 17:06:01,281 - root - INFO - Image header was read:
2021-12-27 17:06:01,281 - root - INFO - Width: 39, Height: 20, RowLength: 78
2021-12-27 17:06:01,281 - root - INFO - datalength: 1680, _step: 2
2021-12-27 17:06:01,281 - root - INFO - BPP: 16, Transparency: False
2021-12-27 17:06:01,284 - root - INFO - Resource 17 offset: 331962, length: 1696...
2021-12-27 17:06:01,284 - root - DEBUG - Reading resource 17...
2021-12-27 17:06:01,284 - root - INFO - The image is bme.
2021-12-27 17:06:01,285 - root - INFO - Reading image header(readHeader16E)...
2021-12-27 17:06:01,285 - root - INFO - Image header was read:
2021-12-27 17:06:01,285 - root - INFO - Width: 39, Height: 20, RowLength: 78
2021-12-27 17:06:01,285 - root - INFO - datalength: 1680, _step: 2
2021-12-27 17:06:01,285 - root - INFO - BPP: 16, Transparency: False
2021-12-27 17:06:01,288 - root - INFO - Resource 18 offset: 333658, length: 1696...
2021-12-27 17:06:01,288 - root - DEBUG - Reading resource 18...
2021-12-27 17:06:01,288 - root - INFO - The image is bme.
2021-12-27 17:06:01,288 - root - INFO - Reading image header(readHeader16E)...
2021-12-27 17:06:01,289 - root - INFO - Image header was read:
2021-12-27 17:06:01,289 - root - INFO - Width: 39, Height: 20, RowLength: 78
2021-12-27 17:06:01,289 - root - INFO - datalength: 1680, _step: 2
2021-12-27 17:06:01,289 - root - INFO - BPP: 16, Transparency: False
2021-12-27 17:06:01,292 - root - INFO - Resource 19 offset: 335354, length: 1234...
2021-12-27 17:06:01,292 - root - DEBUG - Reading resource 19...
2021-12-27 17:06:01,292 - root - INFO - The image is bme.
2021-12-27 17:06:01,292 - root - INFO - Reading image header(readHeader16E)...
2021-12-27 17:06:01,292 - root - INFO - Image header was read:
2021-12-27 17:06:01,292 - root - INFO - Width: 26, Height: 21, RowLength: 52
2021-12-27 17:06:01,292 - root - INFO - datalength: 1218, _step: 2
2021-12-27 17:06:01,293 - root - INFO - BPP: 16, Transparency: False
2021-12-27 17:06:01,295 - root - INFO - Resource 20 offset: 336588, length: 1234...
2021-12-27 17:06:01,295 - root - DEBUG - Reading resource 20...
2021-12-27 17:06:01,295 - root - INFO - The image is bme.
2021-12-27 17:06:01,295 - root - INFO - Reading image header(readHeader16E)...
2021-12-27 17:06:01,295 - root - INFO - Image header was read:
2021-12-27 17:06:01,295 - root - INFO - Width: 26, Height: 21, RowLength: 52
2021-12-27 17:06:01,295 - root - INFO - datalength: 1218, _step: 2
2021-12-27 17:06:01,295 - root - INFO - BPP: 16, Transparency: False
2021-12-27 17:06:01,298 - root - INFO - Resource 21 offset: 337822, length: 112...
2021-12-27 17:06:01,298 - root - DEBUG - Reading resource 21...
2021-12-27 17:06:01,298 - root - INFO - The image is bme.
2021-12-27 17:06:01,298 - root - INFO - Reading image header(readHeader16E)...
2021-12-27 17:06:01,298 - root - INFO - Image header was read:
2021-12-27 17:06:01,298 - root - INFO - Width: 27, Height: 20, RowLength: 54
2021-12-27 17:06:01,298 - root - INFO - datalength: 96, _step: 2
2021-12-27 17:06:01,298 - root - INFO - BPP: 16, Transparency: False
2021-12-27 17:06:01,299 - root - INFO - Resource 22 offset: 337934, length: 1312...
2021-12-27 17:06:01,299 - root - DEBUG - Reading resource 22...
2021-12-27 17:06:01,299 - root - INFO - The image is bme.
2021-12-27 17:06:01,299 - root - INFO - Reading image header(readHeader16E)...
2021-12-27 17:06:01,299 - root - INFO - Image header was read:
2021-12-27 17:06:01,299 - root - INFO - Width: 24, Height: 24, RowLength: 48
2021-12-27 17:06:01,299 - root - INFO - datalength: 1296, _step: 2
2021-12-27 17:06:01,299 - root - INFO - BPP: 16, Transparency: False
2021-12-27 17:06:01,302 - root - INFO - Resource 23 offset: 339246, length: 1312...
2021-12-27 17:06:01,302 - root - DEBUG - Reading resource 23...
2021-12-27 17:06:01,302 - root - INFO - The image is bme.
2021-12-27 17:06:01,302 - root - INFO - Reading image header(readHeader16E)...
2021-12-27 17:06:01,302 - root - INFO - Image header was read:
2021-12-27 17:06:01,302 - root - INFO - Width: 24, Height: 24, RowLength: 48
2021-12-27 17:06:01,302 - root - INFO - datalength: 1296, _step: 2
2021-12-27 17:06:01,302 - root - INFO - BPP: 16, Transparency: False
2021-12-27 17:06:01,305 - root - INFO - Resource 24 offset: 340558, length: 1312...
2021-12-27 17:06:01,305 - root - DEBUG - Reading resource 24...
2021-12-27 17:06:01,305 - root - INFO - The image is bme.
2021-12-27 17:06:01,305 - root - INFO - Reading image header(readHeader16E)...
2021-12-27 17:06:01,305 - root - INFO - Image header was read:
2021-12-27 17:06:01,305 - root - INFO - Width: 24, Height: 24, RowLength: 48
2021-12-27 17:06:01,305 - root - INFO - datalength: 1296, _step: 2
2021-12-27 17:06:01,305 - root - INFO - BPP: 16, Transparency: False
2021-12-27 17:06:01,308 - root - INFO - Resource 25 offset: 341870, length: 1312...
2021-12-27 17:06:01,308 - root - DEBUG - Reading resource 25...
2021-12-27 17:06:01,308 - root - INFO - The image is bme.
2021-12-27 17:06:01,308 - root - INFO - Reading image header(readHeader16E)...
2021-12-27 17:06:01,308 - root - INFO - Image header was read:
2021-12-27 17:06:01,308 - root - INFO - Width: 24, Height: 24, RowLength: 48
2021-12-27 17:06:01,308 - root - INFO - datalength: 1296, _step: 2
2021-12-27 17:06:01,308 - root - INFO - BPP: 16, Transparency: False
2021-12-27 17:06:01,311 - root - INFO - Resource 26 offset: 343182, length: 1312...
2021-12-27 17:06:01,311 - root - DEBUG - Reading resource 26...
2021-12-27 17:06:01,311 - root - INFO - The image is bme.
2021-12-27 17:06:01,311 - root - INFO - Reading image header(readHeader16E)...
2021-12-27 17:06:01,311 - root - INFO - Image header was read:
2021-12-27 17:06:01,311 - root - INFO - Width: 24, Height: 24, RowLength: 48
2021-12-27 17:06:01,311 - root - INFO - datalength: 1296, _step: 2
2021-12-27 17:06:01,311 - root - INFO - BPP: 16, Transparency: False
2021-12-27 17:06:01,314 - root - INFO - Resource 27 offset: 344494, length: 1312...
2021-12-27 17:06:01,314 - root - DEBUG - Reading resource 27...
2021-12-27 17:06:01,314 - root - INFO - The image is bme.
2021-12-27 17:06:01,314 - root - INFO - Reading image header(readHeader16E)...
2021-12-27 17:06:01,314 - root - INFO - Image header was read:
2021-12-27 17:06:01,314 - root - INFO - Width: 24, Height: 24, RowLength: 48
2021-12-27 17:06:01,314 - root - INFO - datalength: 1296, _step: 2
2021-12-27 17:06:01,314 - root - INFO - BPP: 16, Transparency: False
2021-12-27 17:06:01,317 - root - INFO - Resource 28 offset: 345806, length: 1312...
2021-12-27 17:06:01,317 - root - DEBUG - Reading resource 28...
2021-12-27 17:06:01,317 - root - INFO - The image is bme.
2021-12-27 17:06:01,317 - root - INFO - Reading image header(readHeader16E)...
2021-12-27 17:06:01,317 - root - INFO - Image header was read:
2021-12-27 17:06:01,317 - root - INFO - Width: 24, Height: 24, RowLength: 48
2021-12-27 17:06:01,317 - root - INFO - datalength: 1296, _step: 2
2021-12-27 17:06:01,317 - root - INFO - BPP: 16, Transparency: False
2021-12-27 17:06:01,320 - root - INFO - Resource 29 offset: 347118, length: 1312...
2021-12-27 17:06:01,320 - root - DEBUG - Reading resource 29...
2021-12-27 17:06:01,320 - root - INFO - The image is bme.
2021-12-27 17:06:01,320 - root - INFO - Reading image header(readHeader16E)...
2021-12-27 17:06:01,320 - root - INFO - Image header was read:
2021-12-27 17:06:01,320 - root - INFO - Width: 24, Height: 24, RowLength: 48
2021-12-27 17:06:01,320 - root - INFO - datalength: 1296, _step: 2
2021-12-27 17:06:01,320 - root - INFO - BPP: 16, Transparency: False
2021-12-27 17:06:01,323 - root - INFO - Resource 30 offset: 348430, length: 1312...
2021-12-27 17:06:01,323 - root - DEBUG - Reading resource 30...
2021-12-27 17:06:01,323 - root - INFO - The image is bme.
2021-12-27 17:06:01,323 - root - INFO - Reading image header(readHeader16E)...
2021-12-27 17:06:01,323 - root - INFO - Image header was read:
2021-12-27 17:06:01,323 - root - INFO - Width: 24, Height: 24, RowLength: 48
2021-12-27 17:06:01,323 - root - INFO - datalength: 1296, _step: 2
2021-12-27 17:06:01,323 - root - INFO - BPP: 16, Transparency: False
2021-12-27 17:06:01,326 - root - INFO - Resource 31 offset: 349742, length: 1312...
2021-12-27 17:06:01,326 - root - DEBUG - Reading resource 31...
2021-12-27 17:06:01,326 - root - INFO - The image is bme.
2021-12-27 17:06:01,326 - root - INFO - Reading image header(readHeader16E)...
2021-12-27 17:06:01,326 - root - INFO - Image header was read:
2021-12-27 17:06:01,326 - root - INFO - Width: 24, Height: 24, RowLength: 48
2021-12-27 17:06:01,326 - root - INFO - datalength: 1296, _step: 2
2021-12-27 17:06:01,326 - root - INFO - BPP: 16, Transparency: False
2021-12-27 17:06:01,329 - root - INFO - Resource 32 offset: 351054, length: 1312...
2021-12-27 17:06:01,329 - root - DEBUG - Reading resource 32...
2021-12-27 17:06:01,329 - root - INFO - The image is bme.
2021-12-27 17:06:01,329 - root - INFO - Reading image header(readHeader16E)...
2021-12-27 17:06:01,329 - root - INFO - Image header was read:
2021-12-27 17:06:01,329 - root - INFO - Width: 24, Height: 24, RowLength: 48
2021-12-27 17:06:01,329 - root - INFO - datalength: 1296, _step: 2
2021-12-27 17:06:01,330 - root - INFO - BPP: 16, Transparency: False
2021-12-27 17:06:01,332 - root - INFO - Resource 33 offset: 352366, length: 1312...
2021-12-27 17:06:01,332 - root - DEBUG - Reading resource 33...
2021-12-27 17:06:01,333 - root - INFO - The image is bme.
2021-12-27 17:06:01,333 - root - INFO - Reading image header(readHeader16E)...
2021-12-27 17:06:01,333 - root - INFO - Image header was read:
2021-12-27 17:06:01,333 - root - INFO - Width: 24, Height: 24, RowLength: 48
2021-12-27 17:06:01,333 - root - INFO - datalength: 1296, _step: 2
2021-12-27 17:06:01,333 - root - INFO - BPP: 16, Transparency: False
2021-12-27 17:06:01,336 - root - INFO - Resource 34 offset: 353678, length: 1312...
2021-12-27 17:06:01,336 - root - DEBUG - Reading resource 34...
2021-12-27 17:06:01,336 - root - INFO - The image is bme.
2021-12-27 17:06:01,336 - root - INFO - Reading image header(readHeader16E)...
2021-12-27 17:06:01,336 - root - INFO - Image header was read:
2021-12-27 17:06:01,336 - root - INFO - Width: 24, Height: 24, RowLength: 48
2021-12-27 17:06:01,336 - root - INFO - datalength: 1296, _step: 2
2021-12-27 17:06:01,336 - root - INFO - BPP: 16, Transparency: False
2021-12-27 17:06:01,339 - root - INFO - Resource 35 offset: 354990, length: 1312...
2021-12-27 17:06:01,339 - root - DEBUG - Reading resource 35...
2021-12-27 17:06:01,339 - root - INFO - The image is bme.
2021-12-27 17:06:01,339 - root - INFO - Reading image header(readHeader16E)...
2021-12-27 17:06:01,339 - root - INFO - Image header was read:
2021-12-27 17:06:01,339 - root - INFO - Width: 24, Height: 24, RowLength: 48
2021-12-27 17:06:01,339 - root - INFO - datalength: 1296, _step: 2
2021-12-27 17:06:01,339 - root - INFO - BPP: 16, Transparency: False
2021-12-27 17:06:01,342 - root - INFO - Resource 36 offset: 356302, length: 1312...
2021-12-27 17:06:01,342 - root - DEBUG - Reading resource 36...
2021-12-27 17:06:01,342 - root - INFO - The image is bme.
2021-12-27 17:06:01,342 - root - INFO - Reading image header(readHeader16E)...
2021-12-27 17:06:01,342 - root - INFO - Image header was read:
2021-12-27 17:06:01,342 - root - INFO - Width: 24, Height: 24, RowLength: 48
2021-12-27 17:06:01,342 - root - INFO - datalength: 1296, _step: 2
2021-12-27 17:06:01,342 - root - INFO - BPP: 16, Transparency: False
2021-12-27 17:06:01,345 - root - INFO - Resource 37 offset: 357614, length: 1312...
2021-12-27 17:06:01,345 - root - DEBUG - Reading resource 37...
2021-12-27 17:06:01,346 - root - INFO - The image is bme.
2021-12-27 17:06:01,346 - root - INFO - Reading image header(readHeader16E)...
2021-12-27 17:06:01,346 - root - INFO - Image header was read:
2021-12-27 17:06:01,346 - root - INFO - Width: 24, Height: 24, RowLength: 48
2021-12-27 17:06:01,346 - root - INFO - datalength: 1296, _step: 2
2021-12-27 17:06:01,346 - root - INFO - BPP: 16, Transparency: False
2021-12-27 17:06:01,349 - root - INFO - Resource 38 offset: 358926, length: 1312...
2021-12-27 17:06:01,349 - root - DEBUG - Reading resource 38...
2021-12-27 17:06:01,349 - root - INFO - The image is bme.
2021-12-27 17:06:01,349 - root - INFO - Reading image header(readHeader16E)...
2021-12-27 17:06:01,349 - root - INFO - Image header was read:
2021-12-27 17:06:01,349 - root - INFO - Width: 24, Height: 24, RowLength: 48
2021-12-27 17:06:01,349 - root - INFO - datalength: 1296, _step: 2
2021-12-27 17:06:01,349 - root - INFO - BPP: 16, Transparency: False
2021-12-27 17:06:01,352 - root - INFO - Resource 39 offset: 360238, length: 1312...
2021-12-27 17:06:01,352 - root - DEBUG - Reading resource 39...
2021-12-27 17:06:01,352 - root - INFO - The image is bme.
2021-12-27 17:06:01,352 - root - INFO - Reading image header(readHeader16E)...
2021-12-27 17:06:01,352 - root - INFO - Image header was read:
2021-12-27 17:06:01,353 - root - INFO - Width: 24, Height: 24, RowLength: 48
2021-12-27 17:06:01,353 - root - INFO - datalength: 1296, _step: 2
2021-12-27 17:06:01,353 - root - INFO - BPP: 16, Transparency: False
2021-12-27 17:06:01,355 - root - INFO - Resource 40 offset: 361550, length: 1312...
2021-12-27 17:06:01,355 - root - DEBUG - Reading resource 40...
2021-12-27 17:06:01,356 - root - INFO - The image is bme.
2021-12-27 17:06:01,356 - root - INFO - Reading image header(readHeader16E)...
2021-12-27 17:06:01,356 - root - INFO - Image header was read:
2021-12-27 17:06:01,356 - root - INFO - Width: 24, Height: 24, RowLength: 48
2021-12-27 17:06:01,356 - root - INFO - datalength: 1296, _step: 2
2021-12-27 17:06:01,356 - root - INFO - BPP: 16, Transparency: False
2021-12-27 17:06:01,359 - root - INFO - Resource 41 offset: 362862, length: 1312...
2021-12-27 17:06:01,359 - root - DEBUG - Reading resource 41...
2021-12-27 17:06:01,359 - root - INFO - The image is bme.
2021-12-27 17:06:01,359 - root - INFO - Reading image header(readHeader16E)...
2021-12-27 17:06:01,359 - root - INFO - Image header was read:
2021-12-27 17:06:01,359 - root - INFO - Width: 24, Height: 24, RowLength: 48
2021-12-27 17:06:01,359 - root - INFO - datalength: 1296, _step: 2
2021-12-27 17:06:01,359 - root - INFO - BPP: 16, Transparency: False
2021-12-27 17:06:01,362 - root - INFO - Resource 42 offset: 364174, length: 1312...
2021-12-27 17:06:01,363 - root - DEBUG - Reading resource 42...
2021-12-27 17:06:01,363 - root - INFO - The image is bme.
2021-12-27 17:06:01,363 - root - INFO - Reading image header(readHeader16E)...
2021-12-27 17:06:01,363 - root - INFO - Image header was read:
2021-12-27 17:06:01,363 - root - INFO - Width: 24, Height: 24, RowLength: 48
2021-12-27 17:06:01,363 - root - INFO - datalength: 1296, _step: 2
2021-12-27 17:06:01,363 - root - INFO - BPP: 16, Transparency: False
2021-12-27 17:06:01,366 - root - INFO - Resource 43 offset: 365486, length: 1312...
2021-12-27 17:06:01,366 - root - DEBUG - Reading resource 43...
2021-12-27 17:06:01,366 - root - INFO - The image is bme.
2021-12-27 17:06:01,366 - root - INFO - Reading image header(readHeader16E)...
2021-12-27 17:06:01,366 - root - INFO - Image header was read:
2021-12-27 17:06:01,366 - root - INFO - Width: 24, Height: 24, RowLength: 48
2021-12-27 17:06:01,366 - root - INFO - datalength: 1296, _step: 2
2021-12-27 17:06:01,366 - root - INFO - BPP: 16, Transparency: False
2021-12-27 17:06:01,369 - root - INFO - Resource 44 offset: 366798, length: 1312...
2021-12-27 17:06:01,369 - root - DEBUG - Reading resource 44...
2021-12-27 17:06:01,369 - root - INFO - The image is bme.
2021-12-27 17:06:01,369 - root - INFO - Reading image header(readHeader16E)...
2021-12-27 17:06:01,369 - root - INFO - Image header was read:
2021-12-27 17:06:01,369 - root - INFO - Width: 24, Height: 24, RowLength: 48
2021-12-27 17:06:01,369 - root - INFO - datalength: 1296, _step: 2
2021-12-27 17:06:01,369 - root - INFO - BPP: 16, Transparency: False
2021-12-27 17:06:01,372 - root - INFO - Resource 45 offset: 368110, length: 1312...
2021-12-27 17:06:01,372 - root - DEBUG - Reading resource 45...
2021-12-27 17:06:01,372 - root - INFO - The image is bme.
2021-12-27 17:06:01,372 - root - INFO - Reading image header(readHeader16E)...
2021-12-27 17:06:01,372 - root - INFO - Image header was read:
2021-12-27 17:06:01,372 - root - INFO - Width: 24, Height: 24, RowLength: 48
2021-12-27 17:06:01,373 - root - INFO - datalength: 1296, _step: 2
2021-12-27 17:06:01,373 - root - INFO - BPP: 16, Transparency: False
2021-12-27 17:06:01,375 - root - INFO - Resource 46 offset: 369422, length: 1312...
2021-12-27 17:06:01,375 - root - DEBUG - Reading resource 46...
2021-12-27 17:06:01,375 - root - INFO - The image is bme.
2021-12-27 17:06:01,375 - root - INFO - Reading image header(readHeader16E)...
2021-12-27 17:06:01,376 - root - INFO - Image header was read:
2021-12-27 17:06:01,376 - root - INFO - Width: 24, Height: 24, RowLength: 48
2021-12-27 17:06:01,376 - root - INFO - datalength: 1296, _step: 2
2021-12-27 17:06:01,376 - root - INFO - BPP: 16, Transparency: False
2021-12-27 17:06:01,379 - root - INFO - Resource 47 offset: 370734, length: 1312...
2021-12-27 17:06:01,379 - root - DEBUG - Reading resource 47...
2021-12-27 17:06:01,380 - root - INFO - The image is bme.
2021-12-27 17:06:01,380 - root - INFO - Reading image header(readHeader16E)...
2021-12-27 17:06:01,380 - root - INFO - Image header was read:
2021-12-27 17:06:01,380 - root - INFO - Width: 24, Height: 24, RowLength: 48
2021-12-27 17:06:01,380 - root - INFO - datalength: 1296, _step: 2
2021-12-27 17:06:01,380 - root - INFO - BPP: 16, Transparency: False
2021-12-27 17:06:01,383 - root - INFO - Resource 48 offset: 372046, length: 656...
2021-12-27 17:06:01,383 - root - DEBUG - Reading resource 48...
2021-12-27 17:06:01,383 - root - INFO - The image is bme.
2021-12-27 17:06:01,383 - root - INFO - Reading image header(readHeader16E)...
2021-12-27 17:06:01,383 - root - INFO - Image header was read:
2021-12-27 17:06:01,383 - root - INFO - Width: 13, Height: 20, RowLength: 26
2021-12-27 17:06:01,383 - root - INFO - datalength: 640, _step: 2
2021-12-27 17:06:01,384 - root - INFO - BPP: 16, Transparency: False
2021-12-27 17:06:01,385 - root - INFO - Resource 49 offset: 372702, length: 1216...
2021-12-27 17:06:01,385 - root - DEBUG - Reading resource 49...
2021-12-27 17:06:01,385 - root - INFO - The image is bme.
2021-12-27 17:06:01,385 - root - INFO - Reading image header(readHeader16E)...
2021-12-27 17:06:01,385 - root - INFO - Image header was read:
2021-12-27 17:06:01,385 - root - INFO - Width: 27, Height: 20, RowLength: 54
2021-12-27 17:06:01,385 - root - INFO - datalength: 1200, _step: 2
2021-12-27 17:06:01,385 - root - INFO - BPP: 16, Transparency: False
2021-12-27 17:06:01,388 - root - INFO - Resource 50 offset: 373918, length: 352...
2021-12-27 17:06:01,388 - root - DEBUG - Reading resource 50...
2021-12-27 17:06:01,388 - root - INFO - The image is bme.
2021-12-27 17:06:01,388 - root - INFO - Reading image header(readHeader16E)...
2021-12-27 17:06:01,388 - root - INFO - Image header was read:
2021-12-27 17:06:01,388 - root - INFO - Width: 9, Height: 14, RowLength: 18
2021-12-27 17:06:01,388 - root - INFO - datalength: 336, _step: 2
2021-12-27 17:06:01,388 - root - INFO - BPP: 16, Transparency: False
2021-12-27 17:06:01,389 - root - INFO - Resource 51 offset: 374270, length: 352...
2021-12-27 17:06:01,389 - root - DEBUG - Reading resource 51...
2021-12-27 17:06:01,389 - root - INFO - The image is bme.
2021-12-27 17:06:01,389 - root - INFO - Reading image header(readHeader16E)...
2021-12-27 17:06:01,389 - root - INFO - Image header was read:
2021-12-27 17:06:01,389 - root - INFO - Width: 9, Height: 14, RowLength: 18
2021-12-27 17:06:01,389 - root - INFO - datalength: 336, _step: 2
2021-12-27 17:06:01,390 - root - INFO - BPP: 16, Transparency: False
2021-12-27 17:06:01,390 - root - INFO - Resource 52 offset: 374622, length: 352...
2021-12-27 17:06:01,390 - root - DEBUG - Reading resource 52...
2021-12-27 17:06:01,390 - root - INFO - The image is bme.
2021-12-27 17:06:01,390 - root - INFO - Reading image header(readHeader16E)...
2021-12-27 17:06:01,391 - root - INFO - Image header was read:
2021-12-27 17:06:01,391 - root - INFO - Width: 9, Height: 14, RowLength: 18
2021-12-27 17:06:01,391 - root - INFO - datalength: 336, _step: 2
2021-12-27 17:06:01,391 - root - INFO - BPP: 16, Transparency: False
2021-12-27 17:06:01,391 - root - INFO - Resource 53 offset: 374974, length: 352...
2021-12-27 17:06:01,392 - root - DEBUG - Reading resource 53...
2021-12-27 17:06:01,392 - root - INFO - The image is bme.
2021-12-27 17:06:01,392 - root - INFO - Reading image header(readHeader16E)...
2021-12-27 17:06:01,392 - root - INFO - Image header was read:
2021-12-27 17:06:01,392 - root - INFO - Width: 9, Height: 14, RowLength: 18
2021-12-27 17:06:01,392 - root - INFO - datalength: 336, _step: 2
2021-12-27 17:06:01,392 - root - INFO - BPP: 16, Transparency: False
2021-12-27 17:06:01,393 - root - INFO - Resource 54 offset: 375326, length: 352...
2021-12-27 17:06:01,393 - root - DEBUG - Reading resource 54...
2021-12-27 17:06:01,393 - root - INFO - The image is bme.
2021-12-27 17:06:01,393 - root - INFO - Reading image header(readHeader16E)...
2021-12-27 17:06:01,393 - root - INFO - Image header was read:
2021-12-27 17:06:01,393 - root - INFO - Width: 9, Height: 14, RowLength: 18
2021-12-27 17:06:01,393 - root - INFO - datalength: 336, _step: 2
2021-12-27 17:06:01,393 - root - INFO - BPP: 16, Transparency: False
2021-12-27 17:06:01,394 - root - INFO - Resource 55 offset: 375678, length: 352...
2021-12-27 17:06:01,394 - root - DEBUG - Reading resource 55...
2021-12-27 17:06:01,394 - root - INFO - The image is bme.
2021-12-27 17:06:01,394 - root - INFO - Reading image header(readHeader16E)...
2021-12-27 17:06:01,395 - root - INFO - Image header was read:
2021-12-27 17:06:01,395 - root - INFO - Width: 9, Height: 14, RowLength: 18
2021-12-27 17:06:01,395 - root - INFO - datalength: 336, _step: 2
2021-12-27 17:06:01,395 - root - INFO - BPP: 16, Transparency: False
2021-12-27 17:06:01,396 - root - INFO - Resource 56 offset: 376030, length: 352...
2021-12-27 17:06:01,396 - root - DEBUG - Reading resource 56...
2021-12-27 17:06:01,396 - root - INFO - The image is bme.
2021-12-27 17:06:01,396 - root - INFO - Reading image header(readHeader16E)...
2021-12-27 17:06:01,397 - root - INFO - Image header was read:
2021-12-27 17:06:01,397 - root - INFO - Width: 9, Height: 14, RowLength: 18
2021-12-27 17:06:01,397 - root - INFO - datalength: 336, _step: 2
2021-12-27 17:06:01,397 - root - INFO - BPP: 16, Transparency: False
2021-12-27 17:06:01,397 - root - INFO - Resource 57 offset: 376382, length: 352...
2021-12-27 17:06:01,398 - root - DEBUG - Reading resource 57...
2021-12-27 17:06:01,398 - root - INFO - The image is bme.
2021-12-27 17:06:01,398 - root - INFO - Reading image header(readHeader16E)...
2021-12-27 17:06:01,398 - root - INFO - Image header was read:
2021-12-27 17:06:01,398 - root - INFO - Width: 9, Height: 14, RowLength: 18
2021-12-27 17:06:01,398 - root - INFO - datalength: 336, _step: 2
2021-12-27 17:06:01,398 - root - INFO - BPP: 16, Transparency: False
2021-12-27 17:06:01,399 - root - INFO - Resource 58 offset: 376734, length: 352...
2021-12-27 17:06:01,399 - root - DEBUG - Reading resource 58...
2021-12-27 17:06:01,399 - root - INFO - The image is bme.
2021-12-27 17:06:01,399 - root - INFO - Reading image header(readHeader16E)...
2021-12-27 17:06:01,399 - root - INFO - Image header was read:
2021-12-27 17:06:01,399 - root - INFO - Width: 9, Height: 14, RowLength: 18
2021-12-27 17:06:01,399 - root - INFO - datalength: 336, _step: 2
2021-12-27 17:06:01,399 - root - INFO - BPP: 16, Transparency: False
2021-12-27 17:06:01,400 - root - INFO - Resource 59 offset: 377086, length: 352...
2021-12-27 17:06:01,400 - root - DEBUG - Reading resource 59...
2021-12-27 17:06:01,400 - root - INFO - The image is bme.
2021-12-27 17:06:01,400 - root - INFO - Reading image header(readHeader16E)...
2021-12-27 17:06:01,400 - root - INFO - Image header was read:
2021-12-27 17:06:01,400 - root - INFO - Width: 9, Height: 14, RowLength: 18
2021-12-27 17:06:01,400 - root - INFO - datalength: 336, _step: 2
2021-12-27 17:06:01,401 - root - INFO - BPP: 16, Transparency: False
2021-12-27 17:06:01,401 - root - INFO - Resource 60 offset: 377438, length: 14632...
2021-12-27 17:06:01,401 - root - DEBUG - Reading resource 60...
2021-12-27 17:06:01,401 - root - INFO - The image is bme.
2021-12-27 17:06:01,401 - root - INFO - Reading image header(readHeader16E)...
2021-12-27 17:06:01,402 - root - INFO - Image header was read:
2021-12-27 17:06:01,402 - root - INFO - Width: 84, Height: 84, RowLength: 168
2021-12-27 17:06:01,402 - root - INFO - datalength: 14616, _step: 2
2021-12-27 17:06:01,402 - root - INFO - BPP: 16, Transparency: False
2021-12-27 17:06:01,435 - root - INFO - Resource 61 offset: 392070, length: 14632...
2021-12-27 17:06:01,435 - root - DEBUG - Reading resource 61...
2021-12-27 17:06:01,436 - root - INFO - The image is bme.
2021-12-27 17:06:01,436 - root - INFO - Reading image header(readHeader16E)...
2021-12-27 17:06:01,436 - root - INFO - Image header was read:
2021-12-27 17:06:01,436 - root - INFO - Width: 84, Height: 84, RowLength: 168
2021-12-27 17:06:01,436 - root - INFO - datalength: 14616, _step: 2
2021-12-27 17:06:01,436 - root - INFO - BPP: 16, Transparency: False
2021-12-27 17:06:01,472 - root - INFO - Resource 62 offset: 406702, length: 14632...
2021-12-27 17:06:01,472 - root - DEBUG - Reading resource 62...
2021-12-27 17:06:01,472 - root - INFO - The image is bme.
2021-12-27 17:06:01,472 - root - INFO - Reading image header(readHeader16E)...
2021-12-27 17:06:01,472 - root - INFO - Image header was read:
2021-12-27 17:06:01,472 - root - INFO - Width: 84, Height: 84, RowLength: 168
2021-12-27 17:06:01,472 - root - INFO - datalength: 14616, _step: 2
2021-12-27 17:06:01,472 - root - INFO - BPP: 16, Transparency: False
2021-12-27 17:06:01,506 - root - INFO - Resource 63 offset: 421334, length: 14632...
2021-12-27 17:06:01,507 - root - DEBUG - Reading resource 63...
2021-12-27 17:06:01,507 - root - INFO - The image is bme.
2021-12-27 17:06:01,507 - root - INFO - Reading image header(readHeader16E)...
2021-12-27 17:06:01,507 - root - INFO - Image header was read:
2021-12-27 17:06:01,507 - root - INFO - Width: 84, Height: 84, RowLength: 168
2021-12-27 17:06:01,507 - root - INFO - datalength: 14616, _step: 2
2021-12-27 17:06:01,507 - root - INFO - BPP: 16, Transparency: False
2021-12-27 17:06:01,540 - root - INFO - Resource 64 offset: 435966, length: 14632...
2021-12-27 17:06:01,540 - root - DEBUG - Reading resource 64...
2021-12-27 17:06:01,540 - root - INFO - The image is bme.
2021-12-27 17:06:01,540 - root - INFO - Reading image header(readHeader16E)...
2021-12-27 17:06:01,540 - root - INFO - Image header was read:
2021-12-27 17:06:01,540 - root - INFO - Width: 84, Height: 84, RowLength: 168
2021-12-27 17:06:01,540 - root - INFO - datalength: 14616, _step: 2
2021-12-27 17:06:01,540 - root - INFO - BPP: 16, Transparency: False
2021-12-27 17:06:01,570 - root - INFO - Resource 65 offset: 450598, length: 14632...
2021-12-27 17:06:01,571 - root - DEBUG - Reading resource 65...
2021-12-27 17:06:01,571 - root - INFO - The image is bme.
2021-12-27 17:06:01,571 - root - INFO - Reading image header(readHeader16E)...
2021-12-27 17:06:01,571 - root - INFO - Image header was read:
2021-12-27 17:06:01,571 - root - INFO - Width: 84, Height: 84, RowLength: 168
2021-12-27 17:06:01,571 - root - INFO - datalength: 14616, _step: 2
2021-12-27 17:06:01,571 - root - INFO - BPP: 16, Transparency: False
2021-12-27 17:06:01,602 - root - INFO - Resource 66 offset: 465230, length: 14632...
2021-12-27 17:06:01,602 - root - DEBUG - Reading resource 66...
2021-12-27 17:06:01,602 - root - INFO - The image is bme.
2021-12-27 17:06:01,602 - root - INFO - Reading image header(readHeader16E)...
2021-12-27 17:06:01,602 - root - INFO - Image header was read:
2021-12-27 17:06:01,602 - root - INFO - Width: 84, Height: 84, RowLength: 168
2021-12-27 17:06:01,602 - root - INFO - datalength: 14616, _step: 2
2021-12-27 17:06:01,602 - root - INFO - BPP: 16, Transparency: False
2021-12-27 17:06:01,632 - root - INFO - Resource 67 offset: 479862, length: 14632...
2021-12-27 17:06:01,632 - root - DEBUG - Reading resource 67...
2021-12-27 17:06:01,632 - root - INFO - The image is bme.
2021-12-27 17:06:01,632 - root - INFO - Reading image header(readHeader16E)...
2021-12-27 17:06:01,632 - root - INFO - Image header was read:
2021-12-27 17:06:01,632 - root - INFO - Width: 84, Height: 84, RowLength: 168
2021-12-27 17:06:01,633 - root - INFO - datalength: 14616, _step: 2
2021-12-27 17:06:01,633 - root - INFO - BPP: 16, Transparency: False
2021-12-27 17:06:01,663 - root - INFO - Resource 68 offset: 494494, length: 14632...
2021-12-27 17:06:01,663 - root - DEBUG - Reading resource 68...
2021-12-27 17:06:01,663 - root - INFO - The image is bme.
2021-12-27 17:06:01,663 - root - INFO - Reading image header(readHeader16E)...
2021-12-27 17:06:01,663 - root - INFO - Image header was read:
2021-12-27 17:06:01,663 - root - INFO - Width: 84, Height: 84, RowLength: 168
2021-12-27 17:06:01,663 - root - INFO - datalength: 14616, _step: 2
2021-12-27 17:06:01,663 - root - INFO - BPP: 16, Transparency: False
2021-12-27 17:06:01,693 - root - INFO - Resource 69 offset: 509126, length: 14632...
2021-12-27 17:06:01,693 - root - DEBUG - Reading resource 69...
2021-12-27 17:06:01,693 - root - INFO - The image is bme.
2021-12-27 17:06:01,693 - root - INFO - Reading image header(readHeader16E)...
2021-12-27 17:06:01,693 - root - INFO - Image header was read:
2021-12-27 17:06:01,693 - root - INFO - Width: 84, Height: 84, RowLength: 168
2021-12-27 17:06:01,693 - root - INFO - datalength: 14616, _step: 2
2021-12-27 17:06:01,693 - root - INFO - BPP: 16, Transparency: False
2021-12-27 17:06:01,723 - root - INFO - Resource 70 offset: 523758, length: 4234...
2021-12-27 17:06:01,723 - root - DEBUG - Reading resource 70...
2021-12-27 17:06:01,723 - root - INFO - The image is bme.
2021-12-27 17:06:01,723 - root - INFO - Reading image header(readHeader16E)...
2021-12-27 17:06:01,724 - root - INFO - Image header was read:
2021-12-27 17:06:01,724 - root - INFO - Width: 34, Height: 57, RowLength: 68
2021-12-27 17:06:01,724 - root - INFO - datalength: 4218, _step: 2
2021-12-27 17:06:01,724 - root - INFO - BPP: 16, Transparency: False
2021-12-27 17:06:01,732 - root - INFO - Resource 71 offset: 527992, length: 4234...
2021-12-27 17:06:01,732 - root - DEBUG - Reading resource 71...
2021-12-27 17:06:01,732 - root - INFO - The image is bme.
2021-12-27 17:06:01,732 - root - INFO - Reading image header(readHeader16E)...
2021-12-27 17:06:01,732 - root - INFO - Image header was read:
2021-12-27 17:06:01,732 - root - INFO - Width: 34, Height: 57, RowLength: 68
2021-12-27 17:06:01,732 - root - INFO - datalength: 4218, _step: 2
2021-12-27 17:06:01,732 - root - INFO - BPP: 16, Transparency: False
2021-12-27 17:06:01,741 - root - INFO - Resource 72 offset: 532226, length: 4234...
2021-12-27 17:06:01,741 - root - DEBUG - Reading resource 72...
2021-12-27 17:06:01,741 - root - INFO - The image is bme.
2021-12-27 17:06:01,741 - root - INFO - Reading image header(readHeader16E)...
2021-12-27 17:06:01,741 - root - INFO - Image header was read:
2021-12-27 17:06:01,741 - root - INFO - Width: 34, Height: 57, RowLength: 68
2021-12-27 17:06:01,741 - root - INFO - datalength: 4218, _step: 2
2021-12-27 17:06:01,741 - root - INFO - BPP: 16, Transparency: False
2021-12-27 17:06:01,750 - root - INFO - Resource 73 offset: 536460, length: 4234...
2021-12-27 17:06:01,750 - root - DEBUG - Reading resource 73...
2021-12-27 17:06:01,750 - root - INFO - The image is bme.
2021-12-27 17:06:01,750 - root - INFO - Reading image header(readHeader16E)...
2021-12-27 17:06:01,750 - root - INFO - Image header was read:
2021-12-27 17:06:01,750 - root - INFO - Width: 34, Height: 57, RowLength: 68
2021-12-27 17:06:01,750 - root - INFO - datalength: 4218, _step: 2
2021-12-27 17:06:01,750 - root - INFO - BPP: 16, Transparency: False
2021-12-27 17:06:01,758 - root - INFO - Resource 74 offset: 540694, length: 4234...
2021-12-27 17:06:01,758 - root - DEBUG - Reading resource 74...
2021-12-27 17:06:01,758 - root - INFO - The image is bme.
2021-12-27 17:06:01,758 - root - INFO - Reading image header(readHeader16E)...
2021-12-27 17:06:01,759 - root - INFO - Image header was read:
2021-12-27 17:06:01,759 - root - INFO - Width: 34, Height: 57, RowLength: 68
2021-12-27 17:06:01,759 - root - INFO - datalength: 4218, _step: 2
2021-12-27 17:06:01,759 - root - INFO - BPP: 16, Transparency: False
2021-12-27 17:06:01,767 - root - INFO - Resource 75 offset: 544928, length: 4234...
2021-12-27 17:06:01,767 - root - DEBUG - Reading resource 75...
2021-12-27 17:06:01,767 - root - INFO - The image is bme.
2021-12-27 17:06:01,767 - root - INFO - Reading image header(readHeader16E)...
2021-12-27 17:06:01,767 - root - INFO - Image header was read:
2021-12-27 17:06:01,767 - root - INFO - Width: 34, Height: 57, RowLength: 68
2021-12-27 17:06:01,767 - root - INFO - datalength: 4218, _step: 2
2021-12-27 17:06:01,768 - root - INFO - BPP: 16, Transparency: False
2021-12-27 17:06:01,776 - root - INFO - Resource 76 offset: 549162, length: 4234...
2021-12-27 17:06:01,776 - root - DEBUG - Reading resource 76...
2021-12-27 17:06:01,776 - root - INFO - The image is bme.
2021-12-27 17:06:01,776 - root - INFO - Reading image header(readHeader16E)...
2021-12-27 17:06:01,776 - root - INFO - Image header was read:
2021-12-27 17:06:01,776 - root - INFO - Width: 34, Height: 57, RowLength: 68
2021-12-27 17:06:01,776 - root - INFO - datalength: 4218, _step: 2
2021-12-27 17:06:01,776 - root - INFO - BPP: 16, Transparency: False
2021-12-27 17:06:01,786 - root - INFO - Resource 77 offset: 553396, length: 4234...
2021-12-27 17:06:01,786 - root - DEBUG - Reading resource 77...
2021-12-27 17:06:01,786 - root - INFO - The image is bme.
2021-12-27 17:06:01,786 - root - INFO - Reading image header(readHeader16E)...
2021-12-27 17:06:01,786 - root - INFO - Image header was read:
2021-12-27 17:06:01,786 - root - INFO - Width: 34, Height: 57, RowLength: 68
2021-12-27 17:06:01,786 - root - INFO - datalength: 4218, _step: 2
2021-12-27 17:06:01,786 - root - INFO - BPP: 16, Transparency: False
2021-12-27 17:06:01,795 - root - INFO - Resource 78 offset: 557630, length: 4234...
2021-12-27 17:06:01,795 - root - DEBUG - Reading resource 78...
2021-12-27 17:06:01,795 - root - INFO - The image is bme.
2021-12-27 17:06:01,795 - root - INFO - Reading image header(readHeader16E)...
2021-12-27 17:06:01,795 - root - INFO - Image header was read:
2021-12-27 17:06:01,795 - root - INFO - Width: 34, Height: 57, RowLength: 68
2021-12-27 17:06:01,795 - root - INFO - datalength: 4218, _step: 2
2021-12-27 17:06:01,795 - root - INFO - BPP: 16, Transparency: False
2021-12-27 17:06:01,803 - root - INFO - Resource 79 offset: 561864, length: 4234...
2021-12-27 17:06:01,804 - root - DEBUG - Reading resource 79...
2021-12-27 17:06:01,804 - root - INFO - The image is bme.
2021-12-27 17:06:01,804 - root - INFO - Reading image header(readHeader16E)...
2021-12-27 17:06:01,804 - root - INFO - Image header was read:
2021-12-27 17:06:01,804 - root - INFO - Width: 34, Height: 57, RowLength: 68
2021-12-27 17:06:01,804 - root - INFO - datalength: 4218, _step: 2
2021-12-27 17:06:01,804 - root - INFO - BPP: 16, Transparency: False
2021-12-27 17:06:01,812 - root - INFO - Resource 80 offset: 566098, length: 1534...
2021-12-27 17:06:01,812 - root - DEBUG - Reading resource 80...
2021-12-27 17:06:01,812 - root - INFO - The image is bme.
2021-12-27 17:06:01,812 - root - INFO - Reading image header(readHeader16E)...
2021-12-27 17:06:01,812 - root - INFO - Image header was read:
2021-12-27 17:06:01,813 - root - INFO - Width: 20, Height: 33, RowLength: 40
2021-12-27 17:06:01,813 - root - INFO - datalength: 1518, _step: 2
2021-12-27 17:06:01,813 - root - INFO - BPP: 16, Transparency: False
2021-12-27 17:06:01,816 - root - INFO - Resource 81 offset: 567632, length: 1534...
2021-12-27 17:06:01,816 - root - DEBUG - Reading resource 81...
2021-12-27 17:06:01,816 - root - INFO - The image is bme.
2021-12-27 17:06:01,816 - root - INFO - Reading image header(readHeader16E)...
2021-12-27 17:06:01,816 - root - INFO - Image header was read:
2021-12-27 17:06:01,816 - root - INFO - Width: 20, Height: 33, RowLength: 40
2021-12-27 17:06:01,816 - root - INFO - datalength: 1518, _step: 2
2021-12-27 17:06:01,816 - root - INFO - BPP: 16, Transparency: False
2021-12-27 17:06:01,819 - root - INFO - Resource 82 offset: 569166, length: 1534...
2021-12-27 17:06:01,819 - root - DEBUG - Reading resource 82...
2021-12-27 17:06:01,819 - root - INFO - The image is bme.
2021-12-27 17:06:01,819 - root - INFO - Reading image header(readHeader16E)...
2021-12-27 17:06:01,819 - root - INFO - Image header was read:
2021-12-27 17:06:01,820 - root - INFO - Width: 20, Height: 33, RowLength: 40
2021-12-27 17:06:01,820 - root - INFO - datalength: 1518, _step: 2
2021-12-27 17:06:01,820 - root - INFO - BPP: 16, Transparency: False
2021-12-27 17:06:01,823 - root - INFO - Resource 83 offset: 570700, length: 1534...
2021-12-27 17:06:01,823 - root - DEBUG - Reading resource 83...
2021-12-27 17:06:01,823 - root - INFO - The image is bme.
2021-12-27 17:06:01,823 - root - INFO - Reading image header(readHeader16E)...
2021-12-27 17:06:01,823 - root - INFO - Image header was read:
2021-12-27 17:06:01,823 - root - INFO - Width: 20, Height: 33, RowLength: 40
2021-12-27 17:06:01,823 - root - INFO - datalength: 1518, _step: 2
2021-12-27 17:06:01,823 - root - INFO - BPP: 16, Transparency: False
2021-12-27 17:06:01,826 - root - INFO - Resource 84 offset: 572234, length: 1534...
2021-12-27 17:06:01,826 - root - DEBUG - Reading resource 84...
2021-12-27 17:06:01,826 - root - INFO - The image is bme.
2021-12-27 17:06:01,826 - root - INFO - Reading image header(readHeader16E)...
2021-12-27 17:06:01,826 - root - INFO - Image header was read:
2021-12-27 17:06:01,827 - root - INFO - Width: 20, Height: 33, RowLength: 40
2021-12-27 17:06:01,827 - root - INFO - datalength: 1518, _step: 2
2021-12-27 17:06:01,827 - root - INFO - BPP: 16, Transparency: False
2021-12-27 17:06:01,830 - root - INFO - Resource 85 offset: 573768, length: 1534...
2021-12-27 17:06:01,830 - root - DEBUG - Reading resource 85...
2021-12-27 17:06:01,831 - root - INFO - The image is bme.
2021-12-27 17:06:01,831 - root - INFO - Reading image header(readHeader16E)...
2021-12-27 17:06:01,831 - root - INFO - Image header was read:
2021-12-27 17:06:01,831 - root - INFO - Width: 20, Height: 33, RowLength: 40
2021-12-27 17:06:01,831 - root - INFO - datalength: 1518, _step: 2
2021-12-27 17:06:01,831 - root - INFO - BPP: 16, Transparency: False
2021-12-27 17:06:01,834 - root - INFO - Resource 86 offset: 575302, length: 1534...
2021-12-27 17:06:01,834 - root - DEBUG - Reading resource 86...
2021-12-27 17:06:01,834 - root - INFO - The image is bme.
2021-12-27 17:06:01,834 - root - INFO - Reading image header(readHeader16E)...
2021-12-27 17:06:01,834 - root - INFO - Image header was read:
2021-12-27 17:06:01,834 - root - INFO - Width: 20, Height: 33, RowLength: 40
2021-12-27 17:06:01,834 - root - INFO - datalength: 1518, _step: 2
2021-12-27 17:06:01,834 - root - INFO - BPP: 16, Transparency: False
2021-12-27 17:06:01,837 - root - INFO - Resource 87 offset: 576836, length: 1534...
2021-12-27 17:06:01,837 - root - DEBUG - Reading resource 87...
2021-12-27 17:06:01,837 - root - INFO - The image is bme.
2021-12-27 17:06:01,837 - root - INFO - Reading image header(readHeader16E)...
2021-12-27 17:06:01,838 - root - INFO - Image header was read:
2021-12-27 17:06:01,838 - root - INFO - Width: 20, Height: 33, RowLength: 40
2021-12-27 17:06:01,838 - root - INFO - datalength: 1518, _step: 2
2021-12-27 17:06:01,838 - root - INFO - BPP: 16, Transparency: False
2021-12-27 17:06:01,841 - root - INFO - Resource 88 offset: 578370, length: 1534...
2021-12-27 17:06:01,841 - root - DEBUG - Reading resource 88...
2021-12-27 17:06:01,841 - root - INFO - The image is bme.
2021-12-27 17:06:01,841 - root - INFO - Reading image header(readHeader16E)...
2021-12-27 17:06:01,841 - root - INFO - Image header was read:
2021-12-27 17:06:01,841 - root - INFO - Width: 20, Height: 33, RowLength: 40
2021-12-27 17:06:01,841 - root - INFO - datalength: 1518, _step: 2
2021-12-27 17:06:01,841 - root - INFO - BPP: 16, Transparency: False
2021-12-27 17:06:01,844 - root - INFO - Resource 89 offset: 579904, length: 1534...
2021-12-27 17:06:01,845 - root - DEBUG - Reading resource 89...
2021-12-27 17:06:01,845 - root - INFO - The image is bme.
2021-12-27 17:06:01,845 - root - INFO - Reading image header(readHeader16E)...
2021-12-27 17:06:01,845 - root - INFO - Image header was read:
2021-12-27 17:06:01,845 - root - INFO - Width: 20, Height: 33, RowLength: 40
2021-12-27 17:06:01,845 - root - INFO - datalength: 1518, _step: 2
2021-12-27 17:06:01,845 - root - INFO - BPP: 16, Transparency: False
2021-12-27 17:06:01,848 - root - DEBUG - Parsing parameters...
2021-12-27 17:06:01,916 - root - DEBUG - 0 Value: None
2021-12-27 17:06:01,917 - root - DEBUG - 0.1 Value: 73
2021-12-27 17:06:01,917 - root - DEBUG - 2 Value: None
2021-12-27 17:06:01,917 - root - DEBUG - 2.1 Value: None
2021-12-27 17:06:01,917 - root - DEBUG - 2.1.1 Value: 0
2021-12-27 17:06:01,917 - root - DEBUG - 2.1.2 Value: 0
2021-12-27 17:06:01,917 - root - DEBUG - 2.1.3 Value: 0
2021-12-27 17:06:01,917 - root - DEBUG - 2.3 Value: None
2021-12-27 17:06:01,917 - root - DEBUG - 2.3.1 Value: 0
2021-12-27 17:06:01,917 - root - DEBUG - 2.3.2 Value: 0
2021-12-27 17:06:01,917 - root - DEBUG - 2.3.3 Value: 1
2021-12-27 17:06:01,917 - root - DEBUG - 2.4 Value: None
2021-12-27 17:06:01,918 - root - DEBUG - 2.4.1 Value: 0
2021-12-27 17:06:01,918 - root - DEBUG - 2.4.2 Value: 0
2021-12-27 17:06:01,918 - root - DEBUG - 2.4.3 Value: 1
2021-12-27 17:06:01,918 - root - DEBUG - 2.5 Value: None
2021-12-27 17:06:01,918 - root - DEBUG - 2.5.1 Value: 0
2021-12-27 17:06:01,918 - root - DEBUG - 2.5.2 Value: 0
2021-12-27 17:06:01,918 - root - DEBUG - 2.5.3 Value: 1
2021-12-27 17:06:01,918 - root - DEBUG - 4 Value: None
2021-12-27 17:06:01,918 - root - DEBUG - 4.1 Value: None
2021-12-27 17:06:01,918 - root - DEBUG - 4.1.1 Value: None
2021-12-27 17:06:01,918 - root - DEBUG - 4.1.1.1 Value: 52
2021-12-27 17:06:01,918 - root - DEBUG - 4.1.1.2 Value: 193
2021-12-27 17:06:01,918 - root - DEBUG - 4.1.1.3 Value: 121
2021-12-27 17:06:01,918 - root - DEBUG - 4.1.1.4 Value: 213
2021-12-27 17:06:01,919 - root - DEBUG - 4.1.1.5 Value: 18
2021-12-27 17:06:01,919 - root - DEBUG - 4.1.1.6 Value: 1
2021-12-27 17:06:01,919 - root - DEBUG - 4.1.1.7 Value: 0
2021-12-27 17:06:01,919 - root - DEBUG - 4.1.1.8 Value: 2
2021-12-27 17:06:01,919 - root - DEBUG - 4.1.1.9 Value: 10
2021-12-27 17:06:01,919 - root - DEBUG - 4.3 Value: None
2021-12-27 17:06:01,919 - root - DEBUG - 4.3.1 Value: None
2021-12-27 17:06:01,919 - root - DEBUG - 4.3.1.1 Value: 215
2021-12-27 17:06:01,919 - root - DEBUG - 4.3.1.2 Value: 111
2021-12-27 17:06:01,919 - root - DEBUG - 4.3.1.3 Value: 270
2021-12-27 17:06:01,919 - root - DEBUG - 4.3.1.4 Value: 131
2021-12-27 17:06:01,919 - root - DEBUG - 4.3.1.5 Value: 18
2021-12-27 17:06:01,919 - root - DEBUG - 4.3.1.6 Value: 1
2021-12-27 17:06:01,920 - root - DEBUG - 4.3.1.7 Value: 0
2021-12-27 17:06:01,920 - root - DEBUG - 4.3.1.8 Value: 2
2021-12-27 17:06:01,920 - root - DEBUG - 4.3.1.9 Value: 10
2021-12-27 17:06:01,920 - root - DEBUG - 4.4 Value: None
2021-12-27 17:06:01,920 - root - DEBUG - 4.4.1 Value: None
2021-12-27 17:06:01,920 - root - DEBUG - 4.4.1.1 Value: 215
2021-12-27 17:06:01,920 - root - DEBUG - 4.4.1.2 Value: 148
2021-12-27 17:06:01,920 - root - DEBUG - 4.4.1.3 Value: 256
2021-12-27 17:06:01,920 - root - DEBUG - 4.4.1.4 Value: 168
2021-12-27 17:06:01,920 - root - DEBUG - 4.4.1.5 Value: 18
2021-12-27 17:06:01,920 - root - DEBUG - 4.4.1.6 Value: 1
2021-12-27 17:06:01,920 - root - DEBUG - 4.4.1.7 Value: 0
2021-12-27 17:06:01,920 - root - DEBUG - 4.4.1.8 Value: 2
2021-12-27 17:06:01,921 - root - DEBUG - 4.4.1.9 Value: 10
2021-12-27 17:06:01,921 - root - DEBUG - 4.4.3 Value: 21
2021-12-27 17:06:01,921 - root - DEBUG - 4.7 Value: 0
2021-12-27 17:06:01,921 - root - DEBUG - 5 Value: None
2021-12-27 17:06:01,921 - root - DEBUG - 5.1 Value: None
2021-12-27 17:06:01,921 - root - DEBUG - 5.1.9 Value: None
2021-12-27 17:06:01,921 - root - DEBUG - 5.1.9.2 Value: None
2021-12-27 17:06:01,921 - root - DEBUG - 5.1.9.2.1 Value: 161
2021-12-27 17:06:01,921 - root - DEBUG - 5.1.9.2.2 Value: 217
2021-12-27 17:06:01,921 - root - DEBUG - 5.1.9.2.3 Value: 188
2021-12-27 17:06:01,921 - root - DEBUG - 5.1.9.2.4 Value: 237
2021-12-27 17:06:01,921 - root - DEBUG - 5.1.9.2.5 Value: 18
2021-12-27 17:06:01,921 - root - DEBUG - 5.1.9.2.6 Value: 1
2021-12-27 17:06:01,922 - root - DEBUG - 5.1.9.2.7 Value: 0
2021-12-27 17:06:01,922 - root - DEBUG - 5.1.9.2.8 Value: 2
2021-12-27 17:06:01,922 - root - DEBUG - 5.1.9.2.9 Value: 10
2021-12-27 17:06:01,922 - root - DEBUG - 5.1.9.3 Value: None
2021-12-27 17:06:01,922 - root - DEBUG - 5.1.9.3.1 Value: 200
2021-12-27 17:06:01,922 - root - DEBUG - 5.1.9.3.2 Value: 217
2021-12-27 17:06:01,922 - root - DEBUG - 5.1.9.3.3 Value: 227
2021-12-27 17:06:01,922 - root - DEBUG - 5.1.9.3.4 Value: 237
2021-12-27 17:06:01,922 - root - DEBUG - 5.1.9.3.5 Value: 18
2021-12-27 17:06:01,922 - root - DEBUG - 5.1.9.3.6 Value: 1
2021-12-27 17:06:01,922 - root - DEBUG - 5.1.9.3.7 Value: 0
2021-12-27 17:06:01,923 - root - DEBUG - 5.1.9.3.8 Value: 2
2021-12-27 17:06:01,923 - root - DEBUG - 5.1.9.3.9 Value: 10
2021-12-27 17:06:01,923 - root - DEBUG - 5.1.9.4 Value: 0
2021-12-27 17:06:01,923 - root - DEBUG - 5.1.9.5 Value: 0
2021-12-27 17:06:01,923 - root - DEBUG - 5.1.4 Value: 1
2021-12-27 17:06:01,923 - root - DEBUG - 5.1.5 Value: 1
2021-12-27 17:06:01,923 - root - DEBUG - 5.1.6 Value: 0
2021-12-27 17:06:01,923 - root - DEBUG - 5.2 Value: None
2021-12-27 17:06:01,923 - root - DEBUG - 5.2.1 Value: 0
2021-12-27 17:06:01,923 - root - DEBUG - 5.2.2 Value: 0
2021-12-27 17:06:01,923 - root - DEBUG - 5.2.5 Value: 19
2021-12-27 17:06:01,923 - root - DEBUG - 5.2.6 Value: 20
2021-12-27 17:06:01,923 - root - DEBUG - 5.2.8 Value: None
2021-12-27 17:06:01,924 - root - DEBUG - 5.2.8.1 Value: 25
2021-12-27 17:06:01,924 - root - DEBUG - 5.2.8.2 Value: 262
2021-12-27 17:06:01,924 - root - DEBUG - 5.2.9 Value: None
2021-12-27 17:06:01,924 - root - DEBUG - 5.2.9.1 Value: 25
2021-12-27 17:06:01,924 - root - DEBUG - 5.2.9.2 Value: 288
2021-12-27 17:06:01,924 - root - DEBUG - 5.4 Value: None
2021-12-27 17:06:01,924 - root - DEBUG - 5.4.1 Value: 243
2021-12-27 17:06:01,924 - root - DEBUG - 5.4.2 Value: 217
2021-12-27 17:06:01,924 - root - DEBUG - 5.4.3 Value: 12
2021-12-27 17:06:01,924 - root - DEBUG - 5.4.4 Value: 7
2021-12-27 17:06:01,924 - root - DEBUG - 5.5 Value: None
2021-12-27 17:06:01,924 - root - DEBUG - 5.5.1 Value: 243
2021-12-27 17:06:01,925 - root - DEBUG - 5.5.2 Value: 217
2021-12-27 17:06:01,925 - root - DEBUG - 5.5.3 Value: 12
2021-12-27 17:06:01,925 - root - DEBUG - 5.5.4 Value: 7
2021-12-27 17:06:01,925 - root - DEBUG - 5.6 Value: None
2021-12-27 17:06:01,925 - root - DEBUG - 5.6.1 Value: 243
2021-12-27 17:06:01,925 - root - DEBUG - 5.6.2 Value: 217
2021-12-27 17:06:01,925 - root - DEBUG - 5.6.3 Value: 12
2021-12-27 17:06:01,925 - root - DEBUG - 5.6.4 Value: 7
2021-12-27 17:06:01,925 - root - DEBUG - 6 Value: None
2021-12-27 17:06:01,925 - root - DEBUG - 6.1 Value: None
2021-12-27 17:06:01,925 - root - DEBUG - 6.1.2 Value: None
2021-12-27 17:06:01,925 - root - DEBUG - 6.1.2.1 Value: 184
2021-12-27 17:06:01,925 - root - DEBUG - 6.1.2.2 Value: 44
2021-12-27 17:06:01,925 - root - DEBUG - 6.1.2.3 Value: 22
2021-12-27 17:06:01,926 - root - DEBUG - 6.1.2.4 Value: 26
2021-12-27 17:06:01,926 - root - DEBUG - 6.2 Value: None
2021-12-27 17:06:01,926 - root - DEBUG - 6.2.1 Value: None
2021-12-27 17:06:01,926 - root - DEBUG - 6.2.1.1 Value: None
2021-12-27 17:06:01,926 - root - DEBUG - 6.2.1.1.1 Value: 215
2021-12-27 17:06:01,926 - root - DEBUG - 6.2.1.1.2 Value: 45
2021-12-27 17:06:01,926 - root - DEBUG - 6.2.1.1.3 Value: 270
2021-12-27 17:06:01,926 - root - DEBUG - 6.2.1.1.4 Value: 65
2021-12-27 17:06:01,926 - root - DEBUG - 6.2.1.1.5 Value: 20
2021-12-27 17:06:01,926 - root - DEBUG - 6.2.1.1.6 Value: 1
2021-12-27 17:06:01,926 - root - DEBUG - 6.2.1.1.7 Value: 0
2021-12-27 17:06:01,926 - root - DEBUG - 6.2.1.1.8 Value: 2
2021-12-27 17:06:01,926 - root - DEBUG - 6.2.1.1.9 Value: 10
2021-12-27 17:06:01,927 - root - DEBUG - 6.2.1.2 Value: 48
2021-12-27 17:06:01,927 - root - DEBUG - 6.2.1.5 Value: 49
2021-12-27 17:06:01,927 - root - DEBUG - 9 Value: None
2021-12-27 17:06:01,927 - root - DEBUG - 9.1 Value: None
2021-12-27 17:06:01,927 - root - DEBUG - 9.1.1 Value: None
2021-12-27 17:06:01,927 - root - DEBUG - 9.1.1.1 Value: 63
2021-12-27 17:06:01,927 - root - DEBUG - 9.1.1.2 Value: 103
2021-12-27 17:06:01,927 - root - DEBUG - 9.1.1.3 Value: 90
2021-12-27 17:06:01,927 - root - DEBUG - 9.1.1.4 Value: 117
2021-12-27 17:06:01,927 - root - DEBUG - 9.1.1.5 Value: 20
2021-12-27 17:06:01,928 - root - DEBUG - 9.1.1.6 Value: 0
2021-12-27 17:06:01,928 - root - DEBUG - 9.1.1.7 Value: 0
2021-12-27 17:06:01,928 - root - DEBUG - 9.1.1.8 Value: 50
2021-12-27 17:06:01,928 - root - DEBUG - 9.1.1.9 Value: 10
2021-12-27 17:06:01,928 - root - DEBUG - 9.2 Value: None
2021-12-27 17:06:01,928 - root - DEBUG - 9.2.1 Value: 40
2021-12-27 17:06:01,928 - root - DEBUG - 9.2.2 Value: 51
2021-12-27 17:06:01,928 - root - DEBUG - 9.2.3 Value: 60
2021-12-27 17:06:01,928 - root - DEBUG - 9.2.4 Value: 10
2021-12-27 17:06:01,928 - root - DEBUG - 21 Value: None
2021-12-27 17:06:01,929 - root - DEBUG - 21.1 Value: None
2021-12-27 17:06:01,929 - root - DEBUG - 21.1.1 Value: 59
2021-12-27 17:06:01,929 - root - DEBUG - 21.1.2 Value: 262
2021-12-27 17:06:01,929 - root - DEBUG - 21.1.3 Value: 133
2021-12-27 17:06:01,929 - root - DEBUG - 21.1.4 Value: 319
2021-12-27 17:06:01,929 - root - DEBUG - 21.1.5 Value: 18
2021-12-27 17:06:01,929 - root - DEBUG - 21.1.6 Value: 6
2021-12-27 17:06:01,929 - root - DEBUG - 21.1.7 Value: 0
2021-12-27 17:06:01,929 - root - DEBUG - 21.1.8 Value: 70
2021-12-27 17:06:01,929 - root - DEBUG - 21.1.9 Value: 10
2021-12-27 17:06:01,929 - root - DEBUG - 21.3 Value: 1
2021-12-27 17:06:01,929 - root - DEBUG - 21.6 Value: 0
2021-12-27 17:06:01,929 - root - DEBUG - 21.8 Value: None
2021-12-27 17:06:01,930 - root - DEBUG - 21.8.1 Value: 1
2021-12-27 17:06:01,930 - root - DEBUG - 21.8.2 Value: None
2021-12-27 17:06:01,930 - root - DEBUG - 21.8.2.1 Value: 160
2021-12-27 17:06:01,930 - root - DEBUG - 21.8.2.2 Value: 262
2021-12-27 17:06:01,930 - root - DEBUG - 21.8.2.3 Value: 234
2021-12-27 17:06:01,930 - root - DEBUG - 21.8.2.4 Value: 319
2021-12-27 17:06:01,930 - root - DEBUG - 21.8.2.5 Value: 18
2021-12-27 17:06:01,930 - root - DEBUG - 21.8.2.6 Value: 6
2021-12-27 17:06:01,930 - root - DEBUG - 21.8.2.7 Value: 0
2021-12-27 17:06:01,930 - root - DEBUG - 21.8.2.8 Value: 70
2021-12-27 17:06:01,930 - root - DEBUG - 21.8.2.9 Value: 10
2021-12-27 17:06:01,930 - root - DEBUG - 21.8.3 Value: None
2021-12-27 17:06:01,930 - root - DEBUG - 21.8.3.1 Value: 240
2021-12-27 17:06:01,931 - root - DEBUG - 21.8.3.2 Value: 262
2021-12-27 17:06:01,931 - root - DEBUG - 21.8.3.3 Value: 283
2021-12-27 17:06:01,931 - root - DEBUG - 21.8.3.4 Value: 295
2021-12-27 17:06:01,931 - root - DEBUG - 21.8.3.5 Value: 18
2021-12-27 17:06:01,931 - root - DEBUG - 21.8.3.6 Value: 3
2021-12-27 17:06:01,931 - root - DEBUG - 21.8.3.7 Value: 0
2021-12-27 17:06:01,931 - root - DEBUG - 21.8.3.8 Value: 80
2021-12-27 17:06:01,931 - root - DEBUG - 21.8.3.9 Value: 10
2021-12-27 17:06:01,931 - root - DEBUG - 21.8.4 Value: 1
2021-12-27 17:06:01,931 - root - DEBUG - 21.8.5 Value: 1
2021-12-27 17:06:01,931 - root - DEBUG - 21.8.8 Value: 0
2021-12-27 17:06:01,931 - root - DEBUG - 21.8.9 Value: 0
2021-12-27 17:06:01,932 - root - DEBUG - 0-Info
2021-12-27 17:06:01,932 - root - DEBUG - 0.1-DeviceId
2021-12-27 17:06:01,932 - root - DEBUG - 2-Background
2021-12-27 17:06:01,932 - root - DEBUG - 2.1-Image
2021-12-27 17:06:01,932 - root - DEBUG - 2.1.1-X
2021-12-27 17:06:01,932 - root - DEBUG - 2.1.2-Y
2021-12-27 17:06:01,932 - root - DEBUG - 2.1.3-ImageIndex
2021-12-27 17:06:01,932 - root - DEBUG - 2.3-Preview
2021-12-27 17:06:01,932 - root - DEBUG - 2.3.1-X
2021-12-27 17:06:01,932 - root - DEBUG - 2.3.2-Y
2021-12-27 17:06:01,933 - root - DEBUG - 2.3.3-ImageIndex
2021-12-27 17:06:01,933 - root - DEBUG - 2.4-PreviewKorean
2021-12-27 17:06:01,933 - root - DEBUG - 2.4.1-X
2021-12-27 17:06:01,933 - root - DEBUG - 2.4.2-Y
2021-12-27 17:06:01,933 - root - DEBUG - 2.4.3-ImageIndex
2021-12-27 17:06:01,933 - root - DEBUG - 2.5-PreviewChinese
2021-12-27 17:06:01,933 - root - DEBUG - 2.5.1-X
2021-12-27 17:06:01,933 - root - DEBUG - 2.5.2-Y
2021-12-27 17:06:01,933 - root - DEBUG - 2.5.3-ImageIndex
2021-12-27 17:06:01,934 - root - DEBUG - 4-Activity
2021-12-27 17:06:01,934 - root - DEBUG - 4.1-Steps
2021-12-27 17:06:01,934 - root - DEBUG - 4.1.1-ImageNumber
2021-12-27 17:06:01,934 - root - DEBUG - 4.1.1.1-TopLeftX
2021-12-27 17:06:01,934 - root - DEBUG - 4.1.1.2-TopLeftY
2021-12-27 17:06:01,934 - root - DEBUG - 4.1.1.3-BottomRightX
2021-12-27 17:06:01,934 - root - DEBUG - 4.1.1.4-BottomRightY
2021-12-27 17:06:01,934 - root - DEBUG - 4.1.1.5-Alignment
2021-12-27 17:06:01,934 - root - DEBUG - 4.1.1.6-Spacing
2021-12-27 17:06:01,935 - root - DEBUG - 4.1.1.7-VerticalOffset
2021-12-27 17:06:01,935 - root - DEBUG - 4.1.1.8-ImageIndex
2021-12-27 17:06:01,935 - root - DEBUG - 4.1.1.9-ImagesCount
2021-12-27 17:06:01,935 - root - DEBUG - 4.3-Calories
2021-12-27 17:06:01,935 - root - DEBUG - 4.3.1-ImageNumber
2021-12-27 17:06:01,935 - root - DEBUG - 4.3.1.1-TopLeftX
2021-12-27 17:06:01,935 - root - DEBUG - 4.3.1.2-TopLeftY
2021-12-27 17:06:01,935 - root - DEBUG - 4.3.1.3-BottomRightX
2021-12-27 17:06:01,935 - root - DEBUG - 4.3.1.4-BottomRightY
2021-12-27 17:06:01,936 - root - DEBUG - 4.3.1.5-Alignment
2021-12-27 17:06:01,936 - root - DEBUG - 4.3.1.6-Spacing
2021-12-27 17:06:01,936 - root - DEBUG - 4.3.1.7-VerticalOffset
2021-12-27 17:06:01,936 - root - DEBUG - 4.3.1.8-ImageIndex
2021-12-27 17:06:01,936 - root - DEBUG - 4.3.1.9-ImagesCount
2021-12-27 17:06:01,936 - root - DEBUG - 4.4-HeartRate
2021-12-27 17:06:01,936 - root - DEBUG - 4.4.1-ImageNumber
2021-12-27 17:06:01,936 - root - DEBUG - 4.4.1.1-TopLeftX
2021-12-27 17:06:01,936 - root - DEBUG - 4.4.1.2-TopLeftY
2021-12-27 17:06:01,937 - root - DEBUG - 4.4.1.3-BottomRightX
2021-12-27 17:06:01,937 - root - DEBUG - 4.4.1.4-BottomRightY
2021-12-27 17:06:01,937 - root - DEBUG - 4.4.1.5-Alignment
2021-12-27 17:06:01,937 - root - DEBUG - 4.4.1.6-Spacing
2021-12-27 17:06:01,937 - root - DEBUG - 4.4.1.7-VerticalOffset
2021-12-27 17:06:01,937 - root - DEBUG - 4.4.1.8-ImageIndex
2021-12-27 17:06:01,937 - root - DEBUG - 4.4.1.9-ImagesCount
2021-12-27 17:06:01,937 - root - DEBUG - 4.4.3-NoDataImageIndex
2021-12-27 17:06:01,937 - root - DEBUG - 4.7-UnknownLongValue7
2021-12-27 17:06:01,938 - root - DEBUG - 5-DateBlock
2021-12-27 17:06:01,938 - root - DEBUG - 5.1-Date
2021-12-27 17:06:01,938 - root - DEBUG - 5.1.9-MonthAndDay
2021-12-27 17:06:01,938 - root - DEBUG - 5.1.9.2-Month
2021-12-27 17:06:01,938 - root - DEBUG - 5.1.9.2.1-TopLeftX
2021-12-27 17:06:01,938 - root - DEBUG - 5.1.9.2.2-TopLeftY
2021-12-27 17:06:01,938 - root - DEBUG - 5.1.9.2.3-BottomRightX
2021-12-27 17:06:01,938 - root - DEBUG - 5.1.9.2.4-BottomRightY
2021-12-27 17:06:01,939 - root - DEBUG - 5.1.9.2.5-Alignment
2021-12-27 17:06:01,939 - root - DEBUG - 5.1.9.2.6-Spacing
2021-12-27 17:06:01,939 - root - DEBUG - 5.1.9.2.7-VerticalOffset
2021-12-27 17:06:01,939 - root - DEBUG - 5.1.9.2.8-ImageIndex
2021-12-27 17:06:01,939 - root - DEBUG - 5.1.9.2.9-ImagesCount
2021-12-27 17:06:01,939 - root - DEBUG - 5.1.9.3-Day
2021-12-27 17:06:01,939 - root - DEBUG - 5.1.9.3.1-TopLeftX
2021-12-27 17:06:01,939 - root - DEBUG - 5.1.9.3.2-TopLeftY
2021-12-27 17:06:01,939 - root - DEBUG - 5.1.9.3.3-BottomRightX
2021-12-27 17:06:01,940 - root - DEBUG - 5.1.9.3.4-BottomRightY
2021-12-27 17:06:01,940 - root - DEBUG - 5.1.9.3.5-Alignment
2021-12-27 17:06:01,940 - root - DEBUG - 5.1.9.3.6-Spacing
2021-12-27 17:06:01,940 - root - DEBUG - 5.1.9.3.7-VerticalOffset
2021-12-27 17:06:01,940 - root - DEBUG - 5.1.9.3.8-ImageIndex
2021-12-27 17:06:01,940 - root - DEBUG - 5.1.9.3.9-ImagesCount
2021-12-27 17:06:01,940 - root - DEBUG - 5.1.9.4-MonthFollowsYear
2021-12-27 17:06:01,940 - root - DEBUG - 5.1.9.5-DayFollowsMonth
2021-12-27 17:06:01,940 - root - DEBUG - 5.1.4-PaddingZeroMonth
2021-12-27 17:06:01,941 - root - DEBUG - 5.1.5-PaddingZeroDay
2021-12-27 17:06:01,941 - root - DEBUG - 5.1.6-Unknown6
2021-12-27 17:06:01,941 - root - DEBUG - 5.2-AmPm
2021-12-27 17:06:01,941 - root - DEBUG - 5.2.1-CommonX
2021-12-27 17:06:01,941 - root - DEBUG - 5.2.2-CommonY
2021-12-27 17:06:01,941 - root - DEBUG - 5.2.5-AmImageIndexEN
2021-12-27 17:06:01,941 - root - DEBUG - 5.2.6-PmImageIndexEN
2021-12-27 17:06:01,941 - root - DEBUG - 5.2.8-CoordinatesAM
2021-12-27 17:06:01,941 - root - DEBUG - 5.2.8.1-X
2021-12-27 17:06:01,942 - root - DEBUG - 5.2.8.2-Y
2021-12-27 17:06:01,942 - root - DEBUG - 5.2.9-CoordinatesPM
2021-12-27 17:06:01,942 - root - DEBUG - 5.2.9.1-X
2021-12-27 17:06:01,942 - root - DEBUG - 5.2.9.2-Y
2021-12-27 17:06:01,942 - root - DEBUG - 5.4-Weekday
2021-12-27 17:06:01,942 - root - DEBUG - 5.4.1-X
2021-12-27 17:06:01,942 - root - DEBUG - 5.4.2-Y
2021-12-27 17:06:01,942 - root - DEBUG - 5.4.3-ImageIndex
2021-12-27 17:06:01,942 - root - DEBUG - 5.4.4-ImagesCount
2021-12-27 17:06:01,943 - root - DEBUG - 5.5-WeekdayChinese
2021-12-27 17:06:01,943 - root - DEBUG - 5.5.1-X
2021-12-27 17:06:01,943 - root - DEBUG - 5.5.2-Y
2021-12-27 17:06:01,943 - root - DEBUG - 5.5.3-ImageIndex
2021-12-27 17:06:01,943 - root - DEBUG - 5.5.4-ImagesCount
2021-12-27 17:06:01,943 - root - DEBUG - 5.6-WeekdayKorean
2021-12-27 17:06:01,943 - root - DEBUG - 5.6.1-X
2021-12-27 17:06:01,943 - root - DEBUG - 5.6.2-Y
2021-12-27 17:06:01,943 - root - DEBUG - 5.6.3-ImageIndex
2021-12-27 17:06:01,943 - root - DEBUG - 5.6.4-ImagesCount
2021-12-27 17:06:01,944 - root - DEBUG - 6-Weather
2021-12-27 17:06:01,944 - root - DEBUG - 6.1-Icon
2021-12-27 17:06:01,944 - root - DEBUG - 6.1.2-Images
2021-12-27 17:06:01,944 - root - DEBUG - 6.1.2.1-X
2021-12-27 17:06:01,944 - root - DEBUG - 6.1.2.2-Y
2021-12-27 17:06:01,944 - root - DEBUG - 6.1.2.3-ImageIndex
2021-12-27 17:06:01,944 - root - DEBUG - 6.1.2.4-ImagesCount
2021-12-27 17:06:01,945 - root - DEBUG - 6.2-Temperature
2021-12-27 17:06:01,945 - root - DEBUG - 6.2.1-Current
2021-12-27 17:06:01,945 - root - DEBUG - 6.2.1.1-ImageNumber
2021-12-27 17:06:01,945 - root - DEBUG - 6.2.1.1.1-TopLeftX
2021-12-27 17:06:01,945 - root - DEBUG - 6.2.1.1.2-TopLeftY
2021-12-27 17:06:01,945 - root - DEBUG - 6.2.1.1.3-BottomRightX
2021-12-27 17:06:01,945 - root - DEBUG - 6.2.1.1.4-BottomRightY
2021-12-27 17:06:01,945 - root - DEBUG - 6.2.1.1.5-Alignment
2021-12-27 17:06:01,945 - root - DEBUG - 6.2.1.1.6-Spacing
2021-12-27 17:06:01,946 - root - DEBUG - 6.2.1.1.7-VerticalOffset
2021-12-27 17:06:01,946 - root - DEBUG - 6.2.1.1.8-ImageIndex
2021-12-27 17:06:01,946 - root - DEBUG - 6.2.1.1.9-ImagesCount
2021-12-27 17:06:01,946 - root - DEBUG - 6.2.1.2-MinusImageIndex
2021-12-27 17:06:01,946 - root - DEBUG - 6.2.1.5-NoDataImageIndex
2021-12-27 17:06:01,946 - root - DEBUG - 9-Battery
2021-12-27 17:06:01,946 - root - DEBUG - 9.1-BatteryText
2021-12-27 17:06:01,947 - root - DEBUG - 9.1.1-ImageNumber
2021-12-27 17:06:01,947 - root - DEBUG - 9.1.1.1-TopLeftX
2021-12-27 17:06:01,947 - root - DEBUG - 9.1.1.2-TopLeftY
2021-12-27 17:06:01,947 - root - DEBUG - 9.1.1.3-BottomRightX
2021-12-27 17:06:01,947 - root - DEBUG - 9.1.1.4-BottomRightY
2021-12-27 17:06:01,947 - root - DEBUG - 9.1.1.5-Alignment
2021-12-27 17:06:01,947 - root - DEBUG - 9.1.1.6-Spacing
2021-12-27 17:06:01,947 - root - DEBUG - 9.1.1.7-VerticalOffset
2021-12-27 17:06:01,948 - root - DEBUG - 9.1.1.8-ImageIndex
2021-12-27 17:06:01,948 - root - DEBUG - 9.1.1.9-ImagesCount
2021-12-27 17:06:01,948 - root - DEBUG - 9.2-ImageProgress
2021-12-27 17:06:01,948 - root - DEBUG - 9.2.1-X
2021-12-27 17:06:01,948 - root - DEBUG - 9.2.2-Y
2021-12-27 17:06:01,948 - root - DEBUG - 9.2.3-ImageIndex
2021-12-27 17:06:01,948 - root - DEBUG - 9.2.4-ImagesCount
2021-12-27 17:06:01,948 - root - DEBUG - 21-TimeDigital
2021-12-27 17:06:01,948 - root - DEBUG - 21.1-Hours
2021-12-27 17:06:01,948 - root - DEBUG - 21.1.1-TopLeftX
2021-12-27 17:06:01,949 - root - DEBUG - 21.1.2-TopLeftY
2021-12-27 17:06:01,949 - root - DEBUG - 21.1.3-BottomRightX
2021-12-27 17:06:01,949 - root - DEBUG - 21.1.4-BottomRightY
2021-12-27 17:06:01,949 - root - DEBUG - 21.1.5-Alignment
2021-12-27 17:06:01,949 - root - DEBUG - 21.1.6-Spacing
2021-12-27 17:06:01,949 - root - DEBUG - 21.1.7-VerticalOffset
2021-12-27 17:06:01,949 - root - DEBUG - 21.1.8-ImageIndex
2021-12-27 17:06:01,949 - root - DEBUG - 21.1.9-ImagesCount
2021-12-27 17:06:01,949 - root - DEBUG - 21.3-PaddingZeroHours
2021-12-27 17:06:01,950 - root - DEBUG - 21.6-HoursFollowPosition
2021-12-27 17:06:01,950 - root - DEBUG - 21.8-Time
2021-12-27 17:06:01,950 - root - DEBUG - 21.8.1-Unknown1
2021-12-27 17:06:01,950 - root - DEBUG - 21.8.2-Minutes
2021-12-27 17:06:01,950 - root - DEBUG - 21.8.2.1-TopLeftX
2021-12-27 17:06:01,950 - root - DEBUG - 21.8.2.2-TopLeftY
2021-12-27 17:06:01,950 - root - DEBUG - 21.8.2.3-BottomRightX
2021-12-27 17:06:01,950 - root - DEBUG - 21.8.2.4-BottomRightY
2021-12-27 17:06:01,951 - root - DEBUG - 21.8.2.5-Alignment
2021-12-27 17:06:01,951 - root - DEBUG - 21.8.2.6-Spacing
2021-12-27 17:06:01,951 - root - DEBUG - 21.8.2.7-VerticalOffset
2021-12-27 17:06:01,951 - root - DEBUG - 21.8.2.8-ImageIndex
2021-12-27 17:06:01,951 - root - DEBUG - 21.8.2.9-ImagesCount
2021-12-27 17:06:01,951 - root - DEBUG - 21.8.3-Seconds
2021-12-27 17:06:01,951 - root - DEBUG - 21.8.3.1-TopLeftX
2021-12-27 17:06:01,951 - root - DEBUG - 21.8.3.2-TopLeftY
2021-12-27 17:06:01,951 - root - DEBUG - 21.8.3.3-BottomRightX
2021-12-27 17:06:01,952 - root - DEBUG - 21.8.3.4-BottomRightY
2021-12-27 17:06:01,952 - root - DEBUG - 21.8.3.5-Alignment
2021-12-27 17:06:01,952 - root - DEBUG - 21.8.3.6-Spacing
2021-12-27 17:06:01,952 - root - DEBUG - 21.8.3.7-VerticalOffset
2021-12-27 17:06:01,952 - root - DEBUG - 21.8.3.8-ImageIndex
2021-12-27 17:06:01,952 - root - DEBUG - 21.8.3.9-ImagesCount
2021-12-27 17:06:01,952 - root - DEBUG - 21.8.4-PaddingZeroMinutes
2021-12-27 17:06:01,952 - root - DEBUG - 21.8.5-PaddingZeroSeconds
2021-12-27 17:06:01,952 - root - DEBUG - 21.8.8-MinutesFollowHours
2021-12-27 17:06:01,953 - root - DEBUG - 21.8.9-SecondsFollowMinutes
2021-12-27 17:06:01,953 - root - DEBUG - generatePreviews
2021-12-27 17:06:01,953 - root - DEBUG - Generating previews...
2021-12-27 17:06:01,954 - root - DEBUG - Generating states done...
2021-12-27 17:06:01,960 - root - DEBUG - >>>>>>>>>>>> 0 <watchFaceParser.models.parameter.Parameter object at 0x00000141E9997048>
2021-12-27 17:06:01,960 - root - DEBUG - >>>>>>>>>>>> 2 <watchFaceParser.models.parameter.Parameter object at 0x00000141E9986E88>
2021-12-27 17:06:01,965 - root - DEBUG - >>>>>>>>>>>> 4 <watchFaceParser.models.parameter.Parameter object at 0x00000141E9986808>
2021-12-27 17:06:01,973 - root - DEBUG - >>>>>>>>>>>> 5 <watchFaceParser.models.parameter.Parameter object at 0x00000141E9991888>
2021-12-27 17:06:01,979 - root - DEBUG - >>>>>>>>>>>> 6 <watchFaceParser.models.parameter.Parameter object at 0x00000141E9991C88>
2021-12-27 17:06:01,984 - root - DEBUG - >>>>>>>>>>>> 9 <watchFaceParser.models.parameter.Parameter object at 0x00000141E9991588>
2021-12-27 17:06:01,987 - root - DEBUG - >>>>>>>>>>>> 21 <watchFaceParser.models.parameter.Parameter object at 0x00000141E9994608>
2021-12-27 17:06:02,001 - root - DEBUG - Generating static preview gen done...
2021-12-27 17:06:02,059 - root - DEBUG - Generating static preview save done...
2021-12-27 17:06:02,059 - root - DEBUG - Generating anim preview gen done...
2021-12-27 17:06:02,059 - root - DEBUG - >>>>>>>>>>>> 0 <watchFaceParser.models.parameter.Parameter object at 0x00000141E9997048>
2021-12-27 17:06:02,059 - root - DEBUG - >>>>>>>>>>>> 2 <watchFaceParser.models.parameter.Parameter object at 0x00000141E9986E88>
2021-12-27 17:06:02,059 - root - DEBUG - >>>>>>>>>>>> 4 <watchFaceParser.models.parameter.Parameter object at 0x00000141E9986808>
2021-12-27 17:06:02,060 - root - DEBUG - >>>>>>>>>>>> 5 <watchFaceParser.models.parameter.Parameter object at 0x00000141E9991888>
2021-12-27 17:06:02,060 - root - DEBUG - >>>>>>>>>>>> 6 <watchFaceParser.models.parameter.Parameter object at 0x00000141E9991C88>
2021-12-27 17:06:02,060 - root - DEBUG - >>>>>>>>>>>> 9 <watchFaceParser.models.parameter.Parameter object at 0x00000141E9991588>
2021-12-27 17:06:02,060 - root - DEBUG - >>>>>>>>>>>> 21 <watchFaceParser.models.parameter.Parameter object at 0x00000141E9994608>
2021-12-27 17:06:02,166 - root - DEBUG - generatePreviews done
2021-12-27 17:06:02,166 - root - DEBUG - Exporting resources to 'f82bd8bd92fc29d4ce32a9474492ae1c'
2021-12-27 17:06:02,169 - root - DEBUG - extracting f82bd8bd92fc29d4ce32a9474492ae1c\0000.png...
2021-12-27 17:06:02,189 - root - DEBUG - extracting f82bd8bd92fc29d4ce32a9474492ae1c\0001.png...
2021-12-27 17:06:02,207 - root - DEBUG - extracting f82bd8bd92fc29d4ce32a9474492ae1c\0002.png...
2021-12-27 17:06:02,209 - root - DEBUG - extracting f82bd8bd92fc29d4ce32a9474492ae1c\0003.png...
2021-12-27 17:06:02,210 - root - DEBUG - extracting f82bd8bd92fc29d4ce32a9474492ae1c\0004.png...
2021-12-27 17:06:02,213 - root - DEBUG - extracting f82bd8bd92fc29d4ce32a9474492ae1c\0005.png...
2021-12-27 17:06:02,214 - root - DEBUG - extracting f82bd8bd92fc29d4ce32a9474492ae1c\0006.png...
2021-12-27 17:06:02,215 - root - DEBUG - extracting f82bd8bd92fc29d4ce32a9474492ae1c\0007.png...
2021-12-27 17:06:02,216 - root - DEBUG - extracting f82bd8bd92fc29d4ce32a9474492ae1c\0008.png...
2021-12-27 17:06:02,217 - root - DEBUG - extracting f82bd8bd92fc29d4ce32a9474492ae1c\0009.png...
2021-12-27 17:06:02,219 - root - DEBUG - extracting f82bd8bd92fc29d4ce32a9474492ae1c\0010.png...
2021-12-27 17:06:02,220 - root - DEBUG - extracting f82bd8bd92fc29d4ce32a9474492ae1c\0011.png...
2021-12-27 17:06:02,221 - root - DEBUG - extracting f82bd8bd92fc29d4ce32a9474492ae1c\0012.png...
2021-12-27 17:06:02,223 - root - DEBUG - extracting f82bd8bd92fc29d4ce32a9474492ae1c\0013.png...
2021-12-27 17:06:02,224 - root - DEBUG - extracting f82bd8bd92fc29d4ce32a9474492ae1c\0014.png...
2021-12-27 17:06:02,225 - root - DEBUG - extracting f82bd8bd92fc29d4ce32a9474492ae1c\0015.png...
2021-12-27 17:06:02,226 - root - DEBUG - extracting f82bd8bd92fc29d4ce32a9474492ae1c\0016.png...
2021-12-27 17:06:02,227 - root - DEBUG - extracting f82bd8bd92fc29d4ce32a9474492ae1c\0017.png...
2021-12-27 17:06:02,231 - root - DEBUG - extracting f82bd8bd92fc29d4ce32a9474492ae1c\0018.png...
2021-12-27 17:06:02,232 - root - DEBUG - extracting f82bd8bd92fc29d4ce32a9474492ae1c\0019.png...
2021-12-27 17:06:02,232 - root - DEBUG - extracting f82bd8bd92fc29d4ce32a9474492ae1c\0020.png...
2021-12-27 17:06:02,233 - root - DEBUG - extracting f82bd8bd92fc29d4ce32a9474492ae1c\0021.png...
2021-12-27 17:06:02,234 - root - DEBUG - extracting f82bd8bd92fc29d4ce32a9474492ae1c\0022.png...
2021-12-27 17:06:02,234 - root - DEBUG - extracting f82bd8bd92fc29d4ce32a9474492ae1c\0023.png...
2021-12-27 17:06:02,235 - root - DEBUG - extracting f82bd8bd92fc29d4ce32a9474492ae1c\0024.png...
2021-12-27 17:06:02,236 - root - DEBUG - extracting f82bd8bd92fc29d4ce32a9474492ae1c\0025.png...
2021-12-27 17:06:02,237 - root - DEBUG - extracting f82bd8bd92fc29d4ce32a9474492ae1c\0026.png...
2021-12-27 17:06:02,238 - root - DEBUG - extracting f82bd8bd92fc29d4ce32a9474492ae1c\0027.png...
2021-12-27 17:06:02,238 - root - DEBUG - extracting f82bd8bd92fc29d4ce32a9474492ae1c\0028.png...
2021-12-27 17:06:02,239 - root - DEBUG - extracting f82bd8bd92fc29d4ce32a9474492ae1c\0029.png...
2021-12-27 17:06:02,240 - root - DEBUG - extracting f82bd8bd92fc29d4ce32a9474492ae1c\0030.png...
2021-12-27 17:06:02,241 - root - DEBUG - extracting f82bd8bd92fc29d4ce32a9474492ae1c\0031.png...
2021-12-27 17:06:02,241 - root - DEBUG - extracting f82bd8bd92fc29d4ce32a9474492ae1c\0032.png...
2021-12-27 17:06:02,242 - root - DEBUG - extracting f82bd8bd92fc29d4ce32a9474492ae1c\0033.png...
2021-12-27 17:06:02,243 - root - DEBUG - extracting f82bd8bd92fc29d4ce32a9474492ae1c\0034.png...
2021-12-27 17:06:02,243 - root - DEBUG - extracting f82bd8bd92fc29d4ce32a9474492ae1c\0035.png...
2021-12-27 17:06:02,244 - root - DEBUG - extracting f82bd8bd92fc29d4ce32a9474492ae1c\0036.png...
2021-12-27 17:06:02,245 - root - DEBUG - extracting f82bd8bd92fc29d4ce32a9474492ae1c\0037.png...
2021-12-27 17:06:02,246 - root - DEBUG - extracting f82bd8bd92fc29d4ce32a9474492ae1c\0038.png...
2021-12-27 17:06:02,247 - root - DEBUG - extracting f82bd8bd92fc29d4ce32a9474492ae1c\0039.png...
2021-12-27 17:06:02,248 - root - DEBUG - extracting f82bd8bd92fc29d4ce32a9474492ae1c\0040.png...
2021-12-27 17:06:02,248 - root - DEBUG - extracting f82bd8bd92fc29d4ce32a9474492ae1c\0041.png...
2021-12-27 17:06:02,249 - root - DEBUG - extracting f82bd8bd92fc29d4ce32a9474492ae1c\0042.png...
2021-12-27 17:06:02,250 - root - DEBUG - extracting f82bd8bd92fc29d4ce32a9474492ae1c\0043.png...
2021-12-27 17:06:02,251 - root - DEBUG - extracting f82bd8bd92fc29d4ce32a9474492ae1c\0044.png...
2021-12-27 17:06:02,251 - root - DEBUG - extracting f82bd8bd92fc29d4ce32a9474492ae1c\0045.png...
2021-12-27 17:06:02,252 - root - DEBUG - extracting f82bd8bd92fc29d4ce32a9474492ae1c\0046.png...
2021-12-27 17:06:02,253 - root - DEBUG - extracting f82bd8bd92fc29d4ce32a9474492ae1c\0047.png...
2021-12-27 17:06:02,254 - root - DEBUG - extracting f82bd8bd92fc29d4ce32a9474492ae1c\0048.png...
2021-12-27 17:06:02,254 - root - DEBUG - extracting f82bd8bd92fc29d4ce32a9474492ae1c\0049.png...
2021-12-27 17:06:02,255 - root - DEBUG - extracting f82bd8bd92fc29d4ce32a9474492ae1c\0050.png...
2021-12-27 17:06:02,255 - root - DEBUG - extracting f82bd8bd92fc29d4ce32a9474492ae1c\0051.png...
2021-12-27 17:06:02,256 - root - DEBUG - extracting f82bd8bd92fc29d4ce32a9474492ae1c\0052.png...
2021-12-27 17:06:02,257 - root - DEBUG - extracting f82bd8bd92fc29d4ce32a9474492ae1c\0053.png...
2021-12-27 17:06:02,257 - root - DEBUG - extracting f82bd8bd92fc29d4ce32a9474492ae1c\0054.png...
2021-12-27 17:06:02,258 - root - DEBUG - extracting f82bd8bd92fc29d4ce32a9474492ae1c\0055.png...
2021-12-27 17:06:02,258 - root - DEBUG - extracting f82bd8bd92fc29d4ce32a9474492ae1c\0056.png...
2021-12-27 17:06:02,259 - root - DEBUG - extracting f82bd8bd92fc29d4ce32a9474492ae1c\0057.png...
2021-12-27 17:06:02,260 - root - DEBUG - extracting f82bd8bd92fc29d4ce32a9474492ae1c\0058.png...
2021-12-27 17:06:02,260 - root - DEBUG - extracting f82bd8bd92fc29d4ce32a9474492ae1c\0059.png...
2021-12-27 17:06:02,261 - root - DEBUG - extracting f82bd8bd92fc29d4ce32a9474492ae1c\0060.png...
2021-12-27 17:06:02,264 - root - DEBUG - extracting f82bd8bd92fc29d4ce32a9474492ae1c\0061.png...
2021-12-27 17:06:02,265 - root - DEBUG - extracting f82bd8bd92fc29d4ce32a9474492ae1c\0062.png...
2021-12-27 17:06:02,267 - root - DEBUG - extracting f82bd8bd92fc29d4ce32a9474492ae1c\0063.png...
2021-12-27 17:06:02,269 - root - DEBUG - extracting f82bd8bd92fc29d4ce32a9474492ae1c\0064.png...
2021-12-27 17:06:02,271 - root - DEBUG - extracting f82bd8bd92fc29d4ce32a9474492ae1c\0065.png...
2021-12-27 17:06:02,273 - root - DEBUG - extracting f82bd8bd92fc29d4ce32a9474492ae1c\0066.png...
2021-12-27 17:06:02,275 - root - DEBUG - extracting f82bd8bd92fc29d4ce32a9474492ae1c\0067.png...
2021-12-27 17:06:02,277 - root - DEBUG - extracting f82bd8bd92fc29d4ce32a9474492ae1c\0068.png...
2021-12-27 17:06:02,280 - root - DEBUG - extracting f82bd8bd92fc29d4ce32a9474492ae1c\0069.png...
2021-12-27 17:06:02,282 - root - DEBUG - extracting f82bd8bd92fc29d4ce32a9474492ae1c\0070.png...
2021-12-27 17:06:02,282 - root - DEBUG - extracting f82bd8bd92fc29d4ce32a9474492ae1c\0071.png...
2021-12-27 17:06:02,283 - root - DEBUG - extracting f82bd8bd92fc29d4ce32a9474492ae1c\0072.png...
2021-12-27 17:06:02,284 - root - DEBUG - extracting f82bd8bd92fc29d4ce32a9474492ae1c\0073.png...
2021-12-27 17:06:02,285 - root - DEBUG - extracting f82bd8bd92fc29d4ce32a9474492ae1c\0074.png...
2021-12-27 17:06:02,286 - root - DEBUG - extracting f82bd8bd92fc29d4ce32a9474492ae1c\0075.png...
2021-12-27 17:06:02,287 - root - DEBUG - extracting f82bd8bd92fc29d4ce32a9474492ae1c\0076.png...
2021-12-27 17:06:02,287 - root - DEBUG - extracting f82bd8bd92fc29d4ce32a9474492ae1c\0077.png...
2021-12-27 17:06:02,288 - root - DEBUG - extracting f82bd8bd92fc29d4ce32a9474492ae1c\0078.png...
2021-12-27 17:06:02,289 - root - DEBUG - extracting f82bd8bd92fc29d4ce32a9474492ae1c\0079.png...
2021-12-27 17:06:02,290 - root - DEBUG - extracting f82bd8bd92fc29d4ce32a9474492ae1c\0080.png...
2021-12-27 17:06:02,291 - root - DEBUG - extracting f82bd8bd92fc29d4ce32a9474492ae1c\0081.png...
2021-12-27 17:06:02,291 - root - DEBUG - extracting f82bd8bd92fc29d4ce32a9474492ae1c\0082.png...
2021-12-27 17:06:02,292 - root - DEBUG - extracting f82bd8bd92fc29d4ce32a9474492ae1c\0083.png...
2021-12-27 17:06:02,293 - root - DEBUG - extracting f82bd8bd92fc29d4ce32a9474492ae1c\0084.png...
2021-12-27 17:06:02,293 - root - DEBUG - extracting f82bd8bd92fc29d4ce32a9474492ae1c\0085.png...
2021-12-27 17:06:02,294 - root - DEBUG - extracting f82bd8bd92fc29d4ce32a9474492ae1c\0086.png...
2021-12-27 17:06:02,295 - root - DEBUG - extracting f82bd8bd92fc29d4ce32a9474492ae1c\0087.png...
2021-12-27 17:06:02,296 - root - DEBUG - extracting f82bd8bd92fc29d4ce32a9474492ae1c\0088.png...
2021-12-27 17:06:02,296 - root - DEBUG - extracting f82bd8bd92fc29d4ce32a9474492ae1c\0089.png...
2021-12-27 17:06:02,297 - root - DEBUG - Exporting config...
