2023-07-09 17:51:40,991 - root - DEBUG - Opening watch face 'E:\Codez\zepp-gts2mini-wf\8b9c35ff0018eeff7f17efb40e9028de.bin'
2023-07-09 17:51:41,005 - root - DEBUG - Reading parameters...
2023-07-09 17:51:41,006 - root - INFO - Reading header...
2023-07-09 17:51:41,007 - root - INFO - Header was read:
2023-07-09 17:51:41,007 - root - INFO - Signature: b'UIHH\x01\x00\xff', Unknown: 37, ParametersSize: 31, isValid: True, deviceId: 73
2023-07-09 17:51:41,008 - root - INFO - Reading parameter offsets...
2023-07-09 17:51:41,008 - root - INFO - Parameter offsets were read from file
2023-07-09 17:51:41,008 - root - INFO - Reading parameters descriptor...
2023-07-09 17:51:41,008 - root - INFO - 1 ( A): 4 bytes
2023-07-09 17:51:41,008 - root - INFO -     1 ( 8): 127 7F
2023-07-09 17:51:41,009 - root - INFO -     2 (10): 16 10
2023-07-09 17:51:41,009 - root - INFO - getParameters descriptor was read:
2023-07-09 17:51:41,009 - root - INFO - ParametersTableLength: 127, ImagesCount: 16
2023-07-09 17:51:41,009 - root - INFO - Reading parameters locations...
2023-07-09 17:51:41,009 - root - INFO - 2 (12): 4 bytes
2023-07-09 17:51:41,009 - root - INFO -     1 ( 8): 0  0
2023-07-09 17:51:41,009 - root - INFO -     2 (10): 32 20
2023-07-09 17:51:41,009 - root - INFO - 4 (22): 4 bytes
2023-07-09 17:51:41,010 - root - INFO -     1 ( 8): 66 42
2023-07-09 17:51:41,010 - root - INFO -     2 (10): 24 18
2023-07-09 17:51:41,010 - root - INFO - 5 (2A): 4 bytes
2023-07-09 17:51:41,010 - root - INFO -     1 ( 8): 32 20
2023-07-09 17:51:41,010 - root - INFO -     2 (10): 34 22
2023-07-09 17:51:41,010 - root - INFO - 20 (A2): 4 bytes
2023-07-09 17:51:41,010 - root - INFO -     1 ( 8): 90 5A
2023-07-09 17:51:41,010 - root - INFO -     2 (10): 37 25
2023-07-09 17:51:41,011 - root - INFO - Watch face parameters locations were read:
2023-07-09 17:51:41,011 - root - INFO - Reading descriptor for parameter 2
2023-07-09 17:51:41,011 - root - INFO - Descriptor offset: 0, Descriptor length: 32
2023-07-09 17:51:41,012 - root - INFO - Parsing descriptor for parameter 2...
2023-07-09 17:51:41,012 - root - INFO - 1 ( A): 6 bytes
2023-07-09 17:51:41,012 - root - INFO -     1 ( 8): 0  0
2023-07-09 17:51:41,012 - root - INFO -     2 (10): 0  0
2023-07-09 17:51:41,012 - root - INFO -     3 (18): 1  1
2023-07-09 17:51:41,012 - root - INFO - 3 (1A): 6 bytes
2023-07-09 17:51:41,012 - root - INFO -     1 ( 8): 0  0
2023-07-09 17:51:41,012 - root - INFO -     2 (10): 0  0
2023-07-09 17:51:41,013 - root - INFO -     3 (18): 0  0
2023-07-09 17:51:41,013 - root - INFO - 4 (22): 6 bytes
2023-07-09 17:51:41,013 - root - INFO -     1 ( 8): 0  0
2023-07-09 17:51:41,013 - root - INFO -     2 (10): 0  0
2023-07-09 17:51:41,013 - root - INFO -     3 (18): 0  0
2023-07-09 17:51:41,013 - root - INFO - 5 (2A): 6 bytes
2023-07-09 17:51:41,013 - root - INFO -     1 ( 8): 0  0
2023-07-09 17:51:41,014 - root - INFO -     2 (10): 0  0
2023-07-09 17:51:41,014 - root - INFO -     3 (18): 0  0
2023-07-09 17:51:41,014 - root - INFO - Reading descriptor for parameter 4
2023-07-09 17:51:41,014 - root - INFO - Descriptor offset: 66, Descriptor length: 24
2023-07-09 17:51:41,015 - root - INFO - Parsing descriptor for parameter 4...
2023-07-09 17:51:41,015 - root - INFO - 7 (38): 0  0
2023-07-09 17:51:41,015 - root - INFO - 8 (42): 20 bytes
2023-07-09 17:51:41,015 - root - INFO -     1 ( A): 18 bytes
2023-07-09 17:51:41,015 - root - INFO -         1 ( 8): 0  0
2023-07-09 17:51:41,015 - root - INFO -         2 (10): 0  0
2023-07-09 17:51:41,015 - root - INFO -         3 (18): 0  0
2023-07-09 17:51:41,015 - root - INFO -         4 (20): 0  0
2023-07-09 17:51:41,016 - root - INFO -         5 (28): 0  0
2023-07-09 17:51:41,016 - root - INFO -         6 (30): 0  0
2023-07-09 17:51:41,016 - root - INFO -         7 (38): 0  0
2023-07-09 17:51:41,016 - root - INFO -         8 (40): 0  0
2023-07-09 17:51:41,016 - root - INFO -         9 (48): 0  0
2023-07-09 17:51:41,017 - root - INFO - Reading descriptor for parameter 5
2023-07-09 17:51:41,017 - root - INFO - Descriptor offset: 32, Descriptor length: 34
2023-07-09 17:51:41,017 - root - INFO - Parsing descriptor for parameter 5...
2023-07-09 17:51:41,017 - root - INFO - 1 ( A): 32 bytes
2023-07-09 17:51:41,017 - root - INFO -     1 ( A): 24 bytes
2023-07-09 17:51:41,017 - root - INFO -         4 (22): 22 bytes
2023-07-09 17:51:41,018 - root - INFO -             1 ( 8): 224 E0
2023-07-09 17:51:41,018 - root - INFO -             2 (10): 167 A7
2023-07-09 17:51:41,018 - root - INFO -             3 (18): 242 F2
2023-07-09 17:51:41,018 - root - INFO -             4 (20): 167 A7
2023-07-09 17:51:41,018 - root - INFO -             5 (28): 18 12
2023-07-09 17:51:41,018 - root - INFO -             6 (30): 2  2
2023-07-09 17:51:41,018 - root - INFO -             7 (38): 0  0
2023-07-09 17:51:41,019 - root - INFO -             8 (40): 2  2
2023-07-09 17:51:41,019 - root - INFO -             9 (48): 10  A
2023-07-09 17:51:41,019 - root - INFO -     4 (20): 0  0
2023-07-09 17:51:41,019 - root - INFO -     5 (28): 1  1
2023-07-09 17:51:41,019 - root - INFO -     6 (30): 0  0
2023-07-09 17:51:41,020 - root - INFO - Reading descriptor for parameter 20
2023-07-09 17:51:41,020 - root - INFO - Descriptor offset: 90, Descriptor length: 37
2023-07-09 17:51:41,020 - root - INFO - Parsing descriptor for parameter 20...
2023-07-09 17:51:41,020 - root - INFO - 2 (12): 6 bytes
2023-07-09 17:51:41,020 - root - INFO -     1 ( 8): 153 99
2023-07-09 17:51:41,020 - root - INFO -     2 (10): 177 B1
2023-07-09 17:51:41,021 - root - INFO - 3 (1A): 4 bytes
2023-07-09 17:51:41,021 - root - INFO -     1 ( 8): 12  C
2023-07-09 17:51:41,021 - root - INFO -     2 (10): 100 64
2023-07-09 17:51:41,021 - root - INFO - 4 (22): 4 bytes
2023-07-09 17:51:41,021 - root - INFO -     1 ( 8): 13  D
2023-07-09 17:51:41,021 - root - INFO -     2 (10): 120 78
2023-07-09 17:51:41,021 - root - INFO - 5 (2A): 15 bytes
2023-07-09 17:51:41,022 - root - INFO -     1 ( 8): 14  E
2023-07-09 17:51:41,022 - root - INFO -     2 (10): 150 96
2023-07-09 17:51:41,022 - root - INFO -     4 (22): 8 bytes
2023-07-09 17:51:41,022 - root - INFO -         1 ( 8): 143 8F
2023-07-09 17:51:41,022 - root - INFO -         2 (10): 167 A7
2023-07-09 17:51:41,022 - root - INFO -         3 (18): 15  F
2023-07-09 17:51:41,027 - root - INFO - Reading resources offsets table with 16 elements (64 bytes)
2023-07-09 17:51:41,028 - root - INFO - Resource 0 offset: 309, length: 101656...
2023-07-09 17:51:41,028 - root - DEBUG - Reading resource 0...
2023-07-09 17:51:41,088 - root - INFO - The image is bmc.
2023-07-09 17:51:41,088 - root - INFO - Reading image header(readHeader16C)...
2023-07-09 17:51:41,088 - root - INFO - Image header was read:
2023-07-09 17:51:41,088 - root - INFO - Width: 210, Height: 242, RowLength: 420
2023-07-09 17:51:41,089 - root - INFO - _step: 2, unknown2: 0,
2023-07-09 17:51:41,089 - root - INFO - BPP: 16, Transparency: False
2023-07-09 17:51:41,429 - root - INFO - Resource 1 offset: 101965, length: 216664...
2023-07-09 17:51:41,430 - root - DEBUG - Reading resource 1...
2023-07-09 17:51:41,430 - root - INFO - The image is bmc.
2023-07-09 17:51:41,430 - root - INFO - Reading image header(readHeader16C)...
2023-07-09 17:51:41,430 - root - INFO - Image header was read:
2023-07-09 17:51:41,430 - root - INFO - Width: 306, Height: 354, RowLength: 612
2023-07-09 17:51:41,430 - root - INFO - _step: 2, unknown2: 0,
2023-07-09 17:51:41,430 - root - INFO - BPP: 16, Transparency: False
2023-07-09 17:51:42,109 - root - INFO - Resource 2 offset: 318629, length: 502...
2023-07-09 17:51:42,109 - root - DEBUG - Reading resource 2...
2023-07-09 17:51:42,109 - root - INFO - The image is bme.
2023-07-09 17:51:42,109 - root - INFO - Reading image header(readHeader16E)...
2023-07-09 17:51:42,109 - root - INFO - Image header was read:
2023-07-09 17:51:42,109 - root - INFO - Width: 16, Height: 20, RowLength: 32
2023-07-09 17:51:42,109 - root - INFO - datalength: 486, _step: 2
2023-07-09 17:51:42,109 - root - INFO - BPP: 16, Transparency: False
2023-07-09 17:51:42,109 - root - INFO - Resource 3 offset: 319131, length: 346...
2023-07-09 17:51:42,109 - root - DEBUG - Reading resource 3...
2023-07-09 17:51:42,109 - root - INFO - The image is bme.
2023-07-09 17:51:42,109 - root - INFO - Reading image header(readHeader16E)...
2023-07-09 17:51:42,109 - root - INFO - Image header was read:
2023-07-09 17:51:42,109 - root - INFO - Width: 16, Height: 20, RowLength: 32
2023-07-09 17:51:42,109 - root - INFO - datalength: 330, _step: 2
2023-07-09 17:51:42,109 - root - INFO - BPP: 16, Transparency: False
2023-07-09 17:51:42,109 - root - INFO - Resource 4 offset: 319477, length: 476...
2023-07-09 17:51:42,109 - root - DEBUG - Reading resource 4...
2023-07-09 17:51:42,109 - root - INFO - The image is bme.
2023-07-09 17:51:42,109 - root - INFO - Reading image header(readHeader16E)...
2023-07-09 17:51:42,109 - root - INFO - Image header was read:
2023-07-09 17:51:42,109 - root - INFO - Width: 16, Height: 20, RowLength: 32
2023-07-09 17:51:42,109 - root - INFO - datalength: 460, _step: 2
2023-07-09 17:51:42,109 - root - INFO - BPP: 16, Transparency: False
2023-07-09 17:51:42,109 - root - INFO - Resource 5 offset: 319953, length: 498...
2023-07-09 17:51:42,109 - root - DEBUG - Reading resource 5...
2023-07-09 17:51:42,109 - root - INFO - The image is bme.
2023-07-09 17:51:42,109 - root - INFO - Reading image header(readHeader16E)...
2023-07-09 17:51:42,109 - root - INFO - Image header was read:
2023-07-09 17:51:42,125 - root - INFO - Width: 16, Height: 20, RowLength: 32
2023-07-09 17:51:42,125 - root - INFO - datalength: 482, _step: 2
2023-07-09 17:51:42,125 - root - INFO - BPP: 16, Transparency: False
2023-07-09 17:51:42,125 - root - INFO - Resource 6 offset: 320451, length: 434...
2023-07-09 17:51:42,125 - root - DEBUG - Reading resource 6...
2023-07-09 17:51:42,125 - root - INFO - The image is bme.
2023-07-09 17:51:42,125 - root - INFO - Reading image header(readHeader16E)...
2023-07-09 17:51:42,125 - root - INFO - Image header was read:
2023-07-09 17:51:42,125 - root - INFO - Width: 16, Height: 20, RowLength: 32
2023-07-09 17:51:42,125 - root - INFO - datalength: 418, _step: 2
2023-07-09 17:51:42,125 - root - INFO - BPP: 16, Transparency: False
2023-07-09 17:51:42,125 - root - INFO - Resource 7 offset: 320885, length: 478...
2023-07-09 17:51:42,125 - root - DEBUG - Reading resource 7...
2023-07-09 17:51:42,125 - root - INFO - The image is bme.
2023-07-09 17:51:42,125 - root - INFO - Reading image header(readHeader16E)...
2023-07-09 17:51:42,125 - root - INFO - Image header was read:
2023-07-09 17:51:42,125 - root - INFO - Width: 16, Height: 20, RowLength: 32
2023-07-09 17:51:42,125 - root - INFO - datalength: 462, _step: 2
2023-07-09 17:51:42,125 - root - INFO - BPP: 16, Transparency: False
2023-07-09 17:51:42,125 - root - INFO - Resource 8 offset: 321363, length: 548...
2023-07-09 17:51:42,125 - root - DEBUG - Reading resource 8...
2023-07-09 17:51:42,125 - root - INFO - The image is bme.
2023-07-09 17:51:42,125 - root - INFO - Reading image header(readHeader16E)...
2023-07-09 17:51:42,125 - root - INFO - Image header was read:
2023-07-09 17:51:42,125 - root - INFO - Width: 16, Height: 20, RowLength: 32
2023-07-09 17:51:42,125 - root - INFO - datalength: 532, _step: 2
2023-07-09 17:51:42,125 - root - INFO - BPP: 16, Transparency: False
2023-07-09 17:51:42,125 - root - INFO - Resource 9 offset: 321911, length: 350...
2023-07-09 17:51:42,125 - root - DEBUG - Reading resource 9...
2023-07-09 17:51:42,125 - root - INFO - The image is bme.
2023-07-09 17:51:42,125 - root - INFO - Reading image header(readHeader16E)...
2023-07-09 17:51:42,125 - root - INFO - Image header was read:
2023-07-09 17:51:42,125 - root - INFO - Width: 16, Height: 20, RowLength: 32
2023-07-09 17:51:42,125 - root - INFO - datalength: 334, _step: 2
2023-07-09 17:51:42,125 - root - INFO - BPP: 16, Transparency: False
2023-07-09 17:51:42,125 - root - INFO - Resource 10 offset: 322261, length: 556...
2023-07-09 17:51:42,125 - root - DEBUG - Reading resource 10...
2023-07-09 17:51:42,125 - root - INFO - The image is bme.
2023-07-09 17:51:42,125 - root - INFO - Reading image header(readHeader16E)...
2023-07-09 17:51:42,125 - root - INFO - Image header was read:
2023-07-09 17:51:42,125 - root - INFO - Width: 16, Height: 20, RowLength: 32
2023-07-09 17:51:42,125 - root - INFO - datalength: 540, _step: 2
2023-07-09 17:51:42,125 - root - INFO - BPP: 16, Transparency: False
2023-07-09 17:51:42,125 - root - INFO - Resource 11 offset: 322817, length: 546...
2023-07-09 17:51:42,125 - root - DEBUG - Reading resource 11...
2023-07-09 17:51:42,125 - root - INFO - The image is bme.
2023-07-09 17:51:42,125 - root - INFO - Reading image header(readHeader16E)...
2023-07-09 17:51:42,125 - root - INFO - Image header was read:
2023-07-09 17:51:42,125 - root - INFO - Width: 16, Height: 20, RowLength: 32
2023-07-09 17:51:42,125 - root - INFO - datalength: 530, _step: 2
2023-07-09 17:51:42,125 - root - INFO - BPP: 16, Transparency: False
2023-07-09 17:51:42,125 - root - INFO - Resource 12 offset: 323363, length: 11734...
2023-07-09 17:51:42,125 - root - DEBUG - Reading resource 12...
2023-07-09 17:51:42,125 - root - INFO - The image is bmc.
2023-07-09 17:51:42,125 - root - INFO - Reading image header(readHeader16C)...
2023-07-09 17:51:42,125 - root - INFO - Image header was read:
2023-07-09 17:51:42,125 - root - INFO - Width: 31, Height: 126, RowLength: 93
2023-07-09 17:51:42,125 - root - INFO - _step: 3, unknown2: 0,
2023-07-09 17:51:42,125 - root - INFO - BPP: 24, Transparency: False
2023-07-09 17:51:42,156 - root - INFO - Resource 13 offset: 335097, length: 6586...
2023-07-09 17:51:42,156 - root - DEBUG - Reading resource 13...
2023-07-09 17:51:42,156 - root - INFO - The image is bmc.
2023-07-09 17:51:42,156 - root - INFO - Reading image header(readHeader16C)...
2023-07-09 17:51:42,156 - root - INFO - Image header was read:
2023-07-09 17:51:42,156 - root - INFO - Width: 15, Height: 146, RowLength: 45
2023-07-09 17:51:42,156 - root - INFO - _step: 3, unknown2: 0,
2023-07-09 17:51:42,156 - root - INFO - BPP: 24, Transparency: False
2023-07-09 17:51:42,172 - root - INFO - Resource 14 offset: 341683, length: 8656...
2023-07-09 17:51:42,172 - root - DEBUG - Reading resource 14...
2023-07-09 17:51:42,172 - root - INFO - The image is bmc.
2023-07-09 17:51:42,172 - root - INFO - Reading image header(readHeader16C)...
2023-07-09 17:51:42,172 - root - INFO - Image header was read:
2023-07-09 17:51:42,172 - root - INFO - Width: 15, Height: 192, RowLength: 45
2023-07-09 17:51:42,172 - root - INFO - _step: 3, unknown2: 0,
2023-07-09 17:51:42,172 - root - INFO - BPP: 24, Transparency: False
2023-07-09 17:51:42,188 - root - INFO - Resource 15 offset: 350339, length: 1216...
2023-07-09 17:51:42,188 - root - DEBUG - Reading resource 15...
2023-07-09 17:51:42,188 - root - INFO - The image is bmc.
2023-07-09 17:51:42,188 - root - INFO - Reading image header(readHeader16C)...
2023-07-09 17:51:42,188 - root - INFO - Image header was read:
2023-07-09 17:51:42,188 - root - INFO - Width: 20, Height: 20, RowLength: 60
2023-07-09 17:51:42,188 - root - INFO - _step: 3, unknown2: 0,
2023-07-09 17:51:42,188 - root - INFO - BPP: 24, Transparency: False
2023-07-09 17:51:42,203 - root - DEBUG - Parsing parameters...
2023-07-09 17:51:42,313 - root - DEBUG - 0 Value: None
2023-07-09 17:51:42,313 - root - DEBUG - 0.1 Value: 73
2023-07-09 17:51:42,313 - root - DEBUG - 2 Value: None
2023-07-09 17:51:42,313 - root - DEBUG - 2.1 Value: None
2023-07-09 17:51:42,313 - root - DEBUG - 2.1.1 Value: 0
2023-07-09 17:51:42,313 - root - DEBUG - 2.1.2 Value: 0
2023-07-09 17:51:42,313 - root - DEBUG - 2.1.3 Value: 1
2023-07-09 17:51:42,313 - root - DEBUG - 2.3 Value: None
2023-07-09 17:51:42,313 - root - DEBUG - 2.3.1 Value: 0
2023-07-09 17:51:42,313 - root - DEBUG - 2.3.2 Value: 0
2023-07-09 17:51:42,313 - root - DEBUG - 2.3.3 Value: 0
2023-07-09 17:51:42,313 - root - DEBUG - 2.4 Value: None
2023-07-09 17:51:42,313 - root - DEBUG - 2.4.1 Value: 0
2023-07-09 17:51:42,313 - root - DEBUG - 2.4.2 Value: 0
2023-07-09 17:51:42,313 - root - DEBUG - 2.4.3 Value: 0
2023-07-09 17:51:42,313 - root - DEBUG - 2.5 Value: None
2023-07-09 17:51:42,313 - root - DEBUG - 2.5.1 Value: 0
2023-07-09 17:51:42,313 - root - DEBUG - 2.5.2 Value: 0
2023-07-09 17:51:42,313 - root - DEBUG - 2.5.3 Value: 0
2023-07-09 17:51:42,313 - root - DEBUG - 4 Value: None
2023-07-09 17:51:42,313 - root - DEBUG - 4.7 Value: 0
2023-07-09 17:51:42,313 - root - DEBUG - 4.8 Value: None
2023-07-09 17:51:42,313 - root - DEBUG - 4.8.1 Value: None
2023-07-09 17:51:42,313 - root - DEBUG - 4.8.1.1 Value: 0
2023-07-09 17:51:42,313 - root - DEBUG - 4.8.1.2 Value: 0
2023-07-09 17:51:42,313 - root - DEBUG - 4.8.1.3 Value: 0
2023-07-09 17:51:42,313 - root - DEBUG - 4.8.1.4 Value: 0
2023-07-09 17:51:42,313 - root - DEBUG - 4.8.1.5 Value: 0
2023-07-09 17:51:42,313 - root - DEBUG - 4.8.1.6 Value: 0
2023-07-09 17:51:42,313 - root - DEBUG - 4.8.1.7 Value: 0
2023-07-09 17:51:42,313 - root - DEBUG - 4.8.1.8 Value: 0
2023-07-09 17:51:42,313 - root - DEBUG - 4.8.1.9 Value: 0
2023-07-09 17:51:42,313 - root - DEBUG - 5 Value: None
2023-07-09 17:51:42,313 - root - DEBUG - 5.1 Value: None
2023-07-09 17:51:42,313 - root - DEBUG - 5.1.1 Value: None
2023-07-09 17:51:42,313 - root - DEBUG - 5.1.1.4 Value: None
2023-07-09 17:51:42,313 - root - DEBUG - 5.1.1.4.1 Value: 224
2023-07-09 17:51:42,313 - root - DEBUG - 5.1.1.4.2 Value: 167
2023-07-09 17:51:42,313 - root - DEBUG - 5.1.1.4.3 Value: 242
2023-07-09 17:51:42,313 - root - DEBUG - 5.1.1.4.4 Value: 167
2023-07-09 17:51:42,313 - root - DEBUG - 5.1.1.4.5 Value: 18
2023-07-09 17:51:42,313 - root - DEBUG - 5.1.1.4.6 Value: 2
2023-07-09 17:51:42,313 - root - DEBUG - 5.1.1.4.7 Value: 0
2023-07-09 17:51:42,313 - root - DEBUG - 5.1.1.4.8 Value: 2
2023-07-09 17:51:42,313 - root - DEBUG - 5.1.1.4.9 Value: 10
2023-07-09 17:51:42,313 - root - DEBUG - 5.1.4 Value: 0
2023-07-09 17:51:42,313 - root - DEBUG - 5.1.5 Value: 1
2023-07-09 17:51:42,313 - root - DEBUG - 5.1.6 Value: 0
2023-07-09 17:51:42,313 - root - DEBUG - 20 Value: None
2023-07-09 17:51:42,313 - root - DEBUG - 20.2 Value: None
2023-07-09 17:51:42,313 - root - DEBUG - 20.2.1 Value: 153
2023-07-09 17:51:42,313 - root - DEBUG - 20.2.2 Value: 177
2023-07-09 17:51:42,313 - root - DEBUG - 20.3 Value: None
2023-07-09 17:51:42,313 - root - DEBUG - 20.3.1 Value: 12
2023-07-09 17:51:42,313 - root - DEBUG - 20.3.2 Value: 100
2023-07-09 17:51:42,313 - root - DEBUG - 20.4 Value: None
2023-07-09 17:51:42,313 - root - DEBUG - 20.4.1 Value: 13
2023-07-09 17:51:42,313 - root - DEBUG - 20.4.2 Value: 120
2023-07-09 17:51:42,313 - root - DEBUG - 20.5 Value: None
2023-07-09 17:51:42,313 - root - DEBUG - 20.5.1 Value: 14
2023-07-09 17:51:42,313 - root - DEBUG - 20.5.2 Value: 150
2023-07-09 17:51:42,313 - root - DEBUG - 20.5.4 Value: None
2023-07-09 17:51:42,313 - root - DEBUG - 20.5.4.1 Value: 143
2023-07-09 17:51:42,313 - root - DEBUG - 20.5.4.2 Value: 167
2023-07-09 17:51:42,313 - root - DEBUG - 20.5.4.3 Value: 15
2023-07-09 17:51:42,313 - root - DEBUG - 0-Info
2023-07-09 17:51:42,313 - root - DEBUG - 0.1-DeviceId
2023-07-09 17:51:42,313 - root - DEBUG - 2-Background
2023-07-09 17:51:42,313 - root - DEBUG - 2.1-Image
2023-07-09 17:51:42,313 - root - DEBUG - 2.1.1-X
2023-07-09 17:51:42,313 - root - DEBUG - 2.1.2-Y
2023-07-09 17:51:42,313 - root - DEBUG - 2.1.3-ImageIndex
2023-07-09 17:51:42,313 - root - DEBUG - 2.3-Preview
2023-07-09 17:51:42,313 - root - DEBUG - 2.3.1-X
2023-07-09 17:51:42,313 - root - DEBUG - 2.3.2-Y
2023-07-09 17:51:42,313 - root - DEBUG - 2.3.3-ImageIndex
2023-07-09 17:51:42,313 - root - DEBUG - 2.4-PreviewTradChinese
2023-07-09 17:51:42,313 - root - DEBUG - 2.4.1-X
2023-07-09 17:51:42,313 - root - DEBUG - 2.4.2-Y
2023-07-09 17:51:42,313 - root - DEBUG - 2.4.3-ImageIndex
2023-07-09 17:51:42,313 - root - DEBUG - 2.5-PreviewChinese
2023-07-09 17:51:42,313 - root - DEBUG - 2.5.1-X
2023-07-09 17:51:42,313 - root - DEBUG - 2.5.2-Y
2023-07-09 17:51:42,313 - root - DEBUG - 2.5.3-ImageIndex
2023-07-09 17:51:42,313 - root - DEBUG - 4-Activity
2023-07-09 17:51:42,313 - root - DEBUG - 4.7-UnknownLongValue7
2023-07-09 17:51:42,313 - root - DEBUG - 4.8-StandUp
2023-07-09 17:51:42,313 - root - DEBUG - 4.8.1-ImageNumber
2023-07-09 17:51:42,313 - root - DEBUG - 4.8.1.1-TopLeftX
2023-07-09 17:51:42,313 - root - DEBUG - 4.8.1.2-TopLeftY
2023-07-09 17:51:42,313 - root - DEBUG - 4.8.1.3-BottomRightX
2023-07-09 17:51:42,313 - root - DEBUG - 4.8.1.4-BottomRightY
2023-07-09 17:51:42,313 - root - DEBUG - 4.8.1.5-Alignment
2023-07-09 17:51:42,313 - root - DEBUG - 4.8.1.6-Spacing
2023-07-09 17:51:42,313 - root - DEBUG - 4.8.1.7-VerticalOffset
2023-07-09 17:51:42,313 - root - DEBUG - 4.8.1.8-ImageIndex
2023-07-09 17:51:42,313 - root - DEBUG - 4.8.1.9-ImagesCount
2023-07-09 17:51:42,313 - root - DEBUG - 5-DateBlock
2023-07-09 17:51:42,313 - root - DEBUG - 5.1-Date
2023-07-09 17:51:42,313 - root - DEBUG - 5.1.1-MonthAndDayAlt
2023-07-09 17:51:42,313 - root - DEBUG - 5.1.1.4-Day
2023-07-09 17:51:42,328 - root - DEBUG - 5.1.1.4.1-TopLeftX
2023-07-09 17:51:42,328 - root - DEBUG - 5.1.1.4.2-TopLeftY
2023-07-09 17:51:42,328 - root - DEBUG - 5.1.1.4.3-BottomRightX
2023-07-09 17:51:42,328 - root - DEBUG - 5.1.1.4.4-BottomRightY
2023-07-09 17:51:42,328 - root - DEBUG - 5.1.1.4.5-Alignment
2023-07-09 17:51:42,328 - root - DEBUG - 5.1.1.4.6-Spacing
2023-07-09 17:51:42,328 - root - DEBUG - 5.1.1.4.7-VerticalOffset
2023-07-09 17:51:42,328 - root - DEBUG - 5.1.1.4.8-ImageIndex
2023-07-09 17:51:42,328 - root - DEBUG - 5.1.1.4.9-ImagesCount
2023-07-09 17:51:42,328 - root - DEBUG - 5.1.4-PaddingZeroMonth
2023-07-09 17:51:42,328 - root - DEBUG - 5.1.5-PaddingZeroDay
2023-07-09 17:51:42,328 - root - DEBUG - 5.1.6-UnknownBoolean6
2023-07-09 17:51:42,328 - root - DEBUG - 20-TimeAnalog
2023-07-09 17:51:42,328 - root - DEBUG - 20.2-CommonCenterCoordinates
2023-07-09 17:51:42,328 - root - DEBUG - 20.2.1-X
2023-07-09 17:51:42,328 - root - DEBUG - 20.2.2-Y
2023-07-09 17:51:42,328 - root - DEBUG - 20.3-Hours
2023-07-09 17:51:42,328 - root - DEBUG - 20.3.1-ImageIndex
2023-07-09 17:51:42,328 - root - DEBUG - 20.3.2-PointerCenterOfRotationY
2023-07-09 17:51:42,328 - root - DEBUG - 20.4-Minutes
2023-07-09 17:51:42,328 - root - DEBUG - 20.4.1-ImageIndex
2023-07-09 17:51:42,328 - root - DEBUG - 20.4.2-PointerCenterOfRotationY
2023-07-09 17:51:42,328 - root - DEBUG - 20.5-Seconds
2023-07-09 17:51:42,328 - root - DEBUG - 20.5.1-ImageIndex
2023-07-09 17:51:42,328 - root - DEBUG - 20.5.2-PointerCenterOfRotationY
2023-07-09 17:51:42,328 - root - DEBUG - 20.5.4-CoverImage
2023-07-09 17:51:42,328 - root - DEBUG - 20.5.4.1-X
2023-07-09 17:51:42,328 - root - DEBUG - 20.5.4.2-Y
2023-07-09 17:51:42,328 - root - DEBUG - 20.5.4.3-ImageIndex
2023-07-09 17:51:42,328 - root - DEBUG - generatePreviews
2023-07-09 17:51:42,328 - root - DEBUG - Generating previews...
2023-07-09 17:51:42,328 - root - DEBUG - Generating states done...
2023-07-09 17:51:42,344 - root - DEBUG - >>>>>>>>>>>> 0 <watchFaceParser.models.parameter.Parameter object at 0x000002349B1DBB50>
2023-07-09 17:51:42,344 - root - DEBUG - >>>>>>>>>>>> 2 <watchFaceParser.models.parameter.Parameter object at 0x000002349B1D90A0>
2023-07-09 17:51:42,344 - root - DEBUG - >>>>>>>>>>>> 4 <watchFaceParser.models.parameter.Parameter object at 0x000002349B1D98E0>
2023-07-09 17:51:42,359 - root - DEBUG - >>>>>>>>>>>> 5 <watchFaceParser.models.parameter.Parameter object at 0x000002349B1D9EB0>
2023-07-09 17:51:42,359 - root - DEBUG - >>>>>>>>>>>> 20 <watchFaceParser.models.parameter.Parameter object at 0x000002349B1DBAF0>
2023-07-09 17:51:42,438 - root - DEBUG - Generating static preview gen done...
2023-07-09 17:51:42,578 - root - DEBUG - Generating static preview save done...
2023-07-09 17:51:42,578 - root - DEBUG - Generating anim preview gen done...
2023-07-09 17:51:42,578 - root - DEBUG - >>>>>>>>>>>> 0 <watchFaceParser.models.parameter.Parameter object at 0x000002349B1DBB50>
2023-07-09 17:51:42,578 - root - DEBUG - >>>>>>>>>>>> 2 <watchFaceParser.models.parameter.Parameter object at 0x000002349B1D90A0>
2023-07-09 17:51:42,578 - root - DEBUG - >>>>>>>>>>>> 4 <watchFaceParser.models.parameter.Parameter object at 0x000002349B1D98E0>
2023-07-09 17:51:42,578 - root - DEBUG - >>>>>>>>>>>> 5 <watchFaceParser.models.parameter.Parameter object at 0x000002349B1D9EB0>
2023-07-09 17:51:42,578 - root - DEBUG - >>>>>>>>>>>> 20 <watchFaceParser.models.parameter.Parameter object at 0x000002349B1DBAF0>
2023-07-09 17:51:43,469 - root - DEBUG - generatePreviews done
2023-07-09 17:51:43,469 - root - DEBUG - Exporting resources to 'E:\Codez\zepp-gts2mini-wf\8b9c35ff0018eeff7f17efb40e9028de'
2023-07-09 17:51:43,469 - root - DEBUG - extracting E:\Codez\zepp-gts2mini-wf\8b9c35ff0018eeff7f17efb40e9028de\0000.png...
2023-07-09 17:51:43,500 - root - DEBUG - extracting E:\Codez\zepp-gts2mini-wf\8b9c35ff0018eeff7f17efb40e9028de\0001.png...
2023-07-09 17:51:43,563 - root - DEBUG - extracting E:\Codez\zepp-gts2mini-wf\8b9c35ff0018eeff7f17efb40e9028de\0002.png...
2023-07-09 17:51:43,563 - root - DEBUG - extracting E:\Codez\zepp-gts2mini-wf\8b9c35ff0018eeff7f17efb40e9028de\0003.png...
2023-07-09 17:51:43,563 - root - DEBUG - extracting E:\Codez\zepp-gts2mini-wf\8b9c35ff0018eeff7f17efb40e9028de\0004.png...
2023-07-09 17:51:43,563 - root - DEBUG - extracting E:\Codez\zepp-gts2mini-wf\8b9c35ff0018eeff7f17efb40e9028de\0005.png...
2023-07-09 17:51:43,563 - root - DEBUG - extracting E:\Codez\zepp-gts2mini-wf\8b9c35ff0018eeff7f17efb40e9028de\0006.png...
2023-07-09 17:51:43,563 - root - DEBUG - extracting E:\Codez\zepp-gts2mini-wf\8b9c35ff0018eeff7f17efb40e9028de\0007.png...
2023-07-09 17:51:43,563 - root - DEBUG - extracting E:\Codez\zepp-gts2mini-wf\8b9c35ff0018eeff7f17efb40e9028de\0008.png...
2023-07-09 17:51:43,578 - root - DEBUG - extracting E:\Codez\zepp-gts2mini-wf\8b9c35ff0018eeff7f17efb40e9028de\0009.png...
2023-07-09 17:51:43,578 - root - DEBUG - extracting E:\Codez\zepp-gts2mini-wf\8b9c35ff0018eeff7f17efb40e9028de\0010.png...
2023-07-09 17:51:43,578 - root - DEBUG - extracting E:\Codez\zepp-gts2mini-wf\8b9c35ff0018eeff7f17efb40e9028de\0011.png...
2023-07-09 17:51:43,578 - root - DEBUG - extracting E:\Codez\zepp-gts2mini-wf\8b9c35ff0018eeff7f17efb40e9028de\0012.png...
2023-07-09 17:51:43,578 - root - DEBUG - extracting E:\Codez\zepp-gts2mini-wf\8b9c35ff0018eeff7f17efb40e9028de\0013.png...
2023-07-09 17:51:43,578 - root - DEBUG - extracting E:\Codez\zepp-gts2mini-wf\8b9c35ff0018eeff7f17efb40e9028de\0014.png...
2023-07-09 17:51:43,578 - root - DEBUG - extracting E:\Codez\zepp-gts2mini-wf\8b9c35ff0018eeff7f17efb40e9028de\0015.png...
2023-07-09 17:51:43,578 - root - DEBUG - Exporting config...
