2021-10-19 20:23:52,732 - root - DEBUG - Opening watch face '68caeb85650a4f4c019166d4cd4931b3.bin'
2021-10-19 20:23:52,743 - root - DEBUG - Reading parameters...
2021-10-19 20:23:52,743 - root - INFO - Reading header...
2021-10-19 20:23:52,752 - root - INFO - Header was read:
2021-10-19 20:23:52,752 - root - INFO - Signature: b'UIHH\x01\x00\xff', Unknown: 73, ParametersSize: 33, isValid: True, deviceId: 73
2021-10-19 20:23:52,752 - root - INFO - Reading parameter offsets...
2021-10-19 20:23:52,752 - root - INFO - Parameter offsets were read from file
2021-10-19 20:23:52,752 - root - INFO - Reading parameters descriptor...
2021-10-19 20:23:52,752 - root - INFO - 1 ( A): 5 bytes
2021-10-19 20:23:52,752 - root - INFO -     1 ( 8): 228 E4
2021-10-19 20:23:52,752 - root - INFO -     2 (10): 51 33
2021-10-19 20:23:52,752 - root - INFO - getParameters descriptor was read:
2021-10-19 20:23:52,752 - root - INFO - ParametersTableLength: 228, ImagesCount: 51
2021-10-19 20:23:52,752 - root - INFO - Reading parameters locations...
2021-10-19 20:23:52,752 - root - INFO - 2 (12): 4 bytes
2021-10-19 20:23:52,752 - root - INFO -     1 ( 8): 0  0
2021-10-19 20:23:52,752 - root - INFO -     2 (10): 32 20
2021-10-19 20:23:52,752 - root - INFO - 3 (1A): 4 bytes
2021-10-19 20:23:52,752 - root - INFO -     1 ( 8): 32 20
2021-10-19 20:23:52,752 - root - INFO -     2 (10): 54 36
2021-10-19 20:23:52,752 - root - INFO - 5 (2A): 4 bytes
2021-10-19 20:23:52,752 - root - INFO -     1 ( 8): 86 56
2021-10-19 20:23:52,752 - root - INFO -     2 (10): 73 49
2021-10-19 20:23:52,752 - root - INFO - 29 (EA): 5 bytes
2021-10-19 20:23:52,752 - root - INFO -     1 ( 8): 159 9F
2021-10-19 20:23:52,752 - root - INFO -     2 (10): 69 45
2021-10-19 20:23:52,752 - root - INFO - Watch face parameters locations were read:
2021-10-19 20:23:52,752 - root - INFO - Reading descriptor for parameter 2
2021-10-19 20:23:52,752 - root - INFO - Descriptor offset: 0, Descriptor length: 32
2021-10-19 20:23:52,752 - root - INFO - Parsing descriptor for parameter 2...
2021-10-19 20:23:52,752 - root - INFO - 1 ( A): 6 bytes
2021-10-19 20:23:52,752 - root - INFO -     1 ( 8): 0  0
2021-10-19 20:23:52,752 - root - INFO -     2 (10): 0  0
2021-10-19 20:23:52,752 - root - INFO -     3 (18): 2  2
2021-10-19 20:23:52,752 - root - INFO - 3 (1A): 6 bytes
2021-10-19 20:23:52,752 - root - INFO -     1 ( 8): 0  0
2021-10-19 20:23:52,752 - root - INFO -     2 (10): 0  0
2021-10-19 20:23:52,752 - root - INFO -     3 (18): 1  1
2021-10-19 20:23:52,752 - root - INFO - 4 (22): 6 bytes
2021-10-19 20:23:52,752 - root - INFO -     1 ( 8): 0  0
2021-10-19 20:23:52,752 - root - INFO -     2 (10): 0  0
2021-10-19 20:23:52,752 - root - INFO -     3 (18): 0  0
2021-10-19 20:23:52,752 - root - INFO - 5 (2A): 6 bytes
2021-10-19 20:23:52,752 - root - INFO -     1 ( 8): 0  0
2021-10-19 20:23:52,752 - root - INFO -     2 (10): 0  0
2021-10-19 20:23:52,752 - root - INFO -     3 (18): 0  0
2021-10-19 20:23:52,752 - root - INFO - Reading descriptor for parameter 3
2021-10-19 20:23:52,752 - root - INFO - Descriptor offset: 32, Descriptor length: 54
2021-10-19 20:23:52,752 - root - INFO - Parsing descriptor for parameter 3...
2021-10-19 20:23:52,752 - root - INFO - 1 ( A): 52 bytes
2021-10-19 20:23:52,752 - root - INFO -     1 ( A): 22 bytes
2021-10-19 20:23:52,752 - root - INFO -         1 ( A): 9 bytes
2021-10-19 20:23:52,752 - root - INFO -             1 ( 8): 28 1C
2021-10-19 20:23:52,752 - root - INFO -             2 (10): 194 C2
2021-10-19 20:23:52,752 - root - INFO -             3 (18): 3  3
2021-10-19 20:23:52,752 - root - INFO -             4 (20): 10  A
2021-10-19 20:23:52,752 - root - INFO -         2 (12): 9 bytes
2021-10-19 20:23:52,752 - root - INFO -             1 ( 8): 74 4A
2021-10-19 20:23:52,752 - root - INFO -             2 (10): 194 C2
2021-10-19 20:23:52,752 - root - INFO -             3 (18): 3  3
2021-10-19 20:23:52,752 - root - INFO -             4 (20): 10  A
2021-10-19 20:23:52,752 - root - INFO -     2 (12): 22 bytes
2021-10-19 20:23:52,752 - root - INFO -         1 ( A): 9 bytes
2021-10-19 20:23:52,752 - root - INFO -             1 ( 8): 28 1C
2021-10-19 20:23:52,752 - root - INFO -             2 (10): 266 10A
2021-10-19 20:23:52,752 - root - INFO -             3 (18): 3  3
2021-10-19 20:23:52,752 - root - INFO -             4 (20): 10  A
2021-10-19 20:23:52,752 - root - INFO -         2 (12): 9 bytes
2021-10-19 20:23:52,752 - root - INFO -             1 ( 8): 74 4A
2021-10-19 20:23:52,752 - root - INFO -             2 (10): 266 10A
2021-10-19 20:23:52,752 - root - INFO -             3 (18): 3  3
2021-10-19 20:23:52,752 - root - INFO -             4 (20): 10  A
2021-10-19 20:23:52,752 - root - INFO -     7 (38): 0  0
2021-10-19 20:23:52,752 - root - INFO -     8 (40): 1  1
2021-10-19 20:23:52,752 - root - INFO - Reading descriptor for parameter 5
2021-10-19 20:23:52,752 - root - INFO - Descriptor offset: 86, Descriptor length: 73
2021-10-19 20:23:52,752 - root - INFO - Parsing descriptor for parameter 5...
2021-10-19 20:23:52,752 - root - INFO - 1 ( A): 56 bytes
2021-10-19 20:23:52,752 - root - INFO -     9 (4A): 48 bytes
2021-10-19 20:23:52,752 - root - INFO -         3 (1A): 20 bytes
2021-10-19 20:23:52,752 - root - INFO -             1 ( 8): 233 E9
2021-10-19 20:23:52,752 - root - INFO -             2 (10): 24 18
2021-10-19 20:23:52,752 - root - INFO -             3 (18): 276 114
2021-10-19 20:23:52,752 - root - INFO -             4 (20): 54 36
2021-10-19 20:23:52,752 - root - INFO -             5 (28): 18 12
2021-10-19 20:23:52,752 - root - INFO -             6 (30): 1  1
2021-10-19 20:23:52,752 - root - INFO -             7 (38): 0  0
2021-10-19 20:23:52,762 - root - INFO -             8 (40): 13  D
2021-10-19 20:23:52,762 - root - INFO -             9 (48): 10  A
2021-10-19 20:23:52,762 - root - INFO -         4 (20): 0  0
2021-10-19 20:23:52,762 - root - INFO -         5 (28): 0  0
2021-10-19 20:23:52,762 - root - INFO -         6 (32): 9 bytes
2021-10-19 20:23:52,762 - root - INFO -             1 ( 8): 216 D8
2021-10-19 20:23:52,762 - root - INFO -             2 (10): 60 3C
2021-10-19 20:23:52,762 - root - INFO -             3 (18): 23 17
2021-10-19 20:23:52,762 - root - INFO -             4 (20): 12  C
2021-10-19 20:23:52,762 - root - INFO -         7 (3A): 9 bytes
2021-10-19 20:23:52,762 - root - INFO -             1 ( 8): 216 D8
2021-10-19 20:23:52,762 - root - INFO -             2 (10): 60 3C
2021-10-19 20:23:52,762 - root - INFO -             3 (18): 35 23
2021-10-19 20:23:52,762 - root - INFO -             4 (20): 12  C
2021-10-19 20:23:52,762 - root - INFO -     4 (20): 1  1
2021-10-19 20:23:52,762 - root - INFO -     5 (28): 1  1
2021-10-19 20:23:52,762 - root - INFO -     6 (30): 0  0
2021-10-19 20:23:52,762 - root - INFO - 2 (12): 13 bytes
2021-10-19 20:23:52,762 - root - INFO -     1 ( 8): 126 7E
2021-10-19 20:23:52,762 - root - INFO -     2 (10): 194 C2
2021-10-19 20:23:52,762 - root - INFO -     3 (18): 47 2F
2021-10-19 20:23:52,762 - root - INFO -     4 (20): 48 30
2021-10-19 20:23:52,762 - root - INFO -     5 (28): 49 31
2021-10-19 20:23:52,762 - root - INFO -     6 (30): 50 32
2021-10-19 20:23:52,762 - root - INFO - Reading descriptor for parameter 29
2021-10-19 20:23:52,762 - root - INFO - Descriptor offset: 159, Descriptor length: 69
2021-10-19 20:23:52,762 - root - INFO - Parsing descriptor for parameter 29...
2021-10-19 20:23:52,762 - root - INFO - 1 ( A): 67 bytes
2021-10-19 20:23:52,762 - root - INFO -     1 ( A): 50 bytes
2021-10-19 20:23:52,762 - root - INFO -         1 ( A): 22 bytes
2021-10-19 20:23:52,762 - root - INFO -             1 ( A): 9 bytes
2021-10-19 20:23:52,762 - root - INFO -                 1 ( 8): 28 1C
2021-10-19 20:23:52,762 - root - INFO -                 2 (10): 194 C2
2021-10-19 20:23:52,762 - root - INFO -                 3 (18): 3  3
2021-10-19 20:23:52,762 - root - INFO -                 4 (20): 10  A
2021-10-19 20:23:52,762 - root - INFO -             2 (12): 9 bytes
2021-10-19 20:23:52,762 - root - INFO -                 1 ( 8): 74 4A
2021-10-19 20:23:52,762 - root - INFO -                 2 (10): 194 C2
2021-10-19 20:23:52,762 - root - INFO -                 3 (18): 3  3
2021-10-19 20:23:52,762 - root - INFO -                 4 (20): 10  A
2021-10-19 20:23:52,762 - root - INFO -         2 (12): 22 bytes
2021-10-19 20:23:52,762 - root - INFO -             1 ( A): 9 bytes
2021-10-19 20:23:52,762 - root - INFO -                 1 ( 8): 28 1C
2021-10-19 20:23:52,762 - root - INFO -                 2 (10): 266 10A
2021-10-19 20:23:52,762 - root - INFO -                 3 (18): 3  3
2021-10-19 20:23:52,762 - root - INFO -                 4 (20): 10  A
2021-10-19 20:23:52,762 - root - INFO -             2 (12): 9 bytes
2021-10-19 20:23:52,762 - root - INFO -                 1 ( 8): 74 4A
2021-10-19 20:23:52,762 - root - INFO -                 2 (10): 266 10A
2021-10-19 20:23:52,762 - root - INFO -                 3 (18): 3  3
2021-10-19 20:23:52,762 - root - INFO -                 4 (20): 10  A
2021-10-19 20:23:52,762 - root - INFO -         4 (20): 1  1
2021-10-19 20:23:52,762 - root - INFO -     4 (22): 13 bytes
2021-10-19 20:23:52,762 - root - INFO -         1 ( 8): 126 7E
2021-10-19 20:23:52,762 - root - INFO -         2 (10): 194 C2
2021-10-19 20:23:52,762 - root - INFO -         3 (18): 47 2F
2021-10-19 20:23:52,772 - root - INFO -         4 (20): 48 30
2021-10-19 20:23:52,772 - root - INFO -         5 (28): 49 31
2021-10-19 20:23:52,772 - root - INFO -         6 (30): 50 32
2021-10-19 20:23:52,778 - root - INFO - Reading resources offsets table with 51 elements (204 bytes)
2021-10-19 20:23:52,778 - root - INFO - Resource 0 offset: 552, length: 152476...
2021-10-19 20:23:52,778 - root - DEBUG - Reading resource 0...
2021-10-19 20:23:52,822 - root - INFO - The image is bmc.
2021-10-19 20:23:52,822 - root - INFO - Reading image header(readHeader16C)...
2021-10-19 20:23:52,822 - root - INFO - Image header was read:
2021-10-19 20:23:52,822 - root - INFO - Width: 210, Height: 242, RowLength: 630
2021-10-19 20:23:52,822 - root - INFO - _step: 3, unknown2: 0,
2021-10-19 20:23:52,822 - root - INFO - BPP: 24, Transparency: False
2021-10-19 20:23:53,082 - root - INFO - Resource 1 offset: 153028, length: 152476...
2021-10-19 20:23:53,082 - root - DEBUG - Reading resource 1...
2021-10-19 20:23:53,082 - root - INFO - The image is bmc.
2021-10-19 20:23:53,082 - root - INFO - Reading image header(readHeader16C)...
2021-10-19 20:23:53,082 - root - INFO - Image header was read:
2021-10-19 20:23:53,082 - root - INFO - Width: 210, Height: 242, RowLength: 630
2021-10-19 20:23:53,082 - root - INFO - _step: 3, unknown2: 0,
2021-10-19 20:23:53,082 - root - INFO - BPP: 24, Transparency: False
2021-10-19 20:23:53,300 - root - INFO - Resource 2 offset: 305504, length: 216664...
2021-10-19 20:23:53,300 - root - DEBUG - Reading resource 2...
2021-10-19 20:23:53,300 - root - INFO - The image is bmc.
2021-10-19 20:23:53,300 - root - INFO - Reading image header(readHeader16C)...
2021-10-19 20:23:53,300 - root - INFO - Image header was read:
2021-10-19 20:23:53,301 - root - INFO - Width: 306, Height: 354, RowLength: 612
2021-10-19 20:23:53,301 - root - INFO - _step: 2, unknown2: 0,
2021-10-19 20:23:53,301 - root - INFO - BPP: 16, Transparency: False
2021-10-19 20:23:53,744 - root - INFO - Resource 3 offset: 522168, length: 7576...
2021-10-19 20:23:53,747 - root - DEBUG - Reading resource 3...
2021-10-19 20:23:53,747 - root - INFO - The image is bmc.
2021-10-19 20:23:53,747 - root - INFO - Reading image header(readHeader16C)...
2021-10-19 20:23:53,747 - root - INFO - Image header was read:
2021-10-19 20:23:53,747 - root - INFO - Width: 42, Height: 60, RowLength: 126
2021-10-19 20:23:53,747 - root - INFO - _step: 3, unknown2: 0,
2021-10-19 20:23:53,747 - root - INFO - BPP: 24, Transparency: False
2021-10-19 20:23:53,752 - root - INFO - Resource 4 offset: 529744, length: 7576...
2021-10-19 20:23:53,752 - root - DEBUG - Reading resource 4...
2021-10-19 20:23:53,752 - root - INFO - The image is bmc.
2021-10-19 20:23:53,752 - root - INFO - Reading image header(readHeader16C)...
2021-10-19 20:23:53,752 - root - INFO - Image header was read:
2021-10-19 20:23:53,752 - root - INFO - Width: 42, Height: 60, RowLength: 126
2021-10-19 20:23:53,752 - root - INFO - _step: 3, unknown2: 0,
2021-10-19 20:23:53,752 - root - INFO - BPP: 24, Transparency: False
2021-10-19 20:23:53,767 - root - INFO - Resource 5 offset: 537320, length: 7576...
2021-10-19 20:23:53,767 - root - DEBUG - Reading resource 5...
2021-10-19 20:23:53,767 - root - INFO - The image is bmc.
2021-10-19 20:23:53,767 - root - INFO - Reading image header(readHeader16C)...
2021-10-19 20:23:53,767 - root - INFO - Image header was read:
2021-10-19 20:23:53,767 - root - INFO - Width: 42, Height: 60, RowLength: 126
2021-10-19 20:23:53,767 - root - INFO - _step: 3, unknown2: 0,
2021-10-19 20:23:53,767 - root - INFO - BPP: 24, Transparency: False
2021-10-19 20:23:53,778 - root - INFO - Resource 6 offset: 544896, length: 7576...
2021-10-19 20:23:53,778 - root - DEBUG - Reading resource 6...
2021-10-19 20:23:53,778 - root - INFO - The image is bmc.
2021-10-19 20:23:53,778 - root - INFO - Reading image header(readHeader16C)...
2021-10-19 20:23:53,778 - root - INFO - Image header was read:
2021-10-19 20:23:53,778 - root - INFO - Width: 42, Height: 60, RowLength: 126
2021-10-19 20:23:53,778 - root - INFO - _step: 3, unknown2: 0,
2021-10-19 20:23:53,778 - root - INFO - BPP: 24, Transparency: False
2021-10-19 20:23:53,787 - root - INFO - Resource 7 offset: 552472, length: 7576...
2021-10-19 20:23:53,787 - root - DEBUG - Reading resource 7...
2021-10-19 20:23:53,787 - root - INFO - The image is bmc.
2021-10-19 20:23:53,787 - root - INFO - Reading image header(readHeader16C)...
2021-10-19 20:23:53,787 - root - INFO - Image header was read:
2021-10-19 20:23:53,787 - root - INFO - Width: 42, Height: 60, RowLength: 126
2021-10-19 20:23:53,787 - root - INFO - _step: 3, unknown2: 0,
2021-10-19 20:23:53,787 - root - INFO - BPP: 24, Transparency: False
2021-10-19 20:23:53,794 - root - INFO - Resource 8 offset: 560048, length: 7576...
2021-10-19 20:23:53,794 - root - DEBUG - Reading resource 8...
2021-10-19 20:23:53,794 - root - INFO - The image is bmc.
2021-10-19 20:23:53,794 - root - INFO - Reading image header(readHeader16C)...
2021-10-19 20:23:53,794 - root - INFO - Image header was read:
2021-10-19 20:23:53,794 - root - INFO - Width: 42, Height: 60, RowLength: 126
2021-10-19 20:23:53,794 - root - INFO - _step: 3, unknown2: 0,
2021-10-19 20:23:53,794 - root - INFO - BPP: 24, Transparency: False
2021-10-19 20:23:53,812 - root - INFO - Resource 9 offset: 567624, length: 7576...
2021-10-19 20:23:53,812 - root - DEBUG - Reading resource 9...
2021-10-19 20:23:53,812 - root - INFO - The image is bmc.
2021-10-19 20:23:53,812 - root - INFO - Reading image header(readHeader16C)...
2021-10-19 20:23:53,812 - root - INFO - Image header was read:
2021-10-19 20:23:53,812 - root - INFO - Width: 42, Height: 60, RowLength: 126
2021-10-19 20:23:53,812 - root - INFO - _step: 3, unknown2: 0,
2021-10-19 20:23:53,812 - root - INFO - BPP: 24, Transparency: False
2021-10-19 20:23:53,822 - root - INFO - Resource 10 offset: 575200, length: 7576...
2021-10-19 20:23:53,822 - root - DEBUG - Reading resource 10...
2021-10-19 20:23:53,822 - root - INFO - The image is bmc.
2021-10-19 20:23:53,822 - root - INFO - Reading image header(readHeader16C)...
2021-10-19 20:23:53,822 - root - INFO - Image header was read:
2021-10-19 20:23:53,822 - root - INFO - Width: 42, Height: 60, RowLength: 126
2021-10-19 20:23:53,822 - root - INFO - _step: 3, unknown2: 0,
2021-10-19 20:23:53,822 - root - INFO - BPP: 24, Transparency: False
2021-10-19 20:23:53,832 - root - INFO - Resource 11 offset: 582776, length: 7576...
2021-10-19 20:23:53,832 - root - DEBUG - Reading resource 11...
2021-10-19 20:23:53,832 - root - INFO - The image is bmc.
2021-10-19 20:23:53,832 - root - INFO - Reading image header(readHeader16C)...
2021-10-19 20:23:53,832 - root - INFO - Image header was read:
2021-10-19 20:23:53,832 - root - INFO - Width: 42, Height: 60, RowLength: 126
2021-10-19 20:23:53,832 - root - INFO - _step: 3, unknown2: 0,
2021-10-19 20:23:53,832 - root - INFO - BPP: 24, Transparency: False
2021-10-19 20:23:53,842 - root - INFO - Resource 12 offset: 590352, length: 7576...
2021-10-19 20:23:53,842 - root - DEBUG - Reading resource 12...
2021-10-19 20:23:53,842 - root - INFO - The image is bmc.
2021-10-19 20:23:53,842 - root - INFO - Reading image header(readHeader16C)...
2021-10-19 20:23:53,842 - root - INFO - Image header was read:
2021-10-19 20:23:53,842 - root - INFO - Width: 42, Height: 60, RowLength: 126
2021-10-19 20:23:53,842 - root - INFO - _step: 3, unknown2: 0,
2021-10-19 20:23:53,842 - root - INFO - BPP: 24, Transparency: False
2021-10-19 20:23:53,852 - root - INFO - Resource 13 offset: 597928, length: 1906...
2021-10-19 20:23:53,852 - root - DEBUG - Reading resource 13...
2021-10-19 20:23:53,852 - root - INFO - The image is bmc.
2021-10-19 20:23:53,852 - root - INFO - Reading image header(readHeader16C)...
2021-10-19 20:23:53,852 - root - INFO - Image header was read:
2021-10-19 20:23:53,852 - root - INFO - Width: 21, Height: 30, RowLength: 63
2021-10-19 20:23:53,852 - root - INFO - _step: 3, unknown2: 0,
2021-10-19 20:23:53,852 - root - INFO - BPP: 24, Transparency: False
2021-10-19 20:23:53,852 - root - INFO - Resource 14 offset: 599834, length: 1906...
2021-10-19 20:23:53,852 - root - DEBUG - Reading resource 14...
2021-10-19 20:23:53,852 - root - INFO - The image is bmc.
2021-10-19 20:23:53,852 - root - INFO - Reading image header(readHeader16C)...
2021-10-19 20:23:53,852 - root - INFO - Image header was read:
2021-10-19 20:23:53,852 - root - INFO - Width: 21, Height: 30, RowLength: 63
2021-10-19 20:23:53,852 - root - INFO - _step: 3, unknown2: 0,
2021-10-19 20:23:53,852 - root - INFO - BPP: 24, Transparency: False
2021-10-19 20:23:53,862 - root - INFO - Resource 15 offset: 601740, length: 1906...
2021-10-19 20:23:53,862 - root - DEBUG - Reading resource 15...
2021-10-19 20:23:53,862 - root - INFO - The image is bmc.
2021-10-19 20:23:53,862 - root - INFO - Reading image header(readHeader16C)...
2021-10-19 20:23:53,862 - root - INFO - Image header was read:
2021-10-19 20:23:53,862 - root - INFO - Width: 21, Height: 30, RowLength: 63
2021-10-19 20:23:53,862 - root - INFO - _step: 3, unknown2: 0,
2021-10-19 20:23:53,862 - root - INFO - BPP: 24, Transparency: False
2021-10-19 20:23:53,862 - root - INFO - Resource 16 offset: 603646, length: 1906...
2021-10-19 20:23:53,862 - root - DEBUG - Reading resource 16...
2021-10-19 20:23:53,862 - root - INFO - The image is bmc.
2021-10-19 20:23:53,862 - root - INFO - Reading image header(readHeader16C)...
2021-10-19 20:23:53,862 - root - INFO - Image header was read:
2021-10-19 20:23:53,862 - root - INFO - Width: 21, Height: 30, RowLength: 63
2021-10-19 20:23:53,862 - root - INFO - _step: 3, unknown2: 0,
2021-10-19 20:23:53,862 - root - INFO - BPP: 24, Transparency: False
2021-10-19 20:23:53,862 - root - INFO - Resource 17 offset: 605552, length: 1906...
2021-10-19 20:23:53,862 - root - DEBUG - Reading resource 17...
2021-10-19 20:23:53,862 - root - INFO - The image is bmc.
2021-10-19 20:23:53,862 - root - INFO - Reading image header(readHeader16C)...
2021-10-19 20:23:53,862 - root - INFO - Image header was read:
2021-10-19 20:23:53,862 - root - INFO - Width: 21, Height: 30, RowLength: 63
2021-10-19 20:23:53,862 - root - INFO - _step: 3, unknown2: 0,
2021-10-19 20:23:53,862 - root - INFO - BPP: 24, Transparency: False
2021-10-19 20:23:53,872 - root - INFO - Resource 18 offset: 607458, length: 1906...
2021-10-19 20:23:53,872 - root - DEBUG - Reading resource 18...
2021-10-19 20:23:53,872 - root - INFO - The image is bmc.
2021-10-19 20:23:53,872 - root - INFO - Reading image header(readHeader16C)...
2021-10-19 20:23:53,872 - root - INFO - Image header was read:
2021-10-19 20:23:53,872 - root - INFO - Width: 21, Height: 30, RowLength: 63
2021-10-19 20:23:53,872 - root - INFO - _step: 3, unknown2: 0,
2021-10-19 20:23:53,872 - root - INFO - BPP: 24, Transparency: False
2021-10-19 20:23:53,872 - root - INFO - Resource 19 offset: 609364, length: 1906...
2021-10-19 20:23:53,872 - root - DEBUG - Reading resource 19...
2021-10-19 20:23:53,872 - root - INFO - The image is bmc.
2021-10-19 20:23:53,872 - root - INFO - Reading image header(readHeader16C)...
2021-10-19 20:23:53,872 - root - INFO - Image header was read:
2021-10-19 20:23:53,872 - root - INFO - Width: 21, Height: 30, RowLength: 63
2021-10-19 20:23:53,872 - root - INFO - _step: 3, unknown2: 0,
2021-10-19 20:23:53,872 - root - INFO - BPP: 24, Transparency: False
2021-10-19 20:23:53,882 - root - INFO - Resource 20 offset: 611270, length: 1906...
2021-10-19 20:23:53,882 - root - DEBUG - Reading resource 20...
2021-10-19 20:23:53,882 - root - INFO - The image is bmc.
2021-10-19 20:23:53,882 - root - INFO - Reading image header(readHeader16C)...
2021-10-19 20:23:53,882 - root - INFO - Image header was read:
2021-10-19 20:23:53,882 - root - INFO - Width: 21, Height: 30, RowLength: 63
2021-10-19 20:23:53,882 - root - INFO - _step: 3, unknown2: 0,
2021-10-19 20:23:53,882 - root - INFO - BPP: 24, Transparency: False
2021-10-19 20:23:53,882 - root - INFO - Resource 21 offset: 613176, length: 1906...
2021-10-19 20:23:53,882 - root - DEBUG - Reading resource 21...
2021-10-19 20:23:53,882 - root - INFO - The image is bmc.
2021-10-19 20:23:53,882 - root - INFO - Reading image header(readHeader16C)...
2021-10-19 20:23:53,882 - root - INFO - Image header was read:
2021-10-19 20:23:53,882 - root - INFO - Width: 21, Height: 30, RowLength: 63
2021-10-19 20:23:53,882 - root - INFO - _step: 3, unknown2: 0,
2021-10-19 20:23:53,882 - root - INFO - BPP: 24, Transparency: False
2021-10-19 20:23:53,882 - root - INFO - Resource 22 offset: 615082, length: 1906...
2021-10-19 20:23:53,882 - root - DEBUG - Reading resource 22...
2021-10-19 20:23:53,882 - root - INFO - The image is bmc.
2021-10-19 20:23:53,882 - root - INFO - Reading image header(readHeader16C)...
2021-10-19 20:23:53,882 - root - INFO - Image header was read:
2021-10-19 20:23:53,882 - root - INFO - Width: 21, Height: 30, RowLength: 63
2021-10-19 20:23:53,882 - root - INFO - _step: 3, unknown2: 0,
2021-10-19 20:23:53,882 - root - INFO - BPP: 24, Transparency: False
2021-10-19 20:23:53,892 - root - INFO - Resource 23 offset: 616988, length: 3976...
2021-10-19 20:23:53,892 - root - DEBUG - Reading resource 23...
2021-10-19 20:23:53,892 - root - INFO - The image is bmc.
2021-10-19 20:23:53,892 - root - INFO - Reading image header(readHeader16C)...
2021-10-19 20:23:53,892 - root - INFO - Image header was read:
2021-10-19 20:23:53,892 - root - INFO - Width: 60, Height: 22, RowLength: 180
2021-10-19 20:23:53,892 - root - INFO - _step: 3, unknown2: 0,
2021-10-19 20:23:53,892 - root - INFO - BPP: 24, Transparency: False
2021-10-19 20:23:53,892 - root - INFO - Resource 24 offset: 620964, length: 3976...
2021-10-19 20:23:53,892 - root - DEBUG - Reading resource 24...
2021-10-19 20:23:53,892 - root - INFO - The image is bmc.
2021-10-19 20:23:53,892 - root - INFO - Reading image header(readHeader16C)...
2021-10-19 20:23:53,892 - root - INFO - Image header was read:
2021-10-19 20:23:53,892 - root - INFO - Width: 60, Height: 22, RowLength: 180
2021-10-19 20:23:53,892 - root - INFO - _step: 3, unknown2: 0,
2021-10-19 20:23:53,892 - root - INFO - BPP: 24, Transparency: False
2021-10-19 20:23:53,902 - root - INFO - Resource 25 offset: 624940, length: 3976...
2021-10-19 20:23:53,902 - root - DEBUG - Reading resource 25...
2021-10-19 20:23:53,902 - root - INFO - The image is bmc.
2021-10-19 20:23:53,902 - root - INFO - Reading image header(readHeader16C)...
2021-10-19 20:23:53,902 - root - INFO - Image header was read:
2021-10-19 20:23:53,902 - root - INFO - Width: 60, Height: 22, RowLength: 180
2021-10-19 20:23:53,902 - root - INFO - _step: 3, unknown2: 0,
2021-10-19 20:23:53,902 - root - INFO - BPP: 24, Transparency: False
2021-10-19 20:23:53,912 - root - INFO - Resource 26 offset: 628916, length: 3976...
2021-10-19 20:23:53,912 - root - DEBUG - Reading resource 26...
2021-10-19 20:23:53,912 - root - INFO - The image is bmc.
2021-10-19 20:23:53,912 - root - INFO - Reading image header(readHeader16C)...
2021-10-19 20:23:53,912 - root - INFO - Image header was read:
2021-10-19 20:23:53,912 - root - INFO - Width: 60, Height: 22, RowLength: 180
2021-10-19 20:23:53,912 - root - INFO - _step: 3, unknown2: 0,
2021-10-19 20:23:53,912 - root - INFO - BPP: 24, Transparency: False
2021-10-19 20:23:53,912 - root - INFO - Resource 27 offset: 632892, length: 3976...
2021-10-19 20:23:53,912 - root - DEBUG - Reading resource 27...
2021-10-19 20:23:53,912 - root - INFO - The image is bmc.
2021-10-19 20:23:53,912 - root - INFO - Reading image header(readHeader16C)...
2021-10-19 20:23:53,912 - root - INFO - Image header was read:
2021-10-19 20:23:53,912 - root - INFO - Width: 60, Height: 22, RowLength: 180
2021-10-19 20:23:53,912 - root - INFO - _step: 3, unknown2: 0,
2021-10-19 20:23:53,912 - root - INFO - BPP: 24, Transparency: False
2021-10-19 20:23:53,922 - root - INFO - Resource 28 offset: 636868, length: 3976...
2021-10-19 20:23:53,922 - root - DEBUG - Reading resource 28...
2021-10-19 20:23:53,922 - root - INFO - The image is bmc.
2021-10-19 20:23:53,922 - root - INFO - Reading image header(readHeader16C)...
2021-10-19 20:23:53,922 - root - INFO - Image header was read:
2021-10-19 20:23:53,922 - root - INFO - Width: 60, Height: 22, RowLength: 180
2021-10-19 20:23:53,922 - root - INFO - _step: 3, unknown2: 0,
2021-10-19 20:23:53,922 - root - INFO - BPP: 24, Transparency: False
2021-10-19 20:23:53,932 - root - INFO - Resource 29 offset: 640844, length: 3976...
2021-10-19 20:23:53,932 - root - DEBUG - Reading resource 29...
2021-10-19 20:23:53,932 - root - INFO - The image is bmc.
2021-10-19 20:23:53,932 - root - INFO - Reading image header(readHeader16C)...
2021-10-19 20:23:53,932 - root - INFO - Image header was read:
2021-10-19 20:23:53,932 - root - INFO - Width: 60, Height: 22, RowLength: 180
2021-10-19 20:23:53,932 - root - INFO - _step: 3, unknown2: 0,
2021-10-19 20:23:53,932 - root - INFO - BPP: 24, Transparency: False
2021-10-19 20:23:53,932 - root - INFO - Resource 30 offset: 644820, length: 3976...
2021-10-19 20:23:53,932 - root - DEBUG - Reading resource 30...
2021-10-19 20:23:53,932 - root - INFO - The image is bmc.
2021-10-19 20:23:53,932 - root - INFO - Reading image header(readHeader16C)...
2021-10-19 20:23:53,932 - root - INFO - Image header was read:
2021-10-19 20:23:53,932 - root - INFO - Width: 60, Height: 22, RowLength: 180
2021-10-19 20:23:53,932 - root - INFO - _step: 3, unknown2: 0,
2021-10-19 20:23:53,932 - root - INFO - BPP: 24, Transparency: False
2021-10-19 20:23:53,942 - root - INFO - Resource 31 offset: 648796, length: 3976...
2021-10-19 20:23:53,942 - root - DEBUG - Reading resource 31...
2021-10-19 20:23:53,942 - root - INFO - The image is bmc.
2021-10-19 20:23:53,942 - root - INFO - Reading image header(readHeader16C)...
2021-10-19 20:23:53,942 - root - INFO - Image header was read:
2021-10-19 20:23:53,942 - root - INFO - Width: 60, Height: 22, RowLength: 180
2021-10-19 20:23:53,942 - root - INFO - _step: 3, unknown2: 0,
2021-10-19 20:23:53,942 - root - INFO - BPP: 24, Transparency: False
2021-10-19 20:23:53,952 - root - INFO - Resource 32 offset: 652772, length: 3976...
2021-10-19 20:23:53,952 - root - DEBUG - Reading resource 32...
2021-10-19 20:23:53,952 - root - INFO - The image is bmc.
2021-10-19 20:23:53,952 - root - INFO - Reading image header(readHeader16C)...
2021-10-19 20:23:53,952 - root - INFO - Image header was read:
2021-10-19 20:23:53,952 - root - INFO - Width: 60, Height: 22, RowLength: 180
2021-10-19 20:23:53,952 - root - INFO - _step: 3, unknown2: 0,
2021-10-19 20:23:53,952 - root - INFO - BPP: 24, Transparency: False
2021-10-19 20:23:53,952 - root - INFO - Resource 33 offset: 656748, length: 3976...
2021-10-19 20:23:53,952 - root - DEBUG - Reading resource 33...
2021-10-19 20:23:53,952 - root - INFO - The image is bmc.
2021-10-19 20:23:53,952 - root - INFO - Reading image header(readHeader16C)...
2021-10-19 20:23:53,952 - root - INFO - Image header was read:
2021-10-19 20:23:53,952 - root - INFO - Width: 60, Height: 22, RowLength: 180
2021-10-19 20:23:53,952 - root - INFO - _step: 3, unknown2: 0,
2021-10-19 20:23:53,952 - root - INFO - BPP: 24, Transparency: False
2021-10-19 20:23:53,962 - root - INFO - Resource 34 offset: 660724, length: 3976...
2021-10-19 20:23:53,962 - root - DEBUG - Reading resource 34...
2021-10-19 20:23:53,962 - root - INFO - The image is bmc.
2021-10-19 20:23:53,962 - root - INFO - Reading image header(readHeader16C)...
2021-10-19 20:23:53,962 - root - INFO - Image header was read:
2021-10-19 20:23:53,962 - root - INFO - Width: 60, Height: 22, RowLength: 180
2021-10-19 20:23:53,962 - root - INFO - _step: 3, unknown2: 0,
2021-10-19 20:23:53,962 - root - INFO - BPP: 24, Transparency: False
2021-10-19 20:23:53,978 - root - INFO - Resource 35 offset: 664700, length: 3976...
2021-10-19 20:23:53,978 - root - DEBUG - Reading resource 35...
2021-10-19 20:23:53,978 - root - INFO - The image is bmc.
2021-10-19 20:23:53,978 - root - INFO - Reading image header(readHeader16C)...
2021-10-19 20:23:53,978 - root - INFO - Image header was read:
2021-10-19 20:23:53,978 - root - INFO - Width: 60, Height: 22, RowLength: 180
2021-10-19 20:23:53,978 - root - INFO - _step: 3, unknown2: 0,
2021-10-19 20:23:53,978 - root - INFO - BPP: 24, Transparency: False
2021-10-19 20:23:53,982 - root - INFO - Resource 36 offset: 668676, length: 3976...
2021-10-19 20:23:53,982 - root - DEBUG - Reading resource 36...
2021-10-19 20:23:53,982 - root - INFO - The image is bmc.
2021-10-19 20:23:53,982 - root - INFO - Reading image header(readHeader16C)...
2021-10-19 20:23:53,982 - root - INFO - Image header was read:
2021-10-19 20:23:53,982 - root - INFO - Width: 60, Height: 22, RowLength: 180
2021-10-19 20:23:53,982 - root - INFO - _step: 3, unknown2: 0,
2021-10-19 20:23:53,982 - root - INFO - BPP: 24, Transparency: False
2021-10-19 20:23:53,994 - root - INFO - Resource 37 offset: 672652, length: 3976...
2021-10-19 20:23:53,994 - root - DEBUG - Reading resource 37...
2021-10-19 20:23:53,994 - root - INFO - The image is bmc.
2021-10-19 20:23:53,994 - root - INFO - Reading image header(readHeader16C)...
2021-10-19 20:23:53,994 - root - INFO - Image header was read:
2021-10-19 20:23:53,994 - root - INFO - Width: 60, Height: 22, RowLength: 180
2021-10-19 20:23:53,994 - root - INFO - _step: 3, unknown2: 0,
2021-10-19 20:23:53,994 - root - INFO - BPP: 24, Transparency: False
2021-10-19 20:23:53,994 - root - INFO - Resource 38 offset: 676628, length: 3976...
2021-10-19 20:23:53,994 - root - DEBUG - Reading resource 38...
2021-10-19 20:23:53,994 - root - INFO - The image is bmc.
2021-10-19 20:23:53,994 - root - INFO - Reading image header(readHeader16C)...
2021-10-19 20:23:54,002 - root - INFO - Image header was read:
2021-10-19 20:23:54,002 - root - INFO - Width: 60, Height: 22, RowLength: 180
2021-10-19 20:23:54,002 - root - INFO - _step: 3, unknown2: 0,
2021-10-19 20:23:54,002 - root - INFO - BPP: 24, Transparency: False
2021-10-19 20:23:54,002 - root - INFO - Resource 39 offset: 680604, length: 3976...
2021-10-19 20:23:54,002 - root - DEBUG - Reading resource 39...
2021-10-19 20:23:54,002 - root - INFO - The image is bmc.
2021-10-19 20:23:54,002 - root - INFO - Reading image header(readHeader16C)...
2021-10-19 20:23:54,002 - root - INFO - Image header was read:
2021-10-19 20:23:54,002 - root - INFO - Width: 60, Height: 22, RowLength: 180
2021-10-19 20:23:54,002 - root - INFO - _step: 3, unknown2: 0,
2021-10-19 20:23:54,002 - root - INFO - BPP: 24, Transparency: False
2021-10-19 20:23:54,012 - root - INFO - Resource 40 offset: 684580, length: 3976...
2021-10-19 20:23:54,012 - root - DEBUG - Reading resource 40...
2021-10-19 20:23:54,012 - root - INFO - The image is bmc.
2021-10-19 20:23:54,012 - root - INFO - Reading image header(readHeader16C)...
2021-10-19 20:23:54,012 - root - INFO - Image header was read:
2021-10-19 20:23:54,012 - root - INFO - Width: 60, Height: 22, RowLength: 180
2021-10-19 20:23:54,012 - root - INFO - _step: 3, unknown2: 0,
2021-10-19 20:23:54,012 - root - INFO - BPP: 24, Transparency: False
2021-10-19 20:23:54,012 - root - INFO - Resource 41 offset: 688556, length: 3976...
2021-10-19 20:23:54,012 - root - DEBUG - Reading resource 41...
2021-10-19 20:23:54,012 - root - INFO - The image is bmc.
2021-10-19 20:23:54,012 - root - INFO - Reading image header(readHeader16C)...
2021-10-19 20:23:54,012 - root - INFO - Image header was read:
2021-10-19 20:23:54,012 - root - INFO - Width: 60, Height: 22, RowLength: 180
2021-10-19 20:23:54,012 - root - INFO - _step: 3, unknown2: 0,
2021-10-19 20:23:54,012 - root - INFO - BPP: 24, Transparency: False
2021-10-19 20:23:54,022 - root - INFO - Resource 42 offset: 692532, length: 3976...
2021-10-19 20:23:54,022 - root - DEBUG - Reading resource 42...
2021-10-19 20:23:54,022 - root - INFO - The image is bmc.
2021-10-19 20:23:54,022 - root - INFO - Reading image header(readHeader16C)...
2021-10-19 20:23:54,022 - root - INFO - Image header was read:
2021-10-19 20:23:54,022 - root - INFO - Width: 60, Height: 22, RowLength: 180
2021-10-19 20:23:54,022 - root - INFO - _step: 3, unknown2: 0,
2021-10-19 20:23:54,022 - root - INFO - BPP: 24, Transparency: False
2021-10-19 20:23:54,032 - root - INFO - Resource 43 offset: 696508, length: 3976...
2021-10-19 20:23:54,032 - root - DEBUG - Reading resource 43...
2021-10-19 20:23:54,032 - root - INFO - The image is bmc.
2021-10-19 20:23:54,032 - root - INFO - Reading image header(readHeader16C)...
2021-10-19 20:23:54,032 - root - INFO - Image header was read:
2021-10-19 20:23:54,032 - root - INFO - Width: 60, Height: 22, RowLength: 180
2021-10-19 20:23:54,032 - root - INFO - _step: 3, unknown2: 0,
2021-10-19 20:23:54,032 - root - INFO - BPP: 24, Transparency: False
2021-10-19 20:23:54,042 - root - INFO - Resource 44 offset: 700484, length: 3976...
2021-10-19 20:23:54,042 - root - DEBUG - Reading resource 44...
2021-10-19 20:23:54,042 - root - INFO - The image is bmc.
2021-10-19 20:23:54,042 - root - INFO - Reading image header(readHeader16C)...
2021-10-19 20:23:54,042 - root - INFO - Image header was read:
2021-10-19 20:23:54,042 - root - INFO - Width: 60, Height: 22, RowLength: 180
2021-10-19 20:23:54,042 - root - INFO - _step: 3, unknown2: 0,
2021-10-19 20:23:54,042 - root - INFO - BPP: 24, Transparency: False
2021-10-19 20:23:54,042 - root - INFO - Resource 45 offset: 704460, length: 3976...
2021-10-19 20:23:54,042 - root - DEBUG - Reading resource 45...
2021-10-19 20:23:54,042 - root - INFO - The image is bmc.
2021-10-19 20:23:54,042 - root - INFO - Reading image header(readHeader16C)...
2021-10-19 20:23:54,042 - root - INFO - Image header was read:
2021-10-19 20:23:54,042 - root - INFO - Width: 60, Height: 22, RowLength: 180
2021-10-19 20:23:54,042 - root - INFO - _step: 3, unknown2: 0,
2021-10-19 20:23:54,042 - root - INFO - BPP: 24, Transparency: False
2021-10-19 20:23:54,052 - root - INFO - Resource 46 offset: 708436, length: 3976...
2021-10-19 20:23:54,052 - root - DEBUG - Reading resource 46...
2021-10-19 20:23:54,052 - root - INFO - The image is bmc.
2021-10-19 20:23:54,052 - root - INFO - Reading image header(readHeader16C)...
2021-10-19 20:23:54,052 - root - INFO - Image header was read:
2021-10-19 20:23:54,052 - root - INFO - Width: 60, Height: 22, RowLength: 180
2021-10-19 20:23:54,052 - root - INFO - _step: 3, unknown2: 0,
2021-10-19 20:23:54,052 - root - INFO - BPP: 24, Transparency: False
2021-10-19 20:23:54,062 - root - INFO - Resource 47 offset: 712412, length: 2788...
2021-10-19 20:23:54,062 - root - DEBUG - Reading resource 47...
2021-10-19 20:23:54,062 - root - INFO - The image is bmc.
2021-10-19 20:23:54,062 - root - INFO - Reading image header(readHeader16C)...
2021-10-19 20:23:54,062 - root - INFO - Image header was read:
2021-10-19 20:23:54,062 - root - INFO - Width: 42, Height: 22, RowLength: 126
2021-10-19 20:23:54,062 - root - INFO - _step: 3, unknown2: 0,
2021-10-19 20:23:54,062 - root - INFO - BPP: 24, Transparency: False
2021-10-19 20:23:54,062 - root - INFO - Resource 48 offset: 715200, length: 2788...
2021-10-19 20:23:54,062 - root - DEBUG - Reading resource 48...
2021-10-19 20:23:54,062 - root - INFO - The image is bmc.
2021-10-19 20:23:54,062 - root - INFO - Reading image header(readHeader16C)...
2021-10-19 20:23:54,062 - root - INFO - Image header was read:
2021-10-19 20:23:54,062 - root - INFO - Width: 42, Height: 22, RowLength: 126
2021-10-19 20:23:54,062 - root - INFO - _step: 3, unknown2: 0,
2021-10-19 20:23:54,062 - root - INFO - BPP: 24, Transparency: False
2021-10-19 20:23:54,062 - root - INFO - Resource 49 offset: 717988, length: 2788...
2021-10-19 20:23:54,062 - root - DEBUG - Reading resource 49...
2021-10-19 20:23:54,062 - root - INFO - The image is bmc.
2021-10-19 20:23:54,062 - root - INFO - Reading image header(readHeader16C)...
2021-10-19 20:23:54,062 - root - INFO - Image header was read:
2021-10-19 20:23:54,072 - root - INFO - Width: 42, Height: 22, RowLength: 126
2021-10-19 20:23:54,072 - root - INFO - _step: 3, unknown2: 0,
2021-10-19 20:23:54,072 - root - INFO - BPP: 24, Transparency: False
2021-10-19 20:23:54,072 - root - INFO - Resource 50 offset: 720776, length: 2788...
2021-10-19 20:23:54,072 - root - DEBUG - Reading resource 50...
2021-10-19 20:23:54,072 - root - INFO - The image is bmc.
2021-10-19 20:23:54,072 - root - INFO - Reading image header(readHeader16C)...
2021-10-19 20:23:54,072 - root - INFO - Image header was read:
2021-10-19 20:23:54,072 - root - INFO - Width: 42, Height: 22, RowLength: 126
2021-10-19 20:23:54,072 - root - INFO - _step: 3, unknown2: 0,
2021-10-19 20:23:54,072 - root - INFO - BPP: 24, Transparency: False
2021-10-19 20:23:54,072 - root - DEBUG - Parsing parameters...
2021-10-19 20:23:54,142 - root - DEBUG - 0 Value: None
2021-10-19 20:23:54,142 - root - DEBUG - 0.1 Value: 73
2021-10-19 20:23:54,142 - root - DEBUG - 2 Value: None
2021-10-19 20:23:54,142 - root - DEBUG - 2.1 Value: None
2021-10-19 20:23:54,142 - root - DEBUG - 2.1.1 Value: 0
2021-10-19 20:23:54,142 - root - DEBUG - 2.1.2 Value: 0
2021-10-19 20:23:54,142 - root - DEBUG - 2.1.3 Value: 2
2021-10-19 20:23:54,142 - root - DEBUG - 2.3 Value: None
2021-10-19 20:23:54,142 - root - DEBUG - 2.3.1 Value: 0
2021-10-19 20:23:54,142 - root - DEBUG - 2.3.2 Value: 0
2021-10-19 20:23:54,142 - root - DEBUG - 2.3.3 Value: 1
2021-10-19 20:23:54,142 - root - DEBUG - 2.4 Value: None
2021-10-19 20:23:54,142 - root - DEBUG - 2.4.1 Value: 0
2021-10-19 20:23:54,142 - root - DEBUG - 2.4.2 Value: 0
2021-10-19 20:23:54,142 - root - DEBUG - 2.4.3 Value: 0
2021-10-19 20:23:54,142 - root - DEBUG - 2.5 Value: None
2021-10-19 20:23:54,142 - root - DEBUG - 2.5.1 Value: 0
2021-10-19 20:23:54,142 - root - DEBUG - 2.5.2 Value: 0
2021-10-19 20:23:54,142 - root - DEBUG - 2.5.3 Value: 0
2021-10-19 20:23:54,142 - root - DEBUG - 3 Value: None
2021-10-19 20:23:54,142 - root - DEBUG - 3.1 Value: None
2021-10-19 20:23:54,142 - root - DEBUG - 3.1.1 Value: None
2021-10-19 20:23:54,142 - root - DEBUG - 3.1.1.1 Value: None
2021-10-19 20:23:54,142 - root - DEBUG - 3.1.1.1.1 Value: 28
2021-10-19 20:23:54,142 - root - DEBUG - 3.1.1.1.2 Value: 194
2021-10-19 20:23:54,142 - root - DEBUG - 3.1.1.1.3 Value: 3
2021-10-19 20:23:54,142 - root - DEBUG - 3.1.1.1.4 Value: 10
2021-10-19 20:23:54,142 - root - DEBUG - 3.1.1.2 Value: None
2021-10-19 20:23:54,142 - root - DEBUG - 3.1.1.2.1 Value: 74
2021-10-19 20:23:54,142 - root - DEBUG - 3.1.1.2.2 Value: 194
2021-10-19 20:23:54,142 - root - DEBUG - 3.1.1.2.3 Value: 3
2021-10-19 20:23:54,142 - root - DEBUG - 3.1.1.2.4 Value: 10
2021-10-19 20:23:54,142 - root - DEBUG - 3.1.2 Value: None
2021-10-19 20:23:54,142 - root - DEBUG - 3.1.2.1 Value: None
2021-10-19 20:23:54,142 - root - DEBUG - 3.1.2.1.1 Value: 28
2021-10-19 20:23:54,142 - root - DEBUG - 3.1.2.1.2 Value: 266
2021-10-19 20:23:54,142 - root - DEBUG - 3.1.2.1.3 Value: 3
2021-10-19 20:23:54,142 - root - DEBUG - 3.1.2.1.4 Value: 10
2021-10-19 20:23:54,142 - root - DEBUG - 3.1.2.2 Value: None
2021-10-19 20:23:54,142 - root - DEBUG - 3.1.2.2.1 Value: 74
2021-10-19 20:23:54,142 - root - DEBUG - 3.1.2.2.2 Value: 266
2021-10-19 20:23:54,142 - root - DEBUG - 3.1.2.2.3 Value: 3
2021-10-19 20:23:54,142 - root - DEBUG - 3.1.2.2.4 Value: 10
2021-10-19 20:23:54,142 - root - DEBUG - 3.1.7 Value: 0
2021-10-19 20:23:54,142 - root - DEBUG - 3.1.8 Value: 1
2021-10-19 20:23:54,142 - root - DEBUG - 5 Value: None
2021-10-19 20:23:54,142 - root - DEBUG - 5.1 Value: None
2021-10-19 20:23:54,142 - root - DEBUG - 5.1.9 Value: None
2021-10-19 20:23:54,142 - root - DEBUG - 5.1.9.3 Value: None
2021-10-19 20:23:54,142 - root - DEBUG - 5.1.9.3.1 Value: 233
2021-10-19 20:23:54,142 - root - DEBUG - 5.1.9.3.2 Value: 24
2021-10-19 20:23:54,142 - root - DEBUG - 5.1.9.3.3 Value: 276
2021-10-19 20:23:54,152 - root - DEBUG - 5.1.9.3.4 Value: 54
2021-10-19 20:23:54,152 - root - DEBUG - 5.1.9.3.5 Value: 18
2021-10-19 20:23:54,152 - root - DEBUG - 5.1.9.3.6 Value: 1
2021-10-19 20:23:54,152 - root - DEBUG - 5.1.9.3.7 Value: 0
2021-10-19 20:23:54,152 - root - DEBUG - 5.1.9.3.8 Value: 13
2021-10-19 20:23:54,152 - root - DEBUG - 5.1.9.3.9 Value: 10
2021-10-19 20:23:54,152 - root - DEBUG - 5.1.9.4 Value: 0
2021-10-19 20:23:54,152 - root - DEBUG - 5.1.9.5 Value: 0
2021-10-19 20:23:54,152 - root - DEBUG - 5.1.9.6 Value: None
2021-10-19 20:23:54,152 - root - DEBUG - 5.1.9.6.1 Value: 216
2021-10-19 20:23:54,152 - root - DEBUG - 5.1.9.6.2 Value: 60
2021-10-19 20:23:54,152 - root - DEBUG - 5.1.9.6.3 Value: 23
2021-10-19 20:23:54,152 - root - DEBUG - 5.1.9.6.4 Value: 12
2021-10-19 20:23:54,152 - root - DEBUG - 5.1.9.7 Value: None
2021-10-19 20:23:54,152 - root - DEBUG - 5.1.9.7.1 Value: 216
2021-10-19 20:23:54,152 - root - DEBUG - 5.1.9.7.2 Value: 60
2021-10-19 20:23:54,152 - root - DEBUG - 5.1.9.7.3 Value: 35
2021-10-19 20:23:54,152 - root - DEBUG - 5.1.9.7.4 Value: 12
2021-10-19 20:23:54,152 - root - DEBUG - 5.1.4 Value: 1
2021-10-19 20:23:54,152 - root - DEBUG - 5.1.5 Value: 1
2021-10-19 20:23:54,152 - root - DEBUG - 5.1.6 Value: 0
2021-10-19 20:23:54,152 - root - DEBUG - 5.2 Value: None
2021-10-19 20:23:54,152 - root - DEBUG - 5.2.1 Value: 126
2021-10-19 20:23:54,152 - root - DEBUG - 5.2.2 Value: 194
2021-10-19 20:23:54,152 - root - DEBUG - 5.2.3 Value: 47
2021-10-19 20:23:54,152 - root - DEBUG - 5.2.4 Value: 48
2021-10-19 20:23:54,152 - root - DEBUG - 5.2.5 Value: 49
2021-10-19 20:23:54,152 - root - DEBUG - 5.2.6 Value: 50
2021-10-19 20:23:54,152 - root - DEBUG - 29 Value: None
2021-10-19 20:23:54,152 - root - DEBUG - 29.1 Value: None
2021-10-19 20:23:54,152 - root - DEBUG - 29.1.1 Value: None
2021-10-19 20:23:54,152 - root - DEBUG - 29.1.1.1 Value: None
2021-10-19 20:23:54,152 - root - DEBUG - 29.1.1.1.1 Value: None
2021-10-19 20:23:54,152 - root - DEBUG - 29.1.1.1.1.1 Value: 28
2021-10-19 20:23:54,152 - root - DEBUG - 29.1.1.1.1.2 Value: 194
2021-10-19 20:23:54,152 - root - DEBUG - 29.1.1.1.1.3 Value: 3
2021-10-19 20:23:54,152 - root - DEBUG - 29.1.1.1.1.4 Value: 10
2021-10-19 20:23:54,152 - root - DEBUG - 29.1.1.1.2 Value: None
2021-10-19 20:23:54,152 - root - DEBUG - 29.1.1.1.2.1 Value: 74
2021-10-19 20:23:54,152 - root - DEBUG - 29.1.1.1.2.2 Value: 194
2021-10-19 20:23:54,152 - root - DEBUG - 29.1.1.1.2.3 Value: 3
2021-10-19 20:23:54,152 - root - DEBUG - 29.1.1.1.2.4 Value: 10
2021-10-19 20:23:54,152 - root - DEBUG - 29.1.1.2 Value: None
2021-10-19 20:23:54,152 - root - DEBUG - 29.1.1.2.1 Value: None
2021-10-19 20:23:54,152 - root - DEBUG - 29.1.1.2.1.1 Value: 28
2021-10-19 20:23:54,152 - root - DEBUG - 29.1.1.2.1.2 Value: 266
2021-10-19 20:23:54,152 - root - DEBUG - 29.1.1.2.1.3 Value: 3
2021-10-19 20:23:54,152 - root - DEBUG - 29.1.1.2.1.4 Value: 10
2021-10-19 20:23:54,152 - root - DEBUG - 29.1.1.2.2 Value: None
2021-10-19 20:23:54,152 - root - DEBUG - 29.1.1.2.2.1 Value: 74
2021-10-19 20:23:54,152 - root - DEBUG - 29.1.1.2.2.2 Value: 266
2021-10-19 20:23:54,152 - root - DEBUG - 29.1.1.2.2.3 Value: 3
2021-10-19 20:23:54,152 - root - DEBUG - 29.1.1.2.2.4 Value: 10
2021-10-19 20:23:54,152 - root - DEBUG - 29.1.1.4 Value: 1
2021-10-19 20:23:54,152 - root - DEBUG - 29.1.4 Value: None
2021-10-19 20:23:54,152 - root - DEBUG - 29.1.4.1 Value: 126
2021-10-19 20:23:54,152 - root - DEBUG - 29.1.4.2 Value: 194
2021-10-19 20:23:54,152 - root - DEBUG - 29.1.4.3 Value: 47
2021-10-19 20:23:54,152 - root - DEBUG - 29.1.4.4 Value: 48
2021-10-19 20:23:54,152 - root - DEBUG - 29.1.4.5 Value: 49
2021-10-19 20:23:54,152 - root - DEBUG - 29.1.4.6 Value: 50
2021-10-19 20:23:54,152 - root - DEBUG - 0-Info
2021-10-19 20:23:54,152 - root - DEBUG - 0.1-DeviceId
2021-10-19 20:23:54,152 - root - DEBUG - 2-Background
2021-10-19 20:23:54,152 - root - DEBUG - 2.1-Image
2021-10-19 20:23:54,152 - root - DEBUG - 2.1.1-X
2021-10-19 20:23:54,152 - root - DEBUG - 2.1.2-Y
2021-10-19 20:23:54,152 - root - DEBUG - 2.1.3-ImageIndex
2021-10-19 20:23:54,152 - root - DEBUG - 2.3-Preview
2021-10-19 20:23:54,152 - root - DEBUG - 2.3.1-X
2021-10-19 20:23:54,152 - root - DEBUG - 2.3.2-Y
2021-10-19 20:23:54,152 - root - DEBUG - 2.3.3-ImageIndex
2021-10-19 20:23:54,152 - root - DEBUG - 2.4-PreviewKorean
2021-10-19 20:23:54,152 - root - DEBUG - 2.4.1-X
2021-10-19 20:23:54,152 - root - DEBUG - 2.4.2-Y
2021-10-19 20:23:54,152 - root - DEBUG - 2.4.3-ImageIndex
2021-10-19 20:23:54,152 - root - DEBUG - 2.5-PreviewChinese
2021-10-19 20:23:54,152 - root - DEBUG - 2.5.1-X
2021-10-19 20:23:54,152 - root - DEBUG - 2.5.2-Y
2021-10-19 20:23:54,152 - root - DEBUG - 2.5.3-ImageIndex
2021-10-19 20:23:54,152 - root - DEBUG - 3-TimeExtended
2021-10-19 20:23:54,152 - root - DEBUG - 3.1-TimeSeparateDigits
2021-10-19 20:23:54,152 - root - DEBUG - 3.1.1-Hours
2021-10-19 20:23:54,152 - root - DEBUG - 3.1.1.1-Tens
2021-10-19 20:23:54,152 - root - DEBUG - 3.1.1.1.1-X
2021-10-19 20:23:54,152 - root - DEBUG - 3.1.1.1.2-Y
2021-10-19 20:23:54,152 - root - DEBUG - 3.1.1.1.3-ImageIndex
2021-10-19 20:23:54,152 - root - DEBUG - 3.1.1.1.4-ImagesCount
2021-10-19 20:23:54,152 - root - DEBUG - 3.1.1.2-Ones
2021-10-19 20:23:54,152 - root - DEBUG - 3.1.1.2.1-X
2021-10-19 20:23:54,152 - root - DEBUG - 3.1.1.2.2-Y
2021-10-19 20:23:54,152 - root - DEBUG - 3.1.1.2.3-ImageIndex
2021-10-19 20:23:54,152 - root - DEBUG - 3.1.1.2.4-ImagesCount
2021-10-19 20:23:54,152 - root - DEBUG - 3.1.2-Minutes
2021-10-19 20:23:54,152 - root - DEBUG - 3.1.2.1-Tens
2021-10-19 20:23:54,152 - root - DEBUG - 3.1.2.1.1-X
2021-10-19 20:23:54,152 - root - DEBUG - 3.1.2.1.2-Y
2021-10-19 20:23:54,152 - root - DEBUG - 3.1.2.1.3-ImageIndex
2021-10-19 20:23:54,152 - root - DEBUG - 3.1.2.1.4-ImagesCount
2021-10-19 20:23:54,152 - root - DEBUG - 3.1.2.2-Ones
2021-10-19 20:23:54,152 - root - DEBUG - 3.1.2.2.1-X
2021-10-19 20:23:54,152 - root - DEBUG - 3.1.2.2.2-Y
2021-10-19 20:23:54,152 - root - DEBUG - 3.1.2.2.3-ImageIndex
2021-10-19 20:23:54,152 - root - DEBUG - 3.1.2.2.4-ImagesCount
2021-10-19 20:23:54,162 - root - DEBUG - 3.1.7-Unknown7
2021-10-19 20:23:54,162 - root - DEBUG - 3.1.8-Unknown8
2021-10-19 20:23:54,162 - root - DEBUG - 5-DateBlock
2021-10-19 20:23:54,162 - root - DEBUG - 5.1-Date
2021-10-19 20:23:54,162 - root - DEBUG - 5.1.9-MonthAndDay
2021-10-19 20:23:54,162 - root - DEBUG - 5.1.9.3-Day
2021-10-19 20:23:54,162 - root - DEBUG - 5.1.9.3.1-TopLeftX
2021-10-19 20:23:54,162 - root - DEBUG - 5.1.9.3.2-TopLeftY
2021-10-19 20:23:54,162 - root - DEBUG - 5.1.9.3.3-BottomRightX
2021-10-19 20:23:54,162 - root - DEBUG - 5.1.9.3.4-BottomRightY
2021-10-19 20:23:54,162 - root - DEBUG - 5.1.9.3.5-Alignment
2021-10-19 20:23:54,162 - root - DEBUG - 5.1.9.3.6-Spacing
2021-10-19 20:23:54,162 - root - DEBUG - 5.1.9.3.7-VerticalOffset
2021-10-19 20:23:54,162 - root - DEBUG - 5.1.9.3.8-ImageIndex
2021-10-19 20:23:54,162 - root - DEBUG - 5.1.9.3.9-ImagesCount
2021-10-19 20:23:54,162 - root - DEBUG - 5.1.9.4-MonthFollowsYear
2021-10-19 20:23:54,162 - root - DEBUG - 5.1.9.5-DayFollowsMonth
2021-10-19 20:23:54,162 - root - DEBUG - 5.1.9.6-MonthAsWord
2021-10-19 20:23:54,162 - root - DEBUG - 5.1.9.6.1-X
2021-10-19 20:23:54,162 - root - DEBUG - 5.1.9.6.2-Y
2021-10-19 20:23:54,162 - root - DEBUG - 5.1.9.6.3-ImageIndex
2021-10-19 20:23:54,162 - root - DEBUG - 5.1.9.6.4-ImagesCount
2021-10-19 20:23:54,162 - root - DEBUG - 5.1.9.7-MonthAsWordChinese
2021-10-19 20:23:54,162 - root - DEBUG - 5.1.9.7.1-X
2021-10-19 20:23:54,162 - root - DEBUG - 5.1.9.7.2-Y
2021-10-19 20:23:54,162 - root - DEBUG - 5.1.9.7.3-ImageIndex
2021-10-19 20:23:54,162 - root - DEBUG - 5.1.9.7.4-ImagesCount
2021-10-19 20:23:54,162 - root - DEBUG - 5.1.4-PaddingZeroMonth
2021-10-19 20:23:54,162 - root - DEBUG - 5.1.5-PaddingZeroDay
2021-10-19 20:23:54,162 - root - DEBUG - 5.1.6-Unknown6
2021-10-19 20:23:54,162 - root - DEBUG - 5.2-AmPm
2021-10-19 20:23:54,162 - root - DEBUG - 5.2.1-CommonX
2021-10-19 20:23:54,162 - root - DEBUG - 5.2.2-CommonY
2021-10-19 20:23:54,162 - root - DEBUG - 5.2.3-ImageIndexAMCN
2021-10-19 20:23:54,162 - root - DEBUG - 5.2.4-ImageIndexPMCN
2021-10-19 20:23:54,162 - root - DEBUG - 5.2.5-AmImageIndexEN
2021-10-19 20:23:54,162 - root - DEBUG - 5.2.6-PmImageIndexEN
2021-10-19 20:23:54,162 - root - DEBUG - 29-AlwaysOnDisplay
2021-10-19 20:23:54,162 - root - DEBUG - 29.1-TimeExtended
2021-10-19 20:23:54,162 - root - DEBUG - 29.1.1-TimeSeparateDigits
2021-10-19 20:23:54,162 - root - DEBUG - 29.1.1.1-Hours
2021-10-19 20:23:54,162 - root - DEBUG - 29.1.1.1.1-Tens
2021-10-19 20:23:54,162 - root - DEBUG - 29.1.1.1.1.1-X
2021-10-19 20:23:54,162 - root - DEBUG - 29.1.1.1.1.2-Y
2021-10-19 20:23:54,162 - root - DEBUG - 29.1.1.1.1.3-ImageIndex
2021-10-19 20:23:54,162 - root - DEBUG - 29.1.1.1.1.4-ImagesCount
2021-10-19 20:23:54,162 - root - DEBUG - 29.1.1.1.2-Ones
2021-10-19 20:23:54,162 - root - DEBUG - 29.1.1.1.2.1-X
2021-10-19 20:23:54,162 - root - DEBUG - 29.1.1.1.2.2-Y
2021-10-19 20:23:54,162 - root - DEBUG - 29.1.1.1.2.3-ImageIndex
2021-10-19 20:23:54,162 - root - DEBUG - 29.1.1.1.2.4-ImagesCount
2021-10-19 20:23:54,162 - root - DEBUG - 29.1.1.2-Minutes
2021-10-19 20:23:54,162 - root - DEBUG - 29.1.1.2.1-Tens
2021-10-19 20:23:54,162 - root - DEBUG - 29.1.1.2.1.1-X
2021-10-19 20:23:54,162 - root - DEBUG - 29.1.1.2.1.2-Y
2021-10-19 20:23:54,162 - root - DEBUG - 29.1.1.2.1.3-ImageIndex
2021-10-19 20:23:54,162 - root - DEBUG - 29.1.1.2.1.4-ImagesCount
2021-10-19 20:23:54,162 - root - DEBUG - 29.1.1.2.2-Ones
2021-10-19 20:23:54,162 - root - DEBUG - 29.1.1.2.2.1-X
2021-10-19 20:23:54,162 - root - DEBUG - 29.1.1.2.2.2-Y
2021-10-19 20:23:54,162 - root - DEBUG - 29.1.1.2.2.3-ImageIndex
2021-10-19 20:23:54,162 - root - DEBUG - 29.1.1.2.2.4-ImagesCount
2021-10-19 20:23:54,162 - root - DEBUG - 29.1.1.4-PaddingZeroHours
2021-10-19 20:23:54,162 - root - DEBUG - 29.1.4-AmPm
2021-10-19 20:23:54,162 - root - DEBUG - 29.1.4.1-CommonX
2021-10-19 20:23:54,162 - root - DEBUG - 29.1.4.2-CommonY
2021-10-19 20:23:54,162 - root - DEBUG - 29.1.4.3-ImageIndexAMCN
2021-10-19 20:23:54,162 - root - DEBUG - 29.1.4.4-ImageIndexPMCN
2021-10-19 20:23:54,162 - root - DEBUG - 29.1.4.5-AmImageIndexEN
2021-10-19 20:23:54,162 - root - DEBUG - 29.1.4.6-PmImageIndexEN
2021-10-19 20:23:54,162 - root - DEBUG - generatePreviews
2021-10-19 20:23:54,162 - root - DEBUG - Generating previews...
2021-10-19 20:23:54,162 - root - DEBUG - Generating states done...
2021-10-19 20:23:54,172 - root - DEBUG - >>>>>>>>>>>> 0 <watchFaceParser.models.parameter.Parameter object at 0x00000227E9127D08>
2021-10-19 20:23:54,172 - root - DEBUG - >>>>>>>>>>>> 2 <watchFaceParser.models.parameter.Parameter object at 0x00000227E9118988>
2021-10-19 20:23:54,182 - root - DEBUG - >>>>>>>>>>>> 3 <watchFaceParser.models.parameter.Parameter object at 0x00000227E91240C8>
2021-10-19 20:23:54,192 - root - DEBUG - >>>>>>>>>>>> 5 <watchFaceParser.models.parameter.Parameter object at 0x00000227E91244C8>
2021-10-19 20:23:54,192 - root - DEBUG - >>>>>>>>>>>> 29 <watchFaceParser.models.parameter.Parameter object at 0x00000227E9127288>
2021-10-19 20:23:54,213 - root - DEBUG - Generating static preview gen done...
2021-10-19 20:23:54,313 - root - DEBUG - Generating static preview save done...
2021-10-19 20:23:54,313 - root - DEBUG - Generating anim preview gen done...
2021-10-19 20:23:54,313 - root - DEBUG - >>>>>>>>>>>> 0 <watchFaceParser.models.parameter.Parameter object at 0x00000227E9127D08>
2021-10-19 20:23:54,313 - root - DEBUG - >>>>>>>>>>>> 2 <watchFaceParser.models.parameter.Parameter object at 0x00000227E9118988>
2021-10-19 20:23:54,313 - root - DEBUG - >>>>>>>>>>>> 3 <watchFaceParser.models.parameter.Parameter object at 0x00000227E91240C8>
2021-10-19 20:23:54,313 - root - DEBUG - >>>>>>>>>>>> 5 <watchFaceParser.models.parameter.Parameter object at 0x00000227E91244C8>
2021-10-19 20:23:54,313 - root - DEBUG - >>>>>>>>>>>> 29 <watchFaceParser.models.parameter.Parameter object at 0x00000227E9127288>
2021-10-19 20:23:54,413 - root - DEBUG - generatePreviews done
2021-10-19 20:23:54,413 - root - DEBUG - Exporting resources to '68caeb85650a4f4c019166d4cd4931b3'
2021-10-19 20:23:54,413 - root - DEBUG - extracting 68caeb85650a4f4c019166d4cd4931b3\0000.png...
2021-10-19 20:23:54,442 - root - DEBUG - extracting 68caeb85650a4f4c019166d4cd4931b3\0001.png...
2021-10-19 20:23:54,462 - root - DEBUG - extracting 68caeb85650a4f4c019166d4cd4931b3\0002.png...
2021-10-19 20:23:54,513 - root - DEBUG - extracting 68caeb85650a4f4c019166d4cd4931b3\0003.png...
2021-10-19 20:23:54,513 - root - DEBUG - extracting 68caeb85650a4f4c019166d4cd4931b3\0004.png...
2021-10-19 20:23:54,513 - root - DEBUG - extracting 68caeb85650a4f4c019166d4cd4931b3\0005.png...
2021-10-19 20:23:54,513 - root - DEBUG - extracting 68caeb85650a4f4c019166d4cd4931b3\0006.png...
2021-10-19 20:23:54,513 - root - DEBUG - extracting 68caeb85650a4f4c019166d4cd4931b3\0007.png...
2021-10-19 20:23:54,522 - root - DEBUG - extracting 68caeb85650a4f4c019166d4cd4931b3\0008.png...
2021-10-19 20:23:54,522 - root - DEBUG - extracting 68caeb85650a4f4c019166d4cd4931b3\0009.png...
2021-10-19 20:23:54,522 - root - DEBUG - extracting 68caeb85650a4f4c019166d4cd4931b3\0010.png...
2021-10-19 20:23:54,522 - root - DEBUG - extracting 68caeb85650a4f4c019166d4cd4931b3\0011.png...
2021-10-19 20:23:54,522 - root - DEBUG - extracting 68caeb85650a4f4c019166d4cd4931b3\0012.png...
2021-10-19 20:23:54,522 - root - DEBUG - extracting 68caeb85650a4f4c019166d4cd4931b3\0013.png...
2021-10-19 20:23:54,522 - root - DEBUG - extracting 68caeb85650a4f4c019166d4cd4931b3\0014.png...
2021-10-19 20:23:54,522 - root - DEBUG - extracting 68caeb85650a4f4c019166d4cd4931b3\0015.png...
2021-10-19 20:23:54,522 - root - DEBUG - extracting 68caeb85650a4f4c019166d4cd4931b3\0016.png...
2021-10-19 20:23:54,522 - root - DEBUG - extracting 68caeb85650a4f4c019166d4cd4931b3\0017.png...
2021-10-19 20:23:54,532 - root - DEBUG - extracting 68caeb85650a4f4c019166d4cd4931b3\0018.png...
2021-10-19 20:23:54,532 - root - DEBUG - extracting 68caeb85650a4f4c019166d4cd4931b3\0019.png...
2021-10-19 20:23:54,532 - root - DEBUG - extracting 68caeb85650a4f4c019166d4cd4931b3\0020.png...
2021-10-19 20:23:54,532 - root - DEBUG - extracting 68caeb85650a4f4c019166d4cd4931b3\0021.png...
2021-10-19 20:23:54,532 - root - DEBUG - extracting 68caeb85650a4f4c019166d4cd4931b3\0022.png...
2021-10-19 20:23:54,532 - root - DEBUG - extracting 68caeb85650a4f4c019166d4cd4931b3\0023.png...
2021-10-19 20:23:54,532 - root - DEBUG - extracting 68caeb85650a4f4c019166d4cd4931b3\0024.png...
2021-10-19 20:23:54,532 - root - DEBUG - extracting 68caeb85650a4f4c019166d4cd4931b3\0025.png...
2021-10-19 20:23:54,532 - root - DEBUG - extracting 68caeb85650a4f4c019166d4cd4931b3\0026.png...
2021-10-19 20:23:54,532 - root - DEBUG - extracting 68caeb85650a4f4c019166d4cd4931b3\0027.png...
2021-10-19 20:23:54,532 - root - DEBUG - extracting 68caeb85650a4f4c019166d4cd4931b3\0028.png...
2021-10-19 20:23:54,532 - root - DEBUG - extracting 68caeb85650a4f4c019166d4cd4931b3\0029.png...
2021-10-19 20:23:54,542 - root - DEBUG - extracting 68caeb85650a4f4c019166d4cd4931b3\0030.png...
2021-10-19 20:23:54,542 - root - DEBUG - extracting 68caeb85650a4f4c019166d4cd4931b3\0031.png...
2021-10-19 20:23:54,542 - root - DEBUG - extracting 68caeb85650a4f4c019166d4cd4931b3\0032.png...
2021-10-19 20:23:54,542 - root - DEBUG - extracting 68caeb85650a4f4c019166d4cd4931b3\0033.png...
2021-10-19 20:23:54,542 - root - DEBUG - extracting 68caeb85650a4f4c019166d4cd4931b3\0034.png...
2021-10-19 20:23:54,542 - root - DEBUG - extracting 68caeb85650a4f4c019166d4cd4931b3\0035.png...
2021-10-19 20:23:54,542 - root - DEBUG - extracting 68caeb85650a4f4c019166d4cd4931b3\0036.png...
2021-10-19 20:23:54,542 - root - DEBUG - extracting 68caeb85650a4f4c019166d4cd4931b3\0037.png...
2021-10-19 20:23:54,542 - root - DEBUG - extracting 68caeb85650a4f4c019166d4cd4931b3\0038.png...
2021-10-19 20:23:54,542 - root - DEBUG - extracting 68caeb85650a4f4c019166d4cd4931b3\0039.png...
2021-10-19 20:23:54,542 - root - DEBUG - extracting 68caeb85650a4f4c019166d4cd4931b3\0040.png...
2021-10-19 20:23:54,552 - root - DEBUG - extracting 68caeb85650a4f4c019166d4cd4931b3\0041.png...
2021-10-19 20:23:54,552 - root - DEBUG - extracting 68caeb85650a4f4c019166d4cd4931b3\0042.png...
2021-10-19 20:23:54,552 - root - DEBUG - extracting 68caeb85650a4f4c019166d4cd4931b3\0043.png...
2021-10-19 20:23:54,552 - root - DEBUG - extracting 68caeb85650a4f4c019166d4cd4931b3\0044.png...
2021-10-19 20:23:54,552 - root - DEBUG - extracting 68caeb85650a4f4c019166d4cd4931b3\0045.png...
2021-10-19 20:23:54,552 - root - DEBUG - extracting 68caeb85650a4f4c019166d4cd4931b3\0046.png...
2021-10-19 20:23:54,552 - root - DEBUG - extracting 68caeb85650a4f4c019166d4cd4931b3\0047.png...
2021-10-19 20:23:54,552 - root - DEBUG - extracting 68caeb85650a4f4c019166d4cd4931b3\0048.png...
2021-10-19 20:23:54,552 - root - DEBUG - extracting 68caeb85650a4f4c019166d4cd4931b3\0049.png...
2021-10-19 20:23:54,552 - root - DEBUG - extracting 68caeb85650a4f4c019166d4cd4931b3\0050.png...
2021-10-19 20:23:54,552 - root - DEBUG - Exporting config...
