2022-01-06 09:14:08,191 - root - DEBUG - Opening watch face 'E:\Codez\zepp-gts2mini-wf\9f1371ab58efed55942bcb340ddf7859.bin'
2022-01-06 09:14:08,207 - root - DEBUG - Reading parameters...
2022-01-06 09:14:08,207 - root - INFO - Reading header...
2022-01-06 09:14:08,207 - root - INFO - Header was read:
2022-01-06 09:14:08,207 - root - INFO - Signature: b'UIHH\x01\x00\xff', Unknown: 98, ParametersSize: 45, isValid: True, deviceId: 73
2022-01-06 09:14:08,207 - root - INFO - Reading parameter offsets...
2022-01-06 09:14:08,207 - root - INFO - Parameter offsets were read from file
2022-01-06 09:14:08,207 - root - INFO - Reading parameters descriptor...
2022-01-06 09:14:08,207 - root - INFO - 1 ( A): 5 bytes
2022-01-06 09:14:08,207 - root - INFO -     1 ( 8): 274 112
2022-01-06 09:14:08,207 - root - INFO -     2 (10): 63 3F
2022-01-06 09:14:08,207 - root - INFO - getParameters descriptor was read:
2022-01-06 09:14:08,207 - root - INFO - ParametersTableLength: 274, ImagesCount: 63
2022-01-06 09:14:08,207 - root - INFO - Reading parameters locations...
2022-01-06 09:14:08,207 - root - INFO - 2 (12): 4 bytes
2022-01-06 09:14:08,207 - root - INFO -     1 ( 8): 0  0
2022-01-06 09:14:08,207 - root - INFO -     2 (10): 32 20
2022-01-06 09:14:08,207 - root - INFO - 3 (1A): 4 bytes
2022-01-06 09:14:08,207 - root - INFO -     1 ( 8): 32 20
2022-01-06 09:14:08,207 - root - INFO -     2 (10): 52 34
2022-01-06 09:14:08,207 - root - INFO - 4 (22): 4 bytes
2022-01-06 09:14:08,207 - root - INFO -     1 ( 8): 104 68
2022-01-06 09:14:08,207 - root - INFO -     2 (10): 98 62
2022-01-06 09:14:08,207 - root - INFO - 5 (2A): 4 bytes
2022-01-06 09:14:08,207 - root - INFO -     1 ( 8): 84 54
2022-01-06 09:14:08,207 - root - INFO -     2 (10): 20 14
2022-01-06 09:14:08,207 - root - INFO - 6 (32): 5 bytes
2022-01-06 09:14:08,207 - root - INFO -     1 ( 8): 202 CA
2022-01-06 09:14:08,207 - root - INFO -     2 (10): 48 30
2022-01-06 09:14:08,207 - root - INFO - 9 (4A): 5 bytes
2022-01-06 09:14:08,207 - root - INFO -     1 ( 8): 250 FA
2022-01-06 09:14:08,207 - root - INFO -     2 (10): 24 18
2022-01-06 09:14:08,207 - root - INFO - Watch face parameters locations were read:
2022-01-06 09:14:08,207 - root - INFO - Reading descriptor for parameter 2
2022-01-06 09:14:08,207 - root - INFO - Descriptor offset: 0, Descriptor length: 32
2022-01-06 09:14:08,207 - root - INFO - Parsing descriptor for parameter 2...
2022-01-06 09:14:08,207 - root - INFO - 1 ( A): 6 bytes
2022-01-06 09:14:08,207 - root - INFO -     1 ( 8): 0  0
2022-01-06 09:14:08,207 - root - INFO -     2 (10): 0  0
2022-01-06 09:14:08,207 - root - INFO -     3 (18): 0  0
2022-01-06 09:14:08,207 - root - INFO - 3 (1A): 6 bytes
2022-01-06 09:14:08,207 - root - INFO -     1 ( 8): 0  0
2022-01-06 09:14:08,207 - root - INFO -     2 (10): 0  0
2022-01-06 09:14:08,207 - root - INFO -     3 (18): 1  1
2022-01-06 09:14:08,207 - root - INFO - 4 (22): 6 bytes
2022-01-06 09:14:08,207 - root - INFO -     1 ( 8): 0  0
2022-01-06 09:14:08,207 - root - INFO -     2 (10): 0  0
2022-01-06 09:14:08,207 - root - INFO -     3 (18): 1  1
2022-01-06 09:14:08,207 - root - INFO - 5 (2A): 6 bytes
2022-01-06 09:14:08,207 - root - INFO -     1 ( 8): 0  0
2022-01-06 09:14:08,207 - root - INFO -     2 (10): 0  0
2022-01-06 09:14:08,207 - root - INFO -     3 (18): 1  1
2022-01-06 09:14:08,207 - root - INFO - Reading descriptor for parameter 3
2022-01-06 09:14:08,207 - root - INFO - Descriptor offset: 32, Descriptor length: 52
2022-01-06 09:14:08,207 - root - INFO - Parsing descriptor for parameter 3...
2022-01-06 09:14:08,207 - root - INFO - 1 ( A): 50 bytes
2022-01-06 09:14:08,207 - root - INFO -     1 ( A): 21 bytes
2022-01-06 09:14:08,207 - root - INFO -         1 ( A): 8 bytes
2022-01-06 09:14:08,207 - root - INFO -             1 ( 8): 99 63
2022-01-06 09:14:08,207 - root - INFO -             2 (10): 18 12
2022-01-06 09:14:08,207 - root - INFO -             3 (18): 2  2
2022-01-06 09:14:08,207 - root - INFO -             4 (20): 10  A
2022-01-06 09:14:08,207 - root - INFO -         2 (12): 9 bytes
2022-01-06 09:14:08,207 - root - INFO -             1 ( 8): 155 9B
2022-01-06 09:14:08,207 - root - INFO -             2 (10): 18 12
2022-01-06 09:14:08,207 - root - INFO -             3 (18): 2  2
2022-01-06 09:14:08,207 - root - INFO -             4 (20): 10  A
2022-01-06 09:14:08,207 - root - INFO -     2 (12): 21 bytes
2022-01-06 09:14:08,207 - root - INFO -         1 ( A): 8 bytes
2022-01-06 09:14:08,207 - root - INFO -             1 ( 8): 99 63
2022-01-06 09:14:08,207 - root - INFO -             2 (10): 102 66
2022-01-06 09:14:08,207 - root - INFO -             3 (18): 2  2
2022-01-06 09:14:08,207 - root - INFO -             4 (20): 10  A
2022-01-06 09:14:08,207 - root - INFO -         2 (12): 9 bytes
2022-01-06 09:14:08,207 - root - INFO -             1 ( 8): 155 9B
2022-01-06 09:14:08,207 - root - INFO -             2 (10): 102 66
2022-01-06 09:14:08,207 - root - INFO -             3 (18): 2  2
2022-01-06 09:14:08,207 - root - INFO -             4 (20): 10  A
2022-01-06 09:14:08,207 - root - INFO -     7 (38): 0  0
2022-01-06 09:14:08,207 - root - INFO -     8 (40): 1  1
2022-01-06 09:14:08,207 - root - INFO - Reading descriptor for parameter 4
2022-01-06 09:14:08,207 - root - INFO - Descriptor offset: 104, Descriptor length: 98
2022-01-06 09:14:08,207 - root - INFO - Parsing descriptor for parameter 4...
2022-01-06 09:14:08,207 - root - INFO - 1 ( A): 24 bytes
2022-01-06 09:14:08,207 - root - INFO -     1 ( A): 22 bytes
2022-01-06 09:14:08,207 - root - INFO -         1 ( 8): 229 E5
2022-01-06 09:14:08,207 - root - INFO -         2 (10): 219 DB
2022-01-06 09:14:08,207 - root - INFO -         3 (18): 280 118
2022-01-06 09:14:08,207 - root - INFO -         4 (20): 240 F0
2022-01-06 09:14:08,207 - root - INFO -         5 (28): 24 18
2022-01-06 09:14:08,207 - root - INFO -         6 (30): 1  1
2022-01-06 09:14:08,207 - root - INFO -         7 (38): 0  0
2022-01-06 09:14:08,207 - root - INFO -         8 (40): 14  E
2022-01-06 09:14:08,207 - root - INFO -         9 (48): 10  A
2022-01-06 09:14:08,207 - root - INFO - 3 (1A): 22 bytes
2022-01-06 09:14:08,207 - root - INFO -     1 ( A): 20 bytes
2022-01-06 09:14:08,207 - root - INFO -         1 ( 8): 30 1E
2022-01-06 09:14:08,207 - root - INFO -         2 (10): 219 DB
2022-01-06 09:14:08,207 - root - INFO -         3 (18): 71 47
2022-01-06 09:14:08,207 - root - INFO -         4 (20): 240 F0
2022-01-06 09:14:08,207 - root - INFO -         5 (28): 24 18
2022-01-06 09:14:08,207 - root - INFO -         6 (30): 1  1
2022-01-06 09:14:08,207 - root - INFO -         7 (38): 0  0
2022-01-06 09:14:08,207 - root - INFO -         8 (40): 24 18
2022-01-06 09:14:08,207 - root - INFO -         9 (48): 10  A
2022-01-06 09:14:08,207 - root - INFO - 4 (22): 22 bytes
2022-01-06 09:14:08,207 - root - INFO -     1 ( A): 18 bytes
2022-01-06 09:14:08,207 - root - INFO -         1 ( 8): 40 28
2022-01-06 09:14:08,207 - root - INFO -         2 (10): 100 64
2022-01-06 09:14:08,207 - root - INFO -         3 (18): 67 43
2022-01-06 09:14:08,207 - root - INFO -         4 (20): 121 79
2022-01-06 09:14:08,207 - root - INFO -         5 (28): 24 18
2022-01-06 09:14:08,207 - root - INFO -         6 (30): 1  1
2022-01-06 09:14:08,207 - root - INFO -         7 (38): 0  0
2022-01-06 09:14:08,207 - root - INFO -         8 (40): 24 18
2022-01-06 09:14:08,207 - root - INFO -         9 (48): 10  A
2022-01-06 09:14:08,207 - root - INFO -     3 (18): 34 22
2022-01-06 09:14:08,207 - root - INFO - 7 (38): 0  0
2022-01-06 09:14:08,207 - root - INFO - 8 (42): 20 bytes
2022-01-06 09:14:08,207 - root - INFO -     1 ( A): 18 bytes
2022-01-06 09:14:08,222 - root - INFO -         1 ( 8): 0  0
2022-01-06 09:14:08,222 - root - INFO -         2 (10): 0  0
2022-01-06 09:14:08,222 - root - INFO -         3 (18): 0  0
2022-01-06 09:14:08,222 - root - INFO -         4 (20): 0  0
2022-01-06 09:14:08,222 - root - INFO -         5 (28): 0  0
2022-01-06 09:14:08,222 - root - INFO -         6 (30): 0  0
2022-01-06 09:14:08,222 - root - INFO -         7 (38): 0  0
2022-01-06 09:14:08,222 - root - INFO -         8 (40): 0  0
2022-01-06 09:14:08,222 - root - INFO -         9 (48): 0  0
2022-01-06 09:14:08,222 - root - INFO - Reading descriptor for parameter 5
2022-01-06 09:14:08,222 - root - INFO - Descriptor offset: 84, Descriptor length: 20
2022-01-06 09:14:08,222 - root - INFO - Parsing descriptor for parameter 5...
2022-01-06 09:14:08,222 - root - INFO - 1 ( A): 6 bytes
2022-01-06 09:14:08,222 - root - INFO -     4 (20): 0  0
2022-01-06 09:14:08,222 - root - INFO -     5 (28): 0  0
2022-01-06 09:14:08,222 - root - INFO -     6 (30): 0  0
2022-01-06 09:14:08,222 - root - INFO - 2 (12): 10 bytes
2022-01-06 09:14:08,222 - root - INFO -     1 ( 8): 131 83
2022-01-06 09:14:08,222 - root - INFO -     2 (10): 175 AF
2022-01-06 09:14:08,222 - root - INFO -     5 (28): 12  C
2022-01-06 09:14:08,222 - root - INFO -     6 (30): 13  D
2022-01-06 09:14:08,222 - root - INFO - Reading descriptor for parameter 6
2022-01-06 09:14:08,222 - root - INFO - Descriptor offset: 202, Descriptor length: 48
2022-01-06 09:14:08,222 - root - INFO - Parsing descriptor for parameter 6...
2022-01-06 09:14:08,222 - root - INFO - 1 ( A): 12 bytes
2022-01-06 09:14:08,222 - root - INFO -     2 (12): 10 bytes
2022-01-06 09:14:08,222 - root - INFO -         1 ( 8): 140 8C
2022-01-06 09:14:08,222 - root - INFO -         2 (10): 281 119
2022-01-06 09:14:08,222 - root - INFO -         3 (18): 35 23
2022-01-06 09:14:08,222 - root - INFO -         4 (20): 26 1A
2022-01-06 09:14:08,222 - root - INFO - 2 (12): 32 bytes
2022-01-06 09:14:08,222 - root - INFO -     1 ( A): 30 bytes
2022-01-06 09:14:08,222 - root - INFO -         1 ( A): 22 bytes
2022-01-06 09:14:08,222 - root - INFO -             1 ( 8): 135 87
2022-01-06 09:14:08,222 - root - INFO -             2 (10): 250 FA
2022-01-06 09:14:08,222 - root - INFO -             3 (18): 172 AC
2022-01-06 09:14:08,222 - root - INFO -             4 (20): 275 113
2022-01-06 09:14:08,222 - root - INFO -             5 (28): 24 18
2022-01-06 09:14:08,222 - root - INFO -             6 (30): 1  1
2022-01-06 09:14:08,222 - root - INFO -             7 (38): 0  0
2022-01-06 09:14:08,222 - root - INFO -             8 (40): 24 18
2022-01-06 09:14:08,222 - root - INFO -             9 (48): 10  A
2022-01-06 09:14:08,222 - root - INFO -         2 (10): 61 3D
2022-01-06 09:14:08,222 - root - INFO -         3 (18): 62 3E
2022-01-06 09:14:08,222 - root - INFO -         5 (28): 34 22
2022-01-06 09:14:08,222 - root - INFO - Reading descriptor for parameter 9
2022-01-06 09:14:08,222 - root - INFO - Descriptor offset: 250, Descriptor length: 24
2022-01-06 09:14:08,222 - root - INFO - Parsing descriptor for parameter 9...
2022-01-06 09:14:08,222 - root - INFO - 1 ( A): 22 bytes
2022-01-06 09:14:08,222 - root - INFO -     1 ( A): 20 bytes
2022-01-06 09:14:08,222 - root - INFO -         1 ( 8): 239 EF
2022-01-06 09:14:08,222 - root - INFO -         2 (10): 100 64
2022-01-06 09:14:08,222 - root - INFO -         3 (18): 266 10A
2022-01-06 09:14:08,222 - root - INFO -         4 (20): 121 79
2022-01-06 09:14:08,222 - root - INFO -         5 (28): 24 18
2022-01-06 09:14:08,222 - root - INFO -         6 (30): 1  1
2022-01-06 09:14:08,222 - root - INFO -         7 (38): 0  0
2022-01-06 09:14:08,222 - root - INFO -         8 (40): 24 18
2022-01-06 09:14:08,222 - root - INFO -         9 (48): 10  A
2022-01-06 09:14:08,222 - root - INFO - Reading resources offsets table with 63 elements (252 bytes)
2022-01-06 09:14:08,222 - root - INFO - Resource 0 offset: 658, length: 216664...
2022-01-06 09:14:08,222 - root - DEBUG - Reading resource 0...
2022-01-06 09:14:08,269 - root - INFO - The image is bmc.
2022-01-06 09:14:08,269 - root - INFO - Reading image header(readHeader16C)...
2022-01-06 09:14:08,269 - root - INFO - Image header was read:
2022-01-06 09:14:08,269 - root - INFO - Width: 306, Height: 354, RowLength: 612
2022-01-06 09:14:08,269 - root - INFO - _step: 2, unknown2: 0,
2022-01-06 09:14:08,269 - root - INFO - BPP: 16, Transparency: False
2022-01-06 09:14:08,691 - root - INFO - Resource 1 offset: 217322, length: 101656...
2022-01-06 09:14:08,691 - root - DEBUG - Reading resource 1...
2022-01-06 09:14:08,691 - root - INFO - The image is bmc.
2022-01-06 09:14:08,691 - root - INFO - Reading image header(readHeader16C)...
2022-01-06 09:14:08,691 - root - INFO - Image header was read:
2022-01-06 09:14:08,691 - root - INFO - Width: 210, Height: 242, RowLength: 420
2022-01-06 09:14:08,691 - root - INFO - _step: 2, unknown2: 0,
2022-01-06 09:14:08,691 - root - INFO - BPP: 16, Transparency: False
2022-01-06 09:14:08,894 - root - INFO - Resource 2 offset: 318978, length: 9376...
2022-01-06 09:14:08,894 - root - DEBUG - Reading resource 2...
2022-01-06 09:14:08,894 - root - INFO - The image is bmc.
2022-01-06 09:14:08,894 - root - INFO - Reading image header(readHeader16C)...
2022-01-06 09:14:08,894 - root - INFO - Image header was read:
2022-01-06 09:14:08,894 - root - INFO - Width: 52, Height: 60, RowLength: 156
2022-01-06 09:14:08,894 - root - INFO - _step: 3, unknown2: 0,
2022-01-06 09:14:08,894 - root - INFO - BPP: 24, Transparency: False
2022-01-06 09:14:08,910 - root - INFO - Resource 3 offset: 328354, length: 9376...
2022-01-06 09:14:08,910 - root - DEBUG - Reading resource 3...
2022-01-06 09:14:08,910 - root - INFO - The image is bmc.
2022-01-06 09:14:08,910 - root - INFO - Reading image header(readHeader16C)...
2022-01-06 09:14:08,910 - root - INFO - Image header was read:
2022-01-06 09:14:08,910 - root - INFO - Width: 52, Height: 60, RowLength: 156
2022-01-06 09:14:08,910 - root - INFO - _step: 3, unknown2: 0,
2022-01-06 09:14:08,910 - root - INFO - BPP: 24, Transparency: False
2022-01-06 09:14:08,910 - root - INFO - Resource 4 offset: 337730, length: 9376...
2022-01-06 09:14:08,910 - root - DEBUG - Reading resource 4...
2022-01-06 09:14:08,910 - root - INFO - The image is bmc.
2022-01-06 09:14:08,910 - root - INFO - Reading image header(readHeader16C)...
2022-01-06 09:14:08,910 - root - INFO - Image header was read:
2022-01-06 09:14:08,910 - root - INFO - Width: 52, Height: 60, RowLength: 156
2022-01-06 09:14:08,910 - root - INFO - _step: 3, unknown2: 0,
2022-01-06 09:14:08,910 - root - INFO - BPP: 24, Transparency: False
2022-01-06 09:14:08,925 - root - INFO - Resource 5 offset: 347106, length: 9376...
2022-01-06 09:14:08,925 - root - DEBUG - Reading resource 5...
2022-01-06 09:14:08,925 - root - INFO - The image is bmc.
2022-01-06 09:14:08,925 - root - INFO - Reading image header(readHeader16C)...
2022-01-06 09:14:08,925 - root - INFO - Image header was read:
2022-01-06 09:14:08,925 - root - INFO - Width: 52, Height: 60, RowLength: 156
2022-01-06 09:14:08,925 - root - INFO - _step: 3, unknown2: 0,
2022-01-06 09:14:08,925 - root - INFO - BPP: 24, Transparency: False
2022-01-06 09:14:08,941 - root - INFO - Resource 6 offset: 356482, length: 9376...
2022-01-06 09:14:08,941 - root - DEBUG - Reading resource 6...
2022-01-06 09:14:08,941 - root - INFO - The image is bmc.
2022-01-06 09:14:08,941 - root - INFO - Reading image header(readHeader16C)...
2022-01-06 09:14:08,941 - root - INFO - Image header was read:
2022-01-06 09:14:08,941 - root - INFO - Width: 52, Height: 60, RowLength: 156
2022-01-06 09:14:08,941 - root - INFO - _step: 3, unknown2: 0,
2022-01-06 09:14:08,941 - root - INFO - BPP: 24, Transparency: False
2022-01-06 09:14:08,957 - root - INFO - Resource 7 offset: 365858, length: 9376...
2022-01-06 09:14:08,957 - root - DEBUG - Reading resource 7...
2022-01-06 09:14:08,957 - root - INFO - The image is bmc.
2022-01-06 09:14:08,957 - root - INFO - Reading image header(readHeader16C)...
2022-01-06 09:14:08,957 - root - INFO - Image header was read:
2022-01-06 09:14:08,957 - root - INFO - Width: 52, Height: 60, RowLength: 156
2022-01-06 09:14:08,957 - root - INFO - _step: 3, unknown2: 0,
2022-01-06 09:14:08,957 - root - INFO - BPP: 24, Transparency: False
2022-01-06 09:14:08,972 - root - INFO - Resource 8 offset: 375234, length: 9376...
2022-01-06 09:14:08,972 - root - DEBUG - Reading resource 8...
2022-01-06 09:14:08,972 - root - INFO - The image is bmc.
2022-01-06 09:14:08,972 - root - INFO - Reading image header(readHeader16C)...
2022-01-06 09:14:08,972 - root - INFO - Image header was read:
2022-01-06 09:14:08,972 - root - INFO - Width: 52, Height: 60, RowLength: 156
2022-01-06 09:14:08,972 - root - INFO - _step: 3, unknown2: 0,
2022-01-06 09:14:08,972 - root - INFO - BPP: 24, Transparency: False
2022-01-06 09:14:08,988 - root - INFO - Resource 9 offset: 384610, length: 9376...
2022-01-06 09:14:08,988 - root - DEBUG - Reading resource 9...
2022-01-06 09:14:08,988 - root - INFO - The image is bmc.
2022-01-06 09:14:08,988 - root - INFO - Reading image header(readHeader16C)...
2022-01-06 09:14:08,988 - root - INFO - Image header was read:
2022-01-06 09:14:08,988 - root - INFO - Width: 52, Height: 60, RowLength: 156
2022-01-06 09:14:08,988 - root - INFO - _step: 3, unknown2: 0,
2022-01-06 09:14:08,988 - root - INFO - BPP: 24, Transparency: False
2022-01-06 09:14:08,988 - root - INFO - Resource 10 offset: 393986, length: 9376...
2022-01-06 09:14:08,988 - root - DEBUG - Reading resource 10...
2022-01-06 09:14:08,988 - root - INFO - The image is bmc.
2022-01-06 09:14:08,988 - root - INFO - Reading image header(readHeader16C)...
2022-01-06 09:14:08,988 - root - INFO - Image header was read:
2022-01-06 09:14:08,988 - root - INFO - Width: 52, Height: 60, RowLength: 156
2022-01-06 09:14:08,988 - root - INFO - _step: 3, unknown2: 0,
2022-01-06 09:14:08,988 - root - INFO - BPP: 24, Transparency: False
2022-01-06 09:14:09,004 - root - INFO - Resource 11 offset: 403362, length: 9376...
2022-01-06 09:14:09,004 - root - DEBUG - Reading resource 11...
2022-01-06 09:14:09,004 - root - INFO - The image is bmc.
2022-01-06 09:14:09,004 - root - INFO - Reading image header(readHeader16C)...
2022-01-06 09:14:09,004 - root - INFO - Image header was read:
2022-01-06 09:14:09,004 - root - INFO - Width: 52, Height: 60, RowLength: 156
2022-01-06 09:14:09,004 - root - INFO - _step: 3, unknown2: 0,
2022-01-06 09:14:09,004 - root - INFO - BPP: 24, Transparency: False
2022-01-06 09:14:09,019 - root - INFO - Resource 12 offset: 412738, length: 2392...
2022-01-06 09:14:09,019 - root - DEBUG - Reading resource 12...
2022-01-06 09:14:09,019 - root - INFO - The image is bmc.
2022-01-06 09:14:09,019 - root - INFO - Reading image header(readHeader16C)...
2022-01-06 09:14:09,019 - root - INFO - Image header was read:
2022-01-06 09:14:09,019 - root - INFO - Width: 44, Height: 18, RowLength: 132
2022-01-06 09:14:09,019 - root - INFO - _step: 3, unknown2: 0,
2022-01-06 09:14:09,019 - root - INFO - BPP: 24, Transparency: False
2022-01-06 09:14:09,019 - root - INFO - Resource 13 offset: 415130, length: 2392...
2022-01-06 09:14:09,019 - root - DEBUG - Reading resource 13...
2022-01-06 09:14:09,019 - root - INFO - The image is bmc.
2022-01-06 09:14:09,019 - root - INFO - Reading image header(readHeader16C)...
2022-01-06 09:14:09,019 - root - INFO - Image header was read:
2022-01-06 09:14:09,019 - root - INFO - Width: 44, Height: 18, RowLength: 132
2022-01-06 09:14:09,019 - root - INFO - _step: 3, unknown2: 0,
2022-01-06 09:14:09,019 - root - INFO - BPP: 24, Transparency: False
2022-01-06 09:14:09,035 - root - INFO - Resource 14 offset: 417522, length: 468...
2022-01-06 09:14:09,035 - root - DEBUG - Reading resource 14...
2022-01-06 09:14:09,035 - root - INFO - The image is bme.
2022-01-06 09:14:09,035 - root - INFO - Reading image header(readHeader16E)...
2022-01-06 09:14:09,035 - root - INFO - Image header was read:
2022-01-06 09:14:09,035 - root - INFO - Width: 12, Height: 21, RowLength: 24
2022-01-06 09:14:09,035 - root - INFO - datalength: 452, _step: 2
2022-01-06 09:14:09,035 - root - INFO - BPP: 16, Transparency: False
2022-01-06 09:14:09,035 - root - INFO - Resource 15 offset: 417990, length: 236...
2022-01-06 09:14:09,035 - root - DEBUG - Reading resource 15...
2022-01-06 09:14:09,035 - root - INFO - The image is bme.
2022-01-06 09:14:09,035 - root - INFO - Reading image header(readHeader16E)...
2022-01-06 09:14:09,035 - root - INFO - Image header was read:
2022-01-06 09:14:09,035 - root - INFO - Width: 12, Height: 21, RowLength: 24
2022-01-06 09:14:09,035 - root - INFO - datalength: 220, _step: 2
2022-01-06 09:14:09,035 - root - INFO - BPP: 16, Transparency: False
2022-01-06 09:14:09,035 - root - INFO - Resource 16 offset: 418226, length: 342...
2022-01-06 09:14:09,035 - root - DEBUG - Reading resource 16...
2022-01-06 09:14:09,035 - root - INFO - The image is bme.
2022-01-06 09:14:09,035 - root - INFO - Reading image header(readHeader16E)...
2022-01-06 09:14:09,035 - root - INFO - Image header was read:
2022-01-06 09:14:09,035 - root - INFO - Width: 12, Height: 21, RowLength: 24
2022-01-06 09:14:09,035 - root - INFO - datalength: 326, _step: 2
2022-01-06 09:14:09,035 - root - INFO - BPP: 16, Transparency: False
2022-01-06 09:14:09,035 - root - INFO - Resource 17 offset: 418568, length: 360...
2022-01-06 09:14:09,035 - root - DEBUG - Reading resource 17...
2022-01-06 09:14:09,035 - root - INFO - The image is bme.
2022-01-06 09:14:09,035 - root - INFO - Reading image header(readHeader16E)...
2022-01-06 09:14:09,035 - root - INFO - Image header was read:
2022-01-06 09:14:09,035 - root - INFO - Width: 12, Height: 21, RowLength: 24
2022-01-06 09:14:09,035 - root - INFO - datalength: 344, _step: 2
2022-01-06 09:14:09,035 - root - INFO - BPP: 16, Transparency: False
2022-01-06 09:14:09,035 - root - INFO - Resource 18 offset: 418928, length: 348...
2022-01-06 09:14:09,035 - root - DEBUG - Reading resource 18...
2022-01-06 09:14:09,035 - root - INFO - The image is bme.
2022-01-06 09:14:09,035 - root - INFO - Reading image header(readHeader16E)...
2022-01-06 09:14:09,035 - root - INFO - Image header was read:
2022-01-06 09:14:09,035 - root - INFO - Width: 12, Height: 21, RowLength: 24
2022-01-06 09:14:09,035 - root - INFO - datalength: 332, _step: 2
2022-01-06 09:14:09,035 - root - INFO - BPP: 16, Transparency: False
2022-01-06 09:14:09,035 - root - INFO - Resource 19 offset: 419276, length: 342...
2022-01-06 09:14:09,035 - root - DEBUG - Reading resource 19...
2022-01-06 09:14:09,035 - root - INFO - The image is bme.
2022-01-06 09:14:09,035 - root - INFO - Reading image header(readHeader16E)...
2022-01-06 09:14:09,035 - root - INFO - Image header was read:
2022-01-06 09:14:09,035 - root - INFO - Width: 12, Height: 21, RowLength: 24
2022-01-06 09:14:09,035 - root - INFO - datalength: 326, _step: 2
2022-01-06 09:14:09,035 - root - INFO - BPP: 16, Transparency: False
2022-01-06 09:14:09,035 - root - INFO - Resource 20 offset: 419618, length: 408...
2022-01-06 09:14:09,035 - root - DEBUG - Reading resource 20...
2022-01-06 09:14:09,035 - root - INFO - The image is bme.
2022-01-06 09:14:09,035 - root - INFO - Reading image header(readHeader16E)...
2022-01-06 09:14:09,035 - root - INFO - Image header was read:
2022-01-06 09:14:09,035 - root - INFO - Width: 12, Height: 21, RowLength: 24
2022-01-06 09:14:09,035 - root - INFO - datalength: 392, _step: 2
2022-01-06 09:14:09,035 - root - INFO - BPP: 16, Transparency: False
2022-01-06 09:14:09,035 - root - INFO - Resource 21 offset: 420026, length: 348...
2022-01-06 09:14:09,035 - root - DEBUG - Reading resource 21...
2022-01-06 09:14:09,035 - root - INFO - The image is bme.
2022-01-06 09:14:09,035 - root - INFO - Reading image header(readHeader16E)...
2022-01-06 09:14:09,035 - root - INFO - Image header was read:
2022-01-06 09:14:09,035 - root - INFO - Width: 12, Height: 21, RowLength: 24
2022-01-06 09:14:09,035 - root - INFO - datalength: 332, _step: 2
2022-01-06 09:14:09,035 - root - INFO - BPP: 16, Transparency: False
2022-01-06 09:14:09,035 - root - INFO - Resource 22 offset: 420374, length: 490...
2022-01-06 09:14:09,035 - root - DEBUG - Reading resource 22...
2022-01-06 09:14:09,035 - root - INFO - The image is bme.
2022-01-06 09:14:09,035 - root - INFO - Reading image header(readHeader16E)...
2022-01-06 09:14:09,035 - root - INFO - Image header was read:
2022-01-06 09:14:09,035 - root - INFO - Width: 12, Height: 21, RowLength: 24
2022-01-06 09:14:09,035 - root - INFO - datalength: 474, _step: 2
2022-01-06 09:14:09,035 - root - INFO - BPP: 16, Transparency: False
2022-01-06 09:14:09,035 - root - INFO - Resource 23 offset: 420864, length: 424...
2022-01-06 09:14:09,035 - root - DEBUG - Reading resource 23...
2022-01-06 09:14:09,035 - root - INFO - The image is bme.
2022-01-06 09:14:09,035 - root - INFO - Reading image header(readHeader16E)...
2022-01-06 09:14:09,035 - root - INFO - Image header was read:
2022-01-06 09:14:09,035 - root - INFO - Width: 12, Height: 21, RowLength: 24
2022-01-06 09:14:09,035 - root - INFO - datalength: 408, _step: 2
2022-01-06 09:14:09,035 - root - INFO - BPP: 16, Transparency: False
2022-01-06 09:14:09,035 - root - INFO - Resource 24 offset: 421288, length: 480...
2022-01-06 09:14:09,035 - root - DEBUG - Reading resource 24...
2022-01-06 09:14:09,035 - root - INFO - The image is bme.
2022-01-06 09:14:09,035 - root - INFO - Reading image header(readHeader16E)...
2022-01-06 09:14:09,035 - root - INFO - Image header was read:
2022-01-06 09:14:09,035 - root - INFO - Width: 13, Height: 21, RowLength: 26
2022-01-06 09:14:09,035 - root - INFO - datalength: 464, _step: 2
2022-01-06 09:14:09,035 - root - INFO - BPP: 16, Transparency: False
2022-01-06 09:14:09,035 - root - INFO - Resource 25 offset: 421768, length: 236...
2022-01-06 09:14:09,035 - root - DEBUG - Reading resource 25...
2022-01-06 09:14:09,035 - root - INFO - The image is bme.
2022-01-06 09:14:09,035 - root - INFO - Reading image header(readHeader16E)...
2022-01-06 09:14:09,050 - root - INFO - Image header was read:
2022-01-06 09:14:09,050 - root - INFO - Width: 13, Height: 21, RowLength: 26
2022-01-06 09:14:09,050 - root - INFO - datalength: 220, _step: 2
2022-01-06 09:14:09,050 - root - INFO - BPP: 16, Transparency: False
2022-01-06 09:14:09,050 - root - INFO - Resource 26 offset: 422004, length: 360...
2022-01-06 09:14:09,050 - root - DEBUG - Reading resource 26...
2022-01-06 09:14:09,050 - root - INFO - The image is bme.
2022-01-06 09:14:09,050 - root - INFO - Reading image header(readHeader16E)...
2022-01-06 09:14:09,050 - root - INFO - Image header was read:
2022-01-06 09:14:09,050 - root - INFO - Width: 13, Height: 21, RowLength: 26
2022-01-06 09:14:09,050 - root - INFO - datalength: 344, _step: 2
2022-01-06 09:14:09,050 - root - INFO - BPP: 16, Transparency: False
2022-01-06 09:14:09,050 - root - INFO - Resource 27 offset: 422364, length: 378...
2022-01-06 09:14:09,050 - root - DEBUG - Reading resource 27...
2022-01-06 09:14:09,050 - root - INFO - The image is bme.
2022-01-06 09:14:09,050 - root - INFO - Reading image header(readHeader16E)...
2022-01-06 09:14:09,050 - root - INFO - Image header was read:
2022-01-06 09:14:09,050 - root - INFO - Width: 13, Height: 21, RowLength: 26
2022-01-06 09:14:09,050 - root - INFO - datalength: 362, _step: 2
2022-01-06 09:14:09,050 - root - INFO - BPP: 16, Transparency: False
2022-01-06 09:14:09,050 - root - INFO - Resource 28 offset: 422742, length: 354...
2022-01-06 09:14:09,050 - root - DEBUG - Reading resource 28...
2022-01-06 09:14:09,050 - root - INFO - The image is bme.
2022-01-06 09:14:09,050 - root - INFO - Reading image header(readHeader16E)...
2022-01-06 09:14:09,050 - root - INFO - Image header was read:
2022-01-06 09:14:09,050 - root - INFO - Width: 13, Height: 21, RowLength: 26
2022-01-06 09:14:09,050 - root - INFO - datalength: 338, _step: 2
2022-01-06 09:14:09,050 - root - INFO - BPP: 16, Transparency: False
2022-01-06 09:14:09,050 - root - INFO - Resource 29 offset: 423096, length: 360...
2022-01-06 09:14:09,050 - root - DEBUG - Reading resource 29...
2022-01-06 09:14:09,050 - root - INFO - The image is bme.
2022-01-06 09:14:09,050 - root - INFO - Reading image header(readHeader16E)...
2022-01-06 09:14:09,050 - root - INFO - Image header was read:
2022-01-06 09:14:09,050 - root - INFO - Width: 13, Height: 21, RowLength: 26
2022-01-06 09:14:09,050 - root - INFO - datalength: 344, _step: 2
2022-01-06 09:14:09,050 - root - INFO - BPP: 16, Transparency: False
2022-01-06 09:14:09,050 - root - INFO - Resource 30 offset: 423456, length: 426...
2022-01-06 09:14:09,050 - root - DEBUG - Reading resource 30...
2022-01-06 09:14:09,050 - root - INFO - The image is bme.
2022-01-06 09:14:09,050 - root - INFO - Reading image header(readHeader16E)...
2022-01-06 09:14:09,050 - root - INFO - Image header was read:
2022-01-06 09:14:09,050 - root - INFO - Width: 13, Height: 21, RowLength: 26
2022-01-06 09:14:09,050 - root - INFO - datalength: 410, _step: 2
2022-01-06 09:14:09,050 - root - INFO - BPP: 16, Transparency: False
2022-01-06 09:14:09,050 - root - INFO - Resource 31 offset: 423882, length: 354...
2022-01-06 09:14:09,050 - root - DEBUG - Reading resource 31...
2022-01-06 09:14:09,050 - root - INFO - The image is bme.
2022-01-06 09:14:09,050 - root - INFO - Reading image header(readHeader16E)...
2022-01-06 09:14:09,050 - root - INFO - Image header was read:
2022-01-06 09:14:09,050 - root - INFO - Width: 13, Height: 21, RowLength: 26
2022-01-06 09:14:09,050 - root - INFO - datalength: 338, _step: 2
2022-01-06 09:14:09,050 - root - INFO - BPP: 16, Transparency: False
2022-01-06 09:14:09,050 - root - INFO - Resource 32 offset: 424236, length: 508...
2022-01-06 09:14:09,050 - root - DEBUG - Reading resource 32...
2022-01-06 09:14:09,050 - root - INFO - The image is bme.
2022-01-06 09:14:09,050 - root - INFO - Reading image header(readHeader16E)...
2022-01-06 09:14:09,050 - root - INFO - Image header was read:
2022-01-06 09:14:09,050 - root - INFO - Width: 13, Height: 21, RowLength: 26
2022-01-06 09:14:09,050 - root - INFO - datalength: 492, _step: 2
2022-01-06 09:14:09,050 - root - INFO - BPP: 16, Transparency: False
2022-01-06 09:14:09,050 - root - INFO - Resource 33 offset: 424744, length: 442...
2022-01-06 09:14:09,050 - root - DEBUG - Reading resource 33...
2022-01-06 09:14:09,050 - root - INFO - The image is bme.
2022-01-06 09:14:09,050 - root - INFO - Reading image header(readHeader16E)...
2022-01-06 09:14:09,050 - root - INFO - Image header was read:
2022-01-06 09:14:09,050 - root - INFO - Width: 13, Height: 21, RowLength: 26
2022-01-06 09:14:09,050 - root - INFO - datalength: 426, _step: 2
2022-01-06 09:14:09,050 - root - INFO - BPP: 16, Transparency: False
2022-01-06 09:14:09,050 - root - INFO - Resource 34 offset: 425186, length: 144...
2022-01-06 09:14:09,050 - root - DEBUG - Reading resource 34...
2022-01-06 09:14:09,050 - root - INFO - The image is bme.
2022-01-06 09:14:09,050 - root - INFO - Reading image header(readHeader16E)...
2022-01-06 09:14:09,050 - root - INFO - Image header was read:
2022-01-06 09:14:09,050 - root - INFO - Width: 26, Height: 21, RowLength: 52
2022-01-06 09:14:09,050 - root - INFO - datalength: 128, _step: 2
2022-01-06 09:14:09,050 - root - INFO - BPP: 16, Transparency: False
2022-01-06 09:14:09,050 - root - INFO - Resource 35 offset: 425330, length: 872...
2022-01-06 09:14:09,050 - root - DEBUG - Reading resource 35...
2022-01-06 09:14:09,050 - root - INFO - The image is bme.
2022-01-06 09:14:09,050 - root - INFO - Reading image header(readHeader16E)...
2022-01-06 09:14:09,050 - root - INFO - Image header was read:
2022-01-06 09:14:09,050 - root - INFO - Width: 26, Height: 26, RowLength: 52
2022-01-06 09:14:09,050 - root - INFO - datalength: 856, _step: 2
2022-01-06 09:14:09,050 - root - INFO - BPP: 16, Transparency: False
2022-01-06 09:14:09,050 - root - INFO - Resource 36 offset: 426202, length: 992...
2022-01-06 09:14:09,050 - root - DEBUG - Reading resource 36...
2022-01-06 09:14:09,050 - root - INFO - The image is bme.
2022-01-06 09:14:09,050 - root - INFO - Reading image header(readHeader16E)...
2022-01-06 09:14:09,050 - root - INFO - Image header was read:
2022-01-06 09:14:09,050 - root - INFO - Width: 26, Height: 26, RowLength: 52
2022-01-06 09:14:09,050 - root - INFO - datalength: 976, _step: 2
2022-01-06 09:14:09,050 - root - INFO - BPP: 16, Transparency: False
2022-01-06 09:14:09,050 - root - INFO - Resource 37 offset: 427194, length: 1000...
2022-01-06 09:14:09,050 - root - DEBUG - Reading resource 37...
2022-01-06 09:14:09,050 - root - INFO - The image is bme.
2022-01-06 09:14:09,066 - root - INFO - Reading image header(readHeader16E)...
2022-01-06 09:14:09,066 - root - INFO - Image header was read:
2022-01-06 09:14:09,066 - root - INFO - Width: 26, Height: 26, RowLength: 52
2022-01-06 09:14:09,066 - root - INFO - datalength: 984, _step: 2
2022-01-06 09:14:09,066 - root - INFO - BPP: 16, Transparency: False
2022-01-06 09:14:09,066 - root - INFO - Resource 38 offset: 428194, length: 938...
2022-01-06 09:14:09,066 - root - DEBUG - Reading resource 38...
2022-01-06 09:14:09,066 - root - INFO - The image is bme.
2022-01-06 09:14:09,066 - root - INFO - Reading image header(readHeader16E)...
2022-01-06 09:14:09,066 - root - INFO - Image header was read:
2022-01-06 09:14:09,066 - root - INFO - Width: 26, Height: 26, RowLength: 52
2022-01-06 09:14:09,066 - root - INFO - datalength: 922, _step: 2
2022-01-06 09:14:09,066 - root - INFO - BPP: 16, Transparency: False
2022-01-06 09:14:09,066 - root - INFO - Resource 39 offset: 429132, length: 872...
2022-01-06 09:14:09,066 - root - DEBUG - Reading resource 39...
2022-01-06 09:14:09,066 - root - INFO - The image is bme.
2022-01-06 09:14:09,066 - root - INFO - Reading image header(readHeader16E)...
2022-01-06 09:14:09,066 - root - INFO - Image header was read:
2022-01-06 09:14:09,066 - root - INFO - Width: 26, Height: 26, RowLength: 52
2022-01-06 09:14:09,066 - root - INFO - datalength: 856, _step: 2
2022-01-06 09:14:09,066 - root - INFO - BPP: 16, Transparency: False
2022-01-06 09:14:09,066 - root - INFO - Resource 40 offset: 430004, length: 906...
2022-01-06 09:14:09,066 - root - DEBUG - Reading resource 40...
2022-01-06 09:14:09,066 - root - INFO - The image is bme.
2022-01-06 09:14:09,066 - root - INFO - Reading image header(readHeader16E)...
2022-01-06 09:14:09,066 - root - INFO - Image header was read:
2022-01-06 09:14:09,066 - root - INFO - Width: 26, Height: 26, RowLength: 52
2022-01-06 09:14:09,066 - root - INFO - datalength: 890, _step: 2
2022-01-06 09:14:09,066 - root - INFO - BPP: 16, Transparency: False
2022-01-06 09:14:09,066 - root - INFO - Resource 41 offset: 430910, length: 808...
2022-01-06 09:14:09,066 - root - DEBUG - Reading resource 41...
2022-01-06 09:14:09,066 - root - INFO - The image is bme.
2022-01-06 09:14:09,066 - root - INFO - Reading image header(readHeader16E)...
2022-01-06 09:14:09,066 - root - INFO - Image header was read:
2022-01-06 09:14:09,066 - root - INFO - Width: 26, Height: 26, RowLength: 52
2022-01-06 09:14:09,066 - root - INFO - datalength: 792, _step: 2
2022-01-06 09:14:09,066 - root - INFO - BPP: 16, Transparency: False
2022-01-06 09:14:09,066 - root - INFO - Resource 42 offset: 431718, length: 778...
2022-01-06 09:14:09,066 - root - DEBUG - Reading resource 42...
2022-01-06 09:14:09,066 - root - INFO - The image is bme.
2022-01-06 09:14:09,066 - root - INFO - Reading image header(readHeader16E)...
2022-01-06 09:14:09,066 - root - INFO - Image header was read:
2022-01-06 09:14:09,066 - root - INFO - Width: 26, Height: 26, RowLength: 52
2022-01-06 09:14:09,066 - root - INFO - datalength: 762, _step: 2
2022-01-06 09:14:09,066 - root - INFO - BPP: 16, Transparency: False
2022-01-06 09:14:09,066 - root - INFO - Resource 43 offset: 432496, length: 858...
2022-01-06 09:14:09,066 - root - DEBUG - Reading resource 43...
2022-01-06 09:14:09,066 - root - INFO - The image is bme.
2022-01-06 09:14:09,066 - root - INFO - Reading image header(readHeader16E)...
2022-01-06 09:14:09,066 - root - INFO - Image header was read:
2022-01-06 09:14:09,066 - root - INFO - Width: 26, Height: 26, RowLength: 52
2022-01-06 09:14:09,066 - root - INFO - datalength: 842, _step: 2
2022-01-06 09:14:09,066 - root - INFO - BPP: 16, Transparency: False
2022-01-06 09:14:09,066 - root - INFO - Resource 44 offset: 433354, length: 860...
2022-01-06 09:14:09,066 - root - DEBUG - Reading resource 44...
2022-01-06 09:14:09,066 - root - INFO - The image is bme.
2022-01-06 09:14:09,066 - root - INFO - Reading image header(readHeader16E)...
2022-01-06 09:14:09,066 - root - INFO - Image header was read:
2022-01-06 09:14:09,066 - root - INFO - Width: 26, Height: 26, RowLength: 52
2022-01-06 09:14:09,066 - root - INFO - datalength: 844, _step: 2
2022-01-06 09:14:09,066 - root - INFO - BPP: 16, Transparency: False
2022-01-06 09:14:09,082 - root - INFO - Resource 45 offset: 434214, length: 894...
2022-01-06 09:14:09,082 - root - DEBUG - Reading resource 45...
2022-01-06 09:14:09,082 - root - INFO - The image is bme.
2022-01-06 09:14:09,082 - root - INFO - Reading image header(readHeader16E)...
2022-01-06 09:14:09,082 - root - INFO - Image header was read:
2022-01-06 09:14:09,082 - root - INFO - Width: 26, Height: 26, RowLength: 52
2022-01-06 09:14:09,082 - root - INFO - datalength: 878, _step: 2
2022-01-06 09:14:09,082 - root - INFO - BPP: 16, Transparency: False
2022-01-06 09:14:09,082 - root - INFO - Resource 46 offset: 435108, length: 912...
2022-01-06 09:14:09,082 - root - DEBUG - Reading resource 46...
2022-01-06 09:14:09,082 - root - INFO - The image is bme.
2022-01-06 09:14:09,082 - root - INFO - Reading image header(readHeader16E)...
2022-01-06 09:14:09,082 - root - INFO - Image header was read:
2022-01-06 09:14:09,082 - root - INFO - Width: 26, Height: 26, RowLength: 52
2022-01-06 09:14:09,082 - root - INFO - datalength: 896, _step: 2
2022-01-06 09:14:09,082 - root - INFO - BPP: 16, Transparency: False
2022-01-06 09:14:09,082 - root - INFO - Resource 47 offset: 436020, length: 712...
2022-01-06 09:14:09,082 - root - DEBUG - Reading resource 47...
2022-01-06 09:14:09,082 - root - INFO - The image is bme.
2022-01-06 09:14:09,082 - root - INFO - Reading image header(readHeader16E)...
2022-01-06 09:14:09,082 - root - INFO - Image header was read:
2022-01-06 09:14:09,082 - root - INFO - Width: 26, Height: 26, RowLength: 52
2022-01-06 09:14:09,082 - root - INFO - datalength: 696, _step: 2
2022-01-06 09:14:09,082 - root - INFO - BPP: 16, Transparency: False
2022-01-06 09:14:09,082 - root - INFO - Resource 48 offset: 436732, length: 896...
2022-01-06 09:14:09,082 - root - DEBUG - Reading resource 48...
2022-01-06 09:14:09,082 - root - INFO - The image is bme.
2022-01-06 09:14:09,082 - root - INFO - Reading image header(readHeader16E)...
2022-01-06 09:14:09,082 - root - INFO - Image header was read:
2022-01-06 09:14:09,082 - root - INFO - Width: 26, Height: 26, RowLength: 52
2022-01-06 09:14:09,082 - root - INFO - datalength: 880, _step: 2
2022-01-06 09:14:09,082 - root - INFO - BPP: 16, Transparency: False
2022-01-06 09:14:09,082 - root - INFO - Resource 49 offset: 437628, length: 748...
2022-01-06 09:14:09,082 - root - DEBUG - Reading resource 49...
2022-01-06 09:14:09,082 - root - INFO - The image is bme.
2022-01-06 09:14:09,082 - root - INFO - Reading image header(readHeader16E)...
2022-01-06 09:14:09,082 - root - INFO - Image header was read:
2022-01-06 09:14:09,082 - root - INFO - Width: 26, Height: 26, RowLength: 52
2022-01-06 09:14:09,082 - root - INFO - datalength: 732, _step: 2
2022-01-06 09:14:09,082 - root - INFO - BPP: 16, Transparency: False
2022-01-06 09:14:09,082 - root - INFO - Resource 50 offset: 438376, length: 864...
2022-01-06 09:14:09,082 - root - DEBUG - Reading resource 50...
2022-01-06 09:14:09,082 - root - INFO - The image is bme.
2022-01-06 09:14:09,082 - root - INFO - Reading image header(readHeader16E)...
2022-01-06 09:14:09,082 - root - INFO - Image header was read:
2022-01-06 09:14:09,082 - root - INFO - Width: 26, Height: 26, RowLength: 52
2022-01-06 09:14:09,082 - root - INFO - datalength: 848, _step: 2
2022-01-06 09:14:09,082 - root - INFO - BPP: 16, Transparency: False
2022-01-06 09:14:09,082 - root - INFO - Resource 51 offset: 439240, length: 884...
2022-01-06 09:14:09,082 - root - DEBUG - Reading resource 51...
2022-01-06 09:14:09,082 - root - INFO - The image is bme.
2022-01-06 09:14:09,082 - root - INFO - Reading image header(readHeader16E)...
2022-01-06 09:14:09,082 - root - INFO - Image header was read:
2022-01-06 09:14:09,082 - root - INFO - Width: 26, Height: 26, RowLength: 52
2022-01-06 09:14:09,082 - root - INFO - datalength: 868, _step: 2
2022-01-06 09:14:09,082 - root - INFO - BPP: 16, Transparency: False
2022-01-06 09:14:09,082 - root - INFO - Resource 52 offset: 440124, length: 896...
2022-01-06 09:14:09,082 - root - DEBUG - Reading resource 52...
2022-01-06 09:14:09,082 - root - INFO - The image is bme.
2022-01-06 09:14:09,097 - root - INFO - Reading image header(readHeader16E)...
2022-01-06 09:14:09,097 - root - INFO - Image header was read:
2022-01-06 09:14:09,097 - root - INFO - Width: 26, Height: 26, RowLength: 52
2022-01-06 09:14:09,097 - root - INFO - datalength: 880, _step: 2
2022-01-06 09:14:09,097 - root - INFO - BPP: 16, Transparency: False
2022-01-06 09:14:09,097 - root - INFO - Resource 53 offset: 441020, length: 790...
2022-01-06 09:14:09,097 - root - DEBUG - Reading resource 53...
2022-01-06 09:14:09,097 - root - INFO - The image is bme.
2022-01-06 09:14:09,097 - root - INFO - Reading image header(readHeader16E)...
2022-01-06 09:14:09,097 - root - INFO - Image header was read:
2022-01-06 09:14:09,097 - root - INFO - Width: 26, Height: 26, RowLength: 52
2022-01-06 09:14:09,097 - root - INFO - datalength: 774, _step: 2
2022-01-06 09:14:09,097 - root - INFO - BPP: 16, Transparency: False
2022-01-06 09:14:09,097 - root - INFO - Resource 54 offset: 441810, length: 940...
2022-01-06 09:14:09,097 - root - DEBUG - Reading resource 54...
2022-01-06 09:14:09,097 - root - INFO - The image is bme.
2022-01-06 09:14:09,097 - root - INFO - Reading image header(readHeader16E)...
2022-01-06 09:14:09,097 - root - INFO - Image header was read:
2022-01-06 09:14:09,097 - root - INFO - Width: 26, Height: 26, RowLength: 52
2022-01-06 09:14:09,097 - root - INFO - datalength: 924, _step: 2
2022-01-06 09:14:09,097 - root - INFO - BPP: 16, Transparency: False
2022-01-06 09:14:09,097 - root - INFO - Resource 55 offset: 442750, length: 902...
2022-01-06 09:14:09,097 - root - DEBUG - Reading resource 55...
2022-01-06 09:14:09,097 - root - INFO - The image is bme.
2022-01-06 09:14:09,097 - root - INFO - Reading image header(readHeader16E)...
2022-01-06 09:14:09,097 - root - INFO - Image header was read:
2022-01-06 09:14:09,097 - root - INFO - Width: 26, Height: 26, RowLength: 52
2022-01-06 09:14:09,097 - root - INFO - datalength: 886, _step: 2
2022-01-06 09:14:09,097 - root - INFO - BPP: 16, Transparency: False
2022-01-06 09:14:09,097 - root - INFO - Resource 56 offset: 443652, length: 870...
2022-01-06 09:14:09,097 - root - DEBUG - Reading resource 56...
2022-01-06 09:14:09,097 - root - INFO - The image is bme.
2022-01-06 09:14:09,097 - root - INFO - Reading image header(readHeader16E)...
2022-01-06 09:14:09,097 - root - INFO - Image header was read:
2022-01-06 09:14:09,097 - root - INFO - Width: 26, Height: 26, RowLength: 52
2022-01-06 09:14:09,097 - root - INFO - datalength: 854, _step: 2
2022-01-06 09:14:09,097 - root - INFO - BPP: 16, Transparency: False
2022-01-06 09:14:09,097 - root - INFO - Resource 57 offset: 444522, length: 944...
2022-01-06 09:14:09,097 - root - DEBUG - Reading resource 57...
2022-01-06 09:14:09,097 - root - INFO - The image is bme.
2022-01-06 09:14:09,097 - root - INFO - Reading image header(readHeader16E)...
2022-01-06 09:14:09,097 - root - INFO - Image header was read:
2022-01-06 09:14:09,097 - root - INFO - Width: 26, Height: 26, RowLength: 52
2022-01-06 09:14:09,097 - root - INFO - datalength: 928, _step: 2
2022-01-06 09:14:09,097 - root - INFO - BPP: 16, Transparency: False
2022-01-06 09:14:09,097 - root - INFO - Resource 58 offset: 445466, length: 804...
2022-01-06 09:14:09,097 - root - DEBUG - Reading resource 58...
2022-01-06 09:14:09,097 - root - INFO - The image is bme.
2022-01-06 09:14:09,097 - root - INFO - Reading image header(readHeader16E)...
2022-01-06 09:14:09,097 - root - INFO - Image header was read:
2022-01-06 09:14:09,097 - root - INFO - Width: 26, Height: 26, RowLength: 52
2022-01-06 09:14:09,097 - root - INFO - datalength: 788, _step: 2
2022-01-06 09:14:09,097 - root - INFO - BPP: 16, Transparency: False
2022-01-06 09:14:09,097 - root - INFO - Resource 59 offset: 446270, length: 734...
2022-01-06 09:14:09,097 - root - DEBUG - Reading resource 59...
2022-01-06 09:14:09,097 - root - INFO - The image is bme.
2022-01-06 09:14:09,097 - root - INFO - Reading image header(readHeader16E)...
2022-01-06 09:14:09,097 - root - INFO - Image header was read:
2022-01-06 09:14:09,097 - root - INFO - Width: 26, Height: 26, RowLength: 52
2022-01-06 09:14:09,097 - root - INFO - datalength: 718, _step: 2
2022-01-06 09:14:09,097 - root - INFO - BPP: 16, Transparency: False
2022-01-06 09:14:09,113 - root - INFO - Resource 60 offset: 447004, length: 916...
2022-01-06 09:14:09,113 - root - DEBUG - Reading resource 60...
2022-01-06 09:14:09,113 - root - INFO - The image is bme.
2022-01-06 09:14:09,113 - root - INFO - Reading image header(readHeader16E)...
2022-01-06 09:14:09,113 - root - INFO - Image header was read:
2022-01-06 09:14:09,113 - root - INFO - Width: 26, Height: 26, RowLength: 52
2022-01-06 09:14:09,113 - root - INFO - datalength: 900, _step: 2
2022-01-06 09:14:09,113 - root - INFO - BPP: 16, Transparency: False
2022-01-06 09:14:09,113 - root - INFO - Resource 61 offset: 447920, length: 80...
2022-01-06 09:14:09,113 - root - DEBUG - Reading resource 61...
2022-01-06 09:14:09,113 - root - INFO - The image is bme.
2022-01-06 09:14:09,113 - root - INFO - Reading image header(readHeader16E)...
2022-01-06 09:14:09,113 - root - INFO - Image header was read:
2022-01-06 09:14:09,113 - root - INFO - Width: 13, Height: 21, RowLength: 26
2022-01-06 09:14:09,113 - root - INFO - datalength: 64, _step: 2
2022-01-06 09:14:09,113 - root - INFO - BPP: 16, Transparency: False
2022-01-06 09:14:09,113 - root - INFO - Resource 62 offset: 448000, length: 162...
2022-01-06 09:14:09,113 - root - DEBUG - Reading resource 62...
2022-01-06 09:14:09,113 - root - INFO - The image is bme.
2022-01-06 09:14:09,113 - root - INFO - Reading image header(readHeader16E)...
2022-01-06 09:14:09,113 - root - INFO - Image header was read:
2022-01-06 09:14:09,113 - root - INFO - Width: 9, Height: 21, RowLength: 18
2022-01-06 09:14:09,113 - root - INFO - datalength: 146, _step: 2
2022-01-06 09:14:09,113 - root - INFO - BPP: 16, Transparency: False
2022-01-06 09:14:09,113 - root - DEBUG - Parsing parameters...
2022-01-06 09:14:09,175 - root - DEBUG - 0 Value: None
2022-01-06 09:14:09,175 - root - DEBUG - 0.1 Value: 73
2022-01-06 09:14:09,175 - root - DEBUG - 2 Value: None
2022-01-06 09:14:09,175 - root - DEBUG - 2.1 Value: None
2022-01-06 09:14:09,175 - root - DEBUG - 2.1.1 Value: 0
2022-01-06 09:14:09,175 - root - DEBUG - 2.1.2 Value: 0
2022-01-06 09:14:09,175 - root - DEBUG - 2.1.3 Value: 0
2022-01-06 09:14:09,175 - root - DEBUG - 2.3 Value: None
2022-01-06 09:14:09,175 - root - DEBUG - 2.3.1 Value: 0
2022-01-06 09:14:09,175 - root - DEBUG - 2.3.2 Value: 0
2022-01-06 09:14:09,175 - root - DEBUG - 2.3.3 Value: 1
2022-01-06 09:14:09,175 - root - DEBUG - 2.4 Value: None
2022-01-06 09:14:09,175 - root - DEBUG - 2.4.1 Value: 0
2022-01-06 09:14:09,175 - root - DEBUG - 2.4.2 Value: 0
2022-01-06 09:14:09,175 - root - DEBUG - 2.4.3 Value: 1
2022-01-06 09:14:09,175 - root - DEBUG - 2.5 Value: None
2022-01-06 09:14:09,175 - root - DEBUG - 2.5.1 Value: 0
2022-01-06 09:14:09,175 - root - DEBUG - 2.5.2 Value: 0
2022-01-06 09:14:09,175 - root - DEBUG - 2.5.3 Value: 1
2022-01-06 09:14:09,175 - root - DEBUG - 3 Value: None
2022-01-06 09:14:09,175 - root - DEBUG - 3.1 Value: None
2022-01-06 09:14:09,175 - root - DEBUG - 3.1.1 Value: None
2022-01-06 09:14:09,175 - root - DEBUG - 3.1.1.1 Value: None
2022-01-06 09:14:09,175 - root - DEBUG - 3.1.1.1.1 Value: 99
2022-01-06 09:14:09,175 - root - DEBUG - 3.1.1.1.2 Value: 18
2022-01-06 09:14:09,175 - root - DEBUG - 3.1.1.1.3 Value: 2
2022-01-06 09:14:09,175 - root - DEBUG - 3.1.1.1.4 Value: 10
2022-01-06 09:14:09,175 - root - DEBUG - 3.1.1.2 Value: None
2022-01-06 09:14:09,175 - root - DEBUG - 3.1.1.2.1 Value: 155
2022-01-06 09:14:09,175 - root - DEBUG - 3.1.1.2.2 Value: 18
2022-01-06 09:14:09,175 - root - DEBUG - 3.1.1.2.3 Value: 2
2022-01-06 09:14:09,175 - root - DEBUG - 3.1.1.2.4 Value: 10
2022-01-06 09:14:09,175 - root - DEBUG - 3.1.2 Value: None
2022-01-06 09:14:09,175 - root - DEBUG - 3.1.2.1 Value: None
2022-01-06 09:14:09,175 - root - DEBUG - 3.1.2.1.1 Value: 99
2022-01-06 09:14:09,175 - root - DEBUG - 3.1.2.1.2 Value: 102
2022-01-06 09:14:09,175 - root - DEBUG - 3.1.2.1.3 Value: 2
2022-01-06 09:14:09,175 - root - DEBUG - 3.1.2.1.4 Value: 10
2022-01-06 09:14:09,175 - root - DEBUG - 3.1.2.2 Value: None
2022-01-06 09:14:09,175 - root - DEBUG - 3.1.2.2.1 Value: 155
2022-01-06 09:14:09,175 - root - DEBUG - 3.1.2.2.2 Value: 102
2022-01-06 09:14:09,175 - root - DEBUG - 3.1.2.2.3 Value: 2
2022-01-06 09:14:09,175 - root - DEBUG - 3.1.2.2.4 Value: 10
2022-01-06 09:14:09,175 - root - DEBUG - 3.1.7 Value: 0
2022-01-06 09:14:09,175 - root - DEBUG - 3.1.8 Value: 1
2022-01-06 09:14:09,175 - root - DEBUG - 4 Value: None
2022-01-06 09:14:09,175 - root - DEBUG - 4.1 Value: None
2022-01-06 09:14:09,175 - root - DEBUG - 4.1.1 Value: None
2022-01-06 09:14:09,175 - root - DEBUG - 4.1.1.1 Value: 229
2022-01-06 09:14:09,175 - root - DEBUG - 4.1.1.2 Value: 219
2022-01-06 09:14:09,175 - root - DEBUG - 4.1.1.3 Value: 280
2022-01-06 09:14:09,175 - root - DEBUG - 4.1.1.4 Value: 240
2022-01-06 09:14:09,175 - root - DEBUG - 4.1.1.5 Value: 24
2022-01-06 09:14:09,175 - root - DEBUG - 4.1.1.6 Value: 1
2022-01-06 09:14:09,175 - root - DEBUG - 4.1.1.7 Value: 0
2022-01-06 09:14:09,175 - root - DEBUG - 4.1.1.8 Value: 14
2022-01-06 09:14:09,175 - root - DEBUG - 4.1.1.9 Value: 10
2022-01-06 09:14:09,175 - root - DEBUG - 4.3 Value: None
2022-01-06 09:14:09,175 - root - DEBUG - 4.3.1 Value: None
2022-01-06 09:14:09,175 - root - DEBUG - 4.3.1.1 Value: 30
2022-01-06 09:14:09,175 - root - DEBUG - 4.3.1.2 Value: 219
2022-01-06 09:14:09,175 - root - DEBUG - 4.3.1.3 Value: 71
2022-01-06 09:14:09,175 - root - DEBUG - 4.3.1.4 Value: 240
2022-01-06 09:14:09,175 - root - DEBUG - 4.3.1.5 Value: 24
2022-01-06 09:14:09,175 - root - DEBUG - 4.3.1.6 Value: 1
2022-01-06 09:14:09,175 - root - DEBUG - 4.3.1.7 Value: 0
2022-01-06 09:14:09,175 - root - DEBUG - 4.3.1.8 Value: 24
2022-01-06 09:14:09,175 - root - DEBUG - 4.3.1.9 Value: 10
2022-01-06 09:14:09,175 - root - DEBUG - 4.4 Value: None
2022-01-06 09:14:09,175 - root - DEBUG - 4.4.1 Value: None
2022-01-06 09:14:09,175 - root - DEBUG - 4.4.1.1 Value: 40
2022-01-06 09:14:09,175 - root - DEBUG - 4.4.1.2 Value: 100
2022-01-06 09:14:09,175 - root - DEBUG - 4.4.1.3 Value: 67
2022-01-06 09:14:09,175 - root - DEBUG - 4.4.1.4 Value: 121
2022-01-06 09:14:09,175 - root - DEBUG - 4.4.1.5 Value: 24
2022-01-06 09:14:09,175 - root - DEBUG - 4.4.1.6 Value: 1
2022-01-06 09:14:09,175 - root - DEBUG - 4.4.1.7 Value: 0
2022-01-06 09:14:09,175 - root - DEBUG - 4.4.1.8 Value: 24
2022-01-06 09:14:09,175 - root - DEBUG - 4.4.1.9 Value: 10
2022-01-06 09:14:09,175 - root - DEBUG - 4.4.3 Value: 34
2022-01-06 09:14:09,175 - root - DEBUG - 4.7 Value: 0
2022-01-06 09:14:09,175 - root - DEBUG - 4.8 Value: None
2022-01-06 09:14:09,175 - root - DEBUG - 4.8.1 Value: None
2022-01-06 09:14:09,175 - root - DEBUG - 4.8.1.1 Value: 0
2022-01-06 09:14:09,175 - root - DEBUG - 4.8.1.2 Value: 0
2022-01-06 09:14:09,175 - root - DEBUG - 4.8.1.3 Value: 0
2022-01-06 09:14:09,175 - root - DEBUG - 4.8.1.4 Value: 0
2022-01-06 09:14:09,175 - root - DEBUG - 4.8.1.5 Value: 0
2022-01-06 09:14:09,175 - root - DEBUG - 4.8.1.6 Value: 0
2022-01-06 09:14:09,175 - root - DEBUG - 4.8.1.7 Value: 0
2022-01-06 09:14:09,175 - root - DEBUG - 4.8.1.8 Value: 0
2022-01-06 09:14:09,175 - root - DEBUG - 4.8.1.9 Value: 0
2022-01-06 09:14:09,175 - root - DEBUG - 5 Value: None
2022-01-06 09:14:09,175 - root - DEBUG - 5.1 Value: None
2022-01-06 09:14:09,175 - root - DEBUG - 5.1.4 Value: 0
2022-01-06 09:14:09,175 - root - DEBUG - 5.1.5 Value: 0
2022-01-06 09:14:09,175 - root - DEBUG - 5.1.6 Value: 0
2022-01-06 09:14:09,175 - root - DEBUG - 5.2 Value: None
2022-01-06 09:14:09,175 - root - DEBUG - 5.2.1 Value: 131
2022-01-06 09:14:09,175 - root - DEBUG - 5.2.2 Value: 175
2022-01-06 09:14:09,175 - root - DEBUG - 5.2.5 Value: 12
2022-01-06 09:14:09,175 - root - DEBUG - 5.2.6 Value: 13
2022-01-06 09:14:09,175 - root - DEBUG - 6 Value: None
2022-01-06 09:14:09,175 - root - DEBUG - 6.1 Value: None
2022-01-06 09:14:09,175 - root - DEBUG - 6.1.2 Value: None
2022-01-06 09:14:09,175 - root - DEBUG - 6.1.2.1 Value: 140
2022-01-06 09:14:09,175 - root - DEBUG - 6.1.2.2 Value: 281
2022-01-06 09:14:09,175 - root - DEBUG - 6.1.2.3 Value: 35
2022-01-06 09:14:09,175 - root - DEBUG - 6.1.2.4 Value: 26
2022-01-06 09:14:09,175 - root - DEBUG - 6.2 Value: None
2022-01-06 09:14:09,175 - root - DEBUG - 6.2.1 Value: None
2022-01-06 09:14:09,175 - root - DEBUG - 6.2.1.1 Value: None
2022-01-06 09:14:09,175 - root - DEBUG - 6.2.1.1.1 Value: 135
2022-01-06 09:14:09,175 - root - DEBUG - 6.2.1.1.2 Value: 250
2022-01-06 09:14:09,175 - root - DEBUG - 6.2.1.1.3 Value: 172
2022-01-06 09:14:09,175 - root - DEBUG - 6.2.1.1.4 Value: 275
2022-01-06 09:14:09,175 - root - DEBUG - 6.2.1.1.5 Value: 24
2022-01-06 09:14:09,175 - root - DEBUG - 6.2.1.1.6 Value: 1
2022-01-06 09:14:09,175 - root - DEBUG - 6.2.1.1.7 Value: 0
2022-01-06 09:14:09,175 - root - DEBUG - 6.2.1.1.8 Value: 24
2022-01-06 09:14:09,175 - root - DEBUG - 6.2.1.1.9 Value: 10
2022-01-06 09:14:09,175 - root - DEBUG - 6.2.1.2 Value: 61
2022-01-06 09:14:09,175 - root - DEBUG - 6.2.1.3 Value: 62
2022-01-06 09:14:09,175 - root - DEBUG - 6.2.1.5 Value: 34
2022-01-06 09:14:09,175 - root - DEBUG - 9 Value: None
2022-01-06 09:14:09,175 - root - DEBUG - 9.1 Value: None
2022-01-06 09:14:09,175 - root - DEBUG - 9.1.1 Value: None
2022-01-06 09:14:09,175 - root - DEBUG - 9.1.1.1 Value: 239
2022-01-06 09:14:09,175 - root - DEBUG - 9.1.1.2 Value: 100
2022-01-06 09:14:09,175 - root - DEBUG - 9.1.1.3 Value: 266
2022-01-06 09:14:09,175 - root - DEBUG - 9.1.1.4 Value: 121
2022-01-06 09:14:09,175 - root - DEBUG - 9.1.1.5 Value: 24
2022-01-06 09:14:09,175 - root - DEBUG - 9.1.1.6 Value: 1
2022-01-06 09:14:09,175 - root - DEBUG - 9.1.1.7 Value: 0
2022-01-06 09:14:09,175 - root - DEBUG - 9.1.1.8 Value: 24
2022-01-06 09:14:09,175 - root - DEBUG - 9.1.1.9 Value: 10
2022-01-06 09:14:09,175 - root - DEBUG - 0-Info
2022-01-06 09:14:09,175 - root - DEBUG - 0.1-DeviceId
2022-01-06 09:14:09,175 - root - DEBUG - 2-Background
2022-01-06 09:14:09,175 - root - DEBUG - 2.1-Image
2022-01-06 09:14:09,175 - root - DEBUG - 2.1.1-X
2022-01-06 09:14:09,175 - root - DEBUG - 2.1.2-Y
2022-01-06 09:14:09,175 - root - DEBUG - 2.1.3-ImageIndex
2022-01-06 09:14:09,175 - root - DEBUG - 2.3-Preview
2022-01-06 09:14:09,175 - root - DEBUG - 2.3.1-X
2022-01-06 09:14:09,175 - root - DEBUG - 2.3.2-Y
2022-01-06 09:14:09,175 - root - DEBUG - 2.3.3-ImageIndex
2022-01-06 09:14:09,175 - root - DEBUG - 2.4-PreviewTradChinese
2022-01-06 09:14:09,175 - root - DEBUG - 2.4.1-X
2022-01-06 09:14:09,175 - root - DEBUG - 2.4.2-Y
2022-01-06 09:14:09,175 - root - DEBUG - 2.4.3-ImageIndex
2022-01-06 09:14:09,175 - root - DEBUG - 2.5-PreviewChinese
2022-01-06 09:14:09,175 - root - DEBUG - 2.5.1-X
2022-01-06 09:14:09,175 - root - DEBUG - 2.5.2-Y
2022-01-06 09:14:09,175 - root - DEBUG - 2.5.3-ImageIndex
2022-01-06 09:14:09,175 - root - DEBUG - 3-TimeExtended
2022-01-06 09:14:09,175 - root - DEBUG - 3.1-TimeSeparateDigits
2022-01-06 09:14:09,191 - root - DEBUG - 3.1.1-Hours
2022-01-06 09:14:09,191 - root - DEBUG - 3.1.1.1-Tens
2022-01-06 09:14:09,191 - root - DEBUG - 3.1.1.1.1-X
2022-01-06 09:14:09,191 - root - DEBUG - 3.1.1.1.2-Y
2022-01-06 09:14:09,191 - root - DEBUG - 3.1.1.1.3-ImageIndex
2022-01-06 09:14:09,191 - root - DEBUG - 3.1.1.1.4-ImagesCount
2022-01-06 09:14:09,191 - root - DEBUG - 3.1.1.2-Ones
2022-01-06 09:14:09,191 - root - DEBUG - 3.1.1.2.1-X
2022-01-06 09:14:09,191 - root - DEBUG - 3.1.1.2.2-Y
2022-01-06 09:14:09,191 - root - DEBUG - 3.1.1.2.3-ImageIndex
2022-01-06 09:14:09,191 - root - DEBUG - 3.1.1.2.4-ImagesCount
2022-01-06 09:14:09,191 - root - DEBUG - 3.1.2-Minutes
2022-01-06 09:14:09,191 - root - DEBUG - 3.1.2.1-Tens
2022-01-06 09:14:09,191 - root - DEBUG - 3.1.2.1.1-X
2022-01-06 09:14:09,191 - root - DEBUG - 3.1.2.1.2-Y
2022-01-06 09:14:09,191 - root - DEBUG - 3.1.2.1.3-ImageIndex
2022-01-06 09:14:09,191 - root - DEBUG - 3.1.2.1.4-ImagesCount
2022-01-06 09:14:09,191 - root - DEBUG - 3.1.2.2-Ones
2022-01-06 09:14:09,191 - root - DEBUG - 3.1.2.2.1-X
2022-01-06 09:14:09,191 - root - DEBUG - 3.1.2.2.2-Y
2022-01-06 09:14:09,191 - root - DEBUG - 3.1.2.2.3-ImageIndex
2022-01-06 09:14:09,191 - root - DEBUG - 3.1.2.2.4-ImagesCount
2022-01-06 09:14:09,191 - root - DEBUG - 3.1.7-PaddingZeroHours
2022-01-06 09:14:09,191 - root - DEBUG - 3.1.8-PaddingZeroMinutes
2022-01-06 09:14:09,191 - root - DEBUG - 4-Activity
2022-01-06 09:14:09,191 - root - DEBUG - 4.1-Steps
2022-01-06 09:14:09,191 - root - DEBUG - 4.1.1-ImageNumber
2022-01-06 09:14:09,191 - root - DEBUG - 4.1.1.1-TopLeftX
2022-01-06 09:14:09,191 - root - DEBUG - 4.1.1.2-TopLeftY
2022-01-06 09:14:09,191 - root - DEBUG - 4.1.1.3-BottomRightX
2022-01-06 09:14:09,191 - root - DEBUG - 4.1.1.4-BottomRightY
2022-01-06 09:14:09,191 - root - DEBUG - 4.1.1.5-Alignment
2022-01-06 09:14:09,191 - root - DEBUG - 4.1.1.6-Spacing
2022-01-06 09:14:09,191 - root - DEBUG - 4.1.1.7-VerticalOffset
2022-01-06 09:14:09,191 - root - DEBUG - 4.1.1.8-ImageIndex
2022-01-06 09:14:09,191 - root - DEBUG - 4.1.1.9-ImagesCount
2022-01-06 09:14:09,191 - root - DEBUG - 4.3-Calories
2022-01-06 09:14:09,191 - root - DEBUG - 4.3.1-ImageNumber
2022-01-06 09:14:09,191 - root - DEBUG - 4.3.1.1-TopLeftX
2022-01-06 09:14:09,191 - root - DEBUG - 4.3.1.2-TopLeftY
2022-01-06 09:14:09,191 - root - DEBUG - 4.3.1.3-BottomRightX
2022-01-06 09:14:09,191 - root - DEBUG - 4.3.1.4-BottomRightY
2022-01-06 09:14:09,191 - root - DEBUG - 4.3.1.5-Alignment
2022-01-06 09:14:09,191 - root - DEBUG - 4.3.1.6-Spacing
2022-01-06 09:14:09,191 - root - DEBUG - 4.3.1.7-VerticalOffset
2022-01-06 09:14:09,191 - root - DEBUG - 4.3.1.8-ImageIndex
2022-01-06 09:14:09,191 - root - DEBUG - 4.3.1.9-ImagesCount
2022-01-06 09:14:09,191 - root - DEBUG - 4.4-HeartRate
2022-01-06 09:14:09,191 - root - DEBUG - 4.4.1-ImageNumber
2022-01-06 09:14:09,191 - root - DEBUG - 4.4.1.1-TopLeftX
2022-01-06 09:14:09,191 - root - DEBUG - 4.4.1.2-TopLeftY
2022-01-06 09:14:09,191 - root - DEBUG - 4.4.1.3-BottomRightX
2022-01-06 09:14:09,191 - root - DEBUG - 4.4.1.4-BottomRightY
2022-01-06 09:14:09,191 - root - DEBUG - 4.4.1.5-Alignment
2022-01-06 09:14:09,191 - root - DEBUG - 4.4.1.6-Spacing
2022-01-06 09:14:09,191 - root - DEBUG - 4.4.1.7-VerticalOffset
2022-01-06 09:14:09,191 - root - DEBUG - 4.4.1.8-ImageIndex
2022-01-06 09:14:09,191 - root - DEBUG - 4.4.1.9-ImagesCount
2022-01-06 09:14:09,191 - root - DEBUG - 4.4.3-NoDataImageIndex
2022-01-06 09:14:09,191 - root - DEBUG - 4.7-UnknownLongValue7
2022-01-06 09:14:09,191 - root - DEBUG - 4.8-StandUp
2022-01-06 09:14:09,191 - root - DEBUG - 4.8.1-ImageNumber
2022-01-06 09:14:09,191 - root - DEBUG - 4.8.1.1-TopLeftX
2022-01-06 09:14:09,191 - root - DEBUG - 4.8.1.2-TopLeftY
2022-01-06 09:14:09,191 - root - DEBUG - 4.8.1.3-BottomRightX
2022-01-06 09:14:09,191 - root - DEBUG - 4.8.1.4-BottomRightY
2022-01-06 09:14:09,191 - root - DEBUG - 4.8.1.5-Alignment
2022-01-06 09:14:09,191 - root - DEBUG - 4.8.1.6-Spacing
2022-01-06 09:14:09,191 - root - DEBUG - 4.8.1.7-VerticalOffset
2022-01-06 09:14:09,191 - root - DEBUG - 4.8.1.8-ImageIndex
2022-01-06 09:14:09,191 - root - DEBUG - 4.8.1.9-ImagesCount
2022-01-06 09:14:09,191 - root - DEBUG - 5-DateBlock
2022-01-06 09:14:09,191 - root - DEBUG - 5.1-Date
2022-01-06 09:14:09,191 - root - DEBUG - 5.1.4-PaddingZeroMonth
2022-01-06 09:14:09,191 - root - DEBUG - 5.1.5-PaddingZeroDay
2022-01-06 09:14:09,191 - root - DEBUG - 5.1.6-UnknownBoolean6
2022-01-06 09:14:09,191 - root - DEBUG - 5.2-AmPm
2022-01-06 09:14:09,191 - root - DEBUG - 5.2.1-CommonX
2022-01-06 09:14:09,191 - root - DEBUG - 5.2.2-CommonY
2022-01-06 09:14:09,191 - root - DEBUG - 5.2.5-AmImageIndexEN
2022-01-06 09:14:09,191 - root - DEBUG - 5.2.6-PmImageIndexEN
2022-01-06 09:14:09,191 - root - DEBUG - 6-Weather
2022-01-06 09:14:09,191 - root - DEBUG - 6.1-Icon
2022-01-06 09:14:09,191 - root - DEBUG - 6.1.2-Images
2022-01-06 09:14:09,191 - root - DEBUG - 6.1.2.1-X
2022-01-06 09:14:09,191 - root - DEBUG - 6.1.2.2-Y
2022-01-06 09:14:09,191 - root - DEBUG - 6.1.2.3-ImageIndex
2022-01-06 09:14:09,191 - root - DEBUG - 6.1.2.4-ImagesCount
2022-01-06 09:14:09,191 - root - DEBUG - 6.2-Temperature
2022-01-06 09:14:09,191 - root - DEBUG - 6.2.1-Current
2022-01-06 09:14:09,191 - root - DEBUG - 6.2.1.1-ImageNumber
2022-01-06 09:14:09,191 - root - DEBUG - 6.2.1.1.1-TopLeftX
2022-01-06 09:14:09,191 - root - DEBUG - 6.2.1.1.2-TopLeftY
2022-01-06 09:14:09,191 - root - DEBUG - 6.2.1.1.3-BottomRightX
2022-01-06 09:14:09,191 - root - DEBUG - 6.2.1.1.4-BottomRightY
2022-01-06 09:14:09,191 - root - DEBUG - 6.2.1.1.5-Alignment
2022-01-06 09:14:09,191 - root - DEBUG - 6.2.1.1.6-Spacing
2022-01-06 09:14:09,191 - root - DEBUG - 6.2.1.1.7-VerticalOffset
2022-01-06 09:14:09,191 - root - DEBUG - 6.2.1.1.8-ImageIndex
2022-01-06 09:14:09,191 - root - DEBUG - 6.2.1.1.9-ImagesCount
2022-01-06 09:14:09,191 - root - DEBUG - 6.2.1.2-MinusImageIndex
2022-01-06 09:14:09,191 - root - DEBUG - 6.2.1.3-SuffixImageIndexC
2022-01-06 09:14:09,191 - root - DEBUG - 6.2.1.5-NoDataImageIndex
2022-01-06 09:14:09,191 - root - DEBUG - 9-Battery
2022-01-06 09:14:09,191 - root - DEBUG - 9.1-BatteryText
2022-01-06 09:14:09,191 - root - DEBUG - 9.1.1-ImageNumber
2022-01-06 09:14:09,191 - root - DEBUG - 9.1.1.1-TopLeftX
2022-01-06 09:14:09,191 - root - DEBUG - 9.1.1.2-TopLeftY
2022-01-06 09:14:09,191 - root - DEBUG - 9.1.1.3-BottomRightX
2022-01-06 09:14:09,191 - root - DEBUG - 9.1.1.4-BottomRightY
2022-01-06 09:14:09,191 - root - DEBUG - 9.1.1.5-Alignment
2022-01-06 09:14:09,191 - root - DEBUG - 9.1.1.6-Spacing
2022-01-06 09:14:09,191 - root - DEBUG - 9.1.1.7-VerticalOffset
2022-01-06 09:14:09,191 - root - DEBUG - 9.1.1.8-ImageIndex
2022-01-06 09:14:09,191 - root - DEBUG - 9.1.1.9-ImagesCount
2022-01-06 09:14:09,191 - root - DEBUG - generatePreviews
2022-01-06 09:14:09,191 - root - DEBUG - Generating previews...
2022-01-06 09:14:09,191 - root - DEBUG - Generating states done...
2022-01-06 09:14:09,207 - root - DEBUG - >>>>>>>>>>>> 0 <watchFaceParser.models.parameter.Parameter object at 0x00000175630243C8>
2022-01-06 09:14:09,207 - root - DEBUG - >>>>>>>>>>>> 2 <watchFaceParser.models.parameter.Parameter object at 0x0000017563011D48>
2022-01-06 09:14:09,207 - root - DEBUG - >>>>>>>>>>>> 3 <watchFaceParser.models.parameter.Parameter object at 0x000001756301E088>
2022-01-06 09:14:09,222 - root - DEBUG - >>>>>>>>>>>> 4 <watchFaceParser.models.parameter.Parameter object at 0x0000017563021588>
2022-01-06 09:14:09,222 - root - DEBUG - >>>>>>>>>>>> 5 <watchFaceParser.models.parameter.Parameter object at 0x0000017563021308>
2022-01-06 09:14:09,222 - root - DEBUG - >>>>>>>>>>>> 6 <watchFaceParser.models.parameter.Parameter object at 0x0000017563021E88>
2022-01-06 09:14:09,238 - root - DEBUG - >>>>>>>>>>>> 9 <watchFaceParser.models.parameter.Parameter object at 0x0000017563024408>
2022-01-06 09:14:09,238 - root - DEBUG - Generating static preview gen done...
2022-01-06 09:14:09,332 - root - DEBUG - Generating static preview save done...
2022-01-06 09:14:09,332 - root - DEBUG - Generating anim preview gen done...
2022-01-06 09:14:09,332 - root - DEBUG - >>>>>>>>>>>> 0 <watchFaceParser.models.parameter.Parameter object at 0x00000175630243C8>
2022-01-06 09:14:09,332 - root - DEBUG - >>>>>>>>>>>> 2 <watchFaceParser.models.parameter.Parameter object at 0x0000017563011D48>
2022-01-06 09:14:09,332 - root - DEBUG - >>>>>>>>>>>> 3 <watchFaceParser.models.parameter.Parameter object at 0x000001756301E088>
2022-01-06 09:14:09,332 - root - DEBUG - >>>>>>>>>>>> 4 <watchFaceParser.models.parameter.Parameter object at 0x0000017563021588>
2022-01-06 09:14:09,332 - root - DEBUG - >>>>>>>>>>>> 5 <watchFaceParser.models.parameter.Parameter object at 0x0000017563021308>
2022-01-06 09:14:09,332 - root - DEBUG - >>>>>>>>>>>> 6 <watchFaceParser.models.parameter.Parameter object at 0x0000017563021E88>
2022-01-06 09:14:09,332 - root - DEBUG - >>>>>>>>>>>> 9 <watchFaceParser.models.parameter.Parameter object at 0x0000017563024408>
2022-01-06 09:14:09,441 - root - DEBUG - generatePreviews done
2022-01-06 09:14:09,441 - root - DEBUG - Exporting resources to 'E:\Codez\zepp-gts2mini-wf\9f1371ab58efed55942bcb340ddf7859'
2022-01-06 09:14:09,441 - root - DEBUG - extracting E:\Codez\zepp-gts2mini-wf\9f1371ab58efed55942bcb340ddf7859\0000.png...
2022-01-06 09:14:09,472 - root - DEBUG - extracting E:\Codez\zepp-gts2mini-wf\9f1371ab58efed55942bcb340ddf7859\0001.png...
2022-01-06 09:14:09,488 - root - DEBUG - extracting E:\Codez\zepp-gts2mini-wf\9f1371ab58efed55942bcb340ddf7859\0002.png...
2022-01-06 09:14:09,488 - root - DEBUG - extracting E:\Codez\zepp-gts2mini-wf\9f1371ab58efed55942bcb340ddf7859\0003.png...
2022-01-06 09:14:09,488 - root - DEBUG - extracting E:\Codez\zepp-gts2mini-wf\9f1371ab58efed55942bcb340ddf7859\0004.png...
2022-01-06 09:14:09,488 - root - DEBUG - extracting E:\Codez\zepp-gts2mini-wf\9f1371ab58efed55942bcb340ddf7859\0005.png...
2022-01-06 09:14:09,504 - root - DEBUG - extracting E:\Codez\zepp-gts2mini-wf\9f1371ab58efed55942bcb340ddf7859\0006.png...
2022-01-06 09:14:09,504 - root - DEBUG - extracting E:\Codez\zepp-gts2mini-wf\9f1371ab58efed55942bcb340ddf7859\0007.png...
2022-01-06 09:14:09,504 - root - DEBUG - extracting E:\Codez\zepp-gts2mini-wf\9f1371ab58efed55942bcb340ddf7859\0008.png...
2022-01-06 09:14:09,504 - root - DEBUG - extracting E:\Codez\zepp-gts2mini-wf\9f1371ab58efed55942bcb340ddf7859\0009.png...
2022-01-06 09:14:09,504 - root - DEBUG - extracting E:\Codez\zepp-gts2mini-wf\9f1371ab58efed55942bcb340ddf7859\0010.png...
2022-01-06 09:14:09,504 - root - DEBUG - extracting E:\Codez\zepp-gts2mini-wf\9f1371ab58efed55942bcb340ddf7859\0011.png...
2022-01-06 09:14:09,504 - root - DEBUG - extracting E:\Codez\zepp-gts2mini-wf\9f1371ab58efed55942bcb340ddf7859\0012.png...
2022-01-06 09:14:09,504 - root - DEBUG - extracting E:\Codez\zepp-gts2mini-wf\9f1371ab58efed55942bcb340ddf7859\0013.png...
2022-01-06 09:14:09,504 - root - DEBUG - extracting E:\Codez\zepp-gts2mini-wf\9f1371ab58efed55942bcb340ddf7859\0014.png...
2022-01-06 09:14:09,504 - root - DEBUG - extracting E:\Codez\zepp-gts2mini-wf\9f1371ab58efed55942bcb340ddf7859\0015.png...
2022-01-06 09:14:09,504 - root - DEBUG - extracting E:\Codez\zepp-gts2mini-wf\9f1371ab58efed55942bcb340ddf7859\0016.png...
2022-01-06 09:14:09,504 - root - DEBUG - extracting E:\Codez\zepp-gts2mini-wf\9f1371ab58efed55942bcb340ddf7859\0017.png...
2022-01-06 09:14:09,504 - root - DEBUG - extracting E:\Codez\zepp-gts2mini-wf\9f1371ab58efed55942bcb340ddf7859\0018.png...
2022-01-06 09:14:09,504 - root - DEBUG - extracting E:\Codez\zepp-gts2mini-wf\9f1371ab58efed55942bcb340ddf7859\0019.png...
2022-01-06 09:14:09,504 - root - DEBUG - extracting E:\Codez\zepp-gts2mini-wf\9f1371ab58efed55942bcb340ddf7859\0020.png...
2022-01-06 09:14:09,504 - root - DEBUG - extracting E:\Codez\zepp-gts2mini-wf\9f1371ab58efed55942bcb340ddf7859\0021.png...
2022-01-06 09:14:09,504 - root - DEBUG - extracting E:\Codez\zepp-gts2mini-wf\9f1371ab58efed55942bcb340ddf7859\0022.png...
2022-01-06 09:14:09,504 - root - DEBUG - extracting E:\Codez\zepp-gts2mini-wf\9f1371ab58efed55942bcb340ddf7859\0023.png...
2022-01-06 09:14:09,504 - root - DEBUG - extracting E:\Codez\zepp-gts2mini-wf\9f1371ab58efed55942bcb340ddf7859\0024.png...
2022-01-06 09:14:09,519 - root - DEBUG - extracting E:\Codez\zepp-gts2mini-wf\9f1371ab58efed55942bcb340ddf7859\0025.png...
2022-01-06 09:14:09,519 - root - DEBUG - extracting E:\Codez\zepp-gts2mini-wf\9f1371ab58efed55942bcb340ddf7859\0026.png...
2022-01-06 09:14:09,519 - root - DEBUG - extracting E:\Codez\zepp-gts2mini-wf\9f1371ab58efed55942bcb340ddf7859\0027.png...
2022-01-06 09:14:09,519 - root - DEBUG - extracting E:\Codez\zepp-gts2mini-wf\9f1371ab58efed55942bcb340ddf7859\0028.png...
2022-01-06 09:14:09,519 - root - DEBUG - extracting E:\Codez\zepp-gts2mini-wf\9f1371ab58efed55942bcb340ddf7859\0029.png...
2022-01-06 09:14:09,519 - root - DEBUG - extracting E:\Codez\zepp-gts2mini-wf\9f1371ab58efed55942bcb340ddf7859\0030.png...
2022-01-06 09:14:09,519 - root - DEBUG - extracting E:\Codez\zepp-gts2mini-wf\9f1371ab58efed55942bcb340ddf7859\0031.png...
2022-01-06 09:14:09,519 - root - DEBUG - extracting E:\Codez\zepp-gts2mini-wf\9f1371ab58efed55942bcb340ddf7859\0032.png...
2022-01-06 09:14:09,519 - root - DEBUG - extracting E:\Codez\zepp-gts2mini-wf\9f1371ab58efed55942bcb340ddf7859\0033.png...
2022-01-06 09:14:09,519 - root - DEBUG - extracting E:\Codez\zepp-gts2mini-wf\9f1371ab58efed55942bcb340ddf7859\0034.png...
2022-01-06 09:14:09,519 - root - DEBUG - extracting E:\Codez\zepp-gts2mini-wf\9f1371ab58efed55942bcb340ddf7859\0035.png...
2022-01-06 09:14:09,519 - root - DEBUG - extracting E:\Codez\zepp-gts2mini-wf\9f1371ab58efed55942bcb340ddf7859\0036.png...
2022-01-06 09:14:09,519 - root - DEBUG - extracting E:\Codez\zepp-gts2mini-wf\9f1371ab58efed55942bcb340ddf7859\0037.png...
2022-01-06 09:14:09,519 - root - DEBUG - extracting E:\Codez\zepp-gts2mini-wf\9f1371ab58efed55942bcb340ddf7859\0038.png...
2022-01-06 09:14:09,519 - root - DEBUG - extracting E:\Codez\zepp-gts2mini-wf\9f1371ab58efed55942bcb340ddf7859\0039.png...
2022-01-06 09:14:09,519 - root - DEBUG - extracting E:\Codez\zepp-gts2mini-wf\9f1371ab58efed55942bcb340ddf7859\0040.png...
2022-01-06 09:14:09,519 - root - DEBUG - extracting E:\Codez\zepp-gts2mini-wf\9f1371ab58efed55942bcb340ddf7859\0041.png...
2022-01-06 09:14:09,519 - root - DEBUG - extracting E:\Codez\zepp-gts2mini-wf\9f1371ab58efed55942bcb340ddf7859\0042.png...
2022-01-06 09:14:09,519 - root - DEBUG - extracting E:\Codez\zepp-gts2mini-wf\9f1371ab58efed55942bcb340ddf7859\0043.png...
2022-01-06 09:14:09,519 - root - DEBUG - extracting E:\Codez\zepp-gts2mini-wf\9f1371ab58efed55942bcb340ddf7859\0044.png...
2022-01-06 09:14:09,519 - root - DEBUG - extracting E:\Codez\zepp-gts2mini-wf\9f1371ab58efed55942bcb340ddf7859\0045.png...
2022-01-06 09:14:09,519 - root - DEBUG - extracting E:\Codez\zepp-gts2mini-wf\9f1371ab58efed55942bcb340ddf7859\0046.png...
2022-01-06 09:14:09,519 - root - DEBUG - extracting E:\Codez\zepp-gts2mini-wf\9f1371ab58efed55942bcb340ddf7859\0047.png...
2022-01-06 09:14:09,535 - root - DEBUG - extracting E:\Codez\zepp-gts2mini-wf\9f1371ab58efed55942bcb340ddf7859\0048.png...
2022-01-06 09:14:09,535 - root - DEBUG - extracting E:\Codez\zepp-gts2mini-wf\9f1371ab58efed55942bcb340ddf7859\0049.png...
2022-01-06 09:14:09,535 - root - DEBUG - extracting E:\Codez\zepp-gts2mini-wf\9f1371ab58efed55942bcb340ddf7859\0050.png...
2022-01-06 09:14:09,535 - root - DEBUG - extracting E:\Codez\zepp-gts2mini-wf\9f1371ab58efed55942bcb340ddf7859\0051.png...
2022-01-06 09:14:09,535 - root - DEBUG - extracting E:\Codez\zepp-gts2mini-wf\9f1371ab58efed55942bcb340ddf7859\0052.png...
2022-01-06 09:14:09,535 - root - DEBUG - extracting E:\Codez\zepp-gts2mini-wf\9f1371ab58efed55942bcb340ddf7859\0053.png...
2022-01-06 09:14:09,535 - root - DEBUG - extracting E:\Codez\zepp-gts2mini-wf\9f1371ab58efed55942bcb340ddf7859\0054.png...
2022-01-06 09:14:09,535 - root - DEBUG - extracting E:\Codez\zepp-gts2mini-wf\9f1371ab58efed55942bcb340ddf7859\0055.png...
2022-01-06 09:14:09,535 - root - DEBUG - extracting E:\Codez\zepp-gts2mini-wf\9f1371ab58efed55942bcb340ddf7859\0056.png...
2022-01-06 09:14:09,535 - root - DEBUG - extracting E:\Codez\zepp-gts2mini-wf\9f1371ab58efed55942bcb340ddf7859\0057.png...
2022-01-06 09:14:09,535 - root - DEBUG - extracting E:\Codez\zepp-gts2mini-wf\9f1371ab58efed55942bcb340ddf7859\0058.png...
2022-01-06 09:14:09,535 - root - DEBUG - extracting E:\Codez\zepp-gts2mini-wf\9f1371ab58efed55942bcb340ddf7859\0059.png...
2022-01-06 09:14:09,535 - root - DEBUG - extracting E:\Codez\zepp-gts2mini-wf\9f1371ab58efed55942bcb340ddf7859\0060.png...
2022-01-06 09:14:09,535 - root - DEBUG - extracting E:\Codez\zepp-gts2mini-wf\9f1371ab58efed55942bcb340ddf7859\0061.png...
2022-01-06 09:14:09,535 - root - DEBUG - extracting E:\Codez\zepp-gts2mini-wf\9f1371ab58efed55942bcb340ddf7859\0062.png...
2022-01-06 09:14:09,535 - root - DEBUG - Exporting config...
