2023-07-09 17:49:50,724 - root - DEBUG - Opening watch face 'E:\Codez\zepp-gts2mini-wf\164024822b00d28891e2061e418fc1a4.bin'
2023-07-09 17:49:50,735 - root - DEBUG - Reading parameters...
2023-07-09 17:49:50,736 - root - INFO - Reading header...
2023-07-09 17:49:50,739 - root - INFO - Header was read:
2023-07-09 17:49:50,739 - root - INFO - Signature: b'UIHH\x01\x00\xff', Unknown: 82, ParametersSize: 46, isValid: True, deviceId: 73
2023-07-09 17:49:50,739 - root - INFO - Reading parameter offsets...
2023-07-09 17:49:50,739 - root - INFO - Parameter offsets were read from file
2023-07-09 17:49:50,739 - root - INFO - Reading parameters descriptor...
2023-07-09 17:49:50,739 - root - INFO - 1 ( A): 5 bytes
2023-07-09 17:49:50,740 - root - INFO -     1 ( 8): 289 121
2023-07-09 17:49:50,740 - root - INFO -     2 (10): 96 60
2023-07-09 17:49:50,740 - root - INFO - getParameters descriptor was read:
2023-07-09 17:49:50,740 - root - INFO - ParametersTableLength: 289, ImagesCount: 96
2023-07-09 17:49:50,740 - root - INFO - Reading parameters locations...
2023-07-09 17:49:50,740 - root - INFO - 2 (12): 4 bytes
2023-07-09 17:49:50,740 - root - INFO -     1 ( 8): 0  0
2023-07-09 17:49:50,741 - root - INFO -     2 (10): 32 20
2023-07-09 17:49:50,741 - root - INFO - 3 (1A): 4 bytes
2023-07-09 17:49:50,741 - root - INFO -     1 ( 8): 32 20
2023-07-09 17:49:50,741 - root - INFO -     2 (10): 76 4C
2023-07-09 17:49:50,741 - root - INFO - 4 (22): 5 bytes
2023-07-09 17:49:50,741 - root - INFO -     1 ( 8): 190 BE
2023-07-09 17:49:50,741 - root - INFO -     2 (10): 51 33
2023-07-09 17:49:50,742 - root - INFO - 5 (2A): 4 bytes
2023-07-09 17:49:50,742 - root - INFO -     1 ( 8): 108 6C
2023-07-09 17:49:50,742 - root - INFO -     2 (10): 82 52
2023-07-09 17:49:50,742 - root - INFO - 7 (3A): 5 bytes
2023-07-09 17:49:50,742 - root - INFO -     1 ( 8): 241 F1
2023-07-09 17:49:50,742 - root - INFO -     2 (10): 11  B
2023-07-09 17:49:50,742 - root - INFO - 9 (4A): 5 bytes
2023-07-09 17:49:50,743 - root - INFO -     1 ( 8): 252 FC
2023-07-09 17:49:50,743 - root - INFO -     2 (10): 37 25
2023-07-09 17:49:50,743 - root - INFO - Watch face parameters locations were read:
2023-07-09 17:49:50,743 - root - INFO - Reading descriptor for parameter 2
2023-07-09 17:49:50,744 - root - INFO - Descriptor offset: 0, Descriptor length: 32
2023-07-09 17:49:50,744 - root - INFO - Parsing descriptor for parameter 2...
2023-07-09 17:49:50,744 - root - INFO - 1 ( A): 6 bytes
2023-07-09 17:49:50,744 - root - INFO -     1 ( 8): 0  0
2023-07-09 17:49:50,744 - root - INFO -     2 (10): 0  0
2023-07-09 17:49:50,744 - root - INFO -     3 (18): 1  1
2023-07-09 17:49:50,744 - root - INFO - 3 (1A): 6 bytes
2023-07-09 17:49:50,745 - root - INFO -     1 ( 8): 0  0
2023-07-09 17:49:50,745 - root - INFO -     2 (10): 0  0
2023-07-09 17:49:50,745 - root - INFO -     3 (18): 0  0
2023-07-09 17:49:50,745 - root - INFO - 4 (22): 6 bytes
2023-07-09 17:49:50,745 - root - INFO -     1 ( 8): 0  0
2023-07-09 17:49:50,745 - root - INFO -     2 (10): 0  0
2023-07-09 17:49:50,745 - root - INFO -     3 (18): 0  0
2023-07-09 17:49:50,746 - root - INFO - 5 (2A): 6 bytes
2023-07-09 17:49:50,746 - root - INFO -     1 ( 8): 0  0
2023-07-09 17:49:50,746 - root - INFO -     2 (10): 0  0
2023-07-09 17:49:50,746 - root - INFO -     3 (18): 0  0
2023-07-09 17:49:50,746 - root - INFO - Reading descriptor for parameter 3
2023-07-09 17:49:50,747 - root - INFO - Descriptor offset: 32, Descriptor length: 76
2023-07-09 17:49:50,747 - root - INFO - Parsing descriptor for parameter 3...
2023-07-09 17:49:50,747 - root - INFO - 1 ( A): 74 bytes
2023-07-09 17:49:50,747 - root - INFO -     1 ( A): 20 bytes
2023-07-09 17:49:50,747 - root - INFO -         1 ( A): 8 bytes
2023-07-09 17:49:50,747 - root - INFO -             1 ( 8): 6  6
2023-07-09 17:49:50,747 - root - INFO -             2 (10): 125 7D
2023-07-09 17:49:50,748 - root - INFO -             3 (18): 2  2
2023-07-09 17:49:50,748 - root - INFO -             4 (20): 10  A
2023-07-09 17:49:50,748 - root - INFO -         2 (12): 8 bytes
2023-07-09 17:49:50,748 - root - INFO -             1 ( 8): 85 55
2023-07-09 17:49:50,748 - root - INFO -             2 (10): 125 7D
2023-07-09 17:49:50,748 - root - INFO -             3 (18): 2  2
2023-07-09 17:49:50,748 - root - INFO -             4 (20): 10  A
2023-07-09 17:49:50,749 - root - INFO -     2 (12): 22 bytes
2023-07-09 17:49:50,749 - root - INFO -         1 ( A): 9 bytes
2023-07-09 17:49:50,749 - root - INFO -             1 ( 8): 164 A4
2023-07-09 17:49:50,749 - root - INFO -             2 (10): 125 7D
2023-07-09 17:49:50,749 - root - INFO -             3 (18): 12  C
2023-07-09 17:49:50,749 - root - INFO -             4 (20): 10  A
2023-07-09 17:49:50,749 - root - INFO -         2 (12): 9 bytes
2023-07-09 17:49:50,750 - root - INFO -             1 ( 8): 206 CE
2023-07-09 17:49:50,750 - root - INFO -             2 (10): 125 7D
2023-07-09 17:49:50,750 - root - INFO -             3 (18): 12  C
2023-07-09 17:49:50,750 - root - INFO -             4 (20): 10  A
2023-07-09 17:49:50,750 - root - INFO -     3 (1A): 22 bytes
2023-07-09 17:49:50,750 - root - INFO -         1 ( A): 9 bytes
2023-07-09 17:49:50,750 - root - INFO -             1 ( 8): 254 FE
2023-07-09 17:49:50,751 - root - INFO -             2 (10): 127 7F
2023-07-09 17:49:50,751 - root - INFO -             3 (18): 22 16
2023-07-09 17:49:50,751 - root - INFO -             4 (20): 10  A
2023-07-09 17:49:50,751 - root - INFO -         2 (12): 9 bytes
2023-07-09 17:49:50,751 - root - INFO -             1 ( 8): 274 112
2023-07-09 17:49:50,751 - root - INFO -             2 (10): 127 7F
2023-07-09 17:49:50,751 - root - INFO -             3 (18): 22 16
2023-07-09 17:49:50,751 - root - INFO -             4 (20): 10  A
2023-07-09 17:49:50,752 - root - INFO -     7 (38): 0  0
2023-07-09 17:49:50,752 - root - INFO -     8 (40): 1  1
2023-07-09 17:49:50,752 - root - INFO - Reading descriptor for parameter 4
2023-07-09 17:49:50,752 - root - INFO - Descriptor offset: 190, Descriptor length: 51
2023-07-09 17:49:50,753 - root - INFO - Parsing descriptor for parameter 4...
2023-07-09 17:49:50,753 - root - INFO - 1 ( A): 25 bytes
2023-07-09 17:49:50,753 - root - INFO -     1 ( A): 21 bytes
2023-07-09 17:49:50,753 - root - INFO -         1 ( 8): 85 55
2023-07-09 17:49:50,753 - root - INFO -         2 (10): 284 11C
2023-07-09 17:49:50,753 - root - INFO -         3 (18): 221 DD
2023-07-09 17:49:50,753 - root - INFO -         4 (20): 312 138
2023-07-09 17:49:50,754 - root - INFO -         5 (28): 40 28
2023-07-09 17:49:50,754 - root - INFO -         6 (30): 0  0
2023-07-09 17:49:50,754 - root - INFO -         7 (38): 0  0
2023-07-09 17:49:50,754 - root - INFO -         8 (40): 63 3F
2023-07-09 17:49:50,754 - root - INFO -         9 (48): 10  A
2023-07-09 17:49:50,754 - root - INFO -     2 (10): 73 49
2023-07-09 17:49:50,754 - root - INFO - 7 (38): 0  0
2023-07-09 17:49:50,755 - root - INFO - 8 (42): 20 bytes
2023-07-09 17:49:50,755 - root - INFO -     1 ( A): 18 bytes
2023-07-09 17:49:50,755 - root - INFO -         1 ( 8): 0  0
2023-07-09 17:49:50,755 - root - INFO -         2 (10): 0  0
2023-07-09 17:49:50,755 - root - INFO -         3 (18): 0  0
2023-07-09 17:49:50,755 - root - INFO -         4 (20): 0  0
2023-07-09 17:49:50,755 - root - INFO -         5 (28): 0  0
2023-07-09 17:49:50,756 - root - INFO -         6 (30): 0  0
2023-07-09 17:49:50,756 - root - INFO -         7 (38): 0  0
2023-07-09 17:49:50,756 - root - INFO -         8 (40): 0  0
2023-07-09 17:49:50,756 - root - INFO -         9 (48): 0  0
2023-07-09 17:49:50,756 - root - INFO - Reading descriptor for parameter 5
2023-07-09 17:49:50,757 - root - INFO - Descriptor offset: 108, Descriptor length: 82
2023-07-09 17:49:50,757 - root - INFO - Parsing descriptor for parameter 5...
2023-07-09 17:49:50,757 - root - INFO - 1 ( A): 56 bytes
2023-07-09 17:49:50,757 - root - INFO -     1 ( A): 48 bytes
2023-07-09 17:49:50,757 - root - INFO -         2 (12): 10 bytes
2023-07-09 17:49:50,757 - root - INFO -             1 ( 8): 164 A4
2023-07-09 17:49:50,757 - root - INFO -             2 (10): 206 CE
2023-07-09 17:49:50,758 - root - INFO -             3 (18): 32 20
2023-07-09 17:49:50,758 - root - INFO -             4 (20): 12  C
2023-07-09 17:49:50,758 - root - INFO -         3 (1A): 10 bytes
2023-07-09 17:49:50,758 - root - INFO -             1 ( 8): 164 A4
2023-07-09 17:49:50,758 - root - INFO -             2 (10): 206 CE
2023-07-09 17:49:50,758 - root - INFO -             3 (18): 32 20
2023-07-09 17:49:50,759 - root - INFO -             4 (20): 12  C
2023-07-09 17:49:50,759 - root - INFO -         4 (22): 22 bytes
2023-07-09 17:49:50,759 - root - INFO -             1 ( 8): 220 DC
2023-07-09 17:49:50,759 - root - INFO -             2 (10): 206 CE
2023-07-09 17:49:50,759 - root - INFO -             3 (18): 252 FC
2023-07-09 17:49:50,759 - root - INFO -             4 (20): 227 E3
2023-07-09 17:49:50,759 - root - INFO -             5 (28): 18 12
2023-07-09 17:49:50,760 - root - INFO -             6 (30): 0  0
2023-07-09 17:49:50,760 - root - INFO -             7 (38): 0  0
2023-07-09 17:49:50,760 - root - INFO -             8 (40): 44 2C
2023-07-09 17:49:50,760 - root - INFO -             9 (48): 10  A
2023-07-09 17:49:50,760 - root - INFO -     4 (20): 0  0
2023-07-09 17:49:50,760 - root - INFO -     5 (28): 1  1
2023-07-09 17:49:50,760 - root - INFO -     6 (30): 0  0
2023-07-09 17:49:50,761 - root - INFO - 2 (12): 10 bytes
2023-07-09 17:49:50,761 - root - INFO -     1 ( 8): 254 FE
2023-07-09 17:49:50,761 - root - INFO -     2 (10): 158 9E
2023-07-09 17:49:50,761 - root - INFO -     5 (28): 61 3D
2023-07-09 17:49:50,761 - root - INFO -     6 (30): 62 3E
2023-07-09 17:49:50,761 - root - INFO - 4 (22): 10 bytes
2023-07-09 17:49:50,761 - root - INFO -     1 ( 8): 164 A4
2023-07-09 17:49:50,762 - root - INFO -     2 (10): 186 BA
2023-07-09 17:49:50,762 - root - INFO -     3 (18): 54 36
2023-07-09 17:49:50,762 - root - INFO -     4 (20): 7  7
2023-07-09 17:49:50,762 - root - INFO - Reading descriptor for parameter 7
2023-07-09 17:49:50,762 - root - INFO - Descriptor offset: 241, Descriptor length: 11
2023-07-09 17:49:50,763 - root - INFO - Parsing descriptor for parameter 7...
2023-07-09 17:49:50,763 - root - INFO - 2 (12): 9 bytes
2023-07-09 17:49:50,763 - root - INFO -     1 ( 8): 12  C
2023-07-09 17:49:50,763 - root - INFO -     2 (10): 286 11E
2023-07-09 17:49:50,763 - root - INFO -     3 (18): 74 4A
2023-07-09 17:49:50,763 - root - INFO -     4 (20): 10  A
2023-07-09 17:49:50,764 - root - INFO - Reading descriptor for parameter 9
2023-07-09 17:49:50,764 - root - INFO - Descriptor offset: 252, Descriptor length: 37
2023-07-09 17:49:50,764 - root - INFO - Parsing descriptor for parameter 9...
2023-07-09 17:49:50,764 - root - INFO - 1 ( A): 25 bytes
2023-07-09 17:49:50,764 - root - INFO -     1 ( A): 19 bytes
2023-07-09 17:49:50,764 - root - INFO -         1 ( 8): 95 5F
2023-07-09 17:49:50,765 - root - INFO -         2 (10): 40 28
2023-07-09 17:49:50,765 - root - INFO -         3 (18): 211 D3
2023-07-09 17:49:50,765 - root - INFO -         4 (20): 67 43
2023-07-09 17:49:50,765 - root - INFO -         5 (28): 40 28
2023-07-09 17:49:50,765 - root - INFO -         6 (30): 0  0
2023-07-09 17:49:50,765 - root - INFO -         7 (38): 0  0
2023-07-09 17:49:50,765 - root - INFO -         8 (40): 63 3F
2023-07-09 17:49:50,766 - root - INFO -         9 (48): 10  A
2023-07-09 17:49:50,766 - root - INFO -     3 (18): 85 55
2023-07-09 17:49:50,766 - root - INFO -     4 (20): 84 54
2023-07-09 17:49:50,766 - root - INFO - 2 (12): 8 bytes
2023-07-09 17:49:50,766 - root - INFO -     1 ( 8): 12  C
2023-07-09 17:49:50,766 - root - INFO -     2 (10): 10  A
2023-07-09 17:49:50,766 - root - INFO -     3 (18): 86 56
2023-07-09 17:49:50,767 - root - INFO -     4 (20): 10  A
2023-07-09 17:49:50,771 - root - INFO - Reading resources offsets table with 96 elements (384 bytes)
2023-07-09 17:49:50,772 - root - INFO - Resource 0 offset: 806, length: 101656...
2023-07-09 17:49:50,772 - root - DEBUG - Reading resource 0...
2023-07-09 17:49:50,831 - root - INFO - The image is bmc.
2023-07-09 17:49:50,831 - root - INFO - Reading image header(readHeader16C)...
2023-07-09 17:49:50,831 - root - INFO - Image header was read:
2023-07-09 17:49:50,831 - root - INFO - Width: 210, Height: 242, RowLength: 420
2023-07-09 17:49:50,831 - root - INFO - _step: 2, unknown2: 0,
2023-07-09 17:49:50,831 - root - INFO - BPP: 16, Transparency: False
2023-07-09 17:49:51,213 - root - INFO - Resource 1 offset: 102462, length: 216664...
2023-07-09 17:49:51,213 - root - DEBUG - Reading resource 1...
2023-07-09 17:49:51,213 - root - INFO - The image is bmc.
2023-07-09 17:49:51,213 - root - INFO - Reading image header(readHeader16C)...
2023-07-09 17:49:51,213 - root - INFO - Image header was read:
2023-07-09 17:49:51,213 - root - INFO - Width: 306, Height: 354, RowLength: 612
2023-07-09 17:49:51,214 - root - INFO - _step: 2, unknown2: 0,
2023-07-09 17:49:51,214 - root - INFO - BPP: 16, Transparency: False
2023-07-09 17:49:51,940 - root - INFO - Resource 2 offset: 319126, length: 9452...
2023-07-09 17:49:51,941 - root - DEBUG - Reading resource 2...
2023-07-09 17:49:51,941 - root - INFO - The image is bme.
2023-07-09 17:49:51,941 - root - INFO - Reading image header(readHeader16E)...
2023-07-09 17:49:51,941 - root - INFO - Image header was read:
2023-07-09 17:49:51,941 - root - INFO - Width: 76, Height: 104, RowLength: 152
2023-07-09 17:49:51,941 - root - INFO - datalength: 9436, _step: 2
2023-07-09 17:49:51,941 - root - INFO - BPP: 16, Transparency: False
2023-07-09 17:49:51,974 - root - INFO - Resource 3 offset: 328578, length: 5996...
2023-07-09 17:49:51,974 - root - DEBUG - Reading resource 3...
2023-07-09 17:49:51,975 - root - INFO - The image is bme.
2023-07-09 17:49:51,975 - root - INFO - Reading image header(readHeader16E)...
2023-07-09 17:49:51,975 - root - INFO - Image header was read:
2023-07-09 17:49:51,975 - root - INFO - Width: 76, Height: 104, RowLength: 152
2023-07-09 17:49:51,975 - root - INFO - datalength: 5980, _step: 2
2023-07-09 17:49:51,975 - root - INFO - BPP: 16, Transparency: False
2023-07-09 17:49:51,996 - root - INFO - Resource 4 offset: 334574, length: 8448...
2023-07-09 17:49:51,996 - root - DEBUG - Reading resource 4...
2023-07-09 17:49:51,996 - root - INFO - The image is bme.
2023-07-09 17:49:51,996 - root - INFO - Reading image header(readHeader16E)...
2023-07-09 17:49:51,996 - root - INFO - Image header was read:
2023-07-09 17:49:51,996 - root - INFO - Width: 76, Height: 104, RowLength: 152
2023-07-09 17:49:51,996 - root - INFO - datalength: 8432, _step: 2
2023-07-09 17:49:51,997 - root - INFO - BPP: 16, Transparency: False
2023-07-09 17:49:52,028 - root - INFO - Resource 5 offset: 343022, length: 7432...
2023-07-09 17:49:52,029 - root - DEBUG - Reading resource 5...
2023-07-09 17:49:52,029 - root - INFO - The image is bme.
2023-07-09 17:49:52,029 - root - INFO - Reading image header(readHeader16E)...
2023-07-09 17:49:52,029 - root - INFO - Image header was read:
2023-07-09 17:49:52,029 - root - INFO - Width: 76, Height: 104, RowLength: 152
2023-07-09 17:49:52,029 - root - INFO - datalength: 7416, _step: 2
2023-07-09 17:49:52,029 - root - INFO - BPP: 16, Transparency: False
2023-07-09 17:49:52,055 - root - INFO - Resource 6 offset: 350454, length: 7646...
2023-07-09 17:49:52,056 - root - DEBUG - Reading resource 6...
2023-07-09 17:49:52,056 - root - INFO - The image is bme.
2023-07-09 17:49:52,056 - root - INFO - Reading image header(readHeader16E)...
2023-07-09 17:49:52,056 - root - INFO - Image header was read:
2023-07-09 17:49:52,056 - root - INFO - Width: 76, Height: 104, RowLength: 152
2023-07-09 17:49:52,056 - root - INFO - datalength: 7630, _step: 2
2023-07-09 17:49:52,056 - root - INFO - BPP: 16, Transparency: False
2023-07-09 17:49:52,085 - root - INFO - Resource 7 offset: 358100, length: 9224...
2023-07-09 17:49:52,085 - root - DEBUG - Reading resource 7...
2023-07-09 17:49:52,085 - root - INFO - The image is bme.
2023-07-09 17:49:52,085 - root - INFO - Reading image header(readHeader16E)...
2023-07-09 17:49:52,086 - root - INFO - Image header was read:
2023-07-09 17:49:52,086 - root - INFO - Width: 76, Height: 104, RowLength: 152
2023-07-09 17:49:52,086 - root - INFO - datalength: 9208, _step: 2
2023-07-09 17:49:52,086 - root - INFO - BPP: 16, Transparency: False
2023-07-09 17:49:52,115 - root - INFO - Resource 8 offset: 367324, length: 7916...
2023-07-09 17:49:52,116 - root - DEBUG - Reading resource 8...
2023-07-09 17:49:52,116 - root - INFO - The image is bme.
2023-07-09 17:49:52,116 - root - INFO - Reading image header(readHeader16E)...
2023-07-09 17:49:52,116 - root - INFO - Image header was read:
2023-07-09 17:49:52,116 - root - INFO - Width: 76, Height: 104, RowLength: 152
2023-07-09 17:49:52,116 - root - INFO - datalength: 7900, _step: 2
2023-07-09 17:49:52,116 - root - INFO - BPP: 16, Transparency: False
2023-07-09 17:49:52,142 - root - INFO - Resource 9 offset: 375240, length: 7068...
2023-07-09 17:49:52,142 - root - DEBUG - Reading resource 9...
2023-07-09 17:49:52,142 - root - INFO - The image is bme.
2023-07-09 17:49:52,142 - root - INFO - Reading image header(readHeader16E)...
2023-07-09 17:49:52,142 - root - INFO - Image header was read:
2023-07-09 17:49:52,142 - root - INFO - Width: 76, Height: 104, RowLength: 152
2023-07-09 17:49:52,142 - root - INFO - datalength: 7052, _step: 2
2023-07-09 17:49:52,143 - root - INFO - BPP: 16, Transparency: False
2023-07-09 17:49:52,164 - root - INFO - Resource 10 offset: 382308, length: 9382...
2023-07-09 17:49:52,164 - root - DEBUG - Reading resource 10...
2023-07-09 17:49:52,165 - root - INFO - The image is bme.
2023-07-09 17:49:52,165 - root - INFO - Reading image header(readHeader16E)...
2023-07-09 17:49:52,165 - root - INFO - Image header was read:
2023-07-09 17:49:52,165 - root - INFO - Width: 76, Height: 104, RowLength: 152
2023-07-09 17:49:52,165 - root - INFO - datalength: 9366, _step: 2
2023-07-09 17:49:52,165 - root - INFO - BPP: 16, Transparency: False
2023-07-09 17:49:52,196 - root - INFO - Resource 11 offset: 391690, length: 7926...
2023-07-09 17:49:52,196 - root - DEBUG - Reading resource 11...
2023-07-09 17:49:52,196 - root - INFO - The image is bme.
2023-07-09 17:49:52,196 - root - INFO - Reading image header(readHeader16E)...
2023-07-09 17:49:52,196 - root - INFO - Image header was read:
2023-07-09 17:49:52,196 - root - INFO - Width: 76, Height: 104, RowLength: 152
2023-07-09 17:49:52,196 - root - INFO - datalength: 7910, _step: 2
2023-07-09 17:49:52,196 - root - INFO - BPP: 16, Transparency: False
2023-07-09 17:49:52,226 - root - INFO - Resource 12 offset: 399616, length: 3000...
2023-07-09 17:49:52,226 - root - DEBUG - Reading resource 12...
2023-07-09 17:49:52,226 - root - INFO - The image is bme.
2023-07-09 17:49:52,227 - root - INFO - Reading image header(readHeader16E)...
2023-07-09 17:49:52,227 - root - INFO - Image header was read:
2023-07-09 17:49:52,227 - root - INFO - Width: 42, Height: 55, RowLength: 84
2023-07-09 17:49:52,227 - root - INFO - datalength: 2984, _step: 2
2023-07-09 17:49:52,227 - root - INFO - BPP: 16, Transparency: False
2023-07-09 17:49:52,237 - root - INFO - Resource 13 offset: 402616, length: 1942...
2023-07-09 17:49:52,237 - root - DEBUG - Reading resource 13...
2023-07-09 17:49:52,237 - root - INFO - The image is bme.
2023-07-09 17:49:52,237 - root - INFO - Reading image header(readHeader16E)...
2023-07-09 17:49:52,237 - root - INFO - Image header was read:
2023-07-09 17:49:52,237 - root - INFO - Width: 42, Height: 55, RowLength: 84
2023-07-09 17:49:52,238 - root - INFO - datalength: 1926, _step: 2
2023-07-09 17:49:52,238 - root - INFO - BPP: 16, Transparency: False
2023-07-09 17:49:52,247 - root - INFO - Resource 14 offset: 404558, length: 2666...
2023-07-09 17:49:52,248 - root - DEBUG - Reading resource 14...
2023-07-09 17:49:52,248 - root - INFO - The image is bme.
2023-07-09 17:49:52,248 - root - INFO - Reading image header(readHeader16E)...
2023-07-09 17:49:52,248 - root - INFO - Image header was read:
2023-07-09 17:49:52,248 - root - INFO - Width: 42, Height: 55, RowLength: 84
2023-07-09 17:49:52,249 - root - INFO - datalength: 2650, _step: 2
2023-07-09 17:49:52,249 - root - INFO - BPP: 16, Transparency: False
2023-07-09 17:49:52,260 - root - INFO - Resource 15 offset: 407224, length: 2410...
2023-07-09 17:49:52,260 - root - DEBUG - Reading resource 15...
2023-07-09 17:49:52,260 - root - INFO - The image is bme.
2023-07-09 17:49:52,260 - root - INFO - Reading image header(readHeader16E)...
2023-07-09 17:49:52,261 - root - INFO - Image header was read:
2023-07-09 17:49:52,261 - root - INFO - Width: 42, Height: 55, RowLength: 84
2023-07-09 17:49:52,261 - root - INFO - datalength: 2394, _step: 2
2023-07-09 17:49:52,261 - root - INFO - BPP: 16, Transparency: False
2023-07-09 17:49:52,271 - root - INFO - Resource 16 offset: 409634, length: 2434...
2023-07-09 17:49:52,271 - root - DEBUG - Reading resource 16...
2023-07-09 17:49:52,272 - root - INFO - The image is bme.
2023-07-09 17:49:52,272 - root - INFO - Reading image header(readHeader16E)...
2023-07-09 17:49:52,272 - root - INFO - Image header was read:
2023-07-09 17:49:52,272 - root - INFO - Width: 42, Height: 55, RowLength: 84
2023-07-09 17:49:52,272 - root - INFO - datalength: 2418, _step: 2
2023-07-09 17:49:52,272 - root - INFO - BPP: 16, Transparency: False
2023-07-09 17:49:52,286 - root - INFO - Resource 17 offset: 412068, length: 2868...
2023-07-09 17:49:52,286 - root - DEBUG - Reading resource 17...
2023-07-09 17:49:52,286 - root - INFO - The image is bme.
2023-07-09 17:49:52,286 - root - INFO - Reading image header(readHeader16E)...
2023-07-09 17:49:52,287 - root - INFO - Image header was read:
2023-07-09 17:49:52,287 - root - INFO - Width: 42, Height: 55, RowLength: 84
2023-07-09 17:49:52,287 - root - INFO - datalength: 2852, _step: 2
2023-07-09 17:49:52,287 - root - INFO - BPP: 16, Transparency: False
2023-07-09 17:49:52,298 - root - INFO - Resource 18 offset: 414936, length: 2488...
2023-07-09 17:49:52,299 - root - DEBUG - Reading resource 18...
2023-07-09 17:49:52,299 - root - INFO - The image is bme.
2023-07-09 17:49:52,299 - root - INFO - Reading image header(readHeader16E)...
2023-07-09 17:49:52,300 - root - INFO - Image header was read:
2023-07-09 17:49:52,300 - root - INFO - Width: 42, Height: 55, RowLength: 84
2023-07-09 17:49:52,300 - root - INFO - datalength: 2472, _step: 2
2023-07-09 17:49:52,300 - root - INFO - BPP: 16, Transparency: False
2023-07-09 17:49:52,310 - root - INFO - Resource 19 offset: 417424, length: 2246...
2023-07-09 17:49:52,310 - root - DEBUG - Reading resource 19...
2023-07-09 17:49:52,310 - root - INFO - The image is bme.
2023-07-09 17:49:52,310 - root - INFO - Reading image header(readHeader16E)...
2023-07-09 17:49:52,310 - root - INFO - Image header was read:
2023-07-09 17:49:52,311 - root - INFO - Width: 42, Height: 55, RowLength: 84
2023-07-09 17:49:52,311 - root - INFO - datalength: 2230, _step: 2
2023-07-09 17:49:52,311 - root - INFO - BPP: 16, Transparency: False
2023-07-09 17:49:52,322 - root - INFO - Resource 20 offset: 419670, length: 2954...
2023-07-09 17:49:52,322 - root - DEBUG - Reading resource 20...
2023-07-09 17:49:52,322 - root - INFO - The image is bme.
2023-07-09 17:49:52,323 - root - INFO - Reading image header(readHeader16E)...
2023-07-09 17:49:52,323 - root - INFO - Image header was read:
2023-07-09 17:49:52,323 - root - INFO - Width: 42, Height: 55, RowLength: 84
2023-07-09 17:49:52,323 - root - INFO - datalength: 2938, _step: 2
2023-07-09 17:49:52,323 - root - INFO - BPP: 16, Transparency: False
2023-07-09 17:49:52,333 - root - INFO - Resource 21 offset: 422624, length: 2486...
2023-07-09 17:49:52,333 - root - DEBUG - Reading resource 21...
2023-07-09 17:49:52,333 - root - INFO - The image is bme.
2023-07-09 17:49:52,333 - root - INFO - Reading image header(readHeader16E)...
2023-07-09 17:49:52,333 - root - INFO - Image header was read:
2023-07-09 17:49:52,334 - root - INFO - Width: 42, Height: 55, RowLength: 84
2023-07-09 17:49:52,334 - root - INFO - datalength: 2470, _step: 2
2023-07-09 17:49:52,334 - root - INFO - BPP: 16, Transparency: False
2023-07-09 17:49:52,342 - root - INFO - Resource 22 offset: 425110, length: 768...
2023-07-09 17:49:52,342 - root - DEBUG - Reading resource 22...
2023-07-09 17:49:52,342 - root - INFO - The image is bme.
2023-07-09 17:49:52,343 - root - INFO - Reading image header(readHeader16E)...
2023-07-09 17:49:52,343 - root - INFO - Image header was read:
2023-07-09 17:49:52,343 - root - INFO - Width: 20, Height: 26, RowLength: 40
2023-07-09 17:49:52,343 - root - INFO - datalength: 752, _step: 2
2023-07-09 17:49:52,343 - root - INFO - BPP: 16, Transparency: False
2023-07-09 17:49:52,345 - root - INFO - Resource 23 offset: 425878, length: 444...
2023-07-09 17:49:52,345 - root - DEBUG - Reading resource 23...
2023-07-09 17:49:52,345 - root - INFO - The image is bme.
2023-07-09 17:49:52,346 - root - INFO - Reading image header(readHeader16E)...
2023-07-09 17:49:52,346 - root - INFO - Image header was read:
2023-07-09 17:49:52,346 - root - INFO - Width: 20, Height: 26, RowLength: 40
2023-07-09 17:49:52,346 - root - INFO - datalength: 428, _step: 2
2023-07-09 17:49:52,346 - root - INFO - BPP: 16, Transparency: False
2023-07-09 17:49:52,347 - root - INFO - Resource 24 offset: 426322, length: 626...
2023-07-09 17:49:52,348 - root - DEBUG - Reading resource 24...
2023-07-09 17:49:52,348 - root - INFO - The image is bme.
2023-07-09 17:49:52,348 - root - INFO - Reading image header(readHeader16E)...
2023-07-09 17:49:52,348 - root - INFO - Image header was read:
2023-07-09 17:49:52,348 - root - INFO - Width: 20, Height: 26, RowLength: 40
2023-07-09 17:49:52,348 - root - INFO - datalength: 610, _step: 2
2023-07-09 17:49:52,348 - root - INFO - BPP: 16, Transparency: False
2023-07-09 17:49:52,350 - root - INFO - Resource 25 offset: 426948, length: 658...
2023-07-09 17:49:52,350 - root - DEBUG - Reading resource 25...
2023-07-09 17:49:52,350 - root - INFO - The image is bme.
2023-07-09 17:49:52,351 - root - INFO - Reading image header(readHeader16E)...
2023-07-09 17:49:52,351 - root - INFO - Image header was read:
2023-07-09 17:49:52,351 - root - INFO - Width: 20, Height: 26, RowLength: 40
2023-07-09 17:49:52,351 - root - INFO - datalength: 642, _step: 2
2023-07-09 17:49:52,351 - root - INFO - BPP: 16, Transparency: False
2023-07-09 17:49:52,353 - root - INFO - Resource 26 offset: 427606, length: 618...
2023-07-09 17:49:52,353 - root - DEBUG - Reading resource 26...
2023-07-09 17:49:52,353 - root - INFO - The image is bme.
2023-07-09 17:49:52,353 - root - INFO - Reading image header(readHeader16E)...
2023-07-09 17:49:52,354 - root - INFO - Image header was read:
2023-07-09 17:49:52,354 - root - INFO - Width: 20, Height: 26, RowLength: 40
2023-07-09 17:49:52,354 - root - INFO - datalength: 602, _step: 2
2023-07-09 17:49:52,354 - root - INFO - BPP: 16, Transparency: False
2023-07-09 17:49:52,356 - root - INFO - Resource 27 offset: 428224, length: 672...
2023-07-09 17:49:52,356 - root - DEBUG - Reading resource 27...
2023-07-09 17:49:52,356 - root - INFO - The image is bme.
2023-07-09 17:49:52,356 - root - INFO - Reading image header(readHeader16E)...
2023-07-09 17:49:52,356 - root - INFO - Image header was read:
2023-07-09 17:49:52,356 - root - INFO - Width: 20, Height: 26, RowLength: 40
2023-07-09 17:49:52,357 - root - INFO - datalength: 656, _step: 2
2023-07-09 17:49:52,357 - root - INFO - BPP: 16, Transparency: False
2023-07-09 17:49:52,359 - root - INFO - Resource 28 offset: 428896, length: 726...
2023-07-09 17:49:52,359 - root - DEBUG - Reading resource 28...
2023-07-09 17:49:52,359 - root - INFO - The image is bme.
2023-07-09 17:49:52,359 - root - INFO - Reading image header(readHeader16E)...
2023-07-09 17:49:52,359 - root - INFO - Image header was read:
2023-07-09 17:49:52,359 - root - INFO - Width: 20, Height: 26, RowLength: 40
2023-07-09 17:49:52,360 - root - INFO - datalength: 710, _step: 2
2023-07-09 17:49:52,360 - root - INFO - BPP: 16, Transparency: False
2023-07-09 17:49:52,362 - root - INFO - Resource 29 offset: 429622, length: 516...
2023-07-09 17:49:52,362 - root - DEBUG - Reading resource 29...
2023-07-09 17:49:52,362 - root - INFO - The image is bme.
2023-07-09 17:49:52,362 - root - INFO - Reading image header(readHeader16E)...
2023-07-09 17:49:52,362 - root - INFO - Image header was read:
2023-07-09 17:49:52,362 - root - INFO - Width: 20, Height: 26, RowLength: 40
2023-07-09 17:49:52,362 - root - INFO - datalength: 500, _step: 2
2023-07-09 17:49:52,363 - root - INFO - BPP: 16, Transparency: False
2023-07-09 17:49:52,364 - root - INFO - Resource 30 offset: 430138, length: 756...
2023-07-09 17:49:52,364 - root - DEBUG - Reading resource 30...
2023-07-09 17:49:52,364 - root - INFO - The image is bme.
2023-07-09 17:49:52,364 - root - INFO - Reading image header(readHeader16E)...
2023-07-09 17:49:52,365 - root - INFO - Image header was read:
2023-07-09 17:49:52,365 - root - INFO - Width: 20, Height: 26, RowLength: 40
2023-07-09 17:49:52,365 - root - INFO - datalength: 740, _step: 2
2023-07-09 17:49:52,365 - root - INFO - BPP: 16, Transparency: False
2023-07-09 17:49:52,367 - root - INFO - Resource 31 offset: 430894, length: 704...
2023-07-09 17:49:52,367 - root - DEBUG - Reading resource 31...
2023-07-09 17:49:52,367 - root - INFO - The image is bme.
2023-07-09 17:49:52,367 - root - INFO - Reading image header(readHeader16E)...
2023-07-09 17:49:52,367 - root - INFO - Image header was read:
2023-07-09 17:49:52,368 - root - INFO - Width: 20, Height: 26, RowLength: 40
2023-07-09 17:49:52,368 - root - INFO - datalength: 688, _step: 2
2023-07-09 17:49:52,368 - root - INFO - BPP: 16, Transparency: False
2023-07-09 17:49:52,370 - root - INFO - Resource 32 offset: 431598, length: 1524...
2023-07-09 17:49:52,370 - root - DEBUG - Reading resource 32...
2023-07-09 17:49:52,370 - root - INFO - The image is bme.
2023-07-09 17:49:52,370 - root - INFO - Reading image header(readHeader16E)...
2023-07-09 17:49:52,370 - root - INFO - Image header was read:
2023-07-09 17:49:52,371 - root - INFO - Width: 56, Height: 22, RowLength: 112
2023-07-09 17:49:52,371 - root - INFO - datalength: 1508, _step: 2
2023-07-09 17:49:52,371 - root - INFO - BPP: 16, Transparency: False
2023-07-09 17:49:52,375 - root - INFO - Resource 33 offset: 433122, length: 1416...
2023-07-09 17:49:52,375 - root - DEBUG - Reading resource 33...
2023-07-09 17:49:52,375 - root - INFO - The image is bme.
2023-07-09 17:49:52,375 - root - INFO - Reading image header(readHeader16E)...
2023-07-09 17:49:52,375 - root - INFO - Image header was read:
2023-07-09 17:49:52,375 - root - INFO - Width: 56, Height: 22, RowLength: 112
2023-07-09 17:49:52,376 - root - INFO - datalength: 1400, _step: 2
2023-07-09 17:49:52,376 - root - INFO - BPP: 16, Transparency: False
2023-07-09 17:49:52,380 - root - INFO - Resource 34 offset: 434538, length: 1842...
2023-07-09 17:49:52,380 - root - DEBUG - Reading resource 34...
2023-07-09 17:49:52,380 - root - INFO - The image is bme.
2023-07-09 17:49:52,380 - root - INFO - Reading image header(readHeader16E)...
2023-07-09 17:49:52,380 - root - INFO - Image header was read:
2023-07-09 17:49:52,380 - root - INFO - Width: 56, Height: 22, RowLength: 112
2023-07-09 17:49:52,380 - root - INFO - datalength: 1826, _step: 2
2023-07-09 17:49:52,380 - root - INFO - BPP: 16, Transparency: False
2023-07-09 17:49:52,386 - root - INFO - Resource 35 offset: 436380, length: 1520...
2023-07-09 17:49:52,386 - root - DEBUG - Reading resource 35...
2023-07-09 17:49:52,386 - root - INFO - The image is bme.
2023-07-09 17:49:52,387 - root - INFO - Reading image header(readHeader16E)...
2023-07-09 17:49:52,387 - root - INFO - Image header was read:
2023-07-09 17:49:52,387 - root - INFO - Width: 56, Height: 22, RowLength: 112
2023-07-09 17:49:52,387 - root - INFO - datalength: 1504, _step: 2
2023-07-09 17:49:52,387 - root - INFO - BPP: 16, Transparency: False
2023-07-09 17:49:52,392 - root - INFO - Resource 36 offset: 437900, length: 1726...
2023-07-09 17:49:52,392 - root - DEBUG - Reading resource 36...
2023-07-09 17:49:52,392 - root - INFO - The image is bme.
2023-07-09 17:49:52,392 - root - INFO - Reading image header(readHeader16E)...
2023-07-09 17:49:52,392 - root - INFO - Image header was read:
2023-07-09 17:49:52,392 - root - INFO - Width: 56, Height: 22, RowLength: 112
2023-07-09 17:49:52,393 - root - INFO - datalength: 1710, _step: 2
2023-07-09 17:49:52,393 - root - INFO - BPP: 16, Transparency: False
2023-07-09 17:49:52,397 - root - INFO - Resource 37 offset: 439626, length: 1624...
2023-07-09 17:49:52,397 - root - DEBUG - Reading resource 37...
2023-07-09 17:49:52,397 - root - INFO - The image is bme.
2023-07-09 17:49:52,398 - root - INFO - Reading image header(readHeader16E)...
2023-07-09 17:49:52,398 - root - INFO - Image header was read:
2023-07-09 17:49:52,398 - root - INFO - Width: 56, Height: 22, RowLength: 112
2023-07-09 17:49:52,398 - root - INFO - datalength: 1608, _step: 2
2023-07-09 17:49:52,398 - root - INFO - BPP: 16, Transparency: False
2023-07-09 17:49:52,402 - root - INFO - Resource 38 offset: 441250, length: 1316...
2023-07-09 17:49:52,402 - root - DEBUG - Reading resource 38...
2023-07-09 17:49:52,402 - root - INFO - The image is bme.
2023-07-09 17:49:52,402 - root - INFO - Reading image header(readHeader16E)...
2023-07-09 17:49:52,402 - root - INFO - Image header was read:
2023-07-09 17:49:52,403 - root - INFO - Width: 56, Height: 22, RowLength: 112
2023-07-09 17:49:52,403 - root - INFO - datalength: 1300, _step: 2
2023-07-09 17:49:52,403 - root - INFO - BPP: 16, Transparency: False
2023-07-09 17:49:52,406 - root - INFO - Resource 39 offset: 442566, length: 1654...
2023-07-09 17:49:52,406 - root - DEBUG - Reading resource 39...
2023-07-09 17:49:52,407 - root - INFO - The image is bme.
2023-07-09 17:49:52,407 - root - INFO - Reading image header(readHeader16E)...
2023-07-09 17:49:52,407 - root - INFO - Image header was read:
2023-07-09 17:49:52,407 - root - INFO - Width: 56, Height: 22, RowLength: 112
2023-07-09 17:49:52,407 - root - INFO - datalength: 1638, _step: 2
2023-07-09 17:49:52,408 - root - INFO - BPP: 16, Transparency: False
2023-07-09 17:49:52,412 - root - INFO - Resource 40 offset: 444220, length: 1444...
2023-07-09 17:49:52,412 - root - DEBUG - Reading resource 40...
2023-07-09 17:49:52,412 - root - INFO - The image is bme.
2023-07-09 17:49:52,412 - root - INFO - Reading image header(readHeader16E)...
2023-07-09 17:49:52,413 - root - INFO - Image header was read:
2023-07-09 17:49:52,413 - root - INFO - Width: 56, Height: 22, RowLength: 112
2023-07-09 17:49:52,413 - root - INFO - datalength: 1428, _step: 2
2023-07-09 17:49:52,413 - root - INFO - BPP: 16, Transparency: False
2023-07-09 17:49:52,417 - root - INFO - Resource 41 offset: 445664, length: 1408...
2023-07-09 17:49:52,417 - root - DEBUG - Reading resource 41...
2023-07-09 17:49:52,417 - root - INFO - The image is bme.
2023-07-09 17:49:52,417 - root - INFO - Reading image header(readHeader16E)...
2023-07-09 17:49:52,417 - root - INFO - Image header was read:
2023-07-09 17:49:52,417 - root - INFO - Width: 56, Height: 22, RowLength: 112
2023-07-09 17:49:52,417 - root - INFO - datalength: 1392, _step: 2
2023-07-09 17:49:52,418 - root - INFO - BPP: 16, Transparency: False
2023-07-09 17:49:52,421 - root - INFO - Resource 42 offset: 447072, length: 1712...
2023-07-09 17:49:52,421 - root - DEBUG - Reading resource 42...
2023-07-09 17:49:52,421 - root - INFO - The image is bme.
2023-07-09 17:49:52,422 - root - INFO - Reading image header(readHeader16E)...
2023-07-09 17:49:52,422 - root - INFO - Image header was read:
2023-07-09 17:49:52,422 - root - INFO - Width: 56, Height: 22, RowLength: 112
2023-07-09 17:49:52,422 - root - INFO - datalength: 1696, _step: 2
2023-07-09 17:49:52,422 - root - INFO - BPP: 16, Transparency: False
2023-07-09 17:49:52,427 - root - INFO - Resource 43 offset: 448784, length: 1498...
2023-07-09 17:49:52,427 - root - DEBUG - Reading resource 43...
2023-07-09 17:49:52,428 - root - INFO - The image is bme.
2023-07-09 17:49:52,428 - root - INFO - Reading image header(readHeader16E)...
2023-07-09 17:49:52,428 - root - INFO - Image header was read:
2023-07-09 17:49:52,428 - root - INFO - Width: 56, Height: 22, RowLength: 112
2023-07-09 17:49:52,428 - root - INFO - datalength: 1482, _step: 2
2023-07-09 17:49:52,428 - root - INFO - BPP: 16, Transparency: False
2023-07-09 17:49:52,432 - root - INFO - Resource 44 offset: 450282, length: 552...
2023-07-09 17:49:52,432 - root - DEBUG - Reading resource 44...
2023-07-09 17:49:52,432 - root - INFO - The image is bme.
2023-07-09 17:49:52,432 - root - INFO - Reading image header(readHeader16E)...
2023-07-09 17:49:52,433 - root - INFO - Image header was read:
2023-07-09 17:49:52,433 - root - INFO - Width: 16, Height: 21, RowLength: 32
2023-07-09 17:49:52,433 - root - INFO - datalength: 536, _step: 2
2023-07-09 17:49:52,433 - root - INFO - BPP: 16, Transparency: False
2023-07-09 17:49:52,434 - root - INFO - Resource 45 offset: 450834, length: 330...
2023-07-09 17:49:52,434 - root - DEBUG - Reading resource 45...
2023-07-09 17:49:52,435 - root - INFO - The image is bme.
2023-07-09 17:49:52,435 - root - INFO - Reading image header(readHeader16E)...
2023-07-09 17:49:52,435 - root - INFO - Image header was read:
2023-07-09 17:49:52,435 - root - INFO - Width: 16, Height: 21, RowLength: 32
2023-07-09 17:49:52,435 - root - INFO - datalength: 314, _step: 2
2023-07-09 17:49:52,435 - root - INFO - BPP: 16, Transparency: False
2023-07-09 17:49:52,436 - root - INFO - Resource 46 offset: 451164, length: 456...
2023-07-09 17:49:52,436 - root - DEBUG - Reading resource 46...
2023-07-09 17:49:52,436 - root - INFO - The image is bme.
2023-07-09 17:49:52,436 - root - INFO - Reading image header(readHeader16E)...
2023-07-09 17:49:52,437 - root - INFO - Image header was read:
2023-07-09 17:49:52,437 - root - INFO - Width: 16, Height: 21, RowLength: 32
2023-07-09 17:49:52,437 - root - INFO - datalength: 440, _step: 2
2023-07-09 17:49:52,437 - root - INFO - BPP: 16, Transparency: False
2023-07-09 17:49:52,438 - root - INFO - Resource 47 offset: 451620, length: 484...
2023-07-09 17:49:52,438 - root - DEBUG - Reading resource 47...
2023-07-09 17:49:52,438 - root - INFO - The image is bme.
2023-07-09 17:49:52,439 - root - INFO - Reading image header(readHeader16E)...
2023-07-09 17:49:52,439 - root - INFO - Image header was read:
2023-07-09 17:49:52,439 - root - INFO - Width: 16, Height: 21, RowLength: 32
2023-07-09 17:49:52,439 - root - INFO - datalength: 468, _step: 2
2023-07-09 17:49:52,440 - root - INFO - BPP: 16, Transparency: False
2023-07-09 17:49:52,441 - root - INFO - Resource 48 offset: 452104, length: 438...
2023-07-09 17:49:52,441 - root - DEBUG - Reading resource 48...
2023-07-09 17:49:52,441 - root - INFO - The image is bme.
2023-07-09 17:49:52,442 - root - INFO - Reading image header(readHeader16E)...
2023-07-09 17:49:52,442 - root - INFO - Image header was read:
2023-07-09 17:49:52,442 - root - INFO - Width: 16, Height: 21, RowLength: 32
2023-07-09 17:49:52,442 - root - INFO - datalength: 422, _step: 2
2023-07-09 17:49:52,442 - root - INFO - BPP: 16, Transparency: False
2023-07-09 17:49:52,443 - root - INFO - Resource 49 offset: 452542, length: 494...
2023-07-09 17:49:52,443 - root - DEBUG - Reading resource 49...
2023-07-09 17:49:52,444 - root - INFO - The image is bme.
2023-07-09 17:49:52,444 - root - INFO - Reading image header(readHeader16E)...
2023-07-09 17:49:52,444 - root - INFO - Image header was read:
2023-07-09 17:49:52,444 - root - INFO - Width: 16, Height: 21, RowLength: 32
2023-07-09 17:49:52,444 - root - INFO - datalength: 478, _step: 2
2023-07-09 17:49:52,444 - root - INFO - BPP: 16, Transparency: False
2023-07-09 17:49:52,445 - root - INFO - Resource 50 offset: 453036, length: 528...
2023-07-09 17:49:52,446 - root - DEBUG - Reading resource 50...
2023-07-09 17:49:52,446 - root - INFO - The image is bme.
2023-07-09 17:49:52,446 - root - INFO - Reading image header(readHeader16E)...
2023-07-09 17:49:52,446 - root - INFO - Image header was read:
2023-07-09 17:49:52,446 - root - INFO - Width: 16, Height: 21, RowLength: 32
2023-07-09 17:49:52,446 - root - INFO - datalength: 512, _step: 2
2023-07-09 17:49:52,446 - root - INFO - BPP: 16, Transparency: False
2023-07-09 17:49:52,448 - root - INFO - Resource 51 offset: 453564, length: 372...
2023-07-09 17:49:52,448 - root - DEBUG - Reading resource 51...
2023-07-09 17:49:52,448 - root - INFO - The image is bme.
2023-07-09 17:49:52,448 - root - INFO - Reading image header(readHeader16E)...
2023-07-09 17:49:52,448 - root - INFO - Image header was read:
2023-07-09 17:49:52,448 - root - INFO - Width: 16, Height: 21, RowLength: 32
2023-07-09 17:49:52,448 - root - INFO - datalength: 356, _step: 2
2023-07-09 17:49:52,449 - root - INFO - BPP: 16, Transparency: False
2023-07-09 17:49:52,450 - root - INFO - Resource 52 offset: 453936, length: 552...
2023-07-09 17:49:52,450 - root - DEBUG - Reading resource 52...
2023-07-09 17:49:52,450 - root - INFO - The image is bme.
2023-07-09 17:49:52,450 - root - INFO - Reading image header(readHeader16E)...
2023-07-09 17:49:52,450 - root - INFO - Image header was read:
2023-07-09 17:49:52,450 - root - INFO - Width: 16, Height: 21, RowLength: 32
2023-07-09 17:49:52,450 - root - INFO - datalength: 536, _step: 2
2023-07-09 17:49:52,451 - root - INFO - BPP: 16, Transparency: False
2023-07-09 17:49:52,452 - root - INFO - Resource 53 offset: 454488, length: 512...
2023-07-09 17:49:52,452 - root - DEBUG - Reading resource 53...
2023-07-09 17:49:52,452 - root - INFO - The image is bme.
2023-07-09 17:49:52,452 - root - INFO - Reading image header(readHeader16E)...
2023-07-09 17:49:52,453 - root - INFO - Image header was read:
2023-07-09 17:49:52,453 - root - INFO - Width: 16, Height: 21, RowLength: 32
2023-07-09 17:49:52,453 - root - INFO - datalength: 496, _step: 2
2023-07-09 17:49:52,453 - root - INFO - BPP: 16, Transparency: False
2023-07-09 17:49:52,454 - root - INFO - Resource 54 offset: 455000, length: 2034...
2023-07-09 17:49:52,455 - root - DEBUG - Reading resource 54...
2023-07-09 17:49:52,455 - root - INFO - The image is bme.
2023-07-09 17:49:52,455 - root - INFO - Reading image header(readHeader16E)...
2023-07-09 17:49:52,455 - root - INFO - Image header was read:
2023-07-09 17:49:52,455 - root - INFO - Width: 57, Height: 20, RowLength: 114
2023-07-09 17:49:52,455 - root - INFO - datalength: 2018, _step: 2
2023-07-09 17:49:52,455 - root - INFO - BPP: 16, Transparency: False
2023-07-09 17:49:52,461 - root - INFO - Resource 55 offset: 457034, length: 1380...
2023-07-09 17:49:52,461 - root - DEBUG - Reading resource 55...
2023-07-09 17:49:52,461 - root - INFO - The image is bme.
2023-07-09 17:49:52,462 - root - INFO - Reading image header(readHeader16E)...
2023-07-09 17:49:52,462 - root - INFO - Image header was read:
2023-07-09 17:49:52,462 - root - INFO - Width: 57, Height: 20, RowLength: 114
2023-07-09 17:49:52,462 - root - INFO - datalength: 1364, _step: 2
2023-07-09 17:49:52,462 - root - INFO - BPP: 16, Transparency: False
2023-07-09 17:49:52,466 - root - INFO - Resource 56 offset: 458414, length: 1780...
2023-07-09 17:49:52,466 - root - DEBUG - Reading resource 56...
2023-07-09 17:49:52,466 - root - INFO - The image is bme.
2023-07-09 17:49:52,466 - root - INFO - Reading image header(readHeader16E)...
2023-07-09 17:49:52,466 - root - INFO - Image header was read:
2023-07-09 17:49:52,466 - root - INFO - Width: 57, Height: 20, RowLength: 114
2023-07-09 17:49:52,466 - root - INFO - datalength: 1764, _step: 2
2023-07-09 17:49:52,466 - root - INFO - BPP: 16, Transparency: False
2023-07-09 17:49:52,471 - root - INFO - Resource 57 offset: 460194, length: 1520...
2023-07-09 17:49:52,471 - root - DEBUG - Reading resource 57...
2023-07-09 17:49:52,471 - root - INFO - The image is bme.
2023-07-09 17:49:52,472 - root - INFO - Reading image header(readHeader16E)...
2023-07-09 17:49:52,472 - root - INFO - Image header was read:
2023-07-09 17:49:52,472 - root - INFO - Width: 57, Height: 20, RowLength: 114
2023-07-09 17:49:52,472 - root - INFO - datalength: 1504, _step: 2
2023-07-09 17:49:52,472 - root - INFO - BPP: 16, Transparency: False
2023-07-09 17:49:52,476 - root - INFO - Resource 58 offset: 461714, length: 1234...
2023-07-09 17:49:52,476 - root - DEBUG - Reading resource 58...
2023-07-09 17:49:52,476 - root - INFO - The image is bme.
2023-07-09 17:49:52,476 - root - INFO - Reading image header(readHeader16E)...
2023-07-09 17:49:52,476 - root - INFO - Image header was read:
2023-07-09 17:49:52,477 - root - INFO - Width: 57, Height: 20, RowLength: 114
2023-07-09 17:49:52,477 - root - INFO - datalength: 1218, _step: 2
2023-07-09 17:49:52,477 - root - INFO - BPP: 16, Transparency: False
2023-07-09 17:49:52,480 - root - INFO - Resource 59 offset: 462948, length: 1348...
2023-07-09 17:49:52,480 - root - DEBUG - Reading resource 59...
2023-07-09 17:49:52,480 - root - INFO - The image is bme.
2023-07-09 17:49:52,480 - root - INFO - Reading image header(readHeader16E)...
2023-07-09 17:49:52,481 - root - INFO - Image header was read:
2023-07-09 17:49:52,481 - root - INFO - Width: 57, Height: 20, RowLength: 114
2023-07-09 17:49:52,481 - root - INFO - datalength: 1332, _step: 2
2023-07-09 17:49:52,481 - root - INFO - BPP: 16, Transparency: False
2023-07-09 17:49:52,484 - root - INFO - Resource 60 offset: 464296, length: 1746...
2023-07-09 17:49:52,485 - root - DEBUG - Reading resource 60...
2023-07-09 17:49:52,485 - root - INFO - The image is bme.
2023-07-09 17:49:52,485 - root - INFO - Reading image header(readHeader16E)...
2023-07-09 17:49:52,485 - root - INFO - Image header was read:
2023-07-09 17:49:52,485 - root - INFO - Width: 57, Height: 20, RowLength: 114
2023-07-09 17:49:52,485 - root - INFO - datalength: 1730, _step: 2
2023-07-09 17:49:52,485 - root - INFO - BPP: 16, Transparency: False
2023-07-09 17:49:52,490 - root - INFO - Resource 61 offset: 466042, length: 1362...
2023-07-09 17:49:52,490 - root - DEBUG - Reading resource 61...
2023-07-09 17:49:52,490 - root - INFO - The image is bme.
2023-07-09 17:49:52,491 - root - INFO - Reading image header(readHeader16E)...
2023-07-09 17:49:52,491 - root - INFO - Image header was read:
2023-07-09 17:49:52,491 - root - INFO - Width: 44, Height: 22, RowLength: 88
2023-07-09 17:49:52,491 - root - INFO - datalength: 1346, _step: 2
2023-07-09 17:49:52,491 - root - INFO - BPP: 16, Transparency: False
2023-07-09 17:49:52,494 - root - INFO - Resource 62 offset: 467404, length: 1348...
2023-07-09 17:49:52,494 - root - DEBUG - Reading resource 62...
2023-07-09 17:49:52,495 - root - INFO - The image is bme.
2023-07-09 17:49:52,495 - root - INFO - Reading image header(readHeader16E)...
2023-07-09 17:49:52,495 - root - INFO - Image header was read:
2023-07-09 17:49:52,495 - root - INFO - Width: 44, Height: 22, RowLength: 88
2023-07-09 17:49:52,495 - root - INFO - datalength: 1332, _step: 2
2023-07-09 17:49:52,495 - root - INFO - BPP: 16, Transparency: False
2023-07-09 17:49:52,499 - root - INFO - Resource 63 offset: 468752, length: 684...
2023-07-09 17:49:52,499 - root - DEBUG - Reading resource 63...
2023-07-09 17:49:52,499 - root - INFO - The image is bme.
2023-07-09 17:49:52,499 - root - INFO - Reading image header(readHeader16E)...
2023-07-09 17:49:52,499 - root - INFO - Image header was read:
2023-07-09 17:49:52,499 - root - INFO - Width: 20, Height: 25, RowLength: 40
2023-07-09 17:49:52,499 - root - INFO - datalength: 668, _step: 2
2023-07-09 17:49:52,500 - root - INFO - BPP: 16, Transparency: False
2023-07-09 17:49:52,501 - root - INFO - Resource 64 offset: 469436, length: 380...
2023-07-09 17:49:52,501 - root - DEBUG - Reading resource 64...
2023-07-09 17:49:52,502 - root - INFO - The image is bme.
2023-07-09 17:49:52,502 - root - INFO - Reading image header(readHeader16E)...
2023-07-09 17:49:52,502 - root - INFO - Image header was read:
2023-07-09 17:49:52,502 - root - INFO - Width: 20, Height: 25, RowLength: 40
2023-07-09 17:49:52,502 - root - INFO - datalength: 364, _step: 2
2023-07-09 17:49:52,502 - root - INFO - BPP: 16, Transparency: False
2023-07-09 17:49:52,503 - root - INFO - Resource 65 offset: 469816, length: 526...
2023-07-09 17:49:52,503 - root - DEBUG - Reading resource 65...
2023-07-09 17:49:52,503 - root - INFO - The image is bme.
2023-07-09 17:49:52,504 - root - INFO - Reading image header(readHeader16E)...
2023-07-09 17:49:52,504 - root - INFO - Image header was read:
2023-07-09 17:49:52,504 - root - INFO - Width: 20, Height: 25, RowLength: 40
2023-07-09 17:49:52,504 - root - INFO - datalength: 510, _step: 2
2023-07-09 17:49:52,504 - root - INFO - BPP: 16, Transparency: False
2023-07-09 17:49:52,505 - root - INFO - Resource 66 offset: 470342, length: 596...
2023-07-09 17:49:52,506 - root - DEBUG - Reading resource 66...
2023-07-09 17:49:52,506 - root - INFO - The image is bme.
2023-07-09 17:49:52,506 - root - INFO - Reading image header(readHeader16E)...
2023-07-09 17:49:52,506 - root - INFO - Image header was read:
2023-07-09 17:49:52,506 - root - INFO - Width: 20, Height: 25, RowLength: 40
2023-07-09 17:49:52,506 - root - INFO - datalength: 580, _step: 2
2023-07-09 17:49:52,506 - root - INFO - BPP: 16, Transparency: False
2023-07-09 17:49:52,508 - root - INFO - Resource 67 offset: 470938, length: 560...
2023-07-09 17:49:52,508 - root - DEBUG - Reading resource 67...
2023-07-09 17:49:52,508 - root - INFO - The image is bme.
2023-07-09 17:49:52,508 - root - INFO - Reading image header(readHeader16E)...
2023-07-09 17:49:52,508 - root - INFO - Image header was read:
2023-07-09 17:49:52,509 - root - INFO - Width: 20, Height: 25, RowLength: 40
2023-07-09 17:49:52,509 - root - INFO - datalength: 544, _step: 2
2023-07-09 17:49:52,509 - root - INFO - BPP: 16, Transparency: False
2023-07-09 17:49:52,510 - root - INFO - Resource 68 offset: 471498, length: 596...
2023-07-09 17:49:52,510 - root - DEBUG - Reading resource 68...
2023-07-09 17:49:52,511 - root - INFO - The image is bme.
2023-07-09 17:49:52,511 - root - INFO - Reading image header(readHeader16E)...
2023-07-09 17:49:52,511 - root - INFO - Image header was read:
2023-07-09 17:49:52,511 - root - INFO - Width: 20, Height: 25, RowLength: 40
2023-07-09 17:49:52,511 - root - INFO - datalength: 580, _step: 2
2023-07-09 17:49:52,511 - root - INFO - BPP: 16, Transparency: False
2023-07-09 17:49:52,513 - root - INFO - Resource 69 offset: 472094, length: 630...
2023-07-09 17:49:52,513 - root - DEBUG - Reading resource 69...
2023-07-09 17:49:52,513 - root - INFO - The image is bme.
2023-07-09 17:49:52,513 - root - INFO - Reading image header(readHeader16E)...
2023-07-09 17:49:52,513 - root - INFO - Image header was read:
2023-07-09 17:49:52,513 - root - INFO - Width: 20, Height: 25, RowLength: 40
2023-07-09 17:49:52,513 - root - INFO - datalength: 614, _step: 2
2023-07-09 17:49:52,514 - root - INFO - BPP: 16, Transparency: False
2023-07-09 17:49:52,515 - root - INFO - Resource 70 offset: 472724, length: 438...
2023-07-09 17:49:52,515 - root - DEBUG - Reading resource 70...
2023-07-09 17:49:52,516 - root - INFO - The image is bme.
2023-07-09 17:49:52,516 - root - INFO - Reading image header(readHeader16E)...
2023-07-09 17:49:52,516 - root - INFO - Image header was read:
2023-07-09 17:49:52,516 - root - INFO - Width: 20, Height: 25, RowLength: 40
2023-07-09 17:49:52,516 - root - INFO - datalength: 422, _step: 2
2023-07-09 17:49:52,516 - root - INFO - BPP: 16, Transparency: False
2023-07-09 17:49:52,517 - root - INFO - Resource 71 offset: 473162, length: 690...
2023-07-09 17:49:52,517 - root - DEBUG - Reading resource 71...
2023-07-09 17:49:52,518 - root - INFO - The image is bme.
2023-07-09 17:49:52,518 - root - INFO - Reading image header(readHeader16E)...
2023-07-09 17:49:52,518 - root - INFO - Image header was read:
2023-07-09 17:49:52,518 - root - INFO - Width: 20, Height: 25, RowLength: 40
2023-07-09 17:49:52,518 - root - INFO - datalength: 674, _step: 2
2023-07-09 17:49:52,518 - root - INFO - BPP: 16, Transparency: False
2023-07-09 17:49:52,520 - root - INFO - Resource 72 offset: 473852, length: 644...
2023-07-09 17:49:52,520 - root - DEBUG - Reading resource 72...
2023-07-09 17:49:52,520 - root - INFO - The image is bme.
2023-07-09 17:49:52,520 - root - INFO - Reading image header(readHeader16E)...
2023-07-09 17:49:52,521 - root - INFO - Image header was read:
2023-07-09 17:49:52,521 - root - INFO - Width: 20, Height: 25, RowLength: 40
2023-07-09 17:49:52,521 - root - INFO - datalength: 628, _step: 2
2023-07-09 17:49:52,521 - root - INFO - BPP: 16, Transparency: False
2023-07-09 17:49:52,523 - root - INFO - Resource 73 offset: 474496, length: 782...
2023-07-09 17:49:52,523 - root - DEBUG - Reading resource 73...
2023-07-09 17:49:52,523 - root - INFO - The image is bme.
2023-07-09 17:49:52,523 - root - INFO - Reading image header(readHeader16E)...
2023-07-09 17:49:52,523 - root - INFO - Image header was read:
2023-07-09 17:49:52,523 - root - INFO - Width: 30, Height: 30, RowLength: 60
2023-07-09 17:49:52,523 - root - INFO - datalength: 766, _step: 2
2023-07-09 17:49:52,524 - root - INFO - BPP: 16, Transparency: False
2023-07-09 17:49:52,526 - root - INFO - Resource 74 offset: 475278, length: 1088...
2023-07-09 17:49:52,526 - root - DEBUG - Reading resource 74...
2023-07-09 17:49:52,526 - root - INFO - The image is bme.
2023-07-09 17:49:52,526 - root - INFO - Reading image header(readHeader16E)...
2023-07-09 17:49:52,526 - root - INFO - Image header was read:
2023-07-09 17:49:52,526 - root - INFO - Width: 282, Height: 58, RowLength: 564
2023-07-09 17:49:52,526 - root - INFO - datalength: 1072, _step: 2
2023-07-09 17:49:52,526 - root - INFO - BPP: 16, Transparency: False
2023-07-09 17:49:52,530 - root - INFO - Resource 75 offset: 476366, length: 1888...
2023-07-09 17:49:52,530 - root - DEBUG - Reading resource 75...
2023-07-09 17:49:52,530 - root - INFO - The image is bme.
2023-07-09 17:49:52,530 - root - INFO - Reading image header(readHeader16E)...
2023-07-09 17:49:52,530 - root - INFO - Image header was read:
2023-07-09 17:49:52,532 - root - INFO - Width: 282, Height: 58, RowLength: 564
2023-07-09 17:49:52,532 - root - INFO - datalength: 1872, _step: 2
2023-07-09 17:49:52,532 - root - INFO - BPP: 16, Transparency: False
2023-07-09 17:49:52,537 - root - INFO - Resource 76 offset: 478254, length: 2658...
2023-07-09 17:49:52,538 - root - DEBUG - Reading resource 76...
2023-07-09 17:49:52,538 - root - INFO - The image is bme.
2023-07-09 17:49:52,538 - root - INFO - Reading image header(readHeader16E)...
2023-07-09 17:49:52,538 - root - INFO - Image header was read:
2023-07-09 17:49:52,538 - root - INFO - Width: 282, Height: 58, RowLength: 564
2023-07-09 17:49:52,538 - root - INFO - datalength: 2642, _step: 2
2023-07-09 17:49:52,538 - root - INFO - BPP: 16, Transparency: False
2023-07-09 17:49:52,547 - root - INFO - Resource 77 offset: 480912, length: 3406...
2023-07-09 17:49:52,547 - root - DEBUG - Reading resource 77...
2023-07-09 17:49:52,547 - root - INFO - The image is bme.
2023-07-09 17:49:52,547 - root - INFO - Reading image header(readHeader16E)...
2023-07-09 17:49:52,547 - root - INFO - Image header was read:
2023-07-09 17:49:52,547 - root - INFO - Width: 282, Height: 58, RowLength: 564
2023-07-09 17:49:52,547 - root - INFO - datalength: 3390, _step: 2
2023-07-09 17:49:52,547 - root - INFO - BPP: 16, Transparency: False
2023-07-09 17:49:52,558 - root - INFO - Resource 78 offset: 484318, length: 4118...
2023-07-09 17:49:52,558 - root - DEBUG - Reading resource 78...
2023-07-09 17:49:52,558 - root - INFO - The image is bme.
2023-07-09 17:49:52,558 - root - INFO - Reading image header(readHeader16E)...
2023-07-09 17:49:52,558 - root - INFO - Image header was read:
2023-07-09 17:49:52,559 - root - INFO - Width: 282, Height: 58, RowLength: 564
2023-07-09 17:49:52,559 - root - INFO - datalength: 4102, _step: 2
2023-07-09 17:49:52,559 - root - INFO - BPP: 16, Transparency: False
2023-07-09 17:49:52,574 - root - INFO - Resource 79 offset: 488436, length: 4862...
2023-07-09 17:49:52,574 - root - DEBUG - Reading resource 79...
2023-07-09 17:49:52,574 - root - INFO - The image is bme.
2023-07-09 17:49:52,574 - root - INFO - Reading image header(readHeader16E)...
2023-07-09 17:49:52,575 - root - INFO - Image header was read:
2023-07-09 17:49:52,575 - root - INFO - Width: 282, Height: 58, RowLength: 564
2023-07-09 17:49:52,575 - root - INFO - datalength: 4846, _step: 2
2023-07-09 17:49:52,575 - root - INFO - BPP: 16, Transparency: False
2023-07-09 17:49:52,595 - root - INFO - Resource 80 offset: 493298, length: 5608...
2023-07-09 17:49:52,595 - root - DEBUG - Reading resource 80...
2023-07-09 17:49:52,595 - root - INFO - The image is bme.
2023-07-09 17:49:52,596 - root - INFO - Reading image header(readHeader16E)...
2023-07-09 17:49:52,596 - root - INFO - Image header was read:
2023-07-09 17:49:52,596 - root - INFO - Width: 282, Height: 58, RowLength: 564
2023-07-09 17:49:52,596 - root - INFO - datalength: 5592, _step: 2
2023-07-09 17:49:52,596 - root - INFO - BPP: 16, Transparency: False
2023-07-09 17:49:52,616 - root - INFO - Resource 81 offset: 498906, length: 6380...
2023-07-09 17:49:52,616 - root - DEBUG - Reading resource 81...
2023-07-09 17:49:52,617 - root - INFO - The image is bme.
2023-07-09 17:49:52,617 - root - INFO - Reading image header(readHeader16E)...
2023-07-09 17:49:52,617 - root - INFO - Image header was read:
2023-07-09 17:49:52,617 - root - INFO - Width: 282, Height: 58, RowLength: 564
2023-07-09 17:49:52,617 - root - INFO - datalength: 6364, _step: 2
2023-07-09 17:49:52,617 - root - INFO - BPP: 16, Transparency: False
2023-07-09 17:49:52,641 - root - INFO - Resource 82 offset: 505286, length: 7174...
2023-07-09 17:49:52,641 - root - DEBUG - Reading resource 82...
2023-07-09 17:49:52,641 - root - INFO - The image is bme.
2023-07-09 17:49:52,641 - root - INFO - Reading image header(readHeader16E)...
2023-07-09 17:49:52,641 - root - INFO - Image header was read:
2023-07-09 17:49:52,642 - root - INFO - Width: 282, Height: 58, RowLength: 564
2023-07-09 17:49:52,642 - root - INFO - datalength: 7158, _step: 2
2023-07-09 17:49:52,642 - root - INFO - BPP: 16, Transparency: False
2023-07-09 17:49:52,665 - root - INFO - Resource 83 offset: 512460, length: 8148...
2023-07-09 17:49:52,665 - root - DEBUG - Reading resource 83...
2023-07-09 17:49:52,665 - root - INFO - The image is bme.
2023-07-09 17:49:52,665 - root - INFO - Reading image header(readHeader16E)...
2023-07-09 17:49:52,665 - root - INFO - Image header was read:
2023-07-09 17:49:52,666 - root - INFO - Width: 282, Height: 58, RowLength: 564
2023-07-09 17:49:52,666 - root - INFO - datalength: 8132, _step: 2
2023-07-09 17:49:52,666 - root - INFO - BPP: 16, Transparency: False
2023-07-09 17:49:52,695 - root - INFO - Resource 84 offset: 520608, length: 758...
2023-07-09 17:49:52,695 - root - DEBUG - Reading resource 84...
2023-07-09 17:49:52,695 - root - INFO - The image is bme.
2023-07-09 17:49:52,695 - root - INFO - Reading image header(readHeader16E)...
2023-07-09 17:49:52,695 - root - INFO - Image header was read:
2023-07-09 17:49:52,695 - root - INFO - Width: 20, Height: 25, RowLength: 40
2023-07-09 17:49:52,695 - root - INFO - datalength: 742, _step: 2
2023-07-09 17:49:52,696 - root - INFO - BPP: 16, Transparency: False
2023-07-09 17:49:52,697 - root - INFO - Resource 85 offset: 521366, length: 540...
2023-07-09 17:49:52,697 - root - DEBUG - Reading resource 85...
2023-07-09 17:49:52,698 - root - INFO - The image is bme.
2023-07-09 17:49:52,698 - root - INFO - Reading image header(readHeader16E)...
2023-07-09 17:49:52,698 - root - INFO - Image header was read:
2023-07-09 17:49:52,698 - root - INFO - Width: 30, Height: 30, RowLength: 60
2023-07-09 17:49:52,698 - root - INFO - datalength: 524, _step: 2
2023-07-09 17:49:52,698 - root - INFO - BPP: 16, Transparency: False
2023-07-09 17:49:52,700 - root - INFO - Resource 86 offset: 521906, length: 1054...
2023-07-09 17:49:52,700 - root - DEBUG - Reading resource 86...
2023-07-09 17:49:52,700 - root - INFO - The image is bme.
2023-07-09 17:49:52,700 - root - INFO - Reading image header(readHeader16E)...
2023-07-09 17:49:52,700 - root - INFO - Image header was read:
2023-07-09 17:49:52,700 - root - INFO - Width: 282, Height: 58, RowLength: 564
2023-07-09 17:49:52,700 - root - INFO - datalength: 1038, _step: 2
2023-07-09 17:49:52,701 - root - INFO - BPP: 16, Transparency: False
2023-07-09 17:49:52,704 - root - INFO - Resource 87 offset: 522960, length: 1866...
2023-07-09 17:49:52,704 - root - DEBUG - Reading resource 87...
2023-07-09 17:49:52,705 - root - INFO - The image is bme.
2023-07-09 17:49:52,705 - root - INFO - Reading image header(readHeader16E)...
2023-07-09 17:49:52,705 - root - INFO - Image header was read:
2023-07-09 17:49:52,705 - root - INFO - Width: 282, Height: 58, RowLength: 564
2023-07-09 17:49:52,705 - root - INFO - datalength: 1850, _step: 2
2023-07-09 17:49:52,705 - root - INFO - BPP: 16, Transparency: False
2023-07-09 17:49:52,711 - root - INFO - Resource 88 offset: 524826, length: 2656...
2023-07-09 17:49:52,711 - root - DEBUG - Reading resource 88...
2023-07-09 17:49:52,712 - root - INFO - The image is bme.
2023-07-09 17:49:52,712 - root - INFO - Reading image header(readHeader16E)...
2023-07-09 17:49:52,712 - root - INFO - Image header was read:
2023-07-09 17:49:52,712 - root - INFO - Width: 282, Height: 58, RowLength: 564
2023-07-09 17:49:52,712 - root - INFO - datalength: 2640, _step: 2
2023-07-09 17:49:52,712 - root - INFO - BPP: 16, Transparency: False
2023-07-09 17:49:52,720 - root - INFO - Resource 89 offset: 527482, length: 3400...
2023-07-09 17:49:52,720 - root - DEBUG - Reading resource 89...
2023-07-09 17:49:52,720 - root - INFO - The image is bme.
2023-07-09 17:49:52,721 - root - INFO - Reading image header(readHeader16E)...
2023-07-09 17:49:52,721 - root - INFO - Image header was read:
2023-07-09 17:49:52,721 - root - INFO - Width: 282, Height: 58, RowLength: 564
2023-07-09 17:49:52,721 - root - INFO - datalength: 3384, _step: 2
2023-07-09 17:49:52,721 - root - INFO - BPP: 16, Transparency: False
2023-07-09 17:49:52,731 - root - INFO - Resource 90 offset: 530882, length: 4120...
2023-07-09 17:49:52,732 - root - DEBUG - Reading resource 90...
2023-07-09 17:49:52,732 - root - INFO - The image is bme.
2023-07-09 17:49:52,732 - root - INFO - Reading image header(readHeader16E)...
2023-07-09 17:49:52,732 - root - INFO - Image header was read:
2023-07-09 17:49:52,732 - root - INFO - Width: 282, Height: 58, RowLength: 564
2023-07-09 17:49:52,732 - root - INFO - datalength: 4104, _step: 2
2023-07-09 17:49:52,732 - root - INFO - BPP: 16, Transparency: False
2023-07-09 17:49:52,745 - root - INFO - Resource 91 offset: 535002, length: 4868...
2023-07-09 17:49:52,745 - root - DEBUG - Reading resource 91...
2023-07-09 17:49:52,745 - root - INFO - The image is bme.
2023-07-09 17:49:52,745 - root - INFO - Reading image header(readHeader16E)...
2023-07-09 17:49:52,746 - root - INFO - Image header was read:
2023-07-09 17:49:52,746 - root - INFO - Width: 282, Height: 58, RowLength: 564
2023-07-09 17:49:52,746 - root - INFO - datalength: 4852, _step: 2
2023-07-09 17:49:52,746 - root - INFO - BPP: 16, Transparency: False
2023-07-09 17:49:52,758 - root - INFO - Resource 92 offset: 539870, length: 5630...
2023-07-09 17:49:52,758 - root - DEBUG - Reading resource 92...
2023-07-09 17:49:52,758 - root - INFO - The image is bme.
2023-07-09 17:49:52,758 - root - INFO - Reading image header(readHeader16E)...
2023-07-09 17:49:52,758 - root - INFO - Image header was read:
2023-07-09 17:49:52,758 - root - INFO - Width: 282, Height: 58, RowLength: 564
2023-07-09 17:49:52,758 - root - INFO - datalength: 5614, _step: 2
2023-07-09 17:49:52,758 - root - INFO - BPP: 16, Transparency: False
2023-07-09 17:49:52,774 - root - INFO - Resource 93 offset: 545500, length: 6406...
2023-07-09 17:49:52,774 - root - DEBUG - Reading resource 93...
2023-07-09 17:49:52,774 - root - INFO - The image is bme.
2023-07-09 17:49:52,774 - root - INFO - Reading image header(readHeader16E)...
2023-07-09 17:49:52,774 - root - INFO - Image header was read:
2023-07-09 17:49:52,774 - root - INFO - Width: 282, Height: 58, RowLength: 564
2023-07-09 17:49:52,774 - root - INFO - datalength: 6390, _step: 2
2023-07-09 17:49:52,774 - root - INFO - BPP: 16, Transparency: False
2023-07-09 17:49:52,803 - root - INFO - Resource 94 offset: 551906, length: 7204...
2023-07-09 17:49:52,804 - root - DEBUG - Reading resource 94...
2023-07-09 17:49:52,804 - root - INFO - The image is bme.
2023-07-09 17:49:52,804 - root - INFO - Reading image header(readHeader16E)...
2023-07-09 17:49:52,804 - root - INFO - Image header was read:
2023-07-09 17:49:52,804 - root - INFO - Width: 282, Height: 58, RowLength: 564
2023-07-09 17:49:52,804 - root - INFO - datalength: 7188, _step: 2
2023-07-09 17:49:52,804 - root - INFO - BPP: 16, Transparency: False
2023-07-09 17:49:52,829 - root - INFO - Resource 95 offset: 559110, length: 8154...
2023-07-09 17:49:52,829 - root - DEBUG - Reading resource 95...
2023-07-09 17:49:52,829 - root - INFO - The image is bme.
2023-07-09 17:49:52,829 - root - INFO - Reading image header(readHeader16E)...
2023-07-09 17:49:52,829 - root - INFO - Image header was read:
2023-07-09 17:49:52,829 - root - INFO - Width: 282, Height: 58, RowLength: 564
2023-07-09 17:49:52,829 - root - INFO - datalength: 8138, _step: 2
2023-07-09 17:49:52,830 - root - INFO - BPP: 16, Transparency: False
2023-07-09 17:49:52,859 - root - DEBUG - Parsing parameters...
2023-07-09 17:49:52,970 - root - DEBUG - 0 Value: None
2023-07-09 17:49:52,970 - root - DEBUG - 0.1 Value: 73
2023-07-09 17:49:52,970 - root - DEBUG - 2 Value: None
2023-07-09 17:49:52,970 - root - DEBUG - 2.1 Value: None
2023-07-09 17:49:52,970 - root - DEBUG - 2.1.1 Value: 0
2023-07-09 17:49:52,970 - root - DEBUG - 2.1.2 Value: 0
2023-07-09 17:49:52,970 - root - DEBUG - 2.1.3 Value: 1
2023-07-09 17:49:52,970 - root - DEBUG - 2.3 Value: None
2023-07-09 17:49:52,970 - root - DEBUG - 2.3.1 Value: 0
2023-07-09 17:49:52,970 - root - DEBUG - 2.3.2 Value: 0
2023-07-09 17:49:52,970 - root - DEBUG - 2.3.3 Value: 0
2023-07-09 17:49:52,970 - root - DEBUG - 2.4 Value: None
2023-07-09 17:49:52,970 - root - DEBUG - 2.4.1 Value: 0
2023-07-09 17:49:52,970 - root - DEBUG - 2.4.2 Value: 0
2023-07-09 17:49:52,970 - root - DEBUG - 2.4.3 Value: 0
2023-07-09 17:49:52,970 - root - DEBUG - 2.5 Value: None
2023-07-09 17:49:52,970 - root - DEBUG - 2.5.1 Value: 0
2023-07-09 17:49:52,970 - root - DEBUG - 2.5.2 Value: 0
2023-07-09 17:49:52,970 - root - DEBUG - 2.5.3 Value: 0
2023-07-09 17:49:52,970 - root - DEBUG - 3 Value: None
2023-07-09 17:49:52,970 - root - DEBUG - 3.1 Value: None
2023-07-09 17:49:52,970 - root - DEBUG - 3.1.1 Value: None
2023-07-09 17:49:52,970 - root - DEBUG - 3.1.1.1 Value: None
2023-07-09 17:49:52,970 - root - DEBUG - 3.1.1.1.1 Value: 6
2023-07-09 17:49:52,970 - root - DEBUG - 3.1.1.1.2 Value: 125
2023-07-09 17:49:52,970 - root - DEBUG - 3.1.1.1.3 Value: 2
2023-07-09 17:49:52,970 - root - DEBUG - 3.1.1.1.4 Value: 10
2023-07-09 17:49:52,970 - root - DEBUG - 3.1.1.2 Value: None
2023-07-09 17:49:52,970 - root - DEBUG - 3.1.1.2.1 Value: 85
2023-07-09 17:49:52,970 - root - DEBUG - 3.1.1.2.2 Value: 125
2023-07-09 17:49:52,970 - root - DEBUG - 3.1.1.2.3 Value: 2
2023-07-09 17:49:52,970 - root - DEBUG - 3.1.1.2.4 Value: 10
2023-07-09 17:49:52,970 - root - DEBUG - 3.1.2 Value: None
2023-07-09 17:49:52,970 - root - DEBUG - 3.1.2.1 Value: None
2023-07-09 17:49:52,970 - root - DEBUG - 3.1.2.1.1 Value: 164
2023-07-09 17:49:52,970 - root - DEBUG - 3.1.2.1.2 Value: 125
2023-07-09 17:49:52,970 - root - DEBUG - 3.1.2.1.3 Value: 12
2023-07-09 17:49:52,970 - root - DEBUG - 3.1.2.1.4 Value: 10
2023-07-09 17:49:52,970 - root - DEBUG - 3.1.2.2 Value: None
2023-07-09 17:49:52,970 - root - DEBUG - 3.1.2.2.1 Value: 206
2023-07-09 17:49:52,970 - root - DEBUG - 3.1.2.2.2 Value: 125
2023-07-09 17:49:52,970 - root - DEBUG - 3.1.2.2.3 Value: 12
2023-07-09 17:49:52,970 - root - DEBUG - 3.1.2.2.4 Value: 10
2023-07-09 17:49:52,970 - root - DEBUG - 3.1.3 Value: None
2023-07-09 17:49:52,970 - root - DEBUG - 3.1.3.1 Value: None
2023-07-09 17:49:52,970 - root - DEBUG - 3.1.3.1.1 Value: 254
2023-07-09 17:49:52,970 - root - DEBUG - 3.1.3.1.2 Value: 127
2023-07-09 17:49:52,970 - root - DEBUG - 3.1.3.1.3 Value: 22
2023-07-09 17:49:52,970 - root - DEBUG - 3.1.3.1.4 Value: 10
2023-07-09 17:49:52,970 - root - DEBUG - 3.1.3.2 Value: None
2023-07-09 17:49:52,970 - root - DEBUG - 3.1.3.2.1 Value: 274
2023-07-09 17:49:52,970 - root - DEBUG - 3.1.3.2.2 Value: 127
2023-07-09 17:49:52,970 - root - DEBUG - 3.1.3.2.3 Value: 22
2023-07-09 17:49:52,970 - root - DEBUG - 3.1.3.2.4 Value: 10
2023-07-09 17:49:52,970 - root - DEBUG - 3.1.7 Value: 0
2023-07-09 17:49:52,970 - root - DEBUG - 3.1.8 Value: 1
2023-07-09 17:49:52,970 - root - DEBUG - 4 Value: None
2023-07-09 17:49:52,970 - root - DEBUG - 4.1 Value: None
2023-07-09 17:49:52,970 - root - DEBUG - 4.1.1 Value: None
2023-07-09 17:49:52,970 - root - DEBUG - 4.1.1.1 Value: 85
2023-07-09 17:49:52,970 - root - DEBUG - 4.1.1.2 Value: 284
2023-07-09 17:49:52,970 - root - DEBUG - 4.1.1.3 Value: 221
2023-07-09 17:49:52,970 - root - DEBUG - 4.1.1.4 Value: 312
2023-07-09 17:49:52,970 - root - DEBUG - 4.1.1.5 Value: 40
2023-07-09 17:49:52,970 - root - DEBUG - 4.1.1.6 Value: 0
2023-07-09 17:49:52,970 - root - DEBUG - 4.1.1.7 Value: 0
2023-07-09 17:49:52,970 - root - DEBUG - 4.1.1.8 Value: 63
2023-07-09 17:49:52,970 - root - DEBUG - 4.1.1.9 Value: 10
2023-07-09 17:49:52,970 - root - DEBUG - 4.1.2 Value: 73
2023-07-09 17:49:52,970 - root - DEBUG - 4.7 Value: 0
2023-07-09 17:49:52,970 - root - DEBUG - 4.8 Value: None
2023-07-09 17:49:52,970 - root - DEBUG - 4.8.1 Value: None
2023-07-09 17:49:52,970 - root - DEBUG - 4.8.1.1 Value: 0
2023-07-09 17:49:52,970 - root - DEBUG - 4.8.1.2 Value: 0
2023-07-09 17:49:52,970 - root - DEBUG - 4.8.1.3 Value: 0
2023-07-09 17:49:52,970 - root - DEBUG - 4.8.1.4 Value: 0
2023-07-09 17:49:52,970 - root - DEBUG - 4.8.1.5 Value: 0
2023-07-09 17:49:52,970 - root - DEBUG - 4.8.1.6 Value: 0
2023-07-09 17:49:52,970 - root - DEBUG - 4.8.1.7 Value: 0
2023-07-09 17:49:52,970 - root - DEBUG - 4.8.1.8 Value: 0
2023-07-09 17:49:52,970 - root - DEBUG - 4.8.1.9 Value: 0
2023-07-09 17:49:52,970 - root - DEBUG - 5 Value: None
2023-07-09 17:49:52,970 - root - DEBUG - 5.1 Value: None
2023-07-09 17:49:52,970 - root - DEBUG - 5.1.1 Value: None
2023-07-09 17:49:52,970 - root - DEBUG - 5.1.1.2 Value: None
2023-07-09 17:49:52,970 - root - DEBUG - 5.1.1.2.1 Value: 164
2023-07-09 17:49:52,970 - root - DEBUG - 5.1.1.2.2 Value: 206
2023-07-09 17:49:52,970 - root - DEBUG - 5.1.1.2.3 Value: 32
2023-07-09 17:49:52,970 - root - DEBUG - 5.1.1.2.4 Value: 12
2023-07-09 17:49:52,970 - root - DEBUG - 5.1.1.3 Value: None
2023-07-09 17:49:52,970 - root - DEBUG - 5.1.1.3.1 Value: 164
2023-07-09 17:49:52,970 - root - DEBUG - 5.1.1.3.2 Value: 206
2023-07-09 17:49:52,970 - root - DEBUG - 5.1.1.3.3 Value: 32
2023-07-09 17:49:52,970 - root - DEBUG - 5.1.1.3.4 Value: 12
2023-07-09 17:49:52,970 - root - DEBUG - 5.1.1.4 Value: None
2023-07-09 17:49:52,970 - root - DEBUG - 5.1.1.4.1 Value: 220
2023-07-09 17:49:52,970 - root - DEBUG - 5.1.1.4.2 Value: 206
2023-07-09 17:49:52,970 - root - DEBUG - 5.1.1.4.3 Value: 252
2023-07-09 17:49:52,970 - root - DEBUG - 5.1.1.4.4 Value: 227
2023-07-09 17:49:52,970 - root - DEBUG - 5.1.1.4.5 Value: 18
2023-07-09 17:49:52,970 - root - DEBUG - 5.1.1.4.6 Value: 0
2023-07-09 17:49:52,970 - root - DEBUG - 5.1.1.4.7 Value: 0
2023-07-09 17:49:52,970 - root - DEBUG - 5.1.1.4.8 Value: 44
2023-07-09 17:49:52,970 - root - DEBUG - 5.1.1.4.9 Value: 10
2023-07-09 17:49:52,970 - root - DEBUG - 5.1.4 Value: 0
2023-07-09 17:49:52,970 - root - DEBUG - 5.1.5 Value: 1
2023-07-09 17:49:52,970 - root - DEBUG - 5.1.6 Value: 0
2023-07-09 17:49:52,970 - root - DEBUG - 5.2 Value: None
2023-07-09 17:49:52,970 - root - DEBUG - 5.2.1 Value: 254
2023-07-09 17:49:52,970 - root - DEBUG - 5.2.2 Value: 158
2023-07-09 17:49:52,970 - root - DEBUG - 5.2.5 Value: 61
2023-07-09 17:49:52,970 - root - DEBUG - 5.2.6 Value: 62
2023-07-09 17:49:52,970 - root - DEBUG - 5.4 Value: None
2023-07-09 17:49:52,970 - root - DEBUG - 5.4.1 Value: 164
2023-07-09 17:49:52,970 - root - DEBUG - 5.4.2 Value: 186
2023-07-09 17:49:52,970 - root - DEBUG - 5.4.3 Value: 54
2023-07-09 17:49:52,970 - root - DEBUG - 5.4.4 Value: 7
2023-07-09 17:49:52,970 - root - DEBUG - 7 Value: None
2023-07-09 17:49:52,970 - root - DEBUG - 7.2 Value: None
2023-07-09 17:49:52,970 - root - DEBUG - 7.2.1 Value: 12
2023-07-09 17:49:52,970 - root - DEBUG - 7.2.2 Value: 286
2023-07-09 17:49:52,986 - root - DEBUG - 7.2.3 Value: 74
2023-07-09 17:49:52,986 - root - DEBUG - 7.2.4 Value: 10
2023-07-09 17:49:52,986 - root - DEBUG - 9 Value: None
2023-07-09 17:49:52,986 - root - DEBUG - 9.1 Value: None
2023-07-09 17:49:52,986 - root - DEBUG - 9.1.1 Value: None
2023-07-09 17:49:52,986 - root - DEBUG - 9.1.1.1 Value: 95
2023-07-09 17:49:52,986 - root - DEBUG - 9.1.1.2 Value: 40
2023-07-09 17:49:52,986 - root - DEBUG - 9.1.1.3 Value: 211
2023-07-09 17:49:52,986 - root - DEBUG - 9.1.1.4 Value: 67
2023-07-09 17:49:52,986 - root - DEBUG - 9.1.1.5 Value: 40
2023-07-09 17:49:52,986 - root - DEBUG - 9.1.1.6 Value: 0
2023-07-09 17:49:52,986 - root - DEBUG - 9.1.1.7 Value: 0
2023-07-09 17:49:52,986 - root - DEBUG - 9.1.1.8 Value: 63
2023-07-09 17:49:52,986 - root - DEBUG - 9.1.1.9 Value: 10
2023-07-09 17:49:52,986 - root - DEBUG - 9.1.3 Value: 85
2023-07-09 17:49:52,986 - root - DEBUG - 9.1.4 Value: 84
2023-07-09 17:49:52,986 - root - DEBUG - 9.2 Value: None
2023-07-09 17:49:52,986 - root - DEBUG - 9.2.1 Value: 12
2023-07-09 17:49:52,986 - root - DEBUG - 9.2.2 Value: 10
2023-07-09 17:49:52,986 - root - DEBUG - 9.2.3 Value: 86
2023-07-09 17:49:52,986 - root - DEBUG - 9.2.4 Value: 10
2023-07-09 17:49:52,986 - root - DEBUG - 0-Info
2023-07-09 17:49:52,986 - root - DEBUG - 0.1-DeviceId
2023-07-09 17:49:52,986 - root - DEBUG - 2-Background
2023-07-09 17:49:52,986 - root - DEBUG - 2.1-Image
2023-07-09 17:49:52,986 - root - DEBUG - 2.1.1-X
2023-07-09 17:49:52,986 - root - DEBUG - 2.1.2-Y
2023-07-09 17:49:52,986 - root - DEBUG - 2.1.3-ImageIndex
2023-07-09 17:49:52,986 - root - DEBUG - 2.3-Preview
2023-07-09 17:49:52,986 - root - DEBUG - 2.3.1-X
2023-07-09 17:49:52,986 - root - DEBUG - 2.3.2-Y
2023-07-09 17:49:52,986 - root - DEBUG - 2.3.3-ImageIndex
2023-07-09 17:49:52,986 - root - DEBUG - 2.4-PreviewTradChinese
2023-07-09 17:49:52,986 - root - DEBUG - 2.4.1-X
2023-07-09 17:49:52,986 - root - DEBUG - 2.4.2-Y
2023-07-09 17:49:52,986 - root - DEBUG - 2.4.3-ImageIndex
2023-07-09 17:49:52,986 - root - DEBUG - 2.5-PreviewChinese
2023-07-09 17:49:52,986 - root - DEBUG - 2.5.1-X
2023-07-09 17:49:52,986 - root - DEBUG - 2.5.2-Y
2023-07-09 17:49:52,986 - root - DEBUG - 2.5.3-ImageIndex
2023-07-09 17:49:52,986 - root - DEBUG - 3-TimeExtended
2023-07-09 17:49:52,986 - root - DEBUG - 3.1-TimeSeparateDigits
2023-07-09 17:49:52,986 - root - DEBUG - 3.1.1-Hours
2023-07-09 17:49:52,986 - root - DEBUG - 3.1.1.1-Tens
2023-07-09 17:49:52,986 - root - DEBUG - 3.1.1.1.1-X
2023-07-09 17:49:52,986 - root - DEBUG - 3.1.1.1.2-Y
2023-07-09 17:49:52,986 - root - DEBUG - 3.1.1.1.3-ImageIndex
2023-07-09 17:49:52,986 - root - DEBUG - 3.1.1.1.4-ImagesCount
2023-07-09 17:49:52,986 - root - DEBUG - 3.1.1.2-Ones
2023-07-09 17:49:52,986 - root - DEBUG - 3.1.1.2.1-X
2023-07-09 17:49:52,986 - root - DEBUG - 3.1.1.2.2-Y
2023-07-09 17:49:52,986 - root - DEBUG - 3.1.1.2.3-ImageIndex
2023-07-09 17:49:52,986 - root - DEBUG - 3.1.1.2.4-ImagesCount
2023-07-09 17:49:52,986 - root - DEBUG - 3.1.2-Minutes
2023-07-09 17:49:52,986 - root - DEBUG - 3.1.2.1-Tens
2023-07-09 17:49:52,986 - root - DEBUG - 3.1.2.1.1-X
2023-07-09 17:49:52,986 - root - DEBUG - 3.1.2.1.2-Y
2023-07-09 17:49:52,986 - root - DEBUG - 3.1.2.1.3-ImageIndex
2023-07-09 17:49:52,986 - root - DEBUG - 3.1.2.1.4-ImagesCount
2023-07-09 17:49:52,986 - root - DEBUG - 3.1.2.2-Ones
2023-07-09 17:49:52,986 - root - DEBUG - 3.1.2.2.1-X
2023-07-09 17:49:52,986 - root - DEBUG - 3.1.2.2.2-Y
2023-07-09 17:49:52,986 - root - DEBUG - 3.1.2.2.3-ImageIndex
2023-07-09 17:49:52,986 - root - DEBUG - 3.1.2.2.4-ImagesCount
2023-07-09 17:49:52,986 - root - DEBUG - 3.1.3-Seconds
2023-07-09 17:49:52,986 - root - DEBUG - 3.1.3.1-Tens
2023-07-09 17:49:52,986 - root - DEBUG - 3.1.3.1.1-X
2023-07-09 17:49:52,986 - root - DEBUG - 3.1.3.1.2-Y
2023-07-09 17:49:52,986 - root - DEBUG - 3.1.3.1.3-ImageIndex
2023-07-09 17:49:52,986 - root - DEBUG - 3.1.3.1.4-ImagesCount
2023-07-09 17:49:52,986 - root - DEBUG - 3.1.3.2-Ones
2023-07-09 17:49:52,986 - root - DEBUG - 3.1.3.2.1-X
2023-07-09 17:49:52,986 - root - DEBUG - 3.1.3.2.2-Y
2023-07-09 17:49:52,986 - root - DEBUG - 3.1.3.2.3-ImageIndex
2023-07-09 17:49:52,986 - root - DEBUG - 3.1.3.2.4-ImagesCount
2023-07-09 17:49:52,986 - root - DEBUG - 3.1.7-UnknowBoolean7
2023-07-09 17:49:52,986 - root - DEBUG - 3.1.8-PaddingZeroMinutes
2023-07-09 17:49:52,986 - root - DEBUG - 4-Activity
2023-07-09 17:49:52,986 - root - DEBUG - 4.1-Steps
2023-07-09 17:49:52,986 - root - DEBUG - 4.1.1-ImageNumber
2023-07-09 17:49:52,986 - root - DEBUG - 4.1.1.1-TopLeftX
2023-07-09 17:49:52,986 - root - DEBUG - 4.1.1.2-TopLeftY
2023-07-09 17:49:52,986 - root - DEBUG - 4.1.1.3-BottomRightX
2023-07-09 17:49:52,986 - root - DEBUG - 4.1.1.4-BottomRightY
2023-07-09 17:49:52,986 - root - DEBUG - 4.1.1.5-Alignment
2023-07-09 17:49:52,986 - root - DEBUG - 4.1.1.6-Spacing
2023-07-09 17:49:52,986 - root - DEBUG - 4.1.1.7-VerticalOffset
2023-07-09 17:49:52,986 - root - DEBUG - 4.1.1.8-ImageIndex
2023-07-09 17:49:52,986 - root - DEBUG - 4.1.1.9-ImagesCount
2023-07-09 17:49:52,986 - root - DEBUG - 4.1.2-PrefixImageIndex
2023-07-09 17:49:52,986 - root - DEBUG - 4.7-UnknownLongValue7
2023-07-09 17:49:52,986 - root - DEBUG - 4.8-StandUp
2023-07-09 17:49:52,986 - root - DEBUG - 4.8.1-ImageNumber
2023-07-09 17:49:52,986 - root - DEBUG - 4.8.1.1-TopLeftX
2023-07-09 17:49:52,986 - root - DEBUG - 4.8.1.2-TopLeftY
2023-07-09 17:49:53,002 - root - DEBUG - 4.8.1.3-BottomRightX
2023-07-09 17:49:53,002 - root - DEBUG - 4.8.1.4-BottomRightY
2023-07-09 17:49:53,002 - root - DEBUG - 4.8.1.5-Alignment
2023-07-09 17:49:53,002 - root - DEBUG - 4.8.1.6-Spacing
2023-07-09 17:49:53,002 - root - DEBUG - 4.8.1.7-VerticalOffset
2023-07-09 17:49:53,002 - root - DEBUG - 4.8.1.8-ImageIndex
2023-07-09 17:49:53,002 - root - DEBUG - 4.8.1.9-ImagesCount
2023-07-09 17:49:53,002 - root - DEBUG - 5-DateBlock
2023-07-09 17:49:53,002 - root - DEBUG - 5.1-Date
2023-07-09 17:49:53,002 - root - DEBUG - 5.1.1-MonthAndDayAlt
2023-07-09 17:49:53,002 - root - DEBUG - 5.1.1.2-MonthAsWord
2023-07-09 17:49:53,002 - root - DEBUG - 5.1.1.2.1-X
2023-07-09 17:49:53,002 - root - DEBUG - 5.1.1.2.2-Y
2023-07-09 17:49:53,002 - root - DEBUG - 5.1.1.2.3-ImageIndex
2023-07-09 17:49:53,002 - root - DEBUG - 5.1.1.2.4-ImagesCount
2023-07-09 17:49:53,002 - root - DEBUG - 5.1.1.3-MonthAsWordChinese
2023-07-09 17:49:53,002 - root - DEBUG - 5.1.1.3.1-X
2023-07-09 17:49:53,002 - root - DEBUG - 5.1.1.3.2-Y
2023-07-09 17:49:53,002 - root - DEBUG - 5.1.1.3.3-ImageIndex
2023-07-09 17:49:53,002 - root - DEBUG - 5.1.1.3.4-ImagesCount
2023-07-09 17:49:53,002 - root - DEBUG - 5.1.1.4-Day
2023-07-09 17:49:53,002 - root - DEBUG - 5.1.1.4.1-TopLeftX
2023-07-09 17:49:53,002 - root - DEBUG - 5.1.1.4.2-TopLeftY
2023-07-09 17:49:53,002 - root - DEBUG - 5.1.1.4.3-BottomRightX
2023-07-09 17:49:53,002 - root - DEBUG - 5.1.1.4.4-BottomRightY
2023-07-09 17:49:53,002 - root - DEBUG - 5.1.1.4.5-Alignment
2023-07-09 17:49:53,002 - root - DEBUG - 5.1.1.4.6-Spacing
2023-07-09 17:49:53,002 - root - DEBUG - 5.1.1.4.7-VerticalOffset
2023-07-09 17:49:53,002 - root - DEBUG - 5.1.1.4.8-ImageIndex
2023-07-09 17:49:53,002 - root - DEBUG - 5.1.1.4.9-ImagesCount
2023-07-09 17:49:53,002 - root - DEBUG - 5.1.4-PaddingZeroMonth
2023-07-09 17:49:53,002 - root - DEBUG - 5.1.5-PaddingZeroDay
2023-07-09 17:49:53,002 - root - DEBUG - 5.1.6-UnknownBoolean6
2023-07-09 17:49:53,002 - root - DEBUG - 5.2-AmPm
2023-07-09 17:49:53,002 - root - DEBUG - 5.2.1-CommonX
2023-07-09 17:49:53,002 - root - DEBUG - 5.2.2-CommonY
2023-07-09 17:49:53,002 - root - DEBUG - 5.2.5-AmImageIndexEN
2023-07-09 17:49:53,002 - root - DEBUG - 5.2.6-PmImageIndexEN
2023-07-09 17:49:53,002 - root - DEBUG - 5.4-Weekday
2023-07-09 17:49:53,002 - root - DEBUG - 5.4.1-X
2023-07-09 17:49:53,002 - root - DEBUG - 5.4.2-Y
2023-07-09 17:49:53,002 - root - DEBUG - 5.4.3-ImageIndex
2023-07-09 17:49:53,002 - root - DEBUG - 5.4.4-ImagesCount
2023-07-09 17:49:53,002 - root - DEBUG - 7-StepProgress
2023-07-09 17:49:53,002 - root - DEBUG - 7.2-ImageProgress
2023-07-09 17:49:53,002 - root - DEBUG - 7.2.1-X
2023-07-09 17:49:53,002 - root - DEBUG - 7.2.2-Y
2023-07-09 17:49:53,002 - root - DEBUG - 7.2.3-ImageIndex
2023-07-09 17:49:53,002 - root - DEBUG - 7.2.4-ImagesCount
2023-07-09 17:49:53,002 - root - DEBUG - 9-Battery
2023-07-09 17:49:53,002 - root - DEBUG - 9.1-BatteryText
2023-07-09 17:49:53,002 - root - DEBUG - 9.1.1-ImageNumber
2023-07-09 17:49:53,002 - root - DEBUG - 9.1.1.1-TopLeftX
2023-07-09 17:49:53,002 - root - DEBUG - 9.1.1.2-TopLeftY
2023-07-09 17:49:53,002 - root - DEBUG - 9.1.1.3-BottomRightX
2023-07-09 17:49:53,002 - root - DEBUG - 9.1.1.4-BottomRightY
2023-07-09 17:49:53,002 - root - DEBUG - 9.1.1.5-Alignment
2023-07-09 17:49:53,002 - root - DEBUG - 9.1.1.6-Spacing
2023-07-09 17:49:53,002 - root - DEBUG - 9.1.1.7-VerticalOffset
2023-07-09 17:49:53,002 - root - DEBUG - 9.1.1.8-ImageIndex
2023-07-09 17:49:53,002 - root - DEBUG - 9.1.1.9-ImagesCount
2023-07-09 17:49:53,002 - root - DEBUG - 9.1.3-PrefixImageIndex
2023-07-09 17:49:53,002 - root - DEBUG - 9.1.4-SuffixImageIndex
2023-07-09 17:49:53,002 - root - DEBUG - 9.2-ImageProgress
2023-07-09 17:49:53,002 - root - DEBUG - 9.2.1-X
2023-07-09 17:49:53,002 - root - DEBUG - 9.2.2-Y
2023-07-09 17:49:53,002 - root - DEBUG - 9.2.3-ImageIndex
2023-07-09 17:49:53,002 - root - DEBUG - 9.2.4-ImagesCount
2023-07-09 17:49:53,002 - root - DEBUG - generatePreviews
2023-07-09 17:49:53,002 - root - DEBUG - Generating previews...
2023-07-09 17:49:53,002 - root - DEBUG - Generating states done...
2023-07-09 17:49:53,017 - root - DEBUG - >>>>>>>>>>>> 0 <watchFaceParser.models.parameter.Parameter object at 0x000001DCD5EEFFD0>
2023-07-09 17:49:53,017 - root - DEBUG - >>>>>>>>>>>> 2 <watchFaceParser.models.parameter.Parameter object at 0x000001DCD5EE96D0>
2023-07-09 17:49:53,033 - root - DEBUG - >>>>>>>>>>>> 3 <watchFaceParser.models.parameter.Parameter object at 0x000001DCD5EE9190>
2023-07-09 17:49:53,033 - root - DEBUG - >>>>>>>>>>>> 4 <watchFaceParser.models.parameter.Parameter object at 0x000001DCD5EEBDC0>
2023-07-09 17:49:53,049 - root - DEBUG - >>>>>>>>>>>> 5 <watchFaceParser.models.parameter.Parameter object at 0x000001DCD5EEC910>
2023-07-09 17:49:53,064 - root - DEBUG - >>>>>>>>>>>> 7 <watchFaceParser.models.parameter.Parameter object at 0x000001DCD5EEF910>
2023-07-09 17:49:53,064 - root - DEBUG - >>>>>>>>>>>> 9 <watchFaceParser.models.parameter.Parameter object at 0x000001DCD5EEFBB0>
2023-07-09 17:49:53,080 - root - DEBUG - Generating static preview gen done...
2023-07-09 17:49:53,183 - root - DEBUG - Generating static preview save done...
2023-07-09 17:49:53,184 - root - DEBUG - Generating anim preview gen done...
2023-07-09 17:49:53,184 - root - DEBUG - >>>>>>>>>>>> 0 <watchFaceParser.models.parameter.Parameter object at 0x000001DCD5EEFFD0>
2023-07-09 17:49:53,184 - root - DEBUG - >>>>>>>>>>>> 2 <watchFaceParser.models.parameter.Parameter object at 0x000001DCD5EE96D0>
2023-07-09 17:49:53,185 - root - DEBUG - >>>>>>>>>>>> 3 <watchFaceParser.models.parameter.Parameter object at 0x000001DCD5EE9190>
2023-07-09 17:49:53,185 - root - DEBUG - >>>>>>>>>>>> 4 <watchFaceParser.models.parameter.Parameter object at 0x000001DCD5EEBDC0>
2023-07-09 17:49:53,186 - root - DEBUG - >>>>>>>>>>>> 5 <watchFaceParser.models.parameter.Parameter object at 0x000001DCD5EEC910>
2023-07-09 17:49:53,186 - root - DEBUG - >>>>>>>>>>>> 7 <watchFaceParser.models.parameter.Parameter object at 0x000001DCD5EEF910>
2023-07-09 17:49:53,186 - root - DEBUG - >>>>>>>>>>>> 9 <watchFaceParser.models.parameter.Parameter object at 0x000001DCD5EEFBB0>
2023-07-09 17:49:53,433 - root - DEBUG - generatePreviews done
2023-07-09 17:49:53,433 - root - DEBUG - Exporting resources to 'E:\Codez\zepp-gts2mini-wf\164024822b00d28891e2061e418fc1a4'
2023-07-09 17:49:53,437 - root - DEBUG - extracting E:\Codez\zepp-gts2mini-wf\164024822b00d28891e2061e418fc1a4\0000.png...
2023-07-09 17:49:53,452 - root - DEBUG - extracting E:\Codez\zepp-gts2mini-wf\164024822b00d28891e2061e418fc1a4\0001.png...
2023-07-09 17:49:53,473 - root - DEBUG - extracting E:\Codez\zepp-gts2mini-wf\164024822b00d28891e2061e418fc1a4\0002.png...
2023-07-09 17:49:53,479 - root - DEBUG - extracting E:\Codez\zepp-gts2mini-wf\164024822b00d28891e2061e418fc1a4\0003.png...
2023-07-09 17:49:53,485 - root - DEBUG - extracting E:\Codez\zepp-gts2mini-wf\164024822b00d28891e2061e418fc1a4\0004.png...
2023-07-09 17:49:53,489 - root - DEBUG - extracting E:\Codez\zepp-gts2mini-wf\164024822b00d28891e2061e418fc1a4\0005.png...
2023-07-09 17:49:53,496 - root - DEBUG - extracting E:\Codez\zepp-gts2mini-wf\164024822b00d28891e2061e418fc1a4\0006.png...
2023-07-09 17:49:53,502 - root - DEBUG - extracting E:\Codez\zepp-gts2mini-wf\164024822b00d28891e2061e418fc1a4\0007.png...
2023-07-09 17:49:53,506 - root - DEBUG - extracting E:\Codez\zepp-gts2mini-wf\164024822b00d28891e2061e418fc1a4\0008.png...
2023-07-09 17:49:53,514 - root - DEBUG - extracting E:\Codez\zepp-gts2mini-wf\164024822b00d28891e2061e418fc1a4\0009.png...
2023-07-09 17:49:53,520 - root - DEBUG - extracting E:\Codez\zepp-gts2mini-wf\164024822b00d28891e2061e418fc1a4\0010.png...
2023-07-09 17:49:53,523 - root - DEBUG - extracting E:\Codez\zepp-gts2mini-wf\164024822b00d28891e2061e418fc1a4\0011.png...
2023-07-09 17:49:53,533 - root - DEBUG - extracting E:\Codez\zepp-gts2mini-wf\164024822b00d28891e2061e418fc1a4\0012.png...
2023-07-09 17:49:53,544 - root - DEBUG - extracting E:\Codez\zepp-gts2mini-wf\164024822b00d28891e2061e418fc1a4\0013.png...
2023-07-09 17:49:53,546 - root - DEBUG - extracting E:\Codez\zepp-gts2mini-wf\164024822b00d28891e2061e418fc1a4\0014.png...
2023-07-09 17:49:53,551 - root - DEBUG - extracting E:\Codez\zepp-gts2mini-wf\164024822b00d28891e2061e418fc1a4\0015.png...
2023-07-09 17:49:53,553 - root - DEBUG - extracting E:\Codez\zepp-gts2mini-wf\164024822b00d28891e2061e418fc1a4\0016.png...
2023-07-09 17:49:53,556 - root - DEBUG - extracting E:\Codez\zepp-gts2mini-wf\164024822b00d28891e2061e418fc1a4\0017.png...
2023-07-09 17:49:53,562 - root - DEBUG - extracting E:\Codez\zepp-gts2mini-wf\164024822b00d28891e2061e418fc1a4\0018.png...
2023-07-09 17:49:53,564 - root - DEBUG - extracting E:\Codez\zepp-gts2mini-wf\164024822b00d28891e2061e418fc1a4\0019.png...
2023-07-09 17:49:53,566 - root - DEBUG - extracting E:\Codez\zepp-gts2mini-wf\164024822b00d28891e2061e418fc1a4\0020.png...
2023-07-09 17:49:53,570 - root - DEBUG - extracting E:\Codez\zepp-gts2mini-wf\164024822b00d28891e2061e418fc1a4\0021.png...
2023-07-09 17:49:53,572 - root - DEBUG - extracting E:\Codez\zepp-gts2mini-wf\164024822b00d28891e2061e418fc1a4\0022.png...
2023-07-09 17:49:53,576 - root - DEBUG - extracting E:\Codez\zepp-gts2mini-wf\164024822b00d28891e2061e418fc1a4\0023.png...
2023-07-09 17:49:53,578 - root - DEBUG - extracting E:\Codez\zepp-gts2mini-wf\164024822b00d28891e2061e418fc1a4\0024.png...
2023-07-09 17:49:53,580 - root - DEBUG - extracting E:\Codez\zepp-gts2mini-wf\164024822b00d28891e2061e418fc1a4\0025.png...
2023-07-09 17:49:53,582 - root - DEBUG - extracting E:\Codez\zepp-gts2mini-wf\164024822b00d28891e2061e418fc1a4\0026.png...
2023-07-09 17:49:53,583 - root - DEBUG - extracting E:\Codez\zepp-gts2mini-wf\164024822b00d28891e2061e418fc1a4\0027.png...
2023-07-09 17:49:53,588 - root - DEBUG - extracting E:\Codez\zepp-gts2mini-wf\164024822b00d28891e2061e418fc1a4\0028.png...
2023-07-09 17:49:53,589 - root - DEBUG - extracting E:\Codez\zepp-gts2mini-wf\164024822b00d28891e2061e418fc1a4\0029.png...
2023-07-09 17:49:53,593 - root - DEBUG - extracting E:\Codez\zepp-gts2mini-wf\164024822b00d28891e2061e418fc1a4\0030.png...
2023-07-09 17:49:53,594 - root - DEBUG - extracting E:\Codez\zepp-gts2mini-wf\164024822b00d28891e2061e418fc1a4\0031.png...
2023-07-09 17:49:53,596 - root - DEBUG - extracting E:\Codez\zepp-gts2mini-wf\164024822b00d28891e2061e418fc1a4\0032.png...
2023-07-09 17:49:53,598 - root - DEBUG - extracting E:\Codez\zepp-gts2mini-wf\164024822b00d28891e2061e418fc1a4\0033.png...
2023-07-09 17:49:53,599 - root - DEBUG - extracting E:\Codez\zepp-gts2mini-wf\164024822b00d28891e2061e418fc1a4\0034.png...
2023-07-09 17:49:53,600 - root - DEBUG - extracting E:\Codez\zepp-gts2mini-wf\164024822b00d28891e2061e418fc1a4\0035.png...
2023-07-09 17:49:53,602 - root - DEBUG - extracting E:\Codez\zepp-gts2mini-wf\164024822b00d28891e2061e418fc1a4\0036.png...
2023-07-09 17:49:53,603 - root - DEBUG - extracting E:\Codez\zepp-gts2mini-wf\164024822b00d28891e2061e418fc1a4\0037.png...
2023-07-09 17:49:53,605 - root - DEBUG - extracting E:\Codez\zepp-gts2mini-wf\164024822b00d28891e2061e418fc1a4\0038.png...
2023-07-09 17:49:53,607 - root - DEBUG - extracting E:\Codez\zepp-gts2mini-wf\164024822b00d28891e2061e418fc1a4\0039.png...
2023-07-09 17:49:53,608 - root - DEBUG - extracting E:\Codez\zepp-gts2mini-wf\164024822b00d28891e2061e418fc1a4\0040.png...
2023-07-09 17:49:53,610 - root - DEBUG - extracting E:\Codez\zepp-gts2mini-wf\164024822b00d28891e2061e418fc1a4\0041.png...
2023-07-09 17:49:53,611 - root - DEBUG - extracting E:\Codez\zepp-gts2mini-wf\164024822b00d28891e2061e418fc1a4\0042.png...
2023-07-09 17:49:53,613 - root - DEBUG - extracting E:\Codez\zepp-gts2mini-wf\164024822b00d28891e2061e418fc1a4\0043.png...
2023-07-09 17:49:53,614 - root - DEBUG - extracting E:\Codez\zepp-gts2mini-wf\164024822b00d28891e2061e418fc1a4\0044.png...
2023-07-09 17:49:53,616 - root - DEBUG - extracting E:\Codez\zepp-gts2mini-wf\164024822b00d28891e2061e418fc1a4\0045.png...
2023-07-09 17:49:53,617 - root - DEBUG - extracting E:\Codez\zepp-gts2mini-wf\164024822b00d28891e2061e418fc1a4\0046.png...
2023-07-09 17:49:53,618 - root - DEBUG - extracting E:\Codez\zepp-gts2mini-wf\164024822b00d28891e2061e418fc1a4\0047.png...
2023-07-09 17:49:53,619 - root - DEBUG - extracting E:\Codez\zepp-gts2mini-wf\164024822b00d28891e2061e418fc1a4\0048.png...
2023-07-09 17:49:53,620 - root - DEBUG - extracting E:\Codez\zepp-gts2mini-wf\164024822b00d28891e2061e418fc1a4\0049.png...
2023-07-09 17:49:53,621 - root - DEBUG - extracting E:\Codez\zepp-gts2mini-wf\164024822b00d28891e2061e418fc1a4\0050.png...
2023-07-09 17:49:53,623 - root - DEBUG - extracting E:\Codez\zepp-gts2mini-wf\164024822b00d28891e2061e418fc1a4\0051.png...
2023-07-09 17:49:53,624 - root - DEBUG - extracting E:\Codez\zepp-gts2mini-wf\164024822b00d28891e2061e418fc1a4\0052.png...
2023-07-09 17:49:53,625 - root - DEBUG - extracting E:\Codez\zepp-gts2mini-wf\164024822b00d28891e2061e418fc1a4\0053.png...
2023-07-09 17:49:53,626 - root - DEBUG - extracting E:\Codez\zepp-gts2mini-wf\164024822b00d28891e2061e418fc1a4\0054.png...
2023-07-09 17:49:53,627 - root - DEBUG - extracting E:\Codez\zepp-gts2mini-wf\164024822b00d28891e2061e418fc1a4\0055.png...
2023-07-09 17:49:53,629 - root - DEBUG - extracting E:\Codez\zepp-gts2mini-wf\164024822b00d28891e2061e418fc1a4\0056.png...
2023-07-09 17:49:53,630 - root - DEBUG - extracting E:\Codez\zepp-gts2mini-wf\164024822b00d28891e2061e418fc1a4\0057.png...
2023-07-09 17:49:53,631 - root - DEBUG - extracting E:\Codez\zepp-gts2mini-wf\164024822b00d28891e2061e418fc1a4\0058.png...
2023-07-09 17:49:53,632 - root - DEBUG - extracting E:\Codez\zepp-gts2mini-wf\164024822b00d28891e2061e418fc1a4\0059.png...
2023-07-09 17:49:53,634 - root - DEBUG - extracting E:\Codez\zepp-gts2mini-wf\164024822b00d28891e2061e418fc1a4\0060.png...
2023-07-09 17:49:53,635 - root - DEBUG - extracting E:\Codez\zepp-gts2mini-wf\164024822b00d28891e2061e418fc1a4\0061.png...
2023-07-09 17:49:53,636 - root - DEBUG - extracting E:\Codez\zepp-gts2mini-wf\164024822b00d28891e2061e418fc1a4\0062.png...
2023-07-09 17:49:53,637 - root - DEBUG - extracting E:\Codez\zepp-gts2mini-wf\164024822b00d28891e2061e418fc1a4\0063.png...
2023-07-09 17:49:53,638 - root - DEBUG - extracting E:\Codez\zepp-gts2mini-wf\164024822b00d28891e2061e418fc1a4\0064.png...
2023-07-09 17:49:53,639 - root - DEBUG - extracting E:\Codez\zepp-gts2mini-wf\164024822b00d28891e2061e418fc1a4\0065.png...
2023-07-09 17:49:53,641 - root - DEBUG - extracting E:\Codez\zepp-gts2mini-wf\164024822b00d28891e2061e418fc1a4\0066.png...
2023-07-09 17:49:53,642 - root - DEBUG - extracting E:\Codez\zepp-gts2mini-wf\164024822b00d28891e2061e418fc1a4\0067.png...
2023-07-09 17:49:53,643 - root - DEBUG - extracting E:\Codez\zepp-gts2mini-wf\164024822b00d28891e2061e418fc1a4\0068.png...
2023-07-09 17:49:53,644 - root - DEBUG - extracting E:\Codez\zepp-gts2mini-wf\164024822b00d28891e2061e418fc1a4\0069.png...
2023-07-09 17:49:53,645 - root - DEBUG - extracting E:\Codez\zepp-gts2mini-wf\164024822b00d28891e2061e418fc1a4\0070.png...
2023-07-09 17:49:53,646 - root - DEBUG - extracting E:\Codez\zepp-gts2mini-wf\164024822b00d28891e2061e418fc1a4\0071.png...
2023-07-09 17:49:53,647 - root - DEBUG - extracting E:\Codez\zepp-gts2mini-wf\164024822b00d28891e2061e418fc1a4\0072.png...
2023-07-09 17:49:53,648 - root - DEBUG - extracting E:\Codez\zepp-gts2mini-wf\164024822b00d28891e2061e418fc1a4\0073.png...
2023-07-09 17:49:53,650 - root - DEBUG - extracting E:\Codez\zepp-gts2mini-wf\164024822b00d28891e2061e418fc1a4\0074.png...
2023-07-09 17:49:53,652 - root - DEBUG - extracting E:\Codez\zepp-gts2mini-wf\164024822b00d28891e2061e418fc1a4\0075.png...
2023-07-09 17:49:53,656 - root - DEBUG - extracting E:\Codez\zepp-gts2mini-wf\164024822b00d28891e2061e418fc1a4\0076.png...
2023-07-09 17:49:53,657 - root - DEBUG - extracting E:\Codez\zepp-gts2mini-wf\164024822b00d28891e2061e418fc1a4\0077.png...
2023-07-09 17:49:53,657 - root - DEBUG - extracting E:\Codez\zepp-gts2mini-wf\164024822b00d28891e2061e418fc1a4\0078.png...
2023-07-09 17:49:53,657 - root - DEBUG - extracting E:\Codez\zepp-gts2mini-wf\164024822b00d28891e2061e418fc1a4\0079.png...
2023-07-09 17:49:53,657 - root - DEBUG - extracting E:\Codez\zepp-gts2mini-wf\164024822b00d28891e2061e418fc1a4\0080.png...
2023-07-09 17:49:53,673 - root - DEBUG - extracting E:\Codez\zepp-gts2mini-wf\164024822b00d28891e2061e418fc1a4\0081.png...
2023-07-09 17:49:53,673 - root - DEBUG - extracting E:\Codez\zepp-gts2mini-wf\164024822b00d28891e2061e418fc1a4\0082.png...
2023-07-09 17:49:53,673 - root - DEBUG - extracting E:\Codez\zepp-gts2mini-wf\164024822b00d28891e2061e418fc1a4\0083.png...
2023-07-09 17:49:53,673 - root - DEBUG - extracting E:\Codez\zepp-gts2mini-wf\164024822b00d28891e2061e418fc1a4\0084.png...
2023-07-09 17:49:53,673 - root - DEBUG - extracting E:\Codez\zepp-gts2mini-wf\164024822b00d28891e2061e418fc1a4\0085.png...
2023-07-09 17:49:53,673 - root - DEBUG - extracting E:\Codez\zepp-gts2mini-wf\164024822b00d28891e2061e418fc1a4\0086.png...
2023-07-09 17:49:53,688 - root - DEBUG - extracting E:\Codez\zepp-gts2mini-wf\164024822b00d28891e2061e418fc1a4\0087.png...
2023-07-09 17:49:53,688 - root - DEBUG - extracting E:\Codez\zepp-gts2mini-wf\164024822b00d28891e2061e418fc1a4\0088.png...
2023-07-09 17:49:53,688 - root - DEBUG - extracting E:\Codez\zepp-gts2mini-wf\164024822b00d28891e2061e418fc1a4\0089.png...
2023-07-09 17:49:53,688 - root - DEBUG - extracting E:\Codez\zepp-gts2mini-wf\164024822b00d28891e2061e418fc1a4\0090.png...
2023-07-09 17:49:53,704 - root - DEBUG - extracting E:\Codez\zepp-gts2mini-wf\164024822b00d28891e2061e418fc1a4\0091.png...
2023-07-09 17:49:53,704 - root - DEBUG - extracting E:\Codez\zepp-gts2mini-wf\164024822b00d28891e2061e418fc1a4\0092.png...
2023-07-09 17:49:53,704 - root - DEBUG - extracting E:\Codez\zepp-gts2mini-wf\164024822b00d28891e2061e418fc1a4\0093.png...
2023-07-09 17:49:53,704 - root - DEBUG - extracting E:\Codez\zepp-gts2mini-wf\164024822b00d28891e2061e418fc1a4\0094.png...
2023-07-09 17:49:53,704 - root - DEBUG - extracting E:\Codez\zepp-gts2mini-wf\164024822b00d28891e2061e418fc1a4\0095.png...
2023-07-09 17:49:53,720 - root - DEBUG - Exporting config...
