2023-07-09 17:50:48,772 - root - DEBUG - Opening watch face 'E:\Codez\zepp-gts2mini-wf\5b0fb1a0cbd29054ca6885f99679f34d.bin'
2023-07-09 17:50:48,789 - root - DEBUG - Reading parameters...
2023-07-09 17:50:48,789 - root - INFO - Reading header...
2023-07-09 17:50:48,791 - root - INFO - Header was read:
2023-07-09 17:50:48,791 - root - INFO - Signature: b'UIHH\x01\x00\xff', Unknown: 61, ParametersSize: 45, isValid: True, deviceId: 73
2023-07-09 17:50:48,791 - root - INFO - Reading parameter offsets...
2023-07-09 17:50:48,791 - root - INFO - Parameter offsets were read from file
2023-07-09 17:50:48,791 - root - INFO - Reading parameters descriptor...
2023-07-09 17:50:48,791 - root - INFO - 1 ( A): 5 bytes
2023-07-09 17:50:48,792 - root - INFO -     1 ( 8): 209 D1
2023-07-09 17:50:48,792 - root - INFO -     2 (10): 56 38
2023-07-09 17:50:48,792 - root - INFO - getParameters descriptor was read:
2023-07-09 17:50:48,792 - root - INFO - ParametersTableLength: 209, ImagesCount: 56
2023-07-09 17:50:48,792 - root - INFO - Reading parameters locations...
2023-07-09 17:50:48,792 - root - INFO - 2 (12): 4 bytes
2023-07-09 17:50:48,792 - root - INFO -     1 ( 8): 0  0
2023-07-09 17:50:48,793 - root - INFO -     2 (10): 32 20
2023-07-09 17:50:48,793 - root - INFO - 3 (1A): 4 bytes
2023-07-09 17:50:48,793 - root - INFO -     1 ( 8): 32 20
2023-07-09 17:50:48,793 - root - INFO -     2 (10): 52 34
2023-07-09 17:50:48,793 - root - INFO - 5 (2A): 4 bytes
2023-07-09 17:50:48,793 - root - INFO -     1 ( 8): 84 54
2023-07-09 17:50:48,793 - root - INFO -     2 (10): 8  8
2023-07-09 17:50:48,794 - root - INFO - 9 (4A): 4 bytes
2023-07-09 17:50:48,794 - root - INFO -     1 ( 8): 112 70
2023-07-09 17:50:48,794 - root - INFO -     2 (10): 36 24
2023-07-09 17:50:48,794 - root - INFO - 11 (5A): 4 bytes
2023-07-09 17:50:48,794 - root - INFO -     1 ( 8): 92 5C
2023-07-09 17:50:48,794 - root - INFO -     2 (10): 20 14
2023-07-09 17:50:48,794 - root - INFO - 29 (EA): 5 bytes
2023-07-09 17:50:48,795 - root - INFO -     1 ( 8): 148 94
2023-07-09 17:50:48,795 - root - INFO -     2 (10): 61 3D
2023-07-09 17:50:48,795 - root - INFO - Watch face parameters locations were read:
2023-07-09 17:50:48,795 - root - INFO - Reading descriptor for parameter 2
2023-07-09 17:50:48,795 - root - INFO - Descriptor offset: 0, Descriptor length: 32
2023-07-09 17:50:48,795 - root - INFO - Parsing descriptor for parameter 2...
2023-07-09 17:50:48,796 - root - INFO - 1 ( A): 6 bytes
2023-07-09 17:50:48,796 - root - INFO -     1 ( 8): 0  0
2023-07-09 17:50:48,796 - root - INFO -     2 (10): 0  0
2023-07-09 17:50:48,796 - root - INFO -     3 (18): 1  1
2023-07-09 17:50:48,796 - root - INFO - 3 (1A): 6 bytes
2023-07-09 17:50:48,796 - root - INFO -     1 ( 8): 0  0
2023-07-09 17:50:48,796 - root - INFO -     2 (10): 0  0
2023-07-09 17:50:48,797 - root - INFO -     3 (18): 0  0
2023-07-09 17:50:48,797 - root - INFO - 4 (22): 6 bytes
2023-07-09 17:50:48,797 - root - INFO -     1 ( 8): 0  0
2023-07-09 17:50:48,797 - root - INFO -     2 (10): 0  0
2023-07-09 17:50:48,797 - root - INFO -     3 (18): 0  0
2023-07-09 17:50:48,797 - root - INFO - 5 (2A): 6 bytes
2023-07-09 17:50:48,797 - root - INFO -     1 ( 8): 0  0
2023-07-09 17:50:48,798 - root - INFO -     2 (10): 0  0
2023-07-09 17:50:48,798 - root - INFO -     3 (18): 0  0
2023-07-09 17:50:48,798 - root - INFO - Reading descriptor for parameter 3
2023-07-09 17:50:48,798 - root - INFO - Descriptor offset: 32, Descriptor length: 52
2023-07-09 17:50:48,798 - root - INFO - Parsing descriptor for parameter 3...
2023-07-09 17:50:48,799 - root - INFO - 1 ( A): 50 bytes
2023-07-09 17:50:48,799 - root - INFO -     1 ( A): 20 bytes
2023-07-09 17:50:48,799 - root - INFO -         1 ( A): 8 bytes
2023-07-09 17:50:48,799 - root - INFO -             1 ( 8): 75 4B
2023-07-09 17:50:48,799 - root - INFO -             2 (10): 50 32
2023-07-09 17:50:48,799 - root - INFO -             3 (18): 2  2
2023-07-09 17:50:48,799 - root - INFO -             4 (20): 10  A
2023-07-09 17:50:48,800 - root - INFO -         2 (12): 8 bytes
2023-07-09 17:50:48,800 - root - INFO -             1 ( 8): 108 6C
2023-07-09 17:50:48,800 - root - INFO -             2 (10): 50 32
2023-07-09 17:50:48,800 - root - INFO -             3 (18): 2  2
2023-07-09 17:50:48,800 - root - INFO -             4 (20): 10  A
2023-07-09 17:50:48,800 - root - INFO -     2 (12): 22 bytes
2023-07-09 17:50:48,801 - root - INFO -         1 ( A): 9 bytes
2023-07-09 17:50:48,801 - root - INFO -             1 ( 8): 164 A4
2023-07-09 17:50:48,801 - root - INFO -             2 (10): 50 32
2023-07-09 17:50:48,801 - root - INFO -             3 (18): 2  2
2023-07-09 17:50:48,801 - root - INFO -             4 (20): 10  A
2023-07-09 17:50:48,801 - root - INFO -         2 (12): 9 bytes
2023-07-09 17:50:48,801 - root - INFO -             1 ( 8): 197 C5
2023-07-09 17:50:48,802 - root - INFO -             2 (10): 50 32
2023-07-09 17:50:48,802 - root - INFO -             3 (18): 2  2
2023-07-09 17:50:48,802 - root - INFO -             4 (20): 10  A
2023-07-09 17:50:48,802 - root - INFO -     7 (38): 0  0
2023-07-09 17:50:48,802 - root - INFO -     8 (40): 1  1
2023-07-09 17:50:48,803 - root - INFO - Reading descriptor for parameter 5
2023-07-09 17:50:48,803 - root - INFO - Descriptor offset: 84, Descriptor length: 8
2023-07-09 17:50:48,803 - root - INFO - Parsing descriptor for parameter 5...
2023-07-09 17:50:48,803 - root - INFO - 1 ( A): 6 bytes
2023-07-09 17:50:48,803 - root - INFO -     4 (20): 1  1
2023-07-09 17:50:48,803 - root - INFO -     5 (28): 1  1
2023-07-09 17:50:48,803 - root - INFO -     6 (30): 0  0
2023-07-09 17:50:48,804 - root - INFO - Reading descriptor for parameter 9
2023-07-09 17:50:48,804 - root - INFO - Descriptor offset: 112, Descriptor length: 36
2023-07-09 17:50:48,805 - root - INFO - Parsing descriptor for parameter 9...
2023-07-09 17:50:48,805 - root - INFO - 1 ( A): 24 bytes
2023-07-09 17:50:48,805 - root - INFO -     1 ( A): 20 bytes
2023-07-09 17:50:48,805 - root - INFO -         1 ( 8): 171 AB
2023-07-09 17:50:48,805 - root - INFO -         2 (10): 96 60
2023-07-09 17:50:48,805 - root - INFO -         3 (18): 205 CD
2023-07-09 17:50:48,805 - root - INFO -         4 (20): 108 6C
2023-07-09 17:50:48,805 - root - INFO -         5 (28): 18 12
2023-07-09 17:50:48,806 - root - INFO -         6 (30): 0  0
2023-07-09 17:50:48,806 - root - INFO -         7 (38): 0  0
2023-07-09 17:50:48,806 - root - INFO -         8 (40): 24 18
2023-07-09 17:50:48,806 - root - INFO -         9 (48): 10  A
2023-07-09 17:50:48,806 - root - INFO -     4 (20): 34 22
2023-07-09 17:50:48,806 - root - INFO - 2 (12): 8 bytes
2023-07-09 17:50:48,806 - root - INFO -     1 ( 8): 114 72
2023-07-09 17:50:48,807 - root - INFO -     2 (10): 98 62
2023-07-09 17:50:48,807 - root - INFO -     3 (18): 35 23
2023-07-09 17:50:48,807 - root - INFO -     4 (20): 10  A
2023-07-09 17:50:48,808 - root - INFO - Reading descriptor for parameter 11
2023-07-09 17:50:48,808 - root - INFO - Descriptor offset: 92, Descriptor length: 20
2023-07-09 17:50:48,808 - root - INFO - Parsing descriptor for parameter 11...
2023-07-09 17:50:48,808 - root - INFO - 1 ( A): 18 bytes
2023-07-09 17:50:48,808 - root - INFO -     1 ( A): 8 bytes
2023-07-09 17:50:48,808 - root - INFO -         1 ( 8): 49 31
2023-07-09 17:50:48,809 - root - INFO -         2 (10): 121 79
2023-07-09 17:50:48,809 - root - INFO -         3 (18): 12  C
2023-07-09 17:50:48,809 - root - INFO -         4 (20): 12  C
2023-07-09 17:50:48,809 - root - INFO -     2 (10): 250 FA
2023-07-09 17:50:48,809 - root - INFO -     3 (18): 255 FF
2023-07-09 17:50:48,809 - root - INFO -     4 (20): 1  1
2023-07-09 17:50:48,810 - root - INFO - Reading descriptor for parameter 29
2023-07-09 17:50:48,810 - root - INFO - Descriptor offset: 148, Descriptor length: 61
2023-07-09 17:50:48,810 - root - INFO - Parsing descriptor for parameter 29...
2023-07-09 17:50:48,810 - root - INFO - 1 ( A): 59 bytes
2023-07-09 17:50:48,810 - root - INFO -     1 ( A): 57 bytes
2023-07-09 17:50:48,810 - root - INFO -         1 ( A): 20 bytes
2023-07-09 17:50:48,810 - root - INFO -             1 ( A): 8 bytes
2023-07-09 17:50:48,811 - root - INFO -                 1 ( 8): 75 4B
2023-07-09 17:50:48,811 - root - INFO -                 2 (10): 50 32
2023-07-09 17:50:48,811 - root - INFO -                 3 (18): 45 2D
2023-07-09 17:50:48,811 - root - INFO -                 4 (20): 10  A
2023-07-09 17:50:48,811 - root - INFO -             2 (12): 8 bytes
2023-07-09 17:50:48,811 - root - INFO -                 1 ( 8): 108 6C
2023-07-09 17:50:48,811 - root - INFO -                 2 (10): 50 32
2023-07-09 17:50:48,812 - root - INFO -                 3 (18): 45 2D
2023-07-09 17:50:48,812 - root - INFO -                 4 (20): 10  A
2023-07-09 17:50:48,812 - root - INFO -         2 (12): 22 bytes
2023-07-09 17:50:48,812 - root - INFO -             1 ( A): 9 bytes
2023-07-09 17:50:48,812 - root - INFO -                 1 ( 8): 164 A4
2023-07-09 17:50:48,812 - root - INFO -                 2 (10): 50 32
2023-07-09 17:50:48,812 - root - INFO -                 3 (18): 45 2D
2023-07-09 17:50:48,813 - root - INFO -                 4 (20): 10  A
2023-07-09 17:50:48,814 - root - INFO -             2 (12): 9 bytes
2023-07-09 17:50:48,814 - root - INFO -                 1 ( 8): 197 C5
2023-07-09 17:50:48,814 - root - INFO -                 2 (10): 50 32
2023-07-09 17:50:48,814 - root - INFO -                 3 (18): 45 2D
2023-07-09 17:50:48,814 - root - INFO -                 4 (20): 10  A
2023-07-09 17:50:48,814 - root - INFO -         3 (1A): 7 bytes
2023-07-09 17:50:48,815 - root - INFO -             1 ( 8): 141 8D
2023-07-09 17:50:48,815 - root - INFO -             2 (10): 50 32
2023-07-09 17:50:48,815 - root - INFO -             3 (18): 55 37
2023-07-09 17:50:48,815 - root - INFO -         4 (20): 1  1
2023-07-09 17:50:48,822 - root - INFO - Reading resources offsets table with 56 elements (224 bytes)
2023-07-09 17:50:48,822 - root - INFO - Resource 0 offset: 565, length: 100184...
2023-07-09 17:50:48,822 - root - DEBUG - Reading resource 0...
2023-07-09 17:50:48,886 - root - INFO - The image is bme.
2023-07-09 17:50:48,887 - root - INFO - Reading image header(readHeader16E)...
2023-07-09 17:50:48,887 - root - INFO - Image header was read:
2023-07-09 17:50:48,887 - root - INFO - Width: 210, Height: 242, RowLength: 420
2023-07-09 17:50:48,887 - root - INFO - datalength: 100168, _step: 2
2023-07-09 17:50:48,887 - root - INFO - BPP: 16, Transparency: False
2023-07-09 17:50:49,243 - root - INFO - Resource 1 offset: 100749, length: 212132...
2023-07-09 17:50:49,243 - root - DEBUG - Reading resource 1...
2023-07-09 17:50:49,243 - root - INFO - The image is bme.
2023-07-09 17:50:49,244 - root - INFO - Reading image header(readHeader16E)...
2023-07-09 17:50:49,244 - root - INFO - Image header was read:
2023-07-09 17:50:49,244 - root - INFO - Width: 306, Height: 354, RowLength: 612
2023-07-09 17:50:49,244 - root - INFO - datalength: 212116, _step: 2
2023-07-09 17:50:49,244 - root - INFO - BPP: 16, Transparency: False
2023-07-09 17:50:49,938 - root - INFO - Resource 2 offset: 312881, length: 4570...
2023-07-09 17:50:49,938 - root - DEBUG - Reading resource 2...
2023-07-09 17:50:49,938 - root - INFO - The image is bmc.
2023-07-09 17:50:49,938 - root - INFO - Reading image header(readHeader16C)...
2023-07-09 17:50:49,938 - root - INFO - Image header was read:
2023-07-09 17:50:49,938 - root - INFO - Width: 33, Height: 46, RowLength: 99
2023-07-09 17:50:49,938 - root - INFO - _step: 3, unknown2: 0,
2023-07-09 17:50:49,938 - root - INFO - BPP: 24, Transparency: False
2023-07-09 17:50:49,954 - root - INFO - Resource 3 offset: 317451, length: 4570...
2023-07-09 17:50:49,954 - root - DEBUG - Reading resource 3...
2023-07-09 17:50:49,954 - root - INFO - The image is bmc.
2023-07-09 17:50:49,954 - root - INFO - Reading image header(readHeader16C)...
2023-07-09 17:50:49,954 - root - INFO - Image header was read:
2023-07-09 17:50:49,954 - root - INFO - Width: 33, Height: 46, RowLength: 99
2023-07-09 17:50:49,954 - root - INFO - _step: 3, unknown2: 0,
2023-07-09 17:50:49,954 - root - INFO - BPP: 24, Transparency: False
2023-07-09 17:50:49,969 - root - INFO - Resource 4 offset: 322021, length: 4570...
2023-07-09 17:50:49,969 - root - DEBUG - Reading resource 4...
2023-07-09 17:50:49,969 - root - INFO - The image is bmc.
2023-07-09 17:50:49,969 - root - INFO - Reading image header(readHeader16C)...
2023-07-09 17:50:49,969 - root - INFO - Image header was read:
2023-07-09 17:50:49,969 - root - INFO - Width: 33, Height: 46, RowLength: 99
2023-07-09 17:50:49,969 - root - INFO - _step: 3, unknown2: 0,
2023-07-09 17:50:49,969 - root - INFO - BPP: 24, Transparency: False
2023-07-09 17:50:49,969 - root - INFO - Resource 5 offset: 326591, length: 4570...
2023-07-09 17:50:49,969 - root - DEBUG - Reading resource 5...
2023-07-09 17:50:49,969 - root - INFO - The image is bmc.
2023-07-09 17:50:49,969 - root - INFO - Reading image header(readHeader16C)...
2023-07-09 17:50:49,969 - root - INFO - Image header was read:
2023-07-09 17:50:49,969 - root - INFO - Width: 33, Height: 46, RowLength: 99
2023-07-09 17:50:49,969 - root - INFO - _step: 3, unknown2: 0,
2023-07-09 17:50:49,969 - root - INFO - BPP: 24, Transparency: False
2023-07-09 17:50:49,985 - root - INFO - Resource 6 offset: 331161, length: 4570...
2023-07-09 17:50:49,985 - root - DEBUG - Reading resource 6...
2023-07-09 17:50:49,985 - root - INFO - The image is bmc.
2023-07-09 17:50:49,985 - root - INFO - Reading image header(readHeader16C)...
2023-07-09 17:50:49,985 - root - INFO - Image header was read:
2023-07-09 17:50:49,985 - root - INFO - Width: 33, Height: 46, RowLength: 99
2023-07-09 17:50:49,985 - root - INFO - _step: 3, unknown2: 0,
2023-07-09 17:50:49,985 - root - INFO - BPP: 24, Transparency: False
2023-07-09 17:50:50,000 - root - INFO - Resource 7 offset: 335731, length: 4570...
2023-07-09 17:50:50,000 - root - DEBUG - Reading resource 7...
2023-07-09 17:50:50,000 - root - INFO - The image is bmc.
2023-07-09 17:50:50,000 - root - INFO - Reading image header(readHeader16C)...
2023-07-09 17:50:50,000 - root - INFO - Image header was read:
2023-07-09 17:50:50,000 - root - INFO - Width: 33, Height: 46, RowLength: 99
2023-07-09 17:50:50,000 - root - INFO - _step: 3, unknown2: 0,
2023-07-09 17:50:50,000 - root - INFO - BPP: 24, Transparency: False
2023-07-09 17:50:50,000 - root - INFO - Resource 8 offset: 340301, length: 4570...
2023-07-09 17:50:50,000 - root - DEBUG - Reading resource 8...
2023-07-09 17:50:50,000 - root - INFO - The image is bmc.
2023-07-09 17:50:50,000 - root - INFO - Reading image header(readHeader16C)...
2023-07-09 17:50:50,000 - root - INFO - Image header was read:
2023-07-09 17:50:50,000 - root - INFO - Width: 33, Height: 46, RowLength: 99
2023-07-09 17:50:50,000 - root - INFO - _step: 3, unknown2: 0,
2023-07-09 17:50:50,000 - root - INFO - BPP: 24, Transparency: False
2023-07-09 17:50:50,016 - root - INFO - Resource 9 offset: 344871, length: 4570...
2023-07-09 17:50:50,016 - root - DEBUG - Reading resource 9...
2023-07-09 17:50:50,016 - root - INFO - The image is bmc.
2023-07-09 17:50:50,016 - root - INFO - Reading image header(readHeader16C)...
2023-07-09 17:50:50,016 - root - INFO - Image header was read:
2023-07-09 17:50:50,016 - root - INFO - Width: 33, Height: 46, RowLength: 99
2023-07-09 17:50:50,016 - root - INFO - _step: 3, unknown2: 0,
2023-07-09 17:50:50,016 - root - INFO - BPP: 24, Transparency: False
2023-07-09 17:50:50,032 - root - INFO - Resource 10 offset: 349441, length: 4570...
2023-07-09 17:50:50,032 - root - DEBUG - Reading resource 10...
2023-07-09 17:50:50,032 - root - INFO - The image is bmc.
2023-07-09 17:50:50,032 - root - INFO - Reading image header(readHeader16C)...
2023-07-09 17:50:50,032 - root - INFO - Image header was read:
2023-07-09 17:50:50,032 - root - INFO - Width: 33, Height: 46, RowLength: 99
2023-07-09 17:50:50,032 - root - INFO - _step: 3, unknown2: 0,
2023-07-09 17:50:50,032 - root - INFO - BPP: 24, Transparency: False
2023-07-09 17:50:50,032 - root - INFO - Resource 11 offset: 354011, length: 4570...
2023-07-09 17:50:50,032 - root - DEBUG - Reading resource 11...
2023-07-09 17:50:50,032 - root - INFO - The image is bmc.
2023-07-09 17:50:50,032 - root - INFO - Reading image header(readHeader16C)...
2023-07-09 17:50:50,032 - root - INFO - Image header was read:
2023-07-09 17:50:50,032 - root - INFO - Width: 33, Height: 46, RowLength: 99
2023-07-09 17:50:50,032 - root - INFO - _step: 3, unknown2: 0,
2023-07-09 17:50:50,032 - root - INFO - BPP: 24, Transparency: False
2023-07-09 17:50:50,047 - root - INFO - Resource 12 offset: 358581, length: 87376...
2023-07-09 17:50:50,047 - root - DEBUG - Reading resource 12...
2023-07-09 17:50:50,047 - root - INFO - The image is bmc.
2023-07-09 17:50:50,047 - root - INFO - Reading image header(readHeader16C)...
2023-07-09 17:50:50,047 - root - INFO - Image header was read:
2023-07-09 17:50:50,047 - root - INFO - Width: 208, Height: 210, RowLength: 416
2023-07-09 17:50:50,047 - root - INFO - _step: 2, unknown2: 0,
2023-07-09 17:50:50,047 - root - INFO - BPP: 16, Transparency: False
2023-07-09 17:50:50,313 - root - INFO - Resource 13 offset: 445957, length: 87376...
2023-07-09 17:50:50,313 - root - DEBUG - Reading resource 13...
2023-07-09 17:50:50,313 - root - INFO - The image is bmc.
2023-07-09 17:50:50,313 - root - INFO - Reading image header(readHeader16C)...
2023-07-09 17:50:50,313 - root - INFO - Image header was read:
2023-07-09 17:50:50,313 - root - INFO - Width: 208, Height: 210, RowLength: 416
2023-07-09 17:50:50,313 - root - INFO - _step: 2, unknown2: 0,
2023-07-09 17:50:50,313 - root - INFO - BPP: 16, Transparency: False
2023-07-09 17:50:50,579 - root - INFO - Resource 14 offset: 533333, length: 87376...
2023-07-09 17:50:50,579 - root - DEBUG - Reading resource 14...
2023-07-09 17:50:50,579 - root - INFO - The image is bmc.
2023-07-09 17:50:50,579 - root - INFO - Reading image header(readHeader16C)...
2023-07-09 17:50:50,579 - root - INFO - Image header was read:
2023-07-09 17:50:50,579 - root - INFO - Width: 208, Height: 210, RowLength: 416
2023-07-09 17:50:50,579 - root - INFO - _step: 2, unknown2: 0,
2023-07-09 17:50:50,579 - root - INFO - BPP: 16, Transparency: False
2023-07-09 17:50:50,844 - root - INFO - Resource 15 offset: 620709, length: 87376...
2023-07-09 17:50:50,844 - root - DEBUG - Reading resource 15...
2023-07-09 17:50:50,844 - root - INFO - The image is bmc.
2023-07-09 17:50:50,844 - root - INFO - Reading image header(readHeader16C)...
2023-07-09 17:50:50,844 - root - INFO - Image header was read:
2023-07-09 17:50:50,844 - root - INFO - Width: 208, Height: 210, RowLength: 416
2023-07-09 17:50:50,844 - root - INFO - _step: 2, unknown2: 0,
2023-07-09 17:50:50,844 - root - INFO - BPP: 16, Transparency: False
2023-07-09 17:50:51,094 - root - INFO - Resource 16 offset: 708085, length: 87376...
2023-07-09 17:50:51,094 - root - DEBUG - Reading resource 16...
2023-07-09 17:50:51,094 - root - INFO - The image is bmc.
2023-07-09 17:50:51,094 - root - INFO - Reading image header(readHeader16C)...
2023-07-09 17:50:51,094 - root - INFO - Image header was read:
2023-07-09 17:50:51,110 - root - INFO - Width: 208, Height: 210, RowLength: 416
2023-07-09 17:50:51,110 - root - INFO - _step: 2, unknown2: 0,
2023-07-09 17:50:51,110 - root - INFO - BPP: 16, Transparency: False
2023-07-09 17:50:51,375 - root - INFO - Resource 17 offset: 795461, length: 87376...
2023-07-09 17:50:51,375 - root - DEBUG - Reading resource 17...
2023-07-09 17:50:51,375 - root - INFO - The image is bmc.
2023-07-09 17:50:51,375 - root - INFO - Reading image header(readHeader16C)...
2023-07-09 17:50:51,375 - root - INFO - Image header was read:
2023-07-09 17:50:51,375 - root - INFO - Width: 208, Height: 210, RowLength: 416
2023-07-09 17:50:51,375 - root - INFO - _step: 2, unknown2: 0,
2023-07-09 17:50:51,375 - root - INFO - BPP: 16, Transparency: False
2023-07-09 17:50:51,650 - root - INFO - Resource 18 offset: 882837, length: 87376...
2023-07-09 17:50:51,650 - root - DEBUG - Reading resource 18...
2023-07-09 17:50:51,650 - root - INFO - The image is bmc.
2023-07-09 17:50:51,650 - root - INFO - Reading image header(readHeader16C)...
2023-07-09 17:50:51,650 - root - INFO - Image header was read:
2023-07-09 17:50:51,650 - root - INFO - Width: 208, Height: 210, RowLength: 416
2023-07-09 17:50:51,650 - root - INFO - _step: 2, unknown2: 0,
2023-07-09 17:50:51,650 - root - INFO - BPP: 16, Transparency: False
2023-07-09 17:50:51,932 - root - INFO - Resource 19 offset: 970213, length: 87376...
2023-07-09 17:50:51,932 - root - DEBUG - Reading resource 19...
2023-07-09 17:50:51,932 - root - INFO - The image is bmc.
2023-07-09 17:50:51,932 - root - INFO - Reading image header(readHeader16C)...
2023-07-09 17:50:51,932 - root - INFO - Image header was read:
2023-07-09 17:50:51,932 - root - INFO - Width: 208, Height: 210, RowLength: 416
2023-07-09 17:50:51,932 - root - INFO - _step: 2, unknown2: 0,
2023-07-09 17:50:51,932 - root - INFO - BPP: 16, Transparency: False
2023-07-09 17:50:52,196 - root - INFO - Resource 20 offset: 1057589, length: 87376...
2023-07-09 17:50:52,196 - root - DEBUG - Reading resource 20...
2023-07-09 17:50:52,196 - root - INFO - The image is bmc.
2023-07-09 17:50:52,196 - root - INFO - Reading image header(readHeader16C)...
2023-07-09 17:50:52,196 - root - INFO - Image header was read:
2023-07-09 17:50:52,196 - root - INFO - Width: 208, Height: 210, RowLength: 416
2023-07-09 17:50:52,196 - root - INFO - _step: 2, unknown2: 0,
2023-07-09 17:50:52,196 - root - INFO - BPP: 16, Transparency: False
2023-07-09 17:50:52,446 - root - INFO - Resource 21 offset: 1144965, length: 87376...
2023-07-09 17:50:52,446 - root - DEBUG - Reading resource 21...
2023-07-09 17:50:52,446 - root - INFO - The image is bmc.
2023-07-09 17:50:52,446 - root - INFO - Reading image header(readHeader16C)...
2023-07-09 17:50:52,446 - root - INFO - Image header was read:
2023-07-09 17:50:52,446 - root - INFO - Width: 208, Height: 210, RowLength: 416
2023-07-09 17:50:52,446 - root - INFO - _step: 2, unknown2: 0,
2023-07-09 17:50:52,446 - root - INFO - BPP: 16, Transparency: False
2023-07-09 17:50:52,712 - root - INFO - Resource 22 offset: 1232341, length: 87376...
2023-07-09 17:50:52,712 - root - DEBUG - Reading resource 22...
2023-07-09 17:50:52,712 - root - INFO - The image is bmc.
2023-07-09 17:50:52,712 - root - INFO - Reading image header(readHeader16C)...
2023-07-09 17:50:52,712 - root - INFO - Image header was read:
2023-07-09 17:50:52,712 - root - INFO - Width: 208, Height: 210, RowLength: 416
2023-07-09 17:50:52,712 - root - INFO - _step: 2, unknown2: 0,
2023-07-09 17:50:52,712 - root - INFO - BPP: 16, Transparency: False
2023-07-09 17:50:52,977 - root - INFO - Resource 23 offset: 1319717, length: 87376...
2023-07-09 17:50:52,977 - root - DEBUG - Reading resource 23...
2023-07-09 17:50:52,977 - root - INFO - The image is bmc.
2023-07-09 17:50:52,977 - root - INFO - Reading image header(readHeader16C)...
2023-07-09 17:50:52,977 - root - INFO - Image header was read:
2023-07-09 17:50:52,977 - root - INFO - Width: 208, Height: 210, RowLength: 416
2023-07-09 17:50:52,977 - root - INFO - _step: 2, unknown2: 0,
2023-07-09 17:50:52,977 - root - INFO - BPP: 16, Transparency: False
2023-07-09 17:50:53,243 - root - INFO - Resource 24 offset: 1407093, length: 304...
2023-07-09 17:50:53,243 - root - DEBUG - Reading resource 24...
2023-07-09 17:50:53,243 - root - INFO - The image is bmc.
2023-07-09 17:50:53,243 - root - INFO - Reading image header(readHeader16C)...
2023-07-09 17:50:53,243 - root - INFO - Image header was read:
2023-07-09 17:50:53,243 - root - INFO - Width: 8, Height: 12, RowLength: 24
2023-07-09 17:50:53,243 - root - INFO - _step: 3, unknown2: 0,
2023-07-09 17:50:53,243 - root - INFO - BPP: 24, Transparency: False
2023-07-09 17:50:53,243 - root - INFO - Resource 25 offset: 1407397, length: 304...
2023-07-09 17:50:53,243 - root - DEBUG - Reading resource 25...
2023-07-09 17:50:53,243 - root - INFO - The image is bmc.
2023-07-09 17:50:53,243 - root - INFO - Reading image header(readHeader16C)...
2023-07-09 17:50:53,243 - root - INFO - Image header was read:
2023-07-09 17:50:53,243 - root - INFO - Width: 8, Height: 12, RowLength: 24
2023-07-09 17:50:53,243 - root - INFO - _step: 3, unknown2: 0,
2023-07-09 17:50:53,243 - root - INFO - BPP: 24, Transparency: False
2023-07-09 17:50:53,243 - root - INFO - Resource 26 offset: 1407701, length: 304...
2023-07-09 17:50:53,243 - root - DEBUG - Reading resource 26...
2023-07-09 17:50:53,243 - root - INFO - The image is bmc.
2023-07-09 17:50:53,243 - root - INFO - Reading image header(readHeader16C)...
2023-07-09 17:50:53,243 - root - INFO - Image header was read:
2023-07-09 17:50:53,243 - root - INFO - Width: 8, Height: 12, RowLength: 24
2023-07-09 17:50:53,243 - root - INFO - _step: 3, unknown2: 0,
2023-07-09 17:50:53,243 - root - INFO - BPP: 24, Transparency: False
2023-07-09 17:50:53,243 - root - INFO - Resource 27 offset: 1408005, length: 304...
2023-07-09 17:50:53,243 - root - DEBUG - Reading resource 27...
2023-07-09 17:50:53,243 - root - INFO - The image is bmc.
2023-07-09 17:50:53,243 - root - INFO - Reading image header(readHeader16C)...
2023-07-09 17:50:53,243 - root - INFO - Image header was read:
2023-07-09 17:50:53,243 - root - INFO - Width: 8, Height: 12, RowLength: 24
2023-07-09 17:50:53,243 - root - INFO - _step: 3, unknown2: 0,
2023-07-09 17:50:53,243 - root - INFO - BPP: 24, Transparency: False
2023-07-09 17:50:53,243 - root - INFO - Resource 28 offset: 1408309, length: 304...
2023-07-09 17:50:53,243 - root - DEBUG - Reading resource 28...
2023-07-09 17:50:53,243 - root - INFO - The image is bmc.
2023-07-09 17:50:53,243 - root - INFO - Reading image header(readHeader16C)...
2023-07-09 17:50:53,243 - root - INFO - Image header was read:
2023-07-09 17:50:53,243 - root - INFO - Width: 8, Height: 12, RowLength: 24
2023-07-09 17:50:53,243 - root - INFO - _step: 3, unknown2: 0,
2023-07-09 17:50:53,243 - root - INFO - BPP: 24, Transparency: False
2023-07-09 17:50:53,243 - root - INFO - Resource 29 offset: 1408613, length: 304...
2023-07-09 17:50:53,243 - root - DEBUG - Reading resource 29...
2023-07-09 17:50:53,243 - root - INFO - The image is bmc.
2023-07-09 17:50:53,243 - root - INFO - Reading image header(readHeader16C)...
2023-07-09 17:50:53,243 - root - INFO - Image header was read:
2023-07-09 17:50:53,243 - root - INFO - Width: 8, Height: 12, RowLength: 24
2023-07-09 17:50:53,243 - root - INFO - _step: 3, unknown2: 0,
2023-07-09 17:50:53,243 - root - INFO - BPP: 24, Transparency: False
2023-07-09 17:50:53,243 - root - INFO - Resource 30 offset: 1408917, length: 304...
2023-07-09 17:50:53,243 - root - DEBUG - Reading resource 30...
2023-07-09 17:50:53,243 - root - INFO - The image is bmc.
2023-07-09 17:50:53,243 - root - INFO - Reading image header(readHeader16C)...
2023-07-09 17:50:53,243 - root - INFO - Image header was read:
2023-07-09 17:50:53,243 - root - INFO - Width: 8, Height: 12, RowLength: 24
2023-07-09 17:50:53,243 - root - INFO - _step: 3, unknown2: 0,
2023-07-09 17:50:53,243 - root - INFO - BPP: 24, Transparency: False
2023-07-09 17:50:53,243 - root - INFO - Resource 31 offset: 1409221, length: 304...
2023-07-09 17:50:53,243 - root - DEBUG - Reading resource 31...
2023-07-09 17:50:53,243 - root - INFO - The image is bmc.
2023-07-09 17:50:53,243 - root - INFO - Reading image header(readHeader16C)...
2023-07-09 17:50:53,243 - root - INFO - Image header was read:
2023-07-09 17:50:53,243 - root - INFO - Width: 8, Height: 12, RowLength: 24
2023-07-09 17:50:53,243 - root - INFO - _step: 3, unknown2: 0,
2023-07-09 17:50:53,243 - root - INFO - BPP: 24, Transparency: False
2023-07-09 17:50:53,243 - root - INFO - Resource 32 offset: 1409525, length: 304...
2023-07-09 17:50:53,243 - root - DEBUG - Reading resource 32...
2023-07-09 17:50:53,243 - root - INFO - The image is bmc.
2023-07-09 17:50:53,243 - root - INFO - Reading image header(readHeader16C)...
2023-07-09 17:50:53,243 - root - INFO - Image header was read:
2023-07-09 17:50:53,243 - root - INFO - Width: 8, Height: 12, RowLength: 24
2023-07-09 17:50:53,243 - root - INFO - _step: 3, unknown2: 0,
2023-07-09 17:50:53,243 - root - INFO - BPP: 24, Transparency: False
2023-07-09 17:50:53,243 - root - INFO - Resource 33 offset: 1409829, length: 304...
2023-07-09 17:50:53,243 - root - DEBUG - Reading resource 33...
2023-07-09 17:50:53,243 - root - INFO - The image is bmc.
2023-07-09 17:50:53,259 - root - INFO - Reading image header(readHeader16C)...
2023-07-09 17:50:53,259 - root - INFO - Image header was read:
2023-07-09 17:50:53,259 - root - INFO - Width: 8, Height: 12, RowLength: 24
2023-07-09 17:50:53,259 - root - INFO - _step: 3, unknown2: 0,
2023-07-09 17:50:53,259 - root - INFO - BPP: 24, Transparency: False
2023-07-09 17:50:53,259 - root - INFO - Resource 34 offset: 1410133, length: 376...
2023-07-09 17:50:53,259 - root - DEBUG - Reading resource 34...
2023-07-09 17:50:53,259 - root - INFO - The image is bmc.
2023-07-09 17:50:53,259 - root - INFO - Reading image header(readHeader16C)...
2023-07-09 17:50:53,259 - root - INFO - Image header was read:
2023-07-09 17:50:53,259 - root - INFO - Width: 10, Height: 12, RowLength: 30
2023-07-09 17:50:53,259 - root - INFO - _step: 3, unknown2: 0,
2023-07-09 17:50:53,259 - root - INFO - BPP: 24, Transparency: False
2023-07-09 17:50:53,259 - root - INFO - Resource 35 offset: 1410509, length: 394...
2023-07-09 17:50:53,259 - root - DEBUG - Reading resource 35...
2023-07-09 17:50:53,259 - root - INFO - The image is bme.
2023-07-09 17:50:53,259 - root - INFO - Reading image header(readHeader16E)...
2023-07-09 17:50:53,259 - root - INFO - Image header was read:
2023-07-09 17:50:53,259 - root - INFO - Width: 56, Height: 7, RowLength: 112
2023-07-09 17:50:53,259 - root - INFO - datalength: 378, _step: 2
2023-07-09 17:50:53,259 - root - INFO - BPP: 16, Transparency: False
2023-07-09 17:50:53,259 - root - INFO - Resource 36 offset: 1410903, length: 418...
2023-07-09 17:50:53,259 - root - DEBUG - Reading resource 36...
2023-07-09 17:50:53,259 - root - INFO - The image is bme.
2023-07-09 17:50:53,259 - root - INFO - Reading image header(readHeader16E)...
2023-07-09 17:50:53,259 - root - INFO - Image header was read:
2023-07-09 17:50:53,259 - root - INFO - Width: 56, Height: 7, RowLength: 112
2023-07-09 17:50:53,259 - root - INFO - datalength: 402, _step: 2
2023-07-09 17:50:53,259 - root - INFO - BPP: 16, Transparency: False
2023-07-09 17:50:53,259 - root - INFO - Resource 37 offset: 1411321, length: 442...
2023-07-09 17:50:53,259 - root - DEBUG - Reading resource 37...
2023-07-09 17:50:53,259 - root - INFO - The image is bme.
2023-07-09 17:50:53,259 - root - INFO - Reading image header(readHeader16E)...
2023-07-09 17:50:53,259 - root - INFO - Image header was read:
2023-07-09 17:50:53,259 - root - INFO - Width: 56, Height: 7, RowLength: 112
2023-07-09 17:50:53,259 - root - INFO - datalength: 426, _step: 2
2023-07-09 17:50:53,259 - root - INFO - BPP: 16, Transparency: False
2023-07-09 17:50:53,259 - root - INFO - Resource 38 offset: 1411763, length: 466...
2023-07-09 17:50:53,259 - root - DEBUG - Reading resource 38...
2023-07-09 17:50:53,259 - root - INFO - The image is bme.
2023-07-09 17:50:53,259 - root - INFO - Reading image header(readHeader16E)...
2023-07-09 17:50:53,259 - root - INFO - Image header was read:
2023-07-09 17:50:53,259 - root - INFO - Width: 56, Height: 7, RowLength: 112
2023-07-09 17:50:53,259 - root - INFO - datalength: 450, _step: 2
2023-07-09 17:50:53,259 - root - INFO - BPP: 16, Transparency: False
2023-07-09 17:50:53,259 - root - INFO - Resource 39 offset: 1412229, length: 486...
2023-07-09 17:50:53,259 - root - DEBUG - Reading resource 39...
2023-07-09 17:50:53,259 - root - INFO - The image is bme.
2023-07-09 17:50:53,259 - root - INFO - Reading image header(readHeader16E)...
2023-07-09 17:50:53,259 - root - INFO - Image header was read:
2023-07-09 17:50:53,259 - root - INFO - Width: 56, Height: 7, RowLength: 112
2023-07-09 17:50:53,259 - root - INFO - datalength: 470, _step: 2
2023-07-09 17:50:53,259 - root - INFO - BPP: 16, Transparency: False
2023-07-09 17:50:53,259 - root - INFO - Resource 40 offset: 1412715, length: 506...
2023-07-09 17:50:53,259 - root - DEBUG - Reading resource 40...
2023-07-09 17:50:53,259 - root - INFO - The image is bme.
2023-07-09 17:50:53,259 - root - INFO - Reading image header(readHeader16E)...
2023-07-09 17:50:53,259 - root - INFO - Image header was read:
2023-07-09 17:50:53,259 - root - INFO - Width: 56, Height: 7, RowLength: 112
2023-07-09 17:50:53,259 - root - INFO - datalength: 490, _step: 2
2023-07-09 17:50:53,259 - root - INFO - BPP: 16, Transparency: False
2023-07-09 17:50:53,274 - root - INFO - Resource 41 offset: 1413221, length: 526...
2023-07-09 17:50:53,274 - root - DEBUG - Reading resource 41...
2023-07-09 17:50:53,274 - root - INFO - The image is bme.
2023-07-09 17:50:53,274 - root - INFO - Reading image header(readHeader16E)...
2023-07-09 17:50:53,274 - root - INFO - Image header was read:
2023-07-09 17:50:53,274 - root - INFO - Width: 56, Height: 7, RowLength: 112
2023-07-09 17:50:53,274 - root - INFO - datalength: 510, _step: 2
2023-07-09 17:50:53,274 - root - INFO - BPP: 16, Transparency: False
2023-07-09 17:50:53,274 - root - INFO - Resource 42 offset: 1413747, length: 546...
2023-07-09 17:50:53,274 - root - DEBUG - Reading resource 42...
2023-07-09 17:50:53,274 - root - INFO - The image is bme.
2023-07-09 17:50:53,274 - root - INFO - Reading image header(readHeader16E)...
2023-07-09 17:50:53,274 - root - INFO - Image header was read:
2023-07-09 17:50:53,274 - root - INFO - Width: 56, Height: 7, RowLength: 112
2023-07-09 17:50:53,274 - root - INFO - datalength: 530, _step: 2
2023-07-09 17:50:53,274 - root - INFO - BPP: 16, Transparency: False
2023-07-09 17:50:53,274 - root - INFO - Resource 43 offset: 1414293, length: 566...
2023-07-09 17:50:53,274 - root - DEBUG - Reading resource 43...
2023-07-09 17:50:53,274 - root - INFO - The image is bme.
2023-07-09 17:50:53,274 - root - INFO - Reading image header(readHeader16E)...
2023-07-09 17:50:53,274 - root - INFO - Image header was read:
2023-07-09 17:50:53,274 - root - INFO - Width: 56, Height: 7, RowLength: 112
2023-07-09 17:50:53,274 - root - INFO - datalength: 550, _step: 2
2023-07-09 17:50:53,274 - root - INFO - BPP: 16, Transparency: False
2023-07-09 17:50:53,274 - root - INFO - Resource 44 offset: 1414859, length: 586...
2023-07-09 17:50:53,274 - root - DEBUG - Reading resource 44...
2023-07-09 17:50:53,274 - root - INFO - The image is bme.
2023-07-09 17:50:53,274 - root - INFO - Reading image header(readHeader16E)...
2023-07-09 17:50:53,274 - root - INFO - Image header was read:
2023-07-09 17:50:53,274 - root - INFO - Width: 56, Height: 7, RowLength: 112
2023-07-09 17:50:53,274 - root - INFO - datalength: 570, _step: 2
2023-07-09 17:50:53,274 - root - INFO - BPP: 16, Transparency: False
2023-07-09 17:50:53,274 - root - INFO - Resource 45 offset: 1415445, length: 1428...
2023-07-09 17:50:53,274 - root - DEBUG - Reading resource 45...
2023-07-09 17:50:53,274 - root - INFO - The image is bme.
2023-07-09 17:50:53,274 - root - INFO - Reading image header(readHeader16E)...
2023-07-09 17:50:53,274 - root - INFO - Image header was read:
2023-07-09 17:50:53,274 - root - INFO - Width: 33, Height: 46, RowLength: 66
2023-07-09 17:50:53,274 - root - INFO - datalength: 1412, _step: 2
2023-07-09 17:50:53,274 - root - INFO - BPP: 16, Transparency: False
2023-07-09 17:50:53,290 - root - INFO - Resource 46 offset: 1416873, length: 834...
2023-07-09 17:50:53,290 - root - DEBUG - Reading resource 46...
2023-07-09 17:50:53,290 - root - INFO - The image is bme.
2023-07-09 17:50:53,290 - root - INFO - Reading image header(readHeader16E)...
2023-07-09 17:50:53,290 - root - INFO - Image header was read:
2023-07-09 17:50:53,290 - root - INFO - Width: 33, Height: 46, RowLength: 66
2023-07-09 17:50:53,290 - root - INFO - datalength: 818, _step: 2
2023-07-09 17:50:53,290 - root - INFO - BPP: 16, Transparency: False
2023-07-09 17:50:53,290 - root - INFO - Resource 47 offset: 1417707, length: 1164...
2023-07-09 17:50:53,290 - root - DEBUG - Reading resource 47...
2023-07-09 17:50:53,290 - root - INFO - The image is bme.
2023-07-09 17:50:53,290 - root - INFO - Reading image header(readHeader16E)...
2023-07-09 17:50:53,290 - root - INFO - Image header was read:
2023-07-09 17:50:53,290 - root - INFO - Width: 33, Height: 46, RowLength: 66
2023-07-09 17:50:53,290 - root - INFO - datalength: 1148, _step: 2
2023-07-09 17:50:53,290 - root - INFO - BPP: 16, Transparency: False
2023-07-09 17:50:53,290 - root - INFO - Resource 48 offset: 1418871, length: 1252...
2023-07-09 17:50:53,290 - root - DEBUG - Reading resource 48...
2023-07-09 17:50:53,290 - root - INFO - The image is bme.
2023-07-09 17:50:53,290 - root - INFO - Reading image header(readHeader16E)...
2023-07-09 17:50:53,290 - root - INFO - Image header was read:
2023-07-09 17:50:53,290 - root - INFO - Width: 33, Height: 46, RowLength: 66
2023-07-09 17:50:53,290 - root - INFO - datalength: 1236, _step: 2
2023-07-09 17:50:53,290 - root - INFO - BPP: 16, Transparency: False
2023-07-09 17:50:53,290 - root - INFO - Resource 49 offset: 1420123, length: 1236...
2023-07-09 17:50:53,290 - root - DEBUG - Reading resource 49...
2023-07-09 17:50:53,290 - root - INFO - The image is bme.
2023-07-09 17:50:53,290 - root - INFO - Reading image header(readHeader16E)...
2023-07-09 17:50:53,290 - root - INFO - Image header was read:
2023-07-09 17:50:53,290 - root - INFO - Width: 33, Height: 46, RowLength: 66
2023-07-09 17:50:53,290 - root - INFO - datalength: 1220, _step: 2
2023-07-09 17:50:53,290 - root - INFO - BPP: 16, Transparency: False
2023-07-09 17:50:53,306 - root - INFO - Resource 50 offset: 1421359, length: 1292...
2023-07-09 17:50:53,306 - root - DEBUG - Reading resource 50...
2023-07-09 17:50:53,306 - root - INFO - The image is bme.
2023-07-09 17:50:53,306 - root - INFO - Reading image header(readHeader16E)...
2023-07-09 17:50:53,306 - root - INFO - Image header was read:
2023-07-09 17:50:53,306 - root - INFO - Width: 33, Height: 46, RowLength: 66
2023-07-09 17:50:53,306 - root - INFO - datalength: 1276, _step: 2
2023-07-09 17:50:53,306 - root - INFO - BPP: 16, Transparency: False
2023-07-09 17:50:53,306 - root - INFO - Resource 51 offset: 1422651, length: 1386...
2023-07-09 17:50:53,306 - root - DEBUG - Reading resource 51...
2023-07-09 17:50:53,306 - root - INFO - The image is bme.
2023-07-09 17:50:53,306 - root - INFO - Reading image header(readHeader16E)...
2023-07-09 17:50:53,306 - root - INFO - Image header was read:
2023-07-09 17:50:53,306 - root - INFO - Width: 33, Height: 46, RowLength: 66
2023-07-09 17:50:53,306 - root - INFO - datalength: 1370, _step: 2
2023-07-09 17:50:53,306 - root - INFO - BPP: 16, Transparency: False
2023-07-09 17:50:53,306 - root - INFO - Resource 52 offset: 1424037, length: 934...
2023-07-09 17:50:53,306 - root - DEBUG - Reading resource 52...
2023-07-09 17:50:53,306 - root - INFO - The image is bme.
2023-07-09 17:50:53,306 - root - INFO - Reading image header(readHeader16E)...
2023-07-09 17:50:53,306 - root - INFO - Image header was read:
2023-07-09 17:50:53,306 - root - INFO - Width: 33, Height: 46, RowLength: 66
2023-07-09 17:50:53,306 - root - INFO - datalength: 918, _step: 2
2023-07-09 17:50:53,306 - root - INFO - BPP: 16, Transparency: False
2023-07-09 17:50:53,306 - root - INFO - Resource 53 offset: 1424971, length: 1508...
2023-07-09 17:50:53,306 - root - DEBUG - Reading resource 53...
2023-07-09 17:50:53,306 - root - INFO - The image is bme.
2023-07-09 17:50:53,306 - root - INFO - Reading image header(readHeader16E)...
2023-07-09 17:50:53,306 - root - INFO - Image header was read:
2023-07-09 17:50:53,306 - root - INFO - Width: 33, Height: 46, RowLength: 66
2023-07-09 17:50:53,306 - root - INFO - datalength: 1492, _step: 2
2023-07-09 17:50:53,306 - root - INFO - BPP: 16, Transparency: False
2023-07-09 17:50:53,321 - root - INFO - Resource 54 offset: 1426479, length: 1380...
2023-07-09 17:50:53,321 - root - DEBUG - Reading resource 54...
2023-07-09 17:50:53,321 - root - INFO - The image is bme.
2023-07-09 17:50:53,321 - root - INFO - Reading image header(readHeader16E)...
2023-07-09 17:50:53,321 - root - INFO - Image header was read:
2023-07-09 17:50:53,321 - root - INFO - Width: 33, Height: 46, RowLength: 66
2023-07-09 17:50:53,321 - root - INFO - datalength: 1364, _step: 2
2023-07-09 17:50:53,321 - root - INFO - BPP: 16, Transparency: False
2023-07-09 17:50:53,321 - root - INFO - Resource 55 offset: 1427859, length: 256...
2023-07-09 17:50:53,321 - root - DEBUG - Reading resource 55...
2023-07-09 17:50:53,321 - root - INFO - The image is bme.
2023-07-09 17:50:53,321 - root - INFO - Reading image header(readHeader16E)...
2023-07-09 17:50:53,321 - root - INFO - Image header was read:
2023-07-09 17:50:53,321 - root - INFO - Width: 23, Height: 46, RowLength: 46
2023-07-09 17:50:53,321 - root - INFO - datalength: 240, _step: 2
2023-07-09 17:50:53,321 - root - INFO - BPP: 16, Transparency: False
2023-07-09 17:50:53,321 - root - DEBUG - Parsing parameters...
2023-07-09 17:50:53,442 - root - DEBUG - 0 Value: None
2023-07-09 17:50:53,442 - root - DEBUG - 0.1 Value: 73
2023-07-09 17:50:53,443 - root - DEBUG - 2 Value: None
2023-07-09 17:50:53,443 - root - DEBUG - 2.1 Value: None
2023-07-09 17:50:53,443 - root - DEBUG - 2.1.1 Value: 0
2023-07-09 17:50:53,443 - root - DEBUG - 2.1.2 Value: 0
2023-07-09 17:50:53,443 - root - DEBUG - 2.1.3 Value: 1
2023-07-09 17:50:53,443 - root - DEBUG - 2.3 Value: None
2023-07-09 17:50:53,443 - root - DEBUG - 2.3.1 Value: 0
2023-07-09 17:50:53,444 - root - DEBUG - 2.3.2 Value: 0
2023-07-09 17:50:53,444 - root - DEBUG - 2.3.3 Value: 0
2023-07-09 17:50:53,444 - root - DEBUG - 2.4 Value: None
2023-07-09 17:50:53,444 - root - DEBUG - 2.4.1 Value: 0
2023-07-09 17:50:53,444 - root - DEBUG - 2.4.2 Value: 0
2023-07-09 17:50:53,444 - root - DEBUG - 2.4.3 Value: 0
2023-07-09 17:50:53,444 - root - DEBUG - 2.5 Value: None
2023-07-09 17:50:53,444 - root - DEBUG - 2.5.1 Value: 0
2023-07-09 17:50:53,445 - root - DEBUG - 2.5.2 Value: 0
2023-07-09 17:50:53,445 - root - DEBUG - 2.5.3 Value: 0
2023-07-09 17:50:53,445 - root - DEBUG - 3 Value: None
2023-07-09 17:50:53,445 - root - DEBUG - 3.1 Value: None
2023-07-09 17:50:53,445 - root - DEBUG - 3.1.1 Value: None
2023-07-09 17:50:53,445 - root - DEBUG - 3.1.1.1 Value: None
2023-07-09 17:50:53,445 - root - DEBUG - 3.1.1.1.1 Value: 75
2023-07-09 17:50:53,445 - root - DEBUG - 3.1.1.1.2 Value: 50
2023-07-09 17:50:53,446 - root - DEBUG - 3.1.1.1.3 Value: 2
2023-07-09 17:50:53,446 - root - DEBUG - 3.1.1.1.4 Value: 10
2023-07-09 17:50:53,446 - root - DEBUG - 3.1.1.2 Value: None
2023-07-09 17:50:53,446 - root - DEBUG - 3.1.1.2.1 Value: 108
2023-07-09 17:50:53,446 - root - DEBUG - 3.1.1.2.2 Value: 50
2023-07-09 17:50:53,446 - root - DEBUG - 3.1.1.2.3 Value: 2
2023-07-09 17:50:53,446 - root - DEBUG - 3.1.1.2.4 Value: 10
2023-07-09 17:50:53,446 - root - DEBUG - 3.1.2 Value: None
2023-07-09 17:50:53,447 - root - DEBUG - 3.1.2.1 Value: None
2023-07-09 17:50:53,447 - root - DEBUG - 3.1.2.1.1 Value: 164
2023-07-09 17:50:53,447 - root - DEBUG - 3.1.2.1.2 Value: 50
2023-07-09 17:50:53,447 - root - DEBUG - 3.1.2.1.3 Value: 2
2023-07-09 17:50:53,447 - root - DEBUG - 3.1.2.1.4 Value: 10
2023-07-09 17:50:53,447 - root - DEBUG - 3.1.2.2 Value: None
2023-07-09 17:50:53,447 - root - DEBUG - 3.1.2.2.1 Value: 197
2023-07-09 17:50:53,447 - root - DEBUG - 3.1.2.2.2 Value: 50
2023-07-09 17:50:53,448 - root - DEBUG - 3.1.2.2.3 Value: 2
2023-07-09 17:50:53,448 - root - DEBUG - 3.1.2.2.4 Value: 10
2023-07-09 17:50:53,448 - root - DEBUG - 3.1.7 Value: 0
2023-07-09 17:50:53,448 - root - DEBUG - 3.1.8 Value: 1
2023-07-09 17:50:53,448 - root - DEBUG - 5 Value: None
2023-07-09 17:50:53,448 - root - DEBUG - 5.1 Value: None
2023-07-09 17:50:53,448 - root - DEBUG - 5.1.4 Value: 1
2023-07-09 17:50:53,448 - root - DEBUG - 5.1.5 Value: 1
2023-07-09 17:50:53,449 - root - DEBUG - 5.1.6 Value: 0
2023-07-09 17:50:53,449 - root - DEBUG - 9 Value: None
2023-07-09 17:50:53,449 - root - DEBUG - 9.1 Value: None
2023-07-09 17:50:53,449 - root - DEBUG - 9.1.1 Value: None
2023-07-09 17:50:53,449 - root - DEBUG - 9.1.1.1 Value: 171
2023-07-09 17:50:53,449 - root - DEBUG - 9.1.1.2 Value: 96
2023-07-09 17:50:53,449 - root - DEBUG - 9.1.1.3 Value: 205
2023-07-09 17:50:53,449 - root - DEBUG - 9.1.1.4 Value: 108
2023-07-09 17:50:53,450 - root - DEBUG - 9.1.1.5 Value: 18
2023-07-09 17:50:53,450 - root - DEBUG - 9.1.1.6 Value: 0
2023-07-09 17:50:53,450 - root - DEBUG - 9.1.1.7 Value: 0
2023-07-09 17:50:53,450 - root - DEBUG - 9.1.1.8 Value: 24
2023-07-09 17:50:53,450 - root - DEBUG - 9.1.1.9 Value: 10
2023-07-09 17:50:53,450 - root - DEBUG - 9.1.4 Value: 34
2023-07-09 17:50:53,450 - root - DEBUG - 9.2 Value: None
2023-07-09 17:50:53,450 - root - DEBUG - 9.2.1 Value: 114
2023-07-09 17:50:53,451 - root - DEBUG - 9.2.2 Value: 98
2023-07-09 17:50:53,451 - root - DEBUG - 9.2.3 Value: 35
2023-07-09 17:50:53,451 - root - DEBUG - 9.2.4 Value: 10
2023-07-09 17:50:53,451 - root - DEBUG - 11 Value: None
2023-07-09 17:50:53,451 - root - DEBUG - 11.1 Value: None
2023-07-09 17:50:53,451 - root - DEBUG - 11.1.1 Value: None
2023-07-09 17:50:53,451 - root - DEBUG - 11.1.1.1 Value: 49
2023-07-09 17:50:53,451 - root - DEBUG - 11.1.1.2 Value: 121
2023-07-09 17:50:53,452 - root - DEBUG - 11.1.1.3 Value: 12
2023-07-09 17:50:53,452 - root - DEBUG - 11.1.1.4 Value: 12
2023-07-09 17:50:53,452 - root - DEBUG - 11.1.2 Value: 250
2023-07-09 17:50:53,452 - root - DEBUG - 11.1.3 Value: 255
2023-07-09 17:50:53,452 - root - DEBUG - 11.1.4 Value: 1
2023-07-09 17:50:53,452 - root - DEBUG - 29 Value: None
2023-07-09 17:50:53,452 - root - DEBUG - 29.1 Value: None
2023-07-09 17:50:53,452 - root - DEBUG - 29.1.1 Value: None
2023-07-09 17:50:53,453 - root - DEBUG - 29.1.1.1 Value: None
2023-07-09 17:50:53,453 - root - DEBUG - 29.1.1.1.1 Value: None
2023-07-09 17:50:53,453 - root - DEBUG - 29.1.1.1.1.1 Value: 75
2023-07-09 17:50:53,453 - root - DEBUG - 29.1.1.1.1.2 Value: 50
2023-07-09 17:50:53,453 - root - DEBUG - 29.1.1.1.1.3 Value: 45
2023-07-09 17:50:53,453 - root - DEBUG - 29.1.1.1.1.4 Value: 10
2023-07-09 17:50:53,453 - root - DEBUG - 29.1.1.1.2 Value: None
2023-07-09 17:50:53,453 - root - DEBUG - 29.1.1.1.2.1 Value: 108
2023-07-09 17:50:53,453 - root - DEBUG - 29.1.1.1.2.2 Value: 50
2023-07-09 17:50:53,454 - root - DEBUG - 29.1.1.1.2.3 Value: 45
2023-07-09 17:50:53,454 - root - DEBUG - 29.1.1.1.2.4 Value: 10
2023-07-09 17:50:53,454 - root - DEBUG - 29.1.1.2 Value: None
2023-07-09 17:50:53,454 - root - DEBUG - 29.1.1.2.1 Value: None
2023-07-09 17:50:53,454 - root - DEBUG - 29.1.1.2.1.1 Value: 164
2023-07-09 17:50:53,454 - root - DEBUG - 29.1.1.2.1.2 Value: 50
2023-07-09 17:50:53,455 - root - DEBUG - 29.1.1.2.1.3 Value: 45
2023-07-09 17:50:53,455 - root - DEBUG - 29.1.1.2.1.4 Value: 10
2023-07-09 17:50:53,455 - root - DEBUG - 29.1.1.2.2 Value: None
2023-07-09 17:50:53,455 - root - DEBUG - 29.1.1.2.2.1 Value: 197
2023-07-09 17:50:53,455 - root - DEBUG - 29.1.1.2.2.2 Value: 50
2023-07-09 17:50:53,455 - root - DEBUG - 29.1.1.2.2.3 Value: 45
2023-07-09 17:50:53,455 - root - DEBUG - 29.1.1.2.2.4 Value: 10
2023-07-09 17:50:53,455 - root - DEBUG - 29.1.1.3 Value: None
2023-07-09 17:50:53,455 - root - DEBUG - 29.1.1.3.1 Value: 141
2023-07-09 17:50:53,456 - root - DEBUG - 29.1.1.3.2 Value: 50
2023-07-09 17:50:53,456 - root - DEBUG - 29.1.1.3.3 Value: 55
2023-07-09 17:50:53,456 - root - DEBUG - 29.1.1.4 Value: 1
2023-07-09 17:50:53,456 - root - DEBUG - 0-Info
2023-07-09 17:50:53,456 - root - DEBUG - 0.1-DeviceId
2023-07-09 17:50:53,456 - root - DEBUG - 2-Background
2023-07-09 17:50:53,457 - root - DEBUG - 2.1-Image
2023-07-09 17:50:53,457 - root - DEBUG - 2.1.1-X
2023-07-09 17:50:53,457 - root - DEBUG - 2.1.2-Y
2023-07-09 17:50:53,457 - root - DEBUG - 2.1.3-ImageIndex
2023-07-09 17:50:53,457 - root - DEBUG - 2.3-Preview
2023-07-09 17:50:53,458 - root - DEBUG - 2.3.1-X
2023-07-09 17:50:53,458 - root - DEBUG - 2.3.2-Y
2023-07-09 17:50:53,458 - root - DEBUG - 2.3.3-ImageIndex
2023-07-09 17:50:53,458 - root - DEBUG - 2.4-PreviewTradChinese
2023-07-09 17:50:53,458 - root - DEBUG - 2.4.1-X
2023-07-09 17:50:53,458 - root - DEBUG - 2.4.2-Y
2023-07-09 17:50:53,459 - root - DEBUG - 2.4.3-ImageIndex
2023-07-09 17:50:53,459 - root - DEBUG - 2.5-PreviewChinese
2023-07-09 17:50:53,459 - root - DEBUG - 2.5.1-X
2023-07-09 17:50:53,459 - root - DEBUG - 2.5.2-Y
2023-07-09 17:50:53,459 - root - DEBUG - 2.5.3-ImageIndex
2023-07-09 17:50:53,459 - root - DEBUG - 3-TimeExtended
2023-07-09 17:50:53,460 - root - DEBUG - 3.1-TimeSeparateDigits
2023-07-09 17:50:53,460 - root - DEBUG - 3.1.1-Hours
2023-07-09 17:50:53,460 - root - DEBUG - 3.1.1.1-Tens
2023-07-09 17:50:53,460 - root - DEBUG - 3.1.1.1.1-X
2023-07-09 17:50:53,460 - root - DEBUG - 3.1.1.1.2-Y
2023-07-09 17:50:53,461 - root - DEBUG - 3.1.1.1.3-ImageIndex
2023-07-09 17:50:53,461 - root - DEBUG - 3.1.1.1.4-ImagesCount
2023-07-09 17:50:53,461 - root - DEBUG - 3.1.1.2-Ones
2023-07-09 17:50:53,461 - root - DEBUG - 3.1.1.2.1-X
2023-07-09 17:50:53,461 - root - DEBUG - 3.1.1.2.2-Y
2023-07-09 17:50:53,462 - root - DEBUG - 3.1.1.2.3-ImageIndex
2023-07-09 17:50:53,462 - root - DEBUG - 3.1.1.2.4-ImagesCount
2023-07-09 17:50:53,462 - root - DEBUG - 3.1.2-Minutes
2023-07-09 17:50:53,462 - root - DEBUG - 3.1.2.1-Tens
2023-07-09 17:50:53,462 - root - DEBUG - 3.1.2.1.1-X
2023-07-09 17:50:53,463 - root - DEBUG - 3.1.2.1.2-Y
2023-07-09 17:50:53,463 - root - DEBUG - 3.1.2.1.3-ImageIndex
2023-07-09 17:50:53,463 - root - DEBUG - 3.1.2.1.4-ImagesCount
2023-07-09 17:50:53,463 - root - DEBUG - 3.1.2.2-Ones
2023-07-09 17:50:53,463 - root - DEBUG - 3.1.2.2.1-X
2023-07-09 17:50:53,463 - root - DEBUG - 3.1.2.2.2-Y
2023-07-09 17:50:53,464 - root - DEBUG - 3.1.2.2.3-ImageIndex
2023-07-09 17:50:53,464 - root - DEBUG - 3.1.2.2.4-ImagesCount
2023-07-09 17:50:53,464 - root - DEBUG - 3.1.7-UnknowBoolean7
2023-07-09 17:50:53,464 - root - DEBUG - 3.1.8-PaddingZeroMinutes
2023-07-09 17:50:53,464 - root - DEBUG - 5-DateBlock
2023-07-09 17:50:53,464 - root - DEBUG - 5.1-Date
2023-07-09 17:50:53,465 - root - DEBUG - 5.1.4-PaddingZeroMonth
2023-07-09 17:50:53,465 - root - DEBUG - 5.1.5-PaddingZeroDay
2023-07-09 17:50:53,465 - root - DEBUG - 5.1.6-UnknownBoolean6
2023-07-09 17:50:53,465 - root - DEBUG - 9-Battery
2023-07-09 17:50:53,465 - root - DEBUG - 9.1-BatteryText
2023-07-09 17:50:53,465 - root - DEBUG - 9.1.1-ImageNumber
2023-07-09 17:50:53,466 - root - DEBUG - 9.1.1.1-TopLeftX
2023-07-09 17:50:53,466 - root - DEBUG - 9.1.1.2-TopLeftY
2023-07-09 17:50:53,466 - root - DEBUG - 9.1.1.3-BottomRightX
2023-07-09 17:50:53,466 - root - DEBUG - 9.1.1.4-BottomRightY
2023-07-09 17:50:53,466 - root - DEBUG - 9.1.1.5-Alignment
2023-07-09 17:50:53,467 - root - DEBUG - 9.1.1.6-Spacing
2023-07-09 17:50:53,467 - root - DEBUG - 9.1.1.7-VerticalOffset
2023-07-09 17:50:53,467 - root - DEBUG - 9.1.1.8-ImageIndex
2023-07-09 17:50:53,467 - root - DEBUG - 9.1.1.9-ImagesCount
2023-07-09 17:50:53,467 - root - DEBUG - 9.1.4-SuffixImageIndex
2023-07-09 17:50:53,467 - root - DEBUG - 9.2-ImageProgress
2023-07-09 17:50:53,468 - root - DEBUG - 9.2.1-X
2023-07-09 17:50:53,468 - root - DEBUG - 9.2.2-Y
2023-07-09 17:50:53,468 - root - DEBUG - 9.2.3-ImageIndex
2023-07-09 17:50:53,468 - root - DEBUG - 9.2.4-ImagesCount
2023-07-09 17:50:53,468 - root - DEBUG - 11-Animation
2023-07-09 17:50:53,468 - root - DEBUG - 11.1-ImageSetAnimation
2023-07-09 17:50:53,469 - root - DEBUG - 11.1.1-ImageProgress
2023-07-09 17:50:53,469 - root - DEBUG - 11.1.1.1-X
2023-07-09 17:50:53,469 - root - DEBUG - 11.1.1.2-Y
2023-07-09 17:50:53,469 - root - DEBUG - 11.1.1.3-ImageIndex
2023-07-09 17:50:53,469 - root - DEBUG - 11.1.1.4-ImagesCount
2023-07-09 17:50:53,470 - root - DEBUG - 11.1.2-FrameInterval
2023-07-09 17:50:53,470 - root - DEBUG - 11.1.3-PlayTimes
2023-07-09 17:50:53,470 - root - DEBUG - 11.1.4-Repeat
2023-07-09 17:50:53,470 - root - DEBUG - 29-AlwaysOnDisplay
2023-07-09 17:50:53,470 - root - DEBUG - 29.1-TimeExtended
2023-07-09 17:50:53,470 - root - DEBUG - 29.1.1-TimeSeparateDigits
2023-07-09 17:50:53,470 - root - DEBUG - 29.1.1.1-Hours
2023-07-09 17:50:53,471 - root - DEBUG - 29.1.1.1.1-Tens
2023-07-09 17:50:53,471 - root - DEBUG - 29.1.1.1.1.1-X
2023-07-09 17:50:53,471 - root - DEBUG - 29.1.1.1.1.2-Y
2023-07-09 17:50:53,471 - root - DEBUG - 29.1.1.1.1.3-ImageIndex
2023-07-09 17:50:53,471 - root - DEBUG - 29.1.1.1.1.4-ImagesCount
2023-07-09 17:50:53,471 - root - DEBUG - 29.1.1.1.2-Ones
2023-07-09 17:50:53,472 - root - DEBUG - 29.1.1.1.2.1-X
2023-07-09 17:50:53,472 - root - DEBUG - 29.1.1.1.2.2-Y
2023-07-09 17:50:53,472 - root - DEBUG - 29.1.1.1.2.3-ImageIndex
2023-07-09 17:50:53,472 - root - DEBUG - 29.1.1.1.2.4-ImagesCount
2023-07-09 17:50:53,472 - root - DEBUG - 29.1.1.2-Minutes
2023-07-09 17:50:53,472 - root - DEBUG - 29.1.1.2.1-Tens
2023-07-09 17:50:53,473 - root - DEBUG - 29.1.1.2.1.1-X
2023-07-09 17:50:53,473 - root - DEBUG - 29.1.1.2.1.2-Y
2023-07-09 17:50:53,473 - root - DEBUG - 29.1.1.2.1.3-ImageIndex
2023-07-09 17:50:53,473 - root - DEBUG - 29.1.1.2.1.4-ImagesCount
2023-07-09 17:50:53,473 - root - DEBUG - 29.1.1.2.2-Ones
2023-07-09 17:50:53,473 - root - DEBUG - 29.1.1.2.2.1-X
2023-07-09 17:50:53,474 - root - DEBUG - 29.1.1.2.2.2-Y
2023-07-09 17:50:53,474 - root - DEBUG - 29.1.1.2.2.3-ImageIndex
2023-07-09 17:50:53,474 - root - DEBUG - 29.1.1.2.2.4-ImagesCount
2023-07-09 17:50:53,474 - root - DEBUG - 29.1.1.3-Separator
2023-07-09 17:50:53,474 - root - DEBUG - 29.1.1.3.1-X
2023-07-09 17:50:53,475 - root - DEBUG - 29.1.1.3.2-Y
2023-07-09 17:50:53,475 - root - DEBUG - 29.1.1.3.3-ImageIndex
2023-07-09 17:50:53,475 - root - DEBUG - 29.1.1.4-PaddingZeroHours
2023-07-09 17:50:53,475 - root - DEBUG - generatePreviews
2023-07-09 17:50:53,475 - root - DEBUG - Generating previews...
2023-07-09 17:50:53,479 - root - DEBUG - Generating states done...
2023-07-09 17:50:53,490 - root - DEBUG - >>>>>>>>>>>> 0 <watchFaceParser.models.parameter.Parameter object at 0x000002D00CECE460>
2023-07-09 17:50:53,491 - root - DEBUG - >>>>>>>>>>>> 2 <watchFaceParser.models.parameter.Parameter object at 0x000002D00CEC92E0>
2023-07-09 17:50:53,498 - root - DEBUG - >>>>>>>>>>>> 3 <watchFaceParser.models.parameter.Parameter object at 0x000002D00CEC9670>
2023-07-09 17:50:53,507 - root - DEBUG - >>>>>>>>>>>> 5 <watchFaceParser.models.parameter.Parameter object at 0x000002D00CECB910>
2023-07-09 17:50:53,507 - root - DEBUG - >>>>>>>>>>>> 9 <watchFaceParser.models.parameter.Parameter object at 0x000002D00CECB880>
2023-07-09 17:50:53,507 - root - DEBUG - >>>>>>>>>>>> 11 <watchFaceParser.models.parameter.Parameter object at 0x000002D00CECC0A0>
2023-07-09 17:50:53,522 - root - DEBUG - >>>>>>>>>>>> 29 <watchFaceParser.models.parameter.Parameter object at 0x000002D00CECC7C0>
2023-07-09 17:50:53,538 - root - DEBUG - Generating static preview gen done...
2023-07-09 17:50:53,710 - root - DEBUG - Generating static preview save done...
2023-07-09 17:50:53,710 - root - DEBUG - Generating anim preview gen done...
2023-07-09 17:50:53,710 - root - DEBUG - >>>>>>>>>>>> 0 <watchFaceParser.models.parameter.Parameter object at 0x000002D00CECE460>
2023-07-09 17:50:53,710 - root - DEBUG - >>>>>>>>>>>> 2 <watchFaceParser.models.parameter.Parameter object at 0x000002D00CEC92E0>
2023-07-09 17:50:53,710 - root - DEBUG - >>>>>>>>>>>> 3 <watchFaceParser.models.parameter.Parameter object at 0x000002D00CEC9670>
2023-07-09 17:50:53,710 - root - DEBUG - >>>>>>>>>>>> 5 <watchFaceParser.models.parameter.Parameter object at 0x000002D00CECB910>
2023-07-09 17:50:53,710 - root - DEBUG - >>>>>>>>>>>> 9 <watchFaceParser.models.parameter.Parameter object at 0x000002D00CECB880>
2023-07-09 17:50:53,710 - root - DEBUG - >>>>>>>>>>>> 11 <watchFaceParser.models.parameter.Parameter object at 0x000002D00CECC0A0>
2023-07-09 17:50:53,710 - root - DEBUG - >>>>>>>>>>>> 29 <watchFaceParser.models.parameter.Parameter object at 0x000002D00CECC7C0>
2023-07-09 17:50:53,872 - root - DEBUG - generatePreviews done
2023-07-09 17:50:53,872 - root - DEBUG - Exporting resources to 'E:\Codez\zepp-gts2mini-wf\5b0fb1a0cbd29054ca6885f99679f34d'
2023-07-09 17:50:53,887 - root - DEBUG - extracting E:\Codez\zepp-gts2mini-wf\5b0fb1a0cbd29054ca6885f99679f34d\0000.png...
2023-07-09 17:50:53,919 - root - DEBUG - extracting E:\Codez\zepp-gts2mini-wf\5b0fb1a0cbd29054ca6885f99679f34d\0001.png...
2023-07-09 17:50:53,997 - root - DEBUG - extracting E:\Codez\zepp-gts2mini-wf\5b0fb1a0cbd29054ca6885f99679f34d\0002.png...
2023-07-09 17:50:53,997 - root - DEBUG - extracting E:\Codez\zepp-gts2mini-wf\5b0fb1a0cbd29054ca6885f99679f34d\0003.png...
2023-07-09 17:50:53,997 - root - DEBUG - extracting E:\Codez\zepp-gts2mini-wf\5b0fb1a0cbd29054ca6885f99679f34d\0004.png...
2023-07-09 17:50:54,012 - root - DEBUG - extracting E:\Codez\zepp-gts2mini-wf\5b0fb1a0cbd29054ca6885f99679f34d\0005.png...
2023-07-09 17:50:54,012 - root - DEBUG - extracting E:\Codez\zepp-gts2mini-wf\5b0fb1a0cbd29054ca6885f99679f34d\0006.png...
2023-07-09 17:50:54,012 - root - DEBUG - extracting E:\Codez\zepp-gts2mini-wf\5b0fb1a0cbd29054ca6885f99679f34d\0007.png...
2023-07-09 17:50:54,012 - root - DEBUG - extracting E:\Codez\zepp-gts2mini-wf\5b0fb1a0cbd29054ca6885f99679f34d\0008.png...
2023-07-09 17:50:54,012 - root - DEBUG - extracting E:\Codez\zepp-gts2mini-wf\5b0fb1a0cbd29054ca6885f99679f34d\0009.png...
2023-07-09 17:50:54,012 - root - DEBUG - extracting E:\Codez\zepp-gts2mini-wf\5b0fb1a0cbd29054ca6885f99679f34d\0010.png...
2023-07-09 17:50:54,012 - root - DEBUG - extracting E:\Codez\zepp-gts2mini-wf\5b0fb1a0cbd29054ca6885f99679f34d\0011.png...
2023-07-09 17:50:54,012 - root - DEBUG - extracting E:\Codez\zepp-gts2mini-wf\5b0fb1a0cbd29054ca6885f99679f34d\0012.png...
2023-07-09 17:50:54,059 - root - DEBUG - extracting E:\Codez\zepp-gts2mini-wf\5b0fb1a0cbd29054ca6885f99679f34d\0013.png...
2023-07-09 17:50:54,091 - root - DEBUG - extracting E:\Codez\zepp-gts2mini-wf\5b0fb1a0cbd29054ca6885f99679f34d\0014.png...
2023-07-09 17:50:54,138 - root - DEBUG - extracting E:\Codez\zepp-gts2mini-wf\5b0fb1a0cbd29054ca6885f99679f34d\0015.png...
2023-07-09 17:50:54,169 - root - DEBUG - extracting E:\Codez\zepp-gts2mini-wf\5b0fb1a0cbd29054ca6885f99679f34d\0016.png...
2023-07-09 17:50:54,216 - root - DEBUG - extracting E:\Codez\zepp-gts2mini-wf\5b0fb1a0cbd29054ca6885f99679f34d\0017.png...
2023-07-09 17:50:54,247 - root - DEBUG - extracting E:\Codez\zepp-gts2mini-wf\5b0fb1a0cbd29054ca6885f99679f34d\0018.png...
2023-07-09 17:50:54,294 - root - DEBUG - extracting E:\Codez\zepp-gts2mini-wf\5b0fb1a0cbd29054ca6885f99679f34d\0019.png...
2023-07-09 17:50:54,325 - root - DEBUG - extracting E:\Codez\zepp-gts2mini-wf\5b0fb1a0cbd29054ca6885f99679f34d\0020.png...
2023-07-09 17:50:54,372 - root - DEBUG - extracting E:\Codez\zepp-gts2mini-wf\5b0fb1a0cbd29054ca6885f99679f34d\0021.png...
2023-07-09 17:50:54,403 - root - DEBUG - extracting E:\Codez\zepp-gts2mini-wf\5b0fb1a0cbd29054ca6885f99679f34d\0022.png...
2023-07-09 17:50:54,450 - root - DEBUG - extracting E:\Codez\zepp-gts2mini-wf\5b0fb1a0cbd29054ca6885f99679f34d\0023.png...
2023-07-09 17:50:54,481 - root - DEBUG - extracting E:\Codez\zepp-gts2mini-wf\5b0fb1a0cbd29054ca6885f99679f34d\0024.png...
2023-07-09 17:50:54,481 - root - DEBUG - extracting E:\Codez\zepp-gts2mini-wf\5b0fb1a0cbd29054ca6885f99679f34d\0025.png...
2023-07-09 17:50:54,481 - root - DEBUG - extracting E:\Codez\zepp-gts2mini-wf\5b0fb1a0cbd29054ca6885f99679f34d\0026.png...
2023-07-09 17:50:54,481 - root - DEBUG - extracting E:\Codez\zepp-gts2mini-wf\5b0fb1a0cbd29054ca6885f99679f34d\0027.png...
2023-07-09 17:50:54,481 - root - DEBUG - extracting E:\Codez\zepp-gts2mini-wf\5b0fb1a0cbd29054ca6885f99679f34d\0028.png...
2023-07-09 17:50:54,481 - root - DEBUG - extracting E:\Codez\zepp-gts2mini-wf\5b0fb1a0cbd29054ca6885f99679f34d\0029.png...
2023-07-09 17:50:54,497 - root - DEBUG - extracting E:\Codez\zepp-gts2mini-wf\5b0fb1a0cbd29054ca6885f99679f34d\0030.png...
2023-07-09 17:50:54,497 - root - DEBUG - extracting E:\Codez\zepp-gts2mini-wf\5b0fb1a0cbd29054ca6885f99679f34d\0031.png...
2023-07-09 17:50:54,497 - root - DEBUG - extracting E:\Codez\zepp-gts2mini-wf\5b0fb1a0cbd29054ca6885f99679f34d\0032.png...
2023-07-09 17:50:54,497 - root - DEBUG - extracting E:\Codez\zepp-gts2mini-wf\5b0fb1a0cbd29054ca6885f99679f34d\0033.png...
2023-07-09 17:50:54,497 - root - DEBUG - extracting E:\Codez\zepp-gts2mini-wf\5b0fb1a0cbd29054ca6885f99679f34d\0034.png...
2023-07-09 17:50:54,497 - root - DEBUG - extracting E:\Codez\zepp-gts2mini-wf\5b0fb1a0cbd29054ca6885f99679f34d\0035.png...
2023-07-09 17:50:54,497 - root - DEBUG - extracting E:\Codez\zepp-gts2mini-wf\5b0fb1a0cbd29054ca6885f99679f34d\0036.png...
2023-07-09 17:50:54,497 - root - DEBUG - extracting E:\Codez\zepp-gts2mini-wf\5b0fb1a0cbd29054ca6885f99679f34d\0037.png...
2023-07-09 17:50:54,497 - root - DEBUG - extracting E:\Codez\zepp-gts2mini-wf\5b0fb1a0cbd29054ca6885f99679f34d\0038.png...
2023-07-09 17:50:54,497 - root - DEBUG - extracting E:\Codez\zepp-gts2mini-wf\5b0fb1a0cbd29054ca6885f99679f34d\0039.png...
2023-07-09 17:50:54,497 - root - DEBUG - extracting E:\Codez\zepp-gts2mini-wf\5b0fb1a0cbd29054ca6885f99679f34d\0040.png...
2023-07-09 17:50:54,497 - root - DEBUG - extracting E:\Codez\zepp-gts2mini-wf\5b0fb1a0cbd29054ca6885f99679f34d\0041.png...
2023-07-09 17:50:54,497 - root - DEBUG - extracting E:\Codez\zepp-gts2mini-wf\5b0fb1a0cbd29054ca6885f99679f34d\0042.png...
2023-07-09 17:50:54,497 - root - DEBUG - extracting E:\Codez\zepp-gts2mini-wf\5b0fb1a0cbd29054ca6885f99679f34d\0043.png...
2023-07-09 17:50:54,497 - root - DEBUG - extracting E:\Codez\zepp-gts2mini-wf\5b0fb1a0cbd29054ca6885f99679f34d\0044.png...
2023-07-09 17:50:54,497 - root - DEBUG - extracting E:\Codez\zepp-gts2mini-wf\5b0fb1a0cbd29054ca6885f99679f34d\0045.png...
2023-07-09 17:50:54,513 - root - DEBUG - extracting E:\Codez\zepp-gts2mini-wf\5b0fb1a0cbd29054ca6885f99679f34d\0046.png...
2023-07-09 17:50:54,513 - root - DEBUG - extracting E:\Codez\zepp-gts2mini-wf\5b0fb1a0cbd29054ca6885f99679f34d\0047.png...
2023-07-09 17:50:54,513 - root - DEBUG - extracting E:\Codez\zepp-gts2mini-wf\5b0fb1a0cbd29054ca6885f99679f34d\0048.png...
2023-07-09 17:50:54,513 - root - DEBUG - extracting E:\Codez\zepp-gts2mini-wf\5b0fb1a0cbd29054ca6885f99679f34d\0049.png...
2023-07-09 17:50:54,513 - root - DEBUG - extracting E:\Codez\zepp-gts2mini-wf\5b0fb1a0cbd29054ca6885f99679f34d\0050.png...
2023-07-09 17:50:54,513 - root - DEBUG - extracting E:\Codez\zepp-gts2mini-wf\5b0fb1a0cbd29054ca6885f99679f34d\0051.png...
2023-07-09 17:50:54,513 - root - DEBUG - extracting E:\Codez\zepp-gts2mini-wf\5b0fb1a0cbd29054ca6885f99679f34d\0052.png...
2023-07-09 17:50:54,513 - root - DEBUG - extracting E:\Codez\zepp-gts2mini-wf\5b0fb1a0cbd29054ca6885f99679f34d\0053.png...
2023-07-09 17:50:54,513 - root - DEBUG - extracting E:\Codez\zepp-gts2mini-wf\5b0fb1a0cbd29054ca6885f99679f34d\0054.png...
2023-07-09 17:50:54,513 - root - DEBUG - extracting E:\Codez\zepp-gts2mini-wf\5b0fb1a0cbd29054ca6885f99679f34d\0055.png...
2023-07-09 17:50:54,513 - root - DEBUG - Exporting config...
