2022-01-06 09:13:17,043 - root - DEBUG - Opening watch face 'E:\Codez\zepp-gts2mini-wf\531199d7cab489d94fdec39e0b6e5b6a.bin'
2022-01-06 09:13:17,053 - root - DEBUG - Reading parameters...
2022-01-06 09:13:17,053 - root - INFO - Reading header...
2022-01-06 09:13:17,054 - root - INFO - Header was read:
2022-01-06 09:13:17,054 - root - INFO - Signature: b'UIHH\x01\x00\xff', Unknown: 74, ParametersSize: 34, isValid: True, deviceId: 73
2022-01-06 09:13:17,054 - root - INFO - Reading parameter offsets...
2022-01-06 09:13:17,054 - root - INFO - Parameter offsets were read from file
2022-01-06 09:13:17,054 - root - INFO - Reading parameters descriptor...
2022-01-06 09:13:17,054 - root - INFO - 1 ( A): 5 bytes
2022-01-06 09:13:17,054 - root - INFO -     1 ( 8): 177 B1
2022-01-06 09:13:17,054 - root - INFO -     2 (10): 35 23
2022-01-06 09:13:17,054 - root - INFO - getParameters descriptor was read:
2022-01-06 09:13:17,055 - root - INFO - ParametersTableLength: 177, ImagesCount: 35
2022-01-06 09:13:17,055 - root - INFO - Reading parameters locations...
2022-01-06 09:13:17,055 - root - INFO - 2 (12): 4 bytes
2022-01-06 09:13:17,055 - root - INFO -     1 ( 8): 0  0
2022-01-06 09:13:17,055 - root - INFO -     2 (10): 32 20
2022-01-06 09:13:17,055 - root - INFO - 5 (2A): 4 bytes
2022-01-06 09:13:17,055 - root - INFO -     1 ( 8): 32 20
2022-01-06 09:13:17,055 - root - INFO -     2 (10): 74 4A
2022-01-06 09:13:17,055 - root - INFO - 20 (A2): 4 bytes
2022-01-06 09:13:17,055 - root - INFO -     1 ( 8): 106 6A
2022-01-06 09:13:17,055 - root - INFO -     2 (10): 37 25
2022-01-06 09:13:17,056 - root - INFO - 29 (EA): 5 bytes
2022-01-06 09:13:17,056 - root - INFO -     1 ( 8): 143 8F
2022-01-06 09:13:17,056 - root - INFO -     2 (10): 34 22
2022-01-06 09:13:17,056 - root - INFO - Watch face parameters locations were read:
2022-01-06 09:13:17,058 - root - INFO - Reading descriptor for parameter 2
2022-01-06 09:13:17,058 - root - INFO - Descriptor offset: 0, Descriptor length: 32
2022-01-06 09:13:17,058 - root - INFO - Parsing descriptor for parameter 2...
2022-01-06 09:13:17,058 - root - INFO - 1 ( A): 6 bytes
2022-01-06 09:13:17,058 - root - INFO -     1 ( 8): 0  0
2022-01-06 09:13:17,058 - root - INFO -     2 (10): 0  0
2022-01-06 09:13:17,058 - root - INFO -     3 (18): 1  1
2022-01-06 09:13:17,058 - root - INFO - 3 (1A): 6 bytes
2022-01-06 09:13:17,059 - root - INFO -     1 ( 8): 0  0
2022-01-06 09:13:17,059 - root - INFO -     2 (10): 0  0
2022-01-06 09:13:17,059 - root - INFO -     3 (18): 0  0
2022-01-06 09:13:17,059 - root - INFO - 4 (22): 6 bytes
2022-01-06 09:13:17,059 - root - INFO -     1 ( 8): 0  0
2022-01-06 09:13:17,059 - root - INFO -     2 (10): 0  0
2022-01-06 09:13:17,059 - root - INFO -     3 (18): 0  0
2022-01-06 09:13:17,059 - root - INFO - 5 (2A): 6 bytes
2022-01-06 09:13:17,059 - root - INFO -     1 ( 8): 0  0
2022-01-06 09:13:17,059 - root - INFO -     2 (10): 0  0
2022-01-06 09:13:17,059 - root - INFO -     3 (18): 0  0
2022-01-06 09:13:17,060 - root - INFO - Reading descriptor for parameter 5
2022-01-06 09:13:17,060 - root - INFO - Descriptor offset: 32, Descriptor length: 74
2022-01-06 09:13:17,060 - root - INFO - Parsing descriptor for parameter 5...
2022-01-06 09:13:17,060 - root - INFO - 1 ( A): 61 bytes
2022-01-06 09:13:17,060 - root - INFO -     9 (4A): 53 bytes
2022-01-06 09:13:17,061 - root - INFO -         3 (1A): 23 bytes
2022-01-06 09:13:17,061 - root - INFO -             1 ( 8): 145 91
2022-01-06 09:13:17,061 - root - INFO -             2 (10): 296 128
2022-01-06 09:13:17,061 - root - INFO -             3 (18): 161 A1
2022-01-06 09:13:17,061 - root - INFO -             4 (20): 328 148
2022-01-06 09:13:17,061 - root - INFO -             5 (28): 128 80
2022-01-06 09:13:17,061 - root - INFO -             6 (30): 0  0
2022-01-06 09:13:17,061 - root - INFO -             7 (38): 0  0
2022-01-06 09:13:17,061 - root - INFO -             8 (40): 2  2
2022-01-06 09:13:17,061 - root - INFO -             9 (48): 10  A
2022-01-06 09:13:17,061 - root - INFO -         4 (20): 0  0
2022-01-06 09:13:17,062 - root - INFO -         5 (28): 0  0
2022-01-06 09:13:17,062 - root - INFO -         6 (32): 10 bytes
2022-01-06 09:13:17,062 - root - INFO -             1 ( 8): 145 91
2022-01-06 09:13:17,062 - root - INFO -             2 (10): 232 E8
2022-01-06 09:13:17,062 - root - INFO -             3 (18): 12  C
2022-01-06 09:13:17,062 - root - INFO -             4 (20): 12  C
2022-01-06 09:13:17,062 - root - INFO -         7 (3A): 10 bytes
2022-01-06 09:13:17,062 - root - INFO -             1 ( 8): 145 91
2022-01-06 09:13:17,062 - root - INFO -             2 (10): 232 E8
2022-01-06 09:13:17,062 - root - INFO -             3 (18): 12  C
2022-01-06 09:13:17,062 - root - INFO -             4 (20): 12  C
2022-01-06 09:13:17,063 - root - INFO -     4 (20): 1  1
2022-01-06 09:13:17,063 - root - INFO -     5 (28): 1  1
2022-01-06 09:13:17,063 - root - INFO -     6 (30): 0  0
2022-01-06 09:13:17,063 - root - INFO - 4 (22): 9 bytes
2022-01-06 09:13:17,063 - root - INFO -     1 ( 8): 145 91
2022-01-06 09:13:17,063 - root - INFO -     2 (10): 33 21
2022-01-06 09:13:17,063 - root - INFO -     3 (18): 24 18
2022-01-06 09:13:17,063 - root - INFO -     4 (20): 7  7
2022-01-06 09:13:17,064 - root - INFO - Reading descriptor for parameter 20
2022-01-06 09:13:17,064 - root - INFO - Descriptor offset: 106, Descriptor length: 37
2022-01-06 09:13:17,064 - root - INFO - Parsing descriptor for parameter 20...
2022-01-06 09:13:17,064 - root - INFO - 2 (12): 6 bytes
2022-01-06 09:13:17,064 - root - INFO -     1 ( 8): 153 99
2022-01-06 09:13:17,065 - root - INFO -     2 (10): 177 B1
2022-01-06 09:13:17,065 - root - INFO - 3 (1A): 4 bytes
2022-01-06 09:13:17,065 - root - INFO -     1 ( 8): 31 1F
2022-01-06 09:13:17,065 - root - INFO -     2 (10): 104 68
2022-01-06 09:13:17,065 - root - INFO - 4 (22): 4 bytes
2022-01-06 09:13:17,065 - root - INFO -     1 ( 8): 32 20
2022-01-06 09:13:17,065 - root - INFO -     2 (10): 126 7E
2022-01-06 09:13:17,065 - root - INFO - 5 (2A): 15 bytes
2022-01-06 09:13:17,065 - root - INFO -     1 ( 8): 33 21
2022-01-06 09:13:17,065 - root - INFO -     2 (10): 138 8A
2022-01-06 09:13:17,065 - root - INFO -     4 (22): 8 bytes
2022-01-06 09:13:17,066 - root - INFO -         1 ( 8): 143 8F
2022-01-06 09:13:17,066 - root - INFO -         2 (10): 167 A7
2022-01-06 09:13:17,066 - root - INFO -         3 (18): 34 22
2022-01-06 09:13:17,066 - root - INFO - Reading descriptor for parameter 29
2022-01-06 09:13:17,066 - root - INFO - Descriptor offset: 143, Descriptor length: 34
2022-01-06 09:13:17,067 - root - INFO - Parsing descriptor for parameter 29...
2022-01-06 09:13:17,067 - root - INFO - 1 ( A): 32 bytes
2022-01-06 09:13:17,067 - root - INFO -     3 (1A): 30 bytes
2022-01-06 09:13:17,067 - root - INFO -         1 ( A): 6 bytes
2022-01-06 09:13:17,067 - root - INFO -             1 ( 8): 153 99
2022-01-06 09:13:17,067 - root - INFO -             2 (10): 177 B1
2022-01-06 09:13:17,067 - root - INFO -         2 (12): 4 bytes
2022-01-06 09:13:17,067 - root - INFO -             1 ( 8): 31 1F
2022-01-06 09:13:17,067 - root - INFO -             2 (10): 104 68
2022-01-06 09:13:17,067 - root - INFO -         3 (1A): 14 bytes
2022-01-06 09:13:17,067 - root - INFO -             1 ( 8): 32 20
2022-01-06 09:13:17,068 - root - INFO -             2 (10): 126 7E
2022-01-06 09:13:17,068 - root - INFO -             4 (22): 8 bytes
2022-01-06 09:13:17,068 - root - INFO -                 1 ( 8): 143 8F
2022-01-06 09:13:17,068 - root - INFO -                 2 (10): 167 A7
2022-01-06 09:13:17,068 - root - INFO -                 3 (18): 34 22
2022-01-06 09:13:17,071 - root - INFO - Reading resources offsets table with 35 elements (140 bytes)
2022-01-06 09:13:17,071 - root - INFO - Resource 0 offset: 438, length: 101656...
2022-01-06 09:13:17,071 - root - DEBUG - Reading resource 0...
2022-01-06 09:13:17,110 - root - INFO - The image is bmc.
2022-01-06 09:13:17,110 - root - INFO - Reading image header(readHeader16C)...
2022-01-06 09:13:17,110 - root - INFO - Image header was read:
2022-01-06 09:13:17,110 - root - INFO - Width: 210, Height: 242, RowLength: 420
2022-01-06 09:13:17,110 - root - INFO - _step: 2, unknown2: 0,
2022-01-06 09:13:17,110 - root - INFO - BPP: 16, Transparency: False
2022-01-06 09:13:17,303 - root - INFO - Resource 1 offset: 102094, length: 218080...
2022-01-06 09:13:17,303 - root - DEBUG - Reading resource 1...
2022-01-06 09:13:17,304 - root - INFO - The image is bmc.
2022-01-06 09:13:17,304 - root - INFO - Reading image header(readHeader16C)...
2022-01-06 09:13:17,304 - root - INFO - Image header was read:
2022-01-06 09:13:17,304 - root - INFO - Width: 308, Height: 354, RowLength: 616
2022-01-06 09:13:17,304 - root - INFO - _step: 2, unknown2: 0,
2022-01-06 09:13:17,304 - root - INFO - BPP: 16, Transparency: False
2022-01-06 09:13:17,711 - root - INFO - Resource 2 offset: 320174, length: 784...
2022-01-06 09:13:17,711 - root - DEBUG - Reading resource 2...
2022-01-06 09:13:17,711 - root - INFO - The image is bmc.
2022-01-06 09:13:17,711 - root - INFO - Reading image header(readHeader16C)...
2022-01-06 09:13:17,711 - root - INFO - Image header was read:
2022-01-06 09:13:17,711 - root - INFO - Width: 16, Height: 16, RowLength: 48
2022-01-06 09:13:17,711 - root - INFO - _step: 3, unknown2: 0,
2022-01-06 09:13:17,711 - root - INFO - BPP: 24, Transparency: False
2022-01-06 09:13:17,712 - root - INFO - Resource 3 offset: 320958, length: 784...
2022-01-06 09:13:17,712 - root - DEBUG - Reading resource 3...
2022-01-06 09:13:17,712 - root - INFO - The image is bmc.
2022-01-06 09:13:17,713 - root - INFO - Reading image header(readHeader16C)...
2022-01-06 09:13:17,713 - root - INFO - Image header was read:
2022-01-06 09:13:17,713 - root - INFO - Width: 16, Height: 16, RowLength: 48
2022-01-06 09:13:17,713 - root - INFO - _step: 3, unknown2: 0,
2022-01-06 09:13:17,713 - root - INFO - BPP: 24, Transparency: False
2022-01-06 09:13:17,714 - root - INFO - Resource 4 offset: 321742, length: 784...
2022-01-06 09:13:17,714 - root - DEBUG - Reading resource 4...
2022-01-06 09:13:17,714 - root - INFO - The image is bmc.
2022-01-06 09:13:17,714 - root - INFO - Reading image header(readHeader16C)...
2022-01-06 09:13:17,714 - root - INFO - Image header was read:
2022-01-06 09:13:17,714 - root - INFO - Width: 16, Height: 16, RowLength: 48
2022-01-06 09:13:17,714 - root - INFO - _step: 3, unknown2: 0,
2022-01-06 09:13:17,714 - root - INFO - BPP: 24, Transparency: False
2022-01-06 09:13:17,715 - root - INFO - Resource 5 offset: 322526, length: 784...
2022-01-06 09:13:17,716 - root - DEBUG - Reading resource 5...
2022-01-06 09:13:17,716 - root - INFO - The image is bmc.
2022-01-06 09:13:17,716 - root - INFO - Reading image header(readHeader16C)...
2022-01-06 09:13:17,716 - root - INFO - Image header was read:
2022-01-06 09:13:17,716 - root - INFO - Width: 16, Height: 16, RowLength: 48
2022-01-06 09:13:17,716 - root - INFO - _step: 3, unknown2: 0,
2022-01-06 09:13:17,716 - root - INFO - BPP: 24, Transparency: False
2022-01-06 09:13:17,717 - root - INFO - Resource 6 offset: 323310, length: 784...
2022-01-06 09:13:17,717 - root - DEBUG - Reading resource 6...
2022-01-06 09:13:17,717 - root - INFO - The image is bmc.
2022-01-06 09:13:17,717 - root - INFO - Reading image header(readHeader16C)...
2022-01-06 09:13:17,717 - root - INFO - Image header was read:
2022-01-06 09:13:17,717 - root - INFO - Width: 16, Height: 16, RowLength: 48
2022-01-06 09:13:17,718 - root - INFO - _step: 3, unknown2: 0,
2022-01-06 09:13:17,718 - root - INFO - BPP: 24, Transparency: False
2022-01-06 09:13:17,719 - root - INFO - Resource 7 offset: 324094, length: 784...
2022-01-06 09:13:17,719 - root - DEBUG - Reading resource 7...
2022-01-06 09:13:17,719 - root - INFO - The image is bmc.
2022-01-06 09:13:17,719 - root - INFO - Reading image header(readHeader16C)...
2022-01-06 09:13:17,719 - root - INFO - Image header was read:
2022-01-06 09:13:17,719 - root - INFO - Width: 16, Height: 16, RowLength: 48
2022-01-06 09:13:17,719 - root - INFO - _step: 3, unknown2: 0,
2022-01-06 09:13:17,719 - root - INFO - BPP: 24, Transparency: False
2022-01-06 09:13:17,720 - root - INFO - Resource 8 offset: 324878, length: 784...
2022-01-06 09:13:17,720 - root - DEBUG - Reading resource 8...
2022-01-06 09:13:17,720 - root - INFO - The image is bmc.
2022-01-06 09:13:17,721 - root - INFO - Reading image header(readHeader16C)...
2022-01-06 09:13:17,721 - root - INFO - Image header was read:
2022-01-06 09:13:17,721 - root - INFO - Width: 16, Height: 16, RowLength: 48
2022-01-06 09:13:17,721 - root - INFO - _step: 3, unknown2: 0,
2022-01-06 09:13:17,721 - root - INFO - BPP: 24, Transparency: False
2022-01-06 09:13:17,722 - root - INFO - Resource 9 offset: 325662, length: 784...
2022-01-06 09:13:17,722 - root - DEBUG - Reading resource 9...
2022-01-06 09:13:17,722 - root - INFO - The image is bmc.
2022-01-06 09:13:17,722 - root - INFO - Reading image header(readHeader16C)...
2022-01-06 09:13:17,722 - root - INFO - Image header was read:
2022-01-06 09:13:17,722 - root - INFO - Width: 16, Height: 16, RowLength: 48
2022-01-06 09:13:17,722 - root - INFO - _step: 3, unknown2: 0,
2022-01-06 09:13:17,722 - root - INFO - BPP: 24, Transparency: False
2022-01-06 09:13:17,724 - root - INFO - Resource 10 offset: 326446, length: 784...
2022-01-06 09:13:17,724 - root - DEBUG - Reading resource 10...
2022-01-06 09:13:17,724 - root - INFO - The image is bmc.
2022-01-06 09:13:17,724 - root - INFO - Reading image header(readHeader16C)...
2022-01-06 09:13:17,724 - root - INFO - Image header was read:
2022-01-06 09:13:17,724 - root - INFO - Width: 16, Height: 16, RowLength: 48
2022-01-06 09:13:17,724 - root - INFO - _step: 3, unknown2: 0,
2022-01-06 09:13:17,724 - root - INFO - BPP: 24, Transparency: False
2022-01-06 09:13:17,725 - root - INFO - Resource 11 offset: 327230, length: 784...
2022-01-06 09:13:17,725 - root - DEBUG - Reading resource 11...
2022-01-06 09:13:17,725 - root - INFO - The image is bmc.
2022-01-06 09:13:17,725 - root - INFO - Reading image header(readHeader16C)...
2022-01-06 09:13:17,726 - root - INFO - Image header was read:
2022-01-06 09:13:17,726 - root - INFO - Width: 16, Height: 16, RowLength: 48
2022-01-06 09:13:17,726 - root - INFO - _step: 3, unknown2: 0,
2022-01-06 09:13:17,726 - root - INFO - BPP: 24, Transparency: False
2022-01-06 09:13:17,727 - root - INFO - Resource 12 offset: 328014, length: 2608...
2022-01-06 09:13:17,727 - root - DEBUG - Reading resource 12...
2022-01-06 09:13:17,727 - root - INFO - The image is bmc.
2022-01-06 09:13:17,727 - root - INFO - Reading image header(readHeader16C)...
2022-01-06 09:13:17,727 - root - INFO - Image header was read:
2022-01-06 09:13:17,727 - root - INFO - Width: 16, Height: 54, RowLength: 48
2022-01-06 09:13:17,727 - root - INFO - _step: 3, unknown2: 0,
2022-01-06 09:13:17,727 - root - INFO - BPP: 24, Transparency: False
2022-01-06 09:13:17,731 - root - INFO - Resource 13 offset: 330622, length: 2608...
2022-01-06 09:13:17,731 - root - DEBUG - Reading resource 13...
2022-01-06 09:13:17,731 - root - INFO - The image is bmc.
2022-01-06 09:13:17,731 - root - INFO - Reading image header(readHeader16C)...
2022-01-06 09:13:17,731 - root - INFO - Image header was read:
2022-01-06 09:13:17,731 - root - INFO - Width: 16, Height: 54, RowLength: 48
2022-01-06 09:13:17,731 - root - INFO - _step: 3, unknown2: 0,
2022-01-06 09:13:17,731 - root - INFO - BPP: 24, Transparency: False
2022-01-06 09:13:17,735 - root - INFO - Resource 14 offset: 333230, length: 2608...
2022-01-06 09:13:17,735 - root - DEBUG - Reading resource 14...
2022-01-06 09:13:17,735 - root - INFO - The image is bmc.
2022-01-06 09:13:17,735 - root - INFO - Reading image header(readHeader16C)...
2022-01-06 09:13:17,735 - root - INFO - Image header was read:
2022-01-06 09:13:17,735 - root - INFO - Width: 16, Height: 54, RowLength: 48
2022-01-06 09:13:17,735 - root - INFO - _step: 3, unknown2: 0,
2022-01-06 09:13:17,735 - root - INFO - BPP: 24, Transparency: False
2022-01-06 09:13:17,739 - root - INFO - Resource 15 offset: 335838, length: 2608...
2022-01-06 09:13:17,739 - root - DEBUG - Reading resource 15...
2022-01-06 09:13:17,739 - root - INFO - The image is bmc.
2022-01-06 09:13:17,739 - root - INFO - Reading image header(readHeader16C)...
2022-01-06 09:13:17,739 - root - INFO - Image header was read:
2022-01-06 09:13:17,739 - root - INFO - Width: 16, Height: 54, RowLength: 48
2022-01-06 09:13:17,739 - root - INFO - _step: 3, unknown2: 0,
2022-01-06 09:13:17,739 - root - INFO - BPP: 24, Transparency: False
2022-01-06 09:13:17,743 - root - INFO - Resource 16 offset: 338446, length: 2608...
2022-01-06 09:13:17,743 - root - DEBUG - Reading resource 16...
2022-01-06 09:13:17,743 - root - INFO - The image is bmc.
2022-01-06 09:13:17,743 - root - INFO - Reading image header(readHeader16C)...
2022-01-06 09:13:17,743 - root - INFO - Image header was read:
2022-01-06 09:13:17,743 - root - INFO - Width: 16, Height: 54, RowLength: 48
2022-01-06 09:13:17,743 - root - INFO - _step: 3, unknown2: 0,
2022-01-06 09:13:17,743 - root - INFO - BPP: 24, Transparency: False
2022-01-06 09:13:17,747 - root - INFO - Resource 17 offset: 341054, length: 2608...
2022-01-06 09:13:17,747 - root - DEBUG - Reading resource 17...
2022-01-06 09:13:17,747 - root - INFO - The image is bmc.
2022-01-06 09:13:17,747 - root - INFO - Reading image header(readHeader16C)...
2022-01-06 09:13:17,747 - root - INFO - Image header was read:
2022-01-06 09:13:17,747 - root - INFO - Width: 16, Height: 54, RowLength: 48
2022-01-06 09:13:17,747 - root - INFO - _step: 3, unknown2: 0,
2022-01-06 09:13:17,747 - root - INFO - BPP: 24, Transparency: False
2022-01-06 09:13:17,751 - root - INFO - Resource 18 offset: 343662, length: 2608...
2022-01-06 09:13:17,751 - root - DEBUG - Reading resource 18...
2022-01-06 09:13:17,751 - root - INFO - The image is bmc.
2022-01-06 09:13:17,751 - root - INFO - Reading image header(readHeader16C)...
2022-01-06 09:13:17,751 - root - INFO - Image header was read:
2022-01-06 09:13:17,751 - root - INFO - Width: 16, Height: 54, RowLength: 48
2022-01-06 09:13:17,751 - root - INFO - _step: 3, unknown2: 0,
2022-01-06 09:13:17,751 - root - INFO - BPP: 24, Transparency: False
2022-01-06 09:13:17,755 - root - INFO - Resource 19 offset: 346270, length: 2608...
2022-01-06 09:13:17,755 - root - DEBUG - Reading resource 19...
2022-01-06 09:13:17,755 - root - INFO - The image is bmc.
2022-01-06 09:13:17,755 - root - INFO - Reading image header(readHeader16C)...
2022-01-06 09:13:17,755 - root - INFO - Image header was read:
2022-01-06 09:13:17,755 - root - INFO - Width: 16, Height: 54, RowLength: 48
2022-01-06 09:13:17,755 - root - INFO - _step: 3, unknown2: 0,
2022-01-06 09:13:17,755 - root - INFO - BPP: 24, Transparency: False
2022-01-06 09:13:17,759 - root - INFO - Resource 20 offset: 348878, length: 2608...
2022-01-06 09:13:17,759 - root - DEBUG - Reading resource 20...
2022-01-06 09:13:17,759 - root - INFO - The image is bmc.
2022-01-06 09:13:17,759 - root - INFO - Reading image header(readHeader16C)...
2022-01-06 09:13:17,759 - root - INFO - Image header was read:
2022-01-06 09:13:17,759 - root - INFO - Width: 16, Height: 54, RowLength: 48
2022-01-06 09:13:17,759 - root - INFO - _step: 3, unknown2: 0,
2022-01-06 09:13:17,759 - root - INFO - BPP: 24, Transparency: False
2022-01-06 09:13:17,763 - root - INFO - Resource 21 offset: 351486, length: 2608...
2022-01-06 09:13:17,763 - root - DEBUG - Reading resource 21...
2022-01-06 09:13:17,763 - root - INFO - The image is bmc.
2022-01-06 09:13:17,763 - root - INFO - Reading image header(readHeader16C)...
2022-01-06 09:13:17,763 - root - INFO - Image header was read:
2022-01-06 09:13:17,763 - root - INFO - Width: 16, Height: 54, RowLength: 48
2022-01-06 09:13:17,763 - root - INFO - _step: 3, unknown2: 0,
2022-01-06 09:13:17,763 - root - INFO - BPP: 24, Transparency: False
2022-01-06 09:13:17,767 - root - INFO - Resource 22 offset: 354094, length: 2608...
2022-01-06 09:13:17,767 - root - DEBUG - Reading resource 22...
2022-01-06 09:13:17,767 - root - INFO - The image is bmc.
2022-01-06 09:13:17,767 - root - INFO - Reading image header(readHeader16C)...
2022-01-06 09:13:17,767 - root - INFO - Image header was read:
2022-01-06 09:13:17,767 - root - INFO - Width: 16, Height: 54, RowLength: 48
2022-01-06 09:13:17,767 - root - INFO - _step: 3, unknown2: 0,
2022-01-06 09:13:17,767 - root - INFO - BPP: 24, Transparency: False
2022-01-06 09:13:17,771 - root - INFO - Resource 23 offset: 356702, length: 2608...
2022-01-06 09:13:17,771 - root - DEBUG - Reading resource 23...
2022-01-06 09:13:17,771 - root - INFO - The image is bmc.
2022-01-06 09:13:17,771 - root - INFO - Reading image header(readHeader16C)...
2022-01-06 09:13:17,771 - root - INFO - Image header was read:
2022-01-06 09:13:17,771 - root - INFO - Width: 16, Height: 54, RowLength: 48
2022-01-06 09:13:17,771 - root - INFO - _step: 3, unknown2: 0,
2022-01-06 09:13:17,771 - root - INFO - BPP: 24, Transparency: False
2022-01-06 09:13:17,775 - root - INFO - Resource 24 offset: 359310, length: 2608...
2022-01-06 09:13:17,775 - root - DEBUG - Reading resource 24...
2022-01-06 09:13:17,775 - root - INFO - The image is bmc.
2022-01-06 09:13:17,775 - root - INFO - Reading image header(readHeader16C)...
2022-01-06 09:13:17,775 - root - INFO - Image header was read:
2022-01-06 09:13:17,775 - root - INFO - Width: 16, Height: 54, RowLength: 48
2022-01-06 09:13:17,775 - root - INFO - _step: 3, unknown2: 0,
2022-01-06 09:13:17,775 - root - INFO - BPP: 24, Transparency: False
2022-01-06 09:13:17,779 - root - INFO - Resource 25 offset: 361918, length: 2608...
2022-01-06 09:13:17,779 - root - DEBUG - Reading resource 25...
2022-01-06 09:13:17,779 - root - INFO - The image is bmc.
2022-01-06 09:13:17,779 - root - INFO - Reading image header(readHeader16C)...
2022-01-06 09:13:17,779 - root - INFO - Image header was read:
2022-01-06 09:13:17,779 - root - INFO - Width: 16, Height: 54, RowLength: 48
2022-01-06 09:13:17,779 - root - INFO - _step: 3, unknown2: 0,
2022-01-06 09:13:17,779 - root - INFO - BPP: 24, Transparency: False
2022-01-06 09:13:17,782 - root - INFO - Resource 26 offset: 364526, length: 2608...
2022-01-06 09:13:17,783 - root - DEBUG - Reading resource 26...
2022-01-06 09:13:17,783 - root - INFO - The image is bmc.
2022-01-06 09:13:17,783 - root - INFO - Reading image header(readHeader16C)...
2022-01-06 09:13:17,783 - root - INFO - Image header was read:
2022-01-06 09:13:17,783 - root - INFO - Width: 16, Height: 54, RowLength: 48
2022-01-06 09:13:17,783 - root - INFO - _step: 3, unknown2: 0,
2022-01-06 09:13:17,783 - root - INFO - BPP: 24, Transparency: False
2022-01-06 09:13:17,787 - root - INFO - Resource 27 offset: 367134, length: 2608...
2022-01-06 09:13:17,787 - root - DEBUG - Reading resource 27...
2022-01-06 09:13:17,787 - root - INFO - The image is bmc.
2022-01-06 09:13:17,787 - root - INFO - Reading image header(readHeader16C)...
2022-01-06 09:13:17,787 - root - INFO - Image header was read:
2022-01-06 09:13:17,787 - root - INFO - Width: 16, Height: 54, RowLength: 48
2022-01-06 09:13:17,787 - root - INFO - _step: 3, unknown2: 0,
2022-01-06 09:13:17,787 - root - INFO - BPP: 24, Transparency: False
2022-01-06 09:13:17,791 - root - INFO - Resource 28 offset: 369742, length: 2608...
2022-01-06 09:13:17,791 - root - DEBUG - Reading resource 28...
2022-01-06 09:13:17,791 - root - INFO - The image is bmc.
2022-01-06 09:13:17,791 - root - INFO - Reading image header(readHeader16C)...
2022-01-06 09:13:17,791 - root - INFO - Image header was read:
2022-01-06 09:13:17,791 - root - INFO - Width: 16, Height: 54, RowLength: 48
2022-01-06 09:13:17,791 - root - INFO - _step: 3, unknown2: 0,
2022-01-06 09:13:17,791 - root - INFO - BPP: 24, Transparency: False
2022-01-06 09:13:17,795 - root - INFO - Resource 29 offset: 372350, length: 2608...
2022-01-06 09:13:17,795 - root - DEBUG - Reading resource 29...
2022-01-06 09:13:17,795 - root - INFO - The image is bmc.
2022-01-06 09:13:17,795 - root - INFO - Reading image header(readHeader16C)...
2022-01-06 09:13:17,795 - root - INFO - Image header was read:
2022-01-06 09:13:17,795 - root - INFO - Width: 16, Height: 54, RowLength: 48
2022-01-06 09:13:17,795 - root - INFO - _step: 3, unknown2: 0,
2022-01-06 09:13:17,795 - root - INFO - BPP: 24, Transparency: False
2022-01-06 09:13:17,798 - root - INFO - Resource 30 offset: 374958, length: 2608...
2022-01-06 09:13:17,799 - root - DEBUG - Reading resource 30...
2022-01-06 09:13:17,799 - root - INFO - The image is bmc.
2022-01-06 09:13:17,799 - root - INFO - Reading image header(readHeader16C)...
2022-01-06 09:13:17,799 - root - INFO - Image header was read:
2022-01-06 09:13:17,799 - root - INFO - Width: 16, Height: 54, RowLength: 48
2022-01-06 09:13:17,799 - root - INFO - _step: 3, unknown2: 0,
2022-01-06 09:13:17,799 - root - INFO - BPP: 24, Transparency: False
2022-01-06 09:13:17,802 - root - INFO - Resource 31 offset: 377566, length: 5575...
2022-01-06 09:13:17,803 - root - DEBUG - Reading resource 31...
2022-01-06 09:13:17,803 - root - INFO - The image is bmc.
2022-01-06 09:13:17,803 - root - INFO - Reading image header(readHeader16C)...
2022-01-06 09:13:17,803 - root - INFO - Image header was read:
2022-01-06 09:13:17,803 - root - INFO - Width: 17, Height: 109, RowLength: 51
2022-01-06 09:13:17,803 - root - INFO - _step: 3, unknown2: 0,
2022-01-06 09:13:17,803 - root - INFO - BPP: 24, Transparency: False
2022-01-06 09:13:17,810 - root - INFO - Resource 32 offset: 383141, length: 4372...
2022-01-06 09:13:17,810 - root - DEBUG - Reading resource 32...
2022-01-06 09:13:17,811 - root - INFO - The image is bmc.
2022-01-06 09:13:17,811 - root - INFO - Reading image header(readHeader16C)...
2022-01-06 09:13:17,811 - root - INFO - Image header was read:
2022-01-06 09:13:17,811 - root - INFO - Width: 11, Height: 132, RowLength: 33
2022-01-06 09:13:17,811 - root - INFO - _step: 3, unknown2: 0,
2022-01-06 09:13:17,811 - root - INFO - BPP: 24, Transparency: False
2022-01-06 09:13:17,817 - root - INFO - Resource 33 offset: 387513, length: 4984...
2022-01-06 09:13:17,817 - root - DEBUG - Reading resource 33...
2022-01-06 09:13:17,817 - root - INFO - The image is bmc.
2022-01-06 09:13:17,817 - root - INFO - Reading image header(readHeader16C)...
2022-01-06 09:13:17,817 - root - INFO - Image header was read:
2022-01-06 09:13:17,817 - root - INFO - Width: 9, Height: 184, RowLength: 27
2022-01-06 09:13:17,817 - root - INFO - _step: 3, unknown2: 0,
2022-01-06 09:13:17,817 - root - INFO - BPP: 24, Transparency: False
2022-01-06 09:13:17,824 - root - INFO - Resource 34 offset: 392497, length: 1216...
2022-01-06 09:13:17,824 - root - DEBUG - Reading resource 34...
2022-01-06 09:13:17,824 - root - INFO - The image is bmc.
2022-01-06 09:13:17,824 - root - INFO - Reading image header(readHeader16C)...
2022-01-06 09:13:17,825 - root - INFO - Image header was read:
2022-01-06 09:13:17,825 - root - INFO - Width: 20, Height: 20, RowLength: 60
2022-01-06 09:13:17,825 - root - INFO - _step: 3, unknown2: 0,
2022-01-06 09:13:17,825 - root - INFO - BPP: 24, Transparency: False
2022-01-06 09:13:17,827 - root - DEBUG - Parsing parameters...
2022-01-06 09:13:17,889 - root - DEBUG - 0 Value: None
2022-01-06 09:13:17,890 - root - DEBUG - 0.1 Value: 73
2022-01-06 09:13:17,890 - root - DEBUG - 2 Value: None
2022-01-06 09:13:17,890 - root - DEBUG - 2.1 Value: None
2022-01-06 09:13:17,890 - root - DEBUG - 2.1.1 Value: 0
2022-01-06 09:13:17,890 - root - DEBUG - 2.1.2 Value: 0
2022-01-06 09:13:17,890 - root - DEBUG - 2.1.3 Value: 1
2022-01-06 09:13:17,890 - root - DEBUG - 2.3 Value: None
2022-01-06 09:13:17,890 - root - DEBUG - 2.3.1 Value: 0
2022-01-06 09:13:17,890 - root - DEBUG - 2.3.2 Value: 0
2022-01-06 09:13:17,890 - root - DEBUG - 2.3.3 Value: 0
2022-01-06 09:13:17,890 - root - DEBUG - 2.4 Value: None
2022-01-06 09:13:17,890 - root - DEBUG - 2.4.1 Value: 0
2022-01-06 09:13:17,890 - root - DEBUG - 2.4.2 Value: 0
2022-01-06 09:13:17,891 - root - DEBUG - 2.4.3 Value: 0
2022-01-06 09:13:17,891 - root - DEBUG - 2.5 Value: None
2022-01-06 09:13:17,891 - root - DEBUG - 2.5.1 Value: 0
2022-01-06 09:13:17,891 - root - DEBUG - 2.5.2 Value: 0
2022-01-06 09:13:17,891 - root - DEBUG - 2.5.3 Value: 0
2022-01-06 09:13:17,891 - root - DEBUG - 5 Value: None
2022-01-06 09:13:17,891 - root - DEBUG - 5.1 Value: None
2022-01-06 09:13:17,891 - root - DEBUG - 5.1.9 Value: None
2022-01-06 09:13:17,891 - root - DEBUG - 5.1.9.3 Value: None
2022-01-06 09:13:17,891 - root - DEBUG - 5.1.9.3.1 Value: 145
2022-01-06 09:13:17,891 - root - DEBUG - 5.1.9.3.2 Value: 296
2022-01-06 09:13:17,891 - root - DEBUG - 5.1.9.3.3 Value: 161
2022-01-06 09:13:17,891 - root - DEBUG - 5.1.9.3.4 Value: 328
2022-01-06 09:13:17,892 - root - DEBUG - 5.1.9.3.5 Value: 128
2022-01-06 09:13:17,892 - root - DEBUG - 5.1.9.3.6 Value: 0
2022-01-06 09:13:17,892 - root - DEBUG - 5.1.9.3.7 Value: 0
2022-01-06 09:13:17,892 - root - DEBUG - 5.1.9.3.8 Value: 2
2022-01-06 09:13:17,892 - root - DEBUG - 5.1.9.3.9 Value: 10
2022-01-06 09:13:17,892 - root - DEBUG - 5.1.9.4 Value: 0
2022-01-06 09:13:17,892 - root - DEBUG - 5.1.9.5 Value: 0
2022-01-06 09:13:17,892 - root - DEBUG - 5.1.9.6 Value: None
2022-01-06 09:13:17,892 - root - DEBUG - 5.1.9.6.1 Value: 145
2022-01-06 09:13:17,892 - root - DEBUG - 5.1.9.6.2 Value: 232
2022-01-06 09:13:17,892 - root - DEBUG - 5.1.9.6.3 Value: 12
2022-01-06 09:13:17,892 - root - DEBUG - 5.1.9.6.4 Value: 12
2022-01-06 09:13:17,892 - root - DEBUG - 5.1.9.7 Value: None
2022-01-06 09:13:17,893 - root - DEBUG - 5.1.9.7.1 Value: 145
2022-01-06 09:13:17,893 - root - DEBUG - 5.1.9.7.2 Value: 232
2022-01-06 09:13:17,893 - root - DEBUG - 5.1.9.7.3 Value: 12
2022-01-06 09:13:17,893 - root - DEBUG - 5.1.9.7.4 Value: 12
2022-01-06 09:13:17,893 - root - DEBUG - 5.1.4 Value: 1
2022-01-06 09:13:17,893 - root - DEBUG - 5.1.5 Value: 1
2022-01-06 09:13:17,893 - root - DEBUG - 5.1.6 Value: 0
2022-01-06 09:13:17,893 - root - DEBUG - 5.4 Value: None
2022-01-06 09:13:17,893 - root - DEBUG - 5.4.1 Value: 145
2022-01-06 09:13:17,893 - root - DEBUG - 5.4.2 Value: 33
2022-01-06 09:13:17,893 - root - DEBUG - 5.4.3 Value: 24
2022-01-06 09:13:17,893 - root - DEBUG - 5.4.4 Value: 7
2022-01-06 09:13:17,893 - root - DEBUG - 20 Value: None
2022-01-06 09:13:17,894 - root - DEBUG - 20.2 Value: None
2022-01-06 09:13:17,894 - root - DEBUG - 20.2.1 Value: 153
2022-01-06 09:13:17,894 - root - DEBUG - 20.2.2 Value: 177
2022-01-06 09:13:17,894 - root - DEBUG - 20.3 Value: None
2022-01-06 09:13:17,894 - root - DEBUG - 20.3.1 Value: 31
2022-01-06 09:13:17,894 - root - DEBUG - 20.3.2 Value: 104
2022-01-06 09:13:17,894 - root - DEBUG - 20.4 Value: None
2022-01-06 09:13:17,894 - root - DEBUG - 20.4.1 Value: 32
2022-01-06 09:13:17,894 - root - DEBUG - 20.4.2 Value: 126
2022-01-06 09:13:17,894 - root - DEBUG - 20.5 Value: None
2022-01-06 09:13:17,894 - root - DEBUG - 20.5.1 Value: 33
2022-01-06 09:13:17,894 - root - DEBUG - 20.5.2 Value: 138
2022-01-06 09:13:17,894 - root - DEBUG - 20.5.4 Value: None
2022-01-06 09:13:17,895 - root - DEBUG - 20.5.4.1 Value: 143
2022-01-06 09:13:17,895 - root - DEBUG - 20.5.4.2 Value: 167
2022-01-06 09:13:17,895 - root - DEBUG - 20.5.4.3 Value: 34
2022-01-06 09:13:17,895 - root - DEBUG - 29 Value: None
2022-01-06 09:13:17,895 - root - DEBUG - 29.1 Value: None
2022-01-06 09:13:17,895 - root - DEBUG - 29.1.3 Value: None
2022-01-06 09:13:17,895 - root - DEBUG - 29.1.3.1 Value: None
2022-01-06 09:13:17,895 - root - DEBUG - 29.1.3.1.1 Value: 153
2022-01-06 09:13:17,895 - root - DEBUG - 29.1.3.1.2 Value: 177
2022-01-06 09:13:17,895 - root - DEBUG - 29.1.3.2 Value: None
2022-01-06 09:13:17,895 - root - DEBUG - 29.1.3.2.1 Value: 31
2022-01-06 09:13:17,895 - root - DEBUG - 29.1.3.2.2 Value: 104
2022-01-06 09:13:17,895 - root - DEBUG - 29.1.3.3 Value: None
2022-01-06 09:13:17,896 - root - DEBUG - 29.1.3.3.1 Value: 32
2022-01-06 09:13:17,896 - root - DEBUG - 29.1.3.3.2 Value: 126
2022-01-06 09:13:17,896 - root - DEBUG - 29.1.3.3.4 Value: None
2022-01-06 09:13:17,896 - root - DEBUG - 29.1.3.3.4.1 Value: 143
2022-01-06 09:13:17,896 - root - DEBUG - 29.1.3.3.4.2 Value: 167
2022-01-06 09:13:17,896 - root - DEBUG - 29.1.3.3.4.3 Value: 34
2022-01-06 09:13:17,896 - root - DEBUG - 0-Info
2022-01-06 09:13:17,896 - root - DEBUG - 0.1-DeviceId
2022-01-06 09:13:17,896 - root - DEBUG - 2-Background
2022-01-06 09:13:17,896 - root - DEBUG - 2.1-Image
2022-01-06 09:13:17,896 - root - DEBUG - 2.1.1-X
2022-01-06 09:13:17,897 - root - DEBUG - 2.1.2-Y
2022-01-06 09:13:17,897 - root - DEBUG - 2.1.3-ImageIndex
2022-01-06 09:13:17,897 - root - DEBUG - 2.3-Preview
2022-01-06 09:13:17,897 - root - DEBUG - 2.3.1-X
2022-01-06 09:13:17,897 - root - DEBUG - 2.3.2-Y
2022-01-06 09:13:17,897 - root - DEBUG - 2.3.3-ImageIndex
2022-01-06 09:13:17,897 - root - DEBUG - 2.4-PreviewTradChinese
2022-01-06 09:13:17,897 - root - DEBUG - 2.4.1-X
2022-01-06 09:13:17,897 - root - DEBUG - 2.4.2-Y
2022-01-06 09:13:17,898 - root - DEBUG - 2.4.3-ImageIndex
2022-01-06 09:13:17,898 - root - DEBUG - 2.5-PreviewChinese
2022-01-06 09:13:17,898 - root - DEBUG - 2.5.1-X
2022-01-06 09:13:17,898 - root - DEBUG - 2.5.2-Y
2022-01-06 09:13:17,898 - root - DEBUG - 2.5.3-ImageIndex
2022-01-06 09:13:17,898 - root - DEBUG - 5-DateBlock
2022-01-06 09:13:17,898 - root - DEBUG - 5.1-Date
2022-01-06 09:13:17,898 - root - DEBUG - 5.1.9-YearMonthAndDay
2022-01-06 09:13:17,898 - root - DEBUG - 5.1.9.3-Day
2022-01-06 09:13:17,899 - root - DEBUG - 5.1.9.3.1-TopLeftX
2022-01-06 09:13:17,899 - root - DEBUG - 5.1.9.3.2-TopLeftY
2022-01-06 09:13:17,899 - root - DEBUG - 5.1.9.3.3-BottomRightX
2022-01-06 09:13:17,899 - root - DEBUG - 5.1.9.3.4-BottomRightY
2022-01-06 09:13:17,899 - root - DEBUG - 5.1.9.3.5-Alignment
2022-01-06 09:13:17,899 - root - DEBUG - 5.1.9.3.6-Spacing
2022-01-06 09:13:17,899 - root - DEBUG - 5.1.9.3.7-VerticalOffset
2022-01-06 09:13:17,899 - root - DEBUG - 5.1.9.3.8-ImageIndex
2022-01-06 09:13:17,900 - root - DEBUG - 5.1.9.3.9-ImagesCount
2022-01-06 09:13:17,900 - root - DEBUG - 5.1.9.4-MonthFollowsYear
2022-01-06 09:13:17,900 - root - DEBUG - 5.1.9.5-DayFollowsMonth
2022-01-06 09:13:17,900 - root - DEBUG - 5.1.9.6-MonthAsWord
2022-01-06 09:13:17,900 - root - DEBUG - 5.1.9.6.1-X
2022-01-06 09:13:17,900 - root - DEBUG - 5.1.9.6.2-Y
2022-01-06 09:13:17,900 - root - DEBUG - 5.1.9.6.3-ImageIndex
2022-01-06 09:13:17,900 - root - DEBUG - 5.1.9.6.4-ImagesCount
2022-01-06 09:13:17,901 - root - DEBUG - 5.1.9.7-MonthAsWordChinese
2022-01-06 09:13:17,901 - root - DEBUG - 5.1.9.7.1-X
2022-01-06 09:13:17,901 - root - DEBUG - 5.1.9.7.2-Y
2022-01-06 09:13:17,901 - root - DEBUG - 5.1.9.7.3-ImageIndex
2022-01-06 09:13:17,901 - root - DEBUG - 5.1.9.7.4-ImagesCount
2022-01-06 09:13:17,901 - root - DEBUG - 5.1.4-PaddingZeroMonth
2022-01-06 09:13:17,901 - root - DEBUG - 5.1.5-PaddingZeroDay
2022-01-06 09:13:17,901 - root - DEBUG - 5.1.6-UnknownBoolean6
2022-01-06 09:13:17,902 - root - DEBUG - 5.4-Weekday
2022-01-06 09:13:17,902 - root - DEBUG - 5.4.1-X
2022-01-06 09:13:17,902 - root - DEBUG - 5.4.2-Y
2022-01-06 09:13:17,902 - root - DEBUG - 5.4.3-ImageIndex
2022-01-06 09:13:17,902 - root - DEBUG - 5.4.4-ImagesCount
2022-01-06 09:13:17,902 - root - DEBUG - 20-TimeAnalog
2022-01-06 09:13:17,902 - root - DEBUG - 20.2-CommonCenterCoordinates
2022-01-06 09:13:17,902 - root - DEBUG - 20.2.1-X
2022-01-06 09:13:17,902 - root - DEBUG - 20.2.2-Y
2022-01-06 09:13:17,902 - root - DEBUG - 20.3-Hours
2022-01-06 09:13:17,903 - root - DEBUG - 20.3.1-ImageIndex
2022-01-06 09:13:17,903 - root - DEBUG - 20.3.2-PointerCenterOfRotationY
2022-01-06 09:13:17,903 - root - DEBUG - 20.4-Minutes
2022-01-06 09:13:17,903 - root - DEBUG - 20.4.1-ImageIndex
2022-01-06 09:13:17,903 - root - DEBUG - 20.4.2-PointerCenterOfRotationY
2022-01-06 09:13:17,903 - root - DEBUG - 20.5-Seconds
2022-01-06 09:13:17,903 - root - DEBUG - 20.5.1-ImageIndex
2022-01-06 09:13:17,903 - root - DEBUG - 20.5.2-PointerCenterOfRotationY
2022-01-06 09:13:17,903 - root - DEBUG - 20.5.4-CoverImage
2022-01-06 09:13:17,904 - root - DEBUG - 20.5.4.1-X
2022-01-06 09:13:17,904 - root - DEBUG - 20.5.4.2-Y
2022-01-06 09:13:17,904 - root - DEBUG - 20.5.4.3-ImageIndex
2022-01-06 09:13:17,904 - root - DEBUG - 29-AlwaysOnDisplay
2022-01-06 09:13:17,904 - root - DEBUG - 29.1-TimeExtended
2022-01-06 09:13:17,904 - root - DEBUG - 29.1.3-TimeAnalog
2022-01-06 09:13:17,904 - root - DEBUG - 29.1.3.1-CommonCenterCoordinates
2022-01-06 09:13:17,904 - root - DEBUG - 29.1.3.1.1-X
2022-01-06 09:13:17,904 - root - DEBUG - 29.1.3.1.2-Y
2022-01-06 09:13:17,904 - root - DEBUG - 29.1.3.2-Hours
2022-01-06 09:13:17,905 - root - DEBUG - 29.1.3.2.1-ImageIndex
2022-01-06 09:13:17,905 - root - DEBUG - 29.1.3.2.2-PointerCenterOfRotationY
2022-01-06 09:13:17,905 - root - DEBUG - 29.1.3.3-Minutes
2022-01-06 09:13:17,905 - root - DEBUG - 29.1.3.3.1-ImageIndex
2022-01-06 09:13:17,905 - root - DEBUG - 29.1.3.3.2-PointerCenterOfRotationY
2022-01-06 09:13:17,905 - root - DEBUG - 29.1.3.3.4-CoverImage
2022-01-06 09:13:17,905 - root - DEBUG - 29.1.3.3.4.1-X
2022-01-06 09:13:17,905 - root - DEBUG - 29.1.3.3.4.2-Y
2022-01-06 09:13:17,906 - root - DEBUG - 29.1.3.3.4.3-ImageIndex
2022-01-06 09:13:17,906 - root - DEBUG - generatePreviews
2022-01-06 09:13:17,906 - root - DEBUG - Generating previews...
2022-01-06 09:13:17,909 - root - DEBUG - Generating states done...
2022-01-06 09:13:17,915 - root - DEBUG - >>>>>>>>>>>> 0 <watchFaceParser.models.parameter.Parameter object at 0x000001E8E0B9E088>
2022-01-06 09:13:17,915 - root - DEBUG - >>>>>>>>>>>> 2 <watchFaceParser.models.parameter.Parameter object at 0x000001E8E0B929C8>
2022-01-06 09:13:17,920 - root - DEBUG - >>>>>>>>>>>> 5 <watchFaceParser.models.parameter.Parameter object at 0x000001E8E0B9E888>
2022-01-06 09:13:17,929 - root - DEBUG - >>>>>>>>>>>> 20 <watchFaceParser.models.parameter.Parameter object at 0x000001E8E0B9EC48>
2022-01-06 09:13:17,935 - root - DEBUG - >>>>>>>>>>>> 29 <watchFaceParser.models.parameter.Parameter object at 0x000001E8E0B9EF88>
2022-01-06 09:13:17,979 - root - DEBUG - Generating static preview gen done...
2022-01-06 09:13:18,049 - root - DEBUG - Generating static preview save done...
2022-01-06 09:13:18,049 - root - DEBUG - Generating anim preview gen done...
2022-01-06 09:13:18,050 - root - DEBUG - >>>>>>>>>>>> 0 <watchFaceParser.models.parameter.Parameter object at 0x000001E8E0B9E088>
2022-01-06 09:13:18,050 - root - DEBUG - >>>>>>>>>>>> 2 <watchFaceParser.models.parameter.Parameter object at 0x000001E8E0B929C8>
2022-01-06 09:13:18,050 - root - DEBUG - >>>>>>>>>>>> 5 <watchFaceParser.models.parameter.Parameter object at 0x000001E8E0B9E888>
2022-01-06 09:13:18,050 - root - DEBUG - >>>>>>>>>>>> 20 <watchFaceParser.models.parameter.Parameter object at 0x000001E8E0B9EC48>
2022-01-06 09:13:18,050 - root - DEBUG - >>>>>>>>>>>> 29 <watchFaceParser.models.parameter.Parameter object at 0x000001E8E0B9EF88>
2022-01-06 09:13:18,603 - root - DEBUG - generatePreviews done
2022-01-06 09:13:18,603 - root - DEBUG - Exporting resources to 'E:\Codez\zepp-gts2mini-wf\531199d7cab489d94fdec39e0b6e5b6a'
2022-01-06 09:13:18,606 - root - DEBUG - extracting E:\Codez\zepp-gts2mini-wf\531199d7cab489d94fdec39e0b6e5b6a\0000.png...
2022-01-06 09:13:18,617 - root - DEBUG - extracting E:\Codez\zepp-gts2mini-wf\531199d7cab489d94fdec39e0b6e5b6a\0001.png...
2022-01-06 09:13:18,638 - root - DEBUG - extracting E:\Codez\zepp-gts2mini-wf\531199d7cab489d94fdec39e0b6e5b6a\0002.png...
2022-01-06 09:13:18,639 - root - DEBUG - extracting E:\Codez\zepp-gts2mini-wf\531199d7cab489d94fdec39e0b6e5b6a\0003.png...
2022-01-06 09:13:18,639 - root - DEBUG - extracting E:\Codez\zepp-gts2mini-wf\531199d7cab489d94fdec39e0b6e5b6a\0004.png...
2022-01-06 09:13:18,640 - root - DEBUG - extracting E:\Codez\zepp-gts2mini-wf\531199d7cab489d94fdec39e0b6e5b6a\0005.png...
2022-01-06 09:13:18,640 - root - DEBUG - extracting E:\Codez\zepp-gts2mini-wf\531199d7cab489d94fdec39e0b6e5b6a\0006.png...
2022-01-06 09:13:18,641 - root - DEBUG - extracting E:\Codez\zepp-gts2mini-wf\531199d7cab489d94fdec39e0b6e5b6a\0007.png...
2022-01-06 09:13:18,642 - root - DEBUG - extracting E:\Codez\zepp-gts2mini-wf\531199d7cab489d94fdec39e0b6e5b6a\0008.png...
2022-01-06 09:13:18,642 - root - DEBUG - extracting E:\Codez\zepp-gts2mini-wf\531199d7cab489d94fdec39e0b6e5b6a\0009.png...
2022-01-06 09:13:18,643 - root - DEBUG - extracting E:\Codez\zepp-gts2mini-wf\531199d7cab489d94fdec39e0b6e5b6a\0010.png...
2022-01-06 09:13:18,644 - root - DEBUG - extracting E:\Codez\zepp-gts2mini-wf\531199d7cab489d94fdec39e0b6e5b6a\0011.png...
2022-01-06 09:13:18,644 - root - DEBUG - extracting E:\Codez\zepp-gts2mini-wf\531199d7cab489d94fdec39e0b6e5b6a\0012.png...
2022-01-06 09:13:18,645 - root - DEBUG - extracting E:\Codez\zepp-gts2mini-wf\531199d7cab489d94fdec39e0b6e5b6a\0013.png...
2022-01-06 09:13:18,646 - root - DEBUG - extracting E:\Codez\zepp-gts2mini-wf\531199d7cab489d94fdec39e0b6e5b6a\0014.png...
2022-01-06 09:13:18,646 - root - DEBUG - extracting E:\Codez\zepp-gts2mini-wf\531199d7cab489d94fdec39e0b6e5b6a\0015.png...
2022-01-06 09:13:18,647 - root - DEBUG - extracting E:\Codez\zepp-gts2mini-wf\531199d7cab489d94fdec39e0b6e5b6a\0016.png...
2022-01-06 09:13:18,648 - root - DEBUG - extracting E:\Codez\zepp-gts2mini-wf\531199d7cab489d94fdec39e0b6e5b6a\0017.png...
2022-01-06 09:13:18,649 - root - DEBUG - extracting E:\Codez\zepp-gts2mini-wf\531199d7cab489d94fdec39e0b6e5b6a\0018.png...
2022-01-06 09:13:18,649 - root - DEBUG - extracting E:\Codez\zepp-gts2mini-wf\531199d7cab489d94fdec39e0b6e5b6a\0019.png...
2022-01-06 09:13:18,650 - root - DEBUG - extracting E:\Codez\zepp-gts2mini-wf\531199d7cab489d94fdec39e0b6e5b6a\0020.png...
2022-01-06 09:13:18,651 - root - DEBUG - extracting E:\Codez\zepp-gts2mini-wf\531199d7cab489d94fdec39e0b6e5b6a\0021.png...
2022-01-06 09:13:18,651 - root - DEBUG - extracting E:\Codez\zepp-gts2mini-wf\531199d7cab489d94fdec39e0b6e5b6a\0022.png...
2022-01-06 09:13:18,652 - root - DEBUG - extracting E:\Codez\zepp-gts2mini-wf\531199d7cab489d94fdec39e0b6e5b6a\0023.png...
2022-01-06 09:13:18,653 - root - DEBUG - extracting E:\Codez\zepp-gts2mini-wf\531199d7cab489d94fdec39e0b6e5b6a\0024.png...
2022-01-06 09:13:18,654 - root - DEBUG - extracting E:\Codez\zepp-gts2mini-wf\531199d7cab489d94fdec39e0b6e5b6a\0025.png...
2022-01-06 09:13:18,654 - root - DEBUG - extracting E:\Codez\zepp-gts2mini-wf\531199d7cab489d94fdec39e0b6e5b6a\0026.png...
2022-01-06 09:13:18,655 - root - DEBUG - extracting E:\Codez\zepp-gts2mini-wf\531199d7cab489d94fdec39e0b6e5b6a\0027.png...
2022-01-06 09:13:18,656 - root - DEBUG - extracting E:\Codez\zepp-gts2mini-wf\531199d7cab489d94fdec39e0b6e5b6a\0028.png...
2022-01-06 09:13:18,656 - root - DEBUG - extracting E:\Codez\zepp-gts2mini-wf\531199d7cab489d94fdec39e0b6e5b6a\0029.png...
2022-01-06 09:13:18,657 - root - DEBUG - extracting E:\Codez\zepp-gts2mini-wf\531199d7cab489d94fdec39e0b6e5b6a\0030.png...
2022-01-06 09:13:18,658 - root - DEBUG - extracting E:\Codez\zepp-gts2mini-wf\531199d7cab489d94fdec39e0b6e5b6a\0031.png...
2022-01-06 09:13:18,659 - root - DEBUG - extracting E:\Codez\zepp-gts2mini-wf\531199d7cab489d94fdec39e0b6e5b6a\0032.png...
2022-01-06 09:13:18,660 - root - DEBUG - extracting E:\Codez\zepp-gts2mini-wf\531199d7cab489d94fdec39e0b6e5b6a\0033.png...
2022-01-06 09:13:18,660 - root - DEBUG - extracting E:\Codez\zepp-gts2mini-wf\531199d7cab489d94fdec39e0b6e5b6a\0034.png...
2022-01-06 09:13:18,661 - root - DEBUG - Exporting config...
2022-01-06 09:13:18,661 - root - CRITICAL - 128
Traceback (most recent call last):
  File "E:\Codez\py_amazfit_tools\program.py", line 270, in exportWatchFaceConfig
    fileStream.write(json.dumps(watchFace, default=dumper, indent = 2))
  File "C:\Users\julie\AppData\Local\Programs\Python\Python37\lib\json\__init__.py", line 238, in dumps
    **kw).encode(obj)
  File "C:\Users\julie\AppData\Local\Programs\Python\Python37\lib\json\encoder.py", line 201, in encode
    chunks = list(chunks)
  File "C:\Users\julie\AppData\Local\Programs\Python\Python37\lib\json\encoder.py", line 439, in _iterencode
    yield from _iterencode(o, _current_indent_level)
  File "C:\Users\julie\AppData\Local\Programs\Python\Python37\lib\json\encoder.py", line 431, in _iterencode
    yield from _iterencode_dict(o, _current_indent_level)
  File "C:\Users\julie\AppData\Local\Programs\Python\Python37\lib\json\encoder.py", line 405, in _iterencode_dict
    yield from chunks
  File "C:\Users\julie\AppData\Local\Programs\Python\Python37\lib\json\encoder.py", line 439, in _iterencode
    yield from _iterencode(o, _current_indent_level)
  File "C:\Users\julie\AppData\Local\Programs\Python\Python37\lib\json\encoder.py", line 431, in _iterencode
    yield from _iterencode_dict(o, _current_indent_level)
  File "C:\Users\julie\AppData\Local\Programs\Python\Python37\lib\json\encoder.py", line 405, in _iterencode_dict
    yield from chunks
  File "C:\Users\julie\AppData\Local\Programs\Python\Python37\lib\json\encoder.py", line 439, in _iterencode
    yield from _iterencode(o, _current_indent_level)
  File "C:\Users\julie\AppData\Local\Programs\Python\Python37\lib\json\encoder.py", line 431, in _iterencode
    yield from _iterencode_dict(o, _current_indent_level)
  File "C:\Users\julie\AppData\Local\Programs\Python\Python37\lib\json\encoder.py", line 405, in _iterencode_dict
    yield from chunks
  File "C:\Users\julie\AppData\Local\Programs\Python\Python37\lib\json\encoder.py", line 439, in _iterencode
    yield from _iterencode(o, _current_indent_level)
  File "C:\Users\julie\AppData\Local\Programs\Python\Python37\lib\json\encoder.py", line 431, in _iterencode
    yield from _iterencode_dict(o, _current_indent_level)
  File "C:\Users\julie\AppData\Local\Programs\Python\Python37\lib\json\encoder.py", line 405, in _iterencode_dict
    yield from chunks
  File "C:\Users\julie\AppData\Local\Programs\Python\Python37\lib\json\encoder.py", line 439, in _iterencode
    yield from _iterencode(o, _current_indent_level)
  File "C:\Users\julie\AppData\Local\Programs\Python\Python37\lib\json\encoder.py", line 431, in _iterencode
    yield from _iterencode_dict(o, _current_indent_level)
  File "C:\Users\julie\AppData\Local\Programs\Python\Python37\lib\json\encoder.py", line 405, in _iterencode_dict
    yield from chunks
  File "C:\Users\julie\AppData\Local\Programs\Python\Python37\lib\json\encoder.py", line 438, in _iterencode
    o = _default(o)
  File "E:\Codez\py_amazfit_tools\program.py", line 20, in dumper
    return obj.toJSON()
  File "E:\Codez\py_amazfit_tools\watchFaceParser\models\textAlignment.py", line 52, in toJSON
    return TextAlignment.Converter[self._flag]
KeyError: 128
