2022-01-06 09:14:02,049 - root - DEBUG - Opening watch face 'E:\Codez\zepp-gts2mini-wf\9a176bd9b22f22168e70acf83416d751.bin'
2022-01-06 09:14:02,061 - root - DEBUG - Reading parameters...
2022-01-06 09:14:02,061 - root - INFO - Reading header...
2022-01-06 09:14:02,063 - root - INFO - Header was read:
2022-01-06 09:14:02,063 - root - INFO - Signature: b'UIHH\x01\x00\xff', Unknown: 141, ParametersSize: 35, isValid: True, deviceId: 73
2022-01-06 09:14:02,063 - root - INFO - Reading parameter offsets...
2022-01-06 09:14:02,063 - root - INFO - Parameter offsets were read from file
2022-01-06 09:14:02,063 - root - INFO - Reading parameters descriptor...
2022-01-06 09:14:02,063 - root - INFO - 1 ( A): 5 bytes
2022-01-06 09:14:02,063 - root - INFO -     1 ( 8): 376 178
2022-01-06 09:14:02,063 - root - INFO -     2 (10): 82 52
2022-01-06 09:14:02,063 - root - INFO - getParameters descriptor was read:
2022-01-06 09:14:02,063 - root - INFO - ParametersTableLength: 376, ImagesCount: 82
2022-01-06 09:14:02,063 - root - INFO - Reading parameters locations...
2022-01-06 09:14:02,064 - root - INFO - 2 (12): 4 bytes
2022-01-06 09:14:02,064 - root - INFO -     1 ( 8): 0  0
2022-01-06 09:14:02,064 - root - INFO -     2 (10): 94 5E
2022-01-06 09:14:02,064 - root - INFO - 3 (1A): 4 bytes
2022-01-06 09:14:02,064 - root - INFO -     1 ( 8): 94 5E
2022-01-06 09:14:02,064 - root - INFO -     2 (10): 54 36
2022-01-06 09:14:02,064 - root - INFO - 5 (2A): 5 bytes
2022-01-06 09:14:02,064 - root - INFO -     1 ( 8): 148 94
2022-01-06 09:14:02,064 - root - INFO -     2 (10): 87 57
2022-01-06 09:14:02,064 - root - INFO - 29 (EA): 6 bytes
2022-01-06 09:14:02,064 - root - INFO -     1 ( 8): 235 EB
2022-01-06 09:14:02,065 - root - INFO -     2 (10): 141 8D
2022-01-06 09:14:02,065 - root - INFO - Watch face parameters locations were read:
2022-01-06 09:14:02,066 - root - INFO - Reading descriptor for parameter 2
2022-01-06 09:14:02,066 - root - INFO - Descriptor offset: 0, Descriptor length: 94
2022-01-06 09:14:02,066 - root - INFO - Parsing descriptor for parameter 2...
2022-01-06 09:14:02,066 - root - INFO - 1 ( A): 6 bytes
2022-01-06 09:14:02,066 - root - INFO -     1 ( 8): 0  0
2022-01-06 09:14:02,066 - root - INFO -     2 (10): 0  0
2022-01-06 09:14:02,066 - root - INFO -     3 (18): 0  0
2022-01-06 09:14:02,067 - root - INFO - 7 (3A): 6 bytes
2022-01-06 09:14:02,067 - root - INFO -     1 ( 8): 0  0
2022-01-06 09:14:02,067 - root - INFO -     2 (10): 0  0
2022-01-06 09:14:02,067 - root - INFO -     3 (18): 10  A
2022-01-06 09:14:02,067 - root - INFO - 8 (42): 24 bytes
2022-01-06 09:14:02,067 - root - INFO -     1 ( 8): 4  4
2022-01-06 09:14:02,067 - root - INFO -     2 (12): 5 bytes
2022-01-06 09:14:02,067 - root - INFO -         1 ( 8): 165 A5
2022-01-06 09:14:02,067 - root - INFO -         2 (10): 13  D
2022-01-06 09:14:02,067 - root - INFO -     2 (12): 6 bytes
2022-01-06 09:14:02,067 - root - INFO -         1 ( 8): 144 90
2022-01-06 09:14:02,068 - root - INFO -         2 (10): 136 88
2022-01-06 09:14:02,068 - root - INFO -     2 (12): 5 bytes
2022-01-06 09:14:02,068 - root - INFO -         1 ( 8): 130 82
2022-01-06 09:14:02,068 - root - INFO -         2 (10): 33 21
2022-01-06 09:14:02,068 - root - INFO - 9 (4A): 24 bytes
2022-01-06 09:14:02,068 - root - INFO -     1 ( 8): 1  1
2022-01-06 09:14:02,068 - root - INFO -     2 (12): 5 bytes
2022-01-06 09:14:02,068 - root - INFO -         1 ( 8): 165 A5
2022-01-06 09:14:02,068 - root - INFO -         2 (10): 13  D
2022-01-06 09:14:02,068 - root - INFO -     2 (12): 6 bytes
2022-01-06 09:14:02,068 - root - INFO -         1 ( 8): 144 90
2022-01-06 09:14:02,069 - root - INFO -         2 (10): 136 88
2022-01-06 09:14:02,069 - root - INFO -     2 (12): 5 bytes
2022-01-06 09:14:02,069 - root - INFO -         1 ( 8): 130 82
2022-01-06 09:14:02,069 - root - INFO -         2 (10): 33 21
2022-01-06 09:14:02,069 - root - INFO - 10 (52): 24 bytes
2022-01-06 09:14:02,069 - root - INFO -     1 ( 8): 7  7
2022-01-06 09:14:02,069 - root - INFO -     2 (12): 5 bytes
2022-01-06 09:14:02,070 - root - INFO -         1 ( 8): 165 A5
2022-01-06 09:14:02,070 - root - INFO -         2 (10): 13  D
2022-01-06 09:14:02,070 - root - INFO -     2 (12): 6 bytes
2022-01-06 09:14:02,070 - root - INFO -         1 ( 8): 150 96
2022-01-06 09:14:02,070 - root - INFO -         2 (10): 136 88
2022-01-06 09:14:02,070 - root - INFO -     2 (12): 5 bytes
2022-01-06 09:14:02,070 - root - INFO -         1 ( 8): 130 82
2022-01-06 09:14:02,070 - root - INFO -         2 (10): 33 21
2022-01-06 09:14:02,071 - root - INFO - Reading descriptor for parameter 3
2022-01-06 09:14:02,071 - root - INFO - Descriptor offset: 94, Descriptor length: 54
2022-01-06 09:14:02,071 - root - INFO - Parsing descriptor for parameter 3...
2022-01-06 09:14:02,071 - root - INFO - 1 ( A): 52 bytes
2022-01-06 09:14:02,072 - root - INFO -     1 ( A): 22 bytes
2022-01-06 09:14:02,072 - root - INFO -         1 ( A): 9 bytes
2022-01-06 09:14:02,072 - root - INFO -             1 ( 8): 198 C6
2022-01-06 09:14:02,072 - root - INFO -             2 (10): 51 33
2022-01-06 09:14:02,072 - root - INFO -             3 (18): 11  B
2022-01-06 09:14:02,072 - root - INFO -             4 (20): 10  A
2022-01-06 09:14:02,072 - root - INFO -         2 (12): 9 bytes
2022-01-06 09:14:02,072 - root - INFO -             1 ( 8): 241 F1
2022-01-06 09:14:02,072 - root - INFO -             2 (10): 51 33
2022-01-06 09:14:02,072 - root - INFO -             3 (18): 11  B
2022-01-06 09:14:02,073 - root - INFO -             4 (20): 10  A
2022-01-06 09:14:02,073 - root - INFO -     2 (12): 22 bytes
2022-01-06 09:14:02,073 - root - INFO -         1 ( A): 9 bytes
2022-01-06 09:14:02,073 - root - INFO -             1 ( 8): 198 C6
2022-01-06 09:14:02,073 - root - INFO -             2 (10): 126 7E
2022-01-06 09:14:02,073 - root - INFO -             3 (18): 11  B
2022-01-06 09:14:02,073 - root - INFO -             4 (20): 10  A
2022-01-06 09:14:02,073 - root - INFO -         2 (12): 9 bytes
2022-01-06 09:14:02,073 - root - INFO -             1 ( 8): 241 F1
2022-01-06 09:14:02,073 - root - INFO -             2 (10): 126 7E
2022-01-06 09:14:02,073 - root - INFO -             3 (18): 11  B
2022-01-06 09:14:02,074 - root - INFO -             4 (20): 10  A
2022-01-06 09:14:02,074 - root - INFO -     7 (38): 0  0
2022-01-06 09:14:02,074 - root - INFO -     8 (40): 1  1
2022-01-06 09:14:02,074 - root - INFO - Reading descriptor for parameter 5
2022-01-06 09:14:02,074 - root - INFO - Descriptor offset: 148, Descriptor length: 87
2022-01-06 09:14:02,075 - root - INFO - Parsing descriptor for parameter 5...
2022-01-06 09:14:02,075 - root - INFO - 1 ( A): 34 bytes
2022-01-06 09:14:02,075 - root - INFO -     2 (12): 26 bytes
2022-01-06 09:14:02,075 - root - INFO -         1 ( A): 22 bytes
2022-01-06 09:14:02,075 - root - INFO -             1 ( 8): 221 DD
2022-01-06 09:14:02,075 - root - INFO -             2 (10): 199 C7
2022-01-06 09:14:02,075 - root - INFO -             3 (18): 281 119
2022-01-06 09:14:02,075 - root - INFO -             4 (20): 225 E1
2022-01-06 09:14:02,075 - root - INFO -             5 (28): 16 10
2022-01-06 09:14:02,075 - root - INFO -             6 (30): 1  1
2022-01-06 09:14:02,075 - root - INFO -             7 (38): 0  0
2022-01-06 09:14:02,076 - root - INFO -             8 (40): 21 15
2022-01-06 09:14:02,076 - root - INFO -             9 (48): 10  A
2022-01-06 09:14:02,076 - root - INFO -         2 (10): 31 1F
2022-01-06 09:14:02,076 - root - INFO -     4 (20): 0  0
2022-01-06 09:14:02,076 - root - INFO -     5 (28): 0  0
2022-01-06 09:14:02,076 - root - INFO -     6 (30): 0  0
2022-01-06 09:14:02,076 - root - INFO - 2 (12): 13 bytes
2022-01-06 09:14:02,076 - root - INFO -     1 ( 8): 241 F1
2022-01-06 09:14:02,076 - root - INFO -     2 (10): 22 16
2022-01-06 09:14:02,076 - root - INFO -     3 (18): 53 35
2022-01-06 09:14:02,076 - root - INFO -     4 (20): 54 36
2022-01-06 09:14:02,077 - root - INFO -     5 (28): 55 37
2022-01-06 09:14:02,077 - root - INFO -     6 (30): 56 38
2022-01-06 09:14:02,077 - root - INFO - 4 (22): 10 bytes
2022-01-06 09:14:02,077 - root - INFO -     1 ( 8): 225 E1
2022-01-06 09:14:02,077 - root - INFO -     2 (10): 235 EB
2022-01-06 09:14:02,077 - root - INFO -     3 (18): 32 20
2022-01-06 09:14:02,077 - root - INFO -     4 (20): 7  7
2022-01-06 09:14:02,077 - root - INFO - 5 (2A): 10 bytes
2022-01-06 09:14:02,077 - root - INFO -     1 ( 8): 225 E1
2022-01-06 09:14:02,077 - root - INFO -     2 (10): 235 EB
2022-01-06 09:14:02,077 - root - INFO -     3 (18): 46 2E
2022-01-06 09:14:02,077 - root - INFO -     4 (20): 7  7
2022-01-06 09:14:02,078 - root - INFO - 6 (32): 10 bytes
2022-01-06 09:14:02,078 - root - INFO -     1 ( 8): 225 E1
2022-01-06 09:14:02,078 - root - INFO -     2 (10): 235 EB
2022-01-06 09:14:02,078 - root - INFO -     3 (18): 39 27
2022-01-06 09:14:02,078 - root - INFO -     4 (20): 7  7
2022-01-06 09:14:02,079 - root - INFO - Reading descriptor for parameter 29
2022-01-06 09:14:02,079 - root - INFO - Descriptor offset: 235, Descriptor length: 141
2022-01-06 09:14:02,079 - root - INFO - Parsing descriptor for parameter 29...
2022-01-06 09:14:02,079 - root - INFO - 1 ( A): 67 bytes
2022-01-06 09:14:02,079 - root - INFO -     1 ( A): 50 bytes
2022-01-06 09:14:02,079 - root - INFO -         1 ( A): 22 bytes
2022-01-06 09:14:02,079 - root - INFO -             1 ( A): 9 bytes
2022-01-06 09:14:02,079 - root - INFO -                 1 ( 8): 198 C6
2022-01-06 09:14:02,079 - root - INFO -                 2 (10): 51 33
2022-01-06 09:14:02,079 - root - INFO -                 3 (18): 11  B
2022-01-06 09:14:02,079 - root - INFO -                 4 (20): 10  A
2022-01-06 09:14:02,080 - root - INFO -             2 (12): 9 bytes
2022-01-06 09:14:02,080 - root - INFO -                 1 ( 8): 241 F1
2022-01-06 09:14:02,080 - root - INFO -                 2 (10): 51 33
2022-01-06 09:14:02,080 - root - INFO -                 3 (18): 11  B
2022-01-06 09:14:02,080 - root - INFO -                 4 (20): 10  A
2022-01-06 09:14:02,080 - root - INFO -         2 (12): 22 bytes
2022-01-06 09:14:02,080 - root - INFO -             1 ( A): 9 bytes
2022-01-06 09:14:02,080 - root - INFO -                 1 ( 8): 198 C6
2022-01-06 09:14:02,080 - root - INFO -                 2 (10): 126 7E
2022-01-06 09:14:02,080 - root - INFO -                 3 (18): 11  B
2022-01-06 09:14:02,080 - root - INFO -                 4 (20): 10  A
2022-01-06 09:14:02,080 - root - INFO -             2 (12): 9 bytes
2022-01-06 09:14:02,081 - root - INFO -                 1 ( 8): 241 F1
2022-01-06 09:14:02,081 - root - INFO -                 2 (10): 126 7E
2022-01-06 09:14:02,081 - root - INFO -                 3 (18): 11  B
2022-01-06 09:14:02,081 - root - INFO -                 4 (20): 10  A
2022-01-06 09:14:02,081 - root - INFO -         4 (20): 1  1
2022-01-06 09:14:02,081 - root - INFO -     4 (22): 13 bytes
2022-01-06 09:14:02,081 - root - INFO -         1 ( 8): 241 F1
2022-01-06 09:14:02,081 - root - INFO -         2 (10): 0  0
2022-01-06 09:14:02,081 - root - INFO -         3 (18): 57 39
2022-01-06 09:14:02,081 - root - INFO -         4 (20): 58 3A
2022-01-06 09:14:02,081 - root - INFO -         5 (28): 59 3B
2022-01-06 09:14:02,082 - root - INFO -         6 (30): 60 3C
2022-01-06 09:14:02,082 - root - INFO - 3 (1A): 36 bytes
2022-01-06 09:14:02,082 - root - INFO -     1 ( A): 10 bytes
2022-01-06 09:14:02,082 - root - INFO -         1 ( 8): 225 E1
2022-01-06 09:14:02,082 - root - INFO -         2 (10): 235 EB
2022-01-06 09:14:02,082 - root - INFO -         3 (18): 61 3D
2022-01-06 09:14:02,082 - root - INFO -         4 (20): 7  7
2022-01-06 09:14:02,082 - root - INFO -     2 (12): 10 bytes
2022-01-06 09:14:02,082 - root - INFO -         1 ( 8): 225 E1
2022-01-06 09:14:02,082 - root - INFO -         2 (10): 235 EB
2022-01-06 09:14:02,082 - root - INFO -         3 (18): 75 4B
2022-01-06 09:14:02,083 - root - INFO -         4 (20): 7  7
2022-01-06 09:14:02,083 - root - INFO -     3 (1A): 10 bytes
2022-01-06 09:14:02,083 - root - INFO -         1 ( 8): 225 E1
2022-01-06 09:14:02,083 - root - INFO -         2 (10): 235 EB
2022-01-06 09:14:02,083 - root - INFO -         3 (18): 68 44
2022-01-06 09:14:02,083 - root - INFO -         4 (20): 7  7
2022-01-06 09:14:02,083 - root - INFO - 5 (2A): 32 bytes
2022-01-06 09:14:02,083 - root - INFO -     1 ( A): 22 bytes
2022-01-06 09:14:02,083 - root - INFO -         1 ( 8): 221 DD
2022-01-06 09:14:02,083 - root - INFO -         2 (10): 199 C7
2022-01-06 09:14:02,083 - root - INFO -         3 (18): 281 119
2022-01-06 09:14:02,084 - root - INFO -         4 (20): 225 E1
2022-01-06 09:14:02,084 - root - INFO -         5 (28): 16 10
2022-01-06 09:14:02,084 - root - INFO -         6 (30): 1  1
2022-01-06 09:14:02,084 - root - INFO -         7 (38): 0  0
2022-01-06 09:14:02,084 - root - INFO -         8 (40): 21 15
2022-01-06 09:14:02,084 - root - INFO -         9 (48): 10  A
2022-01-06 09:14:02,084 - root - INFO -     3 (18): 31 1F
2022-01-06 09:14:02,084 - root - INFO -     7 (38): 0  0
2022-01-06 09:14:02,084 - root - INFO -     8 (40): 0  0
2022-01-06 09:14:02,085 - root - INFO -     11 (58): 1  1
2022-01-06 09:14:02,088 - root - INFO - Reading resources offsets table with 82 elements (328 bytes)
2022-01-06 09:14:02,088 - root - INFO - Resource 0 offset: 826, length: 216664...
2022-01-06 09:14:02,088 - root - DEBUG - Reading resource 0...
2022-01-06 09:14:02,136 - root - INFO - The image is bmc.
2022-01-06 09:14:02,136 - root - INFO - Reading image header(readHeader16C)...
2022-01-06 09:14:02,136 - root - INFO - Image header was read:
2022-01-06 09:14:02,136 - root - INFO - Width: 306, Height: 354, RowLength: 612
2022-01-06 09:14:02,136 - root - INFO - _step: 2, unknown2: 0,
2022-01-06 09:14:02,136 - root - INFO - BPP: 16, Transparency: False
2022-01-06 09:14:02,593 - root - INFO - Resource 1 offset: 217490, length: 2032...
2022-01-06 09:14:02,594 - root - DEBUG - Reading resource 1...
2022-01-06 09:14:02,594 - root - INFO - The image is bmc.
2022-01-06 09:14:02,594 - root - INFO - Reading image header(readHeader16C)...
2022-01-06 09:14:02,594 - root - INFO - Image header was read:
2022-01-06 09:14:02,594 - root - INFO - Width: 42, Height: 16, RowLength: 126
2022-01-06 09:14:02,594 - root - INFO - _step: 3, unknown2: 0,
2022-01-06 09:14:02,594 - root - INFO - BPP: 24, Transparency: False
2022-01-06 09:14:02,597 - root - INFO - Resource 2 offset: 219522, length: 6853...
2022-01-06 09:14:02,597 - root - DEBUG - Reading resource 2...
2022-01-06 09:14:02,597 - root - INFO - The image is bmc.
2022-01-06 09:14:02,597 - root - INFO - Reading image header(readHeader16C)...
2022-01-06 09:14:02,597 - root - INFO - Image header was read:
2022-01-06 09:14:02,597 - root - INFO - Width: 53, Height: 43, RowLength: 159
2022-01-06 09:14:02,597 - root - INFO - _step: 3, unknown2: 0,
2022-01-06 09:14:02,597 - root - INFO - BPP: 24, Transparency: False
2022-01-06 09:14:02,606 - root - INFO - Resource 3 offset: 226375, length: 17950...
2022-01-06 09:14:02,606 - root - DEBUG - Reading resource 3...
2022-01-06 09:14:02,606 - root - INFO - The image is bmc.
2022-01-06 09:14:02,607 - root - INFO - Reading image header(readHeader16C)...
2022-01-06 09:14:02,607 - root - INFO - Image header was read:
2022-01-06 09:14:02,607 - root - INFO - Width: 61, Height: 98, RowLength: 183
2022-01-06 09:14:02,607 - root - INFO - _step: 3, unknown2: 0,
2022-01-06 09:14:02,607 - root - INFO - BPP: 24, Transparency: False
2022-01-06 09:14:02,633 - root - INFO - Resource 4 offset: 244325, length: 2032...
2022-01-06 09:14:02,633 - root - DEBUG - Reading resource 4...
2022-01-06 09:14:02,633 - root - INFO - The image is bmc.
2022-01-06 09:14:02,633 - root - INFO - Reading image header(readHeader16C)...
2022-01-06 09:14:02,633 - root - INFO - Image header was read:
2022-01-06 09:14:02,633 - root - INFO - Width: 42, Height: 16, RowLength: 126
2022-01-06 09:14:02,634 - root - INFO - _step: 3, unknown2: 0,
2022-01-06 09:14:02,634 - root - INFO - BPP: 24, Transparency: False
2022-01-06 09:14:02,637 - root - INFO - Resource 5 offset: 246357, length: 6853...
2022-01-06 09:14:02,637 - root - DEBUG - Reading resource 5...
2022-01-06 09:14:02,637 - root - INFO - The image is bmc.
2022-01-06 09:14:02,637 - root - INFO - Reading image header(readHeader16C)...
2022-01-06 09:14:02,637 - root - INFO - Image header was read:
2022-01-06 09:14:02,638 - root - INFO - Width: 53, Height: 43, RowLength: 159
2022-01-06 09:14:02,638 - root - INFO - _step: 3, unknown2: 0,
2022-01-06 09:14:02,638 - root - INFO - BPP: 24, Transparency: False
2022-01-06 09:14:02,647 - root - INFO - Resource 6 offset: 253210, length: 17950...
2022-01-06 09:14:02,647 - root - DEBUG - Reading resource 6...
2022-01-06 09:14:02,647 - root - INFO - The image is bmc.
2022-01-06 09:14:02,647 - root - INFO - Reading image header(readHeader16C)...
2022-01-06 09:14:02,647 - root - INFO - Image header was read:
2022-01-06 09:14:02,648 - root - INFO - Width: 61, Height: 98, RowLength: 183
2022-01-06 09:14:02,648 - root - INFO - _step: 3, unknown2: 0,
2022-01-06 09:14:02,648 - root - INFO - BPP: 24, Transparency: False
2022-01-06 09:14:02,673 - root - INFO - Resource 7 offset: 271160, length: 2032...
2022-01-06 09:14:02,673 - root - DEBUG - Reading resource 7...
2022-01-06 09:14:02,673 - root - INFO - The image is bmc.
2022-01-06 09:14:02,673 - root - INFO - Reading image header(readHeader16C)...
2022-01-06 09:14:02,673 - root - INFO - Image header was read:
2022-01-06 09:14:02,673 - root - INFO - Width: 42, Height: 16, RowLength: 126
2022-01-06 09:14:02,673 - root - INFO - _step: 3, unknown2: 0,
2022-01-06 09:14:02,673 - root - INFO - BPP: 24, Transparency: False
2022-01-06 09:14:02,676 - root - INFO - Resource 8 offset: 273192, length: 6079...
2022-01-06 09:14:02,676 - root - DEBUG - Reading resource 8...
2022-01-06 09:14:02,676 - root - INFO - The image is bmc.
2022-01-06 09:14:02,676 - root - INFO - Reading image header(readHeader16C)...
2022-01-06 09:14:02,676 - root - INFO - Image header was read:
2022-01-06 09:14:02,676 - root - INFO - Width: 47, Height: 43, RowLength: 141
2022-01-06 09:14:02,677 - root - INFO - _step: 3, unknown2: 0,
2022-01-06 09:14:02,677 - root - INFO - BPP: 24, Transparency: False
2022-01-06 09:14:02,684 - root - INFO - Resource 9 offset: 279271, length: 17950...
2022-01-06 09:14:02,685 - root - DEBUG - Reading resource 9...
2022-01-06 09:14:02,685 - root - INFO - The image is bmc.
2022-01-06 09:14:02,685 - root - INFO - Reading image header(readHeader16C)...
2022-01-06 09:14:02,685 - root - INFO - Image header was read:
2022-01-06 09:14:02,685 - root - INFO - Width: 61, Height: 98, RowLength: 183
2022-01-06 09:14:02,685 - root - INFO - _step: 3, unknown2: 0,
2022-01-06 09:14:02,685 - root - INFO - BPP: 24, Transparency: False
2022-01-06 09:14:02,712 - root - INFO - Resource 10 offset: 297221, length: 101656...
2022-01-06 09:14:02,712 - root - DEBUG - Reading resource 10...
2022-01-06 09:14:02,713 - root - INFO - The image is bmc.
2022-01-06 09:14:02,713 - root - INFO - Reading image header(readHeader16C)...
2022-01-06 09:14:02,713 - root - INFO - Image header was read:
2022-01-06 09:14:02,713 - root - INFO - Width: 210, Height: 242, RowLength: 420
2022-01-06 09:14:02,713 - root - INFO - _step: 2, unknown2: 0,
2022-01-06 09:14:02,713 - root - INFO - BPP: 16, Transparency: False
2022-01-06 09:14:02,933 - root - INFO - Resource 11 offset: 398877, length: 7816...
2022-01-06 09:14:02,933 - root - DEBUG - Reading resource 11...
2022-01-06 09:14:02,933 - root - INFO - The image is bmc.
2022-01-06 09:14:02,933 - root - INFO - Reading image header(readHeader16C)...
2022-01-06 09:14:02,933 - root - INFO - Image header was read:
2022-01-06 09:14:02,933 - root - INFO - Width: 40, Height: 65, RowLength: 120
2022-01-06 09:14:02,933 - root - INFO - _step: 3, unknown2: 0,
2022-01-06 09:14:02,933 - root - INFO - BPP: 24, Transparency: False
2022-01-06 09:14:02,946 - root - INFO - Resource 12 offset: 406693, length: 7816...
2022-01-06 09:14:02,946 - root - DEBUG - Reading resource 12...
2022-01-06 09:14:02,946 - root - INFO - The image is bmc.
2022-01-06 09:14:02,946 - root - INFO - Reading image header(readHeader16C)...
2022-01-06 09:14:02,946 - root - INFO - Image header was read:
2022-01-06 09:14:02,946 - root - INFO - Width: 40, Height: 65, RowLength: 120
2022-01-06 09:14:02,946 - root - INFO - _step: 3, unknown2: 0,
2022-01-06 09:14:02,946 - root - INFO - BPP: 24, Transparency: False
2022-01-06 09:14:02,957 - root - INFO - Resource 13 offset: 414509, length: 7816...
2022-01-06 09:14:02,958 - root - DEBUG - Reading resource 13...
2022-01-06 09:14:02,958 - root - INFO - The image is bmc.
2022-01-06 09:14:02,958 - root - INFO - Reading image header(readHeader16C)...
2022-01-06 09:14:02,958 - root - INFO - Image header was read:
2022-01-06 09:14:02,958 - root - INFO - Width: 40, Height: 65, RowLength: 120
2022-01-06 09:14:02,958 - root - INFO - _step: 3, unknown2: 0,
2022-01-06 09:14:02,958 - root - INFO - BPP: 24, Transparency: False
2022-01-06 09:14:02,970 - root - INFO - Resource 14 offset: 422325, length: 7816...
2022-01-06 09:14:02,970 - root - DEBUG - Reading resource 14...
2022-01-06 09:14:02,970 - root - INFO - The image is bmc.
2022-01-06 09:14:02,970 - root - INFO - Reading image header(readHeader16C)...
2022-01-06 09:14:02,970 - root - INFO - Image header was read:
2022-01-06 09:14:02,970 - root - INFO - Width: 40, Height: 65, RowLength: 120
2022-01-06 09:14:02,971 - root - INFO - _step: 3, unknown2: 0,
2022-01-06 09:14:02,971 - root - INFO - BPP: 24, Transparency: False
2022-01-06 09:14:02,981 - root - INFO - Resource 15 offset: 430141, length: 7816...
2022-01-06 09:14:02,981 - root - DEBUG - Reading resource 15...
2022-01-06 09:14:02,981 - root - INFO - The image is bmc.
2022-01-06 09:14:02,981 - root - INFO - Reading image header(readHeader16C)...
2022-01-06 09:14:02,981 - root - INFO - Image header was read:
2022-01-06 09:14:02,981 - root - INFO - Width: 40, Height: 65, RowLength: 120
2022-01-06 09:14:02,981 - root - INFO - _step: 3, unknown2: 0,
2022-01-06 09:14:02,982 - root - INFO - BPP: 24, Transparency: False
2022-01-06 09:14:02,992 - root - INFO - Resource 16 offset: 437957, length: 7816...
2022-01-06 09:14:02,992 - root - DEBUG - Reading resource 16...
2022-01-06 09:14:02,992 - root - INFO - The image is bmc.
2022-01-06 09:14:02,992 - root - INFO - Reading image header(readHeader16C)...
2022-01-06 09:14:02,992 - root - INFO - Image header was read:
2022-01-06 09:14:02,993 - root - INFO - Width: 40, Height: 65, RowLength: 120
2022-01-06 09:14:02,993 - root - INFO - _step: 3, unknown2: 0,
2022-01-06 09:14:02,993 - root - INFO - BPP: 24, Transparency: False
2022-01-06 09:14:03,004 - root - INFO - Resource 17 offset: 445773, length: 7816...
2022-01-06 09:14:03,004 - root - DEBUG - Reading resource 17...
2022-01-06 09:14:03,004 - root - INFO - The image is bmc.
2022-01-06 09:14:03,004 - root - INFO - Reading image header(readHeader16C)...
2022-01-06 09:14:03,004 - root - INFO - Image header was read:
2022-01-06 09:14:03,004 - root - INFO - Width: 40, Height: 65, RowLength: 120
2022-01-06 09:14:03,004 - root - INFO - _step: 3, unknown2: 0,
2022-01-06 09:14:03,004 - root - INFO - BPP: 24, Transparency: False
2022-01-06 09:14:03,015 - root - INFO - Resource 18 offset: 453589, length: 7816...
2022-01-06 09:14:03,015 - root - DEBUG - Reading resource 18...
2022-01-06 09:14:03,015 - root - INFO - The image is bmc.
2022-01-06 09:14:03,015 - root - INFO - Reading image header(readHeader16C)...
2022-01-06 09:14:03,015 - root - INFO - Image header was read:
2022-01-06 09:14:03,015 - root - INFO - Width: 40, Height: 65, RowLength: 120
2022-01-06 09:14:03,015 - root - INFO - _step: 3, unknown2: 0,
2022-01-06 09:14:03,015 - root - INFO - BPP: 24, Transparency: False
2022-01-06 09:14:03,026 - root - INFO - Resource 19 offset: 461405, length: 7816...
2022-01-06 09:14:03,026 - root - DEBUG - Reading resource 19...
2022-01-06 09:14:03,026 - root - INFO - The image is bmc.
2022-01-06 09:14:03,027 - root - INFO - Reading image header(readHeader16C)...
2022-01-06 09:14:03,027 - root - INFO - Image header was read:
2022-01-06 09:14:03,027 - root - INFO - Width: 40, Height: 65, RowLength: 120
2022-01-06 09:14:03,027 - root - INFO - _step: 3, unknown2: 0,
2022-01-06 09:14:03,027 - root - INFO - BPP: 24, Transparency: False
2022-01-06 09:14:03,037 - root - INFO - Resource 20 offset: 469221, length: 7816...
2022-01-06 09:14:03,037 - root - DEBUG - Reading resource 20...
2022-01-06 09:14:03,037 - root - INFO - The image is bmc.
2022-01-06 09:14:03,037 - root - INFO - Reading image header(readHeader16C)...
2022-01-06 09:14:03,037 - root - INFO - Image header was read:
2022-01-06 09:14:03,037 - root - INFO - Width: 40, Height: 65, RowLength: 120
2022-01-06 09:14:03,037 - root - INFO - _step: 3, unknown2: 0,
2022-01-06 09:14:03,037 - root - INFO - BPP: 24, Transparency: False
2022-01-06 09:14:03,048 - root - INFO - Resource 21 offset: 477037, length: 1030...
2022-01-06 09:14:03,048 - root - DEBUG - Reading resource 21...
2022-01-06 09:14:03,048 - root - INFO - The image is bmc.
2022-01-06 09:14:03,048 - root - INFO - Reading image header(readHeader16C)...
2022-01-06 09:14:03,048 - root - INFO - Image header was read:
2022-01-06 09:14:03,048 - root - INFO - Width: 13, Height: 26, RowLength: 39
2022-01-06 09:14:03,048 - root - INFO - _step: 3, unknown2: 0,
2022-01-06 09:14:03,048 - root - INFO - BPP: 24, Transparency: False
2022-01-06 09:14:03,050 - root - INFO - Resource 22 offset: 478067, length: 1030...
2022-01-06 09:14:03,050 - root - DEBUG - Reading resource 22...
2022-01-06 09:14:03,050 - root - INFO - The image is bmc.
2022-01-06 09:14:03,050 - root - INFO - Reading image header(readHeader16C)...
2022-01-06 09:14:03,050 - root - INFO - Image header was read:
2022-01-06 09:14:03,050 - root - INFO - Width: 13, Height: 26, RowLength: 39
2022-01-06 09:14:03,050 - root - INFO - _step: 3, unknown2: 0,
2022-01-06 09:14:03,050 - root - INFO - BPP: 24, Transparency: False
2022-01-06 09:14:03,051 - root - INFO - Resource 23 offset: 479097, length: 1030...
2022-01-06 09:14:03,053 - root - DEBUG - Reading resource 23...
2022-01-06 09:14:03,053 - root - INFO - The image is bmc.
2022-01-06 09:14:03,053 - root - INFO - Reading image header(readHeader16C)...
2022-01-06 09:14:03,053 - root - INFO - Image header was read:
2022-01-06 09:14:03,053 - root - INFO - Width: 13, Height: 26, RowLength: 39
2022-01-06 09:14:03,053 - root - INFO - _step: 3, unknown2: 0,
2022-01-06 09:14:03,053 - root - INFO - BPP: 24, Transparency: False
2022-01-06 09:14:03,055 - root - INFO - Resource 24 offset: 480127, length: 1030...
2022-01-06 09:14:03,055 - root - DEBUG - Reading resource 24...
2022-01-06 09:14:03,055 - root - INFO - The image is bmc.
2022-01-06 09:14:03,055 - root - INFO - Reading image header(readHeader16C)...
2022-01-06 09:14:03,055 - root - INFO - Image header was read:
2022-01-06 09:14:03,055 - root - INFO - Width: 13, Height: 26, RowLength: 39
2022-01-06 09:14:03,055 - root - INFO - _step: 3, unknown2: 0,
2022-01-06 09:14:03,055 - root - INFO - BPP: 24, Transparency: False
2022-01-06 09:14:03,057 - root - INFO - Resource 25 offset: 481157, length: 1030...
2022-01-06 09:14:03,057 - root - DEBUG - Reading resource 25...
2022-01-06 09:14:03,057 - root - INFO - The image is bmc.
2022-01-06 09:14:03,057 - root - INFO - Reading image header(readHeader16C)...
2022-01-06 09:14:03,057 - root - INFO - Image header was read:
2022-01-06 09:14:03,057 - root - INFO - Width: 13, Height: 26, RowLength: 39
2022-01-06 09:14:03,057 - root - INFO - _step: 3, unknown2: 0,
2022-01-06 09:14:03,057 - root - INFO - BPP: 24, Transparency: False
2022-01-06 09:14:03,059 - root - INFO - Resource 26 offset: 482187, length: 1030...
2022-01-06 09:14:03,059 - root - DEBUG - Reading resource 26...
2022-01-06 09:14:03,059 - root - INFO - The image is bmc.
2022-01-06 09:14:03,059 - root - INFO - Reading image header(readHeader16C)...
2022-01-06 09:14:03,059 - root - INFO - Image header was read:
2022-01-06 09:14:03,059 - root - INFO - Width: 13, Height: 26, RowLength: 39
2022-01-06 09:14:03,059 - root - INFO - _step: 3, unknown2: 0,
2022-01-06 09:14:03,059 - root - INFO - BPP: 24, Transparency: False
2022-01-06 09:14:03,061 - root - INFO - Resource 27 offset: 483217, length: 1030...
2022-01-06 09:14:03,061 - root - DEBUG - Reading resource 27...
2022-01-06 09:14:03,061 - root - INFO - The image is bmc.
2022-01-06 09:14:03,061 - root - INFO - Reading image header(readHeader16C)...
2022-01-06 09:14:03,061 - root - INFO - Image header was read:
2022-01-06 09:14:03,061 - root - INFO - Width: 13, Height: 26, RowLength: 39
2022-01-06 09:14:03,061 - root - INFO - _step: 3, unknown2: 0,
2022-01-06 09:14:03,061 - root - INFO - BPP: 24, Transparency: False
2022-01-06 09:14:03,063 - root - INFO - Resource 28 offset: 484247, length: 1030...
2022-01-06 09:14:03,063 - root - DEBUG - Reading resource 28...
2022-01-06 09:14:03,063 - root - INFO - The image is bmc.
2022-01-06 09:14:03,063 - root - INFO - Reading image header(readHeader16C)...
2022-01-06 09:14:03,063 - root - INFO - Image header was read:
2022-01-06 09:14:03,063 - root - INFO - Width: 13, Height: 26, RowLength: 39
2022-01-06 09:14:03,063 - root - INFO - _step: 3, unknown2: 0,
2022-01-06 09:14:03,063 - root - INFO - BPP: 24, Transparency: False
2022-01-06 09:14:03,065 - root - INFO - Resource 29 offset: 485277, length: 1030...
2022-01-06 09:14:03,065 - root - DEBUG - Reading resource 29...
2022-01-06 09:14:03,065 - root - INFO - The image is bmc.
2022-01-06 09:14:03,065 - root - INFO - Reading image header(readHeader16C)...
2022-01-06 09:14:03,065 - root - INFO - Image header was read:
2022-01-06 09:14:03,065 - root - INFO - Width: 13, Height: 26, RowLength: 39
2022-01-06 09:14:03,065 - root - INFO - _step: 3, unknown2: 0,
2022-01-06 09:14:03,065 - root - INFO - BPP: 24, Transparency: False
2022-01-06 09:14:03,067 - root - INFO - Resource 30 offset: 486307, length: 1030...
2022-01-06 09:14:03,067 - root - DEBUG - Reading resource 30...
2022-01-06 09:14:03,067 - root - INFO - The image is bmc.
2022-01-06 09:14:03,067 - root - INFO - Reading image header(readHeader16C)...
2022-01-06 09:14:03,067 - root - INFO - Image header was read:
2022-01-06 09:14:03,067 - root - INFO - Width: 13, Height: 26, RowLength: 39
2022-01-06 09:14:03,067 - root - INFO - _step: 3, unknown2: 0,
2022-01-06 09:14:03,067 - root - INFO - BPP: 24, Transparency: False
2022-01-06 09:14:03,069 - root - INFO - Resource 31 offset: 487337, length: 406...
2022-01-06 09:14:03,069 - root - DEBUG - Reading resource 31...
2022-01-06 09:14:03,069 - root - INFO - The image is bmc.
2022-01-06 09:14:03,069 - root - INFO - Reading image header(readHeader16C)...
2022-01-06 09:14:03,069 - root - INFO - Image header was read:
2022-01-06 09:14:03,069 - root - INFO - Width: 5, Height: 26, RowLength: 15
2022-01-06 09:14:03,069 - root - INFO - _step: 3, unknown2: 0,
2022-01-06 09:14:03,069 - root - INFO - BPP: 24, Transparency: False
2022-01-06 09:14:03,070 - root - INFO - Resource 32 offset: 487743, length: 4384...
2022-01-06 09:14:03,070 - root - DEBUG - Reading resource 32...
2022-01-06 09:14:03,070 - root - INFO - The image is bmc.
2022-01-06 09:14:03,070 - root - INFO - Reading image header(readHeader16C)...
2022-01-06 09:14:03,070 - root - INFO - Image header was read:
2022-01-06 09:14:03,070 - root - INFO - Width: 56, Height: 26, RowLength: 168
2022-01-06 09:14:03,070 - root - INFO - _step: 3, unknown2: 0,
2022-01-06 09:14:03,070 - root - INFO - BPP: 24, Transparency: False
2022-01-06 09:14:03,076 - root - INFO - Resource 33 offset: 492127, length: 4384...
2022-01-06 09:14:03,076 - root - DEBUG - Reading resource 33...
2022-01-06 09:14:03,076 - root - INFO - The image is bmc.
2022-01-06 09:14:03,077 - root - INFO - Reading image header(readHeader16C)...
2022-01-06 09:14:03,077 - root - INFO - Image header was read:
2022-01-06 09:14:03,077 - root - INFO - Width: 56, Height: 26, RowLength: 168
2022-01-06 09:14:03,077 - root - INFO - _step: 3, unknown2: 0,
2022-01-06 09:14:03,077 - root - INFO - BPP: 24, Transparency: False
2022-01-06 09:14:03,083 - root - INFO - Resource 34 offset: 496511, length: 4384...
2022-01-06 09:14:03,083 - root - DEBUG - Reading resource 34...
2022-01-06 09:14:03,083 - root - INFO - The image is bmc.
2022-01-06 09:14:03,083 - root - INFO - Reading image header(readHeader16C)...
2022-01-06 09:14:03,083 - root - INFO - Image header was read:
2022-01-06 09:14:03,083 - root - INFO - Width: 56, Height: 26, RowLength: 168
2022-01-06 09:14:03,083 - root - INFO - _step: 3, unknown2: 0,
2022-01-06 09:14:03,083 - root - INFO - BPP: 24, Transparency: False
2022-01-06 09:14:03,089 - root - INFO - Resource 35 offset: 500895, length: 4384...
2022-01-06 09:14:03,089 - root - DEBUG - Reading resource 35...
2022-01-06 09:14:03,089 - root - INFO - The image is bmc.
2022-01-06 09:14:03,089 - root - INFO - Reading image header(readHeader16C)...
2022-01-06 09:14:03,089 - root - INFO - Image header was read:
2022-01-06 09:14:03,089 - root - INFO - Width: 56, Height: 26, RowLength: 168
2022-01-06 09:14:03,090 - root - INFO - _step: 3, unknown2: 0,
2022-01-06 09:14:03,090 - root - INFO - BPP: 24, Transparency: False
2022-01-06 09:14:03,095 - root - INFO - Resource 36 offset: 505279, length: 4384...
2022-01-06 09:14:03,096 - root - DEBUG - Reading resource 36...
2022-01-06 09:14:03,096 - root - INFO - The image is bmc.
2022-01-06 09:14:03,096 - root - INFO - Reading image header(readHeader16C)...
2022-01-06 09:14:03,096 - root - INFO - Image header was read:
2022-01-06 09:14:03,096 - root - INFO - Width: 56, Height: 26, RowLength: 168
2022-01-06 09:14:03,096 - root - INFO - _step: 3, unknown2: 0,
2022-01-06 09:14:03,096 - root - INFO - BPP: 24, Transparency: False
2022-01-06 09:14:03,102 - root - INFO - Resource 37 offset: 509663, length: 4384...
2022-01-06 09:14:03,102 - root - DEBUG - Reading resource 37...
2022-01-06 09:14:03,102 - root - INFO - The image is bmc.
2022-01-06 09:14:03,102 - root - INFO - Reading image header(readHeader16C)...
2022-01-06 09:14:03,102 - root - INFO - Image header was read:
2022-01-06 09:14:03,102 - root - INFO - Width: 56, Height: 26, RowLength: 168
2022-01-06 09:14:03,102 - root - INFO - _step: 3, unknown2: 0,
2022-01-06 09:14:03,102 - root - INFO - BPP: 24, Transparency: False
2022-01-06 09:14:03,104 - root - INFO - Resource 38 offset: 514047, length: 4384...
2022-01-06 09:14:03,104 - root - DEBUG - Reading resource 38...
2022-01-06 09:14:03,104 - root - INFO - The image is bmc.
2022-01-06 09:14:03,104 - root - INFO - Reading image header(readHeader16C)...
2022-01-06 09:14:03,104 - root - INFO - Image header was read:
2022-01-06 09:14:03,104 - root - INFO - Width: 56, Height: 26, RowLength: 168
2022-01-06 09:14:03,104 - root - INFO - _step: 3, unknown2: 0,
2022-01-06 09:14:03,104 - root - INFO - BPP: 24, Transparency: False
2022-01-06 09:14:03,104 - root - INFO - Resource 39 offset: 518431, length: 4384...
2022-01-06 09:14:03,104 - root - DEBUG - Reading resource 39...
2022-01-06 09:14:03,104 - root - INFO - The image is bmc.
2022-01-06 09:14:03,104 - root - INFO - Reading image header(readHeader16C)...
2022-01-06 09:14:03,104 - root - INFO - Image header was read:
2022-01-06 09:14:03,104 - root - INFO - Width: 56, Height: 26, RowLength: 168
2022-01-06 09:14:03,104 - root - INFO - _step: 3, unknown2: 0,
2022-01-06 09:14:03,104 - root - INFO - BPP: 24, Transparency: False
2022-01-06 09:14:03,119 - root - INFO - Resource 40 offset: 522815, length: 4384...
2022-01-06 09:14:03,119 - root - DEBUG - Reading resource 40...
2022-01-06 09:14:03,119 - root - INFO - The image is bmc.
2022-01-06 09:14:03,119 - root - INFO - Reading image header(readHeader16C)...
2022-01-06 09:14:03,119 - root - INFO - Image header was read:
2022-01-06 09:14:03,119 - root - INFO - Width: 56, Height: 26, RowLength: 168
2022-01-06 09:14:03,119 - root - INFO - _step: 3, unknown2: 0,
2022-01-06 09:14:03,119 - root - INFO - BPP: 24, Transparency: False
2022-01-06 09:14:03,119 - root - INFO - Resource 41 offset: 527199, length: 4384...
2022-01-06 09:14:03,119 - root - DEBUG - Reading resource 41...
2022-01-06 09:14:03,119 - root - INFO - The image is bmc.
2022-01-06 09:14:03,119 - root - INFO - Reading image header(readHeader16C)...
2022-01-06 09:14:03,119 - root - INFO - Image header was read:
2022-01-06 09:14:03,119 - root - INFO - Width: 56, Height: 26, RowLength: 168
2022-01-06 09:14:03,119 - root - INFO - _step: 3, unknown2: 0,
2022-01-06 09:14:03,119 - root - INFO - BPP: 24, Transparency: False
2022-01-06 09:14:03,119 - root - INFO - Resource 42 offset: 531583, length: 4384...
2022-01-06 09:14:03,119 - root - DEBUG - Reading resource 42...
2022-01-06 09:14:03,135 - root - INFO - The image is bmc.
2022-01-06 09:14:03,135 - root - INFO - Reading image header(readHeader16C)...
2022-01-06 09:14:03,135 - root - INFO - Image header was read:
2022-01-06 09:14:03,135 - root - INFO - Width: 56, Height: 26, RowLength: 168
2022-01-06 09:14:03,135 - root - INFO - _step: 3, unknown2: 0,
2022-01-06 09:14:03,135 - root - INFO - BPP: 24, Transparency: False
2022-01-06 09:14:03,135 - root - INFO - Resource 43 offset: 535967, length: 4384...
2022-01-06 09:14:03,135 - root - DEBUG - Reading resource 43...
2022-01-06 09:14:03,135 - root - INFO - The image is bmc.
2022-01-06 09:14:03,135 - root - INFO - Reading image header(readHeader16C)...
2022-01-06 09:14:03,135 - root - INFO - Image header was read:
2022-01-06 09:14:03,135 - root - INFO - Width: 56, Height: 26, RowLength: 168
2022-01-06 09:14:03,135 - root - INFO - _step: 3, unknown2: 0,
2022-01-06 09:14:03,135 - root - INFO - BPP: 24, Transparency: False
2022-01-06 09:14:03,135 - root - INFO - Resource 44 offset: 540351, length: 4384...
2022-01-06 09:14:03,135 - root - DEBUG - Reading resource 44...
2022-01-06 09:14:03,135 - root - INFO - The image is bmc.
2022-01-06 09:14:03,135 - root - INFO - Reading image header(readHeader16C)...
2022-01-06 09:14:03,135 - root - INFO - Image header was read:
2022-01-06 09:14:03,135 - root - INFO - Width: 56, Height: 26, RowLength: 168
2022-01-06 09:14:03,135 - root - INFO - _step: 3, unknown2: 0,
2022-01-06 09:14:03,135 - root - INFO - BPP: 24, Transparency: False
2022-01-06 09:14:03,151 - root - INFO - Resource 45 offset: 544735, length: 4384...
2022-01-06 09:14:03,151 - root - DEBUG - Reading resource 45...
2022-01-06 09:14:03,151 - root - INFO - The image is bmc.
2022-01-06 09:14:03,151 - root - INFO - Reading image header(readHeader16C)...
2022-01-06 09:14:03,151 - root - INFO - Image header was read:
2022-01-06 09:14:03,151 - root - INFO - Width: 56, Height: 26, RowLength: 168
2022-01-06 09:14:03,151 - root - INFO - _step: 3, unknown2: 0,
2022-01-06 09:14:03,151 - root - INFO - BPP: 24, Transparency: False
2022-01-06 09:14:03,151 - root - INFO - Resource 46 offset: 549119, length: 4384...
2022-01-06 09:14:03,151 - root - DEBUG - Reading resource 46...
2022-01-06 09:14:03,151 - root - INFO - The image is bmc.
2022-01-06 09:14:03,151 - root - INFO - Reading image header(readHeader16C)...
2022-01-06 09:14:03,151 - root - INFO - Image header was read:
2022-01-06 09:14:03,151 - root - INFO - Width: 56, Height: 26, RowLength: 168
2022-01-06 09:14:03,151 - root - INFO - _step: 3, unknown2: 0,
2022-01-06 09:14:03,151 - root - INFO - BPP: 24, Transparency: False
2022-01-06 09:14:03,166 - root - INFO - Resource 47 offset: 553503, length: 4384...
2022-01-06 09:14:03,166 - root - DEBUG - Reading resource 47...
2022-01-06 09:14:03,166 - root - INFO - The image is bmc.
2022-01-06 09:14:03,166 - root - INFO - Reading image header(readHeader16C)...
2022-01-06 09:14:03,166 - root - INFO - Image header was read:
2022-01-06 09:14:03,166 - root - INFO - Width: 56, Height: 26, RowLength: 168
2022-01-06 09:14:03,166 - root - INFO - _step: 3, unknown2: 0,
2022-01-06 09:14:03,166 - root - INFO - BPP: 24, Transparency: False
2022-01-06 09:14:03,166 - root - INFO - Resource 48 offset: 557887, length: 4384...
2022-01-06 09:14:03,166 - root - DEBUG - Reading resource 48...
2022-01-06 09:14:03,166 - root - INFO - The image is bmc.
2022-01-06 09:14:03,166 - root - INFO - Reading image header(readHeader16C)...
2022-01-06 09:14:03,166 - root - INFO - Image header was read:
2022-01-06 09:14:03,166 - root - INFO - Width: 56, Height: 26, RowLength: 168
2022-01-06 09:14:03,166 - root - INFO - _step: 3, unknown2: 0,
2022-01-06 09:14:03,166 - root - INFO - BPP: 24, Transparency: False
2022-01-06 09:14:03,166 - root - INFO - Resource 49 offset: 562271, length: 4384...
2022-01-06 09:14:03,166 - root - DEBUG - Reading resource 49...
2022-01-06 09:14:03,166 - root - INFO - The image is bmc.
2022-01-06 09:14:03,166 - root - INFO - Reading image header(readHeader16C)...
2022-01-06 09:14:03,166 - root - INFO - Image header was read:
2022-01-06 09:14:03,166 - root - INFO - Width: 56, Height: 26, RowLength: 168
2022-01-06 09:14:03,166 - root - INFO - _step: 3, unknown2: 0,
2022-01-06 09:14:03,166 - root - INFO - BPP: 24, Transparency: False
2022-01-06 09:14:03,182 - root - INFO - Resource 50 offset: 566655, length: 4384...
2022-01-06 09:14:03,182 - root - DEBUG - Reading resource 50...
2022-01-06 09:14:03,182 - root - INFO - The image is bmc.
2022-01-06 09:14:03,182 - root - INFO - Reading image header(readHeader16C)...
2022-01-06 09:14:03,182 - root - INFO - Image header was read:
2022-01-06 09:14:03,182 - root - INFO - Width: 56, Height: 26, RowLength: 168
2022-01-06 09:14:03,182 - root - INFO - _step: 3, unknown2: 0,
2022-01-06 09:14:03,182 - root - INFO - BPP: 24, Transparency: False
2022-01-06 09:14:03,182 - root - INFO - Resource 51 offset: 571039, length: 4384...
2022-01-06 09:14:03,182 - root - DEBUG - Reading resource 51...
2022-01-06 09:14:03,182 - root - INFO - The image is bmc.
2022-01-06 09:14:03,182 - root - INFO - Reading image header(readHeader16C)...
2022-01-06 09:14:03,182 - root - INFO - Image header was read:
2022-01-06 09:14:03,182 - root - INFO - Width: 56, Height: 26, RowLength: 168
2022-01-06 09:14:03,182 - root - INFO - _step: 3, unknown2: 0,
2022-01-06 09:14:03,182 - root - INFO - BPP: 24, Transparency: False
2022-01-06 09:14:03,198 - root - INFO - Resource 52 offset: 575423, length: 4384...
2022-01-06 09:14:03,198 - root - DEBUG - Reading resource 52...
2022-01-06 09:14:03,198 - root - INFO - The image is bmc.
2022-01-06 09:14:03,198 - root - INFO - Reading image header(readHeader16C)...
2022-01-06 09:14:03,198 - root - INFO - Image header was read:
2022-01-06 09:14:03,198 - root - INFO - Width: 56, Height: 26, RowLength: 168
2022-01-06 09:14:03,198 - root - INFO - _step: 3, unknown2: 0,
2022-01-06 09:14:03,198 - root - INFO - BPP: 24, Transparency: False
2022-01-06 09:14:03,198 - root - INFO - Resource 53 offset: 579807, length: 2656...
2022-01-06 09:14:03,198 - root - DEBUG - Reading resource 53...
2022-01-06 09:14:03,198 - root - INFO - The image is bmc.
2022-01-06 09:14:03,198 - root - INFO - Reading image header(readHeader16C)...
2022-01-06 09:14:03,198 - root - INFO - Image header was read:
2022-01-06 09:14:03,198 - root - INFO - Width: 40, Height: 22, RowLength: 120
2022-01-06 09:14:03,198 - root - INFO - _step: 3, unknown2: 0,
2022-01-06 09:14:03,198 - root - INFO - BPP: 24, Transparency: False
2022-01-06 09:14:03,198 - root - INFO - Resource 54 offset: 582463, length: 2656...
2022-01-06 09:14:03,198 - root - DEBUG - Reading resource 54...
2022-01-06 09:14:03,198 - root - INFO - The image is bmc.
2022-01-06 09:14:03,198 - root - INFO - Reading image header(readHeader16C)...
2022-01-06 09:14:03,198 - root - INFO - Image header was read:
2022-01-06 09:14:03,198 - root - INFO - Width: 40, Height: 22, RowLength: 120
2022-01-06 09:14:03,198 - root - INFO - _step: 3, unknown2: 0,
2022-01-06 09:14:03,198 - root - INFO - BPP: 24, Transparency: False
2022-01-06 09:14:03,198 - root - INFO - Resource 55 offset: 585119, length: 2656...
2022-01-06 09:14:03,198 - root - DEBUG - Reading resource 55...
2022-01-06 09:14:03,198 - root - INFO - The image is bmc.
2022-01-06 09:14:03,198 - root - INFO - Reading image header(readHeader16C)...
2022-01-06 09:14:03,198 - root - INFO - Image header was read:
2022-01-06 09:14:03,213 - root - INFO - Width: 40, Height: 22, RowLength: 120
2022-01-06 09:14:03,213 - root - INFO - _step: 3, unknown2: 0,
2022-01-06 09:14:03,213 - root - INFO - BPP: 24, Transparency: False
2022-01-06 09:14:03,213 - root - INFO - Resource 56 offset: 587775, length: 2656...
2022-01-06 09:14:03,213 - root - DEBUG - Reading resource 56...
2022-01-06 09:14:03,213 - root - INFO - The image is bmc.
2022-01-06 09:14:03,213 - root - INFO - Reading image header(readHeader16C)...
2022-01-06 09:14:03,213 - root - INFO - Image header was read:
2022-01-06 09:14:03,213 - root - INFO - Width: 40, Height: 22, RowLength: 120
2022-01-06 09:14:03,213 - root - INFO - _step: 3, unknown2: 0,
2022-01-06 09:14:03,213 - root - INFO - BPP: 24, Transparency: False
2022-01-06 09:14:03,213 - root - INFO - Resource 57 offset: 590431, length: 8596...
2022-01-06 09:14:03,213 - root - DEBUG - Reading resource 57...
2022-01-06 09:14:03,213 - root - INFO - The image is bmc.
2022-01-06 09:14:03,213 - root - INFO - Reading image header(readHeader16C)...
2022-01-06 09:14:03,213 - root - INFO - Image header was read:
2022-01-06 09:14:03,213 - root - INFO - Width: 65, Height: 44, RowLength: 195
2022-01-06 09:14:03,213 - root - INFO - _step: 3, unknown2: 0,
2022-01-06 09:14:03,213 - root - INFO - BPP: 24, Transparency: False
2022-01-06 09:14:03,229 - root - INFO - Resource 58 offset: 599027, length: 8596...
2022-01-06 09:14:03,229 - root - DEBUG - Reading resource 58...
2022-01-06 09:14:03,229 - root - INFO - The image is bmc.
2022-01-06 09:14:03,229 - root - INFO - Reading image header(readHeader16C)...
2022-01-06 09:14:03,229 - root - INFO - Image header was read:
2022-01-06 09:14:03,229 - root - INFO - Width: 65, Height: 44, RowLength: 195
2022-01-06 09:14:03,229 - root - INFO - _step: 3, unknown2: 0,
2022-01-06 09:14:03,229 - root - INFO - BPP: 24, Transparency: False
2022-01-06 09:14:03,229 - root - INFO - Resource 59 offset: 607623, length: 8596...
2022-01-06 09:14:03,229 - root - DEBUG - Reading resource 59...
2022-01-06 09:14:03,229 - root - INFO - The image is bmc.
2022-01-06 09:14:03,229 - root - INFO - Reading image header(readHeader16C)...
2022-01-06 09:14:03,229 - root - INFO - Image header was read:
2022-01-06 09:14:03,244 - root - INFO - Width: 65, Height: 44, RowLength: 195
2022-01-06 09:14:03,244 - root - INFO - _step: 3, unknown2: 0,
2022-01-06 09:14:03,244 - root - INFO - BPP: 24, Transparency: False
2022-01-06 09:14:03,244 - root - INFO - Resource 60 offset: 616219, length: 8596...
2022-01-06 09:14:03,244 - root - DEBUG - Reading resource 60...
2022-01-06 09:14:03,244 - root - INFO - The image is bmc.
2022-01-06 09:14:03,244 - root - INFO - Reading image header(readHeader16C)...
2022-01-06 09:14:03,244 - root - INFO - Image header was read:
2022-01-06 09:14:03,244 - root - INFO - Width: 65, Height: 44, RowLength: 195
2022-01-06 09:14:03,244 - root - INFO - _step: 3, unknown2: 0,
2022-01-06 09:14:03,244 - root - INFO - BPP: 24, Transparency: False
2022-01-06 09:14:03,260 - root - INFO - Resource 61 offset: 624815, length: 8752...
2022-01-06 09:14:03,260 - root - DEBUG - Reading resource 61...
2022-01-06 09:14:03,260 - root - INFO - The image is bmc.
2022-01-06 09:14:03,260 - root - INFO - Reading image header(readHeader16C)...
2022-01-06 09:14:03,260 - root - INFO - Image header was read:
2022-01-06 09:14:03,260 - root - INFO - Width: 56, Height: 52, RowLength: 168
2022-01-06 09:14:03,260 - root - INFO - _step: 3, unknown2: 0,
2022-01-06 09:14:03,260 - root - INFO - BPP: 24, Transparency: False
2022-01-06 09:14:03,276 - root - INFO - Resource 62 offset: 633567, length: 8752...
2022-01-06 09:14:03,276 - root - DEBUG - Reading resource 62...
2022-01-06 09:14:03,276 - root - INFO - The image is bmc.
2022-01-06 09:14:03,276 - root - INFO - Reading image header(readHeader16C)...
2022-01-06 09:14:03,276 - root - INFO - Image header was read:
2022-01-06 09:14:03,276 - root - INFO - Width: 56, Height: 52, RowLength: 168
2022-01-06 09:14:03,276 - root - INFO - _step: 3, unknown2: 0,
2022-01-06 09:14:03,276 - root - INFO - BPP: 24, Transparency: False
2022-01-06 09:14:03,291 - root - INFO - Resource 63 offset: 642319, length: 8752...
2022-01-06 09:14:03,291 - root - DEBUG - Reading resource 63...
2022-01-06 09:14:03,291 - root - INFO - The image is bmc.
2022-01-06 09:14:03,291 - root - INFO - Reading image header(readHeader16C)...
2022-01-06 09:14:03,291 - root - INFO - Image header was read:
2022-01-06 09:14:03,291 - root - INFO - Width: 56, Height: 52, RowLength: 168
2022-01-06 09:14:03,291 - root - INFO - _step: 3, unknown2: 0,
2022-01-06 09:14:03,291 - root - INFO - BPP: 24, Transparency: False
2022-01-06 09:14:03,291 - root - INFO - Resource 64 offset: 651071, length: 8752...
2022-01-06 09:14:03,291 - root - DEBUG - Reading resource 64...
2022-01-06 09:14:03,291 - root - INFO - The image is bmc.
2022-01-06 09:14:03,291 - root - INFO - Reading image header(readHeader16C)...
2022-01-06 09:14:03,291 - root - INFO - Image header was read:
2022-01-06 09:14:03,291 - root - INFO - Width: 56, Height: 52, RowLength: 168
2022-01-06 09:14:03,291 - root - INFO - _step: 3, unknown2: 0,
2022-01-06 09:14:03,291 - root - INFO - BPP: 24, Transparency: False
2022-01-06 09:14:03,307 - root - INFO - Resource 65 offset: 659823, length: 8752...
2022-01-06 09:14:03,307 - root - DEBUG - Reading resource 65...
2022-01-06 09:14:03,307 - root - INFO - The image is bmc.
2022-01-06 09:14:03,307 - root - INFO - Reading image header(readHeader16C)...
2022-01-06 09:14:03,307 - root - INFO - Image header was read:
2022-01-06 09:14:03,307 - root - INFO - Width: 56, Height: 52, RowLength: 168
2022-01-06 09:14:03,307 - root - INFO - _step: 3, unknown2: 0,
2022-01-06 09:14:03,307 - root - INFO - BPP: 24, Transparency: False
2022-01-06 09:14:03,323 - root - INFO - Resource 66 offset: 668575, length: 8752...
2022-01-06 09:14:03,323 - root - DEBUG - Reading resource 66...
2022-01-06 09:14:03,323 - root - INFO - The image is bmc.
2022-01-06 09:14:03,323 - root - INFO - Reading image header(readHeader16C)...
2022-01-06 09:14:03,323 - root - INFO - Image header was read:
2022-01-06 09:14:03,323 - root - INFO - Width: 56, Height: 52, RowLength: 168
2022-01-06 09:14:03,323 - root - INFO - _step: 3, unknown2: 0,
2022-01-06 09:14:03,323 - root - INFO - BPP: 24, Transparency: False
2022-01-06 09:14:03,338 - root - INFO - Resource 67 offset: 677327, length: 8752...
2022-01-06 09:14:03,338 - root - DEBUG - Reading resource 67...
2022-01-06 09:14:03,338 - root - INFO - The image is bmc.
2022-01-06 09:14:03,338 - root - INFO - Reading image header(readHeader16C)...
2022-01-06 09:14:03,338 - root - INFO - Image header was read:
2022-01-06 09:14:03,338 - root - INFO - Width: 56, Height: 52, RowLength: 168
2022-01-06 09:14:03,338 - root - INFO - _step: 3, unknown2: 0,
2022-01-06 09:14:03,338 - root - INFO - BPP: 24, Transparency: False
2022-01-06 09:14:03,338 - root - INFO - Resource 68 offset: 686079, length: 8752...
2022-01-06 09:14:03,338 - root - DEBUG - Reading resource 68...
2022-01-06 09:14:03,338 - root - INFO - The image is bmc.
2022-01-06 09:14:03,338 - root - INFO - Reading image header(readHeader16C)...
2022-01-06 09:14:03,338 - root - INFO - Image header was read:
2022-01-06 09:14:03,338 - root - INFO - Width: 56, Height: 52, RowLength: 168
2022-01-06 09:14:03,338 - root - INFO - _step: 3, unknown2: 0,
2022-01-06 09:14:03,338 - root - INFO - BPP: 24, Transparency: False
2022-01-06 09:14:03,354 - root - INFO - Resource 69 offset: 694831, length: 8752...
2022-01-06 09:14:03,354 - root - DEBUG - Reading resource 69...
2022-01-06 09:14:03,354 - root - INFO - The image is bmc.
2022-01-06 09:14:03,354 - root - INFO - Reading image header(readHeader16C)...
2022-01-06 09:14:03,354 - root - INFO - Image header was read:
2022-01-06 09:14:03,354 - root - INFO - Width: 56, Height: 52, RowLength: 168
2022-01-06 09:14:03,354 - root - INFO - _step: 3, unknown2: 0,
2022-01-06 09:14:03,354 - root - INFO - BPP: 24, Transparency: False
2022-01-06 09:14:03,369 - root - INFO - Resource 70 offset: 703583, length: 8752...
2022-01-06 09:14:03,369 - root - DEBUG - Reading resource 70...
2022-01-06 09:14:03,369 - root - INFO - The image is bmc.
2022-01-06 09:14:03,369 - root - INFO - Reading image header(readHeader16C)...
2022-01-06 09:14:03,369 - root - INFO - Image header was read:
2022-01-06 09:14:03,369 - root - INFO - Width: 56, Height: 52, RowLength: 168
2022-01-06 09:14:03,369 - root - INFO - _step: 3, unknown2: 0,
2022-01-06 09:14:03,369 - root - INFO - BPP: 24, Transparency: False
2022-01-06 09:14:03,385 - root - INFO - Resource 71 offset: 712335, length: 8752...
2022-01-06 09:14:03,385 - root - DEBUG - Reading resource 71...
2022-01-06 09:14:03,385 - root - INFO - The image is bmc.
2022-01-06 09:14:03,385 - root - INFO - Reading image header(readHeader16C)...
2022-01-06 09:14:03,385 - root - INFO - Image header was read:
2022-01-06 09:14:03,385 - root - INFO - Width: 56, Height: 52, RowLength: 168
2022-01-06 09:14:03,385 - root - INFO - _step: 3, unknown2: 0,
2022-01-06 09:14:03,385 - root - INFO - BPP: 24, Transparency: False
2022-01-06 09:14:03,385 - root - INFO - Resource 72 offset: 721087, length: 8752...
2022-01-06 09:14:03,385 - root - DEBUG - Reading resource 72...
2022-01-06 09:14:03,401 - root - INFO - The image is bmc.
2022-01-06 09:14:03,401 - root - INFO - Reading image header(readHeader16C)...
2022-01-06 09:14:03,401 - root - INFO - Image header was read:
2022-01-06 09:14:03,401 - root - INFO - Width: 56, Height: 52, RowLength: 168
2022-01-06 09:14:03,401 - root - INFO - _step: 3, unknown2: 0,
2022-01-06 09:14:03,401 - root - INFO - BPP: 24, Transparency: False
2022-01-06 09:14:03,401 - root - INFO - Resource 73 offset: 729839, length: 8752...
2022-01-06 09:14:03,401 - root - DEBUG - Reading resource 73...
2022-01-06 09:14:03,401 - root - INFO - The image is bmc.
2022-01-06 09:14:03,401 - root - INFO - Reading image header(readHeader16C)...
2022-01-06 09:14:03,401 - root - INFO - Image header was read:
2022-01-06 09:14:03,401 - root - INFO - Width: 56, Height: 52, RowLength: 168
2022-01-06 09:14:03,401 - root - INFO - _step: 3, unknown2: 0,
2022-01-06 09:14:03,401 - root - INFO - BPP: 24, Transparency: False
2022-01-06 09:14:03,416 - root - INFO - Resource 74 offset: 738591, length: 8752...
2022-01-06 09:14:03,416 - root - DEBUG - Reading resource 74...
2022-01-06 09:14:03,416 - root - INFO - The image is bmc.
2022-01-06 09:14:03,416 - root - INFO - Reading image header(readHeader16C)...
2022-01-06 09:14:03,416 - root - INFO - Image header was read:
2022-01-06 09:14:03,416 - root - INFO - Width: 56, Height: 52, RowLength: 168
2022-01-06 09:14:03,416 - root - INFO - _step: 3, unknown2: 0,
2022-01-06 09:14:03,416 - root - INFO - BPP: 24, Transparency: False
2022-01-06 09:14:03,432 - root - INFO - Resource 75 offset: 747343, length: 8752...
2022-01-06 09:14:03,432 - root - DEBUG - Reading resource 75...
2022-01-06 09:14:03,432 - root - INFO - The image is bmc.
2022-01-06 09:14:03,432 - root - INFO - Reading image header(readHeader16C)...
2022-01-06 09:14:03,432 - root - INFO - Image header was read:
2022-01-06 09:14:03,432 - root - INFO - Width: 56, Height: 52, RowLength: 168
2022-01-06 09:14:03,432 - root - INFO - _step: 3, unknown2: 0,
2022-01-06 09:14:03,432 - root - INFO - BPP: 24, Transparency: False
2022-01-06 09:14:03,448 - root - INFO - Resource 76 offset: 756095, length: 8752...
2022-01-06 09:14:03,448 - root - DEBUG - Reading resource 76...
2022-01-06 09:14:03,448 - root - INFO - The image is bmc.
2022-01-06 09:14:03,448 - root - INFO - Reading image header(readHeader16C)...
2022-01-06 09:14:03,448 - root - INFO - Image header was read:
2022-01-06 09:14:03,448 - root - INFO - Width: 56, Height: 52, RowLength: 168
2022-01-06 09:14:03,448 - root - INFO - _step: 3, unknown2: 0,
2022-01-06 09:14:03,448 - root - INFO - BPP: 24, Transparency: False
2022-01-06 09:14:03,448 - root - INFO - Resource 77 offset: 764847, length: 8752...
2022-01-06 09:14:03,448 - root - DEBUG - Reading resource 77...
2022-01-06 09:14:03,448 - root - INFO - The image is bmc.
2022-01-06 09:14:03,448 - root - INFO - Reading image header(readHeader16C)...
2022-01-06 09:14:03,448 - root - INFO - Image header was read:
2022-01-06 09:14:03,448 - root - INFO - Width: 56, Height: 52, RowLength: 168
2022-01-06 09:14:03,448 - root - INFO - _step: 3, unknown2: 0,
2022-01-06 09:14:03,448 - root - INFO - BPP: 24, Transparency: False
2022-01-06 09:14:03,463 - root - INFO - Resource 78 offset: 773599, length: 8752...
2022-01-06 09:14:03,463 - root - DEBUG - Reading resource 78...
2022-01-06 09:14:03,463 - root - INFO - The image is bmc.
2022-01-06 09:14:03,463 - root - INFO - Reading image header(readHeader16C)...
2022-01-06 09:14:03,463 - root - INFO - Image header was read:
2022-01-06 09:14:03,463 - root - INFO - Width: 56, Height: 52, RowLength: 168
2022-01-06 09:14:03,463 - root - INFO - _step: 3, unknown2: 0,
2022-01-06 09:14:03,463 - root - INFO - BPP: 24, Transparency: False
2022-01-06 09:14:03,479 - root - INFO - Resource 79 offset: 782351, length: 8752...
2022-01-06 09:14:03,479 - root - DEBUG - Reading resource 79...
2022-01-06 09:14:03,479 - root - INFO - The image is bmc.
2022-01-06 09:14:03,479 - root - INFO - Reading image header(readHeader16C)...
2022-01-06 09:14:03,479 - root - INFO - Image header was read:
2022-01-06 09:14:03,479 - root - INFO - Width: 56, Height: 52, RowLength: 168
2022-01-06 09:14:03,479 - root - INFO - _step: 3, unknown2: 0,
2022-01-06 09:14:03,479 - root - INFO - BPP: 24, Transparency: False
2022-01-06 09:14:03,494 - root - INFO - Resource 80 offset: 791103, length: 8752...
2022-01-06 09:14:03,494 - root - DEBUG - Reading resource 80...
2022-01-06 09:14:03,494 - root - INFO - The image is bmc.
2022-01-06 09:14:03,494 - root - INFO - Reading image header(readHeader16C)...
2022-01-06 09:14:03,494 - root - INFO - Image header was read:
2022-01-06 09:14:03,494 - root - INFO - Width: 56, Height: 52, RowLength: 168
2022-01-06 09:14:03,494 - root - INFO - _step: 3, unknown2: 0,
2022-01-06 09:14:03,494 - root - INFO - BPP: 24, Transparency: False
2022-01-06 09:14:03,494 - root - INFO - Resource 81 offset: 799855, length: 8752...
2022-01-06 09:14:03,494 - root - DEBUG - Reading resource 81...
2022-01-06 09:14:03,494 - root - INFO - The image is bmc.
2022-01-06 09:14:03,494 - root - INFO - Reading image header(readHeader16C)...
2022-01-06 09:14:03,494 - root - INFO - Image header was read:
2022-01-06 09:14:03,494 - root - INFO - Width: 56, Height: 52, RowLength: 168
2022-01-06 09:14:03,494 - root - INFO - _step: 3, unknown2: 0,
2022-01-06 09:14:03,494 - root - INFO - BPP: 24, Transparency: False
2022-01-06 09:14:03,510 - root - DEBUG - Parsing parameters...
2022-01-06 09:14:03,596 - root - DEBUG - 0 Value: None
2022-01-06 09:14:03,596 - root - DEBUG - 0.1 Value: 73
2022-01-06 09:14:03,596 - root - DEBUG - 2 Value: None
2022-01-06 09:14:03,596 - root - DEBUG - 2.1 Value: None
2022-01-06 09:14:03,596 - root - DEBUG - 2.1.1 Value: 0
2022-01-06 09:14:03,596 - root - DEBUG - 2.1.2 Value: 0
2022-01-06 09:14:03,596 - root - DEBUG - 2.1.3 Value: 0
2022-01-06 09:14:03,597 - root - DEBUG - 2.7 Value: None
2022-01-06 09:14:03,597 - root - DEBUG - 2.7.1 Value: 0
2022-01-06 09:14:03,597 - root - DEBUG - 2.7.2 Value: 0
2022-01-06 09:14:03,597 - root - DEBUG - 2.7.3 Value: 10
2022-01-06 09:14:03,597 - root - DEBUG - 2.8 Value: None
2022-01-06 09:14:03,597 - root - DEBUG - 2.8.1 Value: 4
2022-01-06 09:14:03,597 - root - DEBUG - 2.8.2 Value: None
2022-01-06 09:14:03,597 - root - DEBUG - 2.8.2.1 Value: 165
2022-01-06 09:14:03,597 - root - DEBUG - 2.8.2.2 Value: 13
2022-01-06 09:14:03,597 - root - DEBUG - 2.8.2 Value: None
2022-01-06 09:14:03,597 - root - DEBUG - 2.8.2.1 Value: 144
2022-01-06 09:14:03,597 - root - DEBUG - 2.8.2.2 Value: 136
2022-01-06 09:14:03,597 - root - DEBUG - 2.8.2 Value: None
2022-01-06 09:14:03,598 - root - DEBUG - 2.8.2.1 Value: 130
2022-01-06 09:14:03,598 - root - DEBUG - 2.8.2.2 Value: 33
2022-01-06 09:14:03,598 - root - DEBUG - 2.9 Value: None
2022-01-06 09:14:03,598 - root - DEBUG - 2.9.1 Value: 1
2022-01-06 09:14:03,598 - root - DEBUG - 2.9.2 Value: None
2022-01-06 09:14:03,598 - root - DEBUG - 2.9.2.1 Value: 165
2022-01-06 09:14:03,598 - root - DEBUG - 2.9.2.2 Value: 13
2022-01-06 09:14:03,598 - root - DEBUG - 2.9.2 Value: None
2022-01-06 09:14:03,598 - root - DEBUG - 2.9.2.1 Value: 144
2022-01-06 09:14:03,598 - root - DEBUG - 2.9.2.2 Value: 136
2022-01-06 09:14:03,598 - root - DEBUG - 2.9.2 Value: None
2022-01-06 09:14:03,598 - root - DEBUG - 2.9.2.1 Value: 130
2022-01-06 09:14:03,598 - root - DEBUG - 2.9.2.2 Value: 33
2022-01-06 09:14:03,599 - root - DEBUG - 2.10 Value: None
2022-01-06 09:14:03,599 - root - DEBUG - 2.10.1 Value: 7
2022-01-06 09:14:03,599 - root - DEBUG - 2.10.2 Value: None
2022-01-06 09:14:03,599 - root - DEBUG - 2.10.2.1 Value: 165
2022-01-06 09:14:03,599 - root - DEBUG - 2.10.2.2 Value: 13
2022-01-06 09:14:03,599 - root - DEBUG - 2.10.2 Value: None
2022-01-06 09:14:03,599 - root - DEBUG - 2.10.2.1 Value: 150
2022-01-06 09:14:03,599 - root - DEBUG - 2.10.2.2 Value: 136
2022-01-06 09:14:03,599 - root - DEBUG - 2.10.2 Value: None
2022-01-06 09:14:03,599 - root - DEBUG - 2.10.2.1 Value: 130
2022-01-06 09:14:03,599 - root - DEBUG - 2.10.2.2 Value: 33
2022-01-06 09:14:03,599 - root - DEBUG - 3 Value: None
2022-01-06 09:14:03,599 - root - DEBUG - 3.1 Value: None
2022-01-06 09:14:03,600 - root - DEBUG - 3.1.1 Value: None
2022-01-06 09:14:03,600 - root - DEBUG - 3.1.1.1 Value: None
2022-01-06 09:14:03,600 - root - DEBUG - 3.1.1.1.1 Value: 198
2022-01-06 09:14:03,600 - root - DEBUG - 3.1.1.1.2 Value: 51
2022-01-06 09:14:03,600 - root - DEBUG - 3.1.1.1.3 Value: 11
2022-01-06 09:14:03,600 - root - DEBUG - 3.1.1.1.4 Value: 10
2022-01-06 09:14:03,600 - root - DEBUG - 3.1.1.2 Value: None
2022-01-06 09:14:03,600 - root - DEBUG - 3.1.1.2.1 Value: 241
2022-01-06 09:14:03,600 - root - DEBUG - 3.1.1.2.2 Value: 51
2022-01-06 09:14:03,600 - root - DEBUG - 3.1.1.2.3 Value: 11
2022-01-06 09:14:03,600 - root - DEBUG - 3.1.1.2.4 Value: 10
2022-01-06 09:14:03,600 - root - DEBUG - 3.1.2 Value: None
2022-01-06 09:14:03,600 - root - DEBUG - 3.1.2.1 Value: None
2022-01-06 09:14:03,601 - root - DEBUG - 3.1.2.1.1 Value: 198
2022-01-06 09:14:03,601 - root - DEBUG - 3.1.2.1.2 Value: 126
2022-01-06 09:14:03,601 - root - DEBUG - 3.1.2.1.3 Value: 11
2022-01-06 09:14:03,601 - root - DEBUG - 3.1.2.1.4 Value: 10
2022-01-06 09:14:03,601 - root - DEBUG - 3.1.2.2 Value: None
2022-01-06 09:14:03,601 - root - DEBUG - 3.1.2.2.1 Value: 241
2022-01-06 09:14:03,601 - root - DEBUG - 3.1.2.2.2 Value: 126
2022-01-06 09:14:03,601 - root - DEBUG - 3.1.2.2.3 Value: 11
2022-01-06 09:14:03,601 - root - DEBUG - 3.1.2.2.4 Value: 10
2022-01-06 09:14:03,601 - root - DEBUG - 3.1.7 Value: 0
2022-01-06 09:14:03,601 - root - DEBUG - 3.1.8 Value: 1
2022-01-06 09:14:03,601 - root - DEBUG - 5 Value: None
2022-01-06 09:14:03,602 - root - DEBUG - 5.1 Value: None
2022-01-06 09:14:03,602 - root - DEBUG - 5.1.2 Value: None
2022-01-06 09:14:03,602 - root - DEBUG - 5.1.2.1 Value: None
2022-01-06 09:14:03,602 - root - DEBUG - 5.1.2.1.1 Value: 221
2022-01-06 09:14:03,602 - root - DEBUG - 5.1.2.1.2 Value: 199
2022-01-06 09:14:03,602 - root - DEBUG - 5.1.2.1.3 Value: 281
2022-01-06 09:14:03,602 - root - DEBUG - 5.1.2.1.4 Value: 225
2022-01-06 09:14:03,602 - root - DEBUG - 5.1.2.1.5 Value: 16
2022-01-06 09:14:03,602 - root - DEBUG - 5.1.2.1.6 Value: 1
2022-01-06 09:14:03,603 - root - DEBUG - 5.1.2.1.7 Value: 0
2022-01-06 09:14:03,603 - root - DEBUG - 5.1.2.1.8 Value: 21
2022-01-06 09:14:03,603 - root - DEBUG - 5.1.2.1.9 Value: 10
2022-01-06 09:14:03,603 - root - DEBUG - 5.1.2.2 Value: 31
2022-01-06 09:14:03,603 - root - DEBUG - 5.1.4 Value: 0
2022-01-06 09:14:03,603 - root - DEBUG - 5.1.5 Value: 0
2022-01-06 09:14:03,603 - root - DEBUG - 5.1.6 Value: 0
2022-01-06 09:14:03,603 - root - DEBUG - 5.2 Value: None
2022-01-06 09:14:03,603 - root - DEBUG - 5.2.1 Value: 241
2022-01-06 09:14:03,604 - root - DEBUG - 5.2.2 Value: 22
2022-01-06 09:14:03,604 - root - DEBUG - 5.2.3 Value: 53
2022-01-06 09:14:03,604 - root - DEBUG - 5.2.4 Value: 54
2022-01-06 09:14:03,604 - root - DEBUG - 5.2.5 Value: 55
2022-01-06 09:14:03,604 - root - DEBUG - 5.2.6 Value: 56
2022-01-06 09:14:03,604 - root - DEBUG - 5.4 Value: None
2022-01-06 09:14:03,604 - root - DEBUG - 5.4.1 Value: 225
2022-01-06 09:14:03,604 - root - DEBUG - 5.4.2 Value: 235
2022-01-06 09:14:03,605 - root - DEBUG - 5.4.3 Value: 32
2022-01-06 09:14:03,605 - root - DEBUG - 5.4.4 Value: 7
2022-01-06 09:14:03,605 - root - DEBUG - 5.5 Value: None
2022-01-06 09:14:03,605 - root - DEBUG - 5.5.1 Value: 225
2022-01-06 09:14:03,605 - root - DEBUG - 5.5.2 Value: 235
2022-01-06 09:14:03,605 - root - DEBUG - 5.5.3 Value: 46
2022-01-06 09:14:03,605 - root - DEBUG - 5.5.4 Value: 7
2022-01-06 09:14:03,605 - root - DEBUG - 5.6 Value: None
2022-01-06 09:14:03,605 - root - DEBUG - 5.6.1 Value: 225
2022-01-06 09:14:03,605 - root - DEBUG - 5.6.2 Value: 235
2022-01-06 09:14:03,606 - root - DEBUG - 5.6.3 Value: 39
2022-01-06 09:14:03,606 - root - DEBUG - 5.6.4 Value: 7
2022-01-06 09:14:03,606 - root - DEBUG - 29 Value: None
2022-01-06 09:14:03,606 - root - DEBUG - 29.1 Value: None
2022-01-06 09:14:03,606 - root - DEBUG - 29.1.1 Value: None
2022-01-06 09:14:03,606 - root - DEBUG - 29.1.1.1 Value: None
2022-01-06 09:14:03,606 - root - DEBUG - 29.1.1.1.1 Value: None
2022-01-06 09:14:03,606 - root - DEBUG - 29.1.1.1.1.1 Value: 198
2022-01-06 09:14:03,606 - root - DEBUG - 29.1.1.1.1.2 Value: 51
2022-01-06 09:14:03,606 - root - DEBUG - 29.1.1.1.1.3 Value: 11
2022-01-06 09:14:03,607 - root - DEBUG - 29.1.1.1.1.4 Value: 10
2022-01-06 09:14:03,607 - root - DEBUG - 29.1.1.1.2 Value: None
2022-01-06 09:14:03,607 - root - DEBUG - 29.1.1.1.2.1 Value: 241
2022-01-06 09:14:03,607 - root - DEBUG - 29.1.1.1.2.2 Value: 51
2022-01-06 09:14:03,607 - root - DEBUG - 29.1.1.1.2.3 Value: 11
2022-01-06 09:14:03,607 - root - DEBUG - 29.1.1.1.2.4 Value: 10
2022-01-06 09:14:03,607 - root - DEBUG - 29.1.1.2 Value: None
2022-01-06 09:14:03,607 - root - DEBUG - 29.1.1.2.1 Value: None
2022-01-06 09:14:03,607 - root - DEBUG - 29.1.1.2.1.1 Value: 198
2022-01-06 09:14:03,607 - root - DEBUG - 29.1.1.2.1.2 Value: 126
2022-01-06 09:14:03,607 - root - DEBUG - 29.1.1.2.1.3 Value: 11
2022-01-06 09:14:03,607 - root - DEBUG - 29.1.1.2.1.4 Value: 10
2022-01-06 09:14:03,608 - root - DEBUG - 29.1.1.2.2 Value: None
2022-01-06 09:14:03,608 - root - DEBUG - 29.1.1.2.2.1 Value: 241
2022-01-06 09:14:03,608 - root - DEBUG - 29.1.1.2.2.2 Value: 126
2022-01-06 09:14:03,608 - root - DEBUG - 29.1.1.2.2.3 Value: 11
2022-01-06 09:14:03,608 - root - DEBUG - 29.1.1.2.2.4 Value: 10
2022-01-06 09:14:03,608 - root - DEBUG - 29.1.1.4 Value: 1
2022-01-06 09:14:03,608 - root - DEBUG - 29.1.4 Value: None
2022-01-06 09:14:03,608 - root - DEBUG - 29.1.4.1 Value: 241
2022-01-06 09:14:03,608 - root - DEBUG - 29.1.4.2 Value: 0
2022-01-06 09:14:03,608 - root - DEBUG - 29.1.4.3 Value: 57
2022-01-06 09:14:03,608 - root - DEBUG - 29.1.4.4 Value: 58
2022-01-06 09:14:03,608 - root - DEBUG - 29.1.4.5 Value: 59
2022-01-06 09:14:03,609 - root - DEBUG - 29.1.4.6 Value: 60
2022-01-06 09:14:03,609 - root - DEBUG - 29.3 Value: None
2022-01-06 09:14:03,609 - root - DEBUG - 29.3.1 Value: None
2022-01-06 09:14:03,609 - root - DEBUG - 29.3.1.1 Value: 225
2022-01-06 09:14:03,609 - root - DEBUG - 29.3.1.2 Value: 235
2022-01-06 09:14:03,609 - root - DEBUG - 29.3.1.3 Value: 61
2022-01-06 09:14:03,609 - root - DEBUG - 29.3.1.4 Value: 7
2022-01-06 09:14:03,609 - root - DEBUG - 29.3.2 Value: None
2022-01-06 09:14:03,609 - root - DEBUG - 29.3.2.1 Value: 225
2022-01-06 09:14:03,609 - root - DEBUG - 29.3.2.2 Value: 235
2022-01-06 09:14:03,610 - root - DEBUG - 29.3.2.3 Value: 75
2022-01-06 09:14:03,610 - root - DEBUG - 29.3.2.4 Value: 7
2022-01-06 09:14:03,610 - root - DEBUG - 29.3.3 Value: None
2022-01-06 09:14:03,610 - root - DEBUG - 29.3.3.1 Value: 225
2022-01-06 09:14:03,610 - root - DEBUG - 29.3.3.2 Value: 235
2022-01-06 09:14:03,610 - root - DEBUG - 29.3.3.3 Value: 68
2022-01-06 09:14:03,610 - root - DEBUG - 29.3.3.4 Value: 7
2022-01-06 09:14:03,610 - root - DEBUG - 29.5 Value: None
2022-01-06 09:14:03,610 - root - DEBUG - 29.5.1 Value: None
2022-01-06 09:14:03,610 - root - DEBUG - 29.5.1.1 Value: 221
2022-01-06 09:14:03,610 - root - DEBUG - 29.5.1.2 Value: 199
2022-01-06 09:14:03,611 - root - DEBUG - 29.5.1.3 Value: 281
2022-01-06 09:14:03,611 - root - DEBUG - 29.5.1.4 Value: 225
2022-01-06 09:14:03,611 - root - DEBUG - 29.5.1.5 Value: 16
2022-01-06 09:14:03,611 - root - DEBUG - 29.5.1.6 Value: 1
2022-01-06 09:14:03,611 - root - DEBUG - 29.5.1.7 Value: 0
2022-01-06 09:14:03,611 - root - DEBUG - 29.5.1.8 Value: 21
2022-01-06 09:14:03,611 - root - DEBUG - 29.5.1.9 Value: 10
2022-01-06 09:14:03,611 - root - DEBUG - 29.5.3 Value: 31
2022-01-06 09:14:03,611 - root - DEBUG - 29.5.7 Value: 0
2022-01-06 09:14:03,611 - root - DEBUG - 29.5.8 Value: 0
2022-01-06 09:14:03,611 - root - DEBUG - 29.5.11 Value: 1
2022-01-06 09:14:03,612 - root - DEBUG - 0-Info
2022-01-06 09:14:03,612 - root - DEBUG - 0.1-DeviceId
2022-01-06 09:14:03,612 - root - DEBUG - 2-Background
2022-01-06 09:14:03,612 - root - DEBUG - 2.1-Image
2022-01-06 09:14:03,612 - root - DEBUG - 2.1.1-X
2022-01-06 09:14:03,613 - root - DEBUG - 2.1.2-Y
2022-01-06 09:14:03,613 - root - DEBUG - 2.1.3-ImageIndex
2022-01-06 09:14:03,613 - root - DEBUG - 2.7-BackgroundZeppCustom
2022-01-06 09:14:03,613 - root - DEBUG - 2.7.1-X
2022-01-06 09:14:03,613 - root - DEBUG - 2.7.2-Y
2022-01-06 09:14:03,613 - root - DEBUG - 2.7.3-ImageIndex
2022-01-06 09:14:03,613 - root - DEBUG - 2.8-UnknownZeppCustom8
2022-01-06 09:14:03,613 - root - DEBUG - 2.9-UnknownZeppCustom9
2022-01-06 09:14:03,613 - root - DEBUG - 2.10-UnknownZeppCustom10
2022-01-06 09:14:03,614 - root - DEBUG - 3-TimeExtended
2022-01-06 09:14:03,614 - root - DEBUG - 3.1-TimeSeparateDigits
2022-01-06 09:14:03,614 - root - DEBUG - 3.1.1-Hours
2022-01-06 09:14:03,614 - root - DEBUG - 3.1.1.1-Tens
2022-01-06 09:14:03,614 - root - DEBUG - 3.1.1.1.1-X
2022-01-06 09:14:03,614 - root - DEBUG - 3.1.1.1.2-Y
2022-01-06 09:14:03,614 - root - DEBUG - 3.1.1.1.3-ImageIndex
2022-01-06 09:14:03,614 - root - DEBUG - 3.1.1.1.4-ImagesCount
2022-01-06 09:14:03,614 - root - DEBUG - 3.1.1.2-Ones
2022-01-06 09:14:03,615 - root - DEBUG - 3.1.1.2.1-X
2022-01-06 09:14:03,615 - root - DEBUG - 3.1.1.2.2-Y
2022-01-06 09:14:03,615 - root - DEBUG - 3.1.1.2.3-ImageIndex
2022-01-06 09:14:03,615 - root - DEBUG - 3.1.1.2.4-ImagesCount
2022-01-06 09:14:03,615 - root - DEBUG - 3.1.2-Minutes
2022-01-06 09:14:03,615 - root - DEBUG - 3.1.2.1-Tens
2022-01-06 09:14:03,615 - root - DEBUG - 3.1.2.1.1-X
2022-01-06 09:14:03,615 - root - DEBUG - 3.1.2.1.2-Y
2022-01-06 09:14:03,615 - root - DEBUG - 3.1.2.1.3-ImageIndex
2022-01-06 09:14:03,616 - root - DEBUG - 3.1.2.1.4-ImagesCount
2022-01-06 09:14:03,616 - root - DEBUG - 3.1.2.2-Ones
2022-01-06 09:14:03,616 - root - DEBUG - 3.1.2.2.1-X
2022-01-06 09:14:03,616 - root - DEBUG - 3.1.2.2.2-Y
2022-01-06 09:14:03,616 - root - DEBUG - 3.1.2.2.3-ImageIndex
2022-01-06 09:14:03,616 - root - DEBUG - 3.1.2.2.4-ImagesCount
2022-01-06 09:14:03,616 - root - DEBUG - 3.1.7-PaddingZeroHours
2022-01-06 09:14:03,616 - root - DEBUG - 3.1.8-PaddingZeroMinutes
2022-01-06 09:14:03,616 - root - DEBUG - 5-DateBlock
2022-01-06 09:14:03,617 - root - DEBUG - 5.1-Date
2022-01-06 09:14:03,617 - root - DEBUG - 5.1.2-OneLineMonthAndDay
2022-01-06 09:14:03,617 - root - DEBUG - 5.1.2.1-Number
2022-01-06 09:14:03,617 - root - DEBUG - 5.1.2.1.1-TopLeftX
2022-01-06 09:14:03,617 - root - DEBUG - 5.1.2.1.2-TopLeftY
2022-01-06 09:14:03,617 - root - DEBUG - 5.1.2.1.3-BottomRightX
2022-01-06 09:14:03,617 - root - DEBUG - 5.1.2.1.4-BottomRightY
2022-01-06 09:14:03,617 - root - DEBUG - 5.1.2.1.5-Alignment
2022-01-06 09:14:03,617 - root - DEBUG - 5.1.2.1.6-Spacing
2022-01-06 09:14:03,618 - root - DEBUG - 5.1.2.1.7-VerticalOffset
2022-01-06 09:14:03,618 - root - DEBUG - 5.1.2.1.8-ImageIndex
2022-01-06 09:14:03,618 - root - DEBUG - 5.1.2.1.9-ImagesCount
2022-01-06 09:14:03,618 - root - DEBUG - 5.1.2.2-DelimiterImageIndex
2022-01-06 09:14:03,618 - root - DEBUG - 5.1.4-PaddingZeroMonth
2022-01-06 09:14:03,618 - root - DEBUG - 5.1.5-PaddingZeroDay
2022-01-06 09:14:03,618 - root - DEBUG - 5.1.6-UnknownBoolean6
2022-01-06 09:14:03,618 - root - DEBUG - 5.2-AmPm
2022-01-06 09:14:03,618 - root - DEBUG - 5.2.1-CommonX
2022-01-06 09:14:03,619 - root - DEBUG - 5.2.2-CommonY
2022-01-06 09:14:03,619 - root - DEBUG - 5.2.3-ImageIndexAMCN
2022-01-06 09:14:03,619 - root - DEBUG - 5.2.4-ImageIndexPMCN
2022-01-06 09:14:03,619 - root - DEBUG - 5.2.5-AmImageIndexEN
2022-01-06 09:14:03,619 - root - DEBUG - 5.2.6-PmImageIndexEN
2022-01-06 09:14:03,619 - root - DEBUG - 5.4-Weekday
2022-01-06 09:14:03,620 - root - DEBUG - 5.4.1-X
2022-01-06 09:14:03,620 - root - DEBUG - 5.4.2-Y
2022-01-06 09:14:03,620 - root - DEBUG - 5.4.3-ImageIndex
2022-01-06 09:14:03,620 - root - DEBUG - 5.4.4-ImagesCount
2022-01-06 09:14:03,620 - root - DEBUG - 5.5-WeekdayChinese
2022-01-06 09:14:03,621 - root - DEBUG - 5.5.1-X
2022-01-06 09:14:03,621 - root - DEBUG - 5.5.2-Y
2022-01-06 09:14:03,621 - root - DEBUG - 5.5.3-ImageIndex
2022-01-06 09:14:03,621 - root - DEBUG - 5.5.4-ImagesCount
2022-01-06 09:14:03,621 - root - DEBUG - 5.6-WeekdayTradChinese
2022-01-06 09:14:03,621 - root - DEBUG - 5.6.1-X
2022-01-06 09:14:03,621 - root - DEBUG - 5.6.2-Y
2022-01-06 09:14:03,622 - root - DEBUG - 5.6.3-ImageIndex
2022-01-06 09:14:03,622 - root - DEBUG - 5.6.4-ImagesCount
2022-01-06 09:14:03,622 - root - DEBUG - 29-AlwaysOnDisplay
2022-01-06 09:14:03,622 - root - DEBUG - 29.1-TimeExtended
2022-01-06 09:14:03,623 - root - DEBUG - 29.1.1-TimeSeparateDigits
2022-01-06 09:14:03,623 - root - DEBUG - 29.1.1.1-Hours
2022-01-06 09:14:03,623 - root - DEBUG - 29.1.1.1.1-Tens
2022-01-06 09:14:03,623 - root - DEBUG - 29.1.1.1.1.1-X
2022-01-06 09:14:03,623 - root - DEBUG - 29.1.1.1.1.2-Y
2022-01-06 09:14:03,623 - root - DEBUG - 29.1.1.1.1.3-ImageIndex
2022-01-06 09:14:03,623 - root - DEBUG - 29.1.1.1.1.4-ImagesCount
2022-01-06 09:14:03,623 - root - DEBUG - 29.1.1.1.2-Ones
2022-01-06 09:14:03,623 - root - DEBUG - 29.1.1.1.2.1-X
2022-01-06 09:14:03,624 - root - DEBUG - 29.1.1.1.2.2-Y
2022-01-06 09:14:03,624 - root - DEBUG - 29.1.1.1.2.3-ImageIndex
2022-01-06 09:14:03,624 - root - DEBUG - 29.1.1.1.2.4-ImagesCount
2022-01-06 09:14:03,624 - root - DEBUG - 29.1.1.2-Minutes
2022-01-06 09:14:03,624 - root - DEBUG - 29.1.1.2.1-Tens
2022-01-06 09:14:03,624 - root - DEBUG - 29.1.1.2.1.1-X
2022-01-06 09:14:03,624 - root - DEBUG - 29.1.1.2.1.2-Y
2022-01-06 09:14:03,624 - root - DEBUG - 29.1.1.2.1.3-ImageIndex
2022-01-06 09:14:03,624 - root - DEBUG - 29.1.1.2.1.4-ImagesCount
2022-01-06 09:14:03,624 - root - DEBUG - 29.1.1.2.2-Ones
2022-01-06 09:14:03,625 - root - DEBUG - 29.1.1.2.2.1-X
2022-01-06 09:14:03,625 - root - DEBUG - 29.1.1.2.2.2-Y
2022-01-06 09:14:03,625 - root - DEBUG - 29.1.1.2.2.3-ImageIndex
2022-01-06 09:14:03,625 - root - DEBUG - 29.1.1.2.2.4-ImagesCount
2022-01-06 09:14:03,625 - root - DEBUG - 29.1.1.4-PaddingZeroHours
2022-01-06 09:14:03,625 - root - DEBUG - 29.1.4-AmPm
2022-01-06 09:14:03,625 - root - DEBUG - 29.1.4.1-CommonX
2022-01-06 09:14:03,625 - root - DEBUG - 29.1.4.2-CommonY
2022-01-06 09:14:03,625 - root - DEBUG - 29.1.4.3-ImageIndexAMCN
2022-01-06 09:14:03,626 - root - DEBUG - 29.1.4.4-ImageIndexPMCN
2022-01-06 09:14:03,626 - root - DEBUG - 29.1.4.5-AmImageIndexEN
2022-01-06 09:14:03,626 - root - DEBUG - 29.1.4.6-PmImageIndexEN
2022-01-06 09:14:03,626 - root - DEBUG - 29.3-Week
2022-01-06 09:14:03,626 - root - DEBUG - 29.3.1-Weekday
2022-01-06 09:14:03,626 - root - DEBUG - 29.3.1.1-X
2022-01-06 09:14:03,626 - root - DEBUG - 29.3.1.2-Y
2022-01-06 09:14:03,626 - root - DEBUG - 29.3.1.3-ImageIndex
2022-01-06 09:14:03,626 - root - DEBUG - 29.3.1.4-ImagesCount
2022-01-06 09:14:03,626 - root - DEBUG - 29.3.2-WeekdayChinese
2022-01-06 09:14:03,627 - root - DEBUG - 29.3.2.1-X
2022-01-06 09:14:03,627 - root - DEBUG - 29.3.2.2-Y
2022-01-06 09:14:03,627 - root - DEBUG - 29.3.2.3-ImageIndex
2022-01-06 09:14:03,627 - root - DEBUG - 29.3.2.4-ImagesCount
2022-01-06 09:14:03,627 - root - DEBUG - 29.3.3-WeekdayTradChinese
2022-01-06 09:14:03,627 - root - DEBUG - 29.3.3.1-X
2022-01-06 09:14:03,627 - root - DEBUG - 29.3.3.2-Y
2022-01-06 09:14:03,627 - root - DEBUG - 29.3.3.3-ImageIndex
2022-01-06 09:14:03,627 - root - DEBUG - 29.3.3.4-ImagesCount
2022-01-06 09:14:03,628 - root - DEBUG - 29.5-Date
2022-01-06 09:14:03,628 - root - DEBUG - 29.5.1-Month
2022-01-06 09:14:03,628 - root - DEBUG - 29.5.1.1-TopLeftX
2022-01-06 09:14:03,628 - root - DEBUG - 29.5.1.2-TopLeftY
2022-01-06 09:14:03,628 - root - DEBUG - 29.5.1.3-BottomRightX
2022-01-06 09:14:03,628 - root - DEBUG - 29.5.1.4-BottomRightY
2022-01-06 09:14:03,628 - root - DEBUG - 29.5.1.5-Alignment
2022-01-06 09:14:03,628 - root - DEBUG - 29.5.1.6-Spacing
2022-01-06 09:14:03,628 - root - DEBUG - 29.5.1.7-VerticalOffset
2022-01-06 09:14:03,629 - root - DEBUG - 29.5.1.8-ImageIndex
2022-01-06 09:14:03,629 - root - DEBUG - 29.5.1.9-ImagesCount
2022-01-06 09:14:03,629 - root - DEBUG - 29.5.3-MonthDataTypeImageIndex
2022-01-06 09:14:03,629 - root - DEBUG - 29.5.7-PaddingZeroMonth
2022-01-06 09:14:03,629 - root - DEBUG - 29.5.8-PaddingZeroDay
2022-01-06 09:14:03,629 - root - DEBUG - 29.5.11-DayFollowsMonth
2022-01-06 09:14:03,629 - root - DEBUG - generatePreviews
2022-01-06 09:14:03,629 - root - DEBUG - Generating previews...
2022-01-06 09:14:03,632 - root - DEBUG - Generating states done...
2022-01-06 09:14:03,640 - root - DEBUG - >>>>>>>>>>>> 0 <watchFaceParser.models.parameter.Parameter object at 0x000001F33E1C70C8>
2022-01-06 09:14:03,640 - root - DEBUG - >>>>>>>>>>>> 2 <watchFaceParser.models.parameter.Parameter object at 0x000001F33E1B1B48>
2022-01-06 09:14:03,645 - root - DEBUG - >>>>>>>>>>>> 3 <watchFaceParser.models.parameter.Parameter object at 0x000001F33E1BE648>
2022-01-06 09:14:03,650 - root - DEBUG - >>>>>>>>>>>> 5 <watchFaceParser.models.parameter.Parameter object at 0x000001F33E1C1BC8>
2022-01-06 09:14:03,660 - root - DEBUG - >>>>>>>>>>>> 29 <watchFaceParser.models.parameter.Parameter object at 0x000001F33E1C18C8>
2022-01-06 09:14:03,677 - root - DEBUG - Generating static preview gen done...
2022-01-06 09:14:03,795 - root - DEBUG - Generating static preview save done...
2022-01-06 09:14:03,795 - root - DEBUG - Generating anim preview gen done...
2022-01-06 09:14:03,795 - root - DEBUG - >>>>>>>>>>>> 0 <watchFaceParser.models.parameter.Parameter object at 0x000001F33E1C70C8>
2022-01-06 09:14:03,796 - root - DEBUG - >>>>>>>>>>>> 2 <watchFaceParser.models.parameter.Parameter object at 0x000001F33E1B1B48>
2022-01-06 09:14:03,796 - root - DEBUG - >>>>>>>>>>>> 3 <watchFaceParser.models.parameter.Parameter object at 0x000001F33E1BE648>
2022-01-06 09:14:03,796 - root - DEBUG - >>>>>>>>>>>> 5 <watchFaceParser.models.parameter.Parameter object at 0x000001F33E1C1BC8>
2022-01-06 09:14:03,796 - root - DEBUG - >>>>>>>>>>>> 29 <watchFaceParser.models.parameter.Parameter object at 0x000001F33E1C18C8>
2022-01-06 09:14:03,908 - root - DEBUG - generatePreviews done
2022-01-06 09:14:03,908 - root - DEBUG - Exporting resources to 'E:\Codez\zepp-gts2mini-wf\9a176bd9b22f22168e70acf83416d751'
2022-01-06 09:14:03,911 - root - DEBUG - extracting E:\Codez\zepp-gts2mini-wf\9a176bd9b22f22168e70acf83416d751\0000.png...
2022-01-06 09:14:03,978 - root - DEBUG - extracting E:\Codez\zepp-gts2mini-wf\9a176bd9b22f22168e70acf83416d751\0001.png...
2022-01-06 09:14:03,979 - root - DEBUG - extracting E:\Codez\zepp-gts2mini-wf\9a176bd9b22f22168e70acf83416d751\0002.png...
2022-01-06 09:14:03,980 - root - DEBUG - extracting E:\Codez\zepp-gts2mini-wf\9a176bd9b22f22168e70acf83416d751\0003.png...
2022-01-06 09:14:03,982 - root - DEBUG - extracting E:\Codez\zepp-gts2mini-wf\9a176bd9b22f22168e70acf83416d751\0004.png...
2022-01-06 09:14:03,982 - root - DEBUG - extracting E:\Codez\zepp-gts2mini-wf\9a176bd9b22f22168e70acf83416d751\0005.png...
2022-01-06 09:14:03,983 - root - DEBUG - extracting E:\Codez\zepp-gts2mini-wf\9a176bd9b22f22168e70acf83416d751\0006.png...
2022-01-06 09:14:03,985 - root - DEBUG - extracting E:\Codez\zepp-gts2mini-wf\9a176bd9b22f22168e70acf83416d751\0007.png...
2022-01-06 09:14:03,985 - root - DEBUG - extracting E:\Codez\zepp-gts2mini-wf\9a176bd9b22f22168e70acf83416d751\0008.png...
2022-01-06 09:14:03,987 - root - DEBUG - extracting E:\Codez\zepp-gts2mini-wf\9a176bd9b22f22168e70acf83416d751\0009.png...
2022-01-06 09:14:03,989 - root - DEBUG - extracting E:\Codez\zepp-gts2mini-wf\9a176bd9b22f22168e70acf83416d751\0010.png...
2022-01-06 09:14:04,023 - root - DEBUG - extracting E:\Codez\zepp-gts2mini-wf\9a176bd9b22f22168e70acf83416d751\0011.png...
2022-01-06 09:14:04,024 - root - DEBUG - extracting E:\Codez\zepp-gts2mini-wf\9a176bd9b22f22168e70acf83416d751\0012.png...
2022-01-06 09:14:04,025 - root - DEBUG - extracting E:\Codez\zepp-gts2mini-wf\9a176bd9b22f22168e70acf83416d751\0013.png...
2022-01-06 09:14:04,026 - root - DEBUG - extracting E:\Codez\zepp-gts2mini-wf\9a176bd9b22f22168e70acf83416d751\0014.png...
2022-01-06 09:14:04,027 - root - DEBUG - extracting E:\Codez\zepp-gts2mini-wf\9a176bd9b22f22168e70acf83416d751\0015.png...
2022-01-06 09:14:04,028 - root - DEBUG - extracting E:\Codez\zepp-gts2mini-wf\9a176bd9b22f22168e70acf83416d751\0016.png...
2022-01-06 09:14:04,029 - root - DEBUG - extracting E:\Codez\zepp-gts2mini-wf\9a176bd9b22f22168e70acf83416d751\0017.png...
2022-01-06 09:14:04,030 - root - DEBUG - extracting E:\Codez\zepp-gts2mini-wf\9a176bd9b22f22168e70acf83416d751\0018.png...
2022-01-06 09:14:04,031 - root - DEBUG - extracting E:\Codez\zepp-gts2mini-wf\9a176bd9b22f22168e70acf83416d751\0019.png...
2022-01-06 09:14:04,032 - root - DEBUG - extracting E:\Codez\zepp-gts2mini-wf\9a176bd9b22f22168e70acf83416d751\0020.png...
2022-01-06 09:14:04,034 - root - DEBUG - extracting E:\Codez\zepp-gts2mini-wf\9a176bd9b22f22168e70acf83416d751\0021.png...
2022-01-06 09:14:04,034 - root - DEBUG - extracting E:\Codez\zepp-gts2mini-wf\9a176bd9b22f22168e70acf83416d751\0022.png...
2022-01-06 09:14:04,035 - root - DEBUG - extracting E:\Codez\zepp-gts2mini-wf\9a176bd9b22f22168e70acf83416d751\0023.png...
2022-01-06 09:14:04,036 - root - DEBUG - extracting E:\Codez\zepp-gts2mini-wf\9a176bd9b22f22168e70acf83416d751\0024.png...
2022-01-06 09:14:04,038 - root - DEBUG - extracting E:\Codez\zepp-gts2mini-wf\9a176bd9b22f22168e70acf83416d751\0025.png...
2022-01-06 09:14:04,038 - root - DEBUG - extracting E:\Codez\zepp-gts2mini-wf\9a176bd9b22f22168e70acf83416d751\0026.png...
2022-01-06 09:14:04,039 - root - DEBUG - extracting E:\Codez\zepp-gts2mini-wf\9a176bd9b22f22168e70acf83416d751\0027.png...
2022-01-06 09:14:04,040 - root - DEBUG - extracting E:\Codez\zepp-gts2mini-wf\9a176bd9b22f22168e70acf83416d751\0028.png...
2022-01-06 09:14:04,040 - root - DEBUG - extracting E:\Codez\zepp-gts2mini-wf\9a176bd9b22f22168e70acf83416d751\0029.png...
2022-01-06 09:14:04,041 - root - DEBUG - extracting E:\Codez\zepp-gts2mini-wf\9a176bd9b22f22168e70acf83416d751\0030.png...
2022-01-06 09:14:04,042 - root - DEBUG - extracting E:\Codez\zepp-gts2mini-wf\9a176bd9b22f22168e70acf83416d751\0031.png...
2022-01-06 09:14:04,042 - root - DEBUG - extracting E:\Codez\zepp-gts2mini-wf\9a176bd9b22f22168e70acf83416d751\0032.png...
2022-01-06 09:14:04,043 - root - DEBUG - extracting E:\Codez\zepp-gts2mini-wf\9a176bd9b22f22168e70acf83416d751\0033.png...
2022-01-06 09:14:04,044 - root - DEBUG - extracting E:\Codez\zepp-gts2mini-wf\9a176bd9b22f22168e70acf83416d751\0034.png...
2022-01-06 09:14:04,045 - root - DEBUG - extracting E:\Codez\zepp-gts2mini-wf\9a176bd9b22f22168e70acf83416d751\0035.png...
2022-01-06 09:14:04,046 - root - DEBUG - extracting E:\Codez\zepp-gts2mini-wf\9a176bd9b22f22168e70acf83416d751\0036.png...
2022-01-06 09:14:04,047 - root - DEBUG - extracting E:\Codez\zepp-gts2mini-wf\9a176bd9b22f22168e70acf83416d751\0037.png...
2022-01-06 09:14:04,048 - root - DEBUG - extracting E:\Codez\zepp-gts2mini-wf\9a176bd9b22f22168e70acf83416d751\0038.png...
2022-01-06 09:14:04,049 - root - DEBUG - extracting E:\Codez\zepp-gts2mini-wf\9a176bd9b22f22168e70acf83416d751\0039.png...
2022-01-06 09:14:04,050 - root - DEBUG - extracting E:\Codez\zepp-gts2mini-wf\9a176bd9b22f22168e70acf83416d751\0040.png...
2022-01-06 09:14:04,051 - root - DEBUG - extracting E:\Codez\zepp-gts2mini-wf\9a176bd9b22f22168e70acf83416d751\0041.png...
2022-01-06 09:14:04,051 - root - DEBUG - extracting E:\Codez\zepp-gts2mini-wf\9a176bd9b22f22168e70acf83416d751\0042.png...
2022-01-06 09:14:04,053 - root - DEBUG - extracting E:\Codez\zepp-gts2mini-wf\9a176bd9b22f22168e70acf83416d751\0043.png...
2022-01-06 09:14:04,055 - root - DEBUG - extracting E:\Codez\zepp-gts2mini-wf\9a176bd9b22f22168e70acf83416d751\0044.png...
2022-01-06 09:14:04,055 - root - DEBUG - extracting E:\Codez\zepp-gts2mini-wf\9a176bd9b22f22168e70acf83416d751\0045.png...
2022-01-06 09:14:04,056 - root - DEBUG - extracting E:\Codez\zepp-gts2mini-wf\9a176bd9b22f22168e70acf83416d751\0046.png...
2022-01-06 09:14:04,057 - root - DEBUG - extracting E:\Codez\zepp-gts2mini-wf\9a176bd9b22f22168e70acf83416d751\0047.png...
2022-01-06 09:14:04,058 - root - DEBUG - extracting E:\Codez\zepp-gts2mini-wf\9a176bd9b22f22168e70acf83416d751\0048.png...
2022-01-06 09:14:04,059 - root - DEBUG - extracting E:\Codez\zepp-gts2mini-wf\9a176bd9b22f22168e70acf83416d751\0049.png...
2022-01-06 09:14:04,060 - root - DEBUG - extracting E:\Codez\zepp-gts2mini-wf\9a176bd9b22f22168e70acf83416d751\0050.png...
2022-01-06 09:14:04,061 - root - DEBUG - extracting E:\Codez\zepp-gts2mini-wf\9a176bd9b22f22168e70acf83416d751\0051.png...
2022-01-06 09:14:04,062 - root - DEBUG - extracting E:\Codez\zepp-gts2mini-wf\9a176bd9b22f22168e70acf83416d751\0052.png...
2022-01-06 09:14:04,063 - root - DEBUG - extracting E:\Codez\zepp-gts2mini-wf\9a176bd9b22f22168e70acf83416d751\0053.png...
2022-01-06 09:14:04,064 - root - DEBUG - extracting E:\Codez\zepp-gts2mini-wf\9a176bd9b22f22168e70acf83416d751\0054.png...
2022-01-06 09:14:04,065 - root - DEBUG - extracting E:\Codez\zepp-gts2mini-wf\9a176bd9b22f22168e70acf83416d751\0055.png...
2022-01-06 09:14:04,066 - root - DEBUG - extracting E:\Codez\zepp-gts2mini-wf\9a176bd9b22f22168e70acf83416d751\0056.png...
2022-01-06 09:14:04,066 - root - DEBUG - extracting E:\Codez\zepp-gts2mini-wf\9a176bd9b22f22168e70acf83416d751\0057.png...
2022-01-06 09:14:04,067 - root - DEBUG - extracting E:\Codez\zepp-gts2mini-wf\9a176bd9b22f22168e70acf83416d751\0058.png...
2022-01-06 09:14:04,068 - root - DEBUG - extracting E:\Codez\zepp-gts2mini-wf\9a176bd9b22f22168e70acf83416d751\0059.png...
2022-01-06 09:14:04,069 - root - DEBUG - extracting E:\Codez\zepp-gts2mini-wf\9a176bd9b22f22168e70acf83416d751\0060.png...
2022-01-06 09:14:04,071 - root - DEBUG - extracting E:\Codez\zepp-gts2mini-wf\9a176bd9b22f22168e70acf83416d751\0061.png...
2022-01-06 09:14:04,072 - root - DEBUG - extracting E:\Codez\zepp-gts2mini-wf\9a176bd9b22f22168e70acf83416d751\0062.png...
2022-01-06 09:14:04,073 - root - DEBUG - extracting E:\Codez\zepp-gts2mini-wf\9a176bd9b22f22168e70acf83416d751\0063.png...
2022-01-06 09:14:04,074 - root - DEBUG - extracting E:\Codez\zepp-gts2mini-wf\9a176bd9b22f22168e70acf83416d751\0064.png...
2022-01-06 09:14:04,075 - root - DEBUG - extracting E:\Codez\zepp-gts2mini-wf\9a176bd9b22f22168e70acf83416d751\0065.png...
2022-01-06 09:14:04,076 - root - DEBUG - extracting E:\Codez\zepp-gts2mini-wf\9a176bd9b22f22168e70acf83416d751\0066.png...
2022-01-06 09:14:04,077 - root - DEBUG - extracting E:\Codez\zepp-gts2mini-wf\9a176bd9b22f22168e70acf83416d751\0067.png...
2022-01-06 09:14:04,078 - root - DEBUG - extracting E:\Codez\zepp-gts2mini-wf\9a176bd9b22f22168e70acf83416d751\0068.png...
2022-01-06 09:14:04,079 - root - DEBUG - extracting E:\Codez\zepp-gts2mini-wf\9a176bd9b22f22168e70acf83416d751\0069.png...
2022-01-06 09:14:04,080 - root - DEBUG - extracting E:\Codez\zepp-gts2mini-wf\9a176bd9b22f22168e70acf83416d751\0070.png...
2022-01-06 09:14:04,081 - root - DEBUG - extracting E:\Codez\zepp-gts2mini-wf\9a176bd9b22f22168e70acf83416d751\0071.png...
2022-01-06 09:14:04,082 - root - DEBUG - extracting E:\Codez\zepp-gts2mini-wf\9a176bd9b22f22168e70acf83416d751\0072.png...
2022-01-06 09:14:04,083 - root - DEBUG - extracting E:\Codez\zepp-gts2mini-wf\9a176bd9b22f22168e70acf83416d751\0073.png...
2022-01-06 09:14:04,084 - root - DEBUG - extracting E:\Codez\zepp-gts2mini-wf\9a176bd9b22f22168e70acf83416d751\0074.png...
2022-01-06 09:14:04,085 - root - DEBUG - extracting E:\Codez\zepp-gts2mini-wf\9a176bd9b22f22168e70acf83416d751\0075.png...
2022-01-06 09:14:04,087 - root - DEBUG - extracting E:\Codez\zepp-gts2mini-wf\9a176bd9b22f22168e70acf83416d751\0076.png...
2022-01-06 09:14:04,088 - root - DEBUG - extracting E:\Codez\zepp-gts2mini-wf\9a176bd9b22f22168e70acf83416d751\0077.png...
2022-01-06 09:14:04,090 - root - DEBUG - extracting E:\Codez\zepp-gts2mini-wf\9a176bd9b22f22168e70acf83416d751\0078.png...
2022-01-06 09:14:04,091 - root - DEBUG - extracting E:\Codez\zepp-gts2mini-wf\9a176bd9b22f22168e70acf83416d751\0079.png...
2022-01-06 09:14:04,092 - root - DEBUG - extracting E:\Codez\zepp-gts2mini-wf\9a176bd9b22f22168e70acf83416d751\0080.png...
2022-01-06 09:14:04,093 - root - DEBUG - extracting E:\Codez\zepp-gts2mini-wf\9a176bd9b22f22168e70acf83416d751\0081.png...
2022-01-06 09:14:04,094 - root - DEBUG - Exporting config...
