2021-10-19 20:20:01,745 - root - DEBUG - Opening watch face '6e6e07f883b94e417395456510fb965a.bin'
2021-10-19 20:20:01,755 - root - DEBUG - Reading parameters...
2021-10-19 20:20:01,755 - root - INFO - Reading header...
2021-10-19 20:20:01,761 - root - INFO - Header was read:
2021-10-19 20:20:01,761 - root - INFO - Signature: b'UIHH\x01\x00\xff', Unknown: 111, ParametersSize: 33, isValid: True, deviceId: 73
2021-10-19 20:20:01,761 - root - INFO - Reading parameter offsets...
2021-10-19 20:20:01,761 - root - INFO - Parameter offsets were read from file
2021-10-19 20:20:01,761 - root - INFO - Reading parameters descriptor...
2021-10-19 20:20:01,761 - root - INFO - 1 ( A): 5 bytes
2021-10-19 20:20:01,761 - root - INFO -     1 ( 8): 266 10A
2021-10-19 20:20:01,761 - root - INFO -     2 (10): 73 49
2021-10-19 20:20:01,761 - root - INFO - getParameters descriptor was read:
2021-10-19 20:20:01,761 - root - INFO - ParametersTableLength: 266, ImagesCount: 73
2021-10-19 20:20:01,761 - root - INFO - Reading parameters locations...
2021-10-19 20:20:01,761 - root - INFO - 2 (12): 4 bytes
2021-10-19 20:20:01,761 - root - INFO -     1 ( 8): 0  0
2021-10-19 20:20:01,761 - root - INFO -     2 (10): 32 20
2021-10-19 20:20:01,761 - root - INFO - 3 (1A): 4 bytes
2021-10-19 20:20:01,761 - root - INFO -     1 ( 8): 32 20
2021-10-19 20:20:01,761 - root - INFO -     2 (10): 54 36
2021-10-19 20:20:01,761 - root - INFO - 5 (2A): 4 bytes
2021-10-19 20:20:01,761 - root - INFO -     1 ( 8): 86 56
2021-10-19 20:20:01,761 - root - INFO -     2 (10): 111 6F
2021-10-19 20:20:01,761 - root - INFO - 29 (EA): 5 bytes
2021-10-19 20:20:01,761 - root - INFO -     1 ( 8): 197 C5
2021-10-19 20:20:01,761 - root - INFO -     2 (10): 69 45
2021-10-19 20:20:01,761 - root - INFO - Watch face parameters locations were read:
2021-10-19 20:20:01,761 - root - INFO - Reading descriptor for parameter 2
2021-10-19 20:20:01,761 - root - INFO - Descriptor offset: 0, Descriptor length: 32
2021-10-19 20:20:01,761 - root - INFO - Parsing descriptor for parameter 2...
2021-10-19 20:20:01,761 - root - INFO - 1 ( A): 6 bytes
2021-10-19 20:20:01,761 - root - INFO -     1 ( 8): 0  0
2021-10-19 20:20:01,761 - root - INFO -     2 (10): 0  0
2021-10-19 20:20:01,761 - root - INFO -     3 (18): 3  3
2021-10-19 20:20:01,761 - root - INFO - 3 (1A): 6 bytes
2021-10-19 20:20:01,761 - root - INFO -     1 ( 8): 0  0
2021-10-19 20:20:01,761 - root - INFO -     2 (10): 0  0
2021-10-19 20:20:01,761 - root - INFO -     3 (18): 1  1
2021-10-19 20:20:01,761 - root - INFO - 4 (22): 6 bytes
2021-10-19 20:20:01,761 - root - INFO -     1 ( 8): 0  0
2021-10-19 20:20:01,761 - root - INFO -     2 (10): 0  0
2021-10-19 20:20:01,761 - root - INFO -     3 (18): 2  2
2021-10-19 20:20:01,761 - root - INFO - 5 (2A): 6 bytes
2021-10-19 20:20:01,765 - root - INFO -     1 ( 8): 0  0
2021-10-19 20:20:01,765 - root - INFO -     2 (10): 0  0
2021-10-19 20:20:01,765 - root - INFO -     3 (18): 0  0
2021-10-19 20:20:01,765 - root - INFO - Reading descriptor for parameter 3
2021-10-19 20:20:01,765 - root - INFO - Descriptor offset: 32, Descriptor length: 54
2021-10-19 20:20:01,765 - root - INFO - Parsing descriptor for parameter 3...
2021-10-19 20:20:01,765 - root - INFO - 1 ( A): 52 bytes
2021-10-19 20:20:01,765 - root - INFO -     1 ( A): 21 bytes
2021-10-19 20:20:01,765 - root - INFO -         1 ( A): 8 bytes
2021-10-19 20:20:01,765 - root - INFO -             1 ( 8): 75 4B
2021-10-19 20:20:01,765 - root - INFO -             2 (10): 33 21
2021-10-19 20:20:01,765 - root - INFO -             3 (18): 4  4
2021-10-19 20:20:01,765 - root - INFO -             4 (20): 10  A
2021-10-19 20:20:01,765 - root - INFO -         2 (12): 9 bytes
2021-10-19 20:20:01,765 - root - INFO -             1 ( 8): 153 99
2021-10-19 20:20:01,765 - root - INFO -             2 (10): 33 21
2021-10-19 20:20:01,765 - root - INFO -             3 (18): 4  4
2021-10-19 20:20:01,765 - root - INFO -             4 (20): 10  A
2021-10-19 20:20:01,765 - root - INFO -     2 (12): 23 bytes
2021-10-19 20:20:01,765 - root - INFO -         1 ( A): 9 bytes
2021-10-19 20:20:01,765 - root - INFO -             1 ( 8): 75 4B
2021-10-19 20:20:01,765 - root - INFO -             2 (10): 224 E0
2021-10-19 20:20:01,765 - root - INFO -             3 (18): 4  4
2021-10-19 20:20:01,765 - root - INFO -             4 (20): 10  A
2021-10-19 20:20:01,765 - root - INFO -         2 (12): 10 bytes
2021-10-19 20:20:01,765 - root - INFO -             1 ( 8): 153 99
2021-10-19 20:20:01,765 - root - INFO -             2 (10): 224 E0
2021-10-19 20:20:01,765 - root - INFO -             3 (18): 4  4
2021-10-19 20:20:01,765 - root - INFO -             4 (20): 10  A
2021-10-19 20:20:01,765 - root - INFO -     7 (38): 0  0
2021-10-19 20:20:01,765 - root - INFO -     8 (40): 1  1
2021-10-19 20:20:01,765 - root - INFO - Reading descriptor for parameter 5
2021-10-19 20:20:01,765 - root - INFO - Descriptor offset: 86, Descriptor length: 111
2021-10-19 20:20:01,765 - root - INFO - Parsing descriptor for parameter 5...
2021-10-19 20:20:01,765 - root - INFO - 1 ( A): 58 bytes
2021-10-19 20:20:01,765 - root - INFO -     9 (4A): 50 bytes
2021-10-19 20:20:01,765 - root - INFO -         3 (1A): 22 bytes
2021-10-19 20:20:01,765 - root - INFO -             1 ( 8): 137 89
2021-10-19 20:20:01,765 - root - INFO -             2 (10): 166 A6
2021-10-19 20:20:01,765 - root - INFO -             3 (18): 171 AB
2021-10-19 20:20:01,765 - root - INFO -             4 (20): 187 BB
2021-10-19 20:20:01,765 - root - INFO -             5 (28): 18 12
2021-10-19 20:20:01,765 - root - INFO -             6 (30): 0  0
2021-10-19 20:20:01,765 - root - INFO -             7 (38): 0  0
2021-10-19 20:20:01,765 - root - INFO -             8 (40): 14  E
2021-10-19 20:20:01,765 - root - INFO -             9 (48): 10  A
2021-10-19 20:20:01,765 - root - INFO -         4 (20): 0  0
2021-10-19 20:20:01,765 - root - INFO -         5 (28): 0  0
2021-10-19 20:20:01,765 - root - INFO -         6 (32): 9 bytes
2021-10-19 20:20:01,765 - root - INFO -             1 ( 8): 46 2E
2021-10-19 20:20:01,765 - root - INFO -             2 (10): 161 A1
2021-10-19 20:20:01,765 - root - INFO -             3 (18): 24 18
2021-10-19 20:20:01,765 - root - INFO -             4 (20): 12  C
2021-10-19 20:20:01,765 - root - INFO -         7 (3A): 9 bytes
2021-10-19 20:20:01,765 - root - INFO -             1 ( 8): 46 2E
2021-10-19 20:20:01,765 - root - INFO -             2 (10): 161 A1
2021-10-19 20:20:01,765 - root - INFO -             3 (18): 36 24
2021-10-19 20:20:01,765 - root - INFO -             4 (20): 12  C
2021-10-19 20:20:01,765 - root - INFO -     4 (20): 1  1
2021-10-19 20:20:01,765 - root - INFO -     5 (28): 1  1
2021-10-19 20:20:01,765 - root - INFO -     6 (30): 0  0
2021-10-19 20:20:01,765 - root - INFO - 2 (12): 13 bytes
2021-10-19 20:20:01,765 - root - INFO -     1 ( 8): 233 E9
2021-10-19 20:20:01,765 - root - INFO -     2 (10): 42 2A
2021-10-19 20:20:01,765 - root - INFO -     3 (18): 69 45
2021-10-19 20:20:01,765 - root - INFO -     4 (20): 70 46
2021-10-19 20:20:01,765 - root - INFO -     5 (28): 71 47
2021-10-19 20:20:01,765 - root - INFO -     6 (30): 72 48
2021-10-19 20:20:01,765 - root - INFO - 4 (22): 10 bytes
2021-10-19 20:20:01,765 - root - INFO -     1 ( 8): 198 C6
2021-10-19 20:20:01,765 - root - INFO -     2 (10): 161 A1
2021-10-19 20:20:01,765 - root - INFO -     3 (18): 48 30
2021-10-19 20:20:01,765 - root - INFO -     4 (20): 7  7
2021-10-19 20:20:01,765 - root - INFO - 5 (2A): 10 bytes
2021-10-19 20:20:01,765 - root - INFO -     1 ( 8): 198 C6
2021-10-19 20:20:01,765 - root - INFO -     2 (10): 161 A1
2021-10-19 20:20:01,765 - root - INFO -     3 (18): 62 3E
2021-10-19 20:20:01,765 - root - INFO -     4 (20): 7  7
2021-10-19 20:20:01,765 - root - INFO - 6 (32): 10 bytes
2021-10-19 20:20:01,765 - root - INFO -     1 ( 8): 198 C6
2021-10-19 20:20:01,765 - root - INFO -     2 (10): 161 A1
2021-10-19 20:20:01,765 - root - INFO -     3 (18): 55 37
2021-10-19 20:20:01,765 - root - INFO -     4 (20): 7  7
2021-10-19 20:20:01,765 - root - INFO - Reading descriptor for parameter 29
2021-10-19 20:20:01,765 - root - INFO - Descriptor offset: 197, Descriptor length: 69
2021-10-19 20:20:01,765 - root - INFO - Parsing descriptor for parameter 29...
2021-10-19 20:20:01,765 - root - INFO - 1 ( A): 67 bytes
2021-10-19 20:20:01,765 - root - INFO -     1 ( A): 50 bytes
2021-10-19 20:20:01,765 - root - INFO -         1 ( A): 21 bytes
2021-10-19 20:20:01,765 - root - INFO -             1 ( A): 8 bytes
2021-10-19 20:20:01,765 - root - INFO -                 1 ( 8): 75 4B
2021-10-19 20:20:01,765 - root - INFO -                 2 (10): 33 21
2021-10-19 20:20:01,765 - root - INFO -                 3 (18): 4  4
2021-10-19 20:20:01,765 - root - INFO -                 4 (20): 10  A
2021-10-19 20:20:01,765 - root - INFO -             2 (12): 9 bytes
2021-10-19 20:20:01,765 - root - INFO -                 1 ( 8): 153 99
2021-10-19 20:20:01,765 - root - INFO -                 2 (10): 33 21
2021-10-19 20:20:01,765 - root - INFO -                 3 (18): 4  4
2021-10-19 20:20:01,765 - root - INFO -                 4 (20): 10  A
2021-10-19 20:20:01,765 - root - INFO -         2 (12): 23 bytes
2021-10-19 20:20:01,765 - root - INFO -             1 ( A): 9 bytes
2021-10-19 20:20:01,765 - root - INFO -                 1 ( 8): 75 4B
2021-10-19 20:20:01,765 - root - INFO -                 2 (10): 224 E0
2021-10-19 20:20:01,765 - root - INFO -                 3 (18): 4  4
2021-10-19 20:20:01,765 - root - INFO -                 4 (20): 10  A
2021-10-19 20:20:01,765 - root - INFO -             2 (12): 10 bytes
2021-10-19 20:20:01,765 - root - INFO -                 1 ( 8): 153 99
2021-10-19 20:20:01,765 - root - INFO -                 2 (10): 224 E0
2021-10-19 20:20:01,765 - root - INFO -                 3 (18): 4  4
2021-10-19 20:20:01,765 - root - INFO -                 4 (20): 10  A
2021-10-19 20:20:01,765 - root - INFO -         4 (20): 1  1
2021-10-19 20:20:01,765 - root - INFO -     4 (22): 13 bytes
2021-10-19 20:20:01,765 - root - INFO -         1 ( 8): 233 E9
2021-10-19 20:20:01,765 - root - INFO -         2 (10): 42 2A
2021-10-19 20:20:01,765 - root - INFO -         3 (18): 69 45
2021-10-19 20:20:01,765 - root - INFO -         4 (20): 70 46
2021-10-19 20:20:01,775 - root - INFO -         5 (28): 71 47
2021-10-19 20:20:01,775 - root - INFO -         6 (30): 72 48
2021-10-19 20:20:01,777 - root - INFO - Reading resources offsets table with 73 elements (292 bytes)
2021-10-19 20:20:01,777 - root - INFO - Resource 0 offset: 678, length: 100180...
2021-10-19 20:20:01,777 - root - DEBUG - Reading resource 0...
2021-10-19 20:20:01,825 - root - INFO - The image is bme.
2021-10-19 20:20:01,825 - root - INFO - Reading image header(readHeader16E)...
2021-10-19 20:20:01,825 - root - INFO - Image header was read:
2021-10-19 20:20:01,825 - root - INFO - Width: 210, Height: 242, RowLength: 420
2021-10-19 20:20:01,825 - root - INFO - datalength: 100164, _step: 2
2021-10-19 20:20:01,825 - root - INFO - BPP: 16, Transparency: False
2021-10-19 20:20:02,035 - root - INFO - Resource 1 offset: 100858, length: 100180...
2021-10-19 20:20:02,035 - root - DEBUG - Reading resource 1...
2021-10-19 20:20:02,035 - root - INFO - The image is bme.
2021-10-19 20:20:02,035 - root - INFO - Reading image header(readHeader16E)...
2021-10-19 20:20:02,035 - root - INFO - Image header was read:
2021-10-19 20:20:02,035 - root - INFO - Width: 210, Height: 242, RowLength: 420
2021-10-19 20:20:02,035 - root - INFO - datalength: 100164, _step: 2
2021-10-19 20:20:02,035 - root - INFO - BPP: 16, Transparency: False
2021-10-19 20:20:02,235 - root - INFO - Resource 2 offset: 201038, length: 100180...
2021-10-19 20:20:02,235 - root - DEBUG - Reading resource 2...
2021-10-19 20:20:02,235 - root - INFO - The image is bme.
2021-10-19 20:20:02,235 - root - INFO - Reading image header(readHeader16E)...
2021-10-19 20:20:02,235 - root - INFO - Image header was read:
2021-10-19 20:20:02,235 - root - INFO - Width: 210, Height: 242, RowLength: 420
2021-10-19 20:20:02,235 - root - INFO - datalength: 100164, _step: 2
2021-10-19 20:20:02,235 - root - INFO - BPP: 16, Transparency: False
2021-10-19 20:20:02,445 - root - INFO - Resource 3 offset: 301218, length: 212116...
2021-10-19 20:20:02,445 - root - DEBUG - Reading resource 3...
2021-10-19 20:20:02,445 - root - INFO - The image is bme.
2021-10-19 20:20:02,445 - root - INFO - Reading image header(readHeader16E)...
2021-10-19 20:20:02,445 - root - INFO - Image header was read:
2021-10-19 20:20:02,445 - root - INFO - Width: 306, Height: 354, RowLength: 612
2021-10-19 20:20:02,445 - root - INFO - datalength: 212100, _step: 2
2021-10-19 20:20:02,445 - root - INFO - BPP: 16, Transparency: False
2021-10-19 20:20:02,877 - root - INFO - Resource 4 offset: 513334, length: 6726...
2021-10-19 20:20:02,877 - root - DEBUG - Reading resource 4...
2021-10-19 20:20:02,877 - root - INFO - The image is bme.
2021-10-19 20:20:02,877 - root - INFO - Reading image header(readHeader16E)...
2021-10-19 20:20:02,877 - root - INFO - Image header was read:
2021-10-19 20:20:02,877 - root - INFO - Width: 74, Height: 97, RowLength: 148
2021-10-19 20:20:02,877 - root - INFO - datalength: 6710, _step: 2
2021-10-19 20:20:02,877 - root - INFO - BPP: 16, Transparency: False
2021-10-19 20:20:02,885 - root - INFO - Resource 5 offset: 520060, length: 3102...
2021-10-19 20:20:02,885 - root - DEBUG - Reading resource 5...
2021-10-19 20:20:02,885 - root - INFO - The image is bme.
2021-10-19 20:20:02,885 - root - INFO - Reading image header(readHeader16E)...
2021-10-19 20:20:02,885 - root - INFO - Image header was read:
2021-10-19 20:20:02,885 - root - INFO - Width: 74, Height: 97, RowLength: 148
2021-10-19 20:20:02,885 - root - INFO - datalength: 3086, _step: 2
2021-10-19 20:20:02,885 - root - INFO - BPP: 16, Transparency: False
2021-10-19 20:20:02,895 - root - INFO - Resource 6 offset: 523162, length: 5458...
2021-10-19 20:20:02,895 - root - DEBUG - Reading resource 6...
2021-10-19 20:20:02,895 - root - INFO - The image is bme.
2021-10-19 20:20:02,895 - root - INFO - Reading image header(readHeader16E)...
2021-10-19 20:20:02,895 - root - INFO - Image header was read:
2021-10-19 20:20:02,895 - root - INFO - Width: 74, Height: 97, RowLength: 148
2021-10-19 20:20:02,895 - root - INFO - datalength: 5442, _step: 2
2021-10-19 20:20:02,895 - root - INFO - BPP: 16, Transparency: False
2021-10-19 20:20:02,905 - root - INFO - Resource 7 offset: 528620, length: 5474...
2021-10-19 20:20:02,905 - root - DEBUG - Reading resource 7...
2021-10-19 20:20:02,905 - root - INFO - The image is bme.
2021-10-19 20:20:02,905 - root - INFO - Reading image header(readHeader16E)...
2021-10-19 20:20:02,905 - root - INFO - Image header was read:
2021-10-19 20:20:02,905 - root - INFO - Width: 74, Height: 97, RowLength: 148
2021-10-19 20:20:02,905 - root - INFO - datalength: 5458, _step: 2
2021-10-19 20:20:02,905 - root - INFO - BPP: 16, Transparency: False
2021-10-19 20:20:02,915 - root - INFO - Resource 8 offset: 534094, length: 5016...
2021-10-19 20:20:02,915 - root - DEBUG - Reading resource 8...
2021-10-19 20:20:02,915 - root - INFO - The image is bme.
2021-10-19 20:20:02,915 - root - INFO - Reading image header(readHeader16E)...
2021-10-19 20:20:02,915 - root - INFO - Image header was read:
2021-10-19 20:20:02,915 - root - INFO - Width: 74, Height: 97, RowLength: 148
2021-10-19 20:20:02,915 - root - INFO - datalength: 5000, _step: 2
2021-10-19 20:20:02,915 - root - INFO - BPP: 16, Transparency: False
2021-10-19 20:20:02,925 - root - INFO - Resource 9 offset: 539110, length: 5478...
2021-10-19 20:20:02,925 - root - DEBUG - Reading resource 9...
2021-10-19 20:20:02,925 - root - INFO - The image is bme.
2021-10-19 20:20:02,925 - root - INFO - Reading image header(readHeader16E)...
2021-10-19 20:20:02,925 - root - INFO - Image header was read:
2021-10-19 20:20:02,925 - root - INFO - Width: 74, Height: 97, RowLength: 148
2021-10-19 20:20:02,925 - root - INFO - datalength: 5462, _step: 2
2021-10-19 20:20:02,925 - root - INFO - BPP: 16, Transparency: False
2021-10-19 20:20:02,935 - root - INFO - Resource 10 offset: 544588, length: 5906...
2021-10-19 20:20:02,935 - root - DEBUG - Reading resource 10...
2021-10-19 20:20:02,935 - root - INFO - The image is bme.
2021-10-19 20:20:02,935 - root - INFO - Reading image header(readHeader16E)...
2021-10-19 20:20:02,935 - root - INFO - Image header was read:
2021-10-19 20:20:02,935 - root - INFO - Width: 74, Height: 97, RowLength: 148
2021-10-19 20:20:02,935 - root - INFO - datalength: 5890, _step: 2
2021-10-19 20:20:02,935 - root - INFO - BPP: 16, Transparency: False
2021-10-19 20:20:02,955 - root - INFO - Resource 11 offset: 550494, length: 4486...
2021-10-19 20:20:02,955 - root - DEBUG - Reading resource 11...
2021-10-19 20:20:02,955 - root - INFO - The image is bme.
2021-10-19 20:20:02,955 - root - INFO - Reading image header(readHeader16E)...
2021-10-19 20:20:02,955 - root - INFO - Image header was read:
2021-10-19 20:20:02,955 - root - INFO - Width: 74, Height: 97, RowLength: 148
2021-10-19 20:20:02,955 - root - INFO - datalength: 4470, _step: 2
2021-10-19 20:20:02,955 - root - INFO - BPP: 16, Transparency: False
2021-10-19 20:20:02,965 - root - INFO - Resource 12 offset: 554980, length: 7060...
2021-10-19 20:20:02,965 - root - DEBUG - Reading resource 12...
2021-10-19 20:20:02,965 - root - INFO - The image is bme.
2021-10-19 20:20:02,965 - root - INFO - Reading image header(readHeader16E)...
2021-10-19 20:20:02,965 - root - INFO - Image header was read:
2021-10-19 20:20:02,965 - root - INFO - Width: 74, Height: 97, RowLength: 148
2021-10-19 20:20:02,965 - root - INFO - datalength: 7044, _step: 2
2021-10-19 20:20:02,965 - root - INFO - BPP: 16, Transparency: False
2021-10-19 20:20:02,975 - root - INFO - Resource 13 offset: 562040, length: 5864...
2021-10-19 20:20:02,975 - root - DEBUG - Reading resource 13...
2021-10-19 20:20:02,975 - root - INFO - The image is bme.
2021-10-19 20:20:02,975 - root - INFO - Reading image header(readHeader16E)...
2021-10-19 20:20:02,975 - root - INFO - Image header was read:
2021-10-19 20:20:02,975 - root - INFO - Width: 74, Height: 97, RowLength: 148
2021-10-19 20:20:02,975 - root - INFO - datalength: 5848, _step: 2
2021-10-19 20:20:02,975 - root - INFO - BPP: 16, Transparency: False
2021-10-19 20:20:02,995 - root - INFO - Resource 14 offset: 567904, length: 961...
2021-10-19 20:20:02,995 - root - DEBUG - Reading resource 14...
2021-10-19 20:20:02,995 - root - INFO - The image is bmc.
2021-10-19 20:20:02,995 - root - INFO - Reading image header(readHeader16C)...
2021-10-19 20:20:02,995 - root - INFO - Image header was read:
2021-10-19 20:20:02,995 - root - INFO - Width: 15, Height: 21, RowLength: 45
2021-10-19 20:20:02,995 - root - INFO - _step: 3, unknown2: 0,
2021-10-19 20:20:02,995 - root - INFO - BPP: 24, Transparency: False
2021-10-19 20:20:02,995 - root - INFO - Resource 15 offset: 568865, length: 961...
2021-10-19 20:20:02,995 - root - DEBUG - Reading resource 15...
2021-10-19 20:20:02,995 - root - INFO - The image is bmc.
2021-10-19 20:20:02,995 - root - INFO - Reading image header(readHeader16C)...
2021-10-19 20:20:02,995 - root - INFO - Image header was read:
2021-10-19 20:20:02,995 - root - INFO - Width: 15, Height: 21, RowLength: 45
2021-10-19 20:20:02,995 - root - INFO - _step: 3, unknown2: 0,
2021-10-19 20:20:02,995 - root - INFO - BPP: 24, Transparency: False
2021-10-19 20:20:02,995 - root - INFO - Resource 16 offset: 569826, length: 961...
2021-10-19 20:20:02,995 - root - DEBUG - Reading resource 16...
2021-10-19 20:20:02,995 - root - INFO - The image is bmc.
2021-10-19 20:20:02,995 - root - INFO - Reading image header(readHeader16C)...
2021-10-19 20:20:02,995 - root - INFO - Image header was read:
2021-10-19 20:20:02,995 - root - INFO - Width: 15, Height: 21, RowLength: 45
2021-10-19 20:20:02,995 - root - INFO - _step: 3, unknown2: 0,
2021-10-19 20:20:02,995 - root - INFO - BPP: 24, Transparency: False
2021-10-19 20:20:03,005 - root - INFO - Resource 17 offset: 570787, length: 961...
2021-10-19 20:20:03,005 - root - DEBUG - Reading resource 17...
2021-10-19 20:20:03,005 - root - INFO - The image is bmc.
2021-10-19 20:20:03,005 - root - INFO - Reading image header(readHeader16C)...
2021-10-19 20:20:03,005 - root - INFO - Image header was read:
2021-10-19 20:20:03,005 - root - INFO - Width: 15, Height: 21, RowLength: 45
2021-10-19 20:20:03,005 - root - INFO - _step: 3, unknown2: 0,
2021-10-19 20:20:03,005 - root - INFO - BPP: 24, Transparency: False
2021-10-19 20:20:03,005 - root - INFO - Resource 18 offset: 571748, length: 961...
2021-10-19 20:20:03,005 - root - DEBUG - Reading resource 18...
2021-10-19 20:20:03,005 - root - INFO - The image is bmc.
2021-10-19 20:20:03,005 - root - INFO - Reading image header(readHeader16C)...
2021-10-19 20:20:03,005 - root - INFO - Image header was read:
2021-10-19 20:20:03,005 - root - INFO - Width: 15, Height: 21, RowLength: 45
2021-10-19 20:20:03,005 - root - INFO - _step: 3, unknown2: 0,
2021-10-19 20:20:03,005 - root - INFO - BPP: 24, Transparency: False
2021-10-19 20:20:03,005 - root - INFO - Resource 19 offset: 572709, length: 961...
2021-10-19 20:20:03,005 - root - DEBUG - Reading resource 19...
2021-10-19 20:20:03,005 - root - INFO - The image is bmc.
2021-10-19 20:20:03,005 - root - INFO - Reading image header(readHeader16C)...
2021-10-19 20:20:03,005 - root - INFO - Image header was read:
2021-10-19 20:20:03,005 - root - INFO - Width: 15, Height: 21, RowLength: 45
2021-10-19 20:20:03,005 - root - INFO - _step: 3, unknown2: 0,
2021-10-19 20:20:03,005 - root - INFO - BPP: 24, Transparency: False
2021-10-19 20:20:03,005 - root - INFO - Resource 20 offset: 573670, length: 961...
2021-10-19 20:20:03,015 - root - DEBUG - Reading resource 20...
2021-10-19 20:20:03,015 - root - INFO - The image is bmc.
2021-10-19 20:20:03,015 - root - INFO - Reading image header(readHeader16C)...
2021-10-19 20:20:03,015 - root - INFO - Image header was read:
2021-10-19 20:20:03,015 - root - INFO - Width: 15, Height: 21, RowLength: 45
2021-10-19 20:20:03,015 - root - INFO - _step: 3, unknown2: 0,
2021-10-19 20:20:03,015 - root - INFO - BPP: 24, Transparency: False
2021-10-19 20:20:03,015 - root - INFO - Resource 21 offset: 574631, length: 961...
2021-10-19 20:20:03,015 - root - DEBUG - Reading resource 21...
2021-10-19 20:20:03,015 - root - INFO - The image is bmc.
2021-10-19 20:20:03,015 - root - INFO - Reading image header(readHeader16C)...
2021-10-19 20:20:03,015 - root - INFO - Image header was read:
2021-10-19 20:20:03,015 - root - INFO - Width: 15, Height: 21, RowLength: 45
2021-10-19 20:20:03,015 - root - INFO - _step: 3, unknown2: 0,
2021-10-19 20:20:03,015 - root - INFO - BPP: 24, Transparency: False
2021-10-19 20:20:03,015 - root - INFO - Resource 22 offset: 575592, length: 961...
2021-10-19 20:20:03,015 - root - DEBUG - Reading resource 22...
2021-10-19 20:20:03,015 - root - INFO - The image is bmc.
2021-10-19 20:20:03,015 - root - INFO - Reading image header(readHeader16C)...
2021-10-19 20:20:03,015 - root - INFO - Image header was read:
2021-10-19 20:20:03,015 - root - INFO - Width: 15, Height: 21, RowLength: 45
2021-10-19 20:20:03,015 - root - INFO - _step: 3, unknown2: 0,
2021-10-19 20:20:03,015 - root - INFO - BPP: 24, Transparency: False
2021-10-19 20:20:03,015 - root - INFO - Resource 23 offset: 576553, length: 961...
2021-10-19 20:20:03,015 - root - DEBUG - Reading resource 23...
2021-10-19 20:20:03,015 - root - INFO - The image is bmc.
2021-10-19 20:20:03,015 - root - INFO - Reading image header(readHeader16C)...
2021-10-19 20:20:03,015 - root - INFO - Image header was read:
2021-10-19 20:20:03,015 - root - INFO - Width: 15, Height: 21, RowLength: 45
2021-10-19 20:20:03,015 - root - INFO - _step: 3, unknown2: 0,
2021-10-19 20:20:03,015 - root - INFO - BPP: 24, Transparency: False
2021-10-19 20:20:03,025 - root - INFO - Resource 24 offset: 577514, length: 6736...
2021-10-19 20:20:03,025 - root - DEBUG - Reading resource 24...
2021-10-19 20:20:03,025 - root - INFO - The image is bmc.
2021-10-19 20:20:03,025 - root - INFO - Reading image header(readHeader16C)...
2021-10-19 20:20:03,025 - root - INFO - Image header was read:
2021-10-19 20:20:03,025 - root - INFO - Width: 70, Height: 32, RowLength: 210
2021-10-19 20:20:03,025 - root - INFO - _step: 3, unknown2: 0,
2021-10-19 20:20:03,025 - root - INFO - BPP: 24, Transparency: False
2021-10-19 20:20:03,045 - root - INFO - Resource 25 offset: 584250, length: 6946...
2021-10-19 20:20:03,045 - root - DEBUG - Reading resource 25...
2021-10-19 20:20:03,045 - root - INFO - The image is bmc.
2021-10-19 20:20:03,045 - root - INFO - Reading image header(readHeader16C)...
2021-10-19 20:20:03,045 - root - INFO - Image header was read:
2021-10-19 20:20:03,045 - root - INFO - Width: 70, Height: 33, RowLength: 210
2021-10-19 20:20:03,045 - root - INFO - _step: 3, unknown2: 0,
2021-10-19 20:20:03,045 - root - INFO - BPP: 24, Transparency: False
2021-10-19 20:20:03,065 - root - INFO - Resource 26 offset: 591196, length: 7738...
2021-10-19 20:20:03,065 - root - DEBUG - Reading resource 26...
2021-10-19 20:20:03,065 - root - INFO - The image is bmc.
2021-10-19 20:20:03,065 - root - INFO - Reading image header(readHeader16C)...
2021-10-19 20:20:03,065 - root - INFO - Image header was read:
2021-10-19 20:20:03,065 - root - INFO - Width: 78, Height: 33, RowLength: 234
2021-10-19 20:20:03,065 - root - INFO - _step: 3, unknown2: 0,
2021-10-19 20:20:03,065 - root - INFO - BPP: 24, Transparency: False
2021-10-19 20:20:03,085 - root - INFO - Resource 27 offset: 598934, length: 7144...
2021-10-19 20:20:03,085 - root - DEBUG - Reading resource 27...
2021-10-19 20:20:03,085 - root - INFO - The image is bmc.
2021-10-19 20:20:03,085 - root - INFO - Reading image header(readHeader16C)...
2021-10-19 20:20:03,085 - root - INFO - Image header was read:
2021-10-19 20:20:03,085 - root - INFO - Width: 72, Height: 33, RowLength: 216
2021-10-19 20:20:03,085 - root - INFO - _step: 3, unknown2: 0,
2021-10-19 20:20:03,085 - root - INFO - BPP: 24, Transparency: False
2021-10-19 20:20:03,095 - root - INFO - Resource 28 offset: 606078, length: 7639...
2021-10-19 20:20:03,095 - root - DEBUG - Reading resource 28...
2021-10-19 20:20:03,095 - root - INFO - The image is bmc.
2021-10-19 20:20:03,095 - root - INFO - Reading image header(readHeader16C)...
2021-10-19 20:20:03,095 - root - INFO - Image header was read:
2021-10-19 20:20:03,095 - root - INFO - Width: 77, Height: 33, RowLength: 231
2021-10-19 20:20:03,095 - root - INFO - _step: 3, unknown2: 0,
2021-10-19 20:20:03,095 - root - INFO - BPP: 24, Transparency: False
2021-10-19 20:20:03,115 - root - INFO - Resource 29 offset: 613717, length: 7045...
2021-10-19 20:20:03,115 - root - DEBUG - Reading resource 29...
2021-10-19 20:20:03,115 - root - INFO - The image is bmc.
2021-10-19 20:20:03,115 - root - INFO - Reading image header(readHeader16C)...
2021-10-19 20:20:03,115 - root - INFO - Image header was read:
2021-10-19 20:20:03,115 - root - INFO - Width: 71, Height: 33, RowLength: 213
2021-10-19 20:20:03,115 - root - INFO - _step: 3, unknown2: 0,
2021-10-19 20:20:03,115 - root - INFO - BPP: 24, Transparency: False
2021-10-19 20:20:03,135 - root - INFO - Resource 30 offset: 620762, length: 6748...
2021-10-19 20:20:03,135 - root - DEBUG - Reading resource 30...
2021-10-19 20:20:03,135 - root - INFO - The image is bmc.
2021-10-19 20:20:03,135 - root - INFO - Reading image header(readHeader16C)...
2021-10-19 20:20:03,135 - root - INFO - Image header was read:
2021-10-19 20:20:03,135 - root - INFO - Width: 68, Height: 33, RowLength: 204
2021-10-19 20:20:03,135 - root - INFO - _step: 3, unknown2: 0,
2021-10-19 20:20:03,140 - root - INFO - BPP: 24, Transparency: False
2021-10-19 20:20:03,158 - root - INFO - Resource 31 offset: 627510, length: 7441...
2021-10-19 20:20:03,158 - root - DEBUG - Reading resource 31...
2021-10-19 20:20:03,158 - root - INFO - The image is bmc.
2021-10-19 20:20:03,158 - root - INFO - Reading image header(readHeader16C)...
2021-10-19 20:20:03,158 - root - INFO - Image header was read:
2021-10-19 20:20:03,158 - root - INFO - Width: 75, Height: 33, RowLength: 225
2021-10-19 20:20:03,158 - root - INFO - _step: 3, unknown2: 0,
2021-10-19 20:20:03,158 - root - INFO - BPP: 24, Transparency: False
2021-10-19 20:20:03,175 - root - INFO - Resource 32 offset: 634951, length: 6946...
2021-10-19 20:20:03,175 - root - DEBUG - Reading resource 32...
2021-10-19 20:20:03,175 - root - INFO - The image is bmc.
2021-10-19 20:20:03,175 - root - INFO - Reading image header(readHeader16C)...
2021-10-19 20:20:03,175 - root - INFO - Image header was read:
2021-10-19 20:20:03,175 - root - INFO - Width: 70, Height: 33, RowLength: 210
2021-10-19 20:20:03,175 - root - INFO - _step: 3, unknown2: 0,
2021-10-19 20:20:03,175 - root - INFO - BPP: 24, Transparency: False
2021-10-19 20:20:03,195 - root - INFO - Resource 33 offset: 641897, length: 7441...
2021-10-19 20:20:03,195 - root - DEBUG - Reading resource 33...
2021-10-19 20:20:03,195 - root - INFO - The image is bmc.
2021-10-19 20:20:03,195 - root - INFO - Reading image header(readHeader16C)...
2021-10-19 20:20:03,195 - root - INFO - Image header was read:
2021-10-19 20:20:03,195 - root - INFO - Width: 75, Height: 33, RowLength: 225
2021-10-19 20:20:03,195 - root - INFO - _step: 3, unknown2: 0,
2021-10-19 20:20:03,195 - root - INFO - BPP: 24, Transparency: False
2021-10-19 20:20:03,215 - root - INFO - Resource 34 offset: 649338, length: 7441...
2021-10-19 20:20:03,215 - root - DEBUG - Reading resource 34...
2021-10-19 20:20:03,215 - root - INFO - The image is bmc.
2021-10-19 20:20:03,215 - root - INFO - Reading image header(readHeader16C)...
2021-10-19 20:20:03,215 - root - INFO - Image header was read:
2021-10-19 20:20:03,215 - root - INFO - Width: 75, Height: 33, RowLength: 225
2021-10-19 20:20:03,215 - root - INFO - _step: 3, unknown2: 0,
2021-10-19 20:20:03,215 - root - INFO - BPP: 24, Transparency: False
2021-10-19 20:20:03,235 - root - INFO - Resource 35 offset: 656779, length: 7342...
2021-10-19 20:20:03,235 - root - DEBUG - Reading resource 35...
2021-10-19 20:20:03,235 - root - INFO - The image is bmc.
2021-10-19 20:20:03,235 - root - INFO - Reading image header(readHeader16C)...
2021-10-19 20:20:03,235 - root - INFO - Image header was read:
2021-10-19 20:20:03,235 - root - INFO - Width: 74, Height: 33, RowLength: 222
2021-10-19 20:20:03,235 - root - INFO - _step: 3, unknown2: 0,
2021-10-19 20:20:03,235 - root - INFO - BPP: 24, Transparency: False
2021-10-19 20:20:03,245 - root - INFO - Resource 36 offset: 664121, length: 8080...
2021-10-19 20:20:03,245 - root - DEBUG - Reading resource 36...
2021-10-19 20:20:03,245 - root - INFO - The image is bmc.
2021-10-19 20:20:03,245 - root - INFO - Reading image header(readHeader16C)...
2021-10-19 20:20:03,245 - root - INFO - Image header was read:
2021-10-19 20:20:03,245 - root - INFO - Width: 84, Height: 32, RowLength: 252
2021-10-19 20:20:03,245 - root - INFO - _step: 3, unknown2: 0,
2021-10-19 20:20:03,245 - root - INFO - BPP: 24, Transparency: False
2021-10-19 20:20:03,265 - root - INFO - Resource 37 offset: 672201, length: 8080...
2021-10-19 20:20:03,265 - root - DEBUG - Reading resource 37...
2021-10-19 20:20:03,265 - root - INFO - The image is bmc.
2021-10-19 20:20:03,265 - root - INFO - Reading image header(readHeader16C)...
2021-10-19 20:20:03,265 - root - INFO - Image header was read:
2021-10-19 20:20:03,265 - root - INFO - Width: 84, Height: 32, RowLength: 252
2021-10-19 20:20:03,265 - root - INFO - _step: 3, unknown2: 0,
2021-10-19 20:20:03,265 - root - INFO - BPP: 24, Transparency: False
2021-10-19 20:20:03,275 - root - INFO - Resource 38 offset: 680281, length: 8080...
2021-10-19 20:20:03,275 - root - DEBUG - Reading resource 38...
2021-10-19 20:20:03,275 - root - INFO - The image is bmc.
2021-10-19 20:20:03,275 - root - INFO - Reading image header(readHeader16C)...
2021-10-19 20:20:03,275 - root - INFO - Image header was read:
2021-10-19 20:20:03,275 - root - INFO - Width: 84, Height: 32, RowLength: 252
2021-10-19 20:20:03,275 - root - INFO - _step: 3, unknown2: 0,
2021-10-19 20:20:03,275 - root - INFO - BPP: 24, Transparency: False
2021-10-19 20:20:03,311 - root - INFO - Resource 39 offset: 688361, length: 8080...
2021-10-19 20:20:03,311 - root - DEBUG - Reading resource 39...
2021-10-19 20:20:03,311 - root - INFO - The image is bmc.
2021-10-19 20:20:03,311 - root - INFO - Reading image header(readHeader16C)...
2021-10-19 20:20:03,311 - root - INFO - Image header was read:
2021-10-19 20:20:03,311 - root - INFO - Width: 84, Height: 32, RowLength: 252
2021-10-19 20:20:03,311 - root - INFO - _step: 3, unknown2: 0,
2021-10-19 20:20:03,311 - root - INFO - BPP: 24, Transparency: False
2021-10-19 20:20:03,335 - root - INFO - Resource 40 offset: 696441, length: 8080...
2021-10-19 20:20:03,335 - root - DEBUG - Reading resource 40...
2021-10-19 20:20:03,335 - root - INFO - The image is bmc.
2021-10-19 20:20:03,335 - root - INFO - Reading image header(readHeader16C)...
2021-10-19 20:20:03,335 - root - INFO - Image header was read:
2021-10-19 20:20:03,335 - root - INFO - Width: 84, Height: 32, RowLength: 252
2021-10-19 20:20:03,335 - root - INFO - _step: 3, unknown2: 0,
2021-10-19 20:20:03,335 - root - INFO - BPP: 24, Transparency: False
2021-10-19 20:20:03,350 - root - INFO - Resource 41 offset: 704521, length: 8080...
2021-10-19 20:20:03,350 - root - DEBUG - Reading resource 41...
2021-10-19 20:20:03,350 - root - INFO - The image is bmc.
2021-10-19 20:20:03,350 - root - INFO - Reading image header(readHeader16C)...
2021-10-19 20:20:03,350 - root - INFO - Image header was read:
2021-10-19 20:20:03,350 - root - INFO - Width: 84, Height: 32, RowLength: 252
2021-10-19 20:20:03,350 - root - INFO - _step: 3, unknown2: 0,
2021-10-19 20:20:03,350 - root - INFO - BPP: 24, Transparency: False
2021-10-19 20:20:03,362 - root - INFO - Resource 42 offset: 712601, length: 8080...
2021-10-19 20:20:03,365 - root - DEBUG - Reading resource 42...
2021-10-19 20:20:03,365 - root - INFO - The image is bmc.
2021-10-19 20:20:03,365 - root - INFO - Reading image header(readHeader16C)...
2021-10-19 20:20:03,365 - root - INFO - Image header was read:
2021-10-19 20:20:03,365 - root - INFO - Width: 84, Height: 32, RowLength: 252
2021-10-19 20:20:03,365 - root - INFO - _step: 3, unknown2: 0,
2021-10-19 20:20:03,365 - root - INFO - BPP: 24, Transparency: False
2021-10-19 20:20:03,375 - root - INFO - Resource 43 offset: 720681, length: 8080...
2021-10-19 20:20:03,377 - root - DEBUG - Reading resource 43...
2021-10-19 20:20:03,377 - root - INFO - The image is bmc.
2021-10-19 20:20:03,377 - root - INFO - Reading image header(readHeader16C)...
2021-10-19 20:20:03,377 - root - INFO - Image header was read:
2021-10-19 20:20:03,377 - root - INFO - Width: 84, Height: 32, RowLength: 252
2021-10-19 20:20:03,377 - root - INFO - _step: 3, unknown2: 0,
2021-10-19 20:20:03,377 - root - INFO - BPP: 24, Transparency: False
2021-10-19 20:20:03,385 - root - INFO - Resource 44 offset: 728761, length: 8080...
2021-10-19 20:20:03,385 - root - DEBUG - Reading resource 44...
2021-10-19 20:20:03,385 - root - INFO - The image is bmc.
2021-10-19 20:20:03,385 - root - INFO - Reading image header(readHeader16C)...
2021-10-19 20:20:03,385 - root - INFO - Image header was read:
2021-10-19 20:20:03,385 - root - INFO - Width: 84, Height: 32, RowLength: 252
2021-10-19 20:20:03,385 - root - INFO - _step: 3, unknown2: 0,
2021-10-19 20:20:03,385 - root - INFO - BPP: 24, Transparency: False
2021-10-19 20:20:03,395 - root - INFO - Resource 45 offset: 736841, length: 8080...
2021-10-19 20:20:03,395 - root - DEBUG - Reading resource 45...
2021-10-19 20:20:03,395 - root - INFO - The image is bmc.
2021-10-19 20:20:03,395 - root - INFO - Reading image header(readHeader16C)...
2021-10-19 20:20:03,400 - root - INFO - Image header was read:
2021-10-19 20:20:03,400 - root - INFO - Width: 84, Height: 32, RowLength: 252
2021-10-19 20:20:03,400 - root - INFO - _step: 3, unknown2: 0,
2021-10-19 20:20:03,400 - root - INFO - BPP: 24, Transparency: False
2021-10-19 20:20:03,409 - root - INFO - Resource 46 offset: 744921, length: 8080...
2021-10-19 20:20:03,409 - root - DEBUG - Reading resource 46...
2021-10-19 20:20:03,409 - root - INFO - The image is bmc.
2021-10-19 20:20:03,409 - root - INFO - Reading image header(readHeader16C)...
2021-10-19 20:20:03,409 - root - INFO - Image header was read:
2021-10-19 20:20:03,409 - root - INFO - Width: 84, Height: 32, RowLength: 252
2021-10-19 20:20:03,409 - root - INFO - _step: 3, unknown2: 0,
2021-10-19 20:20:03,409 - root - INFO - BPP: 24, Transparency: False
2021-10-19 20:20:03,420 - root - INFO - Resource 47 offset: 753001, length: 8080...
2021-10-19 20:20:03,420 - root - DEBUG - Reading resource 47...
2021-10-19 20:20:03,420 - root - INFO - The image is bmc.
2021-10-19 20:20:03,420 - root - INFO - Reading image header(readHeader16C)...
2021-10-19 20:20:03,420 - root - INFO - Image header was read:
2021-10-19 20:20:03,420 - root - INFO - Width: 84, Height: 32, RowLength: 252
2021-10-19 20:20:03,420 - root - INFO - _step: 3, unknown2: 0,
2021-10-19 20:20:03,420 - root - INFO - BPP: 24, Transparency: False
2021-10-19 20:20:03,430 - root - INFO - Resource 48 offset: 761081, length: 1672...
2021-10-19 20:20:03,430 - root - DEBUG - Reading resource 48...
2021-10-19 20:20:03,430 - root - INFO - The image is bme.
2021-10-19 20:20:03,430 - root - INFO - Reading image header(readHeader16E)...
2021-10-19 20:20:03,430 - root - INFO - Image header was read:
2021-10-19 20:20:03,430 - root - INFO - Width: 78, Height: 32, RowLength: 156
2021-10-19 20:20:03,430 - root - INFO - datalength: 1656, _step: 2
2021-10-19 20:20:03,430 - root - INFO - BPP: 16, Transparency: False
2021-10-19 20:20:03,435 - root - INFO - Resource 49 offset: 762753, length: 1128...
2021-10-19 20:20:03,435 - root - DEBUG - Reading resource 49...
2021-10-19 20:20:03,435 - root - INFO - The image is bme.
2021-10-19 20:20:03,435 - root - INFO - Reading image header(readHeader16E)...
2021-10-19 20:20:03,435 - root - INFO - Image header was read:
2021-10-19 20:20:03,435 - root - INFO - Width: 69, Height: 32, RowLength: 138
2021-10-19 20:20:03,435 - root - INFO - datalength: 1112, _step: 2
2021-10-19 20:20:03,435 - root - INFO - BPP: 16, Transparency: False
2021-10-19 20:20:03,435 - root - INFO - Resource 50 offset: 763881, length: 1518...
2021-10-19 20:20:03,435 - root - DEBUG - Reading resource 50...
2021-10-19 20:20:03,435 - root - INFO - The image is bme.
2021-10-19 20:20:03,435 - root - INFO - Reading image header(readHeader16E)...
2021-10-19 20:20:03,435 - root - INFO - Image header was read:
2021-10-19 20:20:03,435 - root - INFO - Width: 77, Height: 32, RowLength: 154
2021-10-19 20:20:03,435 - root - INFO - datalength: 1502, _step: 2
2021-10-19 20:20:03,435 - root - INFO - BPP: 16, Transparency: False
2021-10-19 20:20:03,441 - root - INFO - Resource 51 offset: 765399, length: 1274...
2021-10-19 20:20:03,441 - root - DEBUG - Reading resource 51...
2021-10-19 20:20:03,441 - root - INFO - The image is bme.
2021-10-19 20:20:03,441 - root - INFO - Reading image header(readHeader16E)...
2021-10-19 20:20:03,441 - root - INFO - Image header was read:
2021-10-19 20:20:03,441 - root - INFO - Width: 72, Height: 32, RowLength: 144
2021-10-19 20:20:03,441 - root - INFO - datalength: 1258, _step: 2
2021-10-19 20:20:03,441 - root - INFO - BPP: 16, Transparency: False
2021-10-19 20:20:03,441 - root - INFO - Resource 52 offset: 766673, length: 1082...
2021-10-19 20:20:03,441 - root - DEBUG - Reading resource 52...
2021-10-19 20:20:03,441 - root - INFO - The image is bme.
2021-10-19 20:20:03,441 - root - INFO - Reading image header(readHeader16E)...
2021-10-19 20:20:03,441 - root - INFO - Image header was read:
2021-10-19 20:20:03,441 - root - INFO - Width: 64, Height: 32, RowLength: 128
2021-10-19 20:20:03,441 - root - INFO - datalength: 1066, _step: 2
2021-10-19 20:20:03,441 - root - INFO - BPP: 16, Transparency: False
2021-10-19 20:20:03,445 - root - INFO - Resource 53 offset: 767755, length: 1112...
2021-10-19 20:20:03,445 - root - DEBUG - Reading resource 53...
2021-10-19 20:20:03,445 - root - INFO - The image is bme.
2021-10-19 20:20:03,445 - root - INFO - Reading image header(readHeader16E)...
2021-10-19 20:20:03,445 - root - INFO - Image header was read:
2021-10-19 20:20:03,445 - root - INFO - Width: 67, Height: 32, RowLength: 134
2021-10-19 20:20:03,445 - root - INFO - datalength: 1096, _step: 2
2021-10-19 20:20:03,445 - root - INFO - BPP: 16, Transparency: False
2021-10-19 20:20:03,445 - root - INFO - Resource 54 offset: 768867, length: 1474...
2021-10-19 20:20:03,445 - root - DEBUG - Reading resource 54...
2021-10-19 20:20:03,445 - root - INFO - The image is bme.
2021-10-19 20:20:03,445 - root - INFO - Reading image header(readHeader16E)...
2021-10-19 20:20:03,445 - root - INFO - Image header was read:
2021-10-19 20:20:03,445 - root - INFO - Width: 72, Height: 32, RowLength: 144
2021-10-19 20:20:03,445 - root - INFO - datalength: 1458, _step: 2
2021-10-19 20:20:03,445 - root - INFO - BPP: 16, Transparency: False
2021-10-19 20:20:03,445 - root - INFO - Resource 55 offset: 770341, length: 1006...
2021-10-19 20:20:03,445 - root - DEBUG - Reading resource 55...
2021-10-19 20:20:03,445 - root - INFO - The image is bme.
2021-10-19 20:20:03,445 - root - INFO - Reading image header(readHeader16E)...
2021-10-19 20:20:03,445 - root - INFO - Image header was read:
2021-10-19 20:20:03,445 - root - INFO - Width: 62, Height: 32, RowLength: 124
2021-10-19 20:20:03,445 - root - INFO - datalength: 990, _step: 2
2021-10-19 20:20:03,445 - root - INFO - BPP: 16, Transparency: False
2021-10-19 20:20:03,445 - root - INFO - Resource 56 offset: 771347, length: 1082...
2021-10-19 20:20:03,445 - root - DEBUG - Reading resource 56...
2021-10-19 20:20:03,445 - root - INFO - The image is bme.
2021-10-19 20:20:03,445 - root - INFO - Reading image header(readHeader16E)...
2021-10-19 20:20:03,445 - root - INFO - Image header was read:
2021-10-19 20:20:03,445 - root - INFO - Width: 62, Height: 32, RowLength: 124
2021-10-19 20:20:03,445 - root - INFO - datalength: 1066, _step: 2
2021-10-19 20:20:03,445 - root - INFO - BPP: 16, Transparency: False
2021-10-19 20:20:03,455 - root - INFO - Resource 57 offset: 772429, length: 1242...
2021-10-19 20:20:03,455 - root - DEBUG - Reading resource 57...
2021-10-19 20:20:03,455 - root - INFO - The image is bme.
2021-10-19 20:20:03,455 - root - INFO - Reading image header(readHeader16E)...
2021-10-19 20:20:03,455 - root - INFO - Image header was read:
2021-10-19 20:20:03,455 - root - INFO - Width: 62, Height: 32, RowLength: 124
2021-10-19 20:20:03,455 - root - INFO - datalength: 1226, _step: 2
2021-10-19 20:20:03,455 - root - INFO - BPP: 16, Transparency: False
2021-10-19 20:20:03,456 - root - INFO - Resource 58 offset: 773671, length: 1704...
2021-10-19 20:20:03,456 - root - DEBUG - Reading resource 58...
2021-10-19 20:20:03,456 - root - INFO - The image is bme.
2021-10-19 20:20:03,456 - root - INFO - Reading image header(readHeader16E)...
2021-10-19 20:20:03,456 - root - INFO - Image header was read:
2021-10-19 20:20:03,456 - root - INFO - Width: 62, Height: 32, RowLength: 124
2021-10-19 20:20:03,456 - root - INFO - datalength: 1688, _step: 2
2021-10-19 20:20:03,456 - root - INFO - BPP: 16, Transparency: False
2021-10-19 20:20:03,460 - root - INFO - Resource 59 offset: 775375, length: 1466...
2021-10-19 20:20:03,460 - root - DEBUG - Reading resource 59...
2021-10-19 20:20:03,460 - root - INFO - The image is bme.
2021-10-19 20:20:03,460 - root - INFO - Reading image header(readHeader16E)...
2021-10-19 20:20:03,460 - root - INFO - Image header was read:
2021-10-19 20:20:03,460 - root - INFO - Width: 62, Height: 32, RowLength: 124
2021-10-19 20:20:03,460 - root - INFO - datalength: 1450, _step: 2
2021-10-19 20:20:03,460 - root - INFO - BPP: 16, Transparency: False
2021-10-19 20:20:03,462 - root - INFO - Resource 60 offset: 776841, length: 1306...
2021-10-19 20:20:03,462 - root - DEBUG - Reading resource 60...
2021-10-19 20:20:03,462 - root - INFO - The image is bme.
2021-10-19 20:20:03,462 - root - INFO - Reading image header(readHeader16E)...
2021-10-19 20:20:03,462 - root - INFO - Image header was read:
2021-10-19 20:20:03,462 - root - INFO - Width: 62, Height: 32, RowLength: 124
2021-10-19 20:20:03,462 - root - INFO - datalength: 1290, _step: 2
2021-10-19 20:20:03,462 - root - INFO - BPP: 16, Transparency: False
2021-10-19 20:20:03,465 - root - INFO - Resource 61 offset: 778147, length: 1416...
2021-10-19 20:20:03,465 - root - DEBUG - Reading resource 61...
2021-10-19 20:20:03,465 - root - INFO - The image is bme.
2021-10-19 20:20:03,465 - root - INFO - Reading image header(readHeader16E)...
2021-10-19 20:20:03,465 - root - INFO - Image header was read:
2021-10-19 20:20:03,465 - root - INFO - Width: 62, Height: 32, RowLength: 124
2021-10-19 20:20:03,465 - root - INFO - datalength: 1400, _step: 2
2021-10-19 20:20:03,465 - root - INFO - BPP: 16, Transparency: False
2021-10-19 20:20:03,465 - root - INFO - Resource 62 offset: 779563, length: 1102...
2021-10-19 20:20:03,465 - root - DEBUG - Reading resource 62...
2021-10-19 20:20:03,465 - root - INFO - The image is bme.
2021-10-19 20:20:03,465 - root - INFO - Reading image header(readHeader16E)...
2021-10-19 20:20:03,465 - root - INFO - Image header was read:
2021-10-19 20:20:03,465 - root - INFO - Width: 62, Height: 32, RowLength: 124
2021-10-19 20:20:03,465 - root - INFO - datalength: 1086, _step: 2
2021-10-19 20:20:03,465 - root - INFO - BPP: 16, Transparency: False
2021-10-19 20:20:03,470 - root - INFO - Resource 63 offset: 780665, length: 1178...
2021-10-19 20:20:03,470 - root - DEBUG - Reading resource 63...
2021-10-19 20:20:03,470 - root - INFO - The image is bme.
2021-10-19 20:20:03,470 - root - INFO - Reading image header(readHeader16E)...
2021-10-19 20:20:03,470 - root - INFO - Image header was read:
2021-10-19 20:20:03,470 - root - INFO - Width: 62, Height: 32, RowLength: 124
2021-10-19 20:20:03,470 - root - INFO - datalength: 1162, _step: 2
2021-10-19 20:20:03,470 - root - INFO - BPP: 16, Transparency: False
2021-10-19 20:20:03,473 - root - INFO - Resource 64 offset: 781843, length: 1338...
2021-10-19 20:20:03,473 - root - DEBUG - Reading resource 64...
2021-10-19 20:20:03,473 - root - INFO - The image is bme.
2021-10-19 20:20:03,473 - root - INFO - Reading image header(readHeader16E)...
2021-10-19 20:20:03,473 - root - INFO - Image header was read:
2021-10-19 20:20:03,473 - root - INFO - Width: 62, Height: 32, RowLength: 124
2021-10-19 20:20:03,473 - root - INFO - datalength: 1322, _step: 2
2021-10-19 20:20:03,473 - root - INFO - BPP: 16, Transparency: False
2021-10-19 20:20:03,475 - root - INFO - Resource 65 offset: 783181, length: 1800...
2021-10-19 20:20:03,475 - root - DEBUG - Reading resource 65...
2021-10-19 20:20:03,475 - root - INFO - The image is bme.
2021-10-19 20:20:03,475 - root - INFO - Reading image header(readHeader16E)...
2021-10-19 20:20:03,475 - root - INFO - Image header was read:
2021-10-19 20:20:03,475 - root - INFO - Width: 62, Height: 32, RowLength: 124
2021-10-19 20:20:03,475 - root - INFO - datalength: 1784, _step: 2
2021-10-19 20:20:03,475 - root - INFO - BPP: 16, Transparency: False
2021-10-19 20:20:03,475 - root - INFO - Resource 66 offset: 784981, length: 1562...
2021-10-19 20:20:03,475 - root - DEBUG - Reading resource 66...
2021-10-19 20:20:03,475 - root - INFO - The image is bme.
2021-10-19 20:20:03,475 - root - INFO - Reading image header(readHeader16E)...
2021-10-19 20:20:03,475 - root - INFO - Image header was read:
2021-10-19 20:20:03,475 - root - INFO - Width: 62, Height: 32, RowLength: 124
2021-10-19 20:20:03,475 - root - INFO - datalength: 1546, _step: 2
2021-10-19 20:20:03,475 - root - INFO - BPP: 16, Transparency: False
2021-10-19 20:20:03,475 - root - INFO - Resource 67 offset: 786543, length: 1402...
2021-10-19 20:20:03,475 - root - DEBUG - Reading resource 67...
2021-10-19 20:20:03,475 - root - INFO - The image is bme.
2021-10-19 20:20:03,475 - root - INFO - Reading image header(readHeader16E)...
2021-10-19 20:20:03,475 - root - INFO - Image header was read:
2021-10-19 20:20:03,475 - root - INFO - Width: 62, Height: 32, RowLength: 124
2021-10-19 20:20:03,475 - root - INFO - datalength: 1386, _step: 2
2021-10-19 20:20:03,475 - root - INFO - BPP: 16, Transparency: False
2021-10-19 20:20:03,485 - root - INFO - Resource 68 offset: 787945, length: 1512...
2021-10-19 20:20:03,485 - root - DEBUG - Reading resource 68...
2021-10-19 20:20:03,485 - root - INFO - The image is bme.
2021-10-19 20:20:03,485 - root - INFO - Reading image header(readHeader16E)...
2021-10-19 20:20:03,485 - root - INFO - Image header was read:
2021-10-19 20:20:03,485 - root - INFO - Width: 62, Height: 32, RowLength: 124
2021-10-19 20:20:03,485 - root - INFO - datalength: 1496, _step: 2
2021-10-19 20:20:03,485 - root - INFO - BPP: 16, Transparency: False
2021-10-19 20:20:03,485 - root - INFO - Resource 69 offset: 789457, length: 628...
2021-10-19 20:20:03,485 - root - DEBUG - Reading resource 69...
2021-10-19 20:20:03,485 - root - INFO - The image is bme.
2021-10-19 20:20:03,485 - root - INFO - Reading image header(readHeader16E)...
2021-10-19 20:20:03,485 - root - INFO - Image header was read:
2021-10-19 20:20:03,488 - root - INFO - Width: 42, Height: 22, RowLength: 84
2021-10-19 20:20:03,488 - root - INFO - datalength: 612, _step: 2
2021-10-19 20:20:03,488 - root - INFO - BPP: 16, Transparency: False
2021-10-19 20:20:03,488 - root - INFO - Resource 70 offset: 790085, length: 626...
2021-10-19 20:20:03,488 - root - DEBUG - Reading resource 70...
2021-10-19 20:20:03,488 - root - INFO - The image is bme.
2021-10-19 20:20:03,488 - root - INFO - Reading image header(readHeader16E)...
2021-10-19 20:20:03,488 - root - INFO - Image header was read:
2021-10-19 20:20:03,488 - root - INFO - Width: 42, Height: 22, RowLength: 84
2021-10-19 20:20:03,488 - root - INFO - datalength: 610, _step: 2
2021-10-19 20:20:03,488 - root - INFO - BPP: 16, Transparency: False
2021-10-19 20:20:03,488 - root - INFO - Resource 71 offset: 790711, length: 754...
2021-10-19 20:20:03,488 - root - DEBUG - Reading resource 71...
2021-10-19 20:20:03,488 - root - INFO - The image is bme.
2021-10-19 20:20:03,488 - root - INFO - Reading image header(readHeader16E)...
2021-10-19 20:20:03,488 - root - INFO - Image header was read:
2021-10-19 20:20:03,488 - root - INFO - Width: 42, Height: 22, RowLength: 84
2021-10-19 20:20:03,488 - root - INFO - datalength: 738, _step: 2
2021-10-19 20:20:03,488 - root - INFO - BPP: 16, Transparency: False
2021-10-19 20:20:03,488 - root - INFO - Resource 72 offset: 791465, length: 686...
2021-10-19 20:20:03,488 - root - DEBUG - Reading resource 72...
2021-10-19 20:20:03,488 - root - INFO - The image is bme.
2021-10-19 20:20:03,488 - root - INFO - Reading image header(readHeader16E)...
2021-10-19 20:20:03,488 - root - INFO - Image header was read:
2021-10-19 20:20:03,488 - root - INFO - Width: 42, Height: 22, RowLength: 84
2021-10-19 20:20:03,488 - root - INFO - datalength: 670, _step: 2
2021-10-19 20:20:03,488 - root - INFO - BPP: 16, Transparency: False
2021-10-19 20:20:03,488 - root - DEBUG - Parsing parameters...
2021-10-19 20:20:03,563 - root - DEBUG - 0 Value: None
2021-10-19 20:20:03,563 - root - DEBUG - 0.1 Value: 73
2021-10-19 20:20:03,563 - root - DEBUG - 2 Value: None
2021-10-19 20:20:03,563 - root - DEBUG - 2.1 Value: None
2021-10-19 20:20:03,565 - root - DEBUG - 2.1.1 Value: 0
2021-10-19 20:20:03,565 - root - DEBUG - 2.1.2 Value: 0
2021-10-19 20:20:03,565 - root - DEBUG - 2.1.3 Value: 3
2021-10-19 20:20:03,565 - root - DEBUG - 2.3 Value: None
2021-10-19 20:20:03,565 - root - DEBUG - 2.3.1 Value: 0
2021-10-19 20:20:03,565 - root - DEBUG - 2.3.2 Value: 0
2021-10-19 20:20:03,565 - root - DEBUG - 2.3.3 Value: 1
2021-10-19 20:20:03,565 - root - DEBUG - 2.4 Value: None
2021-10-19 20:20:03,565 - root - DEBUG - 2.4.1 Value: 0
2021-10-19 20:20:03,565 - root - DEBUG - 2.4.2 Value: 0
2021-10-19 20:20:03,565 - root - DEBUG - 2.4.3 Value: 2
2021-10-19 20:20:03,565 - root - DEBUG - 2.5 Value: None
2021-10-19 20:20:03,565 - root - DEBUG - 2.5.1 Value: 0
2021-10-19 20:20:03,565 - root - DEBUG - 2.5.2 Value: 0
2021-10-19 20:20:03,565 - root - DEBUG - 2.5.3 Value: 0
2021-10-19 20:20:03,565 - root - DEBUG - 3 Value: None
2021-10-19 20:20:03,565 - root - DEBUG - 3.1 Value: None
2021-10-19 20:20:03,565 - root - DEBUG - 3.1.1 Value: None
2021-10-19 20:20:03,565 - root - DEBUG - 3.1.1.1 Value: None
2021-10-19 20:20:03,565 - root - DEBUG - 3.1.1.1.1 Value: 75
2021-10-19 20:20:03,565 - root - DEBUG - 3.1.1.1.2 Value: 33
2021-10-19 20:20:03,565 - root - DEBUG - 3.1.1.1.3 Value: 4
2021-10-19 20:20:03,565 - root - DEBUG - 3.1.1.1.4 Value: 10
2021-10-19 20:20:03,565 - root - DEBUG - 3.1.1.2 Value: None
2021-10-19 20:20:03,565 - root - DEBUG - 3.1.1.2.1 Value: 153
2021-10-19 20:20:03,565 - root - DEBUG - 3.1.1.2.2 Value: 33
2021-10-19 20:20:03,565 - root - DEBUG - 3.1.1.2.3 Value: 4
2021-10-19 20:20:03,565 - root - DEBUG - 3.1.1.2.4 Value: 10
2021-10-19 20:20:03,565 - root - DEBUG - 3.1.2 Value: None
2021-10-19 20:20:03,565 - root - DEBUG - 3.1.2.1 Value: None
2021-10-19 20:20:03,565 - root - DEBUG - 3.1.2.1.1 Value: 75
2021-10-19 20:20:03,565 - root - DEBUG - 3.1.2.1.2 Value: 224
2021-10-19 20:20:03,565 - root - DEBUG - 3.1.2.1.3 Value: 4
2021-10-19 20:20:03,565 - root - DEBUG - 3.1.2.1.4 Value: 10
2021-10-19 20:20:03,565 - root - DEBUG - 3.1.2.2 Value: None
2021-10-19 20:20:03,565 - root - DEBUG - 3.1.2.2.1 Value: 153
2021-10-19 20:20:03,565 - root - DEBUG - 3.1.2.2.2 Value: 224
2021-10-19 20:20:03,565 - root - DEBUG - 3.1.2.2.3 Value: 4
2021-10-19 20:20:03,565 - root - DEBUG - 3.1.2.2.4 Value: 10
2021-10-19 20:20:03,565 - root - DEBUG - 3.1.7 Value: 0
2021-10-19 20:20:03,565 - root - DEBUG - 3.1.8 Value: 1
2021-10-19 20:20:03,565 - root - DEBUG - 5 Value: None
2021-10-19 20:20:03,565 - root - DEBUG - 5.1 Value: None
2021-10-19 20:20:03,565 - root - DEBUG - 5.1.9 Value: None
2021-10-19 20:20:03,565 - root - DEBUG - 5.1.9.3 Value: None
2021-10-19 20:20:03,565 - root - DEBUG - 5.1.9.3.1 Value: 137
2021-10-19 20:20:03,565 - root - DEBUG - 5.1.9.3.2 Value: 166
2021-10-19 20:20:03,565 - root - DEBUG - 5.1.9.3.3 Value: 171
2021-10-19 20:20:03,565 - root - DEBUG - 5.1.9.3.4 Value: 187
2021-10-19 20:20:03,565 - root - DEBUG - 5.1.9.3.5 Value: 18
2021-10-19 20:20:03,565 - root - DEBUG - 5.1.9.3.6 Value: 0
2021-10-19 20:20:03,565 - root - DEBUG - 5.1.9.3.7 Value: 0
2021-10-19 20:20:03,565 - root - DEBUG - 5.1.9.3.8 Value: 14
2021-10-19 20:20:03,565 - root - DEBUG - 5.1.9.3.9 Value: 10
2021-10-19 20:20:03,565 - root - DEBUG - 5.1.9.4 Value: 0
2021-10-19 20:20:03,565 - root - DEBUG - 5.1.9.5 Value: 0
2021-10-19 20:20:03,565 - root - DEBUG - 5.1.9.6 Value: None
2021-10-19 20:20:03,565 - root - DEBUG - 5.1.9.6.1 Value: 46
2021-10-19 20:20:03,565 - root - DEBUG - 5.1.9.6.2 Value: 161
2021-10-19 20:20:03,565 - root - DEBUG - 5.1.9.6.3 Value: 24
2021-10-19 20:20:03,565 - root - DEBUG - 5.1.9.6.4 Value: 12
2021-10-19 20:20:03,565 - root - DEBUG - 5.1.9.7 Value: None
2021-10-19 20:20:03,565 - root - DEBUG - 5.1.9.7.1 Value: 46
2021-10-19 20:20:03,565 - root - DEBUG - 5.1.9.7.2 Value: 161
2021-10-19 20:20:03,565 - root - DEBUG - 5.1.9.7.3 Value: 36
2021-10-19 20:20:03,565 - root - DEBUG - 5.1.9.7.4 Value: 12
2021-10-19 20:20:03,565 - root - DEBUG - 5.1.4 Value: 1
2021-10-19 20:20:03,565 - root - DEBUG - 5.1.5 Value: 1
2021-10-19 20:20:03,565 - root - DEBUG - 5.1.6 Value: 0
2021-10-19 20:20:03,565 - root - DEBUG - 5.2 Value: None
2021-10-19 20:20:03,565 - root - DEBUG - 5.2.1 Value: 233
2021-10-19 20:20:03,565 - root - DEBUG - 5.2.2 Value: 42
2021-10-19 20:20:03,565 - root - DEBUG - 5.2.3 Value: 69
2021-10-19 20:20:03,565 - root - DEBUG - 5.2.4 Value: 70
2021-10-19 20:20:03,565 - root - DEBUG - 5.2.5 Value: 71
2021-10-19 20:20:03,565 - root - DEBUG - 5.2.6 Value: 72
2021-10-19 20:20:03,565 - root - DEBUG - 5.4 Value: None
2021-10-19 20:20:03,565 - root - DEBUG - 5.4.1 Value: 198
2021-10-19 20:20:03,565 - root - DEBUG - 5.4.2 Value: 161
2021-10-19 20:20:03,565 - root - DEBUG - 5.4.3 Value: 48
2021-10-19 20:20:03,565 - root - DEBUG - 5.4.4 Value: 7
2021-10-19 20:20:03,565 - root - DEBUG - 5.5 Value: None
2021-10-19 20:20:03,565 - root - DEBUG - 5.5.1 Value: 198
2021-10-19 20:20:03,565 - root - DEBUG - 5.5.2 Value: 161
2021-10-19 20:20:03,565 - root - DEBUG - 5.5.3 Value: 62
2021-10-19 20:20:03,565 - root - DEBUG - 5.5.4 Value: 7
2021-10-19 20:20:03,565 - root - DEBUG - 5.6 Value: None
2021-10-19 20:20:03,565 - root - DEBUG - 5.6.1 Value: 198
2021-10-19 20:20:03,565 - root - DEBUG - 5.6.2 Value: 161
2021-10-19 20:20:03,565 - root - DEBUG - 5.6.3 Value: 55
2021-10-19 20:20:03,565 - root - DEBUG - 5.6.4 Value: 7
2021-10-19 20:20:03,565 - root - DEBUG - 29 Value: None
2021-10-19 20:20:03,565 - root - DEBUG - 29.1 Value: None
2021-10-19 20:20:03,565 - root - DEBUG - 29.1.1 Value: None
2021-10-19 20:20:03,565 - root - DEBUG - 29.1.1.1 Value: None
2021-10-19 20:20:03,565 - root - DEBUG - 29.1.1.1.1 Value: None
2021-10-19 20:20:03,565 - root - DEBUG - 29.1.1.1.1.1 Value: 75
2021-10-19 20:20:03,565 - root - DEBUG - 29.1.1.1.1.2 Value: 33
2021-10-19 20:20:03,565 - root - DEBUG - 29.1.1.1.1.3 Value: 4
2021-10-19 20:20:03,565 - root - DEBUG - 29.1.1.1.1.4 Value: 10
2021-10-19 20:20:03,565 - root - DEBUG - 29.1.1.1.2 Value: None
2021-10-19 20:20:03,565 - root - DEBUG - 29.1.1.1.2.1 Value: 153
2021-10-19 20:20:03,565 - root - DEBUG - 29.1.1.1.2.2 Value: 33
2021-10-19 20:20:03,565 - root - DEBUG - 29.1.1.1.2.3 Value: 4
2021-10-19 20:20:03,565 - root - DEBUG - 29.1.1.1.2.4 Value: 10
2021-10-19 20:20:03,565 - root - DEBUG - 29.1.1.2 Value: None
2021-10-19 20:20:03,565 - root - DEBUG - 29.1.1.2.1 Value: None
2021-10-19 20:20:03,565 - root - DEBUG - 29.1.1.2.1.1 Value: 75
2021-10-19 20:20:03,565 - root - DEBUG - 29.1.1.2.1.2 Value: 224
2021-10-19 20:20:03,565 - root - DEBUG - 29.1.1.2.1.3 Value: 4
2021-10-19 20:20:03,565 - root - DEBUG - 29.1.1.2.1.4 Value: 10
2021-10-19 20:20:03,565 - root - DEBUG - 29.1.1.2.2 Value: None
2021-10-19 20:20:03,565 - root - DEBUG - 29.1.1.2.2.1 Value: 153
2021-10-19 20:20:03,565 - root - DEBUG - 29.1.1.2.2.2 Value: 224
2021-10-19 20:20:03,565 - root - DEBUG - 29.1.1.2.2.3 Value: 4
2021-10-19 20:20:03,565 - root - DEBUG - 29.1.1.2.2.4 Value: 10
2021-10-19 20:20:03,565 - root - DEBUG - 29.1.1.4 Value: 1
2021-10-19 20:20:03,565 - root - DEBUG - 29.1.4 Value: None
2021-10-19 20:20:03,575 - root - DEBUG - 29.1.4.1 Value: 233
2021-10-19 20:20:03,575 - root - DEBUG - 29.1.4.2 Value: 42
2021-10-19 20:20:03,575 - root - DEBUG - 29.1.4.3 Value: 69
2021-10-19 20:20:03,575 - root - DEBUG - 29.1.4.4 Value: 70
2021-10-19 20:20:03,575 - root - DEBUG - 29.1.4.5 Value: 71
2021-10-19 20:20:03,575 - root - DEBUG - 29.1.4.6 Value: 72
2021-10-19 20:20:03,575 - root - DEBUG - 0-Info
2021-10-19 20:20:03,575 - root - DEBUG - 0.1-DeviceId
2021-10-19 20:20:03,575 - root - DEBUG - 2-Background
2021-10-19 20:20:03,575 - root - DEBUG - 2.1-Image
2021-10-19 20:20:03,575 - root - DEBUG - 2.1.1-X
2021-10-19 20:20:03,575 - root - DEBUG - 2.1.2-Y
2021-10-19 20:20:03,575 - root - DEBUG - 2.1.3-ImageIndex
2021-10-19 20:20:03,575 - root - DEBUG - 2.3-Preview
2021-10-19 20:20:03,575 - root - DEBUG - 2.3.1-X
2021-10-19 20:20:03,575 - root - DEBUG - 2.3.2-Y
2021-10-19 20:20:03,575 - root - DEBUG - 2.3.3-ImageIndex
2021-10-19 20:20:03,575 - root - DEBUG - 2.4-PreviewKorean
2021-10-19 20:20:03,575 - root - DEBUG - 2.4.1-X
2021-10-19 20:20:03,575 - root - DEBUG - 2.4.2-Y
2021-10-19 20:20:03,575 - root - DEBUG - 2.4.3-ImageIndex
2021-10-19 20:20:03,575 - root - DEBUG - 2.5-PreviewChinese
2021-10-19 20:20:03,575 - root - DEBUG - 2.5.1-X
2021-10-19 20:20:03,575 - root - DEBUG - 2.5.2-Y
2021-10-19 20:20:03,575 - root - DEBUG - 2.5.3-ImageIndex
2021-10-19 20:20:03,575 - root - DEBUG - 3-TimeExtended
2021-10-19 20:20:03,575 - root - DEBUG - 3.1-TimeSeparateDigits
2021-10-19 20:20:03,575 - root - DEBUG - 3.1.1-Hours
2021-10-19 20:20:03,575 - root - DEBUG - 3.1.1.1-Tens
2021-10-19 20:20:03,578 - root - DEBUG - 3.1.1.1.1-X
2021-10-19 20:20:03,578 - root - DEBUG - 3.1.1.1.2-Y
2021-10-19 20:20:03,578 - root - DEBUG - 3.1.1.1.3-ImageIndex
2021-10-19 20:20:03,578 - root - DEBUG - 3.1.1.1.4-ImagesCount
2021-10-19 20:20:03,578 - root - DEBUG - 3.1.1.2-Ones
2021-10-19 20:20:03,578 - root - DEBUG - 3.1.1.2.1-X
2021-10-19 20:20:03,578 - root - DEBUG - 3.1.1.2.2-Y
2021-10-19 20:20:03,578 - root - DEBUG - 3.1.1.2.3-ImageIndex
2021-10-19 20:20:03,578 - root - DEBUG - 3.1.1.2.4-ImagesCount
2021-10-19 20:20:03,578 - root - DEBUG - 3.1.2-Minutes
2021-10-19 20:20:03,578 - root - DEBUG - 3.1.2.1-Tens
2021-10-19 20:20:03,578 - root - DEBUG - 3.1.2.1.1-X
2021-10-19 20:20:03,578 - root - DEBUG - 3.1.2.1.2-Y
2021-10-19 20:20:03,578 - root - DEBUG - 3.1.2.1.3-ImageIndex
2021-10-19 20:20:03,578 - root - DEBUG - 3.1.2.1.4-ImagesCount
2021-10-19 20:20:03,578 - root - DEBUG - 3.1.2.2-Ones
2021-10-19 20:20:03,578 - root - DEBUG - 3.1.2.2.1-X
2021-10-19 20:20:03,578 - root - DEBUG - 3.1.2.2.2-Y
2021-10-19 20:20:03,578 - root - DEBUG - 3.1.2.2.3-ImageIndex
2021-10-19 20:20:03,578 - root - DEBUG - 3.1.2.2.4-ImagesCount
2021-10-19 20:20:03,578 - root - DEBUG - 3.1.7-Unknown7
2021-10-19 20:20:03,578 - root - DEBUG - 3.1.8-Unknown8
2021-10-19 20:20:03,578 - root - DEBUG - 5-DateBlock
2021-10-19 20:20:03,578 - root - DEBUG - 5.1-Date
2021-10-19 20:20:03,578 - root - DEBUG - 5.1.9-MonthAndDay
2021-10-19 20:20:03,578 - root - DEBUG - 5.1.9.3-Day
2021-10-19 20:20:03,578 - root - DEBUG - 5.1.9.3.1-TopLeftX
2021-10-19 20:20:03,578 - root - DEBUG - 5.1.9.3.2-TopLeftY
2021-10-19 20:20:03,578 - root - DEBUG - 5.1.9.3.3-BottomRightX
2021-10-19 20:20:03,578 - root - DEBUG - 5.1.9.3.4-BottomRightY
2021-10-19 20:20:03,578 - root - DEBUG - 5.1.9.3.5-Alignment
2021-10-19 20:20:03,578 - root - DEBUG - 5.1.9.3.6-Spacing
2021-10-19 20:20:03,578 - root - DEBUG - 5.1.9.3.7-VerticalOffset
2021-10-19 20:20:03,578 - root - DEBUG - 5.1.9.3.8-ImageIndex
2021-10-19 20:20:03,578 - root - DEBUG - 5.1.9.3.9-ImagesCount
2021-10-19 20:20:03,578 - root - DEBUG - 5.1.9.4-MonthFollowsYear
2021-10-19 20:20:03,578 - root - DEBUG - 5.1.9.5-DayFollowsMonth
2021-10-19 20:20:03,578 - root - DEBUG - 5.1.9.6-MonthAsWord
2021-10-19 20:20:03,578 - root - DEBUG - 5.1.9.6.1-X
2021-10-19 20:20:03,578 - root - DEBUG - 5.1.9.6.2-Y
2021-10-19 20:20:03,578 - root - DEBUG - 5.1.9.6.3-ImageIndex
2021-10-19 20:20:03,578 - root - DEBUG - 5.1.9.6.4-ImagesCount
2021-10-19 20:20:03,578 - root - DEBUG - 5.1.9.7-MonthAsWordChinese
2021-10-19 20:20:03,578 - root - DEBUG - 5.1.9.7.1-X
2021-10-19 20:20:03,578 - root - DEBUG - 5.1.9.7.2-Y
2021-10-19 20:20:03,578 - root - DEBUG - 5.1.9.7.3-ImageIndex
2021-10-19 20:20:03,578 - root - DEBUG - 5.1.9.7.4-ImagesCount
2021-10-19 20:20:03,578 - root - DEBUG - 5.1.4-PaddingZeroMonth
2021-10-19 20:20:03,578 - root - DEBUG - 5.1.5-PaddingZeroDay
2021-10-19 20:20:03,578 - root - DEBUG - 5.1.6-Unknown6
2021-10-19 20:20:03,578 - root - DEBUG - 5.2-AmPm
2021-10-19 20:20:03,578 - root - DEBUG - 5.2.1-CommonX
2021-10-19 20:20:03,578 - root - DEBUG - 5.2.2-CommonY
2021-10-19 20:20:03,578 - root - DEBUG - 5.2.3-ImageIndexAMCN
2021-10-19 20:20:03,578 - root - DEBUG - 5.2.4-ImageIndexPMCN
2021-10-19 20:20:03,585 - root - DEBUG - 5.2.5-AmImageIndexEN
2021-10-19 20:20:03,585 - root - DEBUG - 5.2.6-PmImageIndexEN
2021-10-19 20:20:03,585 - root - DEBUG - 5.4-Weekday
2021-10-19 20:20:03,585 - root - DEBUG - 5.4.1-X
2021-10-19 20:20:03,585 - root - DEBUG - 5.4.2-Y
2021-10-19 20:20:03,585 - root - DEBUG - 5.4.3-ImageIndex
2021-10-19 20:20:03,585 - root - DEBUG - 5.4.4-ImagesCount
2021-10-19 20:20:03,585 - root - DEBUG - 5.5-WeekdayChinese
2021-10-19 20:20:03,585 - root - DEBUG - 5.5.1-X
2021-10-19 20:20:03,585 - root - DEBUG - 5.5.2-Y
2021-10-19 20:20:03,585 - root - DEBUG - 5.5.3-ImageIndex
2021-10-19 20:20:03,585 - root - DEBUG - 5.5.4-ImagesCount
2021-10-19 20:20:03,585 - root - DEBUG - 5.6-WeekdayKorean
2021-10-19 20:20:03,585 - root - DEBUG - 5.6.1-X
2021-10-19 20:20:03,585 - root - DEBUG - 5.6.2-Y
2021-10-19 20:20:03,585 - root - DEBUG - 5.6.3-ImageIndex
2021-10-19 20:20:03,585 - root - DEBUG - 5.6.4-ImagesCount
2021-10-19 20:20:03,585 - root - DEBUG - 29-AlwaysOnDisplay
2021-10-19 20:20:03,585 - root - DEBUG - 29.1-TimeExtended
2021-10-19 20:20:03,585 - root - DEBUG - 29.1.1-TimeSeparateDigits
2021-10-19 20:20:03,585 - root - DEBUG - 29.1.1.1-Hours
2021-10-19 20:20:03,585 - root - DEBUG - 29.1.1.1.1-Tens
2021-10-19 20:20:03,585 - root - DEBUG - 29.1.1.1.1.1-X
2021-10-19 20:20:03,585 - root - DEBUG - 29.1.1.1.1.2-Y
2021-10-19 20:20:03,585 - root - DEBUG - 29.1.1.1.1.3-ImageIndex
2021-10-19 20:20:03,585 - root - DEBUG - 29.1.1.1.1.4-ImagesCount
2021-10-19 20:20:03,585 - root - DEBUG - 29.1.1.1.2-Ones
2021-10-19 20:20:03,585 - root - DEBUG - 29.1.1.1.2.1-X
2021-10-19 20:20:03,585 - root - DEBUG - 29.1.1.1.2.2-Y
2021-10-19 20:20:03,585 - root - DEBUG - 29.1.1.1.2.3-ImageIndex
2021-10-19 20:20:03,585 - root - DEBUG - 29.1.1.1.2.4-ImagesCount
2021-10-19 20:20:03,585 - root - DEBUG - 29.1.1.2-Minutes
2021-10-19 20:20:03,585 - root - DEBUG - 29.1.1.2.1-Tens
2021-10-19 20:20:03,585 - root - DEBUG - 29.1.1.2.1.1-X
2021-10-19 20:20:03,585 - root - DEBUG - 29.1.1.2.1.2-Y
2021-10-19 20:20:03,585 - root - DEBUG - 29.1.1.2.1.3-ImageIndex
2021-10-19 20:20:03,585 - root - DEBUG - 29.1.1.2.1.4-ImagesCount
2021-10-19 20:20:03,585 - root - DEBUG - 29.1.1.2.2-Ones
2021-10-19 20:20:03,585 - root - DEBUG - 29.1.1.2.2.1-X
2021-10-19 20:20:03,585 - root - DEBUG - 29.1.1.2.2.2-Y
2021-10-19 20:20:03,585 - root - DEBUG - 29.1.1.2.2.3-ImageIndex
2021-10-19 20:20:03,585 - root - DEBUG - 29.1.1.2.2.4-ImagesCount
2021-10-19 20:20:03,585 - root - DEBUG - 29.1.1.4-PaddingZeroHours
2021-10-19 20:20:03,585 - root - DEBUG - 29.1.4-AmPm
2021-10-19 20:20:03,585 - root - DEBUG - 29.1.4.1-CommonX
2021-10-19 20:20:03,585 - root - DEBUG - 29.1.4.2-CommonY
2021-10-19 20:20:03,585 - root - DEBUG - 29.1.4.3-ImageIndexAMCN
2021-10-19 20:20:03,585 - root - DEBUG - 29.1.4.4-ImageIndexPMCN
2021-10-19 20:20:03,585 - root - DEBUG - 29.1.4.5-AmImageIndexEN
2021-10-19 20:20:03,585 - root - DEBUG - 29.1.4.6-PmImageIndexEN
2021-10-19 20:20:03,585 - root - DEBUG - generatePreviews
2021-10-19 20:20:03,585 - root - DEBUG - Generating previews...
2021-10-19 20:20:03,585 - root - DEBUG - Generating states done...
2021-10-19 20:20:03,605 - root - DEBUG - >>>>>>>>>>>> 0 <watchFaceParser.models.parameter.Parameter object at 0x000002797C8F9208>
2021-10-19 20:20:03,605 - root - DEBUG - >>>>>>>>>>>> 2 <watchFaceParser.models.parameter.Parameter object at 0x000002797C8E8988>
2021-10-19 20:20:03,616 - root - DEBUG - >>>>>>>>>>>> 3 <watchFaceParser.models.parameter.Parameter object at 0x000002797C8F40C8>
2021-10-19 20:20:03,625 - root - DEBUG - >>>>>>>>>>>> 5 <watchFaceParser.models.parameter.Parameter object at 0x000002797C8F7608>
2021-10-19 20:20:03,635 - root - DEBUG - >>>>>>>>>>>> 29 <watchFaceParser.models.parameter.Parameter object at 0x000002797C8F7308>
2021-10-19 20:20:03,655 - root - DEBUG - Generating static preview gen done...
2021-10-19 20:20:03,745 - root - DEBUG - Generating static preview save done...
2021-10-19 20:20:03,745 - root - DEBUG - Generating anim preview gen done...
2021-10-19 20:20:03,745 - root - DEBUG - >>>>>>>>>>>> 0 <watchFaceParser.models.parameter.Parameter object at 0x000002797C8F9208>
2021-10-19 20:20:03,745 - root - DEBUG - >>>>>>>>>>>> 2 <watchFaceParser.models.parameter.Parameter object at 0x000002797C8E8988>
2021-10-19 20:20:03,745 - root - DEBUG - >>>>>>>>>>>> 3 <watchFaceParser.models.parameter.Parameter object at 0x000002797C8F40C8>
2021-10-19 20:20:03,745 - root - DEBUG - >>>>>>>>>>>> 5 <watchFaceParser.models.parameter.Parameter object at 0x000002797C8F7608>
2021-10-19 20:20:03,745 - root - DEBUG - >>>>>>>>>>>> 29 <watchFaceParser.models.parameter.Parameter object at 0x000002797C8F7308>
2021-10-19 20:20:03,845 - root - DEBUG - generatePreviews done
2021-10-19 20:20:03,845 - root - DEBUG - Exporting resources to '6e6e07f883b94e417395456510fb965a'
2021-10-19 20:20:03,855 - root - DEBUG - extracting 6e6e07f883b94e417395456510fb965a\0000.png...
2021-10-19 20:20:03,875 - root - DEBUG - extracting 6e6e07f883b94e417395456510fb965a\0001.png...
2021-10-19 20:20:03,885 - root - DEBUG - extracting 6e6e07f883b94e417395456510fb965a\0002.png...
2021-10-19 20:20:03,905 - root - DEBUG - extracting 6e6e07f883b94e417395456510fb965a\0003.png...
2021-10-19 20:20:03,951 - root - DEBUG - extracting 6e6e07f883b94e417395456510fb965a\0004.png...
2021-10-19 20:20:03,955 - root - DEBUG - extracting 6e6e07f883b94e417395456510fb965a\0005.png...
2021-10-19 20:20:03,955 - root - DEBUG - extracting 6e6e07f883b94e417395456510fb965a\0006.png...
2021-10-19 20:20:03,955 - root - DEBUG - extracting 6e6e07f883b94e417395456510fb965a\0007.png...
2021-10-19 20:20:03,955 - root - DEBUG - extracting 6e6e07f883b94e417395456510fb965a\0008.png...
2021-10-19 20:20:03,955 - root - DEBUG - extracting 6e6e07f883b94e417395456510fb965a\0009.png...
2021-10-19 20:20:03,963 - root - DEBUG - extracting 6e6e07f883b94e417395456510fb965a\0010.png...
2021-10-19 20:20:03,963 - root - DEBUG - extracting 6e6e07f883b94e417395456510fb965a\0011.png...
2021-10-19 20:20:03,965 - root - DEBUG - extracting 6e6e07f883b94e417395456510fb965a\0012.png...
2021-10-19 20:20:03,967 - root - DEBUG - extracting 6e6e07f883b94e417395456510fb965a\0013.png...
2021-10-19 20:20:03,967 - root - DEBUG - extracting 6e6e07f883b94e417395456510fb965a\0014.png...
2021-10-19 20:20:03,967 - root - DEBUG - extracting 6e6e07f883b94e417395456510fb965a\0015.png...
2021-10-19 20:20:03,967 - root - DEBUG - extracting 6e6e07f883b94e417395456510fb965a\0016.png...
2021-10-19 20:20:03,967 - root - DEBUG - extracting 6e6e07f883b94e417395456510fb965a\0017.png...
2021-10-19 20:20:03,967 - root - DEBUG - extracting 6e6e07f883b94e417395456510fb965a\0018.png...
2021-10-19 20:20:03,967 - root - DEBUG - extracting 6e6e07f883b94e417395456510fb965a\0019.png...
2021-10-19 20:20:03,967 - root - DEBUG - extracting 6e6e07f883b94e417395456510fb965a\0020.png...
2021-10-19 20:20:03,967 - root - DEBUG - extracting 6e6e07f883b94e417395456510fb965a\0021.png...
2021-10-19 20:20:03,975 - root - DEBUG - extracting 6e6e07f883b94e417395456510fb965a\0022.png...
2021-10-19 20:20:03,975 - root - DEBUG - extracting 6e6e07f883b94e417395456510fb965a\0023.png...
2021-10-19 20:20:03,975 - root - DEBUG - extracting 6e6e07f883b94e417395456510fb965a\0024.png...
2021-10-19 20:20:03,975 - root - DEBUG - extracting 6e6e07f883b94e417395456510fb965a\0025.png...
2021-10-19 20:20:03,975 - root - DEBUG - extracting 6e6e07f883b94e417395456510fb965a\0026.png...
2021-10-19 20:20:03,975 - root - DEBUG - extracting 6e6e07f883b94e417395456510fb965a\0027.png...
2021-10-19 20:20:03,975 - root - DEBUG - extracting 6e6e07f883b94e417395456510fb965a\0028.png...
2021-10-19 20:20:03,975 - root - DEBUG - extracting 6e6e07f883b94e417395456510fb965a\0029.png...
2021-10-19 20:20:03,975 - root - DEBUG - extracting 6e6e07f883b94e417395456510fb965a\0030.png...
2021-10-19 20:20:03,975 - root - DEBUG - extracting 6e6e07f883b94e417395456510fb965a\0031.png...
2021-10-19 20:20:03,985 - root - DEBUG - extracting 6e6e07f883b94e417395456510fb965a\0032.png...
2021-10-19 20:20:03,985 - root - DEBUG - extracting 6e6e07f883b94e417395456510fb965a\0033.png...
2021-10-19 20:20:03,985 - root - DEBUG - extracting 6e6e07f883b94e417395456510fb965a\0034.png...
2021-10-19 20:20:03,985 - root - DEBUG - extracting 6e6e07f883b94e417395456510fb965a\0035.png...
2021-10-19 20:20:03,985 - root - DEBUG - extracting 6e6e07f883b94e417395456510fb965a\0036.png...
2021-10-19 20:20:03,985 - root - DEBUG - extracting 6e6e07f883b94e417395456510fb965a\0037.png...
2021-10-19 20:20:03,985 - root - DEBUG - extracting 6e6e07f883b94e417395456510fb965a\0038.png...
2021-10-19 20:20:03,985 - root - DEBUG - extracting 6e6e07f883b94e417395456510fb965a\0039.png...
2021-10-19 20:20:03,985 - root - DEBUG - extracting 6e6e07f883b94e417395456510fb965a\0040.png...
2021-10-19 20:20:03,995 - root - DEBUG - extracting 6e6e07f883b94e417395456510fb965a\0041.png...
2021-10-19 20:20:03,995 - root - DEBUG - extracting 6e6e07f883b94e417395456510fb965a\0042.png...
2021-10-19 20:20:03,995 - root - DEBUG - extracting 6e6e07f883b94e417395456510fb965a\0043.png...
2021-10-19 20:20:03,995 - root - DEBUG - extracting 6e6e07f883b94e417395456510fb965a\0044.png...
2021-10-19 20:20:03,995 - root - DEBUG - extracting 6e6e07f883b94e417395456510fb965a\0045.png...
2021-10-19 20:20:03,995 - root - DEBUG - extracting 6e6e07f883b94e417395456510fb965a\0046.png...
2021-10-19 20:20:03,995 - root - DEBUG - extracting 6e6e07f883b94e417395456510fb965a\0047.png...
2021-10-19 20:20:03,995 - root - DEBUG - extracting 6e6e07f883b94e417395456510fb965a\0048.png...
2021-10-19 20:20:03,995 - root - DEBUG - extracting 6e6e07f883b94e417395456510fb965a\0049.png...
2021-10-19 20:20:04,005 - root - DEBUG - extracting 6e6e07f883b94e417395456510fb965a\0050.png...
2021-10-19 20:20:04,005 - root - DEBUG - extracting 6e6e07f883b94e417395456510fb965a\0051.png...
2021-10-19 20:20:04,005 - root - DEBUG - extracting 6e6e07f883b94e417395456510fb965a\0052.png...
2021-10-19 20:20:04,005 - root - DEBUG - extracting 6e6e07f883b94e417395456510fb965a\0053.png...
2021-10-19 20:20:04,005 - root - DEBUG - extracting 6e6e07f883b94e417395456510fb965a\0054.png...
2021-10-19 20:20:04,005 - root - DEBUG - extracting 6e6e07f883b94e417395456510fb965a\0055.png...
2021-10-19 20:20:04,005 - root - DEBUG - extracting 6e6e07f883b94e417395456510fb965a\0056.png...
2021-10-19 20:20:04,005 - root - DEBUG - extracting 6e6e07f883b94e417395456510fb965a\0057.png...
2021-10-19 20:20:04,005 - root - DEBUG - extracting 6e6e07f883b94e417395456510fb965a\0058.png...
2021-10-19 20:20:04,015 - root - DEBUG - extracting 6e6e07f883b94e417395456510fb965a\0059.png...
2021-10-19 20:20:04,015 - root - DEBUG - extracting 6e6e07f883b94e417395456510fb965a\0060.png...
2021-10-19 20:20:04,015 - root - DEBUG - extracting 6e6e07f883b94e417395456510fb965a\0061.png...
2021-10-19 20:20:04,015 - root - DEBUG - extracting 6e6e07f883b94e417395456510fb965a\0062.png...
2021-10-19 20:20:04,015 - root - DEBUG - extracting 6e6e07f883b94e417395456510fb965a\0063.png...
2021-10-19 20:20:04,015 - root - DEBUG - extracting 6e6e07f883b94e417395456510fb965a\0064.png...
2021-10-19 20:20:04,015 - root - DEBUG - extracting 6e6e07f883b94e417395456510fb965a\0065.png...
2021-10-19 20:20:04,015 - root - DEBUG - extracting 6e6e07f883b94e417395456510fb965a\0066.png...
2021-10-19 20:20:04,025 - root - DEBUG - extracting 6e6e07f883b94e417395456510fb965a\0067.png...
2021-10-19 20:20:04,025 - root - DEBUG - extracting 6e6e07f883b94e417395456510fb965a\0068.png...
2021-10-19 20:20:04,025 - root - DEBUG - extracting 6e6e07f883b94e417395456510fb965a\0069.png...
2021-10-19 20:20:04,025 - root - DEBUG - extracting 6e6e07f883b94e417395456510fb965a\0070.png...
2021-10-19 20:20:04,025 - root - DEBUG - extracting 6e6e07f883b94e417395456510fb965a\0071.png...
2021-10-19 20:20:04,025 - root - DEBUG - extracting 6e6e07f883b94e417395456510fb965a\0072.png...
2021-10-19 20:20:04,025 - root - DEBUG - Exporting config...
