2021-12-27 17:05:20,049 - root - DEBUG - Opening watch face 'c3e03bf22296bd45ce643b38d075bebb.bin'
2021-12-27 17:05:20,049 - root - DEBUG - Reading parameters...
2021-12-27 17:05:20,049 - root - INFO - Reading header...
2021-12-27 17:05:20,050 - root - INFO - Header was read:
2021-12-27 17:05:20,050 - root - INFO - Signature: b'UIHH\x01\x00\xff', Unknown: 103, ParametersSize: 33, isValid: True, deviceId: 73
2021-12-27 17:05:20,050 - root - INFO - Reading parameter offsets...
2021-12-27 17:05:20,050 - root - INFO - Parameter offsets were read from file
2021-12-27 17:05:20,051 - root - INFO - Reading parameters descriptor...
2021-12-27 17:05:20,051 - root - INFO - 1 ( A): 5 bytes
2021-12-27 17:05:20,051 - root - INFO -     1 ( 8): 271 10F
2021-12-27 17:05:20,051 - root - INFO -     2 (10): 81 51
2021-12-27 17:05:20,051 - root - INFO - getParameters descriptor was read:
2021-12-27 17:05:20,051 - root - INFO - ParametersTableLength: 271, ImagesCount: 81
2021-12-27 17:05:20,051 - root - INFO - Reading parameters locations...
2021-12-27 17:05:20,051 - root - INFO - 2 (12): 4 bytes
2021-12-27 17:05:20,051 - root - INFO -     1 ( 8): 0  0
2021-12-27 17:05:20,051 - root - INFO -     2 (10): 32 20
2021-12-27 17:05:20,051 - root - INFO - 3 (1A): 4 bytes
2021-12-27 17:05:20,051 - root - INFO -     1 ( 8): 32 20
2021-12-27 17:05:20,052 - root - INFO -     2 (10): 61 3D
2021-12-27 17:05:20,052 - root - INFO - 5 (2A): 4 bytes
2021-12-27 17:05:20,052 - root - INFO -     1 ( 8): 93 5D
2021-12-27 17:05:20,052 - root - INFO -     2 (10): 103 67
2021-12-27 17:05:20,052 - root - INFO - 29 (EA): 5 bytes
2021-12-27 17:05:20,052 - root - INFO -     1 ( 8): 196 C4
2021-12-27 17:05:20,052 - root - INFO -     2 (10): 75 4B
2021-12-27 17:05:20,052 - root - INFO - Watch face parameters locations were read:
2021-12-27 17:05:20,053 - root - INFO - Reading descriptor for parameter 2
2021-12-27 17:05:20,053 - root - INFO - Descriptor offset: 0, Descriptor length: 32
2021-12-27 17:05:20,053 - root - INFO - Parsing descriptor for parameter 2...
2021-12-27 17:05:20,053 - root - INFO - 1 ( A): 6 bytes
2021-12-27 17:05:20,053 - root - INFO -     1 ( 8): 0  0
2021-12-27 17:05:20,053 - root - INFO -     2 (10): 0  0
2021-12-27 17:05:20,054 - root - INFO -     3 (18): 2  2
2021-12-27 17:05:20,054 - root - INFO - 3 (1A): 6 bytes
2021-12-27 17:05:20,054 - root - INFO -     1 ( 8): 0  0
2021-12-27 17:05:20,054 - root - INFO -     2 (10): 0  0
2021-12-27 17:05:20,054 - root - INFO -     3 (18): 1  1
2021-12-27 17:05:20,054 - root - INFO - 4 (22): 6 bytes
2021-12-27 17:05:20,054 - root - INFO -     1 ( 8): 0  0
2021-12-27 17:05:20,054 - root - INFO -     2 (10): 0  0
2021-12-27 17:05:20,054 - root - INFO -     3 (18): 0  0
2021-12-27 17:05:20,054 - root - INFO - 5 (2A): 6 bytes
2021-12-27 17:05:20,054 - root - INFO -     1 ( 8): 0  0
2021-12-27 17:05:20,055 - root - INFO -     2 (10): 0  0
2021-12-27 17:05:20,055 - root - INFO -     3 (18): 0  0
2021-12-27 17:05:20,055 - root - INFO - Reading descriptor for parameter 3
2021-12-27 17:05:20,055 - root - INFO - Descriptor offset: 32, Descriptor length: 61
2021-12-27 17:05:20,055 - root - INFO - Parsing descriptor for parameter 3...
2021-12-27 17:05:20,055 - root - INFO - 1 ( A): 59 bytes
2021-12-27 17:05:20,055 - root - INFO -     1 ( A): 20 bytes
2021-12-27 17:05:20,055 - root - INFO -         1 ( A): 8 bytes
2021-12-27 17:05:20,055 - root - INFO -             1 ( 8): 30 1E
2021-12-27 17:05:20,055 - root - INFO -             2 (10): 54 36
2021-12-27 17:05:20,056 - root - INFO -             3 (18): 3  3
2021-12-27 17:05:20,056 - root - INFO -             4 (20): 10  A
2021-12-27 17:05:20,056 - root - INFO -         2 (12): 8 bytes
2021-12-27 17:05:20,056 - root - INFO -             1 ( 8): 83 53
2021-12-27 17:05:20,056 - root - INFO -             2 (10): 54 36
2021-12-27 17:05:20,056 - root - INFO -             3 (18): 3  3
2021-12-27 17:05:20,056 - root - INFO -             4 (20): 10  A
2021-12-27 17:05:20,056 - root - INFO -     2 (12): 22 bytes
2021-12-27 17:05:20,056 - root - INFO -         1 ( A): 9 bytes
2021-12-27 17:05:20,056 - root - INFO -             1 ( 8): 171 AB
2021-12-27 17:05:20,056 - root - INFO -             2 (10): 54 36
2021-12-27 17:05:20,057 - root - INFO -             3 (18): 3  3
2021-12-27 17:05:20,057 - root - INFO -             4 (20): 10  A
2021-12-27 17:05:20,057 - root - INFO -         2 (12): 9 bytes
2021-12-27 17:05:20,057 - root - INFO -             1 ( 8): 224 E0
2021-12-27 17:05:20,057 - root - INFO -             2 (10): 54 36
2021-12-27 17:05:20,057 - root - INFO -             3 (18): 3  3
2021-12-27 17:05:20,057 - root - INFO -             4 (20): 10  A
2021-12-27 17:05:20,057 - root - INFO -     5 (2A): 7 bytes
2021-12-27 17:05:20,057 - root - INFO -         1 ( 8): 150 96
2021-12-27 17:05:20,057 - root - INFO -         2 (10): 54 36
2021-12-27 17:05:20,057 - root - INFO -         3 (18): 13  D
2021-12-27 17:05:20,057 - root - INFO -     7 (38): 0  0
2021-12-27 17:05:20,058 - root - INFO -     8 (40): 1  1
2021-12-27 17:05:20,058 - root - INFO - Reading descriptor for parameter 5
2021-12-27 17:05:20,058 - root - INFO - Descriptor offset: 93, Descriptor length: 103
2021-12-27 17:05:20,058 - root - INFO - Parsing descriptor for parameter 5...
2021-12-27 17:05:20,058 - root - INFO - 1 ( A): 57 bytes
2021-12-27 17:05:20,058 - root - INFO -     9 (4A): 49 bytes
2021-12-27 17:05:20,058 - root - INFO -         3 (1A): 21 bytes
2021-12-27 17:05:20,058 - root - INFO -             1 ( 8): 218 DA
2021-12-27 17:05:20,058 - root - INFO -             2 (10): 117 75
2021-12-27 17:05:20,058 - root - INFO -             3 (18): 258 102
2021-12-27 17:05:20,059 - root - INFO -             4 (20): 141 8D
2021-12-27 17:05:20,059 - root - INFO -             5 (28): 18 12
2021-12-27 17:05:20,059 - root - INFO -             6 (30): 0  0
2021-12-27 17:05:20,059 - root - INFO -             7 (38): 0  0
2021-12-27 17:05:20,059 - root - INFO -             8 (40): 14  E
2021-12-27 17:05:20,059 - root - INFO -             9 (48): 10  A
2021-12-27 17:05:20,059 - root - INFO -         4 (20): 0  0
2021-12-27 17:05:20,059 - root - INFO -         5 (28): 0  0
2021-12-27 17:05:20,059 - root - INFO -         6 (32): 9 bytes
2021-12-27 17:05:20,059 - root - INFO -             1 ( 8): 134 86
2021-12-27 17:05:20,059 - root - INFO -             2 (10): 117 75
2021-12-27 17:05:20,059 - root - INFO -             3 (18): 24 18
2021-12-27 17:05:20,060 - root - INFO -             4 (20): 12  C
2021-12-27 17:05:20,060 - root - INFO -         7 (3A): 9 bytes
2021-12-27 17:05:20,060 - root - INFO -             1 ( 8): 134 86
2021-12-27 17:05:20,060 - root - INFO -             2 (10): 117 75
2021-12-27 17:05:20,060 - root - INFO -             3 (18): 36 24
2021-12-27 17:05:20,060 - root - INFO -             4 (20): 12  C
2021-12-27 17:05:20,060 - root - INFO -     4 (20): 1  1
2021-12-27 17:05:20,060 - root - INFO -     5 (28): 1  1
2021-12-27 17:05:20,060 - root - INFO -     6 (30): 0  0
2021-12-27 17:05:20,060 - root - INFO - 2 (12): 12 bytes
2021-12-27 17:05:20,060 - root - INFO -     1 ( 8): 123 7B
2021-12-27 17:05:20,061 - root - INFO -     2 (10): 24 18
2021-12-27 17:05:20,061 - root - INFO -     3 (18): 62 3E
2021-12-27 17:05:20,061 - root - INFO -     4 (20): 63 3F
2021-12-27 17:05:20,061 - root - INFO -     5 (28): 64 40
2021-12-27 17:05:20,061 - root - INFO -     6 (30): 65 41
2021-12-27 17:05:20,061 - root - INFO - 4 (22): 8 bytes
2021-12-27 17:05:20,061 - root - INFO -     1 ( 8): 48 30
2021-12-27 17:05:20,061 - root - INFO -     2 (10): 117 75
2021-12-27 17:05:20,061 - root - INFO -     3 (18): 48 30
2021-12-27 17:05:20,061 - root - INFO -     4 (20): 7  7
2021-12-27 17:05:20,061 - root - INFO - 5 (2A): 8 bytes
2021-12-27 17:05:20,062 - root - INFO -     1 ( 8): 48 30
2021-12-27 17:05:20,062 - root - INFO -     2 (10): 117 75
2021-12-27 17:05:20,062 - root - INFO -     3 (18): 55 37
2021-12-27 17:05:20,062 - root - INFO -     4 (20): 7  7
2021-12-27 17:05:20,062 - root - INFO - 6 (32): 8 bytes
2021-12-27 17:05:20,062 - root - INFO -     1 ( 8): 48 30
2021-12-27 17:05:20,062 - root - INFO -     2 (10): 117 75
2021-12-27 17:05:20,062 - root - INFO -     3 (18): 55 37
2021-12-27 17:05:20,062 - root - INFO -     4 (20): 7  7
2021-12-27 17:05:20,062 - root - INFO - Reading descriptor for parameter 29
2021-12-27 17:05:20,063 - root - INFO - Descriptor offset: 196, Descriptor length: 75
2021-12-27 17:05:20,063 - root - INFO - Parsing descriptor for parameter 29...
2021-12-27 17:05:20,063 - root - INFO - 1 ( A): 73 bytes
2021-12-27 17:05:20,063 - root - INFO -     1 ( A): 57 bytes
2021-12-27 17:05:20,063 - root - INFO -         1 ( A): 20 bytes
2021-12-27 17:05:20,063 - root - INFO -             1 ( A): 8 bytes
2021-12-27 17:05:20,063 - root - INFO -                 1 ( 8): 30 1E
2021-12-27 17:05:20,063 - root - INFO -                 2 (10): 54 36
2021-12-27 17:05:20,063 - root - INFO -                 3 (18): 66 42
2021-12-27 17:05:20,063 - root - INFO -                 4 (20): 10  A
2021-12-27 17:05:20,063 - root - INFO -             2 (12): 8 bytes
2021-12-27 17:05:20,063 - root - INFO -                 1 ( 8): 83 53
2021-12-27 17:05:20,064 - root - INFO -                 2 (10): 54 36
2021-12-27 17:05:20,064 - root - INFO -                 3 (18): 66 42
2021-12-27 17:05:20,064 - root - INFO -                 4 (20): 10  A
2021-12-27 17:05:20,064 - root - INFO -         2 (12): 22 bytes
2021-12-27 17:05:20,064 - root - INFO -             1 ( A): 9 bytes
2021-12-27 17:05:20,064 - root - INFO -                 1 ( 8): 171 AB
2021-12-27 17:05:20,064 - root - INFO -                 2 (10): 54 36
2021-12-27 17:05:20,064 - root - INFO -                 3 (18): 66 42
2021-12-27 17:05:20,064 - root - INFO -                 4 (20): 10  A
2021-12-27 17:05:20,064 - root - INFO -             2 (12): 9 bytes
2021-12-27 17:05:20,064 - root - INFO -                 1 ( 8): 224 E0
2021-12-27 17:05:20,065 - root - INFO -                 2 (10): 54 36
2021-12-27 17:05:20,065 - root - INFO -                 3 (18): 66 42
2021-12-27 17:05:20,065 - root - INFO -                 4 (20): 10  A
2021-12-27 17:05:20,065 - root - INFO -         3 (1A): 7 bytes
2021-12-27 17:05:20,065 - root - INFO -             1 ( 8): 150 96
2021-12-27 17:05:20,065 - root - INFO -             2 (10): 54 36
2021-12-27 17:05:20,065 - root - INFO -             3 (18): 76 4C
2021-12-27 17:05:20,065 - root - INFO -         4 (20): 1  1
2021-12-27 17:05:20,066 - root - INFO -     4 (22): 12 bytes
2021-12-27 17:05:20,066 - root - INFO -         1 ( 8): 123 7B
2021-12-27 17:05:20,066 - root - INFO -         2 (10): 24 18
2021-12-27 17:05:20,066 - root - INFO -         3 (18): 77 4D
2021-12-27 17:05:20,066 - root - INFO -         4 (20): 78 4E
2021-12-27 17:05:20,066 - root - INFO -         5 (28): 79 4F
2021-12-27 17:05:20,066 - root - INFO -         6 (30): 80 50
2021-12-27 17:05:20,069 - root - INFO - Reading resources offsets table with 81 elements (324 bytes)
2021-12-27 17:05:20,069 - root - INFO - Resource 0 offset: 715, length: 152476...
2021-12-27 17:05:20,069 - root - DEBUG - Reading resource 0...
2021-12-27 17:05:20,109 - root - INFO - The image is bmc.
2021-12-27 17:05:20,109 - root - INFO - Reading image header(readHeader16C)...
2021-12-27 17:05:20,109 - root - INFO - Image header was read:
2021-12-27 17:05:20,109 - root - INFO - Width: 210, Height: 242, RowLength: 630
2021-12-27 17:05:20,109 - root - INFO - _step: 3, unknown2: 0,
2021-12-27 17:05:20,109 - root - INFO - BPP: 24, Transparency: False
2021-12-27 17:05:20,313 - root - INFO - Resource 1 offset: 153191, length: 152476...
2021-12-27 17:05:20,313 - root - DEBUG - Reading resource 1...
2021-12-27 17:05:20,314 - root - INFO - The image is bmc.
2021-12-27 17:05:20,314 - root - INFO - Reading image header(readHeader16C)...
2021-12-27 17:05:20,314 - root - INFO - Image header was read:
2021-12-27 17:05:20,314 - root - INFO - Width: 210, Height: 242, RowLength: 630
2021-12-27 17:05:20,314 - root - INFO - _step: 3, unknown2: 0,
2021-12-27 17:05:20,314 - root - INFO - BPP: 24, Transparency: False
2021-12-27 17:05:20,518 - root - INFO - Resource 2 offset: 305667, length: 216664...
2021-12-27 17:05:20,518 - root - DEBUG - Reading resource 2...
2021-12-27 17:05:20,518 - root - INFO - The image is bmc.
2021-12-27 17:05:20,518 - root - INFO - Reading image header(readHeader16C)...
2021-12-27 17:05:20,518 - root - INFO - Image header was read:
2021-12-27 17:05:20,518 - root - INFO - Width: 306, Height: 354, RowLength: 612
2021-12-27 17:05:20,518 - root - INFO - _step: 2, unknown2: 0,
2021-12-27 17:05:20,518 - root - INFO - BPP: 16, Transparency: False
2021-12-27 17:05:21,202 - root - INFO - Resource 3 offset: 522331, length: 8128...
2021-12-27 17:05:21,202 - root - DEBUG - Reading resource 3...
2021-12-27 17:05:21,202 - root - INFO - The image is bmc.
2021-12-27 17:05:21,202 - root - INFO - Reading image header(readHeader16C)...
2021-12-27 17:05:21,203 - root - INFO - Image header was read:
2021-12-27 17:05:21,203 - root - INFO - Width: 52, Height: 52, RowLength: 156
2021-12-27 17:05:21,203 - root - INFO - _step: 3, unknown2: 0,
2021-12-27 17:05:21,203 - root - INFO - BPP: 24, Transparency: False
2021-12-27 17:05:21,213 - root - INFO - Resource 4 offset: 530459, length: 8128...
2021-12-27 17:05:21,213 - root - DEBUG - Reading resource 4...
2021-12-27 17:05:21,213 - root - INFO - The image is bmc.
2021-12-27 17:05:21,213 - root - INFO - Reading image header(readHeader16C)...
2021-12-27 17:05:21,213 - root - INFO - Image header was read:
2021-12-27 17:05:21,213 - root - INFO - Width: 52, Height: 52, RowLength: 156
2021-12-27 17:05:21,214 - root - INFO - _step: 3, unknown2: 0,
2021-12-27 17:05:21,214 - root - INFO - BPP: 24, Transparency: False
2021-12-27 17:05:21,225 - root - INFO - Resource 5 offset: 538587, length: 8128...
2021-12-27 17:05:21,225 - root - DEBUG - Reading resource 5...
2021-12-27 17:05:21,225 - root - INFO - The image is bmc.
2021-12-27 17:05:21,225 - root - INFO - Reading image header(readHeader16C)...
2021-12-27 17:05:21,226 - root - INFO - Image header was read:
2021-12-27 17:05:21,226 - root - INFO - Width: 52, Height: 52, RowLength: 156
2021-12-27 17:05:21,226 - root - INFO - _step: 3, unknown2: 0,
2021-12-27 17:05:21,226 - root - INFO - BPP: 24, Transparency: False
2021-12-27 17:05:21,236 - root - INFO - Resource 6 offset: 546715, length: 8128...
2021-12-27 17:05:21,236 - root - DEBUG - Reading resource 6...
2021-12-27 17:05:21,236 - root - INFO - The image is bmc.
2021-12-27 17:05:21,236 - root - INFO - Reading image header(readHeader16C)...
2021-12-27 17:05:21,236 - root - INFO - Image header was read:
2021-12-27 17:05:21,236 - root - INFO - Width: 52, Height: 52, RowLength: 156
2021-12-27 17:05:21,236 - root - INFO - _step: 3, unknown2: 0,
2021-12-27 17:05:21,237 - root - INFO - BPP: 24, Transparency: False
2021-12-27 17:05:21,247 - root - INFO - Resource 7 offset: 554843, length: 8128...
2021-12-27 17:05:21,247 - root - DEBUG - Reading resource 7...
2021-12-27 17:05:21,247 - root - INFO - The image is bmc.
2021-12-27 17:05:21,247 - root - INFO - Reading image header(readHeader16C)...
2021-12-27 17:05:21,247 - root - INFO - Image header was read:
2021-12-27 17:05:21,247 - root - INFO - Width: 52, Height: 52, RowLength: 156
2021-12-27 17:05:21,247 - root - INFO - _step: 3, unknown2: 0,
2021-12-27 17:05:21,247 - root - INFO - BPP: 24, Transparency: False
2021-12-27 17:05:21,258 - root - INFO - Resource 8 offset: 562971, length: 8128...
2021-12-27 17:05:21,258 - root - DEBUG - Reading resource 8...
2021-12-27 17:05:21,258 - root - INFO - The image is bmc.
2021-12-27 17:05:21,258 - root - INFO - Reading image header(readHeader16C)...
2021-12-27 17:05:21,258 - root - INFO - Image header was read:
2021-12-27 17:05:21,258 - root - INFO - Width: 52, Height: 52, RowLength: 156
2021-12-27 17:05:21,258 - root - INFO - _step: 3, unknown2: 0,
2021-12-27 17:05:21,258 - root - INFO - BPP: 24, Transparency: False
2021-12-27 17:05:21,268 - root - INFO - Resource 9 offset: 571099, length: 8128...
2021-12-27 17:05:21,268 - root - DEBUG - Reading resource 9...
2021-12-27 17:05:21,269 - root - INFO - The image is bmc.
2021-12-27 17:05:21,269 - root - INFO - Reading image header(readHeader16C)...
2021-12-27 17:05:21,269 - root - INFO - Image header was read:
2021-12-27 17:05:21,269 - root - INFO - Width: 52, Height: 52, RowLength: 156
2021-12-27 17:05:21,269 - root - INFO - _step: 3, unknown2: 0,
2021-12-27 17:05:21,269 - root - INFO - BPP: 24, Transparency: False
2021-12-27 17:05:21,279 - root - INFO - Resource 10 offset: 579227, length: 8128...
2021-12-27 17:05:21,279 - root - DEBUG - Reading resource 10...
2021-12-27 17:05:21,279 - root - INFO - The image is bmc.
2021-12-27 17:05:21,280 - root - INFO - Reading image header(readHeader16C)...
2021-12-27 17:05:21,280 - root - INFO - Image header was read:
2021-12-27 17:05:21,280 - root - INFO - Width: 52, Height: 52, RowLength: 156
2021-12-27 17:05:21,280 - root - INFO - _step: 3, unknown2: 0,
2021-12-27 17:05:21,280 - root - INFO - BPP: 24, Transparency: False
2021-12-27 17:05:21,290 - root - INFO - Resource 11 offset: 587355, length: 8128...
2021-12-27 17:05:21,290 - root - DEBUG - Reading resource 11...
2021-12-27 17:05:21,290 - root - INFO - The image is bmc.
2021-12-27 17:05:21,290 - root - INFO - Reading image header(readHeader16C)...
2021-12-27 17:05:21,290 - root - INFO - Image header was read:
2021-12-27 17:05:21,290 - root - INFO - Width: 52, Height: 52, RowLength: 156
2021-12-27 17:05:21,290 - root - INFO - _step: 3, unknown2: 0,
2021-12-27 17:05:21,291 - root - INFO - BPP: 24, Transparency: False
2021-12-27 17:05:21,301 - root - INFO - Resource 12 offset: 595483, length: 8128...
2021-12-27 17:05:21,301 - root - DEBUG - Reading resource 12...
2021-12-27 17:05:21,301 - root - INFO - The image is bmc.
2021-12-27 17:05:21,301 - root - INFO - Reading image header(readHeader16C)...
2021-12-27 17:05:21,301 - root - INFO - Image header was read:
2021-12-27 17:05:21,301 - root - INFO - Width: 52, Height: 52, RowLength: 156
2021-12-27 17:05:21,301 - root - INFO - _step: 3, unknown2: 0,
2021-12-27 17:05:21,301 - root - INFO - BPP: 24, Transparency: False
2021-12-27 17:05:21,312 - root - INFO - Resource 13 offset: 603611, length: 952...
2021-12-27 17:05:21,312 - root - DEBUG - Reading resource 13...
2021-12-27 17:05:21,312 - root - INFO - The image is bmc.
2021-12-27 17:05:21,312 - root - INFO - Reading image header(readHeader16C)...
2021-12-27 17:05:21,312 - root - INFO - Image header was read:
2021-12-27 17:05:21,312 - root - INFO - Width: 6, Height: 52, RowLength: 18
2021-12-27 17:05:21,312 - root - INFO - _step: 3, unknown2: 0,
2021-12-27 17:05:21,312 - root - INFO - BPP: 24, Transparency: False
2021-12-27 17:05:21,314 - root - INFO - Resource 14 offset: 604563, length: 1456...
2021-12-27 17:05:21,314 - root - DEBUG - Reading resource 14...
2021-12-27 17:05:21,314 - root - INFO - The image is bmc.
2021-12-27 17:05:21,314 - root - INFO - Reading image header(readHeader16C)...
2021-12-27 17:05:21,314 - root - INFO - Image header was read:
2021-12-27 17:05:21,314 - root - INFO - Width: 20, Height: 24, RowLength: 60
2021-12-27 17:05:21,314 - root - INFO - _step: 3, unknown2: 0,
2021-12-27 17:05:21,314 - root - INFO - BPP: 24, Transparency: False
2021-12-27 17:05:21,316 - root - INFO - Resource 15 offset: 606019, length: 1456...
2021-12-27 17:05:21,316 - root - DEBUG - Reading resource 15...
2021-12-27 17:05:21,316 - root - INFO - The image is bmc.
2021-12-27 17:05:21,316 - root - INFO - Reading image header(readHeader16C)...
2021-12-27 17:05:21,317 - root - INFO - Image header was read:
2021-12-27 17:05:21,317 - root - INFO - Width: 20, Height: 24, RowLength: 60
2021-12-27 17:05:21,317 - root - INFO - _step: 3, unknown2: 0,
2021-12-27 17:05:21,317 - root - INFO - BPP: 24, Transparency: False
2021-12-27 17:05:21,319 - root - INFO - Resource 16 offset: 607475, length: 1456...
2021-12-27 17:05:21,319 - root - DEBUG - Reading resource 16...
2021-12-27 17:05:21,319 - root - INFO - The image is bmc.
2021-12-27 17:05:21,319 - root - INFO - Reading image header(readHeader16C)...
2021-12-27 17:05:21,319 - root - INFO - Image header was read:
2021-12-27 17:05:21,319 - root - INFO - Width: 20, Height: 24, RowLength: 60
2021-12-27 17:05:21,319 - root - INFO - _step: 3, unknown2: 0,
2021-12-27 17:05:21,319 - root - INFO - BPP: 24, Transparency: False
2021-12-27 17:05:21,321 - root - INFO - Resource 17 offset: 608931, length: 1456...
2021-12-27 17:05:21,321 - root - DEBUG - Reading resource 17...
2021-12-27 17:05:21,321 - root - INFO - The image is bmc.
2021-12-27 17:05:21,321 - root - INFO - Reading image header(readHeader16C)...
2021-12-27 17:05:21,322 - root - INFO - Image header was read:
2021-12-27 17:05:21,322 - root - INFO - Width: 20, Height: 24, RowLength: 60
2021-12-27 17:05:21,322 - root - INFO - _step: 3, unknown2: 0,
2021-12-27 17:05:21,322 - root - INFO - BPP: 24, Transparency: False
2021-12-27 17:05:21,324 - root - INFO - Resource 18 offset: 610387, length: 1456...
2021-12-27 17:05:21,324 - root - DEBUG - Reading resource 18...
2021-12-27 17:05:21,324 - root - INFO - The image is bmc.
2021-12-27 17:05:21,324 - root - INFO - Reading image header(readHeader16C)...
2021-12-27 17:05:21,324 - root - INFO - Image header was read:
2021-12-27 17:05:21,324 - root - INFO - Width: 20, Height: 24, RowLength: 60
2021-12-27 17:05:21,324 - root - INFO - _step: 3, unknown2: 0,
2021-12-27 17:05:21,324 - root - INFO - BPP: 24, Transparency: False
2021-12-27 17:05:21,326 - root - INFO - Resource 19 offset: 611843, length: 1456...
2021-12-27 17:05:21,326 - root - DEBUG - Reading resource 19...
2021-12-27 17:05:21,326 - root - INFO - The image is bmc.
2021-12-27 17:05:21,326 - root - INFO - Reading image header(readHeader16C)...
2021-12-27 17:05:21,327 - root - INFO - Image header was read:
2021-12-27 17:05:21,327 - root - INFO - Width: 20, Height: 24, RowLength: 60
2021-12-27 17:05:21,327 - root - INFO - _step: 3, unknown2: 0,
2021-12-27 17:05:21,327 - root - INFO - BPP: 24, Transparency: False
2021-12-27 17:05:21,329 - root - INFO - Resource 20 offset: 613299, length: 1456...
2021-12-27 17:05:21,329 - root - DEBUG - Reading resource 20...
2021-12-27 17:05:21,329 - root - INFO - The image is bmc.
2021-12-27 17:05:21,329 - root - INFO - Reading image header(readHeader16C)...
2021-12-27 17:05:21,329 - root - INFO - Image header was read:
2021-12-27 17:05:21,329 - root - INFO - Width: 20, Height: 24, RowLength: 60
2021-12-27 17:05:21,329 - root - INFO - _step: 3, unknown2: 0,
2021-12-27 17:05:21,329 - root - INFO - BPP: 24, Transparency: False
2021-12-27 17:05:21,331 - root - INFO - Resource 21 offset: 614755, length: 1456...
2021-12-27 17:05:21,331 - root - DEBUG - Reading resource 21...
2021-12-27 17:05:21,331 - root - INFO - The image is bmc.
2021-12-27 17:05:21,331 - root - INFO - Reading image header(readHeader16C)...
2021-12-27 17:05:21,331 - root - INFO - Image header was read:
2021-12-27 17:05:21,332 - root - INFO - Width: 20, Height: 24, RowLength: 60
2021-12-27 17:05:21,332 - root - INFO - _step: 3, unknown2: 0,
2021-12-27 17:05:21,332 - root - INFO - BPP: 24, Transparency: False
2021-12-27 17:05:21,334 - root - INFO - Resource 22 offset: 616211, length: 1456...
2021-12-27 17:05:21,334 - root - DEBUG - Reading resource 22...
2021-12-27 17:05:21,334 - root - INFO - The image is bmc.
2021-12-27 17:05:21,334 - root - INFO - Reading image header(readHeader16C)...
2021-12-27 17:05:21,334 - root - INFO - Image header was read:
2021-12-27 17:05:21,334 - root - INFO - Width: 20, Height: 24, RowLength: 60
2021-12-27 17:05:21,334 - root - INFO - _step: 3, unknown2: 0,
2021-12-27 17:05:21,334 - root - INFO - BPP: 24, Transparency: False
2021-12-27 17:05:21,336 - root - INFO - Resource 23 offset: 617667, length: 1456...
2021-12-27 17:05:21,336 - root - DEBUG - Reading resource 23...
2021-12-27 17:05:21,336 - root - INFO - The image is bmc.
2021-12-27 17:05:21,336 - root - INFO - Reading image header(readHeader16C)...
2021-12-27 17:05:21,336 - root - INFO - Image header was read:
2021-12-27 17:05:21,336 - root - INFO - Width: 20, Height: 24, RowLength: 60
2021-12-27 17:05:21,336 - root - INFO - _step: 3, unknown2: 0,
2021-12-27 17:05:21,337 - root - INFO - BPP: 24, Transparency: False
2021-12-27 17:05:21,338 - root - INFO - Resource 24 offset: 619123, length: 5200...
2021-12-27 17:05:21,338 - root - DEBUG - Reading resource 24...
2021-12-27 17:05:21,339 - root - INFO - The image is bmc.
2021-12-27 17:05:21,339 - root - INFO - Reading image header(readHeader16C)...
2021-12-27 17:05:21,339 - root - INFO - Image header was read:
2021-12-27 17:05:21,339 - root - INFO - Width: 72, Height: 24, RowLength: 216
2021-12-27 17:05:21,339 - root - INFO - _step: 3, unknown2: 0,
2021-12-27 17:05:21,339 - root - INFO - BPP: 24, Transparency: False
2021-12-27 17:05:21,346 - root - INFO - Resource 25 offset: 624323, length: 5200...
2021-12-27 17:05:21,346 - root - DEBUG - Reading resource 25...
2021-12-27 17:05:21,346 - root - INFO - The image is bmc.
2021-12-27 17:05:21,346 - root - INFO - Reading image header(readHeader16C)...
2021-12-27 17:05:21,346 - root - INFO - Image header was read:
2021-12-27 17:05:21,346 - root - INFO - Width: 72, Height: 24, RowLength: 216
2021-12-27 17:05:21,346 - root - INFO - _step: 3, unknown2: 0,
2021-12-27 17:05:21,346 - root - INFO - BPP: 24, Transparency: False
2021-12-27 17:05:21,353 - root - INFO - Resource 26 offset: 629523, length: 5200...
2021-12-27 17:05:21,353 - root - DEBUG - Reading resource 26...
2021-12-27 17:05:21,353 - root - INFO - The image is bmc.
2021-12-27 17:05:21,353 - root - INFO - Reading image header(readHeader16C)...
2021-12-27 17:05:21,353 - root - INFO - Image header was read:
2021-12-27 17:05:21,353 - root - INFO - Width: 72, Height: 24, RowLength: 216
2021-12-27 17:05:21,353 - root - INFO - _step: 3, unknown2: 0,
2021-12-27 17:05:21,353 - root - INFO - BPP: 24, Transparency: False
2021-12-27 17:05:21,360 - root - INFO - Resource 27 offset: 634723, length: 5200...
2021-12-27 17:05:21,360 - root - DEBUG - Reading resource 27...
2021-12-27 17:05:21,360 - root - INFO - The image is bmc.
2021-12-27 17:05:21,360 - root - INFO - Reading image header(readHeader16C)...
2021-12-27 17:05:21,360 - root - INFO - Image header was read:
2021-12-27 17:05:21,360 - root - INFO - Width: 72, Height: 24, RowLength: 216
2021-12-27 17:05:21,360 - root - INFO - _step: 3, unknown2: 0,
2021-12-27 17:05:21,360 - root - INFO - BPP: 24, Transparency: False
2021-12-27 17:05:21,367 - root - INFO - Resource 28 offset: 639923, length: 5200...
2021-12-27 17:05:21,367 - root - DEBUG - Reading resource 28...
2021-12-27 17:05:21,367 - root - INFO - The image is bmc.
2021-12-27 17:05:21,367 - root - INFO - Reading image header(readHeader16C)...
2021-12-27 17:05:21,367 - root - INFO - Image header was read:
2021-12-27 17:05:21,367 - root - INFO - Width: 72, Height: 24, RowLength: 216
2021-12-27 17:05:21,367 - root - INFO - _step: 3, unknown2: 0,
2021-12-27 17:05:21,367 - root - INFO - BPP: 24, Transparency: False
2021-12-27 17:05:21,374 - root - INFO - Resource 29 offset: 645123, length: 5200...
2021-12-27 17:05:21,374 - root - DEBUG - Reading resource 29...
2021-12-27 17:05:21,374 - root - INFO - The image is bmc.
2021-12-27 17:05:21,374 - root - INFO - Reading image header(readHeader16C)...
2021-12-27 17:05:21,374 - root - INFO - Image header was read:
2021-12-27 17:05:21,374 - root - INFO - Width: 72, Height: 24, RowLength: 216
2021-12-27 17:05:21,374 - root - INFO - _step: 3, unknown2: 0,
2021-12-27 17:05:21,374 - root - INFO - BPP: 24, Transparency: False
2021-12-27 17:05:21,381 - root - INFO - Resource 30 offset: 650323, length: 5200...
2021-12-27 17:05:21,381 - root - DEBUG - Reading resource 30...
2021-12-27 17:05:21,381 - root - INFO - The image is bmc.
2021-12-27 17:05:21,381 - root - INFO - Reading image header(readHeader16C)...
2021-12-27 17:05:21,381 - root - INFO - Image header was read:
2021-12-27 17:05:21,381 - root - INFO - Width: 72, Height: 24, RowLength: 216
2021-12-27 17:05:21,381 - root - INFO - _step: 3, unknown2: 0,
2021-12-27 17:05:21,381 - root - INFO - BPP: 24, Transparency: False
2021-12-27 17:05:21,388 - root - INFO - Resource 31 offset: 655523, length: 5200...
2021-12-27 17:05:21,388 - root - DEBUG - Reading resource 31...
2021-12-27 17:05:21,388 - root - INFO - The image is bmc.
2021-12-27 17:05:21,388 - root - INFO - Reading image header(readHeader16C)...
2021-12-27 17:05:21,389 - root - INFO - Image header was read:
2021-12-27 17:05:21,389 - root - INFO - Width: 72, Height: 24, RowLength: 216
2021-12-27 17:05:21,389 - root - INFO - _step: 3, unknown2: 0,
2021-12-27 17:05:21,389 - root - INFO - BPP: 24, Transparency: False
2021-12-27 17:05:21,395 - root - INFO - Resource 32 offset: 660723, length: 5200...
2021-12-27 17:05:21,395 - root - DEBUG - Reading resource 32...
2021-12-27 17:05:21,395 - root - INFO - The image is bmc.
2021-12-27 17:05:21,395 - root - INFO - Reading image header(readHeader16C)...
2021-12-27 17:05:21,396 - root - INFO - Image header was read:
2021-12-27 17:05:21,396 - root - INFO - Width: 72, Height: 24, RowLength: 216
2021-12-27 17:05:21,396 - root - INFO - _step: 3, unknown2: 0,
2021-12-27 17:05:21,396 - root - INFO - BPP: 24, Transparency: False
2021-12-27 17:05:21,402 - root - INFO - Resource 33 offset: 665923, length: 5200...
2021-12-27 17:05:21,402 - root - DEBUG - Reading resource 33...
2021-12-27 17:05:21,402 - root - INFO - The image is bmc.
2021-12-27 17:05:21,402 - root - INFO - Reading image header(readHeader16C)...
2021-12-27 17:05:21,403 - root - INFO - Image header was read:
2021-12-27 17:05:21,403 - root - INFO - Width: 72, Height: 24, RowLength: 216
2021-12-27 17:05:21,403 - root - INFO - _step: 3, unknown2: 0,
2021-12-27 17:05:21,403 - root - INFO - BPP: 24, Transparency: False
2021-12-27 17:05:21,409 - root - INFO - Resource 34 offset: 671123, length: 5200...
2021-12-27 17:05:21,409 - root - DEBUG - Reading resource 34...
2021-12-27 17:05:21,409 - root - INFO - The image is bmc.
2021-12-27 17:05:21,410 - root - INFO - Reading image header(readHeader16C)...
2021-12-27 17:05:21,410 - root - INFO - Image header was read:
2021-12-27 17:05:21,410 - root - INFO - Width: 72, Height: 24, RowLength: 216
2021-12-27 17:05:21,410 - root - INFO - _step: 3, unknown2: 0,
2021-12-27 17:05:21,410 - root - INFO - BPP: 24, Transparency: False
2021-12-27 17:05:21,416 - root - INFO - Resource 35 offset: 676323, length: 5200...
2021-12-27 17:05:21,416 - root - DEBUG - Reading resource 35...
2021-12-27 17:05:21,417 - root - INFO - The image is bmc.
2021-12-27 17:05:21,417 - root - INFO - Reading image header(readHeader16C)...
2021-12-27 17:05:21,417 - root - INFO - Image header was read:
2021-12-27 17:05:21,417 - root - INFO - Width: 72, Height: 24, RowLength: 216
2021-12-27 17:05:21,417 - root - INFO - _step: 3, unknown2: 0,
2021-12-27 17:05:21,417 - root - INFO - BPP: 24, Transparency: False
2021-12-27 17:05:21,424 - root - INFO - Resource 36 offset: 681523, length: 5200...
2021-12-27 17:05:21,424 - root - DEBUG - Reading resource 36...
2021-12-27 17:05:21,424 - root - INFO - The image is bmc.
2021-12-27 17:05:21,424 - root - INFO - Reading image header(readHeader16C)...
2021-12-27 17:05:21,424 - root - INFO - Image header was read:
2021-12-27 17:05:21,424 - root - INFO - Width: 72, Height: 24, RowLength: 216
2021-12-27 17:05:21,424 - root - INFO - _step: 3, unknown2: 0,
2021-12-27 17:05:21,424 - root - INFO - BPP: 24, Transparency: False
2021-12-27 17:05:21,431 - root - INFO - Resource 37 offset: 686723, length: 5200...
2021-12-27 17:05:21,431 - root - DEBUG - Reading resource 37...
2021-12-27 17:05:21,431 - root - INFO - The image is bmc.
2021-12-27 17:05:21,431 - root - INFO - Reading image header(readHeader16C)...
2021-12-27 17:05:21,431 - root - INFO - Image header was read:
2021-12-27 17:05:21,431 - root - INFO - Width: 72, Height: 24, RowLength: 216
2021-12-27 17:05:21,431 - root - INFO - _step: 3, unknown2: 0,
2021-12-27 17:05:21,431 - root - INFO - BPP: 24, Transparency: False
2021-12-27 17:05:21,438 - root - INFO - Resource 38 offset: 691923, length: 5200...
2021-12-27 17:05:21,438 - root - DEBUG - Reading resource 38...
2021-12-27 17:05:21,438 - root - INFO - The image is bmc.
2021-12-27 17:05:21,438 - root - INFO - Reading image header(readHeader16C)...
2021-12-27 17:05:21,438 - root - INFO - Image header was read:
2021-12-27 17:05:21,438 - root - INFO - Width: 72, Height: 24, RowLength: 216
2021-12-27 17:05:21,438 - root - INFO - _step: 3, unknown2: 0,
2021-12-27 17:05:21,438 - root - INFO - BPP: 24, Transparency: False
2021-12-27 17:05:21,445 - root - INFO - Resource 39 offset: 697123, length: 5200...
2021-12-27 17:05:21,445 - root - DEBUG - Reading resource 39...
2021-12-27 17:05:21,445 - root - INFO - The image is bmc.
2021-12-27 17:05:21,445 - root - INFO - Reading image header(readHeader16C)...
2021-12-27 17:05:21,445 - root - INFO - Image header was read:
2021-12-27 17:05:21,445 - root - INFO - Width: 72, Height: 24, RowLength: 216
2021-12-27 17:05:21,445 - root - INFO - _step: 3, unknown2: 0,
2021-12-27 17:05:21,445 - root - INFO - BPP: 24, Transparency: False
2021-12-27 17:05:21,452 - root - INFO - Resource 40 offset: 702323, length: 5200...
2021-12-27 17:05:21,452 - root - DEBUG - Reading resource 40...
2021-12-27 17:05:21,452 - root - INFO - The image is bmc.
2021-12-27 17:05:21,452 - root - INFO - Reading image header(readHeader16C)...
2021-12-27 17:05:21,453 - root - INFO - Image header was read:
2021-12-27 17:05:21,453 - root - INFO - Width: 72, Height: 24, RowLength: 216
2021-12-27 17:05:21,453 - root - INFO - _step: 3, unknown2: 0,
2021-12-27 17:05:21,453 - root - INFO - BPP: 24, Transparency: False
2021-12-27 17:05:21,459 - root - INFO - Resource 41 offset: 707523, length: 5200...
2021-12-27 17:05:21,459 - root - DEBUG - Reading resource 41...
2021-12-27 17:05:21,459 - root - INFO - The image is bmc.
2021-12-27 17:05:21,459 - root - INFO - Reading image header(readHeader16C)...
2021-12-27 17:05:21,460 - root - INFO - Image header was read:
2021-12-27 17:05:21,460 - root - INFO - Width: 72, Height: 24, RowLength: 216
2021-12-27 17:05:21,460 - root - INFO - _step: 3, unknown2: 0,
2021-12-27 17:05:21,460 - root - INFO - BPP: 24, Transparency: False
2021-12-27 17:05:21,466 - root - INFO - Resource 42 offset: 712723, length: 5200...
2021-12-27 17:05:21,466 - root - DEBUG - Reading resource 42...
2021-12-27 17:05:21,466 - root - INFO - The image is bmc.
2021-12-27 17:05:21,466 - root - INFO - Reading image header(readHeader16C)...
2021-12-27 17:05:21,467 - root - INFO - Image header was read:
2021-12-27 17:05:21,467 - root - INFO - Width: 72, Height: 24, RowLength: 216
2021-12-27 17:05:21,467 - root - INFO - _step: 3, unknown2: 0,
2021-12-27 17:05:21,467 - root - INFO - BPP: 24, Transparency: False
2021-12-27 17:05:21,473 - root - INFO - Resource 43 offset: 717923, length: 5200...
2021-12-27 17:05:21,473 - root - DEBUG - Reading resource 43...
2021-12-27 17:05:21,474 - root - INFO - The image is bmc.
2021-12-27 17:05:21,474 - root - INFO - Reading image header(readHeader16C)...
2021-12-27 17:05:21,474 - root - INFO - Image header was read:
2021-12-27 17:05:21,474 - root - INFO - Width: 72, Height: 24, RowLength: 216
2021-12-27 17:05:21,474 - root - INFO - _step: 3, unknown2: 0,
2021-12-27 17:05:21,474 - root - INFO - BPP: 24, Transparency: False
2021-12-27 17:05:21,480 - root - INFO - Resource 44 offset: 723123, length: 5200...
2021-12-27 17:05:21,480 - root - DEBUG - Reading resource 44...
2021-12-27 17:05:21,481 - root - INFO - The image is bmc.
2021-12-27 17:05:21,481 - root - INFO - Reading image header(readHeader16C)...
2021-12-27 17:05:21,481 - root - INFO - Image header was read:
2021-12-27 17:05:21,481 - root - INFO - Width: 72, Height: 24, RowLength: 216
2021-12-27 17:05:21,481 - root - INFO - _step: 3, unknown2: 0,
2021-12-27 17:05:21,481 - root - INFO - BPP: 24, Transparency: False
2021-12-27 17:05:21,487 - root - INFO - Resource 45 offset: 728323, length: 5200...
2021-12-27 17:05:21,488 - root - DEBUG - Reading resource 45...
2021-12-27 17:05:21,488 - root - INFO - The image is bmc.
2021-12-27 17:05:21,488 - root - INFO - Reading image header(readHeader16C)...
2021-12-27 17:05:21,488 - root - INFO - Image header was read:
2021-12-27 17:05:21,488 - root - INFO - Width: 72, Height: 24, RowLength: 216
2021-12-27 17:05:21,488 - root - INFO - _step: 3, unknown2: 0,
2021-12-27 17:05:21,488 - root - INFO - BPP: 24, Transparency: False
2021-12-27 17:05:21,495 - root - INFO - Resource 46 offset: 733523, length: 5200...
2021-12-27 17:05:21,495 - root - DEBUG - Reading resource 46...
2021-12-27 17:05:21,495 - root - INFO - The image is bmc.
2021-12-27 17:05:21,495 - root - INFO - Reading image header(readHeader16C)...
2021-12-27 17:05:21,495 - root - INFO - Image header was read:
2021-12-27 17:05:21,495 - root - INFO - Width: 72, Height: 24, RowLength: 216
2021-12-27 17:05:21,495 - root - INFO - _step: 3, unknown2: 0,
2021-12-27 17:05:21,495 - root - INFO - BPP: 24, Transparency: False
2021-12-27 17:05:21,502 - root - INFO - Resource 47 offset: 738723, length: 5200...
2021-12-27 17:05:21,502 - root - DEBUG - Reading resource 47...
2021-12-27 17:05:21,502 - root - INFO - The image is bmc.
2021-12-27 17:05:21,502 - root - INFO - Reading image header(readHeader16C)...
2021-12-27 17:05:21,502 - root - INFO - Image header was read:
2021-12-27 17:05:21,502 - root - INFO - Width: 72, Height: 24, RowLength: 216
2021-12-27 17:05:21,502 - root - INFO - _step: 3, unknown2: 0,
2021-12-27 17:05:21,502 - root - INFO - BPP: 24, Transparency: False
2021-12-27 17:05:21,509 - root - INFO - Resource 48 offset: 743923, length: 5200...
2021-12-27 17:05:21,509 - root - DEBUG - Reading resource 48...
2021-12-27 17:05:21,509 - root - INFO - The image is bmc.
2021-12-27 17:05:21,509 - root - INFO - Reading image header(readHeader16C)...
2021-12-27 17:05:21,509 - root - INFO - Image header was read:
2021-12-27 17:05:21,509 - root - INFO - Width: 72, Height: 24, RowLength: 216
2021-12-27 17:05:21,509 - root - INFO - _step: 3, unknown2: 0,
2021-12-27 17:05:21,509 - root - INFO - BPP: 24, Transparency: False
2021-12-27 17:05:21,516 - root - INFO - Resource 49 offset: 749123, length: 5200...
2021-12-27 17:05:21,516 - root - DEBUG - Reading resource 49...
2021-12-27 17:05:21,516 - root - INFO - The image is bmc.
2021-12-27 17:05:21,516 - root - INFO - Reading image header(readHeader16C)...
2021-12-27 17:05:21,516 - root - INFO - Image header was read:
2021-12-27 17:05:21,517 - root - INFO - Width: 72, Height: 24, RowLength: 216
2021-12-27 17:05:21,517 - root - INFO - _step: 3, unknown2: 0,
2021-12-27 17:05:21,517 - root - INFO - BPP: 24, Transparency: False
2021-12-27 17:05:21,523 - root - INFO - Resource 50 offset: 754323, length: 5200...
2021-12-27 17:05:21,523 - root - DEBUG - Reading resource 50...
2021-12-27 17:05:21,523 - root - INFO - The image is bmc.
2021-12-27 17:05:21,523 - root - INFO - Reading image header(readHeader16C)...
2021-12-27 17:05:21,523 - root - INFO - Image header was read:
2021-12-27 17:05:21,524 - root - INFO - Width: 72, Height: 24, RowLength: 216
2021-12-27 17:05:21,524 - root - INFO - _step: 3, unknown2: 0,
2021-12-27 17:05:21,524 - root - INFO - BPP: 24, Transparency: False
2021-12-27 17:05:21,530 - root - INFO - Resource 51 offset: 759523, length: 5200...
2021-12-27 17:05:21,530 - root - DEBUG - Reading resource 51...
2021-12-27 17:05:21,530 - root - INFO - The image is bmc.
2021-12-27 17:05:21,530 - root - INFO - Reading image header(readHeader16C)...
2021-12-27 17:05:21,531 - root - INFO - Image header was read:
2021-12-27 17:05:21,531 - root - INFO - Width: 72, Height: 24, RowLength: 216
2021-12-27 17:05:21,531 - root - INFO - _step: 3, unknown2: 0,
2021-12-27 17:05:21,531 - root - INFO - BPP: 24, Transparency: False
2021-12-27 17:05:21,537 - root - INFO - Resource 52 offset: 764723, length: 5200...
2021-12-27 17:05:21,537 - root - DEBUG - Reading resource 52...
2021-12-27 17:05:21,538 - root - INFO - The image is bmc.
2021-12-27 17:05:21,538 - root - INFO - Reading image header(readHeader16C)...
2021-12-27 17:05:21,538 - root - INFO - Image header was read:
2021-12-27 17:05:21,538 - root - INFO - Width: 72, Height: 24, RowLength: 216
2021-12-27 17:05:21,538 - root - INFO - _step: 3, unknown2: 0,
2021-12-27 17:05:21,538 - root - INFO - BPP: 24, Transparency: False
2021-12-27 17:05:21,544 - root - INFO - Resource 53 offset: 769923, length: 5200...
2021-12-27 17:05:21,544 - root - DEBUG - Reading resource 53...
2021-12-27 17:05:21,545 - root - INFO - The image is bmc.
2021-12-27 17:05:21,545 - root - INFO - Reading image header(readHeader16C)...
2021-12-27 17:05:21,545 - root - INFO - Image header was read:
2021-12-27 17:05:21,545 - root - INFO - Width: 72, Height: 24, RowLength: 216
2021-12-27 17:05:21,545 - root - INFO - _step: 3, unknown2: 0,
2021-12-27 17:05:21,545 - root - INFO - BPP: 24, Transparency: False
2021-12-27 17:05:21,552 - root - INFO - Resource 54 offset: 775123, length: 5200...
2021-12-27 17:05:21,552 - root - DEBUG - Reading resource 54...
2021-12-27 17:05:21,552 - root - INFO - The image is bmc.
2021-12-27 17:05:21,552 - root - INFO - Reading image header(readHeader16C)...
2021-12-27 17:05:21,552 - root - INFO - Image header was read:
2021-12-27 17:05:21,552 - root - INFO - Width: 72, Height: 24, RowLength: 216
2021-12-27 17:05:21,552 - root - INFO - _step: 3, unknown2: 0,
2021-12-27 17:05:21,552 - root - INFO - BPP: 24, Transparency: False
2021-12-27 17:05:21,559 - root - INFO - Resource 55 offset: 780323, length: 5200...
2021-12-27 17:05:21,559 - root - DEBUG - Reading resource 55...
2021-12-27 17:05:21,559 - root - INFO - The image is bmc.
2021-12-27 17:05:21,559 - root - INFO - Reading image header(readHeader16C)...
2021-12-27 17:05:21,559 - root - INFO - Image header was read:
2021-12-27 17:05:21,559 - root - INFO - Width: 72, Height: 24, RowLength: 216
2021-12-27 17:05:21,559 - root - INFO - _step: 3, unknown2: 0,
2021-12-27 17:05:21,559 - root - INFO - BPP: 24, Transparency: False
2021-12-27 17:05:21,566 - root - INFO - Resource 56 offset: 785523, length: 5200...
2021-12-27 17:05:21,566 - root - DEBUG - Reading resource 56...
2021-12-27 17:05:21,566 - root - INFO - The image is bmc.
2021-12-27 17:05:21,566 - root - INFO - Reading image header(readHeader16C)...
2021-12-27 17:05:21,566 - root - INFO - Image header was read:
2021-12-27 17:05:21,566 - root - INFO - Width: 72, Height: 24, RowLength: 216
2021-12-27 17:05:21,567 - root - INFO - _step: 3, unknown2: 0,
2021-12-27 17:05:21,567 - root - INFO - BPP: 24, Transparency: False
2021-12-27 17:05:21,573 - root - INFO - Resource 57 offset: 790723, length: 5200...
2021-12-27 17:05:21,573 - root - DEBUG - Reading resource 57...
2021-12-27 17:05:21,573 - root - INFO - The image is bmc.
2021-12-27 17:05:21,573 - root - INFO - Reading image header(readHeader16C)...
2021-12-27 17:05:21,573 - root - INFO - Image header was read:
2021-12-27 17:05:21,573 - root - INFO - Width: 72, Height: 24, RowLength: 216
2021-12-27 17:05:21,574 - root - INFO - _step: 3, unknown2: 0,
2021-12-27 17:05:21,574 - root - INFO - BPP: 24, Transparency: False
2021-12-27 17:05:21,581 - root - INFO - Resource 58 offset: 795923, length: 5200...
2021-12-27 17:05:21,581 - root - DEBUG - Reading resource 58...
2021-12-27 17:05:21,581 - root - INFO - The image is bmc.
2021-12-27 17:05:21,581 - root - INFO - Reading image header(readHeader16C)...
2021-12-27 17:05:21,581 - root - INFO - Image header was read:
2021-12-27 17:05:21,581 - root - INFO - Width: 72, Height: 24, RowLength: 216
2021-12-27 17:05:21,581 - root - INFO - _step: 3, unknown2: 0,
2021-12-27 17:05:21,581 - root - INFO - BPP: 24, Transparency: False
2021-12-27 17:05:21,588 - root - INFO - Resource 59 offset: 801123, length: 5200...
2021-12-27 17:05:21,588 - root - DEBUG - Reading resource 59...
2021-12-27 17:05:21,588 - root - INFO - The image is bmc.
2021-12-27 17:05:21,588 - root - INFO - Reading image header(readHeader16C)...
2021-12-27 17:05:21,588 - root - INFO - Image header was read:
2021-12-27 17:05:21,588 - root - INFO - Width: 72, Height: 24, RowLength: 216
2021-12-27 17:05:21,588 - root - INFO - _step: 3, unknown2: 0,
2021-12-27 17:05:21,588 - root - INFO - BPP: 24, Transparency: False
2021-12-27 17:05:21,595 - root - INFO - Resource 60 offset: 806323, length: 5200...
2021-12-27 17:05:21,595 - root - DEBUG - Reading resource 60...
2021-12-27 17:05:21,595 - root - INFO - The image is bmc.
2021-12-27 17:05:21,595 - root - INFO - Reading image header(readHeader16C)...
2021-12-27 17:05:21,595 - root - INFO - Image header was read:
2021-12-27 17:05:21,595 - root - INFO - Width: 72, Height: 24, RowLength: 216
2021-12-27 17:05:21,595 - root - INFO - _step: 3, unknown2: 0,
2021-12-27 17:05:21,595 - root - INFO - BPP: 24, Transparency: False
2021-12-27 17:05:21,602 - root - INFO - Resource 61 offset: 811523, length: 5200...
2021-12-27 17:05:21,602 - root - DEBUG - Reading resource 61...
2021-12-27 17:05:21,602 - root - INFO - The image is bmc.
2021-12-27 17:05:21,602 - root - INFO - Reading image header(readHeader16C)...
2021-12-27 17:05:21,602 - root - INFO - Image header was read:
2021-12-27 17:05:21,602 - root - INFO - Width: 72, Height: 24, RowLength: 216
2021-12-27 17:05:21,602 - root - INFO - _step: 3, unknown2: 0,
2021-12-27 17:05:21,602 - root - INFO - BPP: 24, Transparency: False
2021-12-27 17:05:21,609 - root - INFO - Resource 62 offset: 816723, length: 4336...
2021-12-27 17:05:21,609 - root - DEBUG - Reading resource 62...
2021-12-27 17:05:21,609 - root - INFO - The image is bmc.
2021-12-27 17:05:21,609 - root - INFO - Reading image header(readHeader16C)...
2021-12-27 17:05:21,609 - root - INFO - Image header was read:
2021-12-27 17:05:21,609 - root - INFO - Width: 60, Height: 24, RowLength: 180
2021-12-27 17:05:21,609 - root - INFO - _step: 3, unknown2: 0,
2021-12-27 17:05:21,610 - root - INFO - BPP: 24, Transparency: False
2021-12-27 17:05:21,615 - root - INFO - Resource 63 offset: 821059, length: 4336...
2021-12-27 17:05:21,615 - root - DEBUG - Reading resource 63...
2021-12-27 17:05:21,615 - root - INFO - The image is bmc.
2021-12-27 17:05:21,615 - root - INFO - Reading image header(readHeader16C)...
2021-12-27 17:05:21,615 - root - INFO - Image header was read:
2021-12-27 17:05:21,616 - root - INFO - Width: 60, Height: 24, RowLength: 180
2021-12-27 17:05:21,616 - root - INFO - _step: 3, unknown2: 0,
2021-12-27 17:05:21,616 - root - INFO - BPP: 24, Transparency: False
2021-12-27 17:05:21,621 - root - INFO - Resource 64 offset: 825395, length: 4336...
2021-12-27 17:05:21,621 - root - DEBUG - Reading resource 64...
2021-12-27 17:05:21,621 - root - INFO - The image is bmc.
2021-12-27 17:05:21,621 - root - INFO - Reading image header(readHeader16C)...
2021-12-27 17:05:21,621 - root - INFO - Image header was read:
2021-12-27 17:05:21,622 - root - INFO - Width: 60, Height: 24, RowLength: 180
2021-12-27 17:05:21,622 - root - INFO - _step: 3, unknown2: 0,
2021-12-27 17:05:21,622 - root - INFO - BPP: 24, Transparency: False
2021-12-27 17:05:21,627 - root - INFO - Resource 65 offset: 829731, length: 4336...
2021-12-27 17:05:21,627 - root - DEBUG - Reading resource 65...
2021-12-27 17:05:21,627 - root - INFO - The image is bmc.
2021-12-27 17:05:21,628 - root - INFO - Reading image header(readHeader16C)...
2021-12-27 17:05:21,628 - root - INFO - Image header was read:
2021-12-27 17:05:21,628 - root - INFO - Width: 60, Height: 24, RowLength: 180
2021-12-27 17:05:21,628 - root - INFO - _step: 3, unknown2: 0,
2021-12-27 17:05:21,628 - root - INFO - BPP: 24, Transparency: False
2021-12-27 17:05:21,633 - root - INFO - Resource 66 offset: 834067, length: 1470...
2021-12-27 17:05:21,633 - root - DEBUG - Reading resource 66...
2021-12-27 17:05:21,633 - root - INFO - The image is bme.
2021-12-27 17:05:21,634 - root - INFO - Reading image header(readHeader16E)...
2021-12-27 17:05:21,634 - root - INFO - Image header was read:
2021-12-27 17:05:21,634 - root - INFO - Width: 52, Height: 52, RowLength: 104
2021-12-27 17:05:21,634 - root - INFO - datalength: 1454, _step: 2
2021-12-27 17:05:21,634 - root - INFO - BPP: 16, Transparency: False
2021-12-27 17:05:21,636 - root - INFO - Resource 67 offset: 835537, length: 620...
2021-12-27 17:05:21,636 - root - DEBUG - Reading resource 67...
2021-12-27 17:05:21,636 - root - INFO - The image is bme.
2021-12-27 17:05:21,636 - root - INFO - Reading image header(readHeader16E)...
2021-12-27 17:05:21,636 - root - INFO - Image header was read:
2021-12-27 17:05:21,636 - root - INFO - Width: 52, Height: 52, RowLength: 104
2021-12-27 17:05:21,636 - root - INFO - datalength: 604, _step: 2
2021-12-27 17:05:21,636 - root - INFO - BPP: 16, Transparency: False
2021-12-27 17:05:21,637 - root - INFO - Resource 68 offset: 836157, length: 1194...
2021-12-27 17:05:21,637 - root - DEBUG - Reading resource 68...
2021-12-27 17:05:21,637 - root - INFO - The image is bme.
2021-12-27 17:05:21,638 - root - INFO - Reading image header(readHeader16E)...
2021-12-27 17:05:21,638 - root - INFO - Image header was read:
2021-12-27 17:05:21,638 - root - INFO - Width: 52, Height: 52, RowLength: 104
2021-12-27 17:05:21,638 - root - INFO - datalength: 1178, _step: 2
2021-12-27 17:05:21,638 - root - INFO - BPP: 16, Transparency: False
2021-12-27 17:05:21,640 - root - INFO - Resource 69 offset: 837351, length: 1130...
2021-12-27 17:05:21,640 - root - DEBUG - Reading resource 69...
2021-12-27 17:05:21,640 - root - INFO - The image is bme.
2021-12-27 17:05:21,640 - root - INFO - Reading image header(readHeader16E)...
2021-12-27 17:05:21,640 - root - INFO - Image header was read:
2021-12-27 17:05:21,640 - root - INFO - Width: 52, Height: 52, RowLength: 104
2021-12-27 17:05:21,640 - root - INFO - datalength: 1114, _step: 2
2021-12-27 17:05:21,640 - root - INFO - BPP: 16, Transparency: False
2021-12-27 17:05:21,642 - root - INFO - Resource 70 offset: 838481, length: 1238...
2021-12-27 17:05:21,642 - root - DEBUG - Reading resource 70...
2021-12-27 17:05:21,642 - root - INFO - The image is bme.
2021-12-27 17:05:21,642 - root - INFO - Reading image header(readHeader16E)...
2021-12-27 17:05:21,642 - root - INFO - Image header was read:
2021-12-27 17:05:21,642 - root - INFO - Width: 52, Height: 52, RowLength: 104
2021-12-27 17:05:21,642 - root - INFO - datalength: 1222, _step: 2
2021-12-27 17:05:21,642 - root - INFO - BPP: 16, Transparency: False
2021-12-27 17:05:21,644 - root - INFO - Resource 71 offset: 839719, length: 1214...
2021-12-27 17:05:21,644 - root - DEBUG - Reading resource 71...
2021-12-27 17:05:21,644 - root - INFO - The image is bme.
2021-12-27 17:05:21,645 - root - INFO - Reading image header(readHeader16E)...
2021-12-27 17:05:21,645 - root - INFO - Image header was read:
2021-12-27 17:05:21,645 - root - INFO - Width: 52, Height: 52, RowLength: 104
2021-12-27 17:05:21,645 - root - INFO - datalength: 1198, _step: 2
2021-12-27 17:05:21,645 - root - INFO - BPP: 16, Transparency: False
2021-12-27 17:05:21,647 - root - INFO - Resource 72 offset: 840933, length: 1272...
2021-12-27 17:05:21,647 - root - DEBUG - Reading resource 72...
2021-12-27 17:05:21,647 - root - INFO - The image is bme.
2021-12-27 17:05:21,647 - root - INFO - Reading image header(readHeader16E)...
2021-12-27 17:05:21,647 - root - INFO - Image header was read:
2021-12-27 17:05:21,647 - root - INFO - Width: 52, Height: 52, RowLength: 104
2021-12-27 17:05:21,647 - root - INFO - datalength: 1256, _step: 2
2021-12-27 17:05:21,647 - root - INFO - BPP: 16, Transparency: False
2021-12-27 17:05:21,649 - root - INFO - Resource 73 offset: 842205, length: 764...
2021-12-27 17:05:21,649 - root - DEBUG - Reading resource 73...
2021-12-27 17:05:21,649 - root - INFO - The image is bme.
2021-12-27 17:05:21,649 - root - INFO - Reading image header(readHeader16E)...
2021-12-27 17:05:21,649 - root - INFO - Image header was read:
2021-12-27 17:05:21,649 - root - INFO - Width: 52, Height: 52, RowLength: 104
2021-12-27 17:05:21,649 - root - INFO - datalength: 748, _step: 2
2021-12-27 17:05:21,650 - root - INFO - BPP: 16, Transparency: False
2021-12-27 17:05:21,651 - root - INFO - Resource 74 offset: 842969, length: 1424...
2021-12-27 17:05:21,651 - root - DEBUG - Reading resource 74...
2021-12-27 17:05:21,651 - root - INFO - The image is bme.
2021-12-27 17:05:21,651 - root - INFO - Reading image header(readHeader16E)...
2021-12-27 17:05:21,651 - root - INFO - Image header was read:
2021-12-27 17:05:21,651 - root - INFO - Width: 52, Height: 52, RowLength: 104
2021-12-27 17:05:21,651 - root - INFO - datalength: 1408, _step: 2
2021-12-27 17:05:21,651 - root - INFO - BPP: 16, Transparency: False
2021-12-27 17:05:21,653 - root - INFO - Resource 75 offset: 844393, length: 1276...
2021-12-27 17:05:21,653 - root - DEBUG - Reading resource 75...
2021-12-27 17:05:21,653 - root - INFO - The image is bme.
2021-12-27 17:05:21,654 - root - INFO - Reading image header(readHeader16E)...
2021-12-27 17:05:21,654 - root - INFO - Image header was read:
2021-12-27 17:05:21,654 - root - INFO - Width: 52, Height: 52, RowLength: 104
2021-12-27 17:05:21,654 - root - INFO - datalength: 1260, _step: 2
2021-12-27 17:05:21,654 - root - INFO - BPP: 16, Transparency: False
2021-12-27 17:05:21,656 - root - INFO - Resource 76 offset: 845669, length: 952...
2021-12-27 17:05:21,656 - root - DEBUG - Reading resource 76...
2021-12-27 17:05:21,656 - root - INFO - The image is bmc.
2021-12-27 17:05:21,656 - root - INFO - Reading image header(readHeader16C)...
2021-12-27 17:05:21,656 - root - INFO - Image header was read:
2021-12-27 17:05:21,656 - root - INFO - Width: 6, Height: 52, RowLength: 18
2021-12-27 17:05:21,656 - root - INFO - _step: 3, unknown2: 0,
2021-12-27 17:05:21,656 - root - INFO - BPP: 24, Transparency: False
2021-12-27 17:05:21,658 - root - INFO - Resource 77 offset: 846621, length: 710...
2021-12-27 17:05:21,658 - root - DEBUG - Reading resource 77...
2021-12-27 17:05:21,658 - root - INFO - The image is bme.
2021-12-27 17:05:21,658 - root - INFO - Reading image header(readHeader16E)...
2021-12-27 17:05:21,658 - root - INFO - Image header was read:
2021-12-27 17:05:21,658 - root - INFO - Width: 60, Height: 24, RowLength: 120
2021-12-27 17:05:21,658 - root - INFO - datalength: 694, _step: 2
2021-12-27 17:05:21,658 - root - INFO - BPP: 16, Transparency: False
2021-12-27 17:05:21,659 - root - INFO - Resource 78 offset: 847331, length: 750...
2021-12-27 17:05:21,660 - root - DEBUG - Reading resource 78...
2021-12-27 17:05:21,660 - root - INFO - The image is bme.
2021-12-27 17:05:21,660 - root - INFO - Reading image header(readHeader16E)...
2021-12-27 17:05:21,660 - root - INFO - Image header was read:
2021-12-27 17:05:21,660 - root - INFO - Width: 60, Height: 24, RowLength: 120
2021-12-27 17:05:21,660 - root - INFO - datalength: 734, _step: 2
2021-12-27 17:05:21,660 - root - INFO - BPP: 16, Transparency: False
2021-12-27 17:05:21,661 - root - INFO - Resource 79 offset: 848081, length: 1024...
2021-12-27 17:05:21,661 - root - DEBUG - Reading resource 79...
2021-12-27 17:05:21,661 - root - INFO - The image is bme.
2021-12-27 17:05:21,661 - root - INFO - Reading image header(readHeader16E)...
2021-12-27 17:05:21,661 - root - INFO - Image header was read:
2021-12-27 17:05:21,662 - root - INFO - Width: 60, Height: 24, RowLength: 120
2021-12-27 17:05:21,662 - root - INFO - datalength: 1008, _step: 2
2021-12-27 17:05:21,662 - root - INFO - BPP: 16, Transparency: False
2021-12-27 17:05:21,663 - root - INFO - Resource 80 offset: 849105, length: 956...
2021-12-27 17:05:21,663 - root - DEBUG - Reading resource 80...
2021-12-27 17:05:21,663 - root - INFO - The image is bme.
2021-12-27 17:05:21,663 - root - INFO - Reading image header(readHeader16E)...
2021-12-27 17:05:21,663 - root - INFO - Image header was read:
2021-12-27 17:05:21,663 - root - INFO - Width: 60, Height: 24, RowLength: 120
2021-12-27 17:05:21,663 - root - INFO - datalength: 940, _step: 2
2021-12-27 17:05:21,664 - root - INFO - BPP: 16, Transparency: False
2021-12-27 17:05:21,665 - root - DEBUG - Parsing parameters...
2021-12-27 17:05:21,729 - root - DEBUG - 0 Value: None
2021-12-27 17:05:21,729 - root - DEBUG - 0.1 Value: 73
2021-12-27 17:05:21,729 - root - DEBUG - 2 Value: None
2021-12-27 17:05:21,729 - root - DEBUG - 2.1 Value: None
2021-12-27 17:05:21,730 - root - DEBUG - 2.1.1 Value: 0
2021-12-27 17:05:21,730 - root - DEBUG - 2.1.2 Value: 0
2021-12-27 17:05:21,730 - root - DEBUG - 2.1.3 Value: 2
2021-12-27 17:05:21,730 - root - DEBUG - 2.3 Value: None
2021-12-27 17:05:21,730 - root - DEBUG - 2.3.1 Value: 0
2021-12-27 17:05:21,730 - root - DEBUG - 2.3.2 Value: 0
2021-12-27 17:05:21,730 - root - DEBUG - 2.3.3 Value: 1
2021-12-27 17:05:21,730 - root - DEBUG - 2.4 Value: None
2021-12-27 17:05:21,730 - root - DEBUG - 2.4.1 Value: 0
2021-12-27 17:05:21,730 - root - DEBUG - 2.4.2 Value: 0
2021-12-27 17:05:21,730 - root - DEBUG - 2.4.3 Value: 0
2021-12-27 17:05:21,730 - root - DEBUG - 2.5 Value: None
2021-12-27 17:05:21,730 - root - DEBUG - 2.5.1 Value: 0
2021-12-27 17:05:21,731 - root - DEBUG - 2.5.2 Value: 0
2021-12-27 17:05:21,731 - root - DEBUG - 2.5.3 Value: 0
2021-12-27 17:05:21,731 - root - DEBUG - 3 Value: None
2021-12-27 17:05:21,731 - root - DEBUG - 3.1 Value: None
2021-12-27 17:05:21,731 - root - DEBUG - 3.1.1 Value: None
2021-12-27 17:05:21,731 - root - DEBUG - 3.1.1.1 Value: None
2021-12-27 17:05:21,731 - root - DEBUG - 3.1.1.1.1 Value: 30
2021-12-27 17:05:21,731 - root - DEBUG - 3.1.1.1.2 Value: 54
2021-12-27 17:05:21,731 - root - DEBUG - 3.1.1.1.3 Value: 3
2021-12-27 17:05:21,731 - root - DEBUG - 3.1.1.1.4 Value: 10
2021-12-27 17:05:21,731 - root - DEBUG - 3.1.1.2 Value: None
2021-12-27 17:05:21,731 - root - DEBUG - 3.1.1.2.1 Value: 83
2021-12-27 17:05:21,731 - root - DEBUG - 3.1.1.2.2 Value: 54
2021-12-27 17:05:21,732 - root - DEBUG - 3.1.1.2.3 Value: 3
2021-12-27 17:05:21,732 - root - DEBUG - 3.1.1.2.4 Value: 10
2021-12-27 17:05:21,732 - root - DEBUG - 3.1.2 Value: None
2021-12-27 17:05:21,732 - root - DEBUG - 3.1.2.1 Value: None
2021-12-27 17:05:21,732 - root - DEBUG - 3.1.2.1.1 Value: 171
2021-12-27 17:05:21,732 - root - DEBUG - 3.1.2.1.2 Value: 54
2021-12-27 17:05:21,732 - root - DEBUG - 3.1.2.1.3 Value: 3
2021-12-27 17:05:21,732 - root - DEBUG - 3.1.2.1.4 Value: 10
2021-12-27 17:05:21,732 - root - DEBUG - 3.1.2.2 Value: None
2021-12-27 17:05:21,732 - root - DEBUG - 3.1.2.2.1 Value: 224
2021-12-27 17:05:21,732 - root - DEBUG - 3.1.2.2.2 Value: 54
2021-12-27 17:05:21,732 - root - DEBUG - 3.1.2.2.3 Value: 3
2021-12-27 17:05:21,732 - root - DEBUG - 3.1.2.2.4 Value: 10
2021-12-27 17:05:21,733 - root - DEBUG - 3.1.5 Value: None
2021-12-27 17:05:21,733 - root - DEBUG - 3.1.5.1 Value: 150
2021-12-27 17:05:21,733 - root - DEBUG - 3.1.5.2 Value: 54
2021-12-27 17:05:21,733 - root - DEBUG - 3.1.5.3 Value: 13
2021-12-27 17:05:21,733 - root - DEBUG - 3.1.7 Value: 0
2021-12-27 17:05:21,733 - root - DEBUG - 3.1.8 Value: 1
2021-12-27 17:05:21,733 - root - DEBUG - 5 Value: None
2021-12-27 17:05:21,733 - root - DEBUG - 5.1 Value: None
2021-12-27 17:05:21,733 - root - DEBUG - 5.1.9 Value: None
2021-12-27 17:05:21,733 - root - DEBUG - 5.1.9.3 Value: None
2021-12-27 17:05:21,733 - root - DEBUG - 5.1.9.3.1 Value: 218
2021-12-27 17:05:21,733 - root - DEBUG - 5.1.9.3.2 Value: 117
2021-12-27 17:05:21,733 - root - DEBUG - 5.1.9.3.3 Value: 258
2021-12-27 17:05:21,734 - root - DEBUG - 5.1.9.3.4 Value: 141
2021-12-27 17:05:21,734 - root - DEBUG - 5.1.9.3.5 Value: 18
2021-12-27 17:05:21,734 - root - DEBUG - 5.1.9.3.6 Value: 0
2021-12-27 17:05:21,734 - root - DEBUG - 5.1.9.3.7 Value: 0
2021-12-27 17:05:21,734 - root - DEBUG - 5.1.9.3.8 Value: 14
2021-12-27 17:05:21,734 - root - DEBUG - 5.1.9.3.9 Value: 10
2021-12-27 17:05:21,734 - root - DEBUG - 5.1.9.4 Value: 0
2021-12-27 17:05:21,734 - root - DEBUG - 5.1.9.5 Value: 0
2021-12-27 17:05:21,734 - root - DEBUG - 5.1.9.6 Value: None
2021-12-27 17:05:21,734 - root - DEBUG - 5.1.9.6.1 Value: 134
2021-12-27 17:05:21,734 - root - DEBUG - 5.1.9.6.2 Value: 117
2021-12-27 17:05:21,734 - root - DEBUG - 5.1.9.6.3 Value: 24
2021-12-27 17:05:21,734 - root - DEBUG - 5.1.9.6.4 Value: 12
2021-12-27 17:05:21,735 - root - DEBUG - 5.1.9.7 Value: None
2021-12-27 17:05:21,735 - root - DEBUG - 5.1.9.7.1 Value: 134
2021-12-27 17:05:21,735 - root - DEBUG - 5.1.9.7.2 Value: 117
2021-12-27 17:05:21,735 - root - DEBUG - 5.1.9.7.3 Value: 36
2021-12-27 17:05:21,735 - root - DEBUG - 5.1.9.7.4 Value: 12
2021-12-27 17:05:21,735 - root - DEBUG - 5.1.4 Value: 1
2021-12-27 17:05:21,735 - root - DEBUG - 5.1.5 Value: 1
2021-12-27 17:05:21,735 - root - DEBUG - 5.1.6 Value: 0
2021-12-27 17:05:21,735 - root - DEBUG - 5.2 Value: None
2021-12-27 17:05:21,735 - root - DEBUG - 5.2.1 Value: 123
2021-12-27 17:05:21,735 - root - DEBUG - 5.2.2 Value: 24
2021-12-27 17:05:21,735 - root - DEBUG - 5.2.3 Value: 62
2021-12-27 17:05:21,735 - root - DEBUG - 5.2.4 Value: 63
2021-12-27 17:05:21,736 - root - DEBUG - 5.2.5 Value: 64
2021-12-27 17:05:21,736 - root - DEBUG - 5.2.6 Value: 65
2021-12-27 17:05:21,736 - root - DEBUG - 5.4 Value: None
2021-12-27 17:05:21,736 - root - DEBUG - 5.4.1 Value: 48
2021-12-27 17:05:21,736 - root - DEBUG - 5.4.2 Value: 117
2021-12-27 17:05:21,736 - root - DEBUG - 5.4.3 Value: 48
2021-12-27 17:05:21,736 - root - DEBUG - 5.4.4 Value: 7
2021-12-27 17:05:21,736 - root - DEBUG - 5.5 Value: None
2021-12-27 17:05:21,736 - root - DEBUG - 5.5.1 Value: 48
2021-12-27 17:05:21,736 - root - DEBUG - 5.5.2 Value: 117
2021-12-27 17:05:21,736 - root - DEBUG - 5.5.3 Value: 55
2021-12-27 17:05:21,736 - root - DEBUG - 5.5.4 Value: 7
2021-12-27 17:05:21,736 - root - DEBUG - 5.6 Value: None
2021-12-27 17:05:21,737 - root - DEBUG - 5.6.1 Value: 48
2021-12-27 17:05:21,737 - root - DEBUG - 5.6.2 Value: 117
2021-12-27 17:05:21,737 - root - DEBUG - 5.6.3 Value: 55
2021-12-27 17:05:21,737 - root - DEBUG - 5.6.4 Value: 7
2021-12-27 17:05:21,737 - root - DEBUG - 29 Value: None
2021-12-27 17:05:21,737 - root - DEBUG - 29.1 Value: None
2021-12-27 17:05:21,737 - root - DEBUG - 29.1.1 Value: None
2021-12-27 17:05:21,737 - root - DEBUG - 29.1.1.1 Value: None
2021-12-27 17:05:21,737 - root - DEBUG - 29.1.1.1.1 Value: None
2021-12-27 17:05:21,737 - root - DEBUG - 29.1.1.1.1.1 Value: 30
2021-12-27 17:05:21,737 - root - DEBUG - 29.1.1.1.1.2 Value: 54
2021-12-27 17:05:21,737 - root - DEBUG - 29.1.1.1.1.3 Value: 66
2021-12-27 17:05:21,737 - root - DEBUG - 29.1.1.1.1.4 Value: 10
2021-12-27 17:05:21,738 - root - DEBUG - 29.1.1.1.2 Value: None
2021-12-27 17:05:21,738 - root - DEBUG - 29.1.1.1.2.1 Value: 83
2021-12-27 17:05:21,738 - root - DEBUG - 29.1.1.1.2.2 Value: 54
2021-12-27 17:05:21,738 - root - DEBUG - 29.1.1.1.2.3 Value: 66
2021-12-27 17:05:21,738 - root - DEBUG - 29.1.1.1.2.4 Value: 10
2021-12-27 17:05:21,738 - root - DEBUG - 29.1.1.2 Value: None
2021-12-27 17:05:21,738 - root - DEBUG - 29.1.1.2.1 Value: None
2021-12-27 17:05:21,738 - root - DEBUG - 29.1.1.2.1.1 Value: 171
2021-12-27 17:05:21,738 - root - DEBUG - 29.1.1.2.1.2 Value: 54
2021-12-27 17:05:21,738 - root - DEBUG - 29.1.1.2.1.3 Value: 66
2021-12-27 17:05:21,738 - root - DEBUG - 29.1.1.2.1.4 Value: 10
2021-12-27 17:05:21,738 - root - DEBUG - 29.1.1.2.2 Value: None
2021-12-27 17:05:21,738 - root - DEBUG - 29.1.1.2.2.1 Value: 224
2021-12-27 17:05:21,738 - root - DEBUG - 29.1.1.2.2.2 Value: 54
2021-12-27 17:05:21,739 - root - DEBUG - 29.1.1.2.2.3 Value: 66
2021-12-27 17:05:21,739 - root - DEBUG - 29.1.1.2.2.4 Value: 10
2021-12-27 17:05:21,739 - root - DEBUG - 29.1.1.3 Value: None
2021-12-27 17:05:21,739 - root - DEBUG - 29.1.1.3.1 Value: 150
2021-12-27 17:05:21,739 - root - DEBUG - 29.1.1.3.2 Value: 54
2021-12-27 17:05:21,739 - root - DEBUG - 29.1.1.3.3 Value: 76
2021-12-27 17:05:21,739 - root - DEBUG - 29.1.1.4 Value: 1
2021-12-27 17:05:21,739 - root - DEBUG - 29.1.4 Value: None
2021-12-27 17:05:21,739 - root - DEBUG - 29.1.4.1 Value: 123
2021-12-27 17:05:21,739 - root - DEBUG - 29.1.4.2 Value: 24
2021-12-27 17:05:21,739 - root - DEBUG - 29.1.4.3 Value: 77
2021-12-27 17:05:21,739 - root - DEBUG - 29.1.4.4 Value: 78
2021-12-27 17:05:21,740 - root - DEBUG - 29.1.4.5 Value: 79
2021-12-27 17:05:21,740 - root - DEBUG - 29.1.4.6 Value: 80
2021-12-27 17:05:21,740 - root - DEBUG - 0-Info
2021-12-27 17:05:21,740 - root - DEBUG - 0.1-DeviceId
2021-12-27 17:05:21,740 - root - DEBUG - 2-Background
2021-12-27 17:05:21,740 - root - DEBUG - 2.1-Image
2021-12-27 17:05:21,740 - root - DEBUG - 2.1.1-X
2021-12-27 17:05:21,740 - root - DEBUG - 2.1.2-Y
2021-12-27 17:05:21,740 - root - DEBUG - 2.1.3-ImageIndex
2021-12-27 17:05:21,741 - root - DEBUG - 2.3-Preview
2021-12-27 17:05:21,741 - root - DEBUG - 2.3.1-X
2021-12-27 17:05:21,741 - root - DEBUG - 2.3.2-Y
2021-12-27 17:05:21,741 - root - DEBUG - 2.3.3-ImageIndex
2021-12-27 17:05:21,741 - root - DEBUG - 2.4-PreviewKorean
2021-12-27 17:05:21,741 - root - DEBUG - 2.4.1-X
2021-12-27 17:05:21,741 - root - DEBUG - 2.4.2-Y
2021-12-27 17:05:21,741 - root - DEBUG - 2.4.3-ImageIndex
2021-12-27 17:05:21,741 - root - DEBUG - 2.5-PreviewChinese
2021-12-27 17:05:21,741 - root - DEBUG - 2.5.1-X
2021-12-27 17:05:21,742 - root - DEBUG - 2.5.2-Y
2021-12-27 17:05:21,742 - root - DEBUG - 2.5.3-ImageIndex
2021-12-27 17:05:21,742 - root - DEBUG - 3-TimeExtended
2021-12-27 17:05:21,742 - root - DEBUG - 3.1-TimeSeparateDigits
2021-12-27 17:05:21,742 - root - DEBUG - 3.1.1-Hours
2021-12-27 17:05:21,742 - root - DEBUG - 3.1.1.1-Tens
2021-12-27 17:05:21,742 - root - DEBUG - 3.1.1.1.1-X
2021-12-27 17:05:21,742 - root - DEBUG - 3.1.1.1.2-Y
2021-12-27 17:05:21,742 - root - DEBUG - 3.1.1.1.3-ImageIndex
2021-12-27 17:05:21,742 - root - DEBUG - 3.1.1.1.4-ImagesCount
2021-12-27 17:05:21,743 - root - DEBUG - 3.1.1.2-Ones
2021-12-27 17:05:21,743 - root - DEBUG - 3.1.1.2.1-X
2021-12-27 17:05:21,743 - root - DEBUG - 3.1.1.2.2-Y
2021-12-27 17:05:21,743 - root - DEBUG - 3.1.1.2.3-ImageIndex
2021-12-27 17:05:21,743 - root - DEBUG - 3.1.1.2.4-ImagesCount
2021-12-27 17:05:21,743 - root - DEBUG - 3.1.2-Minutes
2021-12-27 17:05:21,743 - root - DEBUG - 3.1.2.1-Tens
2021-12-27 17:05:21,743 - root - DEBUG - 3.1.2.1.1-X
2021-12-27 17:05:21,743 - root - DEBUG - 3.1.2.1.2-Y
2021-12-27 17:05:21,744 - root - DEBUG - 3.1.2.1.3-ImageIndex
2021-12-27 17:05:21,744 - root - DEBUG - 3.1.2.1.4-ImagesCount
2021-12-27 17:05:21,744 - root - DEBUG - 3.1.2.2-Ones
2021-12-27 17:05:21,744 - root - DEBUG - 3.1.2.2.1-X
2021-12-27 17:05:21,744 - root - DEBUG - 3.1.2.2.2-Y
2021-12-27 17:05:21,744 - root - DEBUG - 3.1.2.2.3-ImageIndex
2021-12-27 17:05:21,744 - root - DEBUG - 3.1.2.2.4-ImagesCount
2021-12-27 17:05:21,744 - root - DEBUG - 3.1.5-SeparatorHours
2021-12-27 17:05:21,744 - root - DEBUG - 3.1.5.1-X
2021-12-27 17:05:21,744 - root - DEBUG - 3.1.5.2-Y
2021-12-27 17:05:21,745 - root - DEBUG - 3.1.5.3-ImageIndex
2021-12-27 17:05:21,745 - root - DEBUG - 3.1.7-PaddingZeroHours
2021-12-27 17:05:21,745 - root - DEBUG - 3.1.8-PaddingZeroMinutes
2021-12-27 17:05:21,745 - root - DEBUG - 5-DateBlock
2021-12-27 17:05:21,745 - root - DEBUG - 5.1-Date
2021-12-27 17:05:21,745 - root - DEBUG - 5.1.9-MonthAndDay
2021-12-27 17:05:21,745 - root - DEBUG - 5.1.9.3-Day
2021-12-27 17:05:21,745 - root - DEBUG - 5.1.9.3.1-TopLeftX
2021-12-27 17:05:21,745 - root - DEBUG - 5.1.9.3.2-TopLeftY
2021-12-27 17:05:21,746 - root - DEBUG - 5.1.9.3.3-BottomRightX
2021-12-27 17:05:21,746 - root - DEBUG - 5.1.9.3.4-BottomRightY
2021-12-27 17:05:21,746 - root - DEBUG - 5.1.9.3.5-Alignment
2021-12-27 17:05:21,746 - root - DEBUG - 5.1.9.3.6-Spacing
2021-12-27 17:05:21,746 - root - DEBUG - 5.1.9.3.7-VerticalOffset
2021-12-27 17:05:21,746 - root - DEBUG - 5.1.9.3.8-ImageIndex
2021-12-27 17:05:21,746 - root - DEBUG - 5.1.9.3.9-ImagesCount
2021-12-27 17:05:21,746 - root - DEBUG - 5.1.9.4-MonthFollowsYear
2021-12-27 17:05:21,746 - root - DEBUG - 5.1.9.5-DayFollowsMonth
2021-12-27 17:05:21,747 - root - DEBUG - 5.1.9.6-MonthAsWord
2021-12-27 17:05:21,747 - root - DEBUG - 5.1.9.6.1-X
2021-12-27 17:05:21,747 - root - DEBUG - 5.1.9.6.2-Y
2021-12-27 17:05:21,747 - root - DEBUG - 5.1.9.6.3-ImageIndex
2021-12-27 17:05:21,747 - root - DEBUG - 5.1.9.6.4-ImagesCount
2021-12-27 17:05:21,747 - root - DEBUG - 5.1.9.7-MonthAsWordChinese
2021-12-27 17:05:21,747 - root - DEBUG - 5.1.9.7.1-X
2021-12-27 17:05:21,747 - root - DEBUG - 5.1.9.7.2-Y
2021-12-27 17:05:21,747 - root - DEBUG - 5.1.9.7.3-ImageIndex
2021-12-27 17:05:21,748 - root - DEBUG - 5.1.9.7.4-ImagesCount
2021-12-27 17:05:21,748 - root - DEBUG - 5.1.4-PaddingZeroMonth
2021-12-27 17:05:21,748 - root - DEBUG - 5.1.5-PaddingZeroDay
2021-12-27 17:05:21,748 - root - DEBUG - 5.1.6-Unknown6
2021-12-27 17:05:21,748 - root - DEBUG - 5.2-AmPm
2021-12-27 17:05:21,748 - root - DEBUG - 5.2.1-CommonX
2021-12-27 17:05:21,748 - root - DEBUG - 5.2.2-CommonY
2021-12-27 17:05:21,748 - root - DEBUG - 5.2.3-ImageIndexAMCN
2021-12-27 17:05:21,748 - root - DEBUG - 5.2.4-ImageIndexPMCN
2021-12-27 17:05:21,749 - root - DEBUG - 5.2.5-AmImageIndexEN
2021-12-27 17:05:21,749 - root - DEBUG - 5.2.6-PmImageIndexEN
2021-12-27 17:05:21,749 - root - DEBUG - 5.4-Weekday
2021-12-27 17:05:21,749 - root - DEBUG - 5.4.1-X
2021-12-27 17:05:21,749 - root - DEBUG - 5.4.2-Y
2021-12-27 17:05:21,749 - root - DEBUG - 5.4.3-ImageIndex
2021-12-27 17:05:21,749 - root - DEBUG - 5.4.4-ImagesCount
2021-12-27 17:05:21,749 - root - DEBUG - 5.5-WeekdayChinese
2021-12-27 17:05:21,749 - root - DEBUG - 5.5.1-X
2021-12-27 17:05:21,750 - root - DEBUG - 5.5.2-Y
2021-12-27 17:05:21,750 - root - DEBUG - 5.5.3-ImageIndex
2021-12-27 17:05:21,750 - root - DEBUG - 5.5.4-ImagesCount
2021-12-27 17:05:21,750 - root - DEBUG - 5.6-WeekdayKorean
2021-12-27 17:05:21,750 - root - DEBUG - 5.6.1-X
2021-12-27 17:05:21,750 - root - DEBUG - 5.6.2-Y
2021-12-27 17:05:21,750 - root - DEBUG - 5.6.3-ImageIndex
2021-12-27 17:05:21,750 - root - DEBUG - 5.6.4-ImagesCount
2021-12-27 17:05:21,750 - root - DEBUG - 29-AlwaysOnDisplay
2021-12-27 17:05:21,750 - root - DEBUG - 29.1-TimeExtended
2021-12-27 17:05:21,751 - root - DEBUG - 29.1.1-TimeSeparateDigits
2021-12-27 17:05:21,751 - root - DEBUG - 29.1.1.1-Hours
2021-12-27 17:05:21,751 - root - DEBUG - 29.1.1.1.1-Tens
2021-12-27 17:05:21,751 - root - DEBUG - 29.1.1.1.1.1-X
2021-12-27 17:05:21,751 - root - DEBUG - 29.1.1.1.1.2-Y
2021-12-27 17:05:21,751 - root - DEBUG - 29.1.1.1.1.3-ImageIndex
2021-12-27 17:05:21,751 - root - DEBUG - 29.1.1.1.1.4-ImagesCount
2021-12-27 17:05:21,751 - root - DEBUG - 29.1.1.1.2-Ones
2021-12-27 17:05:21,751 - root - DEBUG - 29.1.1.1.2.1-X
2021-12-27 17:05:21,751 - root - DEBUG - 29.1.1.1.2.2-Y
2021-12-27 17:05:21,752 - root - DEBUG - 29.1.1.1.2.3-ImageIndex
2021-12-27 17:05:21,752 - root - DEBUG - 29.1.1.1.2.4-ImagesCount
2021-12-27 17:05:21,752 - root - DEBUG - 29.1.1.2-Minutes
2021-12-27 17:05:21,752 - root - DEBUG - 29.1.1.2.1-Tens
2021-12-27 17:05:21,752 - root - DEBUG - 29.1.1.2.1.1-X
2021-12-27 17:05:21,752 - root - DEBUG - 29.1.1.2.1.2-Y
2021-12-27 17:05:21,752 - root - DEBUG - 29.1.1.2.1.3-ImageIndex
2021-12-27 17:05:21,752 - root - DEBUG - 29.1.1.2.1.4-ImagesCount
2021-12-27 17:05:21,752 - root - DEBUG - 29.1.1.2.2-Ones
2021-12-27 17:05:21,753 - root - DEBUG - 29.1.1.2.2.1-X
2021-12-27 17:05:21,753 - root - DEBUG - 29.1.1.2.2.2-Y
2021-12-27 17:05:21,753 - root - DEBUG - 29.1.1.2.2.3-ImageIndex
2021-12-27 17:05:21,753 - root - DEBUG - 29.1.1.2.2.4-ImagesCount
2021-12-27 17:05:21,753 - root - DEBUG - 29.1.1.3-Separator
2021-12-27 17:05:21,753 - root - DEBUG - 29.1.1.3.1-X
2021-12-27 17:05:21,753 - root - DEBUG - 29.1.1.3.2-Y
2021-12-27 17:05:21,753 - root - DEBUG - 29.1.1.3.3-ImageIndex
2021-12-27 17:05:21,753 - root - DEBUG - 29.1.1.4-PaddingZeroHours
2021-12-27 17:05:21,753 - root - DEBUG - 29.1.4-AmPm
2021-12-27 17:05:21,754 - root - DEBUG - 29.1.4.1-CommonX
2021-12-27 17:05:21,754 - root - DEBUG - 29.1.4.2-CommonY
2021-12-27 17:05:21,754 - root - DEBUG - 29.1.4.3-ImageIndexAMCN
2021-12-27 17:05:21,754 - root - DEBUG - 29.1.4.4-ImageIndexPMCN
2021-12-27 17:05:21,754 - root - DEBUG - 29.1.4.5-AmImageIndexEN
2021-12-27 17:05:21,754 - root - DEBUG - 29.1.4.6-PmImageIndexEN
2021-12-27 17:05:21,754 - root - DEBUG - generatePreviews
2021-12-27 17:05:21,754 - root - DEBUG - Generating previews...
2021-12-27 17:05:21,755 - root - DEBUG - Generating states done...
2021-12-27 17:05:21,762 - root - DEBUG - >>>>>>>>>>>> 0 <watchFaceParser.models.parameter.Parameter object at 0x000002E890B44248>
2021-12-27 17:05:21,762 - root - DEBUG - >>>>>>>>>>>> 2 <watchFaceParser.models.parameter.Parameter object at 0x000002E890B34D48>
2021-12-27 17:05:21,766 - root - DEBUG - >>>>>>>>>>>> 3 <watchFaceParser.models.parameter.Parameter object at 0x000002E890B34708>
2021-12-27 17:05:21,772 - root - DEBUG - >>>>>>>>>>>> 5 <watchFaceParser.models.parameter.Parameter object at 0x000002E890B41508>
2021-12-27 17:05:21,782 - root - DEBUG - >>>>>>>>>>>> 29 <watchFaceParser.models.parameter.Parameter object at 0x000002E890B41488>
2021-12-27 17:05:21,795 - root - DEBUG - Generating static preview gen done...
2021-12-27 17:05:21,865 - root - DEBUG - Generating static preview save done...
2021-12-27 17:05:21,865 - root - DEBUG - Generating anim preview gen done...
2021-12-27 17:05:21,865 - root - DEBUG - >>>>>>>>>>>> 0 <watchFaceParser.models.parameter.Parameter object at 0x000002E890B44248>
2021-12-27 17:05:21,866 - root - DEBUG - >>>>>>>>>>>> 2 <watchFaceParser.models.parameter.Parameter object at 0x000002E890B34D48>
2021-12-27 17:05:21,866 - root - DEBUG - >>>>>>>>>>>> 3 <watchFaceParser.models.parameter.Parameter object at 0x000002E890B34708>
2021-12-27 17:05:21,866 - root - DEBUG - >>>>>>>>>>>> 5 <watchFaceParser.models.parameter.Parameter object at 0x000002E890B41508>
2021-12-27 17:05:21,866 - root - DEBUG - >>>>>>>>>>>> 29 <watchFaceParser.models.parameter.Parameter object at 0x000002E890B41488>
2021-12-27 17:05:21,965 - root - DEBUG - generatePreviews done
2021-12-27 17:05:21,965 - root - DEBUG - Exporting resources to 'c3e03bf22296bd45ce643b38d075bebb'
2021-12-27 17:05:21,969 - root - DEBUG - extracting c3e03bf22296bd45ce643b38d075bebb\0000.png...
2021-12-27 17:05:21,983 - root - DEBUG - extracting c3e03bf22296bd45ce643b38d075bebb\0001.png...
2021-12-27 17:05:21,995 - root - DEBUG - extracting c3e03bf22296bd45ce643b38d075bebb\0002.png...
2021-12-27 17:05:22,022 - root - DEBUG - extracting c3e03bf22296bd45ce643b38d075bebb\0003.png...
2021-12-27 17:05:22,024 - root - DEBUG - extracting c3e03bf22296bd45ce643b38d075bebb\0004.png...
2021-12-27 17:05:22,025 - root - DEBUG - extracting c3e03bf22296bd45ce643b38d075bebb\0005.png...
2021-12-27 17:05:22,026 - root - DEBUG - extracting c3e03bf22296bd45ce643b38d075bebb\0006.png...
2021-12-27 17:05:22,027 - root - DEBUG - extracting c3e03bf22296bd45ce643b38d075bebb\0007.png...
2021-12-27 17:05:22,028 - root - DEBUG - extracting c3e03bf22296bd45ce643b38d075bebb\0008.png...
2021-12-27 17:05:22,030 - root - DEBUG - extracting c3e03bf22296bd45ce643b38d075bebb\0009.png...
2021-12-27 17:05:22,031 - root - DEBUG - extracting c3e03bf22296bd45ce643b38d075bebb\0010.png...
2021-12-27 17:05:22,032 - root - DEBUG - extracting c3e03bf22296bd45ce643b38d075bebb\0011.png...
2021-12-27 17:05:22,034 - root - DEBUG - extracting c3e03bf22296bd45ce643b38d075bebb\0012.png...
2021-12-27 17:05:22,035 - root - DEBUG - extracting c3e03bf22296bd45ce643b38d075bebb\0013.png...
2021-12-27 17:05:22,035 - root - DEBUG - extracting c3e03bf22296bd45ce643b38d075bebb\0014.png...
2021-12-27 17:05:22,036 - root - DEBUG - extracting c3e03bf22296bd45ce643b38d075bebb\0015.png...
2021-12-27 17:05:22,037 - root - DEBUG - extracting c3e03bf22296bd45ce643b38d075bebb\0016.png...
2021-12-27 17:05:22,038 - root - DEBUG - extracting c3e03bf22296bd45ce643b38d075bebb\0017.png...
2021-12-27 17:05:22,038 - root - DEBUG - extracting c3e03bf22296bd45ce643b38d075bebb\0018.png...
2021-12-27 17:05:22,039 - root - DEBUG - extracting c3e03bf22296bd45ce643b38d075bebb\0019.png...
2021-12-27 17:05:22,040 - root - DEBUG - extracting c3e03bf22296bd45ce643b38d075bebb\0020.png...
2021-12-27 17:05:22,041 - root - DEBUG - extracting c3e03bf22296bd45ce643b38d075bebb\0021.png...
2021-12-27 17:05:22,041 - root - DEBUG - extracting c3e03bf22296bd45ce643b38d075bebb\0022.png...
2021-12-27 17:05:22,042 - root - DEBUG - extracting c3e03bf22296bd45ce643b38d075bebb\0023.png...
2021-12-27 17:05:22,043 - root - DEBUG - extracting c3e03bf22296bd45ce643b38d075bebb\0024.png...
2021-12-27 17:05:22,043 - root - DEBUG - extracting c3e03bf22296bd45ce643b38d075bebb\0025.png...
2021-12-27 17:05:22,044 - root - DEBUG - extracting c3e03bf22296bd45ce643b38d075bebb\0026.png...
2021-12-27 17:05:22,045 - root - DEBUG - extracting c3e03bf22296bd45ce643b38d075bebb\0027.png...
2021-12-27 17:05:22,047 - root - DEBUG - extracting c3e03bf22296bd45ce643b38d075bebb\0028.png...
2021-12-27 17:05:22,048 - root - DEBUG - extracting c3e03bf22296bd45ce643b38d075bebb\0029.png...
2021-12-27 17:05:22,048 - root - DEBUG - extracting c3e03bf22296bd45ce643b38d075bebb\0030.png...
2021-12-27 17:05:22,049 - root - DEBUG - extracting c3e03bf22296bd45ce643b38d075bebb\0031.png...
2021-12-27 17:05:22,050 - root - DEBUG - extracting c3e03bf22296bd45ce643b38d075bebb\0032.png...
2021-12-27 17:05:22,051 - root - DEBUG - extracting c3e03bf22296bd45ce643b38d075bebb\0033.png...
2021-12-27 17:05:22,052 - root - DEBUG - extracting c3e03bf22296bd45ce643b38d075bebb\0034.png...
2021-12-27 17:05:22,053 - root - DEBUG - extracting c3e03bf22296bd45ce643b38d075bebb\0035.png...
2021-12-27 17:05:22,054 - root - DEBUG - extracting c3e03bf22296bd45ce643b38d075bebb\0036.png...
2021-12-27 17:05:22,055 - root - DEBUG - extracting c3e03bf22296bd45ce643b38d075bebb\0037.png...
2021-12-27 17:05:22,056 - root - DEBUG - extracting c3e03bf22296bd45ce643b38d075bebb\0038.png...
2021-12-27 17:05:22,057 - root - DEBUG - extracting c3e03bf22296bd45ce643b38d075bebb\0039.png...
2021-12-27 17:05:22,057 - root - DEBUG - extracting c3e03bf22296bd45ce643b38d075bebb\0040.png...
2021-12-27 17:05:22,058 - root - DEBUG - extracting c3e03bf22296bd45ce643b38d075bebb\0041.png...
2021-12-27 17:05:22,059 - root - DEBUG - extracting c3e03bf22296bd45ce643b38d075bebb\0042.png...
2021-12-27 17:05:22,060 - root - DEBUG - extracting c3e03bf22296bd45ce643b38d075bebb\0043.png...
2021-12-27 17:05:22,061 - root - DEBUG - extracting c3e03bf22296bd45ce643b38d075bebb\0044.png...
2021-12-27 17:05:22,062 - root - DEBUG - extracting c3e03bf22296bd45ce643b38d075bebb\0045.png...
2021-12-27 17:05:22,063 - root - DEBUG - extracting c3e03bf22296bd45ce643b38d075bebb\0046.png...
2021-12-27 17:05:22,064 - root - DEBUG - extracting c3e03bf22296bd45ce643b38d075bebb\0047.png...
2021-12-27 17:05:22,065 - root - DEBUG - extracting c3e03bf22296bd45ce643b38d075bebb\0048.png...
2021-12-27 17:05:22,066 - root - DEBUG - extracting c3e03bf22296bd45ce643b38d075bebb\0049.png...
2021-12-27 17:05:22,067 - root - DEBUG - extracting c3e03bf22296bd45ce643b38d075bebb\0050.png...
2021-12-27 17:05:22,068 - root - DEBUG - extracting c3e03bf22296bd45ce643b38d075bebb\0051.png...
2021-12-27 17:05:22,068 - root - DEBUG - extracting c3e03bf22296bd45ce643b38d075bebb\0052.png...
2021-12-27 17:05:22,069 - root - DEBUG - extracting c3e03bf22296bd45ce643b38d075bebb\0053.png...
2021-12-27 17:05:22,070 - root - DEBUG - extracting c3e03bf22296bd45ce643b38d075bebb\0054.png...
2021-12-27 17:05:22,071 - root - DEBUG - extracting c3e03bf22296bd45ce643b38d075bebb\0055.png...
2021-12-27 17:05:22,072 - root - DEBUG - extracting c3e03bf22296bd45ce643b38d075bebb\0056.png...
2021-12-27 17:05:22,073 - root - DEBUG - extracting c3e03bf22296bd45ce643b38d075bebb\0057.png...
2021-12-27 17:05:22,074 - root - DEBUG - extracting c3e03bf22296bd45ce643b38d075bebb\0058.png...
2021-12-27 17:05:22,075 - root - DEBUG - extracting c3e03bf22296bd45ce643b38d075bebb\0059.png...
2021-12-27 17:05:22,076 - root - DEBUG - extracting c3e03bf22296bd45ce643b38d075bebb\0060.png...
2021-12-27 17:05:22,077 - root - DEBUG - extracting c3e03bf22296bd45ce643b38d075bebb\0061.png...
2021-12-27 17:05:22,078 - root - DEBUG - extracting c3e03bf22296bd45ce643b38d075bebb\0062.png...
2021-12-27 17:05:22,078 - root - DEBUG - extracting c3e03bf22296bd45ce643b38d075bebb\0063.png...
2021-12-27 17:05:22,079 - root - DEBUG - extracting c3e03bf22296bd45ce643b38d075bebb\0064.png...
2021-12-27 17:05:22,080 - root - DEBUG - extracting c3e03bf22296bd45ce643b38d075bebb\0065.png...
2021-12-27 17:05:22,081 - root - DEBUG - extracting c3e03bf22296bd45ce643b38d075bebb\0066.png...
2021-12-27 17:05:22,082 - root - DEBUG - extracting c3e03bf22296bd45ce643b38d075bebb\0067.png...
2021-12-27 17:05:22,083 - root - DEBUG - extracting c3e03bf22296bd45ce643b38d075bebb\0068.png...
2021-12-27 17:05:22,084 - root - DEBUG - extracting c3e03bf22296bd45ce643b38d075bebb\0069.png...
2021-12-27 17:05:22,085 - root - DEBUG - extracting c3e03bf22296bd45ce643b38d075bebb\0070.png...
2021-12-27 17:05:22,086 - root - DEBUG - extracting c3e03bf22296bd45ce643b38d075bebb\0071.png...
2021-12-27 17:05:22,087 - root - DEBUG - extracting c3e03bf22296bd45ce643b38d075bebb\0072.png...
2021-12-27 17:05:22,088 - root - DEBUG - extracting c3e03bf22296bd45ce643b38d075bebb\0073.png...
2021-12-27 17:05:22,089 - root - DEBUG - extracting c3e03bf22296bd45ce643b38d075bebb\0074.png...
2021-12-27 17:05:22,090 - root - DEBUG - extracting c3e03bf22296bd45ce643b38d075bebb\0075.png...
2021-12-27 17:05:22,091 - root - DEBUG - extracting c3e03bf22296bd45ce643b38d075bebb\0076.png...
2021-12-27 17:05:22,092 - root - DEBUG - extracting c3e03bf22296bd45ce643b38d075bebb\0077.png...
2021-12-27 17:05:22,092 - root - DEBUG - extracting c3e03bf22296bd45ce643b38d075bebb\0078.png...
2021-12-27 17:05:22,093 - root - DEBUG - extracting c3e03bf22296bd45ce643b38d075bebb\0079.png...
2021-12-27 17:05:22,094 - root - DEBUG - extracting c3e03bf22296bd45ce643b38d075bebb\0080.png...
2021-12-27 17:05:22,095 - root - DEBUG - Exporting config...
