2023-07-09 17:50:54,826 - root - DEBUG - Opening watch face 'E:\Codez\zepp-gts2mini-wf\5f7097ccc285fc17427db3eb27e2f482.bin'
2023-07-09 17:50:54,842 - root - DEBUG - Reading parameters...
2023-07-09 17:50:54,842 - root - INFO - Reading header...
2023-07-09 17:50:54,842 - root - INFO - Header was read:
2023-07-09 17:50:54,842 - root - INFO - Signature: b'UIHH\x01\x00\xff', Unknown: 89, ParametersSize: 53, isValid: True, deviceId: 73
2023-07-09 17:50:54,842 - root - INFO - Reading parameter offsets...
2023-07-09 17:50:54,842 - root - INFO - Parameter offsets were read from file
2023-07-09 17:50:54,842 - root - INFO - Reading parameters descriptor...
2023-07-09 17:50:54,842 - root - INFO - 1 ( A): 5 bytes
2023-07-09 17:50:54,842 - root - INFO -     1 ( 8): 401 191
2023-07-09 17:50:54,842 - root - INFO -     2 (10): 70 46
2023-07-09 17:50:54,842 - root - INFO - getParameters descriptor was read:
2023-07-09 17:50:54,842 - root - INFO - ParametersTableLength: 401, ImagesCount: 70
2023-07-09 17:50:54,842 - root - INFO - Reading parameters locations...
2023-07-09 17:50:54,842 - root - INFO - 2 (12): 4 bytes
2023-07-09 17:50:54,842 - root - INFO -     1 ( 8): 0  0
2023-07-09 17:50:54,842 - root - INFO -     2 (10): 32 20
2023-07-09 17:50:54,842 - root - INFO - 3 (1A): 4 bytes
2023-07-09 17:50:54,842 - root - INFO -     1 ( 8): 32 20
2023-07-09 17:50:54,842 - root - INFO -     2 (10): 78 4E
2023-07-09 17:50:54,842 - root - INFO - 4 (22): 5 bytes
2023-07-09 17:50:54,842 - root - INFO -     1 ( 8): 199 C7
2023-07-09 17:50:54,842 - root - INFO -     2 (10): 76 4C
2023-07-09 17:50:54,842 - root - INFO - 5 (2A): 4 bytes
2023-07-09 17:50:54,842 - root - INFO -     1 ( 8): 110 6E
2023-07-09 17:50:54,842 - root - INFO -     2 (10): 89 59
2023-07-09 17:50:54,842 - root - INFO - 6 (32): 5 bytes
2023-07-09 17:50:54,842 - root - INFO -     1 ( 8): 275 113
2023-07-09 17:50:54,842 - root - INFO -     2 (10): 47 2F
2023-07-09 17:50:54,842 - root - INFO - 7 (3A): 5 bytes
2023-07-09 17:50:54,842 - root - INFO -     1 ( 8): 322 142
2023-07-09 17:50:54,842 - root - INFO -     2 (10): 37 25
2023-07-09 17:50:54,842 - root - INFO - 9 (4A): 5 bytes
2023-07-09 17:50:54,842 - root - INFO -     1 ( 8): 359 167
2023-07-09 17:50:54,842 - root - INFO -     2 (10): 42 2A
2023-07-09 17:50:54,842 - root - INFO - Watch face parameters locations were read:
2023-07-09 17:50:54,842 - root - INFO - Reading descriptor for parameter 2
2023-07-09 17:50:54,842 - root - INFO - Descriptor offset: 0, Descriptor length: 32
2023-07-09 17:50:54,842 - root - INFO - Parsing descriptor for parameter 2...
2023-07-09 17:50:54,842 - root - INFO - 1 ( A): 6 bytes
2023-07-09 17:50:54,842 - root - INFO -     1 ( 8): 0  0
2023-07-09 17:50:54,842 - root - INFO -     2 (10): 0  0
2023-07-09 17:50:54,842 - root - INFO -     3 (18): 1  1
2023-07-09 17:50:54,842 - root - INFO - 3 (1A): 6 bytes
2023-07-09 17:50:54,842 - root - INFO -     1 ( 8): 0  0
2023-07-09 17:50:54,842 - root - INFO -     2 (10): 0  0
2023-07-09 17:50:54,842 - root - INFO -     3 (18): 0  0
2023-07-09 17:50:54,842 - root - INFO - 4 (22): 6 bytes
2023-07-09 17:50:54,842 - root - INFO -     1 ( 8): 0  0
2023-07-09 17:50:54,842 - root - INFO -     2 (10): 0  0
2023-07-09 17:50:54,842 - root - INFO -     3 (18): 0  0
2023-07-09 17:50:54,858 - root - INFO - 5 (2A): 6 bytes
2023-07-09 17:50:54,858 - root - INFO -     1 ( 8): 0  0
2023-07-09 17:50:54,858 - root - INFO -     2 (10): 0  0
2023-07-09 17:50:54,858 - root - INFO -     3 (18): 0  0
2023-07-09 17:50:54,858 - root - INFO - Reading descriptor for parameter 3
2023-07-09 17:50:54,858 - root - INFO - Descriptor offset: 32, Descriptor length: 78
2023-07-09 17:50:54,858 - root - INFO - Parsing descriptor for parameter 3...
2023-07-09 17:50:54,858 - root - INFO - 1 ( A): 76 bytes
2023-07-09 17:50:54,858 - root - INFO -     1 ( A): 22 bytes
2023-07-09 17:50:54,858 - root - INFO -         1 ( A): 9 bytes
2023-07-09 17:50:54,858 - root - INFO -             1 ( 8): 51 33
2023-07-09 17:50:54,858 - root - INFO -             2 (10): 142 8E
2023-07-09 17:50:54,858 - root - INFO -             3 (18): 2  2
2023-07-09 17:50:54,858 - root - INFO -             4 (20): 10  A
2023-07-09 17:50:54,858 - root - INFO -         2 (12): 9 bytes
2023-07-09 17:50:54,858 - root - INFO -             1 ( 8): 97 61
2023-07-09 17:50:54,858 - root - INFO -             2 (10): 142 8E
2023-07-09 17:50:54,858 - root - INFO -             3 (18): 2  2
2023-07-09 17:50:54,858 - root - INFO -             4 (20): 10  A
2023-07-09 17:50:54,858 - root - INFO -     2 (12): 24 bytes
2023-07-09 17:50:54,858 - root - INFO -         1 ( A): 10 bytes
2023-07-09 17:50:54,858 - root - INFO -             1 ( 8): 167 A7
2023-07-09 17:50:54,858 - root - INFO -             2 (10): 142 8E
2023-07-09 17:50:54,858 - root - INFO -             3 (18): 2  2
2023-07-09 17:50:54,858 - root - INFO -             4 (20): 10  A
2023-07-09 17:50:54,858 - root - INFO -         2 (12): 10 bytes
2023-07-09 17:50:54,858 - root - INFO -             1 ( 8): 213 D5
2023-07-09 17:50:54,858 - root - INFO -             2 (10): 142 8E
2023-07-09 17:50:54,858 - root - INFO -             3 (18): 2  2
2023-07-09 17:50:54,858 - root - INFO -             4 (20): 10  A
2023-07-09 17:50:54,858 - root - INFO -     3 (1A): 20 bytes
2023-07-09 17:50:54,858 - root - INFO -         1 ( A): 8 bytes
2023-07-09 17:50:54,858 - root - INFO -             1 ( 8): 45 2D
2023-07-09 17:50:54,858 - root - INFO -             2 (10): 56 38
2023-07-09 17:50:54,858 - root - INFO -             3 (18): 12  C
2023-07-09 17:50:54,858 - root - INFO -             4 (20): 10  A
2023-07-09 17:50:54,858 - root - INFO -         2 (12): 8 bytes
2023-07-09 17:50:54,858 - root - INFO -             1 ( 8): 62 3E
2023-07-09 17:50:54,858 - root - INFO -             2 (10): 56 38
2023-07-09 17:50:54,858 - root - INFO -             3 (18): 12  C
2023-07-09 17:50:54,858 - root - INFO -             4 (20): 10  A
2023-07-09 17:50:54,858 - root - INFO -     7 (38): 0  0
2023-07-09 17:50:54,858 - root - INFO -     8 (40): 1  1
2023-07-09 17:50:54,858 - root - INFO - Reading descriptor for parameter 4
2023-07-09 17:50:54,858 - root - INFO - Descriptor offset: 199, Descriptor length: 76
2023-07-09 17:50:54,858 - root - INFO - Parsing descriptor for parameter 4...
2023-07-09 17:50:54,858 - root - INFO - 3 (1A): 24 bytes
2023-07-09 17:50:54,858 - root - INFO -     1 ( A): 22 bytes
2023-07-09 17:50:54,858 - root - INFO -         1 ( 8): 211 D3
2023-07-09 17:50:54,858 - root - INFO -         2 (10): 274 112
2023-07-09 17:50:54,858 - root - INFO -         3 (18): 277 115
2023-07-09 17:50:54,858 - root - INFO -         4 (20): 298 12A
2023-07-09 17:50:54,858 - root - INFO -         5 (28): 18 12
2023-07-09 17:50:54,858 - root - INFO -         6 (30): 2  2
2023-07-09 17:50:54,858 - root - INFO -         7 (38): 0  0
2023-07-09 17:50:54,858 - root - INFO -         8 (40): 12  C
2023-07-09 17:50:54,858 - root - INFO -         9 (48): 10  A
2023-07-09 17:50:54,858 - root - INFO - 4 (22): 24 bytes
2023-07-09 17:50:54,858 - root - INFO -     1 ( A): 20 bytes
2023-07-09 17:50:54,858 - root - INFO -         1 ( 8): 42 2A
2023-07-09 17:50:54,858 - root - INFO -         2 (10): 274 112
2023-07-09 17:50:54,858 - root - INFO -         3 (18): 91 5B
2023-07-09 17:50:54,858 - root - INFO -         4 (20): 298 12A
2023-07-09 17:50:54,858 - root - INFO -         5 (28): 20 14
2023-07-09 17:50:54,858 - root - INFO -         6 (30): 2  2
2023-07-09 17:50:54,858 - root - INFO -         7 (38): 0  0
2023-07-09 17:50:54,858 - root - INFO -         8 (40): 12  C
2023-07-09 17:50:54,858 - root - INFO -         9 (48): 10  A
2023-07-09 17:50:54,858 - root - INFO -     3 (18): 31 1F
2023-07-09 17:50:54,858 - root - INFO - 7 (38): 0  0
2023-07-09 17:50:54,858 - root - INFO - 8 (42): 20 bytes
2023-07-09 17:50:54,858 - root - INFO -     1 ( A): 18 bytes
2023-07-09 17:50:54,858 - root - INFO -         1 ( 8): 0  0
2023-07-09 17:50:54,858 - root - INFO -         2 (10): 0  0
2023-07-09 17:50:54,858 - root - INFO -         3 (18): 0  0
2023-07-09 17:50:54,858 - root - INFO -         4 (20): 0  0
2023-07-09 17:50:54,858 - root - INFO -         5 (28): 0  0
2023-07-09 17:50:54,858 - root - INFO -         6 (30): 0  0
2023-07-09 17:50:54,858 - root - INFO -         7 (38): 0  0
2023-07-09 17:50:54,858 - root - INFO -         8 (40): 0  0
2023-07-09 17:50:54,858 - root - INFO -         9 (48): 0  0
2023-07-09 17:50:54,858 - root - INFO - Reading descriptor for parameter 5
2023-07-09 17:50:54,858 - root - INFO - Descriptor offset: 110, Descriptor length: 89
2023-07-09 17:50:54,858 - root - INFO - Parsing descriptor for parameter 5...
2023-07-09 17:50:54,858 - root - INFO - 1 ( A): 51 bytes
2023-07-09 17:50:54,858 - root - INFO -     1 ( A): 43 bytes
2023-07-09 17:50:54,858 - root - INFO -         1 ( A): 19 bytes
2023-07-09 17:50:54,858 - root - INFO -             1 ( 8): 116 74
2023-07-09 17:50:54,858 - root - INFO -             2 (10): 9  9
2023-07-09 17:50:54,858 - root - INFO -             3 (18): 148 94
2023-07-09 17:50:54,858 - root - INFO -             4 (20): 33 21
2023-07-09 17:50:54,858 - root - INFO -             5 (28): 18 12
2023-07-09 17:50:54,858 - root - INFO -             6 (30): 2  2
2023-07-09 17:50:54,858 - root - INFO -             7 (38): 0  0
2023-07-09 17:50:54,858 - root - INFO -             8 (40): 12  C
2023-07-09 17:50:54,858 - root - INFO -             9 (48): 10  A
2023-07-09 17:50:54,858 - root - INFO -         4 (22): 20 bytes
2023-07-09 17:50:54,858 - root - INFO -             1 ( 8): 157 9D
2023-07-09 17:50:54,858 - root - INFO -             2 (10): 9  9
2023-07-09 17:50:54,858 - root - INFO -             3 (18): 189 BD
2023-07-09 17:50:54,858 - root - INFO -             4 (20): 33 21
2023-07-09 17:50:54,858 - root - INFO -             5 (28): 18 12
2023-07-09 17:50:54,873 - root - INFO -             6 (30): 2  2
2023-07-09 17:50:54,873 - root - INFO -             7 (38): 0  0
2023-07-09 17:50:54,873 - root - INFO -             8 (40): 12  C
2023-07-09 17:50:54,873 - root - INFO -             9 (48): 10  A
2023-07-09 17:50:54,873 - root - INFO -     4 (20): 1  1
2023-07-09 17:50:54,873 - root - INFO -     5 (28): 1  1
2023-07-09 17:50:54,873 - root - INFO -     6 (30): 0  0
2023-07-09 17:50:54,873 - root - INFO - 2 (12): 23 bytes
2023-07-09 17:50:54,873 - root - INFO -     1 ( 8): 0  0
2023-07-09 17:50:54,873 - root - INFO -     2 (10): 0  0
2023-07-09 17:50:54,873 - root - INFO -     5 (28): 29 1D
2023-07-09 17:50:54,873 - root - INFO -     6 (30): 30 1E
2023-07-09 17:50:54,873 - root - INFO -     8 (42): 5 bytes
2023-07-09 17:50:54,873 - root - INFO -         1 ( 8): 135 87
2023-07-09 17:50:54,873 - root - INFO -         2 (10): 76 4C
2023-07-09 17:50:54,873 - root - INFO -     9 (4A): 6 bytes
2023-07-09 17:50:54,873 - root - INFO -         1 ( 8): 135 87
2023-07-09 17:50:54,873 - root - INFO -         2 (10): 254 FE
2023-07-09 17:50:54,873 - root - INFO - 4 (22): 9 bytes
2023-07-09 17:50:54,873 - root - INFO -     1 ( 8): 215 D7
2023-07-09 17:50:54,873 - root - INFO -     2 (10): 56 38
2023-07-09 17:50:54,873 - root - INFO -     3 (18): 22 16
2023-07-09 17:50:54,873 - root - INFO -     4 (20): 7  7
2023-07-09 17:50:54,873 - root - INFO - Reading descriptor for parameter 6
2023-07-09 17:50:54,873 - root - INFO - Descriptor offset: 275, Descriptor length: 47
2023-07-09 17:50:54,873 - root - INFO - Parsing descriptor for parameter 6...
2023-07-09 17:50:54,873 - root - INFO - 1 ( A): 11 bytes
2023-07-09 17:50:54,873 - root - INFO -     2 (12): 9 bytes
2023-07-09 17:50:54,873 - root - INFO -         1 ( 8): 100 64
2023-07-09 17:50:54,873 - root - INFO -         2 (10): 318 13E
2023-07-09 17:50:54,873 - root - INFO -         3 (18): 32 20
2023-07-09 17:50:54,873 - root - INFO -         4 (20): 26 1A
2023-07-09 17:50:54,873 - root - INFO - 2 (12): 32 bytes
2023-07-09 17:50:54,873 - root - INFO -     1 ( A): 30 bytes
2023-07-09 17:50:54,873 - root - INFO -         1 ( A): 22 bytes
2023-07-09 17:50:54,873 - root - INFO -             1 ( 8): 136 88
2023-07-09 17:50:54,873 - root - INFO -             2 (10): 321 141
2023-07-09 17:50:54,873 - root - INFO -             3 (18): 197 C5
2023-07-09 17:50:54,873 - root - INFO -             4 (20): 345 159
2023-07-09 17:50:54,873 - root - INFO -             5 (28): 18 12
2023-07-09 17:50:54,873 - root - INFO -             6 (30): 2  2
2023-07-09 17:50:54,873 - root - INFO -             7 (38): 0  0
2023-07-09 17:50:54,873 - root - INFO -             8 (40): 12  C
2023-07-09 17:50:54,873 - root - INFO -             9 (48): 10  A
2023-07-09 17:50:54,873 - root - INFO -         2 (10): 58 3A
2023-07-09 17:50:54,873 - root - INFO -         3 (18): 59 3B
2023-07-09 17:50:54,873 - root - INFO -         5 (28): 31 1F
2023-07-09 17:50:54,873 - root - INFO - Reading descriptor for parameter 7
2023-07-09 17:50:54,873 - root - INFO - Descriptor offset: 322, Descriptor length: 37
2023-07-09 17:50:54,873 - root - INFO - Parsing descriptor for parameter 7...
2023-07-09 17:50:54,873 - root - INFO - 3 (1A): 35 bytes
2023-07-09 17:50:54,873 - root - INFO -     1 ( 8): 60 3C
2023-07-09 17:50:54,873 - root - INFO -     2 (12): 5 bytes
2023-07-09 17:50:54,873 - root - INFO -         1 ( 8): 13  D
2023-07-09 17:50:54,873 - root - INFO -         2 (10): 203 CB
2023-07-09 17:50:54,873 - root - INFO -     2 (12): 5 bytes
2023-07-09 17:50:54,873 - root - INFO -         1 ( 8): 9  9
2023-07-09 17:50:54,873 - root - INFO -         2 (10): 175 AF
2023-07-09 17:50:54,873 - root - INFO -     2 (12): 5 bytes
2023-07-09 17:50:54,873 - root - INFO -         1 ( 8): 9  9
2023-07-09 17:50:54,873 - root - INFO -         2 (10): 143 8F
2023-07-09 17:50:54,873 - root - INFO -     2 (12): 4 bytes
2023-07-09 17:50:54,873 - root - INFO -         1 ( 8): 13  D
2023-07-09 17:50:54,873 - root - INFO -         2 (10): 113 71
2023-07-09 17:50:54,873 - root - INFO -     2 (12): 4 bytes
2023-07-09 17:50:54,873 - root - INFO -         1 ( 8): 24 18
2023-07-09 17:50:54,873 - root - INFO -         2 (10): 95 5F
2023-07-09 17:50:54,873 - root - INFO - Reading descriptor for parameter 9
2023-07-09 17:50:54,873 - root - INFO - Descriptor offset: 359, Descriptor length: 42
2023-07-09 17:50:54,873 - root - INFO - Parsing descriptor for parameter 9...
2023-07-09 17:50:54,873 - root - INFO - 3 (1A): 40 bytes
2023-07-09 17:50:54,873 - root - INFO -     1 ( 8): 65 41
2023-07-09 17:50:54,873 - root - INFO -     2 (12): 6 bytes
2023-07-09 17:50:54,873 - root - INFO -         1 ( 8): 271 10F
2023-07-09 17:50:54,873 - root - INFO -         2 (10): 203 CB
2023-07-09 17:50:54,873 - root - INFO -     2 (12): 6 bytes
2023-07-09 17:50:54,873 - root - INFO -         1 ( 8): 280 118
2023-07-09 17:50:54,873 - root - INFO -         2 (10): 175 AF
2023-07-09 17:50:54,873 - root - INFO -     2 (12): 6 bytes
2023-07-09 17:50:54,873 - root - INFO -         1 ( 8): 280 118
2023-07-09 17:50:54,873 - root - INFO -         2 (10): 143 8F
2023-07-09 17:50:54,873 - root - INFO -     2 (12): 5 bytes
2023-07-09 17:50:54,873 - root - INFO -         1 ( 8): 271 10F
2023-07-09 17:50:54,873 - root - INFO -         2 (10): 113 71
2023-07-09 17:50:54,873 - root - INFO -     2 (12): 5 bytes
2023-07-09 17:50:54,873 - root - INFO -         1 ( 8): 256 100
2023-07-09 17:50:54,873 - root - INFO -         2 (10): 95 5F
2023-07-09 17:50:54,889 - root - INFO - Reading resources offsets table with 70 elements (280 bytes)
2023-07-09 17:50:54,889 - root - INFO - Resource 0 offset: 821, length: 101656...
2023-07-09 17:50:54,889 - root - DEBUG - Reading resource 0...
2023-07-09 17:50:54,936 - root - INFO - The image is bmc.
2023-07-09 17:50:54,936 - root - INFO - Reading image header(readHeader16C)...
2023-07-09 17:50:54,936 - root - INFO - Image header was read:
2023-07-09 17:50:54,936 - root - INFO - Width: 210, Height: 242, RowLength: 420
2023-07-09 17:50:54,936 - root - INFO - _step: 2, unknown2: 0,
2023-07-09 17:50:54,936 - root - INFO - BPP: 16, Transparency: False
2023-07-09 17:50:55,248 - root - INFO - Resource 1 offset: 102477, length: 216664...
2023-07-09 17:50:55,248 - root - DEBUG - Reading resource 1...
2023-07-09 17:50:55,248 - root - INFO - The image is bmc.
2023-07-09 17:50:55,248 - root - INFO - Reading image header(readHeader16C)...
2023-07-09 17:50:55,248 - root - INFO - Image header was read:
2023-07-09 17:50:55,248 - root - INFO - Width: 306, Height: 354, RowLength: 612
2023-07-09 17:50:55,248 - root - INFO - _step: 2, unknown2: 0,
2023-07-09 17:50:55,248 - root - INFO - BPP: 16, Transparency: False
2023-07-09 17:50:55,905 - root - INFO - Resource 2 offset: 319141, length: 3682...
2023-07-09 17:50:55,905 - root - DEBUG - Reading resource 2...
2023-07-09 17:50:55,905 - root - INFO - The image is bme.
2023-07-09 17:50:55,905 - root - INFO - Reading image header(readHeader16E)...
2023-07-09 17:50:55,905 - root - INFO - Image header was read:
2023-07-09 17:50:55,905 - root - INFO - Width: 42, Height: 70, RowLength: 84
2023-07-09 17:50:55,905 - root - INFO - datalength: 3666, _step: 2
2023-07-09 17:50:55,905 - root - INFO - BPP: 16, Transparency: False
2023-07-09 17:50:55,905 - root - INFO - Resource 3 offset: 322823, length: 1472...
2023-07-09 17:50:55,905 - root - DEBUG - Reading resource 3...
2023-07-09 17:50:55,905 - root - INFO - The image is bme.
2023-07-09 17:50:55,905 - root - INFO - Reading image header(readHeader16E)...
2023-07-09 17:50:55,905 - root - INFO - Image header was read:
2023-07-09 17:50:55,905 - root - INFO - Width: 42, Height: 70, RowLength: 84
2023-07-09 17:50:55,905 - root - INFO - datalength: 1456, _step: 2
2023-07-09 17:50:55,920 - root - INFO - BPP: 16, Transparency: False
2023-07-09 17:50:55,920 - root - INFO - Resource 4 offset: 324295, length: 2930...
2023-07-09 17:50:55,920 - root - DEBUG - Reading resource 4...
2023-07-09 17:50:55,920 - root - INFO - The image is bme.
2023-07-09 17:50:55,920 - root - INFO - Reading image header(readHeader16E)...
2023-07-09 17:50:55,920 - root - INFO - Image header was read:
2023-07-09 17:50:55,920 - root - INFO - Width: 42, Height: 71, RowLength: 84
2023-07-09 17:50:55,920 - root - INFO - datalength: 2914, _step: 2
2023-07-09 17:50:55,920 - root - INFO - BPP: 16, Transparency: False
2023-07-09 17:50:55,920 - root - INFO - Resource 5 offset: 327225, length: 3022...
2023-07-09 17:50:55,920 - root - DEBUG - Reading resource 5...
2023-07-09 17:50:55,920 - root - INFO - The image is bme.
2023-07-09 17:50:55,920 - root - INFO - Reading image header(readHeader16E)...
2023-07-09 17:50:55,920 - root - INFO - Image header was read:
2023-07-09 17:50:55,920 - root - INFO - Width: 42, Height: 71, RowLength: 84
2023-07-09 17:50:55,920 - root - INFO - datalength: 3006, _step: 2
2023-07-09 17:50:55,920 - root - INFO - BPP: 16, Transparency: False
2023-07-09 17:50:55,936 - root - INFO - Resource 6 offset: 330247, length: 2642...
2023-07-09 17:50:55,936 - root - DEBUG - Reading resource 6...
2023-07-09 17:50:55,936 - root - INFO - The image is bme.
2023-07-09 17:50:55,936 - root - INFO - Reading image header(readHeader16E)...
2023-07-09 17:50:55,936 - root - INFO - Image header was read:
2023-07-09 17:50:55,936 - root - INFO - Width: 42, Height: 71, RowLength: 84
2023-07-09 17:50:55,936 - root - INFO - datalength: 2626, _step: 2
2023-07-09 17:50:55,936 - root - INFO - BPP: 16, Transparency: False
2023-07-09 17:50:55,951 - root - INFO - Resource 7 offset: 332889, length: 2930...
2023-07-09 17:50:55,951 - root - DEBUG - Reading resource 7...
2023-07-09 17:50:55,951 - root - INFO - The image is bme.
2023-07-09 17:50:55,951 - root - INFO - Reading image header(readHeader16E)...
2023-07-09 17:50:55,951 - root - INFO - Image header was read:
2023-07-09 17:50:55,951 - root - INFO - Width: 42, Height: 71, RowLength: 84
2023-07-09 17:50:55,951 - root - INFO - datalength: 2914, _step: 2
2023-07-09 17:50:55,951 - root - INFO - BPP: 16, Transparency: False
2023-07-09 17:50:55,951 - root - INFO - Resource 8 offset: 335819, length: 3516...
2023-07-09 17:50:55,951 - root - DEBUG - Reading resource 8...
2023-07-09 17:50:55,951 - root - INFO - The image is bme.
2023-07-09 17:50:55,951 - root - INFO - Reading image header(readHeader16E)...
2023-07-09 17:50:55,951 - root - INFO - Image header was read:
2023-07-09 17:50:55,951 - root - INFO - Width: 42, Height: 70, RowLength: 84
2023-07-09 17:50:55,951 - root - INFO - datalength: 3500, _step: 2
2023-07-09 17:50:55,951 - root - INFO - BPP: 16, Transparency: False
2023-07-09 17:50:55,967 - root - INFO - Resource 9 offset: 339335, length: 2576...
2023-07-09 17:50:55,967 - root - DEBUG - Reading resource 9...
2023-07-09 17:50:55,967 - root - INFO - The image is bme.
2023-07-09 17:50:55,967 - root - INFO - Reading image header(readHeader16E)...
2023-07-09 17:50:55,967 - root - INFO - Image header was read:
2023-07-09 17:50:55,967 - root - INFO - Width: 42, Height: 71, RowLength: 84
2023-07-09 17:50:55,967 - root - INFO - datalength: 2560, _step: 2
2023-07-09 17:50:55,967 - root - INFO - BPP: 16, Transparency: False
2023-07-09 17:50:55,967 - root - INFO - Resource 10 offset: 341911, length: 4194...
2023-07-09 17:50:55,967 - root - DEBUG - Reading resource 10...
2023-07-09 17:50:55,967 - root - INFO - The image is bme.
2023-07-09 17:50:55,967 - root - INFO - Reading image header(readHeader16E)...
2023-07-09 17:50:55,967 - root - INFO - Image header was read:
2023-07-09 17:50:55,967 - root - INFO - Width: 42, Height: 70, RowLength: 84
2023-07-09 17:50:55,967 - root - INFO - datalength: 4178, _step: 2
2023-07-09 17:50:55,967 - root - INFO - BPP: 16, Transparency: False
2023-07-09 17:50:55,983 - root - INFO - Resource 11 offset: 346105, length: 3608...
2023-07-09 17:50:55,983 - root - DEBUG - Reading resource 11...
2023-07-09 17:50:55,983 - root - INFO - The image is bme.
2023-07-09 17:50:55,983 - root - INFO - Reading image header(readHeader16E)...
2023-07-09 17:50:55,983 - root - INFO - Image header was read:
2023-07-09 17:50:55,983 - root - INFO - Width: 42, Height: 70, RowLength: 84
2023-07-09 17:50:55,983 - root - INFO - datalength: 3592, _step: 2
2023-07-09 17:50:55,983 - root - INFO - BPP: 16, Transparency: False
2023-07-09 17:50:55,998 - root - INFO - Resource 12 offset: 349713, length: 584...
2023-07-09 17:50:55,998 - root - DEBUG - Reading resource 12...
2023-07-09 17:50:55,998 - root - INFO - The image is bme.
2023-07-09 17:50:55,998 - root - INFO - Reading image header(readHeader16E)...
2023-07-09 17:50:55,998 - root - INFO - Image header was read:
2023-07-09 17:50:55,998 - root - INFO - Width: 15, Height: 24, RowLength: 30
2023-07-09 17:50:55,998 - root - INFO - datalength: 568, _step: 2
2023-07-09 17:50:55,998 - root - INFO - BPP: 16, Transparency: False
2023-07-09 17:50:55,998 - root - INFO - Resource 13 offset: 350297, length: 272...
2023-07-09 17:50:55,998 - root - DEBUG - Reading resource 13...
2023-07-09 17:50:55,998 - root - INFO - The image is bme.
2023-07-09 17:50:55,998 - root - INFO - Reading image header(readHeader16E)...
2023-07-09 17:50:55,998 - root - INFO - Image header was read:
2023-07-09 17:50:55,998 - root - INFO - Width: 15, Height: 24, RowLength: 30
2023-07-09 17:50:55,998 - root - INFO - datalength: 256, _step: 2
2023-07-09 17:50:55,998 - root - INFO - BPP: 16, Transparency: False
2023-07-09 17:50:55,998 - root - INFO - Resource 14 offset: 350569, length: 452...
2023-07-09 17:50:55,998 - root - DEBUG - Reading resource 14...
2023-07-09 17:50:55,998 - root - INFO - The image is bme.
2023-07-09 17:50:55,998 - root - INFO - Reading image header(readHeader16E)...
2023-07-09 17:50:55,998 - root - INFO - Image header was read:
2023-07-09 17:50:55,998 - root - INFO - Width: 15, Height: 24, RowLength: 30
2023-07-09 17:50:55,998 - root - INFO - datalength: 436, _step: 2
2023-07-09 17:50:55,998 - root - INFO - BPP: 16, Transparency: False
2023-07-09 17:50:55,998 - root - INFO - Resource 15 offset: 351021, length: 464...
2023-07-09 17:50:55,998 - root - DEBUG - Reading resource 15...
2023-07-09 17:50:55,998 - root - INFO - The image is bme.
2023-07-09 17:50:55,998 - root - INFO - Reading image header(readHeader16E)...
2023-07-09 17:50:55,998 - root - INFO - Image header was read:
2023-07-09 17:50:55,998 - root - INFO - Width: 15, Height: 24, RowLength: 30
2023-07-09 17:50:55,998 - root - INFO - datalength: 448, _step: 2
2023-07-09 17:50:55,998 - root - INFO - BPP: 16, Transparency: False
2023-07-09 17:50:55,998 - root - INFO - Resource 16 offset: 351485, length: 432...
2023-07-09 17:50:55,998 - root - DEBUG - Reading resource 16...
2023-07-09 17:50:55,998 - root - INFO - The image is bme.
2023-07-09 17:50:55,998 - root - INFO - Reading image header(readHeader16E)...
2023-07-09 17:50:55,998 - root - INFO - Image header was read:
2023-07-09 17:50:55,998 - root - INFO - Width: 15, Height: 24, RowLength: 30
2023-07-09 17:50:55,998 - root - INFO - datalength: 416, _step: 2
2023-07-09 17:50:55,998 - root - INFO - BPP: 16, Transparency: False
2023-07-09 17:50:55,998 - root - INFO - Resource 17 offset: 351917, length: 452...
2023-07-09 17:50:56,014 - root - DEBUG - Reading resource 17...
2023-07-09 17:50:56,014 - root - INFO - The image is bme.
2023-07-09 17:50:56,014 - root - INFO - Reading image header(readHeader16E)...
2023-07-09 17:50:56,014 - root - INFO - Image header was read:
2023-07-09 17:50:56,014 - root - INFO - Width: 15, Height: 24, RowLength: 30
2023-07-09 17:50:56,014 - root - INFO - datalength: 436, _step: 2
2023-07-09 17:50:56,014 - root - INFO - BPP: 16, Transparency: False
2023-07-09 17:50:56,014 - root - INFO - Resource 18 offset: 352369, length: 532...
2023-07-09 17:50:56,014 - root - DEBUG - Reading resource 18...
2023-07-09 17:50:56,014 - root - INFO - The image is bme.
2023-07-09 17:50:56,014 - root - INFO - Reading image header(readHeader16E)...
2023-07-09 17:50:56,014 - root - INFO - Image header was read:
2023-07-09 17:50:56,014 - root - INFO - Width: 15, Height: 24, RowLength: 30
2023-07-09 17:50:56,014 - root - INFO - datalength: 516, _step: 2
2023-07-09 17:50:56,014 - root - INFO - BPP: 16, Transparency: False
2023-07-09 17:50:56,014 - root - INFO - Resource 19 offset: 352901, length: 428...
2023-07-09 17:50:56,014 - root - DEBUG - Reading resource 19...
2023-07-09 17:50:56,014 - root - INFO - The image is bme.
2023-07-09 17:50:56,014 - root - INFO - Reading image header(readHeader16E)...
2023-07-09 17:50:56,014 - root - INFO - Image header was read:
2023-07-09 17:50:56,014 - root - INFO - Width: 15, Height: 24, RowLength: 30
2023-07-09 17:50:56,014 - root - INFO - datalength: 412, _step: 2
2023-07-09 17:50:56,014 - root - INFO - BPP: 16, Transparency: False
2023-07-09 17:50:56,014 - root - INFO - Resource 20 offset: 353329, length: 624...
2023-07-09 17:50:56,014 - root - DEBUG - Reading resource 20...
2023-07-09 17:50:56,014 - root - INFO - The image is bme.
2023-07-09 17:50:56,014 - root - INFO - Reading image header(readHeader16E)...
2023-07-09 17:50:56,014 - root - INFO - Image header was read:
2023-07-09 17:50:56,014 - root - INFO - Width: 15, Height: 24, RowLength: 30
2023-07-09 17:50:56,014 - root - INFO - datalength: 608, _step: 2
2023-07-09 17:50:56,014 - root - INFO - BPP: 16, Transparency: False
2023-07-09 17:50:56,014 - root - INFO - Resource 21 offset: 353953, length: 544...
2023-07-09 17:50:56,014 - root - DEBUG - Reading resource 21...
2023-07-09 17:50:56,014 - root - INFO - The image is bme.
2023-07-09 17:50:56,014 - root - INFO - Reading image header(readHeader16E)...
2023-07-09 17:50:56,014 - root - INFO - Image header was read:
2023-07-09 17:50:56,014 - root - INFO - Width: 15, Height: 24, RowLength: 30
2023-07-09 17:50:56,014 - root - INFO - datalength: 528, _step: 2
2023-07-09 17:50:56,014 - root - INFO - BPP: 16, Transparency: False
2023-07-09 17:50:56,014 - root - INFO - Resource 22 offset: 354497, length: 1952...
2023-07-09 17:50:56,014 - root - DEBUG - Reading resource 22...
2023-07-09 17:50:56,014 - root - INFO - The image is bme.
2023-07-09 17:50:56,014 - root - INFO - Reading image header(readHeader16E)...
2023-07-09 17:50:56,014 - root - INFO - Image header was read:
2023-07-09 17:50:56,014 - root - INFO - Width: 54, Height: 24, RowLength: 108
2023-07-09 17:50:56,014 - root - INFO - datalength: 1936, _step: 2
2023-07-09 17:50:56,014 - root - INFO - BPP: 16, Transparency: False
2023-07-09 17:50:56,030 - root - INFO - Resource 23 offset: 356449, length: 1494...
2023-07-09 17:50:56,030 - root - DEBUG - Reading resource 23...
2023-07-09 17:50:56,030 - root - INFO - The image is bme.
2023-07-09 17:50:56,030 - root - INFO - Reading image header(readHeader16E)...
2023-07-09 17:50:56,030 - root - INFO - Image header was read:
2023-07-09 17:50:56,030 - root - INFO - Width: 54, Height: 24, RowLength: 108
2023-07-09 17:50:56,030 - root - INFO - datalength: 1478, _step: 2
2023-07-09 17:50:56,030 - root - INFO - BPP: 16, Transparency: False
2023-07-09 17:50:56,030 - root - INFO - Resource 24 offset: 357943, length: 1816...
2023-07-09 17:50:56,030 - root - DEBUG - Reading resource 24...
2023-07-09 17:50:56,030 - root - INFO - The image is bme.
2023-07-09 17:50:56,030 - root - INFO - Reading image header(readHeader16E)...
2023-07-09 17:50:56,030 - root - INFO - Image header was read:
2023-07-09 17:50:56,030 - root - INFO - Width: 54, Height: 24, RowLength: 108
2023-07-09 17:50:56,030 - root - INFO - datalength: 1800, _step: 2
2023-07-09 17:50:56,030 - root - INFO - BPP: 16, Transparency: False
2023-07-09 17:50:56,030 - root - INFO - Resource 25 offset: 359759, length: 1596...
2023-07-09 17:50:56,030 - root - DEBUG - Reading resource 25...
2023-07-09 17:50:56,030 - root - INFO - The image is bme.
2023-07-09 17:50:56,030 - root - INFO - Reading image header(readHeader16E)...
2023-07-09 17:50:56,030 - root - INFO - Image header was read:
2023-07-09 17:50:56,030 - root - INFO - Width: 54, Height: 24, RowLength: 108
2023-07-09 17:50:56,030 - root - INFO - datalength: 1580, _step: 2
2023-07-09 17:50:56,030 - root - INFO - BPP: 16, Transparency: False
2023-07-09 17:50:56,030 - root - INFO - Resource 26 offset: 361355, length: 1384...
2023-07-09 17:50:56,030 - root - DEBUG - Reading resource 26...
2023-07-09 17:50:56,030 - root - INFO - The image is bme.
2023-07-09 17:50:56,045 - root - INFO - Reading image header(readHeader16E)...
2023-07-09 17:50:56,045 - root - INFO - Image header was read:
2023-07-09 17:50:56,045 - root - INFO - Width: 54, Height: 24, RowLength: 108
2023-07-09 17:50:56,045 - root - INFO - datalength: 1368, _step: 2
2023-07-09 17:50:56,045 - root - INFO - BPP: 16, Transparency: False
2023-07-09 17:50:56,045 - root - INFO - Resource 27 offset: 362739, length: 1540...
2023-07-09 17:50:56,045 - root - DEBUG - Reading resource 27...
2023-07-09 17:50:56,045 - root - INFO - The image is bme.
2023-07-09 17:50:56,045 - root - INFO - Reading image header(readHeader16E)...
2023-07-09 17:50:56,045 - root - INFO - Image header was read:
2023-07-09 17:50:56,045 - root - INFO - Width: 54, Height: 24, RowLength: 108
2023-07-09 17:50:56,045 - root - INFO - datalength: 1524, _step: 2
2023-07-09 17:50:56,045 - root - INFO - BPP: 16, Transparency: False
2023-07-09 17:50:56,045 - root - INFO - Resource 28 offset: 364279, length: 1754...
2023-07-09 17:50:56,045 - root - DEBUG - Reading resource 28...
2023-07-09 17:50:56,045 - root - INFO - The image is bme.
2023-07-09 17:50:56,045 - root - INFO - Reading image header(readHeader16E)...
2023-07-09 17:50:56,045 - root - INFO - Image header was read:
2023-07-09 17:50:56,045 - root - INFO - Width: 54, Height: 24, RowLength: 108
2023-07-09 17:50:56,045 - root - INFO - datalength: 1738, _step: 2
2023-07-09 17:50:56,045 - root - INFO - BPP: 16, Transparency: False
2023-07-09 17:50:56,045 - root - INFO - Resource 29 offset: 366033, length: 1390...
2023-07-09 17:50:56,045 - root - DEBUG - Reading resource 29...
2023-07-09 17:50:56,045 - root - INFO - The image is bme.
2023-07-09 17:50:56,045 - root - INFO - Reading image header(readHeader16E)...
2023-07-09 17:50:56,045 - root - INFO - Image header was read:
2023-07-09 17:50:56,045 - root - INFO - Width: 36, Height: 24, RowLength: 72
2023-07-09 17:50:56,045 - root - INFO - datalength: 1374, _step: 2
2023-07-09 17:50:56,045 - root - INFO - BPP: 16, Transparency: False
2023-07-09 17:50:56,061 - root - INFO - Resource 30 offset: 367423, length: 1260...
2023-07-09 17:50:56,061 - root - DEBUG - Reading resource 30...
2023-07-09 17:50:56,061 - root - INFO - The image is bme.
2023-07-09 17:50:56,061 - root - INFO - Reading image header(readHeader16E)...
2023-07-09 17:50:56,061 - root - INFO - Image header was read:
2023-07-09 17:50:56,061 - root - INFO - Width: 36, Height: 24, RowLength: 72
2023-07-09 17:50:56,061 - root - INFO - datalength: 1244, _step: 2
2023-07-09 17:50:56,061 - root - INFO - BPP: 16, Transparency: False
2023-07-09 17:50:56,061 - root - INFO - Resource 31 offset: 368683, length: 240...
2023-07-09 17:50:56,061 - root - DEBUG - Reading resource 31...
2023-07-09 17:50:56,061 - root - INFO - The image is bme.
2023-07-09 17:50:56,061 - root - INFO - Reading image header(readHeader16E)...
2023-07-09 17:50:56,061 - root - INFO - Image header was read:
2023-07-09 17:50:56,061 - root - INFO - Width: 32, Height: 24, RowLength: 64
2023-07-09 17:50:56,061 - root - INFO - datalength: 224, _step: 2
2023-07-09 17:50:56,061 - root - INFO - BPP: 16, Transparency: False
2023-07-09 17:50:56,061 - root - INFO - Resource 32 offset: 368923, length: 1112...
2023-07-09 17:50:56,061 - root - DEBUG - Reading resource 32...
2023-07-09 17:50:56,061 - root - INFO - The image is bme.
2023-07-09 17:50:56,061 - root - INFO - Reading image header(readHeader16E)...
2023-07-09 17:50:56,061 - root - INFO - Image header was read:
2023-07-09 17:50:56,061 - root - INFO - Width: 30, Height: 30, RowLength: 60
2023-07-09 17:50:56,061 - root - INFO - datalength: 1096, _step: 2
2023-07-09 17:50:56,061 - root - INFO - BPP: 16, Transparency: False
2023-07-09 17:50:56,061 - root - INFO - Resource 33 offset: 370035, length: 1280...
2023-07-09 17:50:56,061 - root - DEBUG - Reading resource 33...
2023-07-09 17:50:56,061 - root - INFO - The image is bme.
2023-07-09 17:50:56,061 - root - INFO - Reading image header(readHeader16E)...
2023-07-09 17:50:56,061 - root - INFO - Image header was read:
2023-07-09 17:50:56,061 - root - INFO - Width: 30, Height: 30, RowLength: 60
2023-07-09 17:50:56,061 - root - INFO - datalength: 1264, _step: 2
2023-07-09 17:50:56,061 - root - INFO - BPP: 16, Transparency: False
2023-07-09 17:50:56,076 - root - INFO - Resource 34 offset: 371315, length: 1282...
2023-07-09 17:50:56,076 - root - DEBUG - Reading resource 34...
2023-07-09 17:50:56,076 - root - INFO - The image is bme.
2023-07-09 17:50:56,076 - root - INFO - Reading image header(readHeader16E)...
2023-07-09 17:50:56,076 - root - INFO - Image header was read:
2023-07-09 17:50:56,076 - root - INFO - Width: 30, Height: 30, RowLength: 60
2023-07-09 17:50:56,076 - root - INFO - datalength: 1266, _step: 2
2023-07-09 17:50:56,076 - root - INFO - BPP: 16, Transparency: False
2023-07-09 17:50:56,076 - root - INFO - Resource 35 offset: 372597, length: 1240...
2023-07-09 17:50:56,076 - root - DEBUG - Reading resource 35...
2023-07-09 17:50:56,076 - root - INFO - The image is bme.
2023-07-09 17:50:56,076 - root - INFO - Reading image header(readHeader16E)...
2023-07-09 17:50:56,076 - root - INFO - Image header was read:
2023-07-09 17:50:56,076 - root - INFO - Width: 30, Height: 30, RowLength: 60
2023-07-09 17:50:56,076 - root - INFO - datalength: 1224, _step: 2
2023-07-09 17:50:56,076 - root - INFO - BPP: 16, Transparency: False
2023-07-09 17:50:56,076 - root - INFO - Resource 36 offset: 373837, length: 1088...
2023-07-09 17:50:56,076 - root - DEBUG - Reading resource 36...
2023-07-09 17:50:56,076 - root - INFO - The image is bme.
2023-07-09 17:50:56,076 - root - INFO - Reading image header(readHeader16E)...
2023-07-09 17:50:56,076 - root - INFO - Image header was read:
2023-07-09 17:50:56,076 - root - INFO - Width: 30, Height: 30, RowLength: 60
2023-07-09 17:50:56,076 - root - INFO - datalength: 1072, _step: 2
2023-07-09 17:50:56,076 - root - INFO - BPP: 16, Transparency: False
2023-07-09 17:50:56,076 - root - INFO - Resource 37 offset: 374925, length: 1164...
2023-07-09 17:50:56,076 - root - DEBUG - Reading resource 37...
2023-07-09 17:50:56,076 - root - INFO - The image is bme.
2023-07-09 17:50:56,076 - root - INFO - Reading image header(readHeader16E)...
2023-07-09 17:50:56,076 - root - INFO - Image header was read:
2023-07-09 17:50:56,076 - root - INFO - Width: 30, Height: 30, RowLength: 60
2023-07-09 17:50:56,076 - root - INFO - datalength: 1148, _step: 2
2023-07-09 17:50:56,076 - root - INFO - BPP: 16, Transparency: False
2023-07-09 17:50:56,092 - root - INFO - Resource 38 offset: 376089, length: 996...
2023-07-09 17:50:56,092 - root - DEBUG - Reading resource 38...
2023-07-09 17:50:56,092 - root - INFO - The image is bme.
2023-07-09 17:50:56,092 - root - INFO - Reading image header(readHeader16E)...
2023-07-09 17:50:56,092 - root - INFO - Image header was read:
2023-07-09 17:50:56,092 - root - INFO - Width: 30, Height: 30, RowLength: 60
2023-07-09 17:50:56,092 - root - INFO - datalength: 980, _step: 2
2023-07-09 17:50:56,092 - root - INFO - BPP: 16, Transparency: False
2023-07-09 17:50:56,092 - root - INFO - Resource 39 offset: 377085, length: 998...
2023-07-09 17:50:56,092 - root - DEBUG - Reading resource 39...
2023-07-09 17:50:56,092 - root - INFO - The image is bme.
2023-07-09 17:50:56,092 - root - INFO - Reading image header(readHeader16E)...
2023-07-09 17:50:56,092 - root - INFO - Image header was read:
2023-07-09 17:50:56,092 - root - INFO - Width: 30, Height: 30, RowLength: 60
2023-07-09 17:50:56,092 - root - INFO - datalength: 982, _step: 2
2023-07-09 17:50:56,092 - root - INFO - BPP: 16, Transparency: False
2023-07-09 17:50:56,092 - root - INFO - Resource 40 offset: 378083, length: 1066...
2023-07-09 17:50:56,092 - root - DEBUG - Reading resource 40...
2023-07-09 17:50:56,092 - root - INFO - The image is bme.
2023-07-09 17:50:56,092 - root - INFO - Reading image header(readHeader16E)...
2023-07-09 17:50:56,092 - root - INFO - Image header was read:
2023-07-09 17:50:56,092 - root - INFO - Width: 30, Height: 30, RowLength: 60
2023-07-09 17:50:56,092 - root - INFO - datalength: 1050, _step: 2
2023-07-09 17:50:56,092 - root - INFO - BPP: 16, Transparency: False
2023-07-09 17:50:56,092 - root - INFO - Resource 41 offset: 379149, length: 1102...
2023-07-09 17:50:56,092 - root - DEBUG - Reading resource 41...
2023-07-09 17:50:56,092 - root - INFO - The image is bme.
2023-07-09 17:50:56,092 - root - INFO - Reading image header(readHeader16E)...
2023-07-09 17:50:56,092 - root - INFO - Image header was read:
2023-07-09 17:50:56,092 - root - INFO - Width: 30, Height: 30, RowLength: 60
2023-07-09 17:50:56,092 - root - INFO - datalength: 1086, _step: 2
2023-07-09 17:50:56,108 - root - INFO - BPP: 16, Transparency: False
2023-07-09 17:50:56,108 - root - INFO - Resource 42 offset: 380251, length: 1168...
2023-07-09 17:50:56,108 - root - DEBUG - Reading resource 42...
2023-07-09 17:50:56,108 - root - INFO - The image is bme.
2023-07-09 17:50:56,108 - root - INFO - Reading image header(readHeader16E)...
2023-07-09 17:50:56,108 - root - INFO - Image header was read:
2023-07-09 17:50:56,108 - root - INFO - Width: 30, Height: 30, RowLength: 60
2023-07-09 17:50:56,108 - root - INFO - datalength: 1152, _step: 2
2023-07-09 17:50:56,108 - root - INFO - BPP: 16, Transparency: False
2023-07-09 17:50:56,108 - root - INFO - Resource 43 offset: 381419, length: 1138...
2023-07-09 17:50:56,108 - root - DEBUG - Reading resource 43...
2023-07-09 17:50:56,108 - root - INFO - The image is bme.
2023-07-09 17:50:56,108 - root - INFO - Reading image header(readHeader16E)...
2023-07-09 17:50:56,108 - root - INFO - Image header was read:
2023-07-09 17:50:56,108 - root - INFO - Width: 30, Height: 30, RowLength: 60
2023-07-09 17:50:56,108 - root - INFO - datalength: 1122, _step: 2
2023-07-09 17:50:56,108 - root - INFO - BPP: 16, Transparency: False
2023-07-09 17:50:56,108 - root - INFO - Resource 44 offset: 382557, length: 900...
2023-07-09 17:50:56,108 - root - DEBUG - Reading resource 44...
2023-07-09 17:50:56,108 - root - INFO - The image is bme.
2023-07-09 17:50:56,108 - root - INFO - Reading image header(readHeader16E)...
2023-07-09 17:50:56,108 - root - INFO - Image header was read:
2023-07-09 17:50:56,108 - root - INFO - Width: 30, Height: 30, RowLength: 60
2023-07-09 17:50:56,108 - root - INFO - datalength: 884, _step: 2
2023-07-09 17:50:56,108 - root - INFO - BPP: 16, Transparency: False
2023-07-09 17:50:56,108 - root - INFO - Resource 45 offset: 383457, length: 1140...
2023-07-09 17:50:56,108 - root - DEBUG - Reading resource 45...
2023-07-09 17:50:56,108 - root - INFO - The image is bme.
2023-07-09 17:50:56,108 - root - INFO - Reading image header(readHeader16E)...
2023-07-09 17:50:56,123 - root - INFO - Image header was read:
2023-07-09 17:50:56,123 - root - INFO - Width: 30, Height: 30, RowLength: 60
2023-07-09 17:50:56,123 - root - INFO - datalength: 1124, _step: 2
2023-07-09 17:50:56,123 - root - INFO - BPP: 16, Transparency: False
2023-07-09 17:50:56,123 - root - INFO - Resource 46 offset: 384597, length: 988...
2023-07-09 17:50:56,123 - root - DEBUG - Reading resource 46...
2023-07-09 17:50:56,123 - root - INFO - The image is bme.
2023-07-09 17:50:56,123 - root - INFO - Reading image header(readHeader16E)...
2023-07-09 17:50:56,123 - root - INFO - Image header was read:
2023-07-09 17:50:56,123 - root - INFO - Width: 30, Height: 30, RowLength: 60
2023-07-09 17:50:56,123 - root - INFO - datalength: 972, _step: 2
2023-07-09 17:50:56,123 - root - INFO - BPP: 16, Transparency: False
2023-07-09 17:50:56,123 - root - INFO - Resource 47 offset: 385585, length: 1036...
2023-07-09 17:50:56,123 - root - DEBUG - Reading resource 47...
2023-07-09 17:50:56,123 - root - INFO - The image is bme.
2023-07-09 17:50:56,123 - root - INFO - Reading image header(readHeader16E)...
2023-07-09 17:50:56,123 - root - INFO - Image header was read:
2023-07-09 17:50:56,123 - root - INFO - Width: 30, Height: 30, RowLength: 60
2023-07-09 17:50:56,123 - root - INFO - datalength: 1020, _step: 2
2023-07-09 17:50:56,123 - root - INFO - BPP: 16, Transparency: False
2023-07-09 17:50:56,123 - root - INFO - Resource 48 offset: 386621, length: 1116...
2023-07-09 17:50:56,123 - root - DEBUG - Reading resource 48...
2023-07-09 17:50:56,123 - root - INFO - The image is bme.
2023-07-09 17:50:56,123 - root - INFO - Reading image header(readHeader16E)...
2023-07-09 17:50:56,123 - root - INFO - Image header was read:
2023-07-09 17:50:56,123 - root - INFO - Width: 30, Height: 30, RowLength: 60
2023-07-09 17:50:56,123 - root - INFO - datalength: 1100, _step: 2
2023-07-09 17:50:56,123 - root - INFO - BPP: 16, Transparency: False
2023-07-09 17:50:56,123 - root - INFO - Resource 49 offset: 387737, length: 1150...
2023-07-09 17:50:56,123 - root - DEBUG - Reading resource 49...
2023-07-09 17:50:56,139 - root - INFO - The image is bme.
2023-07-09 17:50:56,139 - root - INFO - Reading image header(readHeader16E)...
2023-07-09 17:50:56,139 - root - INFO - Image header was read:
2023-07-09 17:50:56,139 - root - INFO - Width: 30, Height: 30, RowLength: 60
2023-07-09 17:50:56,139 - root - INFO - datalength: 1134, _step: 2
2023-07-09 17:50:56,139 - root - INFO - BPP: 16, Transparency: False
2023-07-09 17:50:56,139 - root - INFO - Resource 50 offset: 388887, length: 1020...
2023-07-09 17:50:56,139 - root - DEBUG - Reading resource 50...
2023-07-09 17:50:56,139 - root - INFO - The image is bme.
2023-07-09 17:50:56,139 - root - INFO - Reading image header(readHeader16E)...
2023-07-09 17:50:56,139 - root - INFO - Image header was read:
2023-07-09 17:50:56,139 - root - INFO - Width: 30, Height: 30, RowLength: 60
2023-07-09 17:50:56,139 - root - INFO - datalength: 1004, _step: 2
2023-07-09 17:50:56,139 - root - INFO - BPP: 16, Transparency: False
2023-07-09 17:50:56,139 - root - INFO - Resource 51 offset: 389907, length: 1178...
2023-07-09 17:50:56,139 - root - DEBUG - Reading resource 51...
2023-07-09 17:50:56,139 - root - INFO - The image is bme.
2023-07-09 17:50:56,139 - root - INFO - Reading image header(readHeader16E)...
2023-07-09 17:50:56,139 - root - INFO - Image header was read:
2023-07-09 17:50:56,139 - root - INFO - Width: 30, Height: 30, RowLength: 60
2023-07-09 17:50:56,139 - root - INFO - datalength: 1162, _step: 2
2023-07-09 17:50:56,139 - root - INFO - BPP: 16, Transparency: False
2023-07-09 17:50:56,139 - root - INFO - Resource 52 offset: 391085, length: 1124...
2023-07-09 17:50:56,139 - root - DEBUG - Reading resource 52...
2023-07-09 17:50:56,139 - root - INFO - The image is bme.
2023-07-09 17:50:56,139 - root - INFO - Reading image header(readHeader16E)...
2023-07-09 17:50:56,139 - root - INFO - Image header was read:
2023-07-09 17:50:56,139 - root - INFO - Width: 30, Height: 30, RowLength: 60
2023-07-09 17:50:56,139 - root - INFO - datalength: 1108, _step: 2
2023-07-09 17:50:56,139 - root - INFO - BPP: 16, Transparency: False
2023-07-09 17:50:56,155 - root - INFO - Resource 53 offset: 392209, length: 1086...
2023-07-09 17:50:56,155 - root - DEBUG - Reading resource 53...
2023-07-09 17:50:56,155 - root - INFO - The image is bme.
2023-07-09 17:50:56,155 - root - INFO - Reading image header(readHeader16E)...
2023-07-09 17:50:56,155 - root - INFO - Image header was read:
2023-07-09 17:50:56,155 - root - INFO - Width: 30, Height: 30, RowLength: 60
2023-07-09 17:50:56,155 - root - INFO - datalength: 1070, _step: 2
2023-07-09 17:50:56,155 - root - INFO - BPP: 16, Transparency: False
2023-07-09 17:50:56,155 - root - INFO - Resource 54 offset: 393295, length: 1174...
2023-07-09 17:50:56,155 - root - DEBUG - Reading resource 54...
2023-07-09 17:50:56,155 - root - INFO - The image is bme.
2023-07-09 17:50:56,155 - root - INFO - Reading image header(readHeader16E)...
2023-07-09 17:50:56,155 - root - INFO - Image header was read:
2023-07-09 17:50:56,155 - root - INFO - Width: 30, Height: 30, RowLength: 60
2023-07-09 17:50:56,155 - root - INFO - datalength: 1158, _step: 2
2023-07-09 17:50:56,155 - root - INFO - BPP: 16, Transparency: False
2023-07-09 17:50:56,155 - root - INFO - Resource 55 offset: 394469, length: 1026...
2023-07-09 17:50:56,155 - root - DEBUG - Reading resource 55...
2023-07-09 17:50:56,155 - root - INFO - The image is bme.
2023-07-09 17:50:56,155 - root - INFO - Reading image header(readHeader16E)...
2023-07-09 17:50:56,155 - root - INFO - Image header was read:
2023-07-09 17:50:56,155 - root - INFO - Width: 30, Height: 30, RowLength: 60
2023-07-09 17:50:56,155 - root - INFO - datalength: 1010, _step: 2
2023-07-09 17:50:56,155 - root - INFO - BPP: 16, Transparency: False
2023-07-09 17:50:56,155 - root - INFO - Resource 56 offset: 395495, length: 914...
2023-07-09 17:50:56,155 - root - DEBUG - Reading resource 56...
2023-07-09 17:50:56,155 - root - INFO - The image is bme.
2023-07-09 17:50:56,155 - root - INFO - Reading image header(readHeader16E)...
2023-07-09 17:50:56,155 - root - INFO - Image header was read:
2023-07-09 17:50:56,155 - root - INFO - Width: 30, Height: 30, RowLength: 60
2023-07-09 17:50:56,155 - root - INFO - datalength: 898, _step: 2
2023-07-09 17:50:56,155 - root - INFO - BPP: 16, Transparency: False
2023-07-09 17:50:56,155 - root - INFO - Resource 57 offset: 396409, length: 1174...
2023-07-09 17:50:56,170 - root - DEBUG - Reading resource 57...
2023-07-09 17:50:56,170 - root - INFO - The image is bme.
2023-07-09 17:50:56,170 - root - INFO - Reading image header(readHeader16E)...
2023-07-09 17:50:56,170 - root - INFO - Image header was read:
2023-07-09 17:50:56,170 - root - INFO - Width: 30, Height: 30, RowLength: 60
2023-07-09 17:50:56,170 - root - INFO - datalength: 1158, _step: 2
2023-07-09 17:50:56,170 - root - INFO - BPP: 16, Transparency: False
2023-07-09 17:50:56,170 - root - INFO - Resource 58 offset: 397583, length: 128...
2023-07-09 17:50:56,170 - root - DEBUG - Reading resource 58...
2023-07-09 17:50:56,170 - root - INFO - The image is bme.
2023-07-09 17:50:56,170 - root - INFO - Reading image header(readHeader16E)...
2023-07-09 17:50:56,170 - root - INFO - Image header was read:
2023-07-09 17:50:56,170 - root - INFO - Width: 15, Height: 24, RowLength: 30
2023-07-09 17:50:56,170 - root - INFO - datalength: 112, _step: 2
2023-07-09 17:50:56,170 - root - INFO - BPP: 16, Transparency: False
2023-07-09 17:50:56,170 - root - INFO - Resource 59 offset: 397711, length: 196...
2023-07-09 17:50:56,170 - root - DEBUG - Reading resource 59...
2023-07-09 17:50:56,170 - root - INFO - The image is bme.
2023-07-09 17:50:56,170 - root - INFO - Reading image header(readHeader16E)...
2023-07-09 17:50:56,170 - root - INFO - Image header was read:
2023-07-09 17:50:56,170 - root - INFO - Width: 10, Height: 24, RowLength: 20
2023-07-09 17:50:56,170 - root - INFO - datalength: 180, _step: 2
2023-07-09 17:50:56,170 - root - INFO - BPP: 16, Transparency: False
2023-07-09 17:50:56,170 - root - INFO - Resource 60 offset: 397907, length: 2128...
2023-07-09 17:50:56,170 - root - DEBUG - Reading resource 60...
2023-07-09 17:50:56,170 - root - INFO - The image is bmc.
2023-07-09 17:50:56,170 - root - INFO - Reading image header(readHeader16C)...
2023-07-09 17:50:56,170 - root - INFO - Image header was read:
2023-07-09 17:50:56,170 - root - INFO - Width: 22, Height: 32, RowLength: 66
2023-07-09 17:50:56,170 - root - INFO - _step: 3, unknown2: 0,
2023-07-09 17:50:56,170 - root - INFO - BPP: 24, Transparency: False
2023-07-09 17:50:56,170 - root - INFO - Resource 61 offset: 400035, length: 1546...
2023-07-09 17:50:56,170 - root - DEBUG - Reading resource 61...
2023-07-09 17:50:56,170 - root - INFO - The image is bmc.
2023-07-09 17:50:56,170 - root - INFO - Reading image header(readHeader16C)...
2023-07-09 17:50:56,170 - root - INFO - Image header was read:
2023-07-09 17:50:56,170 - root - INFO - Width: 17, Height: 30, RowLength: 51
2023-07-09 17:50:56,170 - root - INFO - _step: 3, unknown2: 0,
2023-07-09 17:50:56,170 - root - INFO - BPP: 24, Transparency: False
2023-07-09 17:50:56,186 - root - INFO - Resource 62 offset: 401581, length: 1546...
2023-07-09 17:50:56,186 - root - DEBUG - Reading resource 62...
2023-07-09 17:50:56,186 - root - INFO - The image is bmc.
2023-07-09 17:50:56,186 - root - INFO - Reading image header(readHeader16C)...
2023-07-09 17:50:56,186 - root - INFO - Image header was read:
2023-07-09 17:50:56,186 - root - INFO - Width: 17, Height: 30, RowLength: 51
2023-07-09 17:50:56,186 - root - INFO - _step: 3, unknown2: 0,
2023-07-09 17:50:56,186 - root - INFO - BPP: 24, Transparency: False
2023-07-09 17:50:56,186 - root - INFO - Resource 63 offset: 403127, length: 2128...
2023-07-09 17:50:56,186 - root - DEBUG - Reading resource 63...
2023-07-09 17:50:56,186 - root - INFO - The image is bmc.
2023-07-09 17:50:56,186 - root - INFO - Reading image header(readHeader16C)...
2023-07-09 17:50:56,186 - root - INFO - Image header was read:
2023-07-09 17:50:56,186 - root - INFO - Width: 22, Height: 32, RowLength: 66
2023-07-09 17:50:56,186 - root - INFO - _step: 3, unknown2: 0,
2023-07-09 17:50:56,186 - root - INFO - BPP: 24, Transparency: False
2023-07-09 17:50:56,186 - root - INFO - Resource 64 offset: 405255, length: 1732...
2023-07-09 17:50:56,186 - root - DEBUG - Reading resource 64...
2023-07-09 17:50:56,186 - root - INFO - The image is bmc.
2023-07-09 17:50:56,186 - root - INFO - Reading image header(readHeader16C)...
2023-07-09 17:50:56,186 - root - INFO - Image header was read:
2023-07-09 17:50:56,186 - root - INFO - Width: 26, Height: 22, RowLength: 78
2023-07-09 17:50:56,186 - root - INFO - _step: 3, unknown2: 0,
2023-07-09 17:50:56,186 - root - INFO - BPP: 24, Transparency: False
2023-07-09 17:50:56,186 - root - INFO - Resource 65 offset: 406987, length: 2128...
2023-07-09 17:50:56,186 - root - DEBUG - Reading resource 65...
2023-07-09 17:50:56,186 - root - INFO - The image is bmc.
2023-07-09 17:50:56,186 - root - INFO - Reading image header(readHeader16C)...
2023-07-09 17:50:56,186 - root - INFO - Image header was read:
2023-07-09 17:50:56,201 - root - INFO - Width: 22, Height: 32, RowLength: 66
2023-07-09 17:50:56,201 - root - INFO - _step: 3, unknown2: 0,
2023-07-09 17:50:56,201 - root - INFO - BPP: 24, Transparency: False
2023-07-09 17:50:56,201 - root - INFO - Resource 66 offset: 409115, length: 1546...
2023-07-09 17:50:56,201 - root - DEBUG - Reading resource 66...
2023-07-09 17:50:56,201 - root - INFO - The image is bmc.
2023-07-09 17:50:56,201 - root - INFO - Reading image header(readHeader16C)...
2023-07-09 17:50:56,201 - root - INFO - Image header was read:
2023-07-09 17:50:56,201 - root - INFO - Width: 17, Height: 30, RowLength: 51
2023-07-09 17:50:56,201 - root - INFO - _step: 3, unknown2: 0,
2023-07-09 17:50:56,201 - root - INFO - BPP: 24, Transparency: False
2023-07-09 17:50:56,201 - root - INFO - Resource 67 offset: 410661, length: 1546...
2023-07-09 17:50:56,201 - root - DEBUG - Reading resource 67...
2023-07-09 17:50:56,201 - root - INFO - The image is bmc.
2023-07-09 17:50:56,201 - root - INFO - Reading image header(readHeader16C)...
2023-07-09 17:50:56,201 - root - INFO - Image header was read:
2023-07-09 17:50:56,201 - root - INFO - Width: 17, Height: 30, RowLength: 51
2023-07-09 17:50:56,201 - root - INFO - _step: 3, unknown2: 0,
2023-07-09 17:50:56,201 - root - INFO - BPP: 24, Transparency: False
2023-07-09 17:50:56,201 - root - INFO - Resource 68 offset: 412207, length: 2128...
2023-07-09 17:50:56,201 - root - DEBUG - Reading resource 68...
2023-07-09 17:50:56,201 - root - INFO - The image is bmc.
2023-07-09 17:50:56,201 - root - INFO - Reading image header(readHeader16C)...
2023-07-09 17:50:56,201 - root - INFO - Image header was read:
2023-07-09 17:50:56,201 - root - INFO - Width: 22, Height: 32, RowLength: 66
2023-07-09 17:50:56,201 - root - INFO - _step: 3, unknown2: 0,
2023-07-09 17:50:56,201 - root - INFO - BPP: 24, Transparency: False
2023-07-09 17:50:56,217 - root - INFO - Resource 69 offset: 414335, length: 1732...
2023-07-09 17:50:56,217 - root - DEBUG - Reading resource 69...
2023-07-09 17:50:56,217 - root - INFO - The image is bmc.
2023-07-09 17:50:56,217 - root - INFO - Reading image header(readHeader16C)...
2023-07-09 17:50:56,217 - root - INFO - Image header was read:
2023-07-09 17:50:56,217 - root - INFO - Width: 26, Height: 22, RowLength: 78
2023-07-09 17:50:56,217 - root - INFO - _step: 3, unknown2: 0,
2023-07-09 17:50:56,217 - root - INFO - BPP: 24, Transparency: False
2023-07-09 17:50:56,217 - root - DEBUG - Parsing parameters...
2023-07-09 17:50:56,326 - root - DEBUG - 0 Value: None
2023-07-09 17:50:56,326 - root - DEBUG - 0.1 Value: 73
2023-07-09 17:50:56,326 - root - DEBUG - 2 Value: None
2023-07-09 17:50:56,326 - root - DEBUG - 2.1 Value: None
2023-07-09 17:50:56,326 - root - DEBUG - 2.1.1 Value: 0
2023-07-09 17:50:56,326 - root - DEBUG - 2.1.2 Value: 0
2023-07-09 17:50:56,326 - root - DEBUG - 2.1.3 Value: 1
2023-07-09 17:50:56,326 - root - DEBUG - 2.3 Value: None
2023-07-09 17:50:56,326 - root - DEBUG - 2.3.1 Value: 0
2023-07-09 17:50:56,326 - root - DEBUG - 2.3.2 Value: 0
2023-07-09 17:50:56,326 - root - DEBUG - 2.3.3 Value: 0
2023-07-09 17:50:56,326 - root - DEBUG - 2.4 Value: None
2023-07-09 17:50:56,326 - root - DEBUG - 2.4.1 Value: 0
2023-07-09 17:50:56,326 - root - DEBUG - 2.4.2 Value: 0
2023-07-09 17:50:56,326 - root - DEBUG - 2.4.3 Value: 0
2023-07-09 17:50:56,326 - root - DEBUG - 2.5 Value: None
2023-07-09 17:50:56,326 - root - DEBUG - 2.5.1 Value: 0
2023-07-09 17:50:56,326 - root - DEBUG - 2.5.2 Value: 0
2023-07-09 17:50:56,326 - root - DEBUG - 2.5.3 Value: 0
2023-07-09 17:50:56,326 - root - DEBUG - 3 Value: None
2023-07-09 17:50:56,326 - root - DEBUG - 3.1 Value: None
2023-07-09 17:50:56,326 - root - DEBUG - 3.1.1 Value: None
2023-07-09 17:50:56,326 - root - DEBUG - 3.1.1.1 Value: None
2023-07-09 17:50:56,326 - root - DEBUG - 3.1.1.1.1 Value: 51
2023-07-09 17:50:56,326 - root - DEBUG - 3.1.1.1.2 Value: 142
2023-07-09 17:50:56,326 - root - DEBUG - 3.1.1.1.3 Value: 2
2023-07-09 17:50:56,326 - root - DEBUG - 3.1.1.1.4 Value: 10
2023-07-09 17:50:56,326 - root - DEBUG - 3.1.1.2 Value: None
2023-07-09 17:50:56,326 - root - DEBUG - 3.1.1.2.1 Value: 97
2023-07-09 17:50:56,326 - root - DEBUG - 3.1.1.2.2 Value: 142
2023-07-09 17:50:56,326 - root - DEBUG - 3.1.1.2.3 Value: 2
2023-07-09 17:50:56,326 - root - DEBUG - 3.1.1.2.4 Value: 10
2023-07-09 17:50:56,326 - root - DEBUG - 3.1.2 Value: None
2023-07-09 17:50:56,326 - root - DEBUG - 3.1.2.1 Value: None
2023-07-09 17:50:56,326 - root - DEBUG - 3.1.2.1.1 Value: 167
2023-07-09 17:50:56,326 - root - DEBUG - 3.1.2.1.2 Value: 142
2023-07-09 17:50:56,326 - root - DEBUG - 3.1.2.1.3 Value: 2
2023-07-09 17:50:56,326 - root - DEBUG - 3.1.2.1.4 Value: 10
2023-07-09 17:50:56,326 - root - DEBUG - 3.1.2.2 Value: None
2023-07-09 17:50:56,326 - root - DEBUG - 3.1.2.2.1 Value: 213
2023-07-09 17:50:56,326 - root - DEBUG - 3.1.2.2.2 Value: 142
2023-07-09 17:50:56,326 - root - DEBUG - 3.1.2.2.3 Value: 2
2023-07-09 17:50:56,326 - root - DEBUG - 3.1.2.2.4 Value: 10
2023-07-09 17:50:56,326 - root - DEBUG - 3.1.3 Value: None
2023-07-09 17:50:56,326 - root - DEBUG - 3.1.3.1 Value: None
2023-07-09 17:50:56,326 - root - DEBUG - 3.1.3.1.1 Value: 45
2023-07-09 17:50:56,326 - root - DEBUG - 3.1.3.1.2 Value: 56
2023-07-09 17:50:56,326 - root - DEBUG - 3.1.3.1.3 Value: 12
2023-07-09 17:50:56,326 - root - DEBUG - 3.1.3.1.4 Value: 10
2023-07-09 17:50:56,326 - root - DEBUG - 3.1.3.2 Value: None
2023-07-09 17:50:56,326 - root - DEBUG - 3.1.3.2.1 Value: 62
2023-07-09 17:50:56,326 - root - DEBUG - 3.1.3.2.2 Value: 56
2023-07-09 17:50:56,326 - root - DEBUG - 3.1.3.2.3 Value: 12
2023-07-09 17:50:56,326 - root - DEBUG - 3.1.3.2.4 Value: 10
2023-07-09 17:50:56,326 - root - DEBUG - 3.1.7 Value: 0
2023-07-09 17:50:56,326 - root - DEBUG - 3.1.8 Value: 1
2023-07-09 17:50:56,326 - root - DEBUG - 4 Value: None
2023-07-09 17:50:56,326 - root - DEBUG - 4.3 Value: None
2023-07-09 17:50:56,326 - root - DEBUG - 4.3.1 Value: None
2023-07-09 17:50:56,326 - root - DEBUG - 4.3.1.1 Value: 211
2023-07-09 17:50:56,326 - root - DEBUG - 4.3.1.2 Value: 274
2023-07-09 17:50:56,342 - root - DEBUG - 4.3.1.3 Value: 277
2023-07-09 17:50:56,342 - root - DEBUG - 4.3.1.4 Value: 298
2023-07-09 17:50:56,342 - root - DEBUG - 4.3.1.5 Value: 18
2023-07-09 17:50:56,342 - root - DEBUG - 4.3.1.6 Value: 2
2023-07-09 17:50:56,342 - root - DEBUG - 4.3.1.7 Value: 0
2023-07-09 17:50:56,342 - root - DEBUG - 4.3.1.8 Value: 12
2023-07-09 17:50:56,342 - root - DEBUG - 4.3.1.9 Value: 10
2023-07-09 17:50:56,342 - root - DEBUG - 4.4 Value: None
2023-07-09 17:50:56,342 - root - DEBUG - 4.4.1 Value: None
2023-07-09 17:50:56,342 - root - DEBUG - 4.4.1.1 Value: 42
2023-07-09 17:50:56,342 - root - DEBUG - 4.4.1.2 Value: 274
2023-07-09 17:50:56,342 - root - DEBUG - 4.4.1.3 Value: 91
2023-07-09 17:50:56,342 - root - DEBUG - 4.4.1.4 Value: 298
2023-07-09 17:50:56,342 - root - DEBUG - 4.4.1.5 Value: 20
2023-07-09 17:50:56,342 - root - DEBUG - 4.4.1.6 Value: 2
2023-07-09 17:50:56,342 - root - DEBUG - 4.4.1.7 Value: 0
2023-07-09 17:50:56,342 - root - DEBUG - 4.4.1.8 Value: 12
2023-07-09 17:50:56,342 - root - DEBUG - 4.4.1.9 Value: 10
2023-07-09 17:50:56,342 - root - DEBUG - 4.4.3 Value: 31
2023-07-09 17:50:56,342 - root - DEBUG - 4.7 Value: 0
2023-07-09 17:50:56,342 - root - DEBUG - 4.8 Value: None
2023-07-09 17:50:56,342 - root - DEBUG - 4.8.1 Value: None
2023-07-09 17:50:56,342 - root - DEBUG - 4.8.1.1 Value: 0
2023-07-09 17:50:56,342 - root - DEBUG - 4.8.1.2 Value: 0
2023-07-09 17:50:56,342 - root - DEBUG - 4.8.1.3 Value: 0
2023-07-09 17:50:56,342 - root - DEBUG - 4.8.1.4 Value: 0
2023-07-09 17:50:56,342 - root - DEBUG - 4.8.1.5 Value: 0
2023-07-09 17:50:56,342 - root - DEBUG - 4.8.1.6 Value: 0
2023-07-09 17:50:56,342 - root - DEBUG - 4.8.1.7 Value: 0
2023-07-09 17:50:56,342 - root - DEBUG - 4.8.1.8 Value: 0
2023-07-09 17:50:56,342 - root - DEBUG - 4.8.1.9 Value: 0
2023-07-09 17:50:56,342 - root - DEBUG - 5 Value: None
2023-07-09 17:50:56,342 - root - DEBUG - 5.1 Value: None
2023-07-09 17:50:56,342 - root - DEBUG - 5.1.1 Value: None
2023-07-09 17:50:56,342 - root - DEBUG - 5.1.1.1 Value: None
2023-07-09 17:50:56,342 - root - DEBUG - 5.1.1.1.1 Value: 116
2023-07-09 17:50:56,342 - root - DEBUG - 5.1.1.1.2 Value: 9
2023-07-09 17:50:56,342 - root - DEBUG - 5.1.1.1.3 Value: 148
2023-07-09 17:50:56,342 - root - DEBUG - 5.1.1.1.4 Value: 33
2023-07-09 17:50:56,342 - root - DEBUG - 5.1.1.1.5 Value: 18
2023-07-09 17:50:56,342 - root - DEBUG - 5.1.1.1.6 Value: 2
2023-07-09 17:50:56,342 - root - DEBUG - 5.1.1.1.7 Value: 0
2023-07-09 17:50:56,342 - root - DEBUG - 5.1.1.1.8 Value: 12
2023-07-09 17:50:56,342 - root - DEBUG - 5.1.1.1.9 Value: 10
2023-07-09 17:50:56,342 - root - DEBUG - 5.1.1.4 Value: None
2023-07-09 17:50:56,342 - root - DEBUG - 5.1.1.4.1 Value: 157
2023-07-09 17:50:56,342 - root - DEBUG - 5.1.1.4.2 Value: 9
2023-07-09 17:50:56,342 - root - DEBUG - 5.1.1.4.3 Value: 189
2023-07-09 17:50:56,342 - root - DEBUG - 5.1.1.4.4 Value: 33
2023-07-09 17:50:56,342 - root - DEBUG - 5.1.1.4.5 Value: 18
2023-07-09 17:50:56,342 - root - DEBUG - 5.1.1.4.6 Value: 2
2023-07-09 17:50:56,342 - root - DEBUG - 5.1.1.4.7 Value: 0
2023-07-09 17:50:56,342 - root - DEBUG - 5.1.1.4.8 Value: 12
2023-07-09 17:50:56,342 - root - DEBUG - 5.1.1.4.9 Value: 10
2023-07-09 17:50:56,342 - root - DEBUG - 5.1.4 Value: 1
2023-07-09 17:50:56,342 - root - DEBUG - 5.1.5 Value: 1
2023-07-09 17:50:56,342 - root - DEBUG - 5.1.6 Value: 0
2023-07-09 17:50:56,342 - root - DEBUG - 5.2 Value: None
2023-07-09 17:50:56,342 - root - DEBUG - 5.2.1 Value: 0
2023-07-09 17:50:56,342 - root - DEBUG - 5.2.2 Value: 0
2023-07-09 17:50:56,342 - root - DEBUG - 5.2.5 Value: 29
2023-07-09 17:50:56,342 - root - DEBUG - 5.2.6 Value: 30
2023-07-09 17:50:56,342 - root - DEBUG - 5.2.8 Value: None
2023-07-09 17:50:56,342 - root - DEBUG - 5.2.8.1 Value: 135
2023-07-09 17:50:56,342 - root - DEBUG - 5.2.8.2 Value: 76
2023-07-09 17:50:56,342 - root - DEBUG - 5.2.9 Value: None
2023-07-09 17:50:56,342 - root - DEBUG - 5.2.9.1 Value: 135
2023-07-09 17:50:56,342 - root - DEBUG - 5.2.9.2 Value: 254
2023-07-09 17:50:56,342 - root - DEBUG - 5.4 Value: None
2023-07-09 17:50:56,342 - root - DEBUG - 5.4.1 Value: 215
2023-07-09 17:50:56,342 - root - DEBUG - 5.4.2 Value: 56
2023-07-09 17:50:56,342 - root - DEBUG - 5.4.3 Value: 22
2023-07-09 17:50:56,342 - root - DEBUG - 5.4.4 Value: 7
2023-07-09 17:50:56,342 - root - DEBUG - 6 Value: None
2023-07-09 17:50:56,342 - root - DEBUG - 6.1 Value: None
2023-07-09 17:50:56,342 - root - DEBUG - 6.1.2 Value: None
2023-07-09 17:50:56,342 - root - DEBUG - 6.1.2.1 Value: 100
2023-07-09 17:50:56,342 - root - DEBUG - 6.1.2.2 Value: 318
2023-07-09 17:50:56,342 - root - DEBUG - 6.1.2.3 Value: 32
2023-07-09 17:50:56,342 - root - DEBUG - 6.1.2.4 Value: 26
2023-07-09 17:50:56,342 - root - DEBUG - 6.2 Value: None
2023-07-09 17:50:56,342 - root - DEBUG - 6.2.1 Value: None
2023-07-09 17:50:56,342 - root - DEBUG - 6.2.1.1 Value: None
2023-07-09 17:50:56,342 - root - DEBUG - 6.2.1.1.1 Value: 136
2023-07-09 17:50:56,342 - root - DEBUG - 6.2.1.1.2 Value: 321
2023-07-09 17:50:56,342 - root - DEBUG - 6.2.1.1.3 Value: 197
2023-07-09 17:50:56,342 - root - DEBUG - 6.2.1.1.4 Value: 345
2023-07-09 17:50:56,342 - root - DEBUG - 6.2.1.1.5 Value: 18
2023-07-09 17:50:56,342 - root - DEBUG - 6.2.1.1.6 Value: 2
2023-07-09 17:50:56,342 - root - DEBUG - 6.2.1.1.7 Value: 0
2023-07-09 17:50:56,342 - root - DEBUG - 6.2.1.1.8 Value: 12
2023-07-09 17:50:56,342 - root - DEBUG - 6.2.1.1.9 Value: 10
2023-07-09 17:50:56,342 - root - DEBUG - 6.2.1.2 Value: 58
2023-07-09 17:50:56,342 - root - DEBUG - 6.2.1.3 Value: 59
2023-07-09 17:50:56,342 - root - DEBUG - 6.2.1.5 Value: 31
2023-07-09 17:50:56,342 - root - DEBUG - 7 Value: None
2023-07-09 17:50:56,342 - root - DEBUG - 7.3 Value: None
2023-07-09 17:50:56,342 - root - DEBUG - 7.3.1 Value: 60
2023-07-09 17:50:56,342 - root - DEBUG - 7.3.2 Value: None
2023-07-09 17:50:56,342 - root - DEBUG - 7.3.2.1 Value: 13
2023-07-09 17:50:56,342 - root - DEBUG - 7.3.2.2 Value: 203
2023-07-09 17:50:56,342 - root - DEBUG - 7.3.2 Value: None
2023-07-09 17:50:56,342 - root - DEBUG - 7.3.2.1 Value: 9
2023-07-09 17:50:56,342 - root - DEBUG - 7.3.2.2 Value: 175
2023-07-09 17:50:56,342 - root - DEBUG - 7.3.2 Value: None
2023-07-09 17:50:56,342 - root - DEBUG - 7.3.2.1 Value: 9
2023-07-09 17:50:56,342 - root - DEBUG - 7.3.2.2 Value: 143
2023-07-09 17:50:56,342 - root - DEBUG - 7.3.2 Value: None
2023-07-09 17:50:56,342 - root - DEBUG - 7.3.2.1 Value: 13
2023-07-09 17:50:56,342 - root - DEBUG - 7.3.2.2 Value: 113
2023-07-09 17:50:56,342 - root - DEBUG - 7.3.2 Value: None
2023-07-09 17:50:56,342 - root - DEBUG - 7.3.2.1 Value: 24
2023-07-09 17:50:56,342 - root - DEBUG - 7.3.2.2 Value: 95
2023-07-09 17:50:56,342 - root - DEBUG - 9 Value: None
2023-07-09 17:50:56,342 - root - DEBUG - 9.3 Value: None
2023-07-09 17:50:56,342 - root - DEBUG - 9.3.1 Value: 65
2023-07-09 17:50:56,342 - root - DEBUG - 9.3.2 Value: None
2023-07-09 17:50:56,342 - root - DEBUG - 9.3.2.1 Value: 271
2023-07-09 17:50:56,342 - root - DEBUG - 9.3.2.2 Value: 203
2023-07-09 17:50:56,342 - root - DEBUG - 9.3.2 Value: None
2023-07-09 17:50:56,342 - root - DEBUG - 9.3.2.1 Value: 280
2023-07-09 17:50:56,342 - root - DEBUG - 9.3.2.2 Value: 175
2023-07-09 17:50:56,342 - root - DEBUG - 9.3.2 Value: None
2023-07-09 17:50:56,342 - root - DEBUG - 9.3.2.1 Value: 280
2023-07-09 17:50:56,358 - root - DEBUG - 9.3.2.2 Value: 143
2023-07-09 17:50:56,358 - root - DEBUG - 9.3.2 Value: None
2023-07-09 17:50:56,358 - root - DEBUG - 9.3.2.1 Value: 271
2023-07-09 17:50:56,358 - root - DEBUG - 9.3.2.2 Value: 113
2023-07-09 17:50:56,358 - root - DEBUG - 9.3.2 Value: None
2023-07-09 17:50:56,358 - root - DEBUG - 9.3.2.1 Value: 256
2023-07-09 17:50:56,358 - root - DEBUG - 9.3.2.2 Value: 95
2023-07-09 17:50:56,358 - root - DEBUG - 0-Info
2023-07-09 17:50:56,358 - root - DEBUG - 0.1-DeviceId
2023-07-09 17:50:56,358 - root - DEBUG - 2-Background
2023-07-09 17:50:56,358 - root - DEBUG - 2.1-Image
2023-07-09 17:50:56,358 - root - DEBUG - 2.1.1-X
2023-07-09 17:50:56,358 - root - DEBUG - 2.1.2-Y
2023-07-09 17:50:56,358 - root - DEBUG - 2.1.3-ImageIndex
2023-07-09 17:50:56,358 - root - DEBUG - 2.3-Preview
2023-07-09 17:50:56,358 - root - DEBUG - 2.3.1-X
2023-07-09 17:50:56,358 - root - DEBUG - 2.3.2-Y
2023-07-09 17:50:56,358 - root - DEBUG - 2.3.3-ImageIndex
2023-07-09 17:50:56,358 - root - DEBUG - 2.4-PreviewTradChinese
2023-07-09 17:50:56,358 - root - DEBUG - 2.4.1-X
2023-07-09 17:50:56,358 - root - DEBUG - 2.4.2-Y
2023-07-09 17:50:56,358 - root - DEBUG - 2.4.3-ImageIndex
2023-07-09 17:50:56,358 - root - DEBUG - 2.5-PreviewChinese
2023-07-09 17:50:56,358 - root - DEBUG - 2.5.1-X
2023-07-09 17:50:56,358 - root - DEBUG - 2.5.2-Y
2023-07-09 17:50:56,358 - root - DEBUG - 2.5.3-ImageIndex
2023-07-09 17:50:56,358 - root - DEBUG - 3-TimeExtended
2023-07-09 17:50:56,358 - root - DEBUG - 3.1-TimeSeparateDigits
2023-07-09 17:50:56,358 - root - DEBUG - 3.1.1-Hours
2023-07-09 17:50:56,358 - root - DEBUG - 3.1.1.1-Tens
2023-07-09 17:50:56,358 - root - DEBUG - 3.1.1.1.1-X
2023-07-09 17:50:56,358 - root - DEBUG - 3.1.1.1.2-Y
2023-07-09 17:50:56,358 - root - DEBUG - 3.1.1.1.3-ImageIndex
2023-07-09 17:50:56,358 - root - DEBUG - 3.1.1.1.4-ImagesCount
2023-07-09 17:50:56,358 - root - DEBUG - 3.1.1.2-Ones
2023-07-09 17:50:56,358 - root - DEBUG - 3.1.1.2.1-X
2023-07-09 17:50:56,358 - root - DEBUG - 3.1.1.2.2-Y
2023-07-09 17:50:56,358 - root - DEBUG - 3.1.1.2.3-ImageIndex
2023-07-09 17:50:56,358 - root - DEBUG - 3.1.1.2.4-ImagesCount
2023-07-09 17:50:56,358 - root - DEBUG - 3.1.2-Minutes
2023-07-09 17:50:56,358 - root - DEBUG - 3.1.2.1-Tens
2023-07-09 17:50:56,358 - root - DEBUG - 3.1.2.1.1-X
2023-07-09 17:50:56,358 - root - DEBUG - 3.1.2.1.2-Y
2023-07-09 17:50:56,358 - root - DEBUG - 3.1.2.1.3-ImageIndex
2023-07-09 17:50:56,358 - root - DEBUG - 3.1.2.1.4-ImagesCount
2023-07-09 17:50:56,358 - root - DEBUG - 3.1.2.2-Ones
2023-07-09 17:50:56,358 - root - DEBUG - 3.1.2.2.1-X
2023-07-09 17:50:56,358 - root - DEBUG - 3.1.2.2.2-Y
2023-07-09 17:50:56,358 - root - DEBUG - 3.1.2.2.3-ImageIndex
2023-07-09 17:50:56,358 - root - DEBUG - 3.1.2.2.4-ImagesCount
2023-07-09 17:50:56,358 - root - DEBUG - 3.1.3-Seconds
2023-07-09 17:50:56,358 - root - DEBUG - 3.1.3.1-Tens
2023-07-09 17:50:56,358 - root - DEBUG - 3.1.3.1.1-X
2023-07-09 17:50:56,358 - root - DEBUG - 3.1.3.1.2-Y
2023-07-09 17:50:56,358 - root - DEBUG - 3.1.3.1.3-ImageIndex
2023-07-09 17:50:56,358 - root - DEBUG - 3.1.3.1.4-ImagesCount
2023-07-09 17:50:56,358 - root - DEBUG - 3.1.3.2-Ones
2023-07-09 17:50:56,358 - root - DEBUG - 3.1.3.2.1-X
2023-07-09 17:50:56,358 - root - DEBUG - 3.1.3.2.2-Y
2023-07-09 17:50:56,358 - root - DEBUG - 3.1.3.2.3-ImageIndex
2023-07-09 17:50:56,358 - root - DEBUG - 3.1.3.2.4-ImagesCount
2023-07-09 17:50:56,358 - root - DEBUG - 3.1.7-UnknowBoolean7
2023-07-09 17:50:56,358 - root - DEBUG - 3.1.8-PaddingZeroMinutes
2023-07-09 17:50:56,358 - root - DEBUG - 4-Activity
2023-07-09 17:50:56,358 - root - DEBUG - 4.3-Calories
2023-07-09 17:50:56,358 - root - DEBUG - 4.3.1-ImageNumber
2023-07-09 17:50:56,358 - root - DEBUG - 4.3.1.1-TopLeftX
2023-07-09 17:50:56,358 - root - DEBUG - 4.3.1.2-TopLeftY
2023-07-09 17:50:56,358 - root - DEBUG - 4.3.1.3-BottomRightX
2023-07-09 17:50:56,358 - root - DEBUG - 4.3.1.4-BottomRightY
2023-07-09 17:50:56,358 - root - DEBUG - 4.3.1.5-Alignment
2023-07-09 17:50:56,358 - root - DEBUG - 4.3.1.6-Spacing
2023-07-09 17:50:56,358 - root - DEBUG - 4.3.1.7-VerticalOffset
2023-07-09 17:50:56,358 - root - DEBUG - 4.3.1.8-ImageIndex
2023-07-09 17:50:56,358 - root - DEBUG - 4.3.1.9-ImagesCount
2023-07-09 17:50:56,358 - root - DEBUG - 4.4-HeartRate
2023-07-09 17:50:56,358 - root - DEBUG - 4.4.1-ImageNumber
2023-07-09 17:50:56,358 - root - DEBUG - 4.4.1.1-TopLeftX
2023-07-09 17:50:56,358 - root - DEBUG - 4.4.1.2-TopLeftY
2023-07-09 17:50:56,358 - root - DEBUG - 4.4.1.3-BottomRightX
2023-07-09 17:50:56,358 - root - DEBUG - 4.4.1.4-BottomRightY
2023-07-09 17:50:56,358 - root - DEBUG - 4.4.1.5-Alignment
2023-07-09 17:50:56,358 - root - DEBUG - 4.4.1.6-Spacing
2023-07-09 17:50:56,358 - root - DEBUG - 4.4.1.7-VerticalOffset
2023-07-09 17:50:56,358 - root - DEBUG - 4.4.1.8-ImageIndex
2023-07-09 17:50:56,358 - root - DEBUG - 4.4.1.9-ImagesCount
2023-07-09 17:50:56,358 - root - DEBUG - 4.4.3-NoDataImageIndex
2023-07-09 17:50:56,358 - root - DEBUG - 4.7-UnknownLongValue7
2023-07-09 17:50:56,358 - root - DEBUG - 4.8-StandUp
2023-07-09 17:50:56,358 - root - DEBUG - 4.8.1-ImageNumber
2023-07-09 17:50:56,373 - root - DEBUG - 4.8.1.1-TopLeftX
2023-07-09 17:50:56,373 - root - DEBUG - 4.8.1.2-TopLeftY
2023-07-09 17:50:56,373 - root - DEBUG - 4.8.1.3-BottomRightX
2023-07-09 17:50:56,373 - root - DEBUG - 4.8.1.4-BottomRightY
2023-07-09 17:50:56,373 - root - DEBUG - 4.8.1.5-Alignment
2023-07-09 17:50:56,373 - root - DEBUG - 4.8.1.6-Spacing
2023-07-09 17:50:56,373 - root - DEBUG - 4.8.1.7-VerticalOffset
2023-07-09 17:50:56,373 - root - DEBUG - 4.8.1.8-ImageIndex
2023-07-09 17:50:56,373 - root - DEBUG - 4.8.1.9-ImagesCount
2023-07-09 17:50:56,373 - root - DEBUG - 5-DateBlock
2023-07-09 17:50:56,373 - root - DEBUG - 5.1-Date
2023-07-09 17:50:56,373 - root - DEBUG - 5.1.1-MonthAndDayAlt
2023-07-09 17:50:56,373 - root - DEBUG - 5.1.1.1-Month
2023-07-09 17:50:56,373 - root - DEBUG - 5.1.1.1.1-TopLeftX
2023-07-09 17:50:56,373 - root - DEBUG - 5.1.1.1.2-TopLeftY
2023-07-09 17:50:56,373 - root - DEBUG - 5.1.1.1.3-BottomRightX
2023-07-09 17:50:56,373 - root - DEBUG - 5.1.1.1.4-BottomRightY
2023-07-09 17:50:56,373 - root - DEBUG - 5.1.1.1.5-Alignment
2023-07-09 17:50:56,373 - root - DEBUG - 5.1.1.1.6-Spacing
2023-07-09 17:50:56,373 - root - DEBUG - 5.1.1.1.7-VerticalOffset
2023-07-09 17:50:56,373 - root - DEBUG - 5.1.1.1.8-ImageIndex
2023-07-09 17:50:56,373 - root - DEBUG - 5.1.1.1.9-ImagesCount
2023-07-09 17:50:56,373 - root - DEBUG - 5.1.1.4-Day
2023-07-09 17:50:56,373 - root - DEBUG - 5.1.1.4.1-TopLeftX
2023-07-09 17:50:56,373 - root - DEBUG - 5.1.1.4.2-TopLeftY
2023-07-09 17:50:56,373 - root - DEBUG - 5.1.1.4.3-BottomRightX
2023-07-09 17:50:56,373 - root - DEBUG - 5.1.1.4.4-BottomRightY
2023-07-09 17:50:56,373 - root - DEBUG - 5.1.1.4.5-Alignment
2023-07-09 17:50:56,373 - root - DEBUG - 5.1.1.4.6-Spacing
2023-07-09 17:50:56,373 - root - DEBUG - 5.1.1.4.7-VerticalOffset
2023-07-09 17:50:56,373 - root - DEBUG - 5.1.1.4.8-ImageIndex
2023-07-09 17:50:56,373 - root - DEBUG - 5.1.1.4.9-ImagesCount
2023-07-09 17:50:56,373 - root - DEBUG - 5.1.4-PaddingZeroMonth
2023-07-09 17:50:56,373 - root - DEBUG - 5.1.5-PaddingZeroDay
2023-07-09 17:50:56,373 - root - DEBUG - 5.1.6-UnknownBoolean6
2023-07-09 17:50:56,373 - root - DEBUG - 5.2-AmPm
2023-07-09 17:50:56,373 - root - DEBUG - 5.2.1-CommonX
2023-07-09 17:50:56,373 - root - DEBUG - 5.2.2-CommonY
2023-07-09 17:50:56,373 - root - DEBUG - 5.2.5-AmImageIndexEN
2023-07-09 17:50:56,373 - root - DEBUG - 5.2.6-PmImageIndexEN
2023-07-09 17:50:56,373 - root - DEBUG - 5.2.8-CoordinatesAM
2023-07-09 17:50:56,373 - root - DEBUG - 5.2.8.1-X
2023-07-09 17:50:56,373 - root - DEBUG - 5.2.8.2-Y
2023-07-09 17:50:56,373 - root - DEBUG - 5.2.9-CoordinatesPM
2023-07-09 17:50:56,373 - root - DEBUG - 5.2.9.1-X
2023-07-09 17:50:56,373 - root - DEBUG - 5.2.9.2-Y
2023-07-09 17:50:56,373 - root - DEBUG - 5.4-Weekday
2023-07-09 17:50:56,373 - root - DEBUG - 5.4.1-X
2023-07-09 17:50:56,373 - root - DEBUG - 5.4.2-Y
2023-07-09 17:50:56,373 - root - DEBUG - 5.4.3-ImageIndex
2023-07-09 17:50:56,373 - root - DEBUG - 5.4.4-ImagesCount
2023-07-09 17:50:56,373 - root - DEBUG - 6-Weather
2023-07-09 17:50:56,373 - root - DEBUG - 6.1-Icon
2023-07-09 17:50:56,373 - root - DEBUG - 6.1.2-Images
2023-07-09 17:50:56,373 - root - DEBUG - 6.1.2.1-X
2023-07-09 17:50:56,373 - root - DEBUG - 6.1.2.2-Y
2023-07-09 17:50:56,373 - root - DEBUG - 6.1.2.3-ImageIndex
2023-07-09 17:50:56,373 - root - DEBUG - 6.1.2.4-ImagesCount
2023-07-09 17:50:56,373 - root - DEBUG - 6.2-Temperature
2023-07-09 17:50:56,373 - root - DEBUG - 6.2.1-Current
2023-07-09 17:50:56,373 - root - DEBUG - 6.2.1.1-ImageNumber
2023-07-09 17:50:56,373 - root - DEBUG - 6.2.1.1.1-TopLeftX
2023-07-09 17:50:56,373 - root - DEBUG - 6.2.1.1.2-TopLeftY
2023-07-09 17:50:56,373 - root - DEBUG - 6.2.1.1.3-BottomRightX
2023-07-09 17:50:56,373 - root - DEBUG - 6.2.1.1.4-BottomRightY
2023-07-09 17:50:56,373 - root - DEBUG - 6.2.1.1.5-Alignment
2023-07-09 17:50:56,373 - root - DEBUG - 6.2.1.1.6-Spacing
2023-07-09 17:50:56,373 - root - DEBUG - 6.2.1.1.7-VerticalOffset
2023-07-09 17:50:56,373 - root - DEBUG - 6.2.1.1.8-ImageIndex
2023-07-09 17:50:56,373 - root - DEBUG - 6.2.1.1.9-ImagesCount
2023-07-09 17:50:56,373 - root - DEBUG - 6.2.1.2-MinusImageIndex
2023-07-09 17:50:56,373 - root - DEBUG - 6.2.1.3-SuffixImageIndexC
2023-07-09 17:50:56,373 - root - DEBUG - 6.2.1.5-NoDataImageIndex
2023-07-09 17:50:56,373 - root - DEBUG - 7-StepProgress
2023-07-09 17:50:56,373 - root - DEBUG - 7.3-IconSetProgress
2023-07-09 17:50:56,373 - root - DEBUG - 7.3.1-ImageIndex
2023-07-09 17:50:56,373 - root - DEBUG - 7.3.2-Coordinates
2023-07-09 17:50:56,373 - root - DEBUG - 7.3.2.1-X
2023-07-09 17:50:56,373 - root - DEBUG - 7.3.2.2-Y
2023-07-09 17:50:56,373 - root - DEBUG - 7.3.2-Coordinates
2023-07-09 17:50:56,373 - root - DEBUG - 7.3.2.1-X
2023-07-09 17:50:56,373 - root - DEBUG - 7.3.2.2-Y
2023-07-09 17:50:56,373 - root - DEBUG - 7.3.2-Coordinates
2023-07-09 17:50:56,373 - root - DEBUG - 7.3.2.1-X
2023-07-09 17:50:56,373 - root - DEBUG - 7.3.2.2-Y
2023-07-09 17:50:56,373 - root - DEBUG - 7.3.2-Coordinates
2023-07-09 17:50:56,373 - root - DEBUG - 7.3.2.1-X
2023-07-09 17:50:56,373 - root - DEBUG - 7.3.2.2-Y
2023-07-09 17:50:56,389 - root - DEBUG - 7.3.2-Coordinates
2023-07-09 17:50:56,389 - root - DEBUG - 7.3.2.1-X
2023-07-09 17:50:56,389 - root - DEBUG - 7.3.2.2-Y
2023-07-09 17:50:56,389 - root - DEBUG - 9-Battery
2023-07-09 17:50:56,389 - root - DEBUG - 9.3-IconSetProgress
2023-07-09 17:50:56,389 - root - DEBUG - 9.3.1-ImageIndex
2023-07-09 17:50:56,389 - root - DEBUG - 9.3.2-Coordinates
2023-07-09 17:50:56,389 - root - DEBUG - 9.3.2.1-X
2023-07-09 17:50:56,389 - root - DEBUG - 9.3.2.2-Y
2023-07-09 17:50:56,389 - root - DEBUG - 9.3.2-Coordinates
2023-07-09 17:50:56,389 - root - DEBUG - 9.3.2.1-X
2023-07-09 17:50:56,389 - root - DEBUG - 9.3.2.2-Y
2023-07-09 17:50:56,389 - root - DEBUG - 9.3.2-Coordinates
2023-07-09 17:50:56,389 - root - DEBUG - 9.3.2.1-X
2023-07-09 17:50:56,389 - root - DEBUG - 9.3.2.2-Y
2023-07-09 17:50:56,389 - root - DEBUG - 9.3.2-Coordinates
2023-07-09 17:50:56,389 - root - DEBUG - 9.3.2.1-X
2023-07-09 17:50:56,389 - root - DEBUG - 9.3.2.2-Y
2023-07-09 17:50:56,389 - root - DEBUG - 9.3.2-Coordinates
2023-07-09 17:50:56,389 - root - DEBUG - 9.3.2.1-X
2023-07-09 17:50:56,389 - root - DEBUG - 9.3.2.2-Y
2023-07-09 17:50:56,389 - root - DEBUG - generatePreviews
2023-07-09 17:50:56,389 - root - DEBUG - Generating previews...
2023-07-09 17:50:56,389 - root - DEBUG - Generating states done...
2023-07-09 17:50:56,405 - root - DEBUG - >>>>>>>>>>>> 0 <watchFaceParser.models.parameter.Parameter object at 0x0000020A6BB137C0>
2023-07-09 17:50:56,405 - root - DEBUG - >>>>>>>>>>>> 2 <watchFaceParser.models.parameter.Parameter object at 0x0000020A6BB09850>
2023-07-09 17:50:56,405 - root - DEBUG - >>>>>>>>>>>> 3 <watchFaceParser.models.parameter.Parameter object at 0x0000020A6BB09160>
2023-07-09 17:50:56,420 - root - DEBUG - >>>>>>>>>>>> 4 <watchFaceParser.models.parameter.Parameter object at 0x0000020A6BB0BF10>
2023-07-09 17:50:56,436 - root - DEBUG - >>>>>>>>>>>> 5 <watchFaceParser.models.parameter.Parameter object at 0x0000020A6BAE9850>
2023-07-09 17:50:56,436 - root - DEBUG - >>>>>>>>>>>> 6 <watchFaceParser.models.parameter.Parameter object at 0x0000020A6BB0CEB0>
2023-07-09 17:50:56,451 - root - DEBUG - >>>>>>>>>>>> 7 <watchFaceParser.models.parameter.Parameter object at 0x0000020A6BB117F0>
2023-07-09 17:50:56,467 - root - DEBUG - >>>>>>>>>>>> 9 <watchFaceParser.models.parameter.Parameter object at 0x0000020A6BB11880>
2023-07-09 17:50:56,483 - root - DEBUG - Generating static preview gen done...
2023-07-09 17:50:56,608 - root - DEBUG - Generating static preview save done...
2023-07-09 17:50:56,608 - root - DEBUG - Generating anim preview gen done...
2023-07-09 17:50:56,608 - root - DEBUG - >>>>>>>>>>>> 0 <watchFaceParser.models.parameter.Parameter object at 0x0000020A6BB137C0>
2023-07-09 17:50:56,608 - root - DEBUG - >>>>>>>>>>>> 2 <watchFaceParser.models.parameter.Parameter object at 0x0000020A6BB09850>
2023-07-09 17:50:56,608 - root - DEBUG - >>>>>>>>>>>> 3 <watchFaceParser.models.parameter.Parameter object at 0x0000020A6BB09160>
2023-07-09 17:50:56,608 - root - DEBUG - >>>>>>>>>>>> 4 <watchFaceParser.models.parameter.Parameter object at 0x0000020A6BB0BF10>
2023-07-09 17:50:56,608 - root - DEBUG - >>>>>>>>>>>> 5 <watchFaceParser.models.parameter.Parameter object at 0x0000020A6BAE9850>
2023-07-09 17:50:56,608 - root - DEBUG - >>>>>>>>>>>> 6 <watchFaceParser.models.parameter.Parameter object at 0x0000020A6BB0CEB0>
2023-07-09 17:50:56,608 - root - DEBUG - >>>>>>>>>>>> 7 <watchFaceParser.models.parameter.Parameter object at 0x0000020A6BB117F0>
2023-07-09 17:50:56,608 - root - DEBUG - >>>>>>>>>>>> 9 <watchFaceParser.models.parameter.Parameter object at 0x0000020A6BB11880>
2023-07-09 17:50:56,780 - root - DEBUG - generatePreviews done
2023-07-09 17:50:56,780 - root - DEBUG - Exporting resources to 'E:\Codez\zepp-gts2mini-wf\5f7097ccc285fc17427db3eb27e2f482'
2023-07-09 17:50:56,780 - root - DEBUG - extracting E:\Codez\zepp-gts2mini-wf\5f7097ccc285fc17427db3eb27e2f482\0000.png...
2023-07-09 17:50:56,795 - root - DEBUG - extracting E:\Codez\zepp-gts2mini-wf\5f7097ccc285fc17427db3eb27e2f482\0001.png...
2023-07-09 17:50:56,853 - root - DEBUG - extracting E:\Codez\zepp-gts2mini-wf\5f7097ccc285fc17427db3eb27e2f482\0002.png...
2023-07-09 17:50:56,855 - root - DEBUG - extracting E:\Codez\zepp-gts2mini-wf\5f7097ccc285fc17427db3eb27e2f482\0003.png...
2023-07-09 17:50:56,857 - root - DEBUG - extracting E:\Codez\zepp-gts2mini-wf\5f7097ccc285fc17427db3eb27e2f482\0004.png...
2023-07-09 17:50:56,858 - root - DEBUG - extracting E:\Codez\zepp-gts2mini-wf\5f7097ccc285fc17427db3eb27e2f482\0005.png...
2023-07-09 17:50:56,860 - root - DEBUG - extracting E:\Codez\zepp-gts2mini-wf\5f7097ccc285fc17427db3eb27e2f482\0006.png...
2023-07-09 17:50:56,861 - root - DEBUG - extracting E:\Codez\zepp-gts2mini-wf\5f7097ccc285fc17427db3eb27e2f482\0007.png...
2023-07-09 17:50:56,863 - root - DEBUG - extracting E:\Codez\zepp-gts2mini-wf\5f7097ccc285fc17427db3eb27e2f482\0008.png...
2023-07-09 17:50:56,864 - root - DEBUG - extracting E:\Codez\zepp-gts2mini-wf\5f7097ccc285fc17427db3eb27e2f482\0009.png...
2023-07-09 17:50:56,866 - root - DEBUG - extracting E:\Codez\zepp-gts2mini-wf\5f7097ccc285fc17427db3eb27e2f482\0010.png...
2023-07-09 17:50:56,866 - root - DEBUG - extracting E:\Codez\zepp-gts2mini-wf\5f7097ccc285fc17427db3eb27e2f482\0011.png...
2023-07-09 17:50:56,866 - root - DEBUG - extracting E:\Codez\zepp-gts2mini-wf\5f7097ccc285fc17427db3eb27e2f482\0012.png...
2023-07-09 17:50:56,866 - root - DEBUG - extracting E:\Codez\zepp-gts2mini-wf\5f7097ccc285fc17427db3eb27e2f482\0013.png...
2023-07-09 17:50:56,866 - root - DEBUG - extracting E:\Codez\zepp-gts2mini-wf\5f7097ccc285fc17427db3eb27e2f482\0014.png...
2023-07-09 17:50:56,866 - root - DEBUG - extracting E:\Codez\zepp-gts2mini-wf\5f7097ccc285fc17427db3eb27e2f482\0015.png...
2023-07-09 17:50:56,866 - root - DEBUG - extracting E:\Codez\zepp-gts2mini-wf\5f7097ccc285fc17427db3eb27e2f482\0016.png...
2023-07-09 17:50:56,866 - root - DEBUG - extracting E:\Codez\zepp-gts2mini-wf\5f7097ccc285fc17427db3eb27e2f482\0017.png...
2023-07-09 17:50:56,866 - root - DEBUG - extracting E:\Codez\zepp-gts2mini-wf\5f7097ccc285fc17427db3eb27e2f482\0018.png...
2023-07-09 17:50:56,866 - root - DEBUG - extracting E:\Codez\zepp-gts2mini-wf\5f7097ccc285fc17427db3eb27e2f482\0019.png...
2023-07-09 17:50:56,866 - root - DEBUG - extracting E:\Codez\zepp-gts2mini-wf\5f7097ccc285fc17427db3eb27e2f482\0020.png...
2023-07-09 17:50:56,866 - root - DEBUG - extracting E:\Codez\zepp-gts2mini-wf\5f7097ccc285fc17427db3eb27e2f482\0021.png...
2023-07-09 17:50:56,866 - root - DEBUG - extracting E:\Codez\zepp-gts2mini-wf\5f7097ccc285fc17427db3eb27e2f482\0022.png...
2023-07-09 17:50:56,866 - root - DEBUG - extracting E:\Codez\zepp-gts2mini-wf\5f7097ccc285fc17427db3eb27e2f482\0023.png...
2023-07-09 17:50:56,882 - root - DEBUG - extracting E:\Codez\zepp-gts2mini-wf\5f7097ccc285fc17427db3eb27e2f482\0024.png...
2023-07-09 17:50:56,882 - root - DEBUG - extracting E:\Codez\zepp-gts2mini-wf\5f7097ccc285fc17427db3eb27e2f482\0025.png...
2023-07-09 17:50:56,882 - root - DEBUG - extracting E:\Codez\zepp-gts2mini-wf\5f7097ccc285fc17427db3eb27e2f482\0026.png...
2023-07-09 17:50:56,882 - root - DEBUG - extracting E:\Codez\zepp-gts2mini-wf\5f7097ccc285fc17427db3eb27e2f482\0027.png...
2023-07-09 17:50:56,882 - root - DEBUG - extracting E:\Codez\zepp-gts2mini-wf\5f7097ccc285fc17427db3eb27e2f482\0028.png...
2023-07-09 17:50:56,882 - root - DEBUG - extracting E:\Codez\zepp-gts2mini-wf\5f7097ccc285fc17427db3eb27e2f482\0029.png...
2023-07-09 17:50:56,882 - root - DEBUG - extracting E:\Codez\zepp-gts2mini-wf\5f7097ccc285fc17427db3eb27e2f482\0030.png...
2023-07-09 17:50:56,882 - root - DEBUG - extracting E:\Codez\zepp-gts2mini-wf\5f7097ccc285fc17427db3eb27e2f482\0031.png...
2023-07-09 17:50:56,882 - root - DEBUG - extracting E:\Codez\zepp-gts2mini-wf\5f7097ccc285fc17427db3eb27e2f482\0032.png...
2023-07-09 17:50:56,882 - root - DEBUG - extracting E:\Codez\zepp-gts2mini-wf\5f7097ccc285fc17427db3eb27e2f482\0033.png...
2023-07-09 17:50:56,882 - root - DEBUG - extracting E:\Codez\zepp-gts2mini-wf\5f7097ccc285fc17427db3eb27e2f482\0034.png...
2023-07-09 17:50:56,897 - root - DEBUG - extracting E:\Codez\zepp-gts2mini-wf\5f7097ccc285fc17427db3eb27e2f482\0035.png...
2023-07-09 17:50:56,897 - root - DEBUG - extracting E:\Codez\zepp-gts2mini-wf\5f7097ccc285fc17427db3eb27e2f482\0036.png...
2023-07-09 17:50:56,897 - root - DEBUG - extracting E:\Codez\zepp-gts2mini-wf\5f7097ccc285fc17427db3eb27e2f482\0037.png...
2023-07-09 17:50:56,897 - root - DEBUG - extracting E:\Codez\zepp-gts2mini-wf\5f7097ccc285fc17427db3eb27e2f482\0038.png...
2023-07-09 17:50:56,897 - root - DEBUG - extracting E:\Codez\zepp-gts2mini-wf\5f7097ccc285fc17427db3eb27e2f482\0039.png...
2023-07-09 17:50:56,897 - root - DEBUG - extracting E:\Codez\zepp-gts2mini-wf\5f7097ccc285fc17427db3eb27e2f482\0040.png...
2023-07-09 17:50:56,897 - root - DEBUG - extracting E:\Codez\zepp-gts2mini-wf\5f7097ccc285fc17427db3eb27e2f482\0041.png...
2023-07-09 17:50:56,897 - root - DEBUG - extracting E:\Codez\zepp-gts2mini-wf\5f7097ccc285fc17427db3eb27e2f482\0042.png...
2023-07-09 17:50:56,897 - root - DEBUG - extracting E:\Codez\zepp-gts2mini-wf\5f7097ccc285fc17427db3eb27e2f482\0043.png...
2023-07-09 17:50:56,897 - root - DEBUG - extracting E:\Codez\zepp-gts2mini-wf\5f7097ccc285fc17427db3eb27e2f482\0044.png...
2023-07-09 17:50:56,897 - root - DEBUG - extracting E:\Codez\zepp-gts2mini-wf\5f7097ccc285fc17427db3eb27e2f482\0045.png...
2023-07-09 17:50:56,897 - root - DEBUG - extracting E:\Codez\zepp-gts2mini-wf\5f7097ccc285fc17427db3eb27e2f482\0046.png...
2023-07-09 17:50:56,913 - root - DEBUG - extracting E:\Codez\zepp-gts2mini-wf\5f7097ccc285fc17427db3eb27e2f482\0047.png...
2023-07-09 17:50:56,913 - root - DEBUG - extracting E:\Codez\zepp-gts2mini-wf\5f7097ccc285fc17427db3eb27e2f482\0048.png...
2023-07-09 17:50:56,913 - root - DEBUG - extracting E:\Codez\zepp-gts2mini-wf\5f7097ccc285fc17427db3eb27e2f482\0049.png...
2023-07-09 17:50:56,913 - root - DEBUG - extracting E:\Codez\zepp-gts2mini-wf\5f7097ccc285fc17427db3eb27e2f482\0050.png...
2023-07-09 17:50:56,913 - root - DEBUG - extracting E:\Codez\zepp-gts2mini-wf\5f7097ccc285fc17427db3eb27e2f482\0051.png...
2023-07-09 17:50:56,913 - root - DEBUG - extracting E:\Codez\zepp-gts2mini-wf\5f7097ccc285fc17427db3eb27e2f482\0052.png...
2023-07-09 17:50:56,913 - root - DEBUG - extracting E:\Codez\zepp-gts2mini-wf\5f7097ccc285fc17427db3eb27e2f482\0053.png...
2023-07-09 17:50:56,913 - root - DEBUG - extracting E:\Codez\zepp-gts2mini-wf\5f7097ccc285fc17427db3eb27e2f482\0054.png...
2023-07-09 17:50:56,913 - root - DEBUG - extracting E:\Codez\zepp-gts2mini-wf\5f7097ccc285fc17427db3eb27e2f482\0055.png...
2023-07-09 17:50:56,913 - root - DEBUG - extracting E:\Codez\zepp-gts2mini-wf\5f7097ccc285fc17427db3eb27e2f482\0056.png...
2023-07-09 17:50:56,913 - root - DEBUG - extracting E:\Codez\zepp-gts2mini-wf\5f7097ccc285fc17427db3eb27e2f482\0057.png...
2023-07-09 17:50:56,913 - root - DEBUG - extracting E:\Codez\zepp-gts2mini-wf\5f7097ccc285fc17427db3eb27e2f482\0058.png...
2023-07-09 17:50:56,913 - root - DEBUG - extracting E:\Codez\zepp-gts2mini-wf\5f7097ccc285fc17427db3eb27e2f482\0059.png...
2023-07-09 17:50:56,929 - root - DEBUG - extracting E:\Codez\zepp-gts2mini-wf\5f7097ccc285fc17427db3eb27e2f482\0060.png...
2023-07-09 17:50:56,929 - root - DEBUG - extracting E:\Codez\zepp-gts2mini-wf\5f7097ccc285fc17427db3eb27e2f482\0061.png...
2023-07-09 17:50:56,929 - root - DEBUG - extracting E:\Codez\zepp-gts2mini-wf\5f7097ccc285fc17427db3eb27e2f482\0062.png...
2023-07-09 17:50:56,929 - root - DEBUG - extracting E:\Codez\zepp-gts2mini-wf\5f7097ccc285fc17427db3eb27e2f482\0063.png...
2023-07-09 17:50:56,929 - root - DEBUG - extracting E:\Codez\zepp-gts2mini-wf\5f7097ccc285fc17427db3eb27e2f482\0064.png...
2023-07-09 17:50:56,929 - root - DEBUG - extracting E:\Codez\zepp-gts2mini-wf\5f7097ccc285fc17427db3eb27e2f482\0065.png...
2023-07-09 17:50:56,929 - root - DEBUG - extracting E:\Codez\zepp-gts2mini-wf\5f7097ccc285fc17427db3eb27e2f482\0066.png...
2023-07-09 17:50:56,929 - root - DEBUG - extracting E:\Codez\zepp-gts2mini-wf\5f7097ccc285fc17427db3eb27e2f482\0067.png...
2023-07-09 17:50:56,929 - root - DEBUG - extracting E:\Codez\zepp-gts2mini-wf\5f7097ccc285fc17427db3eb27e2f482\0068.png...
2023-07-09 17:50:56,929 - root - DEBUG - extracting E:\Codez\zepp-gts2mini-wf\5f7097ccc285fc17427db3eb27e2f482\0069.png...
2023-07-09 17:50:56,929 - root - DEBUG - Exporting config...
