2023-07-09 17:51:37,930 - root - DEBUG - Opening watch face 'E:\Codez\zepp-gts2mini-wf\895d4792013a18fa9c50a4ec2d5c1f82.bin'
2023-07-09 17:51:37,942 - root - DEBUG - Reading parameters...
2023-07-09 17:51:37,942 - root - INFO - Reading header...
2023-07-09 17:51:37,944 - root - INFO - Header was read:
2023-07-09 17:51:37,944 - root - INFO - Signature: b'UIHH\x01\x00\xff', Unknown: 110, ParametersSize: 41, isValid: True, deviceId: 73
2023-07-09 17:51:37,944 - root - INFO - Reading parameter offsets...
2023-07-09 17:51:37,944 - root - INFO - Parameter offsets were read from file
2023-07-09 17:51:37,944 - root - INFO - Reading parameters descriptor...
2023-07-09 17:51:37,945 - root - INFO - 1 ( A): 5 bytes
2023-07-09 17:51:37,945 - root - INFO -     1 ( 8): 272 110
2023-07-09 17:51:37,945 - root - INFO -     2 (10): 74 4A
2023-07-09 17:51:37,945 - root - INFO - getParameters descriptor was read:
2023-07-09 17:51:37,945 - root - INFO - ParametersTableLength: 272, ImagesCount: 74
2023-07-09 17:51:37,945 - root - INFO - Reading parameters locations...
2023-07-09 17:51:37,945 - root - INFO - 2 (12): 4 bytes
2023-07-09 17:51:37,946 - root - INFO -     1 ( 8): 0  0
2023-07-09 17:51:37,946 - root - INFO -     2 (10): 24 18
2023-07-09 17:51:37,946 - root - INFO - 4 (22): 5 bytes
2023-07-09 17:51:37,946 - root - INFO -     1 ( 8): 134 86
2023-07-09 17:51:37,946 - root - INFO -     2 (10): 55 37
2023-07-09 17:51:37,946 - root - INFO - 5 (2A): 4 bytes
2023-07-09 17:51:37,946 - root - INFO -     1 ( 8): 24 18
2023-07-09 17:51:37,947 - root - INFO -     2 (10): 110 6E
2023-07-09 17:51:37,947 - root - INFO - 9 (4A): 5 bytes
2023-07-09 17:51:37,947 - root - INFO -     1 ( 8): 189 BD
2023-07-09 17:51:37,947 - root - INFO -     2 (10): 24 18
2023-07-09 17:51:37,947 - root - INFO - 21 (AA): 5 bytes
2023-07-09 17:51:37,947 - root - INFO -     1 ( 8): 213 D5
2023-07-09 17:51:37,947 - root - INFO -     2 (10): 59 3B
2023-07-09 17:51:37,947 - root - INFO - Watch face parameters locations were read:
2023-07-09 17:51:37,948 - root - INFO - Reading descriptor for parameter 2
2023-07-09 17:51:37,948 - root - INFO - Descriptor offset: 0, Descriptor length: 24
2023-07-09 17:51:37,948 - root - INFO - Parsing descriptor for parameter 2...
2023-07-09 17:51:37,948 - root - INFO - 1 ( A): 6 bytes
2023-07-09 17:51:37,949 - root - INFO -     1 ( 8): 0  0
2023-07-09 17:51:37,949 - root - INFO -     2 (10): 0  0
2023-07-09 17:51:37,949 - root - INFO -     3 (18): 0  0
2023-07-09 17:51:37,949 - root - INFO - 3 (1A): 6 bytes
2023-07-09 17:51:37,949 - root - INFO -     1 ( 8): 0  0
2023-07-09 17:51:37,949 - root - INFO -     2 (10): 0  0
2023-07-09 17:51:37,949 - root - INFO -     3 (18): 1  1
2023-07-09 17:51:37,950 - root - INFO - 5 (2A): 6 bytes
2023-07-09 17:51:37,950 - root - INFO -     1 ( 8): 0  0
2023-07-09 17:51:37,950 - root - INFO -     2 (10): 0  0
2023-07-09 17:51:37,950 - root - INFO -     3 (18): 2  2
2023-07-09 17:51:37,950 - root - INFO - Reading descriptor for parameter 4
2023-07-09 17:51:37,951 - root - INFO - Descriptor offset: 134, Descriptor length: 55
2023-07-09 17:51:37,951 - root - INFO - Parsing descriptor for parameter 4...
2023-07-09 17:51:37,951 - root - INFO - 1 ( A): 23 bytes
2023-07-09 17:51:37,951 - root - INFO -     1 ( A): 21 bytes
2023-07-09 17:51:37,951 - root - INFO -         1 ( 8): 101 65
2023-07-09 17:51:37,951 - root - INFO -         2 (10): 281 119
2023-07-09 17:51:37,951 - root - INFO -         3 (18): 211 D3
2023-07-09 17:51:37,951 - root - INFO -         4 (20): 309 135
2023-07-09 17:51:37,952 - root - INFO -         5 (28): 66 42
2023-07-09 17:51:37,952 - root - INFO -         6 (30): 0  0
2023-07-09 17:51:37,952 - root - INFO -         7 (38): 0  0
2023-07-09 17:51:37,952 - root - INFO -         8 (40): 32 20
2023-07-09 17:51:37,952 - root - INFO -         9 (48): 10  A
2023-07-09 17:51:37,952 - root - INFO - 4 (22): 26 bytes
2023-07-09 17:51:37,952 - root - INFO -     1 ( A): 22 bytes
2023-07-09 17:51:37,953 - root - INFO -         1 ( 8): 132 84
2023-07-09 17:51:37,953 - root - INFO -         2 (10): 200 C8
2023-07-09 17:51:37,953 - root - INFO -         3 (18): 171 AB
2023-07-09 17:51:37,953 - root - INFO -         4 (20): 216 D8
2023-07-09 17:51:37,953 - root - INFO -         5 (28): 72 48
2023-07-09 17:51:37,953 - root - INFO -         6 (30): 0  0
2023-07-09 17:51:37,953 - root - INFO -         7 (38): 0  0
2023-07-09 17:51:37,954 - root - INFO -         8 (40): 42 2A
2023-07-09 17:51:37,954 - root - INFO -         9 (48): 10  A
2023-07-09 17:51:37,954 - root - INFO -     3 (18): 52 34
2023-07-09 17:51:37,954 - root - INFO - 7 (38): 0  0
2023-07-09 17:51:37,954 - root - INFO - Reading descriptor for parameter 5
2023-07-09 17:51:37,955 - root - INFO - Descriptor offset: 24, Descriptor length: 110
2023-07-09 17:51:37,955 - root - INFO - Parsing descriptor for parameter 5...
2023-07-09 17:51:37,955 - root - INFO - 1 ( A): 58 bytes
2023-07-09 17:51:37,955 - root - INFO -     9 (4A): 50 bytes
2023-07-09 17:51:37,955 - root - INFO -         2 (12): 20 bytes
2023-07-09 17:51:37,955 - root - INFO -             1 ( 8): 11  B
2023-07-09 17:51:37,955 - root - INFO -             2 (10): 227 E3
2023-07-09 17:51:37,955 - root - INFO -             3 (18): 55 37
2023-07-09 17:51:37,956 - root - INFO -             4 (20): 254 FE
2023-07-09 17:51:37,956 - root - INFO -             5 (28): 18 12
2023-07-09 17:51:37,956 - root - INFO -             6 (30): 0  0
2023-07-09 17:51:37,956 - root - INFO -             7 (38): 0  0
2023-07-09 17:51:37,956 - root - INFO -             8 (40): 3  3
2023-07-09 17:51:37,956 - root - INFO -             9 (48): 10  A
2023-07-09 17:51:37,956 - root - INFO -         3 (1A): 20 bytes
2023-07-09 17:51:37,957 - root - INFO -             1 ( 8): 63 3F
2023-07-09 17:51:37,957 - root - INFO -             2 (10): 227 E3
2023-07-09 17:51:37,957 - root - INFO -             3 (18): 107 6B
2023-07-09 17:51:37,957 - root - INFO -             4 (20): 254 FE
2023-07-09 17:51:37,957 - root - INFO -             5 (28): 66 42
2023-07-09 17:51:37,957 - root - INFO -             6 (30): 0  0
2023-07-09 17:51:37,957 - root - INFO -             7 (38): 0  0
2023-07-09 17:51:37,958 - root - INFO -             8 (40): 3  3
2023-07-09 17:51:37,958 - root - INFO -             9 (48): 10  A
2023-07-09 17:51:37,958 - root - INFO -         4 (20): 0  0
2023-07-09 17:51:37,958 - root - INFO -         5 (28): 0  0
2023-07-09 17:51:37,958 - root - INFO -         12 (60): 13  D
2023-07-09 17:51:37,959 - root - INFO -     4 (20): 1  1
2023-07-09 17:51:37,959 - root - INFO -     5 (28): 1  1
2023-07-09 17:51:37,959 - root - INFO -     6 (30): 0  0
2023-07-09 17:51:37,959 - root - INFO - 2 (12): 26 bytes
2023-07-09 17:51:37,959 - root - INFO -     1 ( 8): 0  0
2023-07-09 17:51:37,959 - root - INFO -     2 (10): 0  0
2023-07-09 17:51:37,960 - root - INFO -     3 (18): 28 1C
2023-07-09 17:51:37,960 - root - INFO -     4 (20): 30 1E
2023-07-09 17:51:37,960 - root - INFO -     5 (28): 29 1D
2023-07-09 17:51:37,960 - root - INFO -     6 (30): 31 1F
2023-07-09 17:51:37,961 - root - INFO -     8 (42): 5 bytes
2023-07-09 17:51:37,961 - root - INFO -         1 ( 8): 181 B5
2023-07-09 17:51:37,961 - root - INFO -         2 (10): 48 30
2023-07-09 17:51:37,961 - root - INFO -     9 (4A): 5 bytes
2023-07-09 17:51:37,961 - root - INFO -         1 ( 8): 181 B5
2023-07-09 17:51:37,961 - root - INFO -         2 (10): 48 30
2023-07-09 17:51:37,961 - root - INFO - 4 (22): 9 bytes
2023-07-09 17:51:37,961 - root - INFO -     1 ( 8): 13  D
2023-07-09 17:51:37,962 - root - INFO -     2 (10): 202 CA
2023-07-09 17:51:37,962 - root - INFO -     3 (18): 14  E
2023-07-09 17:51:37,962 - root - INFO -     4 (20): 7  7
2023-07-09 17:51:37,962 - root - INFO - 6 (32): 9 bytes
2023-07-09 17:51:37,962 - root - INFO -     1 ( 8): 13  D
2023-07-09 17:51:37,962 - root - INFO -     2 (10): 202 CA
2023-07-09 17:51:37,962 - root - INFO -     3 (18): 21 15
2023-07-09 17:51:37,963 - root - INFO -     4 (20): 7  7
2023-07-09 17:51:37,963 - root - INFO - Reading descriptor for parameter 9
2023-07-09 17:51:37,963 - root - INFO - Descriptor offset: 189, Descriptor length: 24
2023-07-09 17:51:37,963 - root - INFO - Parsing descriptor for parameter 9...
2023-07-09 17:51:37,964 - root - INFO - 1 ( A): 22 bytes
2023-07-09 17:51:37,964 - root - INFO -     1 ( A): 18 bytes
2023-07-09 17:51:37,964 - root - INFO -         1 ( 8): 79 4F
2023-07-09 17:51:37,964 - root - INFO -         2 (10): 35 23
2023-07-09 17:51:37,964 - root - INFO -         3 (18): 127 7F
2023-07-09 17:51:37,964 - root - INFO -         4 (20): 51 33
2023-07-09 17:51:37,964 - root - INFO -         5 (28): 18 12
2023-07-09 17:51:37,965 - root - INFO -         6 (30): 0  0
2023-07-09 17:51:37,965 - root - INFO -         7 (38): 0  0
2023-07-09 17:51:37,965 - root - INFO -         8 (40): 53 35
2023-07-09 17:51:37,965 - root - INFO -         9 (48): 10  A
2023-07-09 17:51:37,965 - root - INFO -     4 (20): 63 3F
2023-07-09 17:51:37,966 - root - INFO - Reading descriptor for parameter 21
2023-07-09 17:51:37,966 - root - INFO - Descriptor offset: 213, Descriptor length: 59
2023-07-09 17:51:37,966 - root - INFO - Parsing descriptor for parameter 21...
2023-07-09 17:51:37,966 - root - INFO - 1 ( A): 19 bytes
2023-07-09 17:51:37,966 - root - INFO -     1 ( 8): 12  C
2023-07-09 17:51:37,966 - root - INFO -     2 (10): 75 4B
2023-07-09 17:51:37,966 - root - INFO -     3 (18): 100 64
2023-07-09 17:51:37,966 - root - INFO -     4 (20): 131 83
2023-07-09 17:51:37,967 - root - INFO -     5 (28): 18 12
2023-07-09 17:51:37,967 - root - INFO -     6 (30): 2  2
2023-07-09 17:51:37,967 - root - INFO -     7 (38): 0  0
2023-07-09 17:51:37,967 - root - INFO -     8 (40): 64 40
2023-07-09 17:51:37,967 - root - INFO -     9 (48): 10  A
2023-07-09 17:51:37,967 - root - INFO - 3 (18): 1  1
2023-07-09 17:51:37,967 - root - INFO - 6 (30): 0  0
2023-07-09 17:51:37,968 - root - INFO - 8 (42): 32 bytes
2023-07-09 17:51:37,968 - root - INFO -     1 ( 8): 1  1
2023-07-09 17:51:37,968 - root - INFO -     2 (12): 20 bytes
2023-07-09 17:51:37,968 - root - INFO -         1 ( 8): 125 7D
2023-07-09 17:51:37,968 - root - INFO -         2 (10): 75 4B
2023-07-09 17:51:37,968 - root - INFO -         3 (18): 213 D5
2023-07-09 17:51:37,968 - root - INFO -         4 (20): 131 83
2023-07-09 17:51:37,968 - root - INFO -         5 (28): 18 12
2023-07-09 17:51:37,969 - root - INFO -         6 (30): 2  2
2023-07-09 17:51:37,969 - root - INFO -         7 (38): 0  0
2023-07-09 17:51:37,969 - root - INFO -         8 (40): 64 40
2023-07-09 17:51:37,969 - root - INFO -         9 (48): 10  A
2023-07-09 17:51:37,969 - root - INFO -     4 (20): 1  1
2023-07-09 17:51:37,969 - root - INFO -     5 (28): 1  1
2023-07-09 17:51:37,969 - root - INFO -     8 (40): 0  0
2023-07-09 17:51:37,970 - root - INFO -     9 (48): 0  0
2023-07-09 17:51:37,976 - root - INFO - Reading resources offsets table with 74 elements (296 bytes)
2023-07-09 17:51:37,976 - root - INFO - Resource 0 offset: 696, length: 212116...
2023-07-09 17:51:37,976 - root - DEBUG - Reading resource 0...
2023-07-09 17:51:38,032 - root - INFO - The image is bme.
2023-07-09 17:51:38,032 - root - INFO - Reading image header(readHeader16E)...
2023-07-09 17:51:38,032 - root - INFO - Image header was read:
2023-07-09 17:51:38,032 - root - INFO - Width: 306, Height: 354, RowLength: 612
2023-07-09 17:51:38,032 - root - INFO - datalength: 212100, _step: 2
2023-07-09 17:51:38,032 - root - INFO - BPP: 16, Transparency: False
2023-07-09 17:51:38,733 - root - INFO - Resource 1 offset: 212812, length: 100030...
2023-07-09 17:51:38,733 - root - DEBUG - Reading resource 1...
2023-07-09 17:51:38,734 - root - INFO - The image is bme.
2023-07-09 17:51:38,734 - root - INFO - Reading image header(readHeader16E)...
2023-07-09 17:51:38,734 - root - INFO - Image header was read:
2023-07-09 17:51:38,734 - root - INFO - Width: 210, Height: 242, RowLength: 420
2023-07-09 17:51:38,734 - root - INFO - datalength: 100014, _step: 2
2023-07-09 17:51:38,734 - root - INFO - BPP: 16, Transparency: False
2023-07-09 17:51:39,062 - root - INFO - Resource 2 offset: 312842, length: 100030...
2023-07-09 17:51:39,062 - root - DEBUG - Reading resource 2...
2023-07-09 17:51:39,062 - root - INFO - The image is bme.
2023-07-09 17:51:39,062 - root - INFO - Reading image header(readHeader16E)...
2023-07-09 17:51:39,062 - root - INFO - Image header was read:
2023-07-09 17:51:39,062 - root - INFO - Width: 210, Height: 242, RowLength: 420
2023-07-09 17:51:39,063 - root - INFO - datalength: 100014, _step: 2
2023-07-09 17:51:39,063 - root - INFO - BPP: 16, Transparency: False
2023-07-09 17:51:39,390 - root - INFO - Resource 3 offset: 412872, length: 1366...
2023-07-09 17:51:39,391 - root - DEBUG - Reading resource 3...
2023-07-09 17:51:39,391 - root - INFO - The image is bme.
2023-07-09 17:51:39,391 - root - INFO - Reading image header(readHeader16E)...
2023-07-09 17:51:39,391 - root - INFO - Image header was read:
2023-07-09 17:51:39,391 - root - INFO - Width: 22, Height: 27, RowLength: 44
2023-07-09 17:51:39,391 - root - INFO - datalength: 1350, _step: 2
2023-07-09 17:51:39,391 - root - INFO - BPP: 16, Transparency: False
2023-07-09 17:51:39,396 - root - INFO - Resource 4 offset: 414238, length: 1366...
2023-07-09 17:51:39,396 - root - DEBUG - Reading resource 4...
2023-07-09 17:51:39,396 - root - INFO - The image is bme.
2023-07-09 17:51:39,396 - root - INFO - Reading image header(readHeader16E)...
2023-07-09 17:51:39,396 - root - INFO - Image header was read:
2023-07-09 17:51:39,396 - root - INFO - Width: 22, Height: 27, RowLength: 44
2023-07-09 17:51:39,397 - root - INFO - datalength: 1350, _step: 2
2023-07-09 17:51:39,397 - root - INFO - BPP: 16, Transparency: False
2023-07-09 17:51:39,402 - root - INFO - Resource 5 offset: 415604, length: 1366...
2023-07-09 17:51:39,402 - root - DEBUG - Reading resource 5...
2023-07-09 17:51:39,402 - root - INFO - The image is bme.
2023-07-09 17:51:39,402 - root - INFO - Reading image header(readHeader16E)...
2023-07-09 17:51:39,402 - root - INFO - Image header was read:
2023-07-09 17:51:39,402 - root - INFO - Width: 22, Height: 27, RowLength: 44
2023-07-09 17:51:39,403 - root - INFO - datalength: 1350, _step: 2
2023-07-09 17:51:39,403 - root - INFO - BPP: 16, Transparency: False
2023-07-09 17:51:39,410 - root - INFO - Resource 6 offset: 416970, length: 1366...
2023-07-09 17:51:39,410 - root - DEBUG - Reading resource 6...
2023-07-09 17:51:39,410 - root - INFO - The image is bme.
2023-07-09 17:51:39,410 - root - INFO - Reading image header(readHeader16E)...
2023-07-09 17:51:39,410 - root - INFO - Image header was read:
2023-07-09 17:51:39,410 - root - INFO - Width: 22, Height: 27, RowLength: 44
2023-07-09 17:51:39,410 - root - INFO - datalength: 1350, _step: 2
2023-07-09 17:51:39,411 - root - INFO - BPP: 16, Transparency: False
2023-07-09 17:51:39,416 - root - INFO - Resource 7 offset: 418336, length: 1366...
2023-07-09 17:51:39,416 - root - DEBUG - Reading resource 7...
2023-07-09 17:51:39,416 - root - INFO - The image is bme.
2023-07-09 17:51:39,416 - root - INFO - Reading image header(readHeader16E)...
2023-07-09 17:51:39,416 - root - INFO - Image header was read:
2023-07-09 17:51:39,417 - root - INFO - Width: 22, Height: 27, RowLength: 44
2023-07-09 17:51:39,417 - root - INFO - datalength: 1350, _step: 2
2023-07-09 17:51:39,417 - root - INFO - BPP: 16, Transparency: False
2023-07-09 17:51:39,422 - root - INFO - Resource 8 offset: 419702, length: 1366...
2023-07-09 17:51:39,422 - root - DEBUG - Reading resource 8...
2023-07-09 17:51:39,423 - root - INFO - The image is bme.
2023-07-09 17:51:39,423 - root - INFO - Reading image header(readHeader16E)...
2023-07-09 17:51:39,423 - root - INFO - Image header was read:
2023-07-09 17:51:39,423 - root - INFO - Width: 22, Height: 27, RowLength: 44
2023-07-09 17:51:39,423 - root - INFO - datalength: 1350, _step: 2
2023-07-09 17:51:39,424 - root - INFO - BPP: 16, Transparency: False
2023-07-09 17:51:39,431 - root - INFO - Resource 9 offset: 421068, length: 1366...
2023-07-09 17:51:39,431 - root - DEBUG - Reading resource 9...
2023-07-09 17:51:39,431 - root - INFO - The image is bme.
2023-07-09 17:51:39,432 - root - INFO - Reading image header(readHeader16E)...
2023-07-09 17:51:39,432 - root - INFO - Image header was read:
2023-07-09 17:51:39,432 - root - INFO - Width: 22, Height: 27, RowLength: 44
2023-07-09 17:51:39,432 - root - INFO - datalength: 1350, _step: 2
2023-07-09 17:51:39,432 - root - INFO - BPP: 16, Transparency: False
2023-07-09 17:51:39,437 - root - INFO - Resource 10 offset: 422434, length: 1366...
2023-07-09 17:51:39,437 - root - DEBUG - Reading resource 10...
2023-07-09 17:51:39,437 - root - INFO - The image is bme.
2023-07-09 17:51:39,438 - root - INFO - Reading image header(readHeader16E)...
2023-07-09 17:51:39,438 - root - INFO - Image header was read:
2023-07-09 17:51:39,438 - root - INFO - Width: 22, Height: 27, RowLength: 44
2023-07-09 17:51:39,438 - root - INFO - datalength: 1350, _step: 2
2023-07-09 17:51:39,438 - root - INFO - BPP: 16, Transparency: False
2023-07-09 17:51:39,445 - root - INFO - Resource 11 offset: 423800, length: 1366...
2023-07-09 17:51:39,445 - root - DEBUG - Reading resource 11...
2023-07-09 17:51:39,446 - root - INFO - The image is bme.
2023-07-09 17:51:39,446 - root - INFO - Reading image header(readHeader16E)...
2023-07-09 17:51:39,446 - root - INFO - Image header was read:
2023-07-09 17:51:39,446 - root - INFO - Width: 22, Height: 27, RowLength: 44
2023-07-09 17:51:39,446 - root - INFO - datalength: 1350, _step: 2
2023-07-09 17:51:39,446 - root - INFO - BPP: 16, Transparency: False
2023-07-09 17:51:39,451 - root - INFO - Resource 12 offset: 425166, length: 1366...
2023-07-09 17:51:39,452 - root - DEBUG - Reading resource 12...
2023-07-09 17:51:39,452 - root - INFO - The image is bme.
2023-07-09 17:51:39,452 - root - INFO - Reading image header(readHeader16E)...
2023-07-09 17:51:39,452 - root - INFO - Image header was read:
2023-07-09 17:51:39,452 - root - INFO - Width: 22, Height: 27, RowLength: 44
2023-07-09 17:51:39,452 - root - INFO - datalength: 1350, _step: 2
2023-07-09 17:51:39,452 - root - INFO - BPP: 16, Transparency: False
2023-07-09 17:51:39,457 - root - INFO - Resource 13 offset: 426532, length: 72...
2023-07-09 17:51:39,458 - root - DEBUG - Reading resource 13...
2023-07-09 17:51:39,458 - root - INFO - The image is bme.
2023-07-09 17:51:39,458 - root - INFO - Reading image header(readHeader16E)...
2023-07-09 17:51:39,458 - root - INFO - Image header was read:
2023-07-09 17:51:39,460 - root - INFO - Width: 8, Height: 27, RowLength: 16
2023-07-09 17:51:39,460 - root - INFO - datalength: 56, _step: 2
2023-07-09 17:51:39,460 - root - INFO - BPP: 16, Transparency: False
2023-07-09 17:51:39,462 - root - INFO - Resource 14 offset: 426604, length: 1802...
2023-07-09 17:51:39,462 - root - DEBUG - Reading resource 14...
2023-07-09 17:51:39,462 - root - INFO - The image is bme.
2023-07-09 17:51:39,462 - root - INFO - Reading image header(readHeader16E)...
2023-07-09 17:51:39,463 - root - INFO - Image header was read:
2023-07-09 17:51:39,463 - root - INFO - Width: 44, Height: 19, RowLength: 88
2023-07-09 17:51:39,463 - root - INFO - datalength: 1786, _step: 2
2023-07-09 17:51:39,463 - root - INFO - BPP: 16, Transparency: False
2023-07-09 17:51:39,470 - root - INFO - Resource 15 offset: 428406, length: 1802...
2023-07-09 17:51:39,470 - root - DEBUG - Reading resource 15...
2023-07-09 17:51:39,470 - root - INFO - The image is bme.
2023-07-09 17:51:39,470 - root - INFO - Reading image header(readHeader16E)...
2023-07-09 17:51:39,471 - root - INFO - Image header was read:
2023-07-09 17:51:39,471 - root - INFO - Width: 44, Height: 19, RowLength: 88
2023-07-09 17:51:39,471 - root - INFO - datalength: 1786, _step: 2
2023-07-09 17:51:39,471 - root - INFO - BPP: 16, Transparency: False
2023-07-09 17:51:39,478 - root - INFO - Resource 16 offset: 430208, length: 1802...
2023-07-09 17:51:39,479 - root - DEBUG - Reading resource 16...
2023-07-09 17:51:39,479 - root - INFO - The image is bme.
2023-07-09 17:51:39,480 - root - INFO - Reading image header(readHeader16E)...
2023-07-09 17:51:39,481 - root - INFO - Image header was read:
2023-07-09 17:51:39,481 - root - INFO - Width: 44, Height: 19, RowLength: 88
2023-07-09 17:51:39,481 - root - INFO - datalength: 1786, _step: 2
2023-07-09 17:51:39,481 - root - INFO - BPP: 16, Transparency: False
2023-07-09 17:51:39,488 - root - INFO - Resource 17 offset: 432010, length: 1802...
2023-07-09 17:51:39,488 - root - DEBUG - Reading resource 17...
2023-07-09 17:51:39,488 - root - INFO - The image is bme.
2023-07-09 17:51:39,488 - root - INFO - Reading image header(readHeader16E)...
2023-07-09 17:51:39,489 - root - INFO - Image header was read:
2023-07-09 17:51:39,489 - root - INFO - Width: 44, Height: 19, RowLength: 88
2023-07-09 17:51:39,489 - root - INFO - datalength: 1786, _step: 2
2023-07-09 17:51:39,489 - root - INFO - BPP: 16, Transparency: False
2023-07-09 17:51:39,498 - root - INFO - Resource 18 offset: 433812, length: 1802...
2023-07-09 17:51:39,500 - root - DEBUG - Reading resource 18...
2023-07-09 17:51:39,500 - root - INFO - The image is bme.
2023-07-09 17:51:39,500 - root - INFO - Reading image header(readHeader16E)...
2023-07-09 17:51:39,500 - root - INFO - Image header was read:
2023-07-09 17:51:39,500 - root - INFO - Width: 44, Height: 19, RowLength: 88
2023-07-09 17:51:39,500 - root - INFO - datalength: 1786, _step: 2
2023-07-09 17:51:39,501 - root - INFO - BPP: 16, Transparency: False
2023-07-09 17:51:39,507 - root - INFO - Resource 19 offset: 435614, length: 1802...
2023-07-09 17:51:39,508 - root - DEBUG - Reading resource 19...
2023-07-09 17:51:39,508 - root - INFO - The image is bme.
2023-07-09 17:51:39,508 - root - INFO - Reading image header(readHeader16E)...
2023-07-09 17:51:39,508 - root - INFO - Image header was read:
2023-07-09 17:51:39,508 - root - INFO - Width: 44, Height: 19, RowLength: 88
2023-07-09 17:51:39,509 - root - INFO - datalength: 1786, _step: 2
2023-07-09 17:51:39,509 - root - INFO - BPP: 16, Transparency: False
2023-07-09 17:51:39,517 - root - INFO - Resource 20 offset: 437416, length: 1802...
2023-07-09 17:51:39,517 - root - DEBUG - Reading resource 20...
2023-07-09 17:51:39,517 - root - INFO - The image is bme.
2023-07-09 17:51:39,517 - root - INFO - Reading image header(readHeader16E)...
2023-07-09 17:51:39,518 - root - INFO - Image header was read:
2023-07-09 17:51:39,518 - root - INFO - Width: 44, Height: 19, RowLength: 88
2023-07-09 17:51:39,518 - root - INFO - datalength: 1786, _step: 2
2023-07-09 17:51:39,518 - root - INFO - BPP: 16, Transparency: False
2023-07-09 17:51:39,526 - root - INFO - Resource 21 offset: 439218, length: 2030...
2023-07-09 17:51:39,526 - root - DEBUG - Reading resource 21...
2023-07-09 17:51:39,526 - root - INFO - The image is bme.
2023-07-09 17:51:39,526 - root - INFO - Reading image header(readHeader16E)...
2023-07-09 17:51:39,527 - root - INFO - Image header was read:
2023-07-09 17:51:39,527 - root - INFO - Width: 50, Height: 19, RowLength: 100
2023-07-09 17:51:39,527 - root - INFO - datalength: 2014, _step: 2
2023-07-09 17:51:39,527 - root - INFO - BPP: 16, Transparency: False
2023-07-09 17:51:39,536 - root - INFO - Resource 22 offset: 441248, length: 2030...
2023-07-09 17:51:39,536 - root - DEBUG - Reading resource 22...
2023-07-09 17:51:39,536 - root - INFO - The image is bme.
2023-07-09 17:51:39,537 - root - INFO - Reading image header(readHeader16E)...
2023-07-09 17:51:39,537 - root - INFO - Image header was read:
2023-07-09 17:51:39,537 - root - INFO - Width: 50, Height: 19, RowLength: 100
2023-07-09 17:51:39,537 - root - INFO - datalength: 2014, _step: 2
2023-07-09 17:51:39,537 - root - INFO - BPP: 16, Transparency: False
2023-07-09 17:51:39,546 - root - INFO - Resource 23 offset: 443278, length: 2030...
2023-07-09 17:51:39,546 - root - DEBUG - Reading resource 23...
2023-07-09 17:51:39,546 - root - INFO - The image is bme.
2023-07-09 17:51:39,546 - root - INFO - Reading image header(readHeader16E)...
2023-07-09 17:51:39,546 - root - INFO - Image header was read:
2023-07-09 17:51:39,546 - root - INFO - Width: 50, Height: 19, RowLength: 100
2023-07-09 17:51:39,547 - root - INFO - datalength: 2014, _step: 2
2023-07-09 17:51:39,547 - root - INFO - BPP: 16, Transparency: False
2023-07-09 17:51:39,557 - root - INFO - Resource 24 offset: 445308, length: 2030...
2023-07-09 17:51:39,557 - root - DEBUG - Reading resource 24...
2023-07-09 17:51:39,557 - root - INFO - The image is bme.
2023-07-09 17:51:39,557 - root - INFO - Reading image header(readHeader16E)...
2023-07-09 17:51:39,557 - root - INFO - Image header was read:
2023-07-09 17:51:39,557 - root - INFO - Width: 50, Height: 19, RowLength: 100
2023-07-09 17:51:39,558 - root - INFO - datalength: 2014, _step: 2
2023-07-09 17:51:39,558 - root - INFO - BPP: 16, Transparency: False
2023-07-09 17:51:39,568 - root - INFO - Resource 25 offset: 447338, length: 2030...
2023-07-09 17:51:39,568 - root - DEBUG - Reading resource 25...
2023-07-09 17:51:39,568 - root - INFO - The image is bme.
2023-07-09 17:51:39,568 - root - INFO - Reading image header(readHeader16E)...
2023-07-09 17:51:39,568 - root - INFO - Image header was read:
2023-07-09 17:51:39,569 - root - INFO - Width: 50, Height: 19, RowLength: 100
2023-07-09 17:51:39,569 - root - INFO - datalength: 2014, _step: 2
2023-07-09 17:51:39,569 - root - INFO - BPP: 16, Transparency: False
2023-07-09 17:51:39,578 - root - INFO - Resource 26 offset: 449368, length: 2030...
2023-07-09 17:51:39,578 - root - DEBUG - Reading resource 26...
2023-07-09 17:51:39,578 - root - INFO - The image is bme.
2023-07-09 17:51:39,578 - root - INFO - Reading image header(readHeader16E)...
2023-07-09 17:51:39,578 - root - INFO - Image header was read:
2023-07-09 17:51:39,579 - root - INFO - Width: 50, Height: 19, RowLength: 100
2023-07-09 17:51:39,579 - root - INFO - datalength: 2014, _step: 2
2023-07-09 17:51:39,579 - root - INFO - BPP: 16, Transparency: False
2023-07-09 17:51:39,586 - root - INFO - Resource 27 offset: 451398, length: 2030...
2023-07-09 17:51:39,586 - root - DEBUG - Reading resource 27...
2023-07-09 17:51:39,586 - root - INFO - The image is bme.
2023-07-09 17:51:39,586 - root - INFO - Reading image header(readHeader16E)...
2023-07-09 17:51:39,587 - root - INFO - Image header was read:
2023-07-09 17:51:39,587 - root - INFO - Width: 50, Height: 19, RowLength: 100
2023-07-09 17:51:39,587 - root - INFO - datalength: 2014, _step: 2
2023-07-09 17:51:39,587 - root - INFO - BPP: 16, Transparency: False
2023-07-09 17:51:39,594 - root - INFO - Resource 28 offset: 453428, length: 1424...
2023-07-09 17:51:39,594 - root - DEBUG - Reading resource 28...
2023-07-09 17:51:39,594 - root - INFO - The image is bme.
2023-07-09 17:51:39,595 - root - INFO - Reading image header(readHeader16E)...
2023-07-09 17:51:39,595 - root - INFO - Image header was read:
2023-07-09 17:51:39,595 - root - INFO - Width: 29, Height: 22, RowLength: 58
2023-07-09 17:51:39,595 - root - INFO - datalength: 1408, _step: 2
2023-07-09 17:51:39,595 - root - INFO - BPP: 16, Transparency: False
2023-07-09 17:51:39,600 - root - INFO - Resource 29 offset: 454852, length: 1424...
2023-07-09 17:51:39,600 - root - DEBUG - Reading resource 29...
2023-07-09 17:51:39,600 - root - INFO - The image is bme.
2023-07-09 17:51:39,600 - root - INFO - Reading image header(readHeader16E)...
2023-07-09 17:51:39,600 - root - INFO - Image header was read:
2023-07-09 17:51:39,600 - root - INFO - Width: 29, Height: 22, RowLength: 58
2023-07-09 17:51:39,601 - root - INFO - datalength: 1408, _step: 2
2023-07-09 17:51:39,601 - root - INFO - BPP: 16, Transparency: False
2023-07-09 17:51:39,605 - root - INFO - Resource 30 offset: 456276, length: 1424...
2023-07-09 17:51:39,605 - root - DEBUG - Reading resource 30...
2023-07-09 17:51:39,605 - root - INFO - The image is bme.
2023-07-09 17:51:39,606 - root - INFO - Reading image header(readHeader16E)...
2023-07-09 17:51:39,606 - root - INFO - Image header was read:
2023-07-09 17:51:39,606 - root - INFO - Width: 29, Height: 22, RowLength: 58
2023-07-09 17:51:39,606 - root - INFO - datalength: 1408, _step: 2
2023-07-09 17:51:39,606 - root - INFO - BPP: 16, Transparency: False
2023-07-09 17:51:39,611 - root - INFO - Resource 31 offset: 457700, length: 1424...
2023-07-09 17:51:39,611 - root - DEBUG - Reading resource 31...
2023-07-09 17:51:39,611 - root - INFO - The image is bme.
2023-07-09 17:51:39,611 - root - INFO - Reading image header(readHeader16E)...
2023-07-09 17:51:39,611 - root - INFO - Image header was read:
2023-07-09 17:51:39,611 - root - INFO - Width: 29, Height: 22, RowLength: 58
2023-07-09 17:51:39,611 - root - INFO - datalength: 1408, _step: 2
2023-07-09 17:51:39,611 - root - INFO - BPP: 16, Transparency: False
2023-07-09 17:51:39,616 - root - INFO - Resource 32 offset: 459124, length: 1416...
2023-07-09 17:51:39,616 - root - DEBUG - Reading resource 32...
2023-07-09 17:51:39,616 - root - INFO - The image is bme.
2023-07-09 17:51:39,616 - root - INFO - Reading image header(readHeader16E)...
2023-07-09 17:51:39,616 - root - INFO - Image header was read:
2023-07-09 17:51:39,616 - root - INFO - Width: 22, Height: 28, RowLength: 44
2023-07-09 17:51:39,617 - root - INFO - datalength: 1400, _step: 2
2023-07-09 17:51:39,617 - root - INFO - BPP: 16, Transparency: False
2023-07-09 17:51:39,621 - root - INFO - Resource 33 offset: 460540, length: 1416...
2023-07-09 17:51:39,621 - root - DEBUG - Reading resource 33...
2023-07-09 17:51:39,621 - root - INFO - The image is bme.
2023-07-09 17:51:39,621 - root - INFO - Reading image header(readHeader16E)...
2023-07-09 17:51:39,621 - root - INFO - Image header was read:
2023-07-09 17:51:39,622 - root - INFO - Width: 22, Height: 28, RowLength: 44
2023-07-09 17:51:39,622 - root - INFO - datalength: 1400, _step: 2
2023-07-09 17:51:39,622 - root - INFO - BPP: 16, Transparency: False
2023-07-09 17:51:39,627 - root - INFO - Resource 34 offset: 461956, length: 1416...
2023-07-09 17:51:39,627 - root - DEBUG - Reading resource 34...
2023-07-09 17:51:39,627 - root - INFO - The image is bme.
2023-07-09 17:51:39,628 - root - INFO - Reading image header(readHeader16E)...
2023-07-09 17:51:39,628 - root - INFO - Image header was read:
2023-07-09 17:51:39,628 - root - INFO - Width: 22, Height: 28, RowLength: 44
2023-07-09 17:51:39,628 - root - INFO - datalength: 1400, _step: 2
2023-07-09 17:51:39,628 - root - INFO - BPP: 16, Transparency: False
2023-07-09 17:51:39,633 - root - INFO - Resource 35 offset: 463372, length: 1416...
2023-07-09 17:51:39,633 - root - DEBUG - Reading resource 35...
2023-07-09 17:51:39,633 - root - INFO - The image is bme.
2023-07-09 17:51:39,633 - root - INFO - Reading image header(readHeader16E)...
2023-07-09 17:51:39,633 - root - INFO - Image header was read:
2023-07-09 17:51:39,633 - root - INFO - Width: 22, Height: 28, RowLength: 44
2023-07-09 17:51:39,633 - root - INFO - datalength: 1400, _step: 2
2023-07-09 17:51:39,633 - root - INFO - BPP: 16, Transparency: False
2023-07-09 17:51:39,638 - root - INFO - Resource 36 offset: 464788, length: 1416...
2023-07-09 17:51:39,638 - root - DEBUG - Reading resource 36...
2023-07-09 17:51:39,638 - root - INFO - The image is bme.
2023-07-09 17:51:39,638 - root - INFO - Reading image header(readHeader16E)...
2023-07-09 17:51:39,638 - root - INFO - Image header was read:
2023-07-09 17:51:39,638 - root - INFO - Width: 22, Height: 28, RowLength: 44
2023-07-09 17:51:39,638 - root - INFO - datalength: 1400, _step: 2
2023-07-09 17:51:39,639 - root - INFO - BPP: 16, Transparency: False
2023-07-09 17:51:39,643 - root - INFO - Resource 37 offset: 466204, length: 1416...
2023-07-09 17:51:39,643 - root - DEBUG - Reading resource 37...
2023-07-09 17:51:39,643 - root - INFO - The image is bme.
2023-07-09 17:51:39,643 - root - INFO - Reading image header(readHeader16E)...
2023-07-09 17:51:39,644 - root - INFO - Image header was read:
2023-07-09 17:51:39,644 - root - INFO - Width: 22, Height: 28, RowLength: 44
2023-07-09 17:51:39,644 - root - INFO - datalength: 1400, _step: 2
2023-07-09 17:51:39,644 - root - INFO - BPP: 16, Transparency: False
2023-07-09 17:51:39,649 - root - INFO - Resource 38 offset: 467620, length: 1416...
2023-07-09 17:51:39,649 - root - DEBUG - Reading resource 38...
2023-07-09 17:51:39,649 - root - INFO - The image is bme.
2023-07-09 17:51:39,649 - root - INFO - Reading image header(readHeader16E)...
2023-07-09 17:51:39,649 - root - INFO - Image header was read:
2023-07-09 17:51:39,649 - root - INFO - Width: 22, Height: 28, RowLength: 44
2023-07-09 17:51:39,649 - root - INFO - datalength: 1400, _step: 2
2023-07-09 17:51:39,649 - root - INFO - BPP: 16, Transparency: False
2023-07-09 17:51:39,654 - root - INFO - Resource 39 offset: 469036, length: 1416...
2023-07-09 17:51:39,654 - root - DEBUG - Reading resource 39...
2023-07-09 17:51:39,654 - root - INFO - The image is bme.
2023-07-09 17:51:39,654 - root - INFO - Reading image header(readHeader16E)...
2023-07-09 17:51:39,654 - root - INFO - Image header was read:
2023-07-09 17:51:39,654 - root - INFO - Width: 22, Height: 28, RowLength: 44
2023-07-09 17:51:39,654 - root - INFO - datalength: 1400, _step: 2
2023-07-09 17:51:39,655 - root - INFO - BPP: 16, Transparency: False
2023-07-09 17:51:39,659 - root - INFO - Resource 40 offset: 470452, length: 1416...
2023-07-09 17:51:39,659 - root - DEBUG - Reading resource 40...
2023-07-09 17:51:39,660 - root - INFO - The image is bme.
2023-07-09 17:51:39,660 - root - INFO - Reading image header(readHeader16E)...
2023-07-09 17:51:39,660 - root - INFO - Image header was read:
2023-07-09 17:51:39,660 - root - INFO - Width: 22, Height: 28, RowLength: 44
2023-07-09 17:51:39,660 - root - INFO - datalength: 1400, _step: 2
2023-07-09 17:51:39,660 - root - INFO - BPP: 16, Transparency: False
2023-07-09 17:51:39,664 - root - INFO - Resource 41 offset: 471868, length: 1416...
2023-07-09 17:51:39,665 - root - DEBUG - Reading resource 41...
2023-07-09 17:51:39,665 - root - INFO - The image is bme.
2023-07-09 17:51:39,665 - root - INFO - Reading image header(readHeader16E)...
2023-07-09 17:51:39,665 - root - INFO - Image header was read:
2023-07-09 17:51:39,665 - root - INFO - Width: 22, Height: 28, RowLength: 44
2023-07-09 17:51:39,665 - root - INFO - datalength: 1400, _step: 2
2023-07-09 17:51:39,665 - root - INFO - BPP: 16, Transparency: False
2023-07-09 17:51:39,670 - root - INFO - Resource 42 offset: 473284, length: 464...
2023-07-09 17:51:39,670 - root - DEBUG - Reading resource 42...
2023-07-09 17:51:39,670 - root - INFO - The image is bme.
2023-07-09 17:51:39,670 - root - INFO - Reading image header(readHeader16E)...
2023-07-09 17:51:39,670 - root - INFO - Image header was read:
2023-07-09 17:51:39,670 - root - INFO - Width: 11, Height: 16, RowLength: 22
2023-07-09 17:51:39,670 - root - INFO - datalength: 448, _step: 2
2023-07-09 17:51:39,671 - root - INFO - BPP: 16, Transparency: False
2023-07-09 17:51:39,672 - root - INFO - Resource 43 offset: 473748, length: 464...
2023-07-09 17:51:39,672 - root - DEBUG - Reading resource 43...
2023-07-09 17:51:39,672 - root - INFO - The image is bme.
2023-07-09 17:51:39,672 - root - INFO - Reading image header(readHeader16E)...
2023-07-09 17:51:39,672 - root - INFO - Image header was read:
2023-07-09 17:51:39,673 - root - INFO - Width: 11, Height: 16, RowLength: 22
2023-07-09 17:51:39,673 - root - INFO - datalength: 448, _step: 2
2023-07-09 17:51:39,673 - root - INFO - BPP: 16, Transparency: False
2023-07-09 17:51:39,674 - root - INFO - Resource 44 offset: 474212, length: 464...
2023-07-09 17:51:39,674 - root - DEBUG - Reading resource 44...
2023-07-09 17:51:39,675 - root - INFO - The image is bme.
2023-07-09 17:51:39,675 - root - INFO - Reading image header(readHeader16E)...
2023-07-09 17:51:39,675 - root - INFO - Image header was read:
2023-07-09 17:51:39,675 - root - INFO - Width: 11, Height: 16, RowLength: 22
2023-07-09 17:51:39,675 - root - INFO - datalength: 448, _step: 2
2023-07-09 17:51:39,675 - root - INFO - BPP: 16, Transparency: False
2023-07-09 17:51:39,677 - root - INFO - Resource 45 offset: 474676, length: 464...
2023-07-09 17:51:39,677 - root - DEBUG - Reading resource 45...
2023-07-09 17:51:39,677 - root - INFO - The image is bme.
2023-07-09 17:51:39,677 - root - INFO - Reading image header(readHeader16E)...
2023-07-09 17:51:39,677 - root - INFO - Image header was read:
2023-07-09 17:51:39,677 - root - INFO - Width: 11, Height: 16, RowLength: 22
2023-07-09 17:51:39,677 - root - INFO - datalength: 448, _step: 2
2023-07-09 17:51:39,677 - root - INFO - BPP: 16, Transparency: False
2023-07-09 17:51:39,679 - root - INFO - Resource 46 offset: 475140, length: 464...
2023-07-09 17:51:39,679 - root - DEBUG - Reading resource 46...
2023-07-09 17:51:39,679 - root - INFO - The image is bme.
2023-07-09 17:51:39,679 - root - INFO - Reading image header(readHeader16E)...
2023-07-09 17:51:39,679 - root - INFO - Image header was read:
2023-07-09 17:51:39,679 - root - INFO - Width: 11, Height: 16, RowLength: 22
2023-07-09 17:51:39,679 - root - INFO - datalength: 448, _step: 2
2023-07-09 17:51:39,680 - root - INFO - BPP: 16, Transparency: False
2023-07-09 17:51:39,681 - root - INFO - Resource 47 offset: 475604, length: 464...
2023-07-09 17:51:39,681 - root - DEBUG - Reading resource 47...
2023-07-09 17:51:39,681 - root - INFO - The image is bme.
2023-07-09 17:51:39,681 - root - INFO - Reading image header(readHeader16E)...
2023-07-09 17:51:39,681 - root - INFO - Image header was read:
2023-07-09 17:51:39,681 - root - INFO - Width: 11, Height: 16, RowLength: 22
2023-07-09 17:51:39,681 - root - INFO - datalength: 448, _step: 2
2023-07-09 17:51:39,682 - root - INFO - BPP: 16, Transparency: False
2023-07-09 17:51:39,683 - root - INFO - Resource 48 offset: 476068, length: 464...
2023-07-09 17:51:39,683 - root - DEBUG - Reading resource 48...
2023-07-09 17:51:39,683 - root - INFO - The image is bme.
2023-07-09 17:51:39,683 - root - INFO - Reading image header(readHeader16E)...
2023-07-09 17:51:39,683 - root - INFO - Image header was read:
2023-07-09 17:51:39,684 - root - INFO - Width: 11, Height: 16, RowLength: 22
2023-07-09 17:51:39,684 - root - INFO - datalength: 448, _step: 2
2023-07-09 17:51:39,684 - root - INFO - BPP: 16, Transparency: False
2023-07-09 17:51:39,685 - root - INFO - Resource 49 offset: 476532, length: 464...
2023-07-09 17:51:39,685 - root - DEBUG - Reading resource 49...
2023-07-09 17:51:39,685 - root - INFO - The image is bme.
2023-07-09 17:51:39,685 - root - INFO - Reading image header(readHeader16E)...
2023-07-09 17:51:39,686 - root - INFO - Image header was read:
2023-07-09 17:51:39,686 - root - INFO - Width: 11, Height: 16, RowLength: 22
2023-07-09 17:51:39,686 - root - INFO - datalength: 448, _step: 2
2023-07-09 17:51:39,686 - root - INFO - BPP: 16, Transparency: False
2023-07-09 17:51:39,687 - root - INFO - Resource 50 offset: 476996, length: 464...
2023-07-09 17:51:39,687 - root - DEBUG - Reading resource 50...
2023-07-09 17:51:39,688 - root - INFO - The image is bme.
2023-07-09 17:51:39,688 - root - INFO - Reading image header(readHeader16E)...
2023-07-09 17:51:39,688 - root - INFO - Image header was read:
2023-07-09 17:51:39,688 - root - INFO - Width: 11, Height: 16, RowLength: 22
2023-07-09 17:51:39,688 - root - INFO - datalength: 448, _step: 2
2023-07-09 17:51:39,688 - root - INFO - BPP: 16, Transparency: False
2023-07-09 17:51:39,689 - root - INFO - Resource 51 offset: 477460, length: 464...
2023-07-09 17:51:39,690 - root - DEBUG - Reading resource 51...
2023-07-09 17:51:39,690 - root - INFO - The image is bme.
2023-07-09 17:51:39,690 - root - INFO - Reading image header(readHeader16E)...
2023-07-09 17:51:39,690 - root - INFO - Image header was read:
2023-07-09 17:51:39,690 - root - INFO - Width: 11, Height: 16, RowLength: 22
2023-07-09 17:51:39,690 - root - INFO - datalength: 448, _step: 2
2023-07-09 17:51:39,690 - root - INFO - BPP: 16, Transparency: False
2023-07-09 17:51:39,692 - root - INFO - Resource 52 offset: 477924, length: 944...
2023-07-09 17:51:39,692 - root - DEBUG - Reading resource 52...
2023-07-09 17:51:39,692 - root - INFO - The image is bme.
2023-07-09 17:51:39,692 - root - INFO - Reading image header(readHeader16E)...
2023-07-09 17:51:39,692 - root - INFO - Image header was read:
2023-07-09 17:51:39,692 - root - INFO - Width: 26, Height: 16, RowLength: 52
2023-07-09 17:51:39,693 - root - INFO - datalength: 928, _step: 2
2023-07-09 17:51:39,693 - root - INFO - BPP: 16, Transparency: False
2023-07-09 17:51:39,696 - root - INFO - Resource 53 offset: 478868, length: 496...
2023-07-09 17:51:39,696 - root - DEBUG - Reading resource 53...
2023-07-09 17:51:39,696 - root - INFO - The image is bme.
2023-07-09 17:51:39,696 - root - INFO - Reading image header(readHeader16E)...
2023-07-09 17:51:39,696 - root - INFO - Image header was read:
2023-07-09 17:51:39,696 - root - INFO - Width: 12, Height: 16, RowLength: 24
2023-07-09 17:51:39,696 - root - INFO - datalength: 480, _step: 2
2023-07-09 17:51:39,696 - root - INFO - BPP: 16, Transparency: False
2023-07-09 17:51:39,698 - root - INFO - Resource 54 offset: 479364, length: 496...
2023-07-09 17:51:39,698 - root - DEBUG - Reading resource 54...
2023-07-09 17:51:39,698 - root - INFO - The image is bme.
2023-07-09 17:51:39,698 - root - INFO - Reading image header(readHeader16E)...
2023-07-09 17:51:39,698 - root - INFO - Image header was read:
2023-07-09 17:51:39,698 - root - INFO - Width: 12, Height: 16, RowLength: 24
2023-07-09 17:51:39,698 - root - INFO - datalength: 480, _step: 2
2023-07-09 17:51:39,699 - root - INFO - BPP: 16, Transparency: False
2023-07-09 17:51:39,700 - root - INFO - Resource 55 offset: 479860, length: 496...
2023-07-09 17:51:39,700 - root - DEBUG - Reading resource 55...
2023-07-09 17:51:39,700 - root - INFO - The image is bme.
2023-07-09 17:51:39,700 - root - INFO - Reading image header(readHeader16E)...
2023-07-09 17:51:39,701 - root - INFO - Image header was read:
2023-07-09 17:51:39,701 - root - INFO - Width: 12, Height: 16, RowLength: 24
2023-07-09 17:51:39,701 - root - INFO - datalength: 480, _step: 2
2023-07-09 17:51:39,701 - root - INFO - BPP: 16, Transparency: False
2023-07-09 17:51:39,702 - root - INFO - Resource 56 offset: 480356, length: 496...
2023-07-09 17:51:39,702 - root - DEBUG - Reading resource 56...
2023-07-09 17:51:39,703 - root - INFO - The image is bme.
2023-07-09 17:51:39,703 - root - INFO - Reading image header(readHeader16E)...
2023-07-09 17:51:39,703 - root - INFO - Image header was read:
2023-07-09 17:51:39,703 - root - INFO - Width: 12, Height: 16, RowLength: 24
2023-07-09 17:51:39,703 - root - INFO - datalength: 480, _step: 2
2023-07-09 17:51:39,703 - root - INFO - BPP: 16, Transparency: False
2023-07-09 17:51:39,705 - root - INFO - Resource 57 offset: 480852, length: 496...
2023-07-09 17:51:39,705 - root - DEBUG - Reading resource 57...
2023-07-09 17:51:39,705 - root - INFO - The image is bme.
2023-07-09 17:51:39,705 - root - INFO - Reading image header(readHeader16E)...
2023-07-09 17:51:39,705 - root - INFO - Image header was read:
2023-07-09 17:51:39,705 - root - INFO - Width: 12, Height: 16, RowLength: 24
2023-07-09 17:51:39,705 - root - INFO - datalength: 480, _step: 2
2023-07-09 17:51:39,705 - root - INFO - BPP: 16, Transparency: False
2023-07-09 17:51:39,707 - root - INFO - Resource 58 offset: 481348, length: 496...
2023-07-09 17:51:39,707 - root - DEBUG - Reading resource 58...
2023-07-09 17:51:39,707 - root - INFO - The image is bme.
2023-07-09 17:51:39,707 - root - INFO - Reading image header(readHeader16E)...
2023-07-09 17:51:39,707 - root - INFO - Image header was read:
2023-07-09 17:51:39,708 - root - INFO - Width: 12, Height: 16, RowLength: 24
2023-07-09 17:51:39,708 - root - INFO - datalength: 480, _step: 2
2023-07-09 17:51:39,708 - root - INFO - BPP: 16, Transparency: False
2023-07-09 17:51:39,709 - root - INFO - Resource 59 offset: 481844, length: 496...
2023-07-09 17:51:39,710 - root - DEBUG - Reading resource 59...
2023-07-09 17:51:39,710 - root - INFO - The image is bme.
2023-07-09 17:51:39,710 - root - INFO - Reading image header(readHeader16E)...
2023-07-09 17:51:39,710 - root - INFO - Image header was read:
2023-07-09 17:51:39,710 - root - INFO - Width: 12, Height: 16, RowLength: 24
2023-07-09 17:51:39,710 - root - INFO - datalength: 480, _step: 2
2023-07-09 17:51:39,710 - root - INFO - BPP: 16, Transparency: False
2023-07-09 17:51:39,712 - root - INFO - Resource 60 offset: 482340, length: 496...
2023-07-09 17:51:39,712 - root - DEBUG - Reading resource 60...
2023-07-09 17:51:39,712 - root - INFO - The image is bme.
2023-07-09 17:51:39,712 - root - INFO - Reading image header(readHeader16E)...
2023-07-09 17:51:39,712 - root - INFO - Image header was read:
2023-07-09 17:51:39,712 - root - INFO - Width: 12, Height: 16, RowLength: 24
2023-07-09 17:51:39,713 - root - INFO - datalength: 480, _step: 2
2023-07-09 17:51:39,713 - root - INFO - BPP: 16, Transparency: False
2023-07-09 17:51:39,714 - root - INFO - Resource 61 offset: 482836, length: 496...
2023-07-09 17:51:39,714 - root - DEBUG - Reading resource 61...
2023-07-09 17:51:39,714 - root - INFO - The image is bme.
2023-07-09 17:51:39,715 - root - INFO - Reading image header(readHeader16E)...
2023-07-09 17:51:39,715 - root - INFO - Image header was read:
2023-07-09 17:51:39,715 - root - INFO - Width: 12, Height: 16, RowLength: 24
2023-07-09 17:51:39,715 - root - INFO - datalength: 480, _step: 2
2023-07-09 17:51:39,715 - root - INFO - BPP: 16, Transparency: False
2023-07-09 17:51:39,716 - root - INFO - Resource 62 offset: 483332, length: 496...
2023-07-09 17:51:39,717 - root - DEBUG - Reading resource 62...
2023-07-09 17:51:39,717 - root - INFO - The image is bme.
2023-07-09 17:51:39,717 - root - INFO - Reading image header(readHeader16E)...
2023-07-09 17:51:39,717 - root - INFO - Image header was read:
2023-07-09 17:51:39,717 - root - INFO - Width: 12, Height: 16, RowLength: 24
2023-07-09 17:51:39,717 - root - INFO - datalength: 480, _step: 2
2023-07-09 17:51:39,717 - root - INFO - BPP: 16, Transparency: False
2023-07-09 17:51:39,719 - root - INFO - Resource 63 offset: 483828, length: 496...
2023-07-09 17:51:39,719 - root - DEBUG - Reading resource 63...
2023-07-09 17:51:39,719 - root - INFO - The image is bme.
2023-07-09 17:51:39,719 - root - INFO - Reading image header(readHeader16E)...
2023-07-09 17:51:39,719 - root - INFO - Image header was read:
2023-07-09 17:51:39,719 - root - INFO - Width: 12, Height: 16, RowLength: 24
2023-07-09 17:51:39,719 - root - INFO - datalength: 480, _step: 2
2023-07-09 17:51:39,720 - root - INFO - BPP: 16, Transparency: False
2023-07-09 17:51:39,721 - root - INFO - Resource 64 offset: 484324, length: 5168...
2023-07-09 17:51:39,721 - root - DEBUG - Reading resource 64...
2023-07-09 17:51:39,721 - root - INFO - The image is bme.
2023-07-09 17:51:39,722 - root - INFO - Reading image header(readHeader16E)...
2023-07-09 17:51:39,722 - root - INFO - Image header was read:
2023-07-09 17:51:39,722 - root - INFO - Width: 43, Height: 56, RowLength: 86
2023-07-09 17:51:39,722 - root - INFO - datalength: 5152, _step: 2
2023-07-09 17:51:39,722 - root - INFO - BPP: 16, Transparency: False
2023-07-09 17:51:39,739 - root - INFO - Resource 65 offset: 489492, length: 5168...
2023-07-09 17:51:39,739 - root - DEBUG - Reading resource 65...
2023-07-09 17:51:39,740 - root - INFO - The image is bme.
2023-07-09 17:51:39,740 - root - INFO - Reading image header(readHeader16E)...
2023-07-09 17:51:39,740 - root - INFO - Image header was read:
2023-07-09 17:51:39,740 - root - INFO - Width: 43, Height: 56, RowLength: 86
2023-07-09 17:51:39,740 - root - INFO - datalength: 5152, _step: 2
2023-07-09 17:51:39,740 - root - INFO - BPP: 16, Transparency: False
2023-07-09 17:51:39,756 - root - INFO - Resource 66 offset: 494660, length: 5168...
2023-07-09 17:51:39,757 - root - DEBUG - Reading resource 66...
2023-07-09 17:51:39,757 - root - INFO - The image is bme.
2023-07-09 17:51:39,757 - root - INFO - Reading image header(readHeader16E)...
2023-07-09 17:51:39,757 - root - INFO - Image header was read:
2023-07-09 17:51:39,757 - root - INFO - Width: 43, Height: 56, RowLength: 86
2023-07-09 17:51:39,757 - root - INFO - datalength: 5152, _step: 2
2023-07-09 17:51:39,757 - root - INFO - BPP: 16, Transparency: False
2023-07-09 17:51:39,774 - root - INFO - Resource 67 offset: 499828, length: 5168...
2023-07-09 17:51:39,774 - root - DEBUG - Reading resource 67...
2023-07-09 17:51:39,774 - root - INFO - The image is bme.
2023-07-09 17:51:39,775 - root - INFO - Reading image header(readHeader16E)...
2023-07-09 17:51:39,775 - root - INFO - Image header was read:
2023-07-09 17:51:39,775 - root - INFO - Width: 43, Height: 56, RowLength: 86
2023-07-09 17:51:39,775 - root - INFO - datalength: 5152, _step: 2
2023-07-09 17:51:39,775 - root - INFO - BPP: 16, Transparency: False
2023-07-09 17:51:39,800 - root - INFO - Resource 68 offset: 504996, length: 5168...
2023-07-09 17:51:39,800 - root - DEBUG - Reading resource 68...
2023-07-09 17:51:39,800 - root - INFO - The image is bme.
2023-07-09 17:51:39,800 - root - INFO - Reading image header(readHeader16E)...
2023-07-09 17:51:39,800 - root - INFO - Image header was read:
2023-07-09 17:51:39,800 - root - INFO - Width: 43, Height: 56, RowLength: 86
2023-07-09 17:51:39,800 - root - INFO - datalength: 5152, _step: 2
2023-07-09 17:51:39,801 - root - INFO - BPP: 16, Transparency: False
2023-07-09 17:51:39,820 - root - INFO - Resource 69 offset: 510164, length: 5168...
2023-07-09 17:51:39,821 - root - DEBUG - Reading resource 69...
2023-07-09 17:51:39,821 - root - INFO - The image is bme.
2023-07-09 17:51:39,821 - root - INFO - Reading image header(readHeader16E)...
2023-07-09 17:51:39,821 - root - INFO - Image header was read:
2023-07-09 17:51:39,821 - root - INFO - Width: 43, Height: 56, RowLength: 86
2023-07-09 17:51:39,821 - root - INFO - datalength: 5152, _step: 2
2023-07-09 17:51:39,821 - root - INFO - BPP: 16, Transparency: False
2023-07-09 17:51:39,841 - root - INFO - Resource 70 offset: 515332, length: 5168...
2023-07-09 17:51:39,841 - root - DEBUG - Reading resource 70...
2023-07-09 17:51:39,842 - root - INFO - The image is bme.
2023-07-09 17:51:39,842 - root - INFO - Reading image header(readHeader16E)...
2023-07-09 17:51:39,843 - root - INFO - Image header was read:
2023-07-09 17:51:39,843 - root - INFO - Width: 43, Height: 56, RowLength: 86
2023-07-09 17:51:39,843 - root - INFO - datalength: 5152, _step: 2
2023-07-09 17:51:39,843 - root - INFO - BPP: 16, Transparency: False
2023-07-09 17:51:39,864 - root - INFO - Resource 71 offset: 520500, length: 5168...
2023-07-09 17:51:39,864 - root - DEBUG - Reading resource 71...
2023-07-09 17:51:39,864 - root - INFO - The image is bme.
2023-07-09 17:51:39,865 - root - INFO - Reading image header(readHeader16E)...
2023-07-09 17:51:39,865 - root - INFO - Image header was read:
2023-07-09 17:51:39,865 - root - INFO - Width: 43, Height: 56, RowLength: 86
2023-07-09 17:51:39,865 - root - INFO - datalength: 5152, _step: 2
2023-07-09 17:51:39,865 - root - INFO - BPP: 16, Transparency: False
2023-07-09 17:51:39,886 - root - INFO - Resource 72 offset: 525668, length: 5168...
2023-07-09 17:51:39,886 - root - DEBUG - Reading resource 72...
2023-07-09 17:51:39,886 - root - INFO - The image is bme.
2023-07-09 17:51:39,886 - root - INFO - Reading image header(readHeader16E)...
2023-07-09 17:51:39,887 - root - INFO - Image header was read:
2023-07-09 17:51:39,887 - root - INFO - Width: 43, Height: 56, RowLength: 86
2023-07-09 17:51:39,887 - root - INFO - datalength: 5152, _step: 2
2023-07-09 17:51:39,887 - root - INFO - BPP: 16, Transparency: False
2023-07-09 17:51:39,905 - root - INFO - Resource 73 offset: 530836, length: 5168...
2023-07-09 17:51:39,905 - root - DEBUG - Reading resource 73...
2023-07-09 17:51:39,906 - root - INFO - The image is bme.
2023-07-09 17:51:39,906 - root - INFO - Reading image header(readHeader16E)...
2023-07-09 17:51:39,906 - root - INFO - Image header was read:
2023-07-09 17:51:39,906 - root - INFO - Width: 43, Height: 56, RowLength: 86
2023-07-09 17:51:39,906 - root - INFO - datalength: 5152, _step: 2
2023-07-09 17:51:39,906 - root - INFO - BPP: 16, Transparency: False
2023-07-09 17:51:39,924 - root - DEBUG - Parsing parameters...
2023-07-09 17:51:40,061 - root - DEBUG - 0 Value: None
2023-07-09 17:51:40,061 - root - DEBUG - 0.1 Value: 73
2023-07-09 17:51:40,062 - root - DEBUG - 2 Value: None
2023-07-09 17:51:40,062 - root - DEBUG - 2.1 Value: None
2023-07-09 17:51:40,062 - root - DEBUG - 2.1.1 Value: 0
2023-07-09 17:51:40,062 - root - DEBUG - 2.1.2 Value: 0
2023-07-09 17:51:40,062 - root - DEBUG - 2.1.3 Value: 0
2023-07-09 17:51:40,062 - root - DEBUG - 2.3 Value: None
2023-07-09 17:51:40,063 - root - DEBUG - 2.3.1 Value: 0
2023-07-09 17:51:40,063 - root - DEBUG - 2.3.2 Value: 0
2023-07-09 17:51:40,063 - root - DEBUG - 2.3.3 Value: 1
2023-07-09 17:51:40,063 - root - DEBUG - 2.5 Value: None
2023-07-09 17:51:40,063 - root - DEBUG - 2.5.1 Value: 0
2023-07-09 17:51:40,063 - root - DEBUG - 2.5.2 Value: 0
2023-07-09 17:51:40,063 - root - DEBUG - 2.5.3 Value: 2
2023-07-09 17:51:40,064 - root - DEBUG - 4 Value: None
2023-07-09 17:51:40,064 - root - DEBUG - 4.1 Value: None
2023-07-09 17:51:40,064 - root - DEBUG - 4.1.1 Value: None
2023-07-09 17:51:40,064 - root - DEBUG - 4.1.1.1 Value: 101
2023-07-09 17:51:40,064 - root - DEBUG - 4.1.1.2 Value: 281
2023-07-09 17:51:40,064 - root - DEBUG - 4.1.1.3 Value: 211
2023-07-09 17:51:40,064 - root - DEBUG - 4.1.1.4 Value: 309
2023-07-09 17:51:40,065 - root - DEBUG - 4.1.1.5 Value: 66
2023-07-09 17:51:40,065 - root - DEBUG - 4.1.1.6 Value: 0
2023-07-09 17:51:40,065 - root - DEBUG - 4.1.1.7 Value: 0
2023-07-09 17:51:40,065 - root - DEBUG - 4.1.1.8 Value: 32
2023-07-09 17:51:40,065 - root - DEBUG - 4.1.1.9 Value: 10
2023-07-09 17:51:40,065 - root - DEBUG - 4.4 Value: None
2023-07-09 17:51:40,065 - root - DEBUG - 4.4.1 Value: None
2023-07-09 17:51:40,065 - root - DEBUG - 4.4.1.1 Value: 132
2023-07-09 17:51:40,066 - root - DEBUG - 4.4.1.2 Value: 200
2023-07-09 17:51:40,066 - root - DEBUG - 4.4.1.3 Value: 171
2023-07-09 17:51:40,066 - root - DEBUG - 4.4.1.4 Value: 216
2023-07-09 17:51:40,066 - root - DEBUG - 4.4.1.5 Value: 72
2023-07-09 17:51:40,066 - root - DEBUG - 4.4.1.6 Value: 0
2023-07-09 17:51:40,066 - root - DEBUG - 4.4.1.7 Value: 0
2023-07-09 17:51:40,066 - root - DEBUG - 4.4.1.8 Value: 42
2023-07-09 17:51:40,067 - root - DEBUG - 4.4.1.9 Value: 10
2023-07-09 17:51:40,067 - root - DEBUG - 4.4.3 Value: 52
2023-07-09 17:51:40,067 - root - DEBUG - 4.7 Value: 0
2023-07-09 17:51:40,067 - root - DEBUG - 5 Value: None
2023-07-09 17:51:40,067 - root - DEBUG - 5.1 Value: None
2023-07-09 17:51:40,067 - root - DEBUG - 5.1.9 Value: None
2023-07-09 17:51:40,067 - root - DEBUG - 5.1.9.2 Value: None
2023-07-09 17:51:40,068 - root - DEBUG - 5.1.9.2.1 Value: 11
2023-07-09 17:51:40,068 - root - DEBUG - 5.1.9.2.2 Value: 227
2023-07-09 17:51:40,068 - root - DEBUG - 5.1.9.2.3 Value: 55
2023-07-09 17:51:40,068 - root - DEBUG - 5.1.9.2.4 Value: 254
2023-07-09 17:51:40,068 - root - DEBUG - 5.1.9.2.5 Value: 18
2023-07-09 17:51:40,068 - root - DEBUG - 5.1.9.2.6 Value: 0
2023-07-09 17:51:40,068 - root - DEBUG - 5.1.9.2.7 Value: 0
2023-07-09 17:51:40,069 - root - DEBUG - 5.1.9.2.8 Value: 3
2023-07-09 17:51:40,069 - root - DEBUG - 5.1.9.2.9 Value: 10
2023-07-09 17:51:40,069 - root - DEBUG - 5.1.9.3 Value: None
2023-07-09 17:51:40,069 - root - DEBUG - 5.1.9.3.1 Value: 63
2023-07-09 17:51:40,069 - root - DEBUG - 5.1.9.3.2 Value: 227
2023-07-09 17:51:40,069 - root - DEBUG - 5.1.9.3.3 Value: 107
2023-07-09 17:51:40,069 - root - DEBUG - 5.1.9.3.4 Value: 254
2023-07-09 17:51:40,070 - root - DEBUG - 5.1.9.3.5 Value: 66
2023-07-09 17:51:40,070 - root - DEBUG - 5.1.9.3.6 Value: 0
2023-07-09 17:51:40,070 - root - DEBUG - 5.1.9.3.7 Value: 0
2023-07-09 17:51:40,070 - root - DEBUG - 5.1.9.3.8 Value: 3
2023-07-09 17:51:40,070 - root - DEBUG - 5.1.9.3.9 Value: 10
2023-07-09 17:51:40,070 - root - DEBUG - 5.1.9.4 Value: 0
2023-07-09 17:51:40,070 - root - DEBUG - 5.1.9.5 Value: 0
2023-07-09 17:51:40,070 - root - DEBUG - 5.1.9.12 Value: 13
2023-07-09 17:51:40,071 - root - DEBUG - 5.1.4 Value: 1
2023-07-09 17:51:40,071 - root - DEBUG - 5.1.5 Value: 1
2023-07-09 17:51:40,071 - root - DEBUG - 5.1.6 Value: 0
2023-07-09 17:51:40,071 - root - DEBUG - 5.2 Value: None
2023-07-09 17:51:40,071 - root - DEBUG - 5.2.1 Value: 0
2023-07-09 17:51:40,072 - root - DEBUG - 5.2.2 Value: 0
2023-07-09 17:51:40,072 - root - DEBUG - 5.2.3 Value: 28
2023-07-09 17:51:40,072 - root - DEBUG - 5.2.4 Value: 30
2023-07-09 17:51:40,072 - root - DEBUG - 5.2.5 Value: 29
2023-07-09 17:51:40,073 - root - DEBUG - 5.2.6 Value: 31
2023-07-09 17:51:40,073 - root - DEBUG - 5.2.8 Value: None
2023-07-09 17:51:40,073 - root - DEBUG - 5.2.8.1 Value: 181
2023-07-09 17:51:40,073 - root - DEBUG - 5.2.8.2 Value: 48
2023-07-09 17:51:40,073 - root - DEBUG - 5.2.9 Value: None
2023-07-09 17:51:40,073 - root - DEBUG - 5.2.9.1 Value: 181
2023-07-09 17:51:40,073 - root - DEBUG - 5.2.9.2 Value: 48
2023-07-09 17:51:40,073 - root - DEBUG - 5.4 Value: None
2023-07-09 17:51:40,074 - root - DEBUG - 5.4.1 Value: 13
2023-07-09 17:51:40,074 - root - DEBUG - 5.4.2 Value: 202
2023-07-09 17:51:40,074 - root - DEBUG - 5.4.3 Value: 14
2023-07-09 17:51:40,074 - root - DEBUG - 5.4.4 Value: 7
2023-07-09 17:51:40,074 - root - DEBUG - 5.6 Value: None
2023-07-09 17:51:40,074 - root - DEBUG - 5.6.1 Value: 13
2023-07-09 17:51:40,074 - root - DEBUG - 5.6.2 Value: 202
2023-07-09 17:51:40,075 - root - DEBUG - 5.6.3 Value: 21
2023-07-09 17:51:40,075 - root - DEBUG - 5.6.4 Value: 7
2023-07-09 17:51:40,075 - root - DEBUG - 9 Value: None
2023-07-09 17:51:40,076 - root - DEBUG - 9.1 Value: None
2023-07-09 17:51:40,076 - root - DEBUG - 9.1.1 Value: None
2023-07-09 17:51:40,076 - root - DEBUG - 9.1.1.1 Value: 79
2023-07-09 17:51:40,076 - root - DEBUG - 9.1.1.2 Value: 35
2023-07-09 17:51:40,076 - root - DEBUG - 9.1.1.3 Value: 127
2023-07-09 17:51:40,076 - root - DEBUG - 9.1.1.4 Value: 51
2023-07-09 17:51:40,076 - root - DEBUG - 9.1.1.5 Value: 18
2023-07-09 17:51:40,076 - root - DEBUG - 9.1.1.6 Value: 0
2023-07-09 17:51:40,077 - root - DEBUG - 9.1.1.7 Value: 0
2023-07-09 17:51:40,077 - root - DEBUG - 9.1.1.8 Value: 53
2023-07-09 17:51:40,077 - root - DEBUG - 9.1.1.9 Value: 10
2023-07-09 17:51:40,077 - root - DEBUG - 9.1.4 Value: 63
2023-07-09 17:51:40,077 - root - DEBUG - 21 Value: None
2023-07-09 17:51:40,077 - root - DEBUG - 21.1 Value: None
2023-07-09 17:51:40,077 - root - DEBUG - 21.1.1 Value: 12
2023-07-09 17:51:40,077 - root - DEBUG - 21.1.2 Value: 75
2023-07-09 17:51:40,078 - root - DEBUG - 21.1.3 Value: 100
2023-07-09 17:51:40,078 - root - DEBUG - 21.1.4 Value: 131
2023-07-09 17:51:40,078 - root - DEBUG - 21.1.5 Value: 18
2023-07-09 17:51:40,078 - root - DEBUG - 21.1.6 Value: 2
2023-07-09 17:51:40,078 - root - DEBUG - 21.1.7 Value: 0
2023-07-09 17:51:40,078 - root - DEBUG - 21.1.8 Value: 64
2023-07-09 17:51:40,078 - root - DEBUG - 21.1.9 Value: 10
2023-07-09 17:51:40,078 - root - DEBUG - 21.3 Value: 1
2023-07-09 17:51:40,079 - root - DEBUG - 21.6 Value: 0
2023-07-09 17:51:40,079 - root - DEBUG - 21.8 Value: None
2023-07-09 17:51:40,079 - root - DEBUG - 21.8.1 Value: 1
2023-07-09 17:51:40,079 - root - DEBUG - 21.8.2 Value: None
2023-07-09 17:51:40,079 - root - DEBUG - 21.8.2.1 Value: 125
2023-07-09 17:51:40,079 - root - DEBUG - 21.8.2.2 Value: 75
2023-07-09 17:51:40,079 - root - DEBUG - 21.8.2.3 Value: 213
2023-07-09 17:51:40,079 - root - DEBUG - 21.8.2.4 Value: 131
2023-07-09 17:51:40,080 - root - DEBUG - 21.8.2.5 Value: 18
2023-07-09 17:51:40,080 - root - DEBUG - 21.8.2.6 Value: 2
2023-07-09 17:51:40,080 - root - DEBUG - 21.8.2.7 Value: 0
2023-07-09 17:51:40,080 - root - DEBUG - 21.8.2.8 Value: 64
2023-07-09 17:51:40,080 - root - DEBUG - 21.8.2.9 Value: 10
2023-07-09 17:51:40,080 - root - DEBUG - 21.8.4 Value: 1
2023-07-09 17:51:40,080 - root - DEBUG - 21.8.5 Value: 1
2023-07-09 17:51:40,080 - root - DEBUG - 21.8.8 Value: 0
2023-07-09 17:51:40,081 - root - DEBUG - 21.8.9 Value: 0
2023-07-09 17:51:40,081 - root - DEBUG - 0-Info
2023-07-09 17:51:40,081 - root - DEBUG - 0.1-DeviceId
2023-07-09 17:51:40,081 - root - DEBUG - 2-Background
2023-07-09 17:51:40,081 - root - DEBUG - 2.1-Image
2023-07-09 17:51:40,082 - root - DEBUG - 2.1.1-X
2023-07-09 17:51:40,082 - root - DEBUG - 2.1.2-Y
2023-07-09 17:51:40,083 - root - DEBUG - 2.1.3-ImageIndex
2023-07-09 17:51:40,083 - root - DEBUG - 2.3-Preview
2023-07-09 17:51:40,084 - root - DEBUG - 2.3.1-X
2023-07-09 17:51:40,084 - root - DEBUG - 2.3.2-Y
2023-07-09 17:51:40,084 - root - DEBUG - 2.3.3-ImageIndex
2023-07-09 17:51:40,084 - root - DEBUG - 2.5-PreviewChinese
2023-07-09 17:51:40,084 - root - DEBUG - 2.5.1-X
2023-07-09 17:51:40,084 - root - DEBUG - 2.5.2-Y
2023-07-09 17:51:40,085 - root - DEBUG - 2.5.3-ImageIndex
2023-07-09 17:51:40,085 - root - DEBUG - 4-Activity
2023-07-09 17:51:40,085 - root - DEBUG - 4.1-Steps
2023-07-09 17:51:40,085 - root - DEBUG - 4.1.1-ImageNumber
2023-07-09 17:51:40,085 - root - DEBUG - 4.1.1.1-TopLeftX
2023-07-09 17:51:40,086 - root - DEBUG - 4.1.1.2-TopLeftY
2023-07-09 17:51:40,086 - root - DEBUG - 4.1.1.3-BottomRightX
2023-07-09 17:51:40,086 - root - DEBUG - 4.1.1.4-BottomRightY
2023-07-09 17:51:40,086 - root - DEBUG - 4.1.1.5-Alignment
2023-07-09 17:51:40,086 - root - DEBUG - 4.1.1.6-Spacing
2023-07-09 17:51:40,087 - root - DEBUG - 4.1.1.7-VerticalOffset
2023-07-09 17:51:40,087 - root - DEBUG - 4.1.1.8-ImageIndex
2023-07-09 17:51:40,087 - root - DEBUG - 4.1.1.9-ImagesCount
2023-07-09 17:51:40,087 - root - DEBUG - 4.4-HeartRate
2023-07-09 17:51:40,087 - root - DEBUG - 4.4.1-ImageNumber
2023-07-09 17:51:40,088 - root - DEBUG - 4.4.1.1-TopLeftX
2023-07-09 17:51:40,088 - root - DEBUG - 4.4.1.2-TopLeftY
2023-07-09 17:51:40,088 - root - DEBUG - 4.4.1.3-BottomRightX
2023-07-09 17:51:40,088 - root - DEBUG - 4.4.1.4-BottomRightY
2023-07-09 17:51:40,088 - root - DEBUG - 4.4.1.5-Alignment
2023-07-09 17:51:40,089 - root - DEBUG - 4.4.1.6-Spacing
2023-07-09 17:51:40,089 - root - DEBUG - 4.4.1.7-VerticalOffset
2023-07-09 17:51:40,090 - root - DEBUG - 4.4.1.8-ImageIndex
2023-07-09 17:51:40,090 - root - DEBUG - 4.4.1.9-ImagesCount
2023-07-09 17:51:40,090 - root - DEBUG - 4.4.3-NoDataImageIndex
2023-07-09 17:51:40,090 - root - DEBUG - 4.7-UnknownLongValue7
2023-07-09 17:51:40,091 - root - DEBUG - 5-DateBlock
2023-07-09 17:51:40,091 - root - DEBUG - 5.1-Date
2023-07-09 17:51:40,091 - root - DEBUG - 5.1.9-YearMonthAndDay
2023-07-09 17:51:40,092 - root - DEBUG - 5.1.9.2-Month
2023-07-09 17:51:40,093 - root - DEBUG - 5.1.9.2.1-TopLeftX
2023-07-09 17:51:40,093 - root - DEBUG - 5.1.9.2.2-TopLeftY
2023-07-09 17:51:40,093 - root - DEBUG - 5.1.9.2.3-BottomRightX
2023-07-09 17:51:40,093 - root - DEBUG - 5.1.9.2.4-BottomRightY
2023-07-09 17:51:40,094 - root - DEBUG - 5.1.9.2.5-Alignment
2023-07-09 17:51:40,094 - root - DEBUG - 5.1.9.2.6-Spacing
2023-07-09 17:51:40,094 - root - DEBUG - 5.1.9.2.7-VerticalOffset
2023-07-09 17:51:40,094 - root - DEBUG - 5.1.9.2.8-ImageIndex
2023-07-09 17:51:40,094 - root - DEBUG - 5.1.9.2.9-ImagesCount
2023-07-09 17:51:40,095 - root - DEBUG - 5.1.9.3-Day
2023-07-09 17:51:40,095 - root - DEBUG - 5.1.9.3.1-TopLeftX
2023-07-09 17:51:40,095 - root - DEBUG - 5.1.9.3.2-TopLeftY
2023-07-09 17:51:40,095 - root - DEBUG - 5.1.9.3.3-BottomRightX
2023-07-09 17:51:40,096 - root - DEBUG - 5.1.9.3.4-BottomRightY
2023-07-09 17:51:40,096 - root - DEBUG - 5.1.9.3.5-Alignment
2023-07-09 17:51:40,096 - root - DEBUG - 5.1.9.3.6-Spacing
2023-07-09 17:51:40,096 - root - DEBUG - 5.1.9.3.7-VerticalOffset
2023-07-09 17:51:40,096 - root - DEBUG - 5.1.9.3.8-ImageIndex
2023-07-09 17:51:40,096 - root - DEBUG - 5.1.9.3.9-ImagesCount
2023-07-09 17:51:40,097 - root - DEBUG - 5.1.9.4-MonthFollowsYear
2023-07-09 17:51:40,097 - root - DEBUG - 5.1.9.5-DayFollowsMonth
2023-07-09 17:51:40,097 - root - DEBUG - 5.1.9.12-DelimiterMonthImageIndex
2023-07-09 17:51:40,097 - root - DEBUG - 5.1.4-PaddingZeroMonth
2023-07-09 17:51:40,097 - root - DEBUG - 5.1.5-PaddingZeroDay
2023-07-09 17:51:40,098 - root - DEBUG - 5.1.6-UnknownBoolean6
2023-07-09 17:51:40,098 - root - DEBUG - 5.2-AmPm
2023-07-09 17:51:40,098 - root - DEBUG - 5.2.1-CommonX
2023-07-09 17:51:40,098 - root - DEBUG - 5.2.2-CommonY
2023-07-09 17:51:40,098 - root - DEBUG - 5.2.3-ImageIndexAMCN
2023-07-09 17:51:40,099 - root - DEBUG - 5.2.4-ImageIndexPMCN
2023-07-09 17:51:40,099 - root - DEBUG - 5.2.5-AmImageIndexEN
2023-07-09 17:51:40,099 - root - DEBUG - 5.2.6-PmImageIndexEN
2023-07-09 17:51:40,099 - root - DEBUG - 5.2.8-CoordinatesAM
2023-07-09 17:51:40,099 - root - DEBUG - 5.2.8.1-X
2023-07-09 17:51:40,100 - root - DEBUG - 5.2.8.2-Y
2023-07-09 17:51:40,100 - root - DEBUG - 5.2.9-CoordinatesPM
2023-07-09 17:51:40,100 - root - DEBUG - 5.2.9.1-X
2023-07-09 17:51:40,100 - root - DEBUG - 5.2.9.2-Y
2023-07-09 17:51:40,100 - root - DEBUG - 5.4-Weekday
2023-07-09 17:51:40,101 - root - DEBUG - 5.4.1-X
2023-07-09 17:51:40,101 - root - DEBUG - 5.4.2-Y
2023-07-09 17:51:40,101 - root - DEBUG - 5.4.3-ImageIndex
2023-07-09 17:51:40,101 - root - DEBUG - 5.4.4-ImagesCount
2023-07-09 17:51:40,101 - root - DEBUG - 5.6-WeekdayTradChinese
2023-07-09 17:51:40,101 - root - DEBUG - 5.6.1-X
2023-07-09 17:51:40,102 - root - DEBUG - 5.6.2-Y
2023-07-09 17:51:40,102 - root - DEBUG - 5.6.3-ImageIndex
2023-07-09 17:51:40,102 - root - DEBUG - 5.6.4-ImagesCount
2023-07-09 17:51:40,102 - root - DEBUG - 9-Battery
2023-07-09 17:51:40,102 - root - DEBUG - 9.1-BatteryText
2023-07-09 17:51:40,102 - root - DEBUG - 9.1.1-ImageNumber
2023-07-09 17:51:40,103 - root - DEBUG - 9.1.1.1-TopLeftX
2023-07-09 17:51:40,103 - root - DEBUG - 9.1.1.2-TopLeftY
2023-07-09 17:51:40,103 - root - DEBUG - 9.1.1.3-BottomRightX
2023-07-09 17:51:40,103 - root - DEBUG - 9.1.1.4-BottomRightY
2023-07-09 17:51:40,103 - root - DEBUG - 9.1.1.5-Alignment
2023-07-09 17:51:40,104 - root - DEBUG - 9.1.1.6-Spacing
2023-07-09 17:51:40,104 - root - DEBUG - 9.1.1.7-VerticalOffset
2023-07-09 17:51:40,104 - root - DEBUG - 9.1.1.8-ImageIndex
2023-07-09 17:51:40,104 - root - DEBUG - 9.1.1.9-ImagesCount
2023-07-09 17:51:40,104 - root - DEBUG - 9.1.4-SuffixImageIndex
2023-07-09 17:51:40,104 - root - DEBUG - 21-TimeDigital
2023-07-09 17:51:40,105 - root - DEBUG - 21.1-Hours
2023-07-09 17:51:40,105 - root - DEBUG - 21.1.1-TopLeftX
2023-07-09 17:51:40,105 - root - DEBUG - 21.1.2-TopLeftY
2023-07-09 17:51:40,105 - root - DEBUG - 21.1.3-BottomRightX
2023-07-09 17:51:40,106 - root - DEBUG - 21.1.4-BottomRightY
2023-07-09 17:51:40,106 - root - DEBUG - 21.1.5-Alignment
2023-07-09 17:51:40,107 - root - DEBUG - 21.1.6-Spacing
2023-07-09 17:51:40,107 - root - DEBUG - 21.1.7-VerticalOffset
2023-07-09 17:51:40,107 - root - DEBUG - 21.1.8-ImageIndex
2023-07-09 17:51:40,107 - root - DEBUG - 21.1.9-ImagesCount
2023-07-09 17:51:40,108 - root - DEBUG - 21.3-PaddingZeroHours
2023-07-09 17:51:40,108 - root - DEBUG - 21.6-HoursFollowPosition
2023-07-09 17:51:40,109 - root - DEBUG - 21.8-Time
2023-07-09 17:51:40,109 - root - DEBUG - 21.8.1-Unknown1
2023-07-09 17:51:40,110 - root - DEBUG - 21.8.2-Minutes
2023-07-09 17:51:40,110 - root - DEBUG - 21.8.2.1-TopLeftX
2023-07-09 17:51:40,110 - root - DEBUG - 21.8.2.2-TopLeftY
2023-07-09 17:51:40,110 - root - DEBUG - 21.8.2.3-BottomRightX
2023-07-09 17:51:40,110 - root - DEBUG - 21.8.2.4-BottomRightY
2023-07-09 17:51:40,111 - root - DEBUG - 21.8.2.5-Alignment
2023-07-09 17:51:40,111 - root - DEBUG - 21.8.2.6-Spacing
2023-07-09 17:51:40,111 - root - DEBUG - 21.8.2.7-VerticalOffset
2023-07-09 17:51:40,111 - root - DEBUG - 21.8.2.8-ImageIndex
2023-07-09 17:51:40,111 - root - DEBUG - 21.8.2.9-ImagesCount
2023-07-09 17:51:40,112 - root - DEBUG - 21.8.4-PaddingZeroMinutes
2023-07-09 17:51:40,112 - root - DEBUG - 21.8.5-PaddingZeroSeconds
2023-07-09 17:51:40,112 - root - DEBUG - 21.8.8-MinutesFollowHours
2023-07-09 17:51:40,112 - root - DEBUG - 21.8.9-SecondsFollowMinutes
2023-07-09 17:51:40,112 - root - DEBUG - generatePreviews
2023-07-09 17:51:40,112 - root - DEBUG - Generating previews...
2023-07-09 17:51:40,115 - root - DEBUG - Generating states done...
2023-07-09 17:51:40,129 - root - DEBUG - >>>>>>>>>>>> 0 <watchFaceParser.models.parameter.Parameter object at 0x0000026AB1191070>
2023-07-09 17:51:40,129 - root - DEBUG - >>>>>>>>>>>> 2 <watchFaceParser.models.parameter.Parameter object at 0x0000026AB11892E0>
2023-07-09 17:51:40,138 - root - DEBUG - >>>>>>>>>>>> 4 <watchFaceParser.models.parameter.Parameter object at 0x0000026AB11894C0>
2023-07-09 17:51:40,152 - root - DEBUG - >>>>>>>>>>>> 5 <watchFaceParser.models.parameter.Parameter object at 0x0000026AB118B6A0>
2023-07-09 17:51:40,166 - root - DEBUG - >>>>>>>>>>>> 9 <watchFaceParser.models.parameter.Parameter object at 0x0000026AB118D9A0>
2023-07-09 17:51:40,172 - root - DEBUG - >>>>>>>>>>>> 21 <watchFaceParser.models.parameter.Parameter object at 0x0000026AB118F400>
2023-07-09 17:51:40,188 - root - DEBUG - Generating static preview gen done...
2023-07-09 17:51:40,318 - root - DEBUG - Generating static preview save done...
2023-07-09 17:51:40,319 - root - DEBUG - Generating anim preview gen done...
2023-07-09 17:51:40,319 - root - DEBUG - >>>>>>>>>>>> 0 <watchFaceParser.models.parameter.Parameter object at 0x0000026AB1191070>
2023-07-09 17:51:40,320 - root - DEBUG - >>>>>>>>>>>> 2 <watchFaceParser.models.parameter.Parameter object at 0x0000026AB11892E0>
2023-07-09 17:51:40,320 - root - DEBUG - >>>>>>>>>>>> 4 <watchFaceParser.models.parameter.Parameter object at 0x0000026AB11894C0>
2023-07-09 17:51:40,320 - root - DEBUG - >>>>>>>>>>>> 5 <watchFaceParser.models.parameter.Parameter object at 0x0000026AB118B6A0>
2023-07-09 17:51:40,322 - root - DEBUG - >>>>>>>>>>>> 9 <watchFaceParser.models.parameter.Parameter object at 0x0000026AB118D9A0>
2023-07-09 17:51:40,323 - root - DEBUG - >>>>>>>>>>>> 21 <watchFaceParser.models.parameter.Parameter object at 0x0000026AB118F400>
2023-07-09 17:51:40,512 - root - DEBUG - generatePreviews done
2023-07-09 17:51:40,512 - root - DEBUG - Exporting resources to 'E:\Codez\zepp-gts2mini-wf\895d4792013a18fa9c50a4ec2d5c1f82'
2023-07-09 17:51:40,512 - root - DEBUG - extracting E:\Codez\zepp-gts2mini-wf\895d4792013a18fa9c50a4ec2d5c1f82\0000.png...
2023-07-09 17:51:40,543 - root - DEBUG - extracting E:\Codez\zepp-gts2mini-wf\895d4792013a18fa9c50a4ec2d5c1f82\0001.png...
2023-07-09 17:51:40,559 - root - DEBUG - extracting E:\Codez\zepp-gts2mini-wf\895d4792013a18fa9c50a4ec2d5c1f82\0002.png...
2023-07-09 17:51:40,575 - root - DEBUG - extracting E:\Codez\zepp-gts2mini-wf\895d4792013a18fa9c50a4ec2d5c1f82\0003.png...
2023-07-09 17:51:40,575 - root - DEBUG - extracting E:\Codez\zepp-gts2mini-wf\895d4792013a18fa9c50a4ec2d5c1f82\0004.png...
2023-07-09 17:51:40,575 - root - DEBUG - extracting E:\Codez\zepp-gts2mini-wf\895d4792013a18fa9c50a4ec2d5c1f82\0005.png...
2023-07-09 17:51:40,575 - root - DEBUG - extracting E:\Codez\zepp-gts2mini-wf\895d4792013a18fa9c50a4ec2d5c1f82\0006.png...
2023-07-09 17:51:40,575 - root - DEBUG - extracting E:\Codez\zepp-gts2mini-wf\895d4792013a18fa9c50a4ec2d5c1f82\0007.png...
2023-07-09 17:51:40,590 - root - DEBUG - extracting E:\Codez\zepp-gts2mini-wf\895d4792013a18fa9c50a4ec2d5c1f82\0008.png...
2023-07-09 17:51:40,590 - root - DEBUG - extracting E:\Codez\zepp-gts2mini-wf\895d4792013a18fa9c50a4ec2d5c1f82\0009.png...
2023-07-09 17:51:40,590 - root - DEBUG - extracting E:\Codez\zepp-gts2mini-wf\895d4792013a18fa9c50a4ec2d5c1f82\0010.png...
2023-07-09 17:51:40,590 - root - DEBUG - extracting E:\Codez\zepp-gts2mini-wf\895d4792013a18fa9c50a4ec2d5c1f82\0011.png...
2023-07-09 17:51:40,590 - root - DEBUG - extracting E:\Codez\zepp-gts2mini-wf\895d4792013a18fa9c50a4ec2d5c1f82\0012.png...
2023-07-09 17:51:40,590 - root - DEBUG - extracting E:\Codez\zepp-gts2mini-wf\895d4792013a18fa9c50a4ec2d5c1f82\0013.png...
2023-07-09 17:51:40,590 - root - DEBUG - extracting E:\Codez\zepp-gts2mini-wf\895d4792013a18fa9c50a4ec2d5c1f82\0014.png...
2023-07-09 17:51:40,590 - root - DEBUG - extracting E:\Codez\zepp-gts2mini-wf\895d4792013a18fa9c50a4ec2d5c1f82\0015.png...
2023-07-09 17:51:40,590 - root - DEBUG - extracting E:\Codez\zepp-gts2mini-wf\895d4792013a18fa9c50a4ec2d5c1f82\0016.png...
2023-07-09 17:51:40,590 - root - DEBUG - extracting E:\Codez\zepp-gts2mini-wf\895d4792013a18fa9c50a4ec2d5c1f82\0017.png...
2023-07-09 17:51:40,590 - root - DEBUG - extracting E:\Codez\zepp-gts2mini-wf\895d4792013a18fa9c50a4ec2d5c1f82\0018.png...
2023-07-09 17:51:40,590 - root - DEBUG - extracting E:\Codez\zepp-gts2mini-wf\895d4792013a18fa9c50a4ec2d5c1f82\0019.png...
2023-07-09 17:51:40,606 - root - DEBUG - extracting E:\Codez\zepp-gts2mini-wf\895d4792013a18fa9c50a4ec2d5c1f82\0020.png...
2023-07-09 17:51:40,606 - root - DEBUG - extracting E:\Codez\zepp-gts2mini-wf\895d4792013a18fa9c50a4ec2d5c1f82\0021.png...
2023-07-09 17:51:40,606 - root - DEBUG - extracting E:\Codez\zepp-gts2mini-wf\895d4792013a18fa9c50a4ec2d5c1f82\0022.png...
2023-07-09 17:51:40,606 - root - DEBUG - extracting E:\Codez\zepp-gts2mini-wf\895d4792013a18fa9c50a4ec2d5c1f82\0023.png...
2023-07-09 17:51:40,606 - root - DEBUG - extracting E:\Codez\zepp-gts2mini-wf\895d4792013a18fa9c50a4ec2d5c1f82\0024.png...
2023-07-09 17:51:40,606 - root - DEBUG - extracting E:\Codez\zepp-gts2mini-wf\895d4792013a18fa9c50a4ec2d5c1f82\0025.png...
2023-07-09 17:51:40,606 - root - DEBUG - extracting E:\Codez\zepp-gts2mini-wf\895d4792013a18fa9c50a4ec2d5c1f82\0026.png...
2023-07-09 17:51:40,606 - root - DEBUG - extracting E:\Codez\zepp-gts2mini-wf\895d4792013a18fa9c50a4ec2d5c1f82\0027.png...
2023-07-09 17:51:40,606 - root - DEBUG - extracting E:\Codez\zepp-gts2mini-wf\895d4792013a18fa9c50a4ec2d5c1f82\0028.png...
2023-07-09 17:51:40,606 - root - DEBUG - extracting E:\Codez\zepp-gts2mini-wf\895d4792013a18fa9c50a4ec2d5c1f82\0029.png...
2023-07-09 17:51:40,606 - root - DEBUG - extracting E:\Codez\zepp-gts2mini-wf\895d4792013a18fa9c50a4ec2d5c1f82\0030.png...
2023-07-09 17:51:40,606 - root - DEBUG - extracting E:\Codez\zepp-gts2mini-wf\895d4792013a18fa9c50a4ec2d5c1f82\0031.png...
2023-07-09 17:51:40,621 - root - DEBUG - extracting E:\Codez\zepp-gts2mini-wf\895d4792013a18fa9c50a4ec2d5c1f82\0032.png...
2023-07-09 17:51:40,621 - root - DEBUG - extracting E:\Codez\zepp-gts2mini-wf\895d4792013a18fa9c50a4ec2d5c1f82\0033.png...
2023-07-09 17:51:40,621 - root - DEBUG - extracting E:\Codez\zepp-gts2mini-wf\895d4792013a18fa9c50a4ec2d5c1f82\0034.png...
2023-07-09 17:51:40,621 - root - DEBUG - extracting E:\Codez\zepp-gts2mini-wf\895d4792013a18fa9c50a4ec2d5c1f82\0035.png...
2023-07-09 17:51:40,621 - root - DEBUG - extracting E:\Codez\zepp-gts2mini-wf\895d4792013a18fa9c50a4ec2d5c1f82\0036.png...
2023-07-09 17:51:40,621 - root - DEBUG - extracting E:\Codez\zepp-gts2mini-wf\895d4792013a18fa9c50a4ec2d5c1f82\0037.png...
2023-07-09 17:51:40,621 - root - DEBUG - extracting E:\Codez\zepp-gts2mini-wf\895d4792013a18fa9c50a4ec2d5c1f82\0038.png...
2023-07-09 17:51:40,621 - root - DEBUG - extracting E:\Codez\zepp-gts2mini-wf\895d4792013a18fa9c50a4ec2d5c1f82\0039.png...
2023-07-09 17:51:40,621 - root - DEBUG - extracting E:\Codez\zepp-gts2mini-wf\895d4792013a18fa9c50a4ec2d5c1f82\0040.png...
2023-07-09 17:51:40,621 - root - DEBUG - extracting E:\Codez\zepp-gts2mini-wf\895d4792013a18fa9c50a4ec2d5c1f82\0041.png...
2023-07-09 17:51:40,621 - root - DEBUG - extracting E:\Codez\zepp-gts2mini-wf\895d4792013a18fa9c50a4ec2d5c1f82\0042.png...
2023-07-09 17:51:40,621 - root - DEBUG - extracting E:\Codez\zepp-gts2mini-wf\895d4792013a18fa9c50a4ec2d5c1f82\0043.png...
2023-07-09 17:51:40,621 - root - DEBUG - extracting E:\Codez\zepp-gts2mini-wf\895d4792013a18fa9c50a4ec2d5c1f82\0044.png...
2023-07-09 17:51:40,621 - root - DEBUG - extracting E:\Codez\zepp-gts2mini-wf\895d4792013a18fa9c50a4ec2d5c1f82\0045.png...
2023-07-09 17:51:40,637 - root - DEBUG - extracting E:\Codez\zepp-gts2mini-wf\895d4792013a18fa9c50a4ec2d5c1f82\0046.png...
2023-07-09 17:51:40,637 - root - DEBUG - extracting E:\Codez\zepp-gts2mini-wf\895d4792013a18fa9c50a4ec2d5c1f82\0047.png...
2023-07-09 17:51:40,637 - root - DEBUG - extracting E:\Codez\zepp-gts2mini-wf\895d4792013a18fa9c50a4ec2d5c1f82\0048.png...
2023-07-09 17:51:40,637 - root - DEBUG - extracting E:\Codez\zepp-gts2mini-wf\895d4792013a18fa9c50a4ec2d5c1f82\0049.png...
2023-07-09 17:51:40,637 - root - DEBUG - extracting E:\Codez\zepp-gts2mini-wf\895d4792013a18fa9c50a4ec2d5c1f82\0050.png...
2023-07-09 17:51:40,637 - root - DEBUG - extracting E:\Codez\zepp-gts2mini-wf\895d4792013a18fa9c50a4ec2d5c1f82\0051.png...
2023-07-09 17:51:40,637 - root - DEBUG - extracting E:\Codez\zepp-gts2mini-wf\895d4792013a18fa9c50a4ec2d5c1f82\0052.png...
2023-07-09 17:51:40,637 - root - DEBUG - extracting E:\Codez\zepp-gts2mini-wf\895d4792013a18fa9c50a4ec2d5c1f82\0053.png...
2023-07-09 17:51:40,637 - root - DEBUG - extracting E:\Codez\zepp-gts2mini-wf\895d4792013a18fa9c50a4ec2d5c1f82\0054.png...
2023-07-09 17:51:40,637 - root - DEBUG - extracting E:\Codez\zepp-gts2mini-wf\895d4792013a18fa9c50a4ec2d5c1f82\0055.png...
2023-07-09 17:51:40,637 - root - DEBUG - extracting E:\Codez\zepp-gts2mini-wf\895d4792013a18fa9c50a4ec2d5c1f82\0056.png...
2023-07-09 17:51:40,637 - root - DEBUG - extracting E:\Codez\zepp-gts2mini-wf\895d4792013a18fa9c50a4ec2d5c1f82\0057.png...
2023-07-09 17:51:40,637 - root - DEBUG - extracting E:\Codez\zepp-gts2mini-wf\895d4792013a18fa9c50a4ec2d5c1f82\0058.png...
2023-07-09 17:51:40,637 - root - DEBUG - extracting E:\Codez\zepp-gts2mini-wf\895d4792013a18fa9c50a4ec2d5c1f82\0059.png...
2023-07-09 17:51:40,653 - root - DEBUG - extracting E:\Codez\zepp-gts2mini-wf\895d4792013a18fa9c50a4ec2d5c1f82\0060.png...
2023-07-09 17:51:40,653 - root - DEBUG - extracting E:\Codez\zepp-gts2mini-wf\895d4792013a18fa9c50a4ec2d5c1f82\0061.png...
2023-07-09 17:51:40,653 - root - DEBUG - extracting E:\Codez\zepp-gts2mini-wf\895d4792013a18fa9c50a4ec2d5c1f82\0062.png...
2023-07-09 17:51:40,653 - root - DEBUG - extracting E:\Codez\zepp-gts2mini-wf\895d4792013a18fa9c50a4ec2d5c1f82\0063.png...
2023-07-09 17:51:40,653 - root - DEBUG - extracting E:\Codez\zepp-gts2mini-wf\895d4792013a18fa9c50a4ec2d5c1f82\0064.png...
2023-07-09 17:51:40,653 - root - DEBUG - extracting E:\Codez\zepp-gts2mini-wf\895d4792013a18fa9c50a4ec2d5c1f82\0065.png...
2023-07-09 17:51:40,653 - root - DEBUG - extracting E:\Codez\zepp-gts2mini-wf\895d4792013a18fa9c50a4ec2d5c1f82\0066.png...
2023-07-09 17:51:40,653 - root - DEBUG - extracting E:\Codez\zepp-gts2mini-wf\895d4792013a18fa9c50a4ec2d5c1f82\0067.png...
2023-07-09 17:51:40,653 - root - DEBUG - extracting E:\Codez\zepp-gts2mini-wf\895d4792013a18fa9c50a4ec2d5c1f82\0068.png...
2023-07-09 17:51:40,653 - root - DEBUG - extracting E:\Codez\zepp-gts2mini-wf\895d4792013a18fa9c50a4ec2d5c1f82\0069.png...
2023-07-09 17:51:40,653 - root - DEBUG - extracting E:\Codez\zepp-gts2mini-wf\895d4792013a18fa9c50a4ec2d5c1f82\0070.png...
2023-07-09 17:51:40,653 - root - DEBUG - extracting E:\Codez\zepp-gts2mini-wf\895d4792013a18fa9c50a4ec2d5c1f82\0071.png...
2023-07-09 17:51:40,668 - root - DEBUG - extracting E:\Codez\zepp-gts2mini-wf\895d4792013a18fa9c50a4ec2d5c1f82\0072.png...
2023-07-09 17:51:40,668 - root - DEBUG - extracting E:\Codez\zepp-gts2mini-wf\895d4792013a18fa9c50a4ec2d5c1f82\0073.png...
2023-07-09 17:51:40,668 - root - DEBUG - Exporting config...
