2023-07-09 17:50:15,188 - root - DEBUG - Opening watch face 'E:\Codez\zepp-gts2mini-wf\3d1d43787f2cf1bb426a5f88eda64749.bin'
2023-07-09 17:50:15,219 - root - DEBUG - Reading parameters...
2023-07-09 17:50:15,219 - root - INFO - Reading header...
2023-07-09 17:50:15,219 - root - INFO - Header was read:
2023-07-09 17:50:15,219 - root - INFO - Signature: b'UIHH\x01\x00\xff', Unknown: 40, ParametersSize: 40, isValid: True, deviceId: 73
2023-07-09 17:50:15,219 - root - INFO - Reading parameter offsets...
2023-07-09 17:50:15,219 - root - INFO - Parameter offsets were read from file
2023-07-09 17:50:15,219 - root - INFO - Reading parameters descriptor...
2023-07-09 17:50:15,219 - root - INFO - 1 ( A): 5 bytes
2023-07-09 17:50:15,219 - root - INFO -     1 ( 8): 145 91
2023-07-09 17:50:15,219 - root - INFO -     2 (10): 15  F
2023-07-09 17:50:15,219 - root - INFO - getParameters descriptor was read:
2023-07-09 17:50:15,219 - root - INFO - ParametersTableLength: 145, ImagesCount: 15
2023-07-09 17:50:15,219 - root - INFO - Reading parameters locations...
2023-07-09 17:50:15,219 - root - INFO - 2 (12): 4 bytes
2023-07-09 17:50:15,219 - root - INFO -     1 ( 8): 0  0
2023-07-09 17:50:15,219 - root - INFO -     2 (10): 26 1A
2023-07-09 17:50:15,219 - root - INFO - 5 (2A): 4 bytes
2023-07-09 17:50:15,219 - root - INFO -     1 ( 8): 26 1A
2023-07-09 17:50:15,219 - root - INFO -     2 (10): 8  8
2023-07-09 17:50:15,219 - root - INFO - 20 (A2): 4 bytes
2023-07-09 17:50:15,219 - root - INFO -     1 ( 8): 34 22
2023-07-09 17:50:15,219 - root - INFO -     2 (10): 38 26
2023-07-09 17:50:15,219 - root - INFO - 21 (AA): 4 bytes
2023-07-09 17:50:15,219 - root - INFO -     1 ( 8): 72 48
2023-07-09 17:50:15,219 - root - INFO -     2 (10): 38 26
2023-07-09 17:50:15,219 - root - INFO - 29 (EA): 4 bytes
2023-07-09 17:50:15,219 - root - INFO -     1 ( 8): 110 6E
2023-07-09 17:50:15,219 - root - INFO -     2 (10): 35 23
2023-07-09 17:50:15,219 - root - INFO - Watch face parameters locations were read:
2023-07-09 17:50:15,219 - root - INFO - Reading descriptor for parameter 2
2023-07-09 17:50:15,219 - root - INFO - Descriptor offset: 0, Descriptor length: 26
2023-07-09 17:50:15,219 - root - INFO - Parsing descriptor for parameter 2...
2023-07-09 17:50:15,219 - root - INFO - 2 (10): 0  0
2023-07-09 17:50:15,219 - root - INFO - 3 (1A): 6 bytes
2023-07-09 17:50:15,219 - root - INFO -     1 ( 8): 0  0
2023-07-09 17:50:15,219 - root - INFO -     2 (10): 0  0
2023-07-09 17:50:15,219 - root - INFO -     3 (18): 0  0
2023-07-09 17:50:15,219 - root - INFO - 4 (22): 6 bytes
2023-07-09 17:50:15,219 - root - INFO -     1 ( 8): 0  0
2023-07-09 17:50:15,219 - root - INFO -     2 (10): 0  0
2023-07-09 17:50:15,219 - root - INFO -     3 (18): 0  0
2023-07-09 17:50:15,219 - root - INFO - 5 (2A): 6 bytes
2023-07-09 17:50:15,219 - root - INFO -     1 ( 8): 0  0
2023-07-09 17:50:15,219 - root - INFO -     2 (10): 0  0
2023-07-09 17:50:15,219 - root - INFO -     3 (18): 0  0
2023-07-09 17:50:15,219 - root - INFO - Reading descriptor for parameter 5
2023-07-09 17:50:15,219 - root - INFO - Descriptor offset: 26, Descriptor length: 8
2023-07-09 17:50:15,219 - root - INFO - Parsing descriptor for parameter 5...
2023-07-09 17:50:15,219 - root - INFO - 1 ( A): 6 bytes
2023-07-09 17:50:15,219 - root - INFO -     4 (20): 1  1
2023-07-09 17:50:15,219 - root - INFO -     5 (28): 1  1
2023-07-09 17:50:15,219 - root - INFO -     6 (30): 0  0
2023-07-09 17:50:15,235 - root - INFO - Reading descriptor for parameter 20
2023-07-09 17:50:15,235 - root - INFO - Descriptor offset: 34, Descriptor length: 38
2023-07-09 17:50:15,235 - root - INFO - Parsing descriptor for parameter 20...
2023-07-09 17:50:15,235 - root - INFO - 2 (12): 6 bytes
2023-07-09 17:50:15,235 - root - INFO -     1 ( 8): 153 99
2023-07-09 17:50:15,235 - root - INFO -     2 (10): 177 B1
2023-07-09 17:50:15,235 - root - INFO - 3 (1A): 4 bytes
2023-07-09 17:50:15,235 - root - INFO -     1 ( 8): 1  1
2023-07-09 17:50:15,235 - root - INFO -     2 (10): 108 6C
2023-07-09 17:50:15,235 - root - INFO - 4 (22): 5 bytes
2023-07-09 17:50:15,235 - root - INFO -     1 ( 8): 2  2
2023-07-09 17:50:15,235 - root - INFO -     2 (10): 147 93
2023-07-09 17:50:15,235 - root - INFO - 5 (2A): 15 bytes
2023-07-09 17:50:15,235 - root - INFO -     1 ( 8): 3  3
2023-07-09 17:50:15,235 - root - INFO -     2 (10): 151 97
2023-07-09 17:50:15,235 - root - INFO -     4 (22): 8 bytes
2023-07-09 17:50:15,235 - root - INFO -         1 ( 8): 150 96
2023-07-09 17:50:15,235 - root - INFO -         2 (10): 174 AE
2023-07-09 17:50:15,235 - root - INFO -         3 (18): 4  4
2023-07-09 17:50:15,235 - root - INFO - Reading descriptor for parameter 21
2023-07-09 17:50:15,235 - root - INFO - Descriptor offset: 72, Descriptor length: 38
2023-07-09 17:50:15,235 - root - INFO - Parsing descriptor for parameter 21...
2023-07-09 17:50:15,235 - root - INFO - 1 ( A): 20 bytes
2023-07-09 17:50:15,235 - root - INFO -     1 ( 8): 0  0
2023-07-09 17:50:15,235 - root - INFO -     2 (10): 0  0
2023-07-09 17:50:15,235 - root - INFO -     3 (18): 306 132
2023-07-09 17:50:15,235 - root - INFO -     4 (20): 354 162
2023-07-09 17:50:15,235 - root - INFO -     5 (28): 24 18
2023-07-09 17:50:15,235 - root - INFO -     6 (30): 0  0
2023-07-09 17:50:15,235 - root - INFO -     7 (38): 0  0
2023-07-09 17:50:15,235 - root - INFO -     8 (40): 5  5
2023-07-09 17:50:15,235 - root - INFO -     9 (48): 10  A
2023-07-09 17:50:15,235 - root - INFO - 3 (18): 0  0
2023-07-09 17:50:15,235 - root - INFO - 6 (30): 0  0
2023-07-09 17:50:15,235 - root - INFO - 8 (42): 10 bytes
2023-07-09 17:50:15,235 - root - INFO -     1 ( 8): 1  1
2023-07-09 17:50:15,235 - root - INFO -     4 (20): 1  1
2023-07-09 17:50:15,235 - root - INFO -     5 (28): 1  1
2023-07-09 17:50:15,235 - root - INFO -     8 (40): 0  0
2023-07-09 17:50:15,235 - root - INFO -     9 (48): 0  0
2023-07-09 17:50:15,235 - root - INFO - Reading descriptor for parameter 29
2023-07-09 17:50:15,235 - root - INFO - Descriptor offset: 110, Descriptor length: 35
2023-07-09 17:50:15,235 - root - INFO - Parsing descriptor for parameter 29...
2023-07-09 17:50:15,235 - root - INFO - 1 ( A): 33 bytes
2023-07-09 17:50:15,235 - root - INFO -     3 (1A): 31 bytes
2023-07-09 17:50:15,235 - root - INFO -         1 ( A): 6 bytes
2023-07-09 17:50:15,235 - root - INFO -             1 ( 8): 153 99
2023-07-09 17:50:15,235 - root - INFO -             2 (10): 177 B1
2023-07-09 17:50:15,235 - root - INFO -         2 (12): 4 bytes
2023-07-09 17:50:15,235 - root - INFO -             1 ( 8): 1  1
2023-07-09 17:50:15,235 - root - INFO -             2 (10): 108 6C
2023-07-09 17:50:15,235 - root - INFO -         3 (1A): 15 bytes
2023-07-09 17:50:15,235 - root - INFO -             1 ( 8): 2  2
2023-07-09 17:50:15,235 - root - INFO -             2 (10): 147 93
2023-07-09 17:50:15,235 - root - INFO -             4 (22): 8 bytes
2023-07-09 17:50:15,235 - root - INFO -                 1 ( 8): 150 96
2023-07-09 17:50:15,235 - root - INFO -                 2 (10): 174 AE
2023-07-09 17:50:15,235 - root - INFO -                 3 (18): 4  4
2023-07-09 17:50:15,235 - root - INFO - Reading resources offsets table with 15 elements (60 bytes)
2023-07-09 17:50:15,235 - root - INFO - Resource 0 offset: 332, length: 101656...
2023-07-09 17:50:15,235 - root - DEBUG - Reading resource 0...
2023-07-09 17:50:15,297 - root - INFO - The image is bmc.
2023-07-09 17:50:15,297 - root - INFO - Reading image header(readHeader16C)...
2023-07-09 17:50:15,297 - root - INFO - Image header was read:
2023-07-09 17:50:15,297 - root - INFO - Width: 210, Height: 242, RowLength: 420
2023-07-09 17:50:15,297 - root - INFO - _step: 2, unknown2: 0,
2023-07-09 17:50:15,297 - root - INFO - BPP: 16, Transparency: False
2023-07-09 17:50:15,594 - root - INFO - Resource 1 offset: 101988, length: 5281...
2023-07-09 17:50:15,594 - root - DEBUG - Reading resource 1...
2023-07-09 17:50:15,594 - root - INFO - The image is bmc.
2023-07-09 17:50:15,594 - root - INFO - Reading image header(readHeader16C)...
2023-07-09 17:50:15,594 - root - INFO - Image header was read:
2023-07-09 17:50:15,594 - root - INFO - Width: 13, Height: 135, RowLength: 39
2023-07-09 17:50:15,594 - root - INFO - _step: 3, unknown2: 0,
2023-07-09 17:50:15,594 - root - INFO - BPP: 24, Transparency: False
2023-07-09 17:50:15,610 - root - INFO - Resource 2 offset: 107269, length: 8341...
2023-07-09 17:50:15,610 - root - DEBUG - Reading resource 2...
2023-07-09 17:50:15,610 - root - INFO - The image is bmc.
2023-07-09 17:50:15,610 - root - INFO - Reading image header(readHeader16C)...
2023-07-09 17:50:15,610 - root - INFO - Image header was read:
2023-07-09 17:50:15,610 - root - INFO - Width: 15, Height: 185, RowLength: 45
2023-07-09 17:50:15,610 - root - INFO - _step: 3, unknown2: 0,
2023-07-09 17:50:15,610 - root - INFO - BPP: 24, Transparency: False
2023-07-09 17:50:15,625 - root - INFO - Resource 3 offset: 115610, length: 3922...
2023-07-09 17:50:15,625 - root - DEBUG - Reading resource 3...
2023-07-09 17:50:15,625 - root - INFO - The image is bmc.
2023-07-09 17:50:15,625 - root - INFO - Reading image header(readHeader16C)...
2023-07-09 17:50:15,625 - root - INFO - Image header was read:
2023-07-09 17:50:15,625 - root - INFO - Width: 7, Height: 186, RowLength: 21
2023-07-09 17:50:15,625 - root - INFO - _step: 3, unknown2: 0,
2023-07-09 17:50:15,625 - root - INFO - BPP: 24, Transparency: False
2023-07-09 17:50:15,641 - root - INFO - Resource 4 offset: 119532, length: 124...
2023-07-09 17:50:15,641 - root - DEBUG - Reading resource 4...
2023-07-09 17:50:15,641 - root - INFO - The image is bmc.
2023-07-09 17:50:15,641 - root - INFO - Reading image header(readHeader16C)...
2023-07-09 17:50:15,641 - root - INFO - Image header was read:
2023-07-09 17:50:15,641 - root - INFO - Width: 6, Height: 6, RowLength: 18
2023-07-09 17:50:15,641 - root - INFO - _step: 3, unknown2: 0,
2023-07-09 17:50:15,641 - root - INFO - BPP: 24, Transparency: False
2023-07-09 17:50:15,641 - root - INFO - Resource 5 offset: 119656, length: 80164...
2023-07-09 17:50:15,641 - root - DEBUG - Reading resource 5...
2023-07-09 17:50:15,641 - root - INFO - The image is bme.
2023-07-09 17:50:15,641 - root - INFO - Reading image header(readHeader16E)...
2023-07-09 17:50:15,641 - root - INFO - Image header was read:
2023-07-09 17:50:15,641 - root - INFO - Width: 306, Height: 354, RowLength: 612
2023-07-09 17:50:15,641 - root - INFO - datalength: 80148, _step: 2
2023-07-09 17:50:15,641 - root - INFO - BPP: 16, Transparency: False
2023-07-09 17:50:15,881 - root - INFO - Resource 6 offset: 199820, length: 37448...
2023-07-09 17:50:15,881 - root - DEBUG - Reading resource 6...
2023-07-09 17:50:15,881 - root - INFO - The image is bme.
2023-07-09 17:50:15,881 - root - INFO - Reading image header(readHeader16E)...
2023-07-09 17:50:15,881 - root - INFO - Image header was read:
2023-07-09 17:50:15,881 - root - INFO - Width: 128, Height: 354, RowLength: 256
2023-07-09 17:50:15,881 - root - INFO - datalength: 37432, _step: 2
2023-07-09 17:50:15,881 - root - INFO - BPP: 16, Transparency: False
2023-07-09 17:50:15,990 - root - INFO - Resource 7 offset: 237268, length: 52184...
2023-07-09 17:50:15,990 - root - DEBUG - Reading resource 7...
2023-07-09 17:50:15,990 - root - INFO - The image is bme.
2023-07-09 17:50:15,990 - root - INFO - Reading image header(readHeader16E)...
2023-07-09 17:50:15,990 - root - INFO - Image header was read:
2023-07-09 17:50:15,990 - root - INFO - Width: 189, Height: 354, RowLength: 378
2023-07-09 17:50:15,990 - root - INFO - datalength: 52168, _step: 2
2023-07-09 17:50:15,990 - root - INFO - BPP: 16, Transparency: False
2023-07-09 17:50:16,167 - root - INFO - Resource 8 offset: 289452, length: 60200...
2023-07-09 17:50:16,167 - root - DEBUG - Reading resource 8...
2023-07-09 17:50:16,167 - root - INFO - The image is bme.
2023-07-09 17:50:16,167 - root - INFO - Reading image header(readHeader16E)...
2023-07-09 17:50:16,167 - root - INFO - Image header was read:
2023-07-09 17:50:16,167 - root - INFO - Width: 198, Height: 354, RowLength: 396
2023-07-09 17:50:16,167 - root - INFO - datalength: 60184, _step: 2
2023-07-09 17:50:16,167 - root - INFO - BPP: 16, Transparency: False
2023-07-09 17:50:16,340 - root - INFO - Resource 9 offset: 349652, length: 46422...
2023-07-09 17:50:16,340 - root - DEBUG - Reading resource 9...
2023-07-09 17:50:16,340 - root - INFO - The image is bme.
2023-07-09 17:50:16,340 - root - INFO - Reading image header(readHeader16E)...
2023-07-09 17:50:16,340 - root - INFO - Image header was read:
2023-07-09 17:50:16,340 - root - INFO - Width: 199, Height: 354, RowLength: 398
2023-07-09 17:50:16,356 - root - INFO - datalength: 46406, _step: 2
2023-07-09 17:50:16,356 - root - INFO - BPP: 16, Transparency: False
2023-07-09 17:50:16,497 - root - INFO - Resource 10 offset: 396074, length: 63350...
2023-07-09 17:50:16,497 - root - DEBUG - Reading resource 10...
2023-07-09 17:50:16,497 - root - INFO - The image is bme.
2023-07-09 17:50:16,497 - root - INFO - Reading image header(readHeader16E)...
2023-07-09 17:50:16,497 - root - INFO - Image header was read:
2023-07-09 17:50:16,497 - root - INFO - Width: 229, Height: 354, RowLength: 458
2023-07-09 17:50:16,497 - root - INFO - datalength: 63334, _step: 2
2023-07-09 17:50:16,497 - root - INFO - BPP: 16, Transparency: False
2023-07-09 17:50:16,700 - root - INFO - Resource 11 offset: 459424, length: 78870...
2023-07-09 17:50:16,700 - root - DEBUG - Reading resource 11...
2023-07-09 17:50:16,700 - root - INFO - The image is bme.
2023-07-09 17:50:16,700 - root - INFO - Reading image header(readHeader16E)...
2023-07-09 17:50:16,700 - root - INFO - Image header was read:
2023-07-09 17:50:16,700 - root - INFO - Width: 254, Height: 354, RowLength: 508
2023-07-09 17:50:16,700 - root - INFO - datalength: 78854, _step: 2
2023-07-09 17:50:16,701 - root - INFO - BPP: 16, Transparency: False
2023-07-09 17:50:16,944 - root - INFO - Resource 12 offset: 538294, length: 46252...
2023-07-09 17:50:16,944 - root - DEBUG - Reading resource 12...
2023-07-09 17:50:16,944 - root - INFO - The image is bme.
2023-07-09 17:50:16,944 - root - INFO - Reading image header(readHeader16E)...
2023-07-09 17:50:16,944 - root - INFO - Image header was read:
2023-07-09 17:50:16,944 - root - INFO - Width: 206, Height: 354, RowLength: 412
2023-07-09 17:50:16,944 - root - INFO - datalength: 46236, _step: 2
2023-07-09 17:50:16,944 - root - INFO - BPP: 16, Transparency: False
2023-07-09 17:50:17,085 - root - INFO - Resource 13 offset: 584546, length: 90388...
2023-07-09 17:50:17,085 - root - DEBUG - Reading resource 13...
2023-07-09 17:50:17,085 - root - INFO - The image is bme.
2023-07-09 17:50:17,085 - root - INFO - Reading image header(readHeader16E)...
2023-07-09 17:50:17,085 - root - INFO - Image header was read:
2023-07-09 17:50:17,085 - root - INFO - Width: 262, Height: 354, RowLength: 524
2023-07-09 17:50:17,085 - root - INFO - datalength: 90372, _step: 2
2023-07-09 17:50:17,085 - root - INFO - BPP: 16, Transparency: False
2023-07-09 17:50:17,358 - root - INFO - Resource 14 offset: 674934, length: 78724...
2023-07-09 17:50:17,358 - root - DEBUG - Reading resource 14...
2023-07-09 17:50:17,358 - root - INFO - The image is bme.
2023-07-09 17:50:17,358 - root - INFO - Reading image header(readHeader16E)...
2023-07-09 17:50:17,358 - root - INFO - Image header was read:
2023-07-09 17:50:17,358 - root - INFO - Width: 254, Height: 354, RowLength: 508
2023-07-09 17:50:17,358 - root - INFO - datalength: 78708, _step: 2
2023-07-09 17:50:17,358 - root - INFO - BPP: 16, Transparency: False
2023-07-09 17:50:17,592 - root - DEBUG - Parsing parameters...
2023-07-09 17:50:17,702 - root - DEBUG - 0 Value: None
2023-07-09 17:50:17,702 - root - DEBUG - 0.1 Value: 73
2023-07-09 17:50:17,702 - root - DEBUG - 2 Value: None
2023-07-09 17:50:17,702 - root - DEBUG - 2.2 Value: 0
2023-07-09 17:50:17,702 - root - DEBUG - 2.3 Value: None
2023-07-09 17:50:17,702 - root - DEBUG - 2.3.1 Value: 0
2023-07-09 17:50:17,702 - root - DEBUG - 2.3.2 Value: 0
2023-07-09 17:50:17,702 - root - DEBUG - 2.3.3 Value: 0
2023-07-09 17:50:17,702 - root - DEBUG - 2.4 Value: None
2023-07-09 17:50:17,702 - root - DEBUG - 2.4.1 Value: 0
2023-07-09 17:50:17,702 - root - DEBUG - 2.4.2 Value: 0
2023-07-09 17:50:17,702 - root - DEBUG - 2.4.3 Value: 0
2023-07-09 17:50:17,702 - root - DEBUG - 2.5 Value: None
2023-07-09 17:50:17,702 - root - DEBUG - 2.5.1 Value: 0
2023-07-09 17:50:17,702 - root - DEBUG - 2.5.2 Value: 0
2023-07-09 17:50:17,702 - root - DEBUG - 2.5.3 Value: 0
2023-07-09 17:50:17,702 - root - DEBUG - 5 Value: None
2023-07-09 17:50:17,702 - root - DEBUG - 5.1 Value: None
2023-07-09 17:50:17,702 - root - DEBUG - 5.1.4 Value: 1
2023-07-09 17:50:17,702 - root - DEBUG - 5.1.5 Value: 1
2023-07-09 17:50:17,702 - root - DEBUG - 5.1.6 Value: 0
2023-07-09 17:50:17,702 - root - DEBUG - 20 Value: None
2023-07-09 17:50:17,702 - root - DEBUG - 20.2 Value: None
2023-07-09 17:50:17,702 - root - DEBUG - 20.2.1 Value: 153
2023-07-09 17:50:17,702 - root - DEBUG - 20.2.2 Value: 177
2023-07-09 17:50:17,702 - root - DEBUG - 20.3 Value: None
2023-07-09 17:50:17,702 - root - DEBUG - 20.3.1 Value: 1
2023-07-09 17:50:17,702 - root - DEBUG - 20.3.2 Value: 108
2023-07-09 17:50:17,702 - root - DEBUG - 20.4 Value: None
2023-07-09 17:50:17,702 - root - DEBUG - 20.4.1 Value: 2
2023-07-09 17:50:17,702 - root - DEBUG - 20.4.2 Value: 147
2023-07-09 17:50:17,717 - root - DEBUG - 20.5 Value: None
2023-07-09 17:50:17,717 - root - DEBUG - 20.5.1 Value: 3
2023-07-09 17:50:17,717 - root - DEBUG - 20.5.2 Value: 151
2023-07-09 17:50:17,717 - root - DEBUG - 20.5.4 Value: None
2023-07-09 17:50:17,717 - root - DEBUG - 20.5.4.1 Value: 150
2023-07-09 17:50:17,717 - root - DEBUG - 20.5.4.2 Value: 174
2023-07-09 17:50:17,717 - root - DEBUG - 20.5.4.3 Value: 4
2023-07-09 17:50:17,717 - root - DEBUG - 21 Value: None
2023-07-09 17:50:17,717 - root - DEBUG - 21.1 Value: None
2023-07-09 17:50:17,717 - root - DEBUG - 21.1.1 Value: 0
2023-07-09 17:50:17,717 - root - DEBUG - 21.1.2 Value: 0
2023-07-09 17:50:17,717 - root - DEBUG - 21.1.3 Value: 306
2023-07-09 17:50:17,717 - root - DEBUG - 21.1.4 Value: 354
2023-07-09 17:50:17,717 - root - DEBUG - 21.1.5 Value: 24
2023-07-09 17:50:17,717 - root - DEBUG - 21.1.6 Value: 0
2023-07-09 17:50:17,717 - root - DEBUG - 21.1.7 Value: 0
2023-07-09 17:50:17,717 - root - DEBUG - 21.1.8 Value: 5
2023-07-09 17:50:17,717 - root - DEBUG - 21.1.9 Value: 10
2023-07-09 17:50:17,717 - root - DEBUG - 21.3 Value: 0
2023-07-09 17:50:17,717 - root - DEBUG - 21.6 Value: 0
2023-07-09 17:50:17,717 - root - DEBUG - 21.8 Value: None
2023-07-09 17:50:17,717 - root - DEBUG - 21.8.1 Value: 1
2023-07-09 17:50:17,717 - root - DEBUG - 21.8.4 Value: 1
2023-07-09 17:50:17,717 - root - DEBUG - 21.8.5 Value: 1
2023-07-09 17:50:17,717 - root - DEBUG - 21.8.8 Value: 0
2023-07-09 17:50:17,717 - root - DEBUG - 21.8.9 Value: 0
2023-07-09 17:50:17,717 - root - DEBUG - 29 Value: None
2023-07-09 17:50:17,717 - root - DEBUG - 29.1 Value: None
2023-07-09 17:50:17,717 - root - DEBUG - 29.1.3 Value: None
2023-07-09 17:50:17,717 - root - DEBUG - 29.1.3.1 Value: None
2023-07-09 17:50:17,717 - root - DEBUG - 29.1.3.1.1 Value: 153
2023-07-09 17:50:17,717 - root - DEBUG - 29.1.3.1.2 Value: 177
2023-07-09 17:50:17,717 - root - DEBUG - 29.1.3.2 Value: None
2023-07-09 17:50:17,717 - root - DEBUG - 29.1.3.2.1 Value: 1
2023-07-09 17:50:17,717 - root - DEBUG - 29.1.3.2.2 Value: 108
2023-07-09 17:50:17,717 - root - DEBUG - 29.1.3.3 Value: None
2023-07-09 17:50:17,717 - root - DEBUG - 29.1.3.3.1 Value: 2
2023-07-09 17:50:17,717 - root - DEBUG - 29.1.3.3.2 Value: 147
2023-07-09 17:50:17,717 - root - DEBUG - 29.1.3.3.4 Value: None
2023-07-09 17:50:17,717 - root - DEBUG - 29.1.3.3.4.1 Value: 150
2023-07-09 17:50:17,717 - root - DEBUG - 29.1.3.3.4.2 Value: 174
2023-07-09 17:50:17,717 - root - DEBUG - 29.1.3.3.4.3 Value: 4
2023-07-09 17:50:17,717 - root - DEBUG - 0-Info
2023-07-09 17:50:17,717 - root - DEBUG - 0.1-DeviceId
2023-07-09 17:50:17,717 - root - DEBUG - 2-Background
2023-07-09 17:50:17,717 - root - DEBUG - 2.2-BackgroundColor
2023-07-09 17:50:17,717 - root - DEBUG - 2.3-Preview
2023-07-09 17:50:17,717 - root - DEBUG - 2.3.1-X
2023-07-09 17:50:17,717 - root - DEBUG - 2.3.2-Y
2023-07-09 17:50:17,717 - root - DEBUG - 2.3.3-ImageIndex
2023-07-09 17:50:17,717 - root - DEBUG - 2.4-PreviewTradChinese
2023-07-09 17:50:17,717 - root - DEBUG - 2.4.1-X
2023-07-09 17:50:17,717 - root - DEBUG - 2.4.2-Y
2023-07-09 17:50:17,717 - root - DEBUG - 2.4.3-ImageIndex
2023-07-09 17:50:17,717 - root - DEBUG - 2.5-PreviewChinese
2023-07-09 17:50:17,717 - root - DEBUG - 2.5.1-X
2023-07-09 17:50:17,717 - root - DEBUG - 2.5.2-Y
2023-07-09 17:50:17,717 - root - DEBUG - 2.5.3-ImageIndex
2023-07-09 17:50:17,717 - root - DEBUG - 5-DateBlock
2023-07-09 17:50:17,717 - root - DEBUG - 5.1-Date
2023-07-09 17:50:17,717 - root - DEBUG - 5.1.4-PaddingZeroMonth
2023-07-09 17:50:17,717 - root - DEBUG - 5.1.5-PaddingZeroDay
2023-07-09 17:50:17,717 - root - DEBUG - 5.1.6-UnknownBoolean6
2023-07-09 17:50:17,717 - root - DEBUG - 20-TimeAnalog
2023-07-09 17:50:17,717 - root - DEBUG - 20.2-CommonCenterCoordinates
2023-07-09 17:50:17,717 - root - DEBUG - 20.2.1-X
2023-07-09 17:50:17,717 - root - DEBUG - 20.2.2-Y
2023-07-09 17:50:17,717 - root - DEBUG - 20.3-Hours
2023-07-09 17:50:17,717 - root - DEBUG - 20.3.1-ImageIndex
2023-07-09 17:50:17,717 - root - DEBUG - 20.3.2-PointerCenterOfRotationY
2023-07-09 17:50:17,717 - root - DEBUG - 20.4-Minutes
2023-07-09 17:50:17,717 - root - DEBUG - 20.4.1-ImageIndex
2023-07-09 17:50:17,717 - root - DEBUG - 20.4.2-PointerCenterOfRotationY
2023-07-09 17:50:17,717 - root - DEBUG - 20.5-Seconds
2023-07-09 17:50:17,717 - root - DEBUG - 20.5.1-ImageIndex
2023-07-09 17:50:17,717 - root - DEBUG - 20.5.2-PointerCenterOfRotationY
2023-07-09 17:50:17,717 - root - DEBUG - 20.5.4-CoverImage
2023-07-09 17:50:17,717 - root - DEBUG - 20.5.4.1-X
2023-07-09 17:50:17,717 - root - DEBUG - 20.5.4.2-Y
2023-07-09 17:50:17,717 - root - DEBUG - 20.5.4.3-ImageIndex
2023-07-09 17:50:17,717 - root - DEBUG - 21-TimeDigital
2023-07-09 17:50:17,717 - root - DEBUG - 21.1-Hours
2023-07-09 17:50:17,717 - root - DEBUG - 21.1.1-TopLeftX
2023-07-09 17:50:17,717 - root - DEBUG - 21.1.2-TopLeftY
2023-07-09 17:50:17,717 - root - DEBUG - 21.1.3-BottomRightX
2023-07-09 17:50:17,717 - root - DEBUG - 21.1.4-BottomRightY
2023-07-09 17:50:17,717 - root - DEBUG - 21.1.5-Alignment
2023-07-09 17:50:17,717 - root - DEBUG - 21.1.6-Spacing
2023-07-09 17:50:17,717 - root - DEBUG - 21.1.7-VerticalOffset
2023-07-09 17:50:17,717 - root - DEBUG - 21.1.8-ImageIndex
2023-07-09 17:50:17,717 - root - DEBUG - 21.1.9-ImagesCount
2023-07-09 17:50:17,717 - root - DEBUG - 21.3-PaddingZeroHours
2023-07-09 17:50:17,717 - root - DEBUG - 21.6-HoursFollowPosition
2023-07-09 17:50:17,717 - root - DEBUG - 21.8-Time
2023-07-09 17:50:17,717 - root - DEBUG - 21.8.1-Unknown1
2023-07-09 17:50:17,717 - root - DEBUG - 21.8.4-PaddingZeroMinutes
2023-07-09 17:50:17,717 - root - DEBUG - 21.8.5-PaddingZeroSeconds
2023-07-09 17:50:17,717 - root - DEBUG - 21.8.8-MinutesFollowHours
2023-07-09 17:50:17,717 - root - DEBUG - 21.8.9-SecondsFollowMinutes
2023-07-09 17:50:17,717 - root - DEBUG - 29-AlwaysOnDisplay
2023-07-09 17:50:17,717 - root - DEBUG - 29.1-TimeExtended
2023-07-09 17:50:17,733 - root - DEBUG - 29.1.3-TimeAnalog
2023-07-09 17:50:17,733 - root - DEBUG - 29.1.3.1-CommonCenterCoordinates
2023-07-09 17:50:17,733 - root - DEBUG - 29.1.3.1.1-X
2023-07-09 17:50:17,733 - root - DEBUG - 29.1.3.1.2-Y
2023-07-09 17:50:17,733 - root - DEBUG - 29.1.3.2-Hours
2023-07-09 17:50:17,733 - root - DEBUG - 29.1.3.2.1-ImageIndex
2023-07-09 17:50:17,733 - root - DEBUG - 29.1.3.2.2-PointerCenterOfRotationY
2023-07-09 17:50:17,733 - root - DEBUG - 29.1.3.3-Minutes
2023-07-09 17:50:17,733 - root - DEBUG - 29.1.3.3.1-ImageIndex
2023-07-09 17:50:17,733 - root - DEBUG - 29.1.3.3.2-PointerCenterOfRotationY
2023-07-09 17:50:17,733 - root - DEBUG - 29.1.3.3.4-CoverImage
2023-07-09 17:50:17,733 - root - DEBUG - 29.1.3.3.4.1-X
2023-07-09 17:50:17,733 - root - DEBUG - 29.1.3.3.4.2-Y
2023-07-09 17:50:17,733 - root - DEBUG - 29.1.3.3.4.3-ImageIndex
2023-07-09 17:50:17,733 - root - DEBUG - generatePreviews
2023-07-09 17:50:17,733 - root - DEBUG - Generating previews...
2023-07-09 17:50:17,733 - root - DEBUG - Generating states done...
2023-07-09 17:50:17,748 - root - DEBUG - >>>>>>>>>>>> 0 <watchFaceParser.models.parameter.Parameter object at 0x0000017CB883C100>
2023-07-09 17:50:17,748 - root - DEBUG - >>>>>>>>>>>> 2 <watchFaceParser.models.parameter.Parameter object at 0x0000017CB88392B0>
2023-07-09 17:50:17,748 - root - DEBUG - >>>>>>>>>>>> 5 <watchFaceParser.models.parameter.Parameter object at 0x0000017CB8839A30>
2023-07-09 17:50:17,748 - root - DEBUG - >>>>>>>>>>>> 20 <watchFaceParser.models.parameter.Parameter object at 0x0000017CB8839C70>
2023-07-09 17:50:17,764 - root - DEBUG - >>>>>>>>>>>> 21 <watchFaceParser.models.parameter.Parameter object at 0x0000017CB883BA60>
2023-07-09 17:50:17,780 - root - DEBUG - >>>>>>>>>>>> 29 <watchFaceParser.models.parameter.Parameter object at 0x0000017CB883BA30>
2023-07-09 17:50:17,842 - root - DEBUG - Generating static preview gen done...
2023-07-09 17:50:17,920 - root - DEBUG - Generating static preview save done...
2023-07-09 17:50:17,920 - root - DEBUG - Generating anim preview gen done...
2023-07-09 17:50:17,920 - root - DEBUG - >>>>>>>>>>>> 0 <watchFaceParser.models.parameter.Parameter object at 0x0000017CB883C100>
2023-07-09 17:50:17,920 - root - DEBUG - >>>>>>>>>>>> 2 <watchFaceParser.models.parameter.Parameter object at 0x0000017CB88392B0>
2023-07-09 17:50:17,920 - root - DEBUG - >>>>>>>>>>>> 5 <watchFaceParser.models.parameter.Parameter object at 0x0000017CB8839A30>
2023-07-09 17:50:17,920 - root - DEBUG - >>>>>>>>>>>> 20 <watchFaceParser.models.parameter.Parameter object at 0x0000017CB8839C70>
2023-07-09 17:50:17,920 - root - DEBUG - >>>>>>>>>>>> 21 <watchFaceParser.models.parameter.Parameter object at 0x0000017CB883BA60>
2023-07-09 17:50:17,920 - root - DEBUG - >>>>>>>>>>>> 29 <watchFaceParser.models.parameter.Parameter object at 0x0000017CB883BA30>
2023-07-09 17:50:18,782 - root - DEBUG - generatePreviews done
2023-07-09 17:50:18,782 - root - DEBUG - Exporting resources to 'E:\Codez\zepp-gts2mini-wf\3d1d43787f2cf1bb426a5f88eda64749'
2023-07-09 17:50:18,785 - root - DEBUG - extracting E:\Codez\zepp-gts2mini-wf\3d1d43787f2cf1bb426a5f88eda64749\0000.png...
2023-07-09 17:50:18,798 - root - DEBUG - extracting E:\Codez\zepp-gts2mini-wf\3d1d43787f2cf1bb426a5f88eda64749\0001.png...
2023-07-09 17:50:18,799 - root - DEBUG - extracting E:\Codez\zepp-gts2mini-wf\3d1d43787f2cf1bb426a5f88eda64749\0002.png...
2023-07-09 17:50:18,800 - root - DEBUG - extracting E:\Codez\zepp-gts2mini-wf\3d1d43787f2cf1bb426a5f88eda64749\0003.png...
2023-07-09 17:50:18,802 - root - DEBUG - extracting E:\Codez\zepp-gts2mini-wf\3d1d43787f2cf1bb426a5f88eda64749\0004.png...
2023-07-09 17:50:18,803 - root - DEBUG - extracting E:\Codez\zepp-gts2mini-wf\3d1d43787f2cf1bb426a5f88eda64749\0005.png...
2023-07-09 17:50:18,822 - root - DEBUG - extracting E:\Codez\zepp-gts2mini-wf\3d1d43787f2cf1bb426a5f88eda64749\0006.png...
2023-07-09 17:50:18,828 - root - DEBUG - extracting E:\Codez\zepp-gts2mini-wf\3d1d43787f2cf1bb426a5f88eda64749\0007.png...
2023-07-09 17:50:18,840 - root - DEBUG - extracting E:\Codez\zepp-gts2mini-wf\3d1d43787f2cf1bb426a5f88eda64749\0008.png...
2023-07-09 17:50:18,845 - root - DEBUG - extracting E:\Codez\zepp-gts2mini-wf\3d1d43787f2cf1bb426a5f88eda64749\0009.png...
2023-07-09 17:50:18,860 - root - DEBUG - extracting E:\Codez\zepp-gts2mini-wf\3d1d43787f2cf1bb426a5f88eda64749\0010.png...
2023-07-09 17:50:18,876 - root - DEBUG - extracting E:\Codez\zepp-gts2mini-wf\3d1d43787f2cf1bb426a5f88eda64749\0011.png...
2023-07-09 17:50:18,891 - root - DEBUG - extracting E:\Codez\zepp-gts2mini-wf\3d1d43787f2cf1bb426a5f88eda64749\0012.png...
2023-07-09 17:50:18,907 - root - DEBUG - extracting E:\Codez\zepp-gts2mini-wf\3d1d43787f2cf1bb426a5f88eda64749\0013.png...
2023-07-09 17:50:18,923 - root - DEBUG - extracting E:\Codez\zepp-gts2mini-wf\3d1d43787f2cf1bb426a5f88eda64749\0014.png...
2023-07-09 17:50:18,938 - root - DEBUG - Exporting config...
