2023-07-09 17:49:54,076 - root - DEBUG - Opening watch face 'E:\Codez\zepp-gts2mini-wf\1af66be7a050fa9a732283f72b4def09.bin'
2023-07-09 17:49:54,089 - root - DEBUG - Reading parameters...
2023-07-09 17:49:54,089 - root - INFO - Reading header...
2023-07-09 17:49:54,092 - root - INFO - Header was read:
2023-07-09 17:49:54,092 - root - INFO - Signature: b'UIHH\x01\x00\xff', Unknown: 134, ParametersSize: 48, isValid: True, deviceId: 73
2023-07-09 17:49:54,092 - root - INFO - Reading parameter offsets...
2023-07-09 17:49:54,092 - root - INFO - Parameter offsets were read from file
2023-07-09 17:49:54,092 - root - INFO - Reading parameters descriptor...
2023-07-09 17:49:54,092 - root - INFO - 1 ( A): 5 bytes
2023-07-09 17:49:54,093 - root - INFO -     1 ( 8): 345 159
2023-07-09 17:49:54,093 - root - INFO -     2 (10): 63 3F
2023-07-09 17:49:54,093 - root - INFO - getParameters descriptor was read:
2023-07-09 17:49:54,093 - root - INFO - ParametersTableLength: 345, ImagesCount: 63
2023-07-09 17:49:54,093 - root - INFO - Reading parameters locations...
2023-07-09 17:49:54,093 - root - INFO - 2 (12): 4 bytes
2023-07-09 17:49:54,093 - root - INFO -     1 ( 8): 0  0
2023-07-09 17:49:54,094 - root - INFO -     2 (10): 32 20
2023-07-09 17:49:54,094 - root - INFO - 3 (1A): 4 bytes
2023-07-09 17:49:54,094 - root - INFO -     1 ( 8): 32 20
2023-07-09 17:49:54,094 - root - INFO -     2 (10): 61 3D
2023-07-09 17:49:54,094 - root - INFO - 5 (2A): 4 bytes
2023-07-09 17:49:54,094 - root - INFO -     1 ( 8): 93 5D
2023-07-09 17:49:54,094 - root - INFO -     2 (10): 79 4F
2023-07-09 17:49:54,095 - root - INFO - 6 (32): 5 bytes
2023-07-09 17:49:54,095 - root - INFO -     1 ( 8): 172 AC
2023-07-09 17:49:54,095 - root - INFO -     2 (10): 28 1C
2023-07-09 17:49:54,095 - root - INFO - 9 (4A): 5 bytes
2023-07-09 17:49:54,096 - root - INFO -     1 ( 8): 200 C8
2023-07-09 17:49:54,096 - root - INFO -     2 (10): 11  B
2023-07-09 17:49:54,096 - root - INFO - 29 (EA): 6 bytes
2023-07-09 17:49:54,096 - root - INFO -     1 ( 8): 211 D3
2023-07-09 17:49:54,097 - root - INFO -     2 (10): 134 86
2023-07-09 17:49:54,098 - root - INFO - Watch face parameters locations were read:
2023-07-09 17:49:54,098 - root - INFO - Reading descriptor for parameter 2
2023-07-09 17:49:54,098 - root - INFO - Descriptor offset: 0, Descriptor length: 32
2023-07-09 17:49:54,099 - root - INFO - Parsing descriptor for parameter 2...
2023-07-09 17:49:54,099 - root - INFO - 1 ( A): 6 bytes
2023-07-09 17:49:54,099 - root - INFO -     1 ( 8): 0  0
2023-07-09 17:49:54,099 - root - INFO -     2 (10): 0  0
2023-07-09 17:49:54,099 - root - INFO -     3 (18): 3  3
2023-07-09 17:49:54,099 - root - INFO - 3 (1A): 6 bytes
2023-07-09 17:49:54,100 - root - INFO -     1 ( 8): 0  0
2023-07-09 17:49:54,100 - root - INFO -     2 (10): 0  0
2023-07-09 17:49:54,101 - root - INFO -     3 (18): 1  1
2023-07-09 17:49:54,101 - root - INFO - 4 (22): 6 bytes
2023-07-09 17:49:54,101 - root - INFO -     1 ( 8): 0  0
2023-07-09 17:49:54,101 - root - INFO -     2 (10): 0  0
2023-07-09 17:49:54,101 - root - INFO -     3 (18): 2  2
2023-07-09 17:49:54,101 - root - INFO - 5 (2A): 6 bytes
2023-07-09 17:49:54,101 - root - INFO -     1 ( 8): 0  0
2023-07-09 17:49:54,101 - root - INFO -     2 (10): 0  0
2023-07-09 17:49:54,102 - root - INFO -     3 (18): 0  0
2023-07-09 17:49:54,102 - root - INFO - Reading descriptor for parameter 3
2023-07-09 17:49:54,102 - root - INFO - Descriptor offset: 32, Descriptor length: 61
2023-07-09 17:49:54,102 - root - INFO - Parsing descriptor for parameter 3...
2023-07-09 17:49:54,103 - root - INFO - 1 ( A): 59 bytes
2023-07-09 17:49:54,103 - root - INFO -     1 ( A): 20 bytes
2023-07-09 17:49:54,103 - root - INFO -         1 ( A): 8 bytes
2023-07-09 17:49:54,103 - root - INFO -             1 ( 8): 40 28
2023-07-09 17:49:54,104 - root - INFO -             2 (10): 44 2C
2023-07-09 17:49:54,105 - root - INFO -             3 (18): 4  4
2023-07-09 17:49:54,105 - root - INFO -             4 (20): 10  A
2023-07-09 17:49:54,105 - root - INFO -         2 (12): 8 bytes
2023-07-09 17:49:54,105 - root - INFO -             1 ( 8): 88 58
2023-07-09 17:49:54,105 - root - INFO -             2 (10): 44 2C
2023-07-09 17:49:54,105 - root - INFO -             3 (18): 4  4
2023-07-09 17:49:54,106 - root - INFO -             4 (20): 10  A
2023-07-09 17:49:54,106 - root - INFO -     2 (12): 22 bytes
2023-07-09 17:49:54,106 - root - INFO -         1 ( A): 9 bytes
2023-07-09 17:49:54,106 - root - INFO -             1 ( 8): 171 AB
2023-07-09 17:49:54,106 - root - INFO -             2 (10): 44 2C
2023-07-09 17:49:54,107 - root - INFO -             3 (18): 4  4
2023-07-09 17:49:54,108 - root - INFO -             4 (20): 10  A
2023-07-09 17:49:54,108 - root - INFO -         2 (12): 9 bytes
2023-07-09 17:49:54,108 - root - INFO -             1 ( 8): 219 DB
2023-07-09 17:49:54,108 - root - INFO -             2 (10): 44 2C
2023-07-09 17:49:54,108 - root - INFO -             3 (18): 4  4
2023-07-09 17:49:54,108 - root - INFO -             4 (20): 10  A
2023-07-09 17:49:54,108 - root - INFO -     5 (2A): 7 bytes
2023-07-09 17:49:54,109 - root - INFO -         1 ( 8): 136 88
2023-07-09 17:49:54,109 - root - INFO -         2 (10): 44 2C
2023-07-09 17:49:54,109 - root - INFO -         3 (18): 14  E
2023-07-09 17:49:54,109 - root - INFO -     7 (38): 0  0
2023-07-09 17:49:54,109 - root - INFO -     8 (40): 1  1
2023-07-09 17:49:54,110 - root - INFO - Reading descriptor for parameter 5
2023-07-09 17:49:54,110 - root - INFO - Descriptor offset: 93, Descriptor length: 79
2023-07-09 17:49:54,110 - root - INFO - Parsing descriptor for parameter 5...
2023-07-09 17:49:54,110 - root - INFO - 1 ( A): 32 bytes
2023-07-09 17:49:54,110 - root - INFO -     2 (12): 24 bytes
2023-07-09 17:49:54,110 - root - INFO -         1 ( A): 20 bytes
2023-07-09 17:49:54,111 - root - INFO -             1 ( 8): 114 72
2023-07-09 17:49:54,111 - root - INFO -             2 (10): 109 6D
2023-07-09 17:49:54,111 - root - INFO -             3 (18): 196 C4
2023-07-09 17:49:54,111 - root - INFO -             4 (20): 132 84
2023-07-09 17:49:54,111 - root - INFO -             5 (28): 18 12
2023-07-09 17:49:54,111 - root - INFO -             6 (30): 0  0
2023-07-09 17:49:54,111 - root - INFO -             7 (38): 0  0
2023-07-09 17:49:54,111 - root - INFO -             8 (40): 15  F
2023-07-09 17:49:54,112 - root - INFO -             9 (48): 10  A
2023-07-09 17:49:54,112 - root - INFO -         2 (10): 25 19
2023-07-09 17:49:54,112 - root - INFO -     4 (20): 1  1
2023-07-09 17:49:54,112 - root - INFO -     5 (28): 1  1
2023-07-09 17:49:54,112 - root - INFO -     6 (30): 0  0
2023-07-09 17:49:54,112 - root - INFO - 2 (12): 13 bytes
2023-07-09 17:49:54,112 - root - INFO -     1 ( 8): 212 D4
2023-07-09 17:49:54,113 - root - INFO -     2 (10): 108 6C
2023-07-09 17:49:54,113 - root - INFO -     3 (18): 47 2F
2023-07-09 17:49:54,113 - root - INFO -     4 (20): 48 30
2023-07-09 17:49:54,113 - root - INFO -     5 (28): 49 31
2023-07-09 17:49:54,113 - root - INFO -     6 (30): 50 32
2023-07-09 17:49:54,113 - root - INFO - 4 (22): 8 bytes
2023-07-09 17:49:54,113 - root - INFO -     1 ( 8): 37 25
2023-07-09 17:49:54,114 - root - INFO -     2 (10): 109 6D
2023-07-09 17:49:54,114 - root - INFO -     3 (18): 26 1A
2023-07-09 17:49:54,114 - root - INFO -     4 (20): 7  7
2023-07-09 17:49:54,114 - root - INFO - 5 (2A): 8 bytes
2023-07-09 17:49:54,114 - root - INFO -     1 ( 8): 37 25
2023-07-09 17:49:54,114 - root - INFO -     2 (10): 109 6D
2023-07-09 17:49:54,114 - root - INFO -     3 (18): 40 28
2023-07-09 17:49:54,115 - root - INFO -     4 (20): 7  7
2023-07-09 17:49:54,115 - root - INFO - 6 (32): 8 bytes
2023-07-09 17:49:54,115 - root - INFO -     1 ( 8): 37 25
2023-07-09 17:49:54,115 - root - INFO -     2 (10): 109 6D
2023-07-09 17:49:54,115 - root - INFO -     3 (18): 33 21
2023-07-09 17:49:54,115 - root - INFO -     4 (20): 7  7
2023-07-09 17:49:54,116 - root - INFO - Reading descriptor for parameter 6
2023-07-09 17:49:54,116 - root - INFO - Descriptor offset: 172, Descriptor length: 28
2023-07-09 17:49:54,116 - root - INFO - Parsing descriptor for parameter 6...
2023-07-09 17:49:54,116 - root - INFO - 2 (12): 26 bytes
2023-07-09 17:49:54,116 - root - INFO -     1 ( A): 24 bytes
2023-07-09 17:49:54,116 - root - INFO -         1 ( A): 18 bytes
2023-07-09 17:49:54,116 - root - INFO -             1 ( 8): 40 28
2023-07-09 17:49:54,117 - root - INFO -             2 (10): 10  A
2023-07-09 17:49:54,117 - root - INFO -             3 (18): 88 58
2023-07-09 17:49:54,117 - root - INFO -             4 (20): 33 21
2023-07-09 17:49:54,117 - root - INFO -             5 (28): 18 12
2023-07-09 17:49:54,117 - root - INFO -             6 (30): 0  0
2023-07-09 17:49:54,117 - root - INFO -             7 (38): 0  0
2023-07-09 17:49:54,118 - root - INFO -             8 (40): 15  F
2023-07-09 17:49:54,118 - root - INFO -             9 (48): 10  A
2023-07-09 17:49:54,118 - root - INFO -         2 (10): 51 33
2023-07-09 17:49:54,118 - root - INFO -         3 (18): 52 34
2023-07-09 17:49:54,118 - root - INFO - Reading descriptor for parameter 9
2023-07-09 17:49:54,118 - root - INFO - Descriptor offset: 200, Descriptor length: 11
2023-07-09 17:49:54,119 - root - INFO - Parsing descriptor for parameter 9...
2023-07-09 17:49:54,119 - root - INFO - 2 (12): 9 bytes
2023-07-09 17:49:54,119 - root - INFO -     1 ( 8): 236 EC
2023-07-09 17:49:54,119 - root - INFO -     2 (10): 10  A
2023-07-09 17:49:54,119 - root - INFO -     3 (18): 53 35
2023-07-09 17:49:54,119 - root - INFO -     4 (20): 10  A
2023-07-09 17:49:54,120 - root - INFO - Reading descriptor for parameter 29
2023-07-09 17:49:54,120 - root - INFO - Descriptor offset: 211, Descriptor length: 134
2023-07-09 17:49:54,120 - root - INFO - Parsing descriptor for parameter 29...
2023-07-09 17:49:54,120 - root - INFO - 1 ( A): 74 bytes
2023-07-09 17:49:54,120 - root - INFO -     1 ( A): 57 bytes
2023-07-09 17:49:54,121 - root - INFO -         1 ( A): 20 bytes
2023-07-09 17:49:54,121 - root - INFO -             1 ( A): 8 bytes
2023-07-09 17:49:54,121 - root - INFO -                 1 ( 8): 40 28
2023-07-09 17:49:54,121 - root - INFO -                 2 (10): 44 2C
2023-07-09 17:49:54,122 - root - INFO -                 3 (18): 4  4
2023-07-09 17:49:54,122 - root - INFO -                 4 (20): 10  A
2023-07-09 17:49:54,122 - root - INFO -             2 (12): 8 bytes
2023-07-09 17:49:54,122 - root - INFO -                 1 ( 8): 88 58
2023-07-09 17:49:54,122 - root - INFO -                 2 (10): 44 2C
2023-07-09 17:49:54,122 - root - INFO -                 3 (18): 4  4
2023-07-09 17:49:54,122 - root - INFO -                 4 (20): 10  A
2023-07-09 17:49:54,123 - root - INFO -         2 (12): 22 bytes
2023-07-09 17:49:54,123 - root - INFO -             1 ( A): 9 bytes
2023-07-09 17:49:54,123 - root - INFO -                 1 ( 8): 171 AB
2023-07-09 17:49:54,123 - root - INFO -                 2 (10): 44 2C
2023-07-09 17:49:54,124 - root - INFO -                 3 (18): 4  4
2023-07-09 17:49:54,124 - root - INFO -                 4 (20): 10  A
2023-07-09 17:49:54,124 - root - INFO -             2 (12): 9 bytes
2023-07-09 17:49:54,124 - root - INFO -                 1 ( 8): 219 DB
2023-07-09 17:49:54,125 - root - INFO -                 2 (10): 44 2C
2023-07-09 17:49:54,125 - root - INFO -                 3 (18): 4  4
2023-07-09 17:49:54,125 - root - INFO -                 4 (20): 10  A
2023-07-09 17:49:54,125 - root - INFO -         3 (1A): 7 bytes
2023-07-09 17:49:54,125 - root - INFO -             1 ( 8): 136 88
2023-07-09 17:49:54,125 - root - INFO -             2 (10): 44 2C
2023-07-09 17:49:54,125 - root - INFO -             3 (18): 14  E
2023-07-09 17:49:54,126 - root - INFO -         4 (20): 1  1
2023-07-09 17:49:54,126 - root - INFO -     4 (22): 13 bytes
2023-07-09 17:49:54,126 - root - INFO -         1 ( 8): 212 D4
2023-07-09 17:49:54,126 - root - INFO -         2 (10): 108 6C
2023-07-09 17:49:54,126 - root - INFO -         3 (18): 47 2F
2023-07-09 17:49:54,126 - root - INFO -         4 (20): 48 30
2023-07-09 17:49:54,126 - root - INFO -         5 (28): 49 31
2023-07-09 17:49:54,127 - root - INFO -         6 (30): 50 32
2023-07-09 17:49:54,127 - root - INFO - 2 (12): 24 bytes
2023-07-09 17:49:54,127 - root - INFO -     1 ( A): 20 bytes
2023-07-09 17:49:54,127 - root - INFO -         1 ( 8): 114 72
2023-07-09 17:49:54,127 - root - INFO -         2 (10): 109 6D
2023-07-09 17:49:54,127 - root - INFO -         3 (18): 196 C4
2023-07-09 17:49:54,127 - root - INFO -         4 (20): 132 84
2023-07-09 17:49:54,128 - root - INFO -         5 (28): 18 12
2023-07-09 17:49:54,128 - root - INFO -         6 (30): 0  0
2023-07-09 17:49:54,128 - root - INFO -         7 (38): 0  0
2023-07-09 17:49:54,128 - root - INFO -         8 (40): 15  F
2023-07-09 17:49:54,128 - root - INFO -         9 (48): 10  A
2023-07-09 17:49:54,128 - root - INFO -     2 (10): 25 19
2023-07-09 17:49:54,128 - root - INFO - 3 (1A): 30 bytes
2023-07-09 17:49:54,128 - root - INFO -     1 ( A): 8 bytes
2023-07-09 17:49:54,129 - root - INFO -         1 ( 8): 37 25
2023-07-09 17:49:54,129 - root - INFO -         2 (10): 109 6D
2023-07-09 17:49:54,129 - root - INFO -         3 (18): 26 1A
2023-07-09 17:49:54,129 - root - INFO -         4 (20): 7  7
2023-07-09 17:49:54,129 - root - INFO -     2 (12): 8 bytes
2023-07-09 17:49:54,129 - root - INFO -         1 ( 8): 37 25
2023-07-09 17:49:54,129 - root - INFO -         2 (10): 109 6D
2023-07-09 17:49:54,130 - root - INFO -         3 (18): 40 28
2023-07-09 17:49:54,130 - root - INFO -         4 (20): 7  7
2023-07-09 17:49:54,130 - root - INFO -     3 (1A): 8 bytes
2023-07-09 17:49:54,130 - root - INFO -         1 ( 8): 37 25
2023-07-09 17:49:54,130 - root - INFO -         2 (10): 109 6D
2023-07-09 17:49:54,130 - root - INFO -         3 (18): 33 21
2023-07-09 17:49:54,130 - root - INFO -         4 (20): 7  7
2023-07-09 17:49:54,136 - root - INFO - Reading resources offsets table with 63 elements (252 bytes)
2023-07-09 17:49:54,136 - root - INFO - Resource 0 offset: 732, length: 101656...
2023-07-09 17:49:54,137 - root - DEBUG - Reading resource 0...
2023-07-09 17:49:54,199 - root - INFO - The image is bmc.
2023-07-09 17:49:54,200 - root - INFO - Reading image header(readHeader16C)...
2023-07-09 17:49:54,200 - root - INFO - Image header was read:
2023-07-09 17:49:54,200 - root - INFO - Width: 210, Height: 242, RowLength: 420
2023-07-09 17:49:54,200 - root - INFO - _step: 2, unknown2: 0,
2023-07-09 17:49:54,200 - root - INFO - BPP: 16, Transparency: False
2023-07-09 17:49:54,710 - root - INFO - Resource 1 offset: 102388, length: 101656...
2023-07-09 17:49:54,710 - root - DEBUG - Reading resource 1...
2023-07-09 17:49:54,711 - root - INFO - The image is bmc.
2023-07-09 17:49:54,711 - root - INFO - Reading image header(readHeader16C)...
2023-07-09 17:49:54,712 - root - INFO - Image header was read:
2023-07-09 17:49:54,712 - root - INFO - Width: 210, Height: 242, RowLength: 420
2023-07-09 17:49:54,712 - root - INFO - _step: 2, unknown2: 0,
2023-07-09 17:49:54,712 - root - INFO - BPP: 16, Transparency: False
2023-07-09 17:49:55,061 - root - INFO - Resource 2 offset: 204044, length: 101656...
2023-07-09 17:49:55,061 - root - DEBUG - Reading resource 2...
2023-07-09 17:49:55,061 - root - INFO - The image is bmc.
2023-07-09 17:49:55,062 - root - INFO - Reading image header(readHeader16C)...
2023-07-09 17:49:55,062 - root - INFO - Image header was read:
2023-07-09 17:49:55,062 - root - INFO - Width: 210, Height: 242, RowLength: 420
2023-07-09 17:49:55,062 - root - INFO - _step: 2, unknown2: 0,
2023-07-09 17:49:55,062 - root - INFO - BPP: 16, Transparency: False
2023-07-09 17:49:55,369 - root - INFO - Resource 3 offset: 305700, length: 216664...
2023-07-09 17:49:55,370 - root - DEBUG - Reading resource 3...
2023-07-09 17:49:55,370 - root - INFO - The image is bmc.
2023-07-09 17:49:55,370 - root - INFO - Reading image header(readHeader16C)...
2023-07-09 17:49:55,370 - root - INFO - Image header was read:
2023-07-09 17:49:55,370 - root - INFO - Width: 306, Height: 354, RowLength: 612
2023-07-09 17:49:55,370 - root - INFO - _step: 2, unknown2: 0,
2023-07-09 17:49:55,370 - root - INFO - BPP: 16, Transparency: False
2023-07-09 17:49:56,011 - root - INFO - Resource 4 offset: 522364, length: 2400...
2023-07-09 17:49:56,011 - root - DEBUG - Reading resource 4...
2023-07-09 17:49:56,011 - root - INFO - The image is bme.
2023-07-09 17:49:56,012 - root - INFO - Reading image header(readHeader16E)...
2023-07-09 17:49:56,012 - root - INFO - Image header was read:
2023-07-09 17:49:56,012 - root - INFO - Width: 49, Height: 56, RowLength: 98
2023-07-09 17:49:56,012 - root - INFO - datalength: 2384, _step: 2
2023-07-09 17:49:56,012 - root - INFO - BPP: 16, Transparency: False
2023-07-09 17:49:56,019 - root - INFO - Resource 5 offset: 524764, length: 1148...
2023-07-09 17:49:56,019 - root - DEBUG - Reading resource 5...
2023-07-09 17:49:56,019 - root - INFO - The image is bme.
2023-07-09 17:49:56,019 - root - INFO - Reading image header(readHeader16E)...
2023-07-09 17:49:56,019 - root - INFO - Image header was read:
2023-07-09 17:49:56,019 - root - INFO - Width: 49, Height: 56, RowLength: 98
2023-07-09 17:49:56,019 - root - INFO - datalength: 1132, _step: 2
2023-07-09 17:49:56,019 - root - INFO - BPP: 16, Transparency: False
2023-07-09 17:49:56,023 - root - INFO - Resource 6 offset: 525912, length: 1974...
2023-07-09 17:49:56,023 - root - DEBUG - Reading resource 6...
2023-07-09 17:49:56,023 - root - INFO - The image is bme.
2023-07-09 17:49:56,023 - root - INFO - Reading image header(readHeader16E)...
2023-07-09 17:49:56,023 - root - INFO - Image header was read:
2023-07-09 17:49:56,024 - root - INFO - Width: 48, Height: 56, RowLength: 96
2023-07-09 17:49:56,024 - root - INFO - datalength: 1958, _step: 2
2023-07-09 17:49:56,024 - root - INFO - BPP: 16, Transparency: False
2023-07-09 17:49:56,030 - root - INFO - Resource 7 offset: 527886, length: 2106...
2023-07-09 17:49:56,030 - root - DEBUG - Reading resource 7...
2023-07-09 17:49:56,030 - root - INFO - The image is bme.
2023-07-09 17:49:56,030 - root - INFO - Reading image header(readHeader16E)...
2023-07-09 17:49:56,030 - root - INFO - Image header was read:
2023-07-09 17:49:56,030 - root - INFO - Width: 48, Height: 56, RowLength: 96
2023-07-09 17:49:56,030 - root - INFO - datalength: 2090, _step: 2
2023-07-09 17:49:56,030 - root - INFO - BPP: 16, Transparency: False
2023-07-09 17:49:56,037 - root - INFO - Resource 8 offset: 529992, length: 2114...
2023-07-09 17:49:56,037 - root - DEBUG - Reading resource 8...
2023-07-09 17:49:56,037 - root - INFO - The image is bme.
2023-07-09 17:49:56,037 - root - INFO - Reading image header(readHeader16E)...
2023-07-09 17:49:56,037 - root - INFO - Image header was read:
2023-07-09 17:49:56,037 - root - INFO - Width: 48, Height: 56, RowLength: 96
2023-07-09 17:49:56,037 - root - INFO - datalength: 2098, _step: 2
2023-07-09 17:49:56,037 - root - INFO - BPP: 16, Transparency: False
2023-07-09 17:49:56,044 - root - INFO - Resource 9 offset: 532106, length: 2014...
2023-07-09 17:49:56,044 - root - DEBUG - Reading resource 9...
2023-07-09 17:49:56,044 - root - INFO - The image is bme.
2023-07-09 17:49:56,044 - root - INFO - Reading image header(readHeader16E)...
2023-07-09 17:49:56,044 - root - INFO - Image header was read:
2023-07-09 17:49:56,044 - root - INFO - Width: 48, Height: 56, RowLength: 96
2023-07-09 17:49:56,045 - root - INFO - datalength: 1998, _step: 2
2023-07-09 17:49:56,045 - root - INFO - BPP: 16, Transparency: False
2023-07-09 17:49:56,052 - root - INFO - Resource 10 offset: 534120, length: 2126...
2023-07-09 17:49:56,052 - root - DEBUG - Reading resource 10...
2023-07-09 17:49:56,052 - root - INFO - The image is bme.
2023-07-09 17:49:56,052 - root - INFO - Reading image header(readHeader16E)...
2023-07-09 17:49:56,053 - root - INFO - Image header was read:
2023-07-09 17:49:56,053 - root - INFO - Width: 48, Height: 56, RowLength: 96
2023-07-09 17:49:56,053 - root - INFO - datalength: 2110, _step: 2
2023-07-09 17:49:56,053 - root - INFO - BPP: 16, Transparency: False
2023-07-09 17:49:56,059 - root - INFO - Resource 11 offset: 536246, length: 1700...
2023-07-09 17:49:56,059 - root - DEBUG - Reading resource 11...
2023-07-09 17:49:56,060 - root - INFO - The image is bme.
2023-07-09 17:49:56,060 - root - INFO - Reading image header(readHeader16E)...
2023-07-09 17:49:56,060 - root - INFO - Image header was read:
2023-07-09 17:49:56,060 - root - INFO - Width: 48, Height: 56, RowLength: 96
2023-07-09 17:49:56,060 - root - INFO - datalength: 1684, _step: 2
2023-07-09 17:49:56,060 - root - INFO - BPP: 16, Transparency: False
2023-07-09 17:49:56,065 - root - INFO - Resource 12 offset: 537946, length: 2572...
2023-07-09 17:49:56,065 - root - DEBUG - Reading resource 12...
2023-07-09 17:49:56,065 - root - INFO - The image is bme.
2023-07-09 17:49:56,065 - root - INFO - Reading image header(readHeader16E)...
2023-07-09 17:49:56,065 - root - INFO - Image header was read:
2023-07-09 17:49:56,066 - root - INFO - Width: 48, Height: 56, RowLength: 96
2023-07-09 17:49:56,066 - root - INFO - datalength: 2556, _step: 2
2023-07-09 17:49:56,066 - root - INFO - BPP: 16, Transparency: False
2023-07-09 17:49:56,074 - root - INFO - Resource 13 offset: 540518, length: 2222...
2023-07-09 17:49:56,074 - root - DEBUG - Reading resource 13...
2023-07-09 17:49:56,074 - root - INFO - The image is bme.
2023-07-09 17:49:56,074 - root - INFO - Reading image header(readHeader16E)...
2023-07-09 17:49:56,074 - root - INFO - Image header was read:
2023-07-09 17:49:56,074 - root - INFO - Width: 49, Height: 56, RowLength: 98
2023-07-09 17:49:56,074 - root - INFO - datalength: 2206, _step: 2
2023-07-09 17:49:56,075 - root - INFO - BPP: 16, Transparency: False
2023-07-09 17:49:56,081 - root - INFO - Resource 14 offset: 542740, length: 320...
2023-07-09 17:49:56,081 - root - DEBUG - Reading resource 14...
2023-07-09 17:49:56,081 - root - INFO - The image is bme.
2023-07-09 17:49:56,081 - root - INFO - Reading image header(readHeader16E)...
2023-07-09 17:49:56,081 - root - INFO - Image header was read:
2023-07-09 17:49:56,082 - root - INFO - Width: 36, Height: 56, RowLength: 72
2023-07-09 17:49:56,082 - root - INFO - datalength: 304, _step: 2
2023-07-09 17:49:56,082 - root - INFO - BPP: 16, Transparency: False
2023-07-09 17:49:56,083 - root - INFO - Resource 15 offset: 543060, length: 564...
2023-07-09 17:49:56,083 - root - DEBUG - Reading resource 15...
2023-07-09 17:49:56,083 - root - INFO - The image is bme.
2023-07-09 17:49:56,083 - root - INFO - Reading image header(readHeader16E)...
2023-07-09 17:49:56,083 - root - INFO - Image header was read:
2023-07-09 17:49:56,083 - root - INFO - Width: 18, Height: 23, RowLength: 36
2023-07-09 17:49:56,083 - root - INFO - datalength: 548, _step: 2
2023-07-09 17:49:56,084 - root - INFO - BPP: 16, Transparency: False
2023-07-09 17:49:56,085 - root - INFO - Resource 16 offset: 543624, length: 292...
2023-07-09 17:49:56,085 - root - DEBUG - Reading resource 16...
2023-07-09 17:49:56,085 - root - INFO - The image is bme.
2023-07-09 17:49:56,085 - root - INFO - Reading image header(readHeader16E)...
2023-07-09 17:49:56,085 - root - INFO - Image header was read:
2023-07-09 17:49:56,086 - root - INFO - Width: 18, Height: 23, RowLength: 36
2023-07-09 17:49:56,086 - root - INFO - datalength: 276, _step: 2
2023-07-09 17:49:56,086 - root - INFO - BPP: 16, Transparency: False
2023-07-09 17:49:56,086 - root - INFO - Resource 17 offset: 543916, length: 468...
2023-07-09 17:49:56,086 - root - DEBUG - Reading resource 17...
2023-07-09 17:49:56,087 - root - INFO - The image is bme.
2023-07-09 17:49:56,087 - root - INFO - Reading image header(readHeader16E)...
2023-07-09 17:49:56,087 - root - INFO - Image header was read:
2023-07-09 17:49:56,087 - root - INFO - Width: 18, Height: 23, RowLength: 36
2023-07-09 17:49:56,087 - root - INFO - datalength: 452, _step: 2
2023-07-09 17:49:56,087 - root - INFO - BPP: 16, Transparency: False
2023-07-09 17:49:56,088 - root - INFO - Resource 18 offset: 544384, length: 484...
2023-07-09 17:49:56,089 - root - DEBUG - Reading resource 18...
2023-07-09 17:49:56,089 - root - INFO - The image is bme.
2023-07-09 17:49:56,089 - root - INFO - Reading image header(readHeader16E)...
2023-07-09 17:49:56,089 - root - INFO - Image header was read:
2023-07-09 17:49:56,089 - root - INFO - Width: 18, Height: 23, RowLength: 36
2023-07-09 17:49:56,089 - root - INFO - datalength: 468, _step: 2
2023-07-09 17:49:56,089 - root - INFO - BPP: 16, Transparency: False
2023-07-09 17:49:56,091 - root - INFO - Resource 19 offset: 544868, length: 444...
2023-07-09 17:49:56,091 - root - DEBUG - Reading resource 19...
2023-07-09 17:49:56,091 - root - INFO - The image is bme.
2023-07-09 17:49:56,091 - root - INFO - Reading image header(readHeader16E)...
2023-07-09 17:49:56,091 - root - INFO - Image header was read:
2023-07-09 17:49:56,092 - root - INFO - Width: 18, Height: 23, RowLength: 36
2023-07-09 17:49:56,092 - root - INFO - datalength: 428, _step: 2
2023-07-09 17:49:56,092 - root - INFO - BPP: 16, Transparency: False
2023-07-09 17:49:56,093 - root - INFO - Resource 20 offset: 545312, length: 446...
2023-07-09 17:49:56,093 - root - DEBUG - Reading resource 20...
2023-07-09 17:49:56,093 - root - INFO - The image is bme.
2023-07-09 17:49:56,093 - root - INFO - Reading image header(readHeader16E)...
2023-07-09 17:49:56,094 - root - INFO - Image header was read:
2023-07-09 17:49:56,094 - root - INFO - Width: 18, Height: 23, RowLength: 36
2023-07-09 17:49:56,094 - root - INFO - datalength: 430, _step: 2
2023-07-09 17:49:56,094 - root - INFO - BPP: 16, Transparency: False
2023-07-09 17:49:56,095 - root - INFO - Resource 21 offset: 545758, length: 462...
2023-07-09 17:49:56,095 - root - DEBUG - Reading resource 21...
2023-07-09 17:49:56,095 - root - INFO - The image is bme.
2023-07-09 17:49:56,095 - root - INFO - Reading image header(readHeader16E)...
2023-07-09 17:49:56,096 - root - INFO - Image header was read:
2023-07-09 17:49:56,096 - root - INFO - Width: 18, Height: 23, RowLength: 36
2023-07-09 17:49:56,096 - root - INFO - datalength: 446, _step: 2
2023-07-09 17:49:56,096 - root - INFO - BPP: 16, Transparency: False
2023-07-09 17:49:56,097 - root - INFO - Resource 22 offset: 546220, length: 400...
2023-07-09 17:49:56,097 - root - DEBUG - Reading resource 22...
2023-07-09 17:49:56,097 - root - INFO - The image is bme.
2023-07-09 17:49:56,097 - root - INFO - Reading image header(readHeader16E)...
2023-07-09 17:49:56,098 - root - INFO - Image header was read:
2023-07-09 17:49:56,098 - root - INFO - Width: 18, Height: 23, RowLength: 36
2023-07-09 17:49:56,098 - root - INFO - datalength: 384, _step: 2
2023-07-09 17:49:56,098 - root - INFO - BPP: 16, Transparency: False
2023-07-09 17:49:56,099 - root - INFO - Resource 23 offset: 546620, length: 568...
2023-07-09 17:49:56,099 - root - DEBUG - Reading resource 23...
2023-07-09 17:49:56,099 - root - INFO - The image is bme.
2023-07-09 17:49:56,099 - root - INFO - Reading image header(readHeader16E)...
2023-07-09 17:49:56,100 - root - INFO - Image header was read:
2023-07-09 17:49:56,100 - root - INFO - Width: 18, Height: 23, RowLength: 36
2023-07-09 17:49:56,100 - root - INFO - datalength: 552, _step: 2
2023-07-09 17:49:56,100 - root - INFO - BPP: 16, Transparency: False
2023-07-09 17:49:56,101 - root - INFO - Resource 24 offset: 547188, length: 502...
2023-07-09 17:49:56,101 - root - DEBUG - Reading resource 24...
2023-07-09 17:49:56,102 - root - INFO - The image is bme.
2023-07-09 17:49:56,102 - root - INFO - Reading image header(readHeader16E)...
2023-07-09 17:49:56,102 - root - INFO - Image header was read:
2023-07-09 17:49:56,102 - root - INFO - Width: 18, Height: 23, RowLength: 36
2023-07-09 17:49:56,102 - root - INFO - datalength: 486, _step: 2
2023-07-09 17:49:56,102 - root - INFO - BPP: 16, Transparency: False
2023-07-09 17:49:56,103 - root - INFO - Resource 25 offset: 547690, length: 312...
2023-07-09 17:49:56,103 - root - DEBUG - Reading resource 25...
2023-07-09 17:49:56,104 - root - INFO - The image is bme.
2023-07-09 17:49:56,104 - root - INFO - Reading image header(readHeader16E)...
2023-07-09 17:49:56,104 - root - INFO - Image header was read:
2023-07-09 17:49:56,104 - root - INFO - Width: 14, Height: 23, RowLength: 28
2023-07-09 17:49:56,104 - root - INFO - datalength: 296, _step: 2
2023-07-09 17:49:56,104 - root - INFO - BPP: 16, Transparency: False
2023-07-09 17:49:56,105 - root - INFO - Resource 26 offset: 548002, length: 1776...
2023-07-09 17:49:56,105 - root - DEBUG - Reading resource 26...
2023-07-09 17:49:56,105 - root - INFO - The image is bme.
2023-07-09 17:49:56,105 - root - INFO - Reading image header(readHeader16E)...
2023-07-09 17:49:56,106 - root - INFO - Image header was read:
2023-07-09 17:49:56,106 - root - INFO - Width: 55, Height: 23, RowLength: 110
2023-07-09 17:49:56,106 - root - INFO - datalength: 1760, _step: 2
2023-07-09 17:49:56,106 - root - INFO - BPP: 16, Transparency: False
2023-07-09 17:49:56,110 - root - INFO - Resource 27 offset: 549778, length: 1152...
2023-07-09 17:49:56,111 - root - DEBUG - Reading resource 27...
2023-07-09 17:49:56,111 - root - INFO - The image is bme.
2023-07-09 17:49:56,111 - root - INFO - Reading image header(readHeader16E)...
2023-07-09 17:49:56,111 - root - INFO - Image header was read:
2023-07-09 17:49:56,111 - root - INFO - Width: 55, Height: 23, RowLength: 110
2023-07-09 17:49:56,111 - root - INFO - datalength: 1136, _step: 2
2023-07-09 17:49:56,111 - root - INFO - BPP: 16, Transparency: False
2023-07-09 17:49:56,114 - root - INFO - Resource 28 offset: 550930, length: 1592...
2023-07-09 17:49:56,114 - root - DEBUG - Reading resource 28...
2023-07-09 17:49:56,114 - root - INFO - The image is bme.
2023-07-09 17:49:56,114 - root - INFO - Reading image header(readHeader16E)...
2023-07-09 17:49:56,114 - root - INFO - Image header was read:
2023-07-09 17:49:56,115 - root - INFO - Width: 55, Height: 23, RowLength: 110
2023-07-09 17:49:56,115 - root - INFO - datalength: 1576, _step: 2
2023-07-09 17:49:56,115 - root - INFO - BPP: 16, Transparency: False
2023-07-09 17:49:56,119 - root - INFO - Resource 29 offset: 552522, length: 1282...
2023-07-09 17:49:56,119 - root - DEBUG - Reading resource 29...
2023-07-09 17:49:56,119 - root - INFO - The image is bme.
2023-07-09 17:49:56,119 - root - INFO - Reading image header(readHeader16E)...
2023-07-09 17:49:56,119 - root - INFO - Image header was read:
2023-07-09 17:49:56,119 - root - INFO - Width: 55, Height: 23, RowLength: 110
2023-07-09 17:49:56,119 - root - INFO - datalength: 1266, _step: 2
2023-07-09 17:49:56,119 - root - INFO - BPP: 16, Transparency: False
2023-07-09 17:49:56,123 - root - INFO - Resource 30 offset: 553804, length: 1080...
2023-07-09 17:49:56,125 - root - DEBUG - Reading resource 30...
2023-07-09 17:49:56,125 - root - INFO - The image is bme.
2023-07-09 17:49:56,125 - root - INFO - Reading image header(readHeader16E)...
2023-07-09 17:49:56,125 - root - INFO - Image header was read:
2023-07-09 17:49:56,125 - root - INFO - Width: 55, Height: 23, RowLength: 110
2023-07-09 17:49:56,125 - root - INFO - datalength: 1064, _step: 2
2023-07-09 17:49:56,125 - root - INFO - BPP: 16, Transparency: False
2023-07-09 17:49:56,128 - root - INFO - Resource 31 offset: 554884, length: 1128...
2023-07-09 17:49:56,128 - root - DEBUG - Reading resource 31...
2023-07-09 17:49:56,128 - root - INFO - The image is bme.
2023-07-09 17:49:56,128 - root - INFO - Reading image header(readHeader16E)...
2023-07-09 17:49:56,128 - root - INFO - Image header was read:
2023-07-09 17:49:56,129 - root - INFO - Width: 55, Height: 23, RowLength: 110
2023-07-09 17:49:56,129 - root - INFO - datalength: 1112, _step: 2
2023-07-09 17:49:56,129 - root - INFO - BPP: 16, Transparency: False
2023-07-09 17:49:56,131 - root - INFO - Resource 32 offset: 556012, length: 1444...
2023-07-09 17:49:56,132 - root - DEBUG - Reading resource 32...
2023-07-09 17:49:56,132 - root - INFO - The image is bme.
2023-07-09 17:49:56,132 - root - INFO - Reading image header(readHeader16E)...
2023-07-09 17:49:56,132 - root - INFO - Image header was read:
2023-07-09 17:49:56,132 - root - INFO - Width: 55, Height: 23, RowLength: 110
2023-07-09 17:49:56,132 - root - INFO - datalength: 1428, _step: 2
2023-07-09 17:49:56,132 - root - INFO - BPP: 16, Transparency: False
2023-07-09 17:49:56,136 - root - INFO - Resource 33 offset: 557456, length: 1046...
2023-07-09 17:49:56,136 - root - DEBUG - Reading resource 33...
2023-07-09 17:49:56,136 - root - INFO - The image is bme.
2023-07-09 17:49:56,136 - root - INFO - Reading image header(readHeader16E)...
2023-07-09 17:49:56,136 - root - INFO - Image header was read:
2023-07-09 17:49:56,136 - root - INFO - Width: 55, Height: 23, RowLength: 110
2023-07-09 17:49:56,136 - root - INFO - datalength: 1030, _step: 2
2023-07-09 17:49:56,136 - root - INFO - BPP: 16, Transparency: False
2023-07-09 17:49:56,139 - root - INFO - Resource 34 offset: 558502, length: 1152...
2023-07-09 17:49:56,139 - root - DEBUG - Reading resource 34...
2023-07-09 17:49:56,139 - root - INFO - The image is bme.
2023-07-09 17:49:56,139 - root - INFO - Reading image header(readHeader16E)...
2023-07-09 17:49:56,139 - root - INFO - Image header was read:
2023-07-09 17:49:56,140 - root - INFO - Width: 55, Height: 23, RowLength: 110
2023-07-09 17:49:56,140 - root - INFO - datalength: 1136, _step: 2
2023-07-09 17:49:56,140 - root - INFO - BPP: 16, Transparency: False
2023-07-09 17:49:56,144 - root - INFO - Resource 35 offset: 559654, length: 1206...
2023-07-09 17:49:56,144 - root - DEBUG - Reading resource 35...
2023-07-09 17:49:56,145 - root - INFO - The image is bme.
2023-07-09 17:49:56,145 - root - INFO - Reading image header(readHeader16E)...
2023-07-09 17:49:56,145 - root - INFO - Image header was read:
2023-07-09 17:49:56,145 - root - INFO - Width: 55, Height: 23, RowLength: 110
2023-07-09 17:49:56,145 - root - INFO - datalength: 1190, _step: 2
2023-07-09 17:49:56,145 - root - INFO - BPP: 16, Transparency: False
2023-07-09 17:49:56,148 - root - INFO - Resource 36 offset: 560860, length: 1738...
2023-07-09 17:49:56,148 - root - DEBUG - Reading resource 36...
2023-07-09 17:49:56,149 - root - INFO - The image is bme.
2023-07-09 17:49:56,149 - root - INFO - Reading image header(readHeader16E)...
2023-07-09 17:49:56,149 - root - INFO - Image header was read:
2023-07-09 17:49:56,149 - root - INFO - Width: 55, Height: 23, RowLength: 110
2023-07-09 17:49:56,149 - root - INFO - datalength: 1722, _step: 2
2023-07-09 17:49:56,149 - root - INFO - BPP: 16, Transparency: False
2023-07-09 17:49:56,153 - root - INFO - Resource 37 offset: 562598, length: 1432...
2023-07-09 17:49:56,153 - root - DEBUG - Reading resource 37...
2023-07-09 17:49:56,154 - root - INFO - The image is bme.
2023-07-09 17:49:56,154 - root - INFO - Reading image header(readHeader16E)...
2023-07-09 17:49:56,154 - root - INFO - Image header was read:
2023-07-09 17:49:56,154 - root - INFO - Width: 55, Height: 23, RowLength: 110
2023-07-09 17:49:56,154 - root - INFO - datalength: 1416, _step: 2
2023-07-09 17:49:56,154 - root - INFO - BPP: 16, Transparency: False
2023-07-09 17:49:56,158 - root - INFO - Resource 38 offset: 564030, length: 1438...
2023-07-09 17:49:56,159 - root - DEBUG - Reading resource 38...
2023-07-09 17:49:56,159 - root - INFO - The image is bme.
2023-07-09 17:49:56,159 - root - INFO - Reading image header(readHeader16E)...
2023-07-09 17:49:56,159 - root - INFO - Image header was read:
2023-07-09 17:49:56,159 - root - INFO - Width: 55, Height: 23, RowLength: 110
2023-07-09 17:49:56,159 - root - INFO - datalength: 1422, _step: 2
2023-07-09 17:49:56,159 - root - INFO - BPP: 16, Transparency: False
2023-07-09 17:49:56,163 - root - INFO - Resource 39 offset: 565468, length: 1502...
2023-07-09 17:49:56,163 - root - DEBUG - Reading resource 39...
2023-07-09 17:49:56,164 - root - INFO - The image is bme.
2023-07-09 17:49:56,164 - root - INFO - Reading image header(readHeader16E)...
2023-07-09 17:49:56,164 - root - INFO - Image header was read:
2023-07-09 17:49:56,164 - root - INFO - Width: 55, Height: 23, RowLength: 110
2023-07-09 17:49:56,164 - root - INFO - datalength: 1486, _step: 2
2023-07-09 17:49:56,164 - root - INFO - BPP: 16, Transparency: False
2023-07-09 17:49:56,168 - root - INFO - Resource 40 offset: 566970, length: 1084...
2023-07-09 17:49:56,168 - root - DEBUG - Reading resource 40...
2023-07-09 17:49:56,168 - root - INFO - The image is bme.
2023-07-09 17:49:56,168 - root - INFO - Reading image header(readHeader16E)...
2023-07-09 17:49:56,168 - root - INFO - Image header was read:
2023-07-09 17:49:56,168 - root - INFO - Width: 55, Height: 23, RowLength: 110
2023-07-09 17:49:56,169 - root - INFO - datalength: 1068, _step: 2
2023-07-09 17:49:56,169 - root - INFO - BPP: 16, Transparency: False
2023-07-09 17:49:56,172 - root - INFO - Resource 41 offset: 568054, length: 1264...
2023-07-09 17:49:56,172 - root - DEBUG - Reading resource 41...
2023-07-09 17:49:56,172 - root - INFO - The image is bme.
2023-07-09 17:49:56,172 - root - INFO - Reading image header(readHeader16E)...
2023-07-09 17:49:56,172 - root - INFO - Image header was read:
2023-07-09 17:49:56,172 - root - INFO - Width: 55, Height: 23, RowLength: 110
2023-07-09 17:49:56,173 - root - INFO - datalength: 1248, _step: 2
2023-07-09 17:49:56,173 - root - INFO - BPP: 16, Transparency: False
2023-07-09 17:49:56,177 - root - INFO - Resource 42 offset: 569318, length: 1382...
2023-07-09 17:49:56,177 - root - DEBUG - Reading resource 42...
2023-07-09 17:49:56,178 - root - INFO - The image is bme.
2023-07-09 17:49:56,178 - root - INFO - Reading image header(readHeader16E)...
2023-07-09 17:49:56,178 - root - INFO - Image header was read:
2023-07-09 17:49:56,178 - root - INFO - Width: 55, Height: 23, RowLength: 110
2023-07-09 17:49:56,178 - root - INFO - datalength: 1366, _step: 2
2023-07-09 17:49:56,178 - root - INFO - BPP: 16, Transparency: False
2023-07-09 17:49:56,182 - root - INFO - Resource 43 offset: 570700, length: 1812...
2023-07-09 17:49:56,182 - root - DEBUG - Reading resource 43...
2023-07-09 17:49:56,182 - root - INFO - The image is bme.
2023-07-09 17:49:56,182 - root - INFO - Reading image header(readHeader16E)...
2023-07-09 17:49:56,183 - root - INFO - Image header was read:
2023-07-09 17:49:56,183 - root - INFO - Width: 55, Height: 23, RowLength: 110
2023-07-09 17:49:56,183 - root - INFO - datalength: 1796, _step: 2
2023-07-09 17:49:56,183 - root - INFO - BPP: 16, Transparency: False
2023-07-09 17:49:56,187 - root - INFO - Resource 44 offset: 572512, length: 1546...
2023-07-09 17:49:56,187 - root - DEBUG - Reading resource 44...
2023-07-09 17:49:56,188 - root - INFO - The image is bme.
2023-07-09 17:49:56,188 - root - INFO - Reading image header(readHeader16E)...
2023-07-09 17:49:56,188 - root - INFO - Image header was read:
2023-07-09 17:49:56,188 - root - INFO - Width: 55, Height: 23, RowLength: 110
2023-07-09 17:49:56,188 - root - INFO - datalength: 1530, _step: 2
2023-07-09 17:49:56,189 - root - INFO - BPP: 16, Transparency: False
2023-07-09 17:49:56,193 - root - INFO - Resource 45 offset: 574058, length: 1520...
2023-07-09 17:49:56,193 - root - DEBUG - Reading resource 45...
2023-07-09 17:49:56,193 - root - INFO - The image is bme.
2023-07-09 17:49:56,193 - root - INFO - Reading image header(readHeader16E)...
2023-07-09 17:49:56,193 - root - INFO - Image header was read:
2023-07-09 17:49:56,193 - root - INFO - Width: 55, Height: 23, RowLength: 110
2023-07-09 17:49:56,193 - root - INFO - datalength: 1504, _step: 2
2023-07-09 17:49:56,193 - root - INFO - BPP: 16, Transparency: False
2023-07-09 17:49:56,197 - root - INFO - Resource 46 offset: 575578, length: 1588...
2023-07-09 17:49:56,197 - root - DEBUG - Reading resource 46...
2023-07-09 17:49:56,197 - root - INFO - The image is bme.
2023-07-09 17:49:56,197 - root - INFO - Reading image header(readHeader16E)...
2023-07-09 17:49:56,198 - root - INFO - Image header was read:
2023-07-09 17:49:56,198 - root - INFO - Width: 55, Height: 23, RowLength: 110
2023-07-09 17:49:56,198 - root - INFO - datalength: 1572, _step: 2
2023-07-09 17:49:56,198 - root - INFO - BPP: 16, Transparency: False
2023-07-09 17:49:56,202 - root - INFO - Resource 47 offset: 577166, length: 848...
2023-07-09 17:49:56,202 - root - DEBUG - Reading resource 47...
2023-07-09 17:49:56,202 - root - INFO - The image is bme.
2023-07-09 17:49:56,202 - root - INFO - Reading image header(readHeader16E)...
2023-07-09 17:49:56,202 - root - INFO - Image header was read:
2023-07-09 17:49:56,202 - root - INFO - Width: 49, Height: 24, RowLength: 98
2023-07-09 17:49:56,203 - root - INFO - datalength: 832, _step: 2
2023-07-09 17:49:56,203 - root - INFO - BPP: 16, Transparency: False
2023-07-09 17:49:56,205 - root - INFO - Resource 48 offset: 578014, length: 896...
2023-07-09 17:49:56,205 - root - DEBUG - Reading resource 48...
2023-07-09 17:49:56,205 - root - INFO - The image is bme.
2023-07-09 17:49:56,205 - root - INFO - Reading image header(readHeader16E)...
2023-07-09 17:49:56,205 - root - INFO - Image header was read:
2023-07-09 17:49:56,205 - root - INFO - Width: 49, Height: 24, RowLength: 98
2023-07-09 17:49:56,205 - root - INFO - datalength: 880, _step: 2
2023-07-09 17:49:56,206 - root - INFO - BPP: 16, Transparency: False
2023-07-09 17:49:56,208 - root - INFO - Resource 49 offset: 578910, length: 1098...
2023-07-09 17:49:56,208 - root - DEBUG - Reading resource 49...
2023-07-09 17:49:56,208 - root - INFO - The image is bme.
2023-07-09 17:49:56,209 - root - INFO - Reading image header(readHeader16E)...
2023-07-09 17:49:56,209 - root - INFO - Image header was read:
2023-07-09 17:49:56,209 - root - INFO - Width: 49, Height: 24, RowLength: 98
2023-07-09 17:49:56,209 - root - INFO - datalength: 1082, _step: 2
2023-07-09 17:49:56,209 - root - INFO - BPP: 16, Transparency: False
2023-07-09 17:49:56,211 - root - INFO - Resource 50 offset: 580008, length: 1046...
2023-07-09 17:49:56,212 - root - DEBUG - Reading resource 50...
2023-07-09 17:49:56,212 - root - INFO - The image is bme.
2023-07-09 17:49:56,212 - root - INFO - Reading image header(readHeader16E)...
2023-07-09 17:49:56,212 - root - INFO - Image header was read:
2023-07-09 17:49:56,212 - root - INFO - Width: 49, Height: 24, RowLength: 98
2023-07-09 17:49:56,212 - root - INFO - datalength: 1030, _step: 2
2023-07-09 17:49:56,212 - root - INFO - BPP: 16, Transparency: False
2023-07-09 17:49:56,215 - root - INFO - Resource 51 offset: 581054, length: 72...
2023-07-09 17:49:56,215 - root - DEBUG - Reading resource 51...
2023-07-09 17:49:56,215 - root - INFO - The image is bme.
2023-07-09 17:49:56,216 - root - INFO - Reading image header(readHeader16E)...
2023-07-09 17:49:56,216 - root - INFO - Image header was read:
2023-07-09 17:49:56,216 - root - INFO - Width: 15, Height: 23, RowLength: 30
2023-07-09 17:49:56,216 - root - INFO - datalength: 56, _step: 2
2023-07-09 17:49:56,216 - root - INFO - BPP: 16, Transparency: False
2023-07-09 17:49:56,216 - root - INFO - Resource 52 offset: 581126, length: 246...
2023-07-09 17:49:56,216 - root - DEBUG - Reading resource 52...
2023-07-09 17:49:56,217 - root - INFO - The image is bme.
2023-07-09 17:49:56,217 - root - INFO - Reading image header(readHeader16E)...
2023-07-09 17:49:56,217 - root - INFO - Image header was read:
2023-07-09 17:49:56,217 - root - INFO - Width: 14, Height: 23, RowLength: 28
2023-07-09 17:49:56,217 - root - INFO - datalength: 230, _step: 2
2023-07-09 17:49:56,217 - root - INFO - BPP: 16, Transparency: False
2023-07-09 17:49:56,218 - root - INFO - Resource 53 offset: 581372, length: 524...
2023-07-09 17:49:56,218 - root - DEBUG - Reading resource 53...
2023-07-09 17:49:56,218 - root - INFO - The image is bme.
2023-07-09 17:49:56,218 - root - INFO - Reading image header(readHeader16E)...
2023-07-09 17:49:56,219 - root - INFO - Image header was read:
2023-07-09 17:49:56,219 - root - INFO - Width: 30, Height: 17, RowLength: 60
2023-07-09 17:49:56,219 - root - INFO - datalength: 508, _step: 2
2023-07-09 17:49:56,219 - root - INFO - BPP: 16, Transparency: False
2023-07-09 17:49:56,220 - root - INFO - Resource 54 offset: 581896, length: 568...
2023-07-09 17:49:56,220 - root - DEBUG - Reading resource 54...
2023-07-09 17:49:56,220 - root - INFO - The image is bme.
2023-07-09 17:49:56,220 - root - INFO - Reading image header(readHeader16E)...
2023-07-09 17:49:56,221 - root - INFO - Image header was read:
2023-07-09 17:49:56,221 - root - INFO - Width: 30, Height: 17, RowLength: 60
2023-07-09 17:49:56,221 - root - INFO - datalength: 552, _step: 2
2023-07-09 17:49:56,221 - root - INFO - BPP: 16, Transparency: False
2023-07-09 17:49:56,222 - root - INFO - Resource 55 offset: 582464, length: 612...
2023-07-09 17:49:56,222 - root - DEBUG - Reading resource 55...
2023-07-09 17:49:56,223 - root - INFO - The image is bme.
2023-07-09 17:49:56,223 - root - INFO - Reading image header(readHeader16E)...
2023-07-09 17:49:56,223 - root - INFO - Image header was read:
2023-07-09 17:49:56,223 - root - INFO - Width: 30, Height: 17, RowLength: 60
2023-07-09 17:49:56,223 - root - INFO - datalength: 596, _step: 2
2023-07-09 17:49:56,223 - root - INFO - BPP: 16, Transparency: False
2023-07-09 17:49:56,225 - root - INFO - Resource 56 offset: 583076, length: 656...
2023-07-09 17:49:56,225 - root - DEBUG - Reading resource 56...
2023-07-09 17:49:56,225 - root - INFO - The image is bme.
2023-07-09 17:49:56,225 - root - INFO - Reading image header(readHeader16E)...
2023-07-09 17:49:56,225 - root - INFO - Image header was read:
2023-07-09 17:49:56,226 - root - INFO - Width: 30, Height: 17, RowLength: 60
2023-07-09 17:49:56,226 - root - INFO - datalength: 640, _step: 2
2023-07-09 17:49:56,226 - root - INFO - BPP: 16, Transparency: False
2023-07-09 17:49:56,227 - root - INFO - Resource 57 offset: 583732, length: 700...
2023-07-09 17:49:56,228 - root - DEBUG - Reading resource 57...
2023-07-09 17:49:56,228 - root - INFO - The image is bme.
2023-07-09 17:49:56,228 - root - INFO - Reading image header(readHeader16E)...
2023-07-09 17:49:56,228 - root - INFO - Image header was read:
2023-07-09 17:49:56,228 - root - INFO - Width: 30, Height: 17, RowLength: 60
2023-07-09 17:49:56,228 - root - INFO - datalength: 684, _step: 2
2023-07-09 17:49:56,228 - root - INFO - BPP: 16, Transparency: False
2023-07-09 17:49:56,230 - root - INFO - Resource 58 offset: 584432, length: 744...
2023-07-09 17:49:56,230 - root - DEBUG - Reading resource 58...
2023-07-09 17:49:56,230 - root - INFO - The image is bme.
2023-07-09 17:49:56,230 - root - INFO - Reading image header(readHeader16E)...
2023-07-09 17:49:56,230 - root - INFO - Image header was read:
2023-07-09 17:49:56,231 - root - INFO - Width: 30, Height: 17, RowLength: 60
2023-07-09 17:49:56,231 - root - INFO - datalength: 728, _step: 2
2023-07-09 17:49:56,231 - root - INFO - BPP: 16, Transparency: False
2023-07-09 17:49:56,233 - root - INFO - Resource 59 offset: 585176, length: 788...
2023-07-09 17:49:56,233 - root - DEBUG - Reading resource 59...
2023-07-09 17:49:56,233 - root - INFO - The image is bme.
2023-07-09 17:49:56,234 - root - INFO - Reading image header(readHeader16E)...
2023-07-09 17:49:56,234 - root - INFO - Image header was read:
2023-07-09 17:49:56,234 - root - INFO - Width: 30, Height: 17, RowLength: 60
2023-07-09 17:49:56,234 - root - INFO - datalength: 772, _step: 2
2023-07-09 17:49:56,234 - root - INFO - BPP: 16, Transparency: False
2023-07-09 17:49:56,236 - root - INFO - Resource 60 offset: 585964, length: 832...
2023-07-09 17:49:56,236 - root - DEBUG - Reading resource 60...
2023-07-09 17:49:56,236 - root - INFO - The image is bme.
2023-07-09 17:49:56,237 - root - INFO - Reading image header(readHeader16E)...
2023-07-09 17:49:56,237 - root - INFO - Image header was read:
2023-07-09 17:49:56,237 - root - INFO - Width: 30, Height: 17, RowLength: 60
2023-07-09 17:49:56,237 - root - INFO - datalength: 816, _step: 2
2023-07-09 17:49:56,237 - root - INFO - BPP: 16, Transparency: False
2023-07-09 17:49:56,239 - root - INFO - Resource 61 offset: 586796, length: 898...
2023-07-09 17:49:56,239 - root - DEBUG - Reading resource 61...
2023-07-09 17:49:56,240 - root - INFO - The image is bme.
2023-07-09 17:49:56,240 - root - INFO - Reading image header(readHeader16E)...
2023-07-09 17:49:56,240 - root - INFO - Image header was read:
2023-07-09 17:49:56,240 - root - INFO - Width: 30, Height: 17, RowLength: 60
2023-07-09 17:49:56,240 - root - INFO - datalength: 882, _step: 2
2023-07-09 17:49:56,240 - root - INFO - BPP: 16, Transparency: False
2023-07-09 17:49:56,243 - root - INFO - Resource 62 offset: 587694, length: 942...
2023-07-09 17:49:56,243 - root - DEBUG - Reading resource 62...
2023-07-09 17:49:56,243 - root - INFO - The image is bme.
2023-07-09 17:49:56,243 - root - INFO - Reading image header(readHeader16E)...
2023-07-09 17:49:56,244 - root - INFO - Image header was read:
2023-07-09 17:49:56,244 - root - INFO - Width: 30, Height: 17, RowLength: 60
2023-07-09 17:49:56,244 - root - INFO - datalength: 926, _step: 2
2023-07-09 17:49:56,244 - root - INFO - BPP: 16, Transparency: False
2023-07-09 17:49:56,247 - root - DEBUG - Parsing parameters...
2023-07-09 17:49:56,363 - root - DEBUG - 0 Value: None
2023-07-09 17:49:56,363 - root - DEBUG - 0.1 Value: 73
2023-07-09 17:49:56,363 - root - DEBUG - 2 Value: None
2023-07-09 17:49:56,363 - root - DEBUG - 2.1 Value: None
2023-07-09 17:49:56,363 - root - DEBUG - 2.1.1 Value: 0
2023-07-09 17:49:56,363 - root - DEBUG - 2.1.2 Value: 0
2023-07-09 17:49:56,364 - root - DEBUG - 2.1.3 Value: 3
2023-07-09 17:49:56,364 - root - DEBUG - 2.3 Value: None
2023-07-09 17:49:56,364 - root - DEBUG - 2.3.1 Value: 0
2023-07-09 17:49:56,364 - root - DEBUG - 2.3.2 Value: 0
2023-07-09 17:49:56,364 - root - DEBUG - 2.3.3 Value: 1
2023-07-09 17:49:56,364 - root - DEBUG - 2.4 Value: None
2023-07-09 17:49:56,364 - root - DEBUG - 2.4.1 Value: 0
2023-07-09 17:49:56,365 - root - DEBUG - 2.4.2 Value: 0
2023-07-09 17:49:56,365 - root - DEBUG - 2.4.3 Value: 2
2023-07-09 17:49:56,365 - root - DEBUG - 2.5 Value: None
2023-07-09 17:49:56,365 - root - DEBUG - 2.5.1 Value: 0
2023-07-09 17:49:56,365 - root - DEBUG - 2.5.2 Value: 0
2023-07-09 17:49:56,365 - root - DEBUG - 2.5.3 Value: 0
2023-07-09 17:49:56,365 - root - DEBUG - 3 Value: None
2023-07-09 17:49:56,365 - root - DEBUG - 3.1 Value: None
2023-07-09 17:49:56,366 - root - DEBUG - 3.1.1 Value: None
2023-07-09 17:49:56,366 - root - DEBUG - 3.1.1.1 Value: None
2023-07-09 17:49:56,366 - root - DEBUG - 3.1.1.1.1 Value: 40
2023-07-09 17:49:56,366 - root - DEBUG - 3.1.1.1.2 Value: 44
2023-07-09 17:49:56,366 - root - DEBUG - 3.1.1.1.3 Value: 4
2023-07-09 17:49:56,366 - root - DEBUG - 3.1.1.1.4 Value: 10
2023-07-09 17:49:56,366 - root - DEBUG - 3.1.1.2 Value: None
2023-07-09 17:49:56,366 - root - DEBUG - 3.1.1.2.1 Value: 88
2023-07-09 17:49:56,367 - root - DEBUG - 3.1.1.2.2 Value: 44
2023-07-09 17:49:56,367 - root - DEBUG - 3.1.1.2.3 Value: 4
2023-07-09 17:49:56,367 - root - DEBUG - 3.1.1.2.4 Value: 10
2023-07-09 17:49:56,367 - root - DEBUG - 3.1.2 Value: None
2023-07-09 17:49:56,367 - root - DEBUG - 3.1.2.1 Value: None
2023-07-09 17:49:56,367 - root - DEBUG - 3.1.2.1.1 Value: 171
2023-07-09 17:49:56,367 - root - DEBUG - 3.1.2.1.2 Value: 44
2023-07-09 17:49:56,367 - root - DEBUG - 3.1.2.1.3 Value: 4
2023-07-09 17:49:56,368 - root - DEBUG - 3.1.2.1.4 Value: 10
2023-07-09 17:49:56,368 - root - DEBUG - 3.1.2.2 Value: None
2023-07-09 17:49:56,368 - root - DEBUG - 3.1.2.2.1 Value: 219
2023-07-09 17:49:56,368 - root - DEBUG - 3.1.2.2.2 Value: 44
2023-07-09 17:49:56,368 - root - DEBUG - 3.1.2.2.3 Value: 4
2023-07-09 17:49:56,368 - root - DEBUG - 3.1.2.2.4 Value: 10
2023-07-09 17:49:56,368 - root - DEBUG - 3.1.5 Value: None
2023-07-09 17:49:56,368 - root - DEBUG - 3.1.5.1 Value: 136
2023-07-09 17:49:56,369 - root - DEBUG - 3.1.5.2 Value: 44
2023-07-09 17:49:56,369 - root - DEBUG - 3.1.5.3 Value: 14
2023-07-09 17:49:56,369 - root - DEBUG - 3.1.7 Value: 0
2023-07-09 17:49:56,369 - root - DEBUG - 3.1.8 Value: 1
2023-07-09 17:49:56,369 - root - DEBUG - 5 Value: None
2023-07-09 17:49:56,369 - root - DEBUG - 5.1 Value: None
2023-07-09 17:49:56,369 - root - DEBUG - 5.1.2 Value: None
2023-07-09 17:49:56,369 - root - DEBUG - 5.1.2.1 Value: None
2023-07-09 17:49:56,370 - root - DEBUG - 5.1.2.1.1 Value: 114
2023-07-09 17:49:56,370 - root - DEBUG - 5.1.2.1.2 Value: 109
2023-07-09 17:49:56,370 - root - DEBUG - 5.1.2.1.3 Value: 196
2023-07-09 17:49:56,370 - root - DEBUG - 5.1.2.1.4 Value: 132
2023-07-09 17:49:56,370 - root - DEBUG - 5.1.2.1.5 Value: 18
2023-07-09 17:49:56,370 - root - DEBUG - 5.1.2.1.6 Value: 0
2023-07-09 17:49:56,370 - root - DEBUG - 5.1.2.1.7 Value: 0
2023-07-09 17:49:56,370 - root - DEBUG - 5.1.2.1.8 Value: 15
2023-07-09 17:49:56,371 - root - DEBUG - 5.1.2.1.9 Value: 10
2023-07-09 17:49:56,371 - root - DEBUG - 5.1.2.2 Value: 25
2023-07-09 17:49:56,371 - root - DEBUG - 5.1.4 Value: 1
2023-07-09 17:49:56,371 - root - DEBUG - 5.1.5 Value: 1
2023-07-09 17:49:56,371 - root - DEBUG - 5.1.6 Value: 0
2023-07-09 17:49:56,371 - root - DEBUG - 5.2 Value: None
2023-07-09 17:49:56,371 - root - DEBUG - 5.2.1 Value: 212
2023-07-09 17:49:56,371 - root - DEBUG - 5.2.2 Value: 108
2023-07-09 17:49:56,372 - root - DEBUG - 5.2.3 Value: 47
2023-07-09 17:49:56,372 - root - DEBUG - 5.2.4 Value: 48
2023-07-09 17:49:56,372 - root - DEBUG - 5.2.5 Value: 49
2023-07-09 17:49:56,372 - root - DEBUG - 5.2.6 Value: 50
2023-07-09 17:49:56,372 - root - DEBUG - 5.4 Value: None
2023-07-09 17:49:56,373 - root - DEBUG - 5.4.1 Value: 37
2023-07-09 17:49:56,373 - root - DEBUG - 5.4.2 Value: 109
2023-07-09 17:49:56,373 - root - DEBUG - 5.4.3 Value: 26
2023-07-09 17:49:56,373 - root - DEBUG - 5.4.4 Value: 7
2023-07-09 17:49:56,373 - root - DEBUG - 5.5 Value: None
2023-07-09 17:49:56,373 - root - DEBUG - 5.5.1 Value: 37
2023-07-09 17:49:56,373 - root - DEBUG - 5.5.2 Value: 109
2023-07-09 17:49:56,374 - root - DEBUG - 5.5.3 Value: 40
2023-07-09 17:49:56,374 - root - DEBUG - 5.5.4 Value: 7
2023-07-09 17:49:56,374 - root - DEBUG - 5.6 Value: None
2023-07-09 17:49:56,374 - root - DEBUG - 5.6.1 Value: 37
2023-07-09 17:49:56,374 - root - DEBUG - 5.6.2 Value: 109
2023-07-09 17:49:56,374 - root - DEBUG - 5.6.3 Value: 33
2023-07-09 17:49:56,374 - root - DEBUG - 5.6.4 Value: 7
2023-07-09 17:49:56,374 - root - DEBUG - 6 Value: None
2023-07-09 17:49:56,375 - root - DEBUG - 6.2 Value: None
2023-07-09 17:49:56,375 - root - DEBUG - 6.2.1 Value: None
2023-07-09 17:49:56,375 - root - DEBUG - 6.2.1.1 Value: None
2023-07-09 17:49:56,375 - root - DEBUG - 6.2.1.1.1 Value: 40
2023-07-09 17:49:56,375 - root - DEBUG - 6.2.1.1.2 Value: 10
2023-07-09 17:49:56,375 - root - DEBUG - 6.2.1.1.3 Value: 88
2023-07-09 17:49:56,375 - root - DEBUG - 6.2.1.1.4 Value: 33
2023-07-09 17:49:56,375 - root - DEBUG - 6.2.1.1.5 Value: 18
2023-07-09 17:49:56,375 - root - DEBUG - 6.2.1.1.6 Value: 0
2023-07-09 17:49:56,376 - root - DEBUG - 6.2.1.1.7 Value: 0
2023-07-09 17:49:56,376 - root - DEBUG - 6.2.1.1.8 Value: 15
2023-07-09 17:49:56,376 - root - DEBUG - 6.2.1.1.9 Value: 10
2023-07-09 17:49:56,376 - root - DEBUG - 6.2.1.2 Value: 51
2023-07-09 17:49:56,376 - root - DEBUG - 6.2.1.3 Value: 52
2023-07-09 17:49:56,376 - root - DEBUG - 9 Value: None
2023-07-09 17:49:56,376 - root - DEBUG - 9.2 Value: None
2023-07-09 17:49:56,376 - root - DEBUG - 9.2.1 Value: 236
2023-07-09 17:49:56,377 - root - DEBUG - 9.2.2 Value: 10
2023-07-09 17:49:56,377 - root - DEBUG - 9.2.3 Value: 53
2023-07-09 17:49:56,377 - root - DEBUG - 9.2.4 Value: 10
2023-07-09 17:49:56,377 - root - DEBUG - 29 Value: None
2023-07-09 17:49:56,377 - root - DEBUG - 29.1 Value: None
2023-07-09 17:49:56,377 - root - DEBUG - 29.1.1 Value: None
2023-07-09 17:49:56,377 - root - DEBUG - 29.1.1.1 Value: None
2023-07-09 17:49:56,377 - root - DEBUG - 29.1.1.1.1 Value: None
2023-07-09 17:49:56,378 - root - DEBUG - 29.1.1.1.1.1 Value: 40
2023-07-09 17:49:56,378 - root - DEBUG - 29.1.1.1.1.2 Value: 44
2023-07-09 17:49:56,378 - root - DEBUG - 29.1.1.1.1.3 Value: 4
2023-07-09 17:49:56,378 - root - DEBUG - 29.1.1.1.1.4 Value: 10
2023-07-09 17:49:56,378 - root - DEBUG - 29.1.1.1.2 Value: None
2023-07-09 17:49:56,378 - root - DEBUG - 29.1.1.1.2.1 Value: 88
2023-07-09 17:49:56,378 - root - DEBUG - 29.1.1.1.2.2 Value: 44
2023-07-09 17:49:56,378 - root - DEBUG - 29.1.1.1.2.3 Value: 4
2023-07-09 17:49:56,379 - root - DEBUG - 29.1.1.1.2.4 Value: 10
2023-07-09 17:49:56,379 - root - DEBUG - 29.1.1.2 Value: None
2023-07-09 17:49:56,379 - root - DEBUG - 29.1.1.2.1 Value: None
2023-07-09 17:49:56,379 - root - DEBUG - 29.1.1.2.1.1 Value: 171
2023-07-09 17:49:56,379 - root - DEBUG - 29.1.1.2.1.2 Value: 44
2023-07-09 17:49:56,379 - root - DEBUG - 29.1.1.2.1.3 Value: 4
2023-07-09 17:49:56,379 - root - DEBUG - 29.1.1.2.1.4 Value: 10
2023-07-09 17:49:56,379 - root - DEBUG - 29.1.1.2.2 Value: None
2023-07-09 17:49:56,380 - root - DEBUG - 29.1.1.2.2.1 Value: 219
2023-07-09 17:49:56,380 - root - DEBUG - 29.1.1.2.2.2 Value: 44
2023-07-09 17:49:56,380 - root - DEBUG - 29.1.1.2.2.3 Value: 4
2023-07-09 17:49:56,380 - root - DEBUG - 29.1.1.2.2.4 Value: 10
2023-07-09 17:49:56,380 - root - DEBUG - 29.1.1.3 Value: None
2023-07-09 17:49:56,380 - root - DEBUG - 29.1.1.3.1 Value: 136
2023-07-09 17:49:56,380 - root - DEBUG - 29.1.1.3.2 Value: 44
2023-07-09 17:49:56,380 - root - DEBUG - 29.1.1.3.3 Value: 14
2023-07-09 17:49:56,381 - root - DEBUG - 29.1.1.4 Value: 1
2023-07-09 17:49:56,381 - root - DEBUG - 29.1.4 Value: None
2023-07-09 17:49:56,381 - root - DEBUG - 29.1.4.1 Value: 212
2023-07-09 17:49:56,381 - root - DEBUG - 29.1.4.2 Value: 108
2023-07-09 17:49:56,381 - root - DEBUG - 29.1.4.3 Value: 47
2023-07-09 17:49:56,381 - root - DEBUG - 29.1.4.4 Value: 48
2023-07-09 17:49:56,381 - root - DEBUG - 29.1.4.5 Value: 49
2023-07-09 17:49:56,381 - root - DEBUG - 29.1.4.6 Value: 50
2023-07-09 17:49:56,382 - root - DEBUG - 29.2 Value: None
2023-07-09 17:49:56,382 - root - DEBUG - 29.2.1 Value: None
2023-07-09 17:49:56,382 - root - DEBUG - 29.2.1.1 Value: 114
2023-07-09 17:49:56,382 - root - DEBUG - 29.2.1.2 Value: 109
2023-07-09 17:49:56,382 - root - DEBUG - 29.2.1.3 Value: 196
2023-07-09 17:49:56,382 - root - DEBUG - 29.2.1.4 Value: 132
2023-07-09 17:49:56,382 - root - DEBUG - 29.2.1.5 Value: 18
2023-07-09 17:49:56,382 - root - DEBUG - 29.2.1.6 Value: 0
2023-07-09 17:49:56,383 - root - DEBUG - 29.2.1.7 Value: 0
2023-07-09 17:49:56,383 - root - DEBUG - 29.2.1.8 Value: 15
2023-07-09 17:49:56,383 - root - DEBUG - 29.2.1.9 Value: 10
2023-07-09 17:49:56,383 - root - DEBUG - 29.2.2 Value: 25
2023-07-09 17:49:56,383 - root - DEBUG - 29.3 Value: None
2023-07-09 17:49:56,383 - root - DEBUG - 29.3.1 Value: None
2023-07-09 17:49:56,383 - root - DEBUG - 29.3.1.1 Value: 37
2023-07-09 17:49:56,383 - root - DEBUG - 29.3.1.2 Value: 109
2023-07-09 17:49:56,384 - root - DEBUG - 29.3.1.3 Value: 26
2023-07-09 17:49:56,384 - root - DEBUG - 29.3.1.4 Value: 7
2023-07-09 17:49:56,384 - root - DEBUG - 29.3.2 Value: None
2023-07-09 17:49:56,384 - root - DEBUG - 29.3.2.1 Value: 37
2023-07-09 17:49:56,384 - root - DEBUG - 29.3.2.2 Value: 109
2023-07-09 17:49:56,384 - root - DEBUG - 29.3.2.3 Value: 40
2023-07-09 17:49:56,384 - root - DEBUG - 29.3.2.4 Value: 7
2023-07-09 17:49:56,384 - root - DEBUG - 29.3.3 Value: None
2023-07-09 17:49:56,385 - root - DEBUG - 29.3.3.1 Value: 37
2023-07-09 17:49:56,385 - root - DEBUG - 29.3.3.2 Value: 109
2023-07-09 17:49:56,385 - root - DEBUG - 29.3.3.3 Value: 33
2023-07-09 17:49:56,385 - root - DEBUG - 29.3.3.4 Value: 7
2023-07-09 17:49:56,385 - root - DEBUG - 0-Info
2023-07-09 17:49:56,385 - root - DEBUG - 0.1-DeviceId
2023-07-09 17:49:56,385 - root - DEBUG - 2-Background
2023-07-09 17:49:56,386 - root - DEBUG - 2.1-Image
2023-07-09 17:49:56,386 - root - DEBUG - 2.1.1-X
2023-07-09 17:49:56,386 - root - DEBUG - 2.1.2-Y
2023-07-09 17:49:56,386 - root - DEBUG - 2.1.3-ImageIndex
2023-07-09 17:49:56,386 - root - DEBUG - 2.3-Preview
2023-07-09 17:49:56,387 - root - DEBUG - 2.3.1-X
2023-07-09 17:49:56,387 - root - DEBUG - 2.3.2-Y
2023-07-09 17:49:56,387 - root - DEBUG - 2.3.3-ImageIndex
2023-07-09 17:49:56,387 - root - DEBUG - 2.4-PreviewTradChinese
2023-07-09 17:49:56,387 - root - DEBUG - 2.4.1-X
2023-07-09 17:49:56,388 - root - DEBUG - 2.4.2-Y
2023-07-09 17:49:56,388 - root - DEBUG - 2.4.3-ImageIndex
2023-07-09 17:49:56,388 - root - DEBUG - 2.5-PreviewChinese
2023-07-09 17:49:56,388 - root - DEBUG - 2.5.1-X
2023-07-09 17:49:56,388 - root - DEBUG - 2.5.2-Y
2023-07-09 17:49:56,388 - root - DEBUG - 2.5.3-ImageIndex
2023-07-09 17:49:56,389 - root - DEBUG - 3-TimeExtended
2023-07-09 17:49:56,389 - root - DEBUG - 3.1-TimeSeparateDigits
2023-07-09 17:49:56,389 - root - DEBUG - 3.1.1-Hours
2023-07-09 17:49:56,389 - root - DEBUG - 3.1.1.1-Tens
2023-07-09 17:49:56,389 - root - DEBUG - 3.1.1.1.1-X
2023-07-09 17:49:56,389 - root - DEBUG - 3.1.1.1.2-Y
2023-07-09 17:49:56,390 - root - DEBUG - 3.1.1.1.3-ImageIndex
2023-07-09 17:49:56,390 - root - DEBUG - 3.1.1.1.4-ImagesCount
2023-07-09 17:49:56,390 - root - DEBUG - 3.1.1.2-Ones
2023-07-09 17:49:56,390 - root - DEBUG - 3.1.1.2.1-X
2023-07-09 17:49:56,390 - root - DEBUG - 3.1.1.2.2-Y
2023-07-09 17:49:56,390 - root - DEBUG - 3.1.1.2.3-ImageIndex
2023-07-09 17:49:56,391 - root - DEBUG - 3.1.1.2.4-ImagesCount
2023-07-09 17:49:56,391 - root - DEBUG - 3.1.2-Minutes
2023-07-09 17:49:56,391 - root - DEBUG - 3.1.2.1-Tens
2023-07-09 17:49:56,391 - root - DEBUG - 3.1.2.1.1-X
2023-07-09 17:49:56,391 - root - DEBUG - 3.1.2.1.2-Y
2023-07-09 17:49:56,391 - root - DEBUG - 3.1.2.1.3-ImageIndex
2023-07-09 17:49:56,392 - root - DEBUG - 3.1.2.1.4-ImagesCount
2023-07-09 17:49:56,392 - root - DEBUG - 3.1.2.2-Ones
2023-07-09 17:49:56,392 - root - DEBUG - 3.1.2.2.1-X
2023-07-09 17:49:56,392 - root - DEBUG - 3.1.2.2.2-Y
2023-07-09 17:49:56,392 - root - DEBUG - 3.1.2.2.3-ImageIndex
2023-07-09 17:49:56,393 - root - DEBUG - 3.1.2.2.4-ImagesCount
2023-07-09 17:49:56,394 - root - DEBUG - 3.1.5-SeparatorHours
2023-07-09 17:49:56,394 - root - DEBUG - 3.1.5.1-X
2023-07-09 17:49:56,394 - root - DEBUG - 3.1.5.2-Y
2023-07-09 17:49:56,394 - root - DEBUG - 3.1.5.3-ImageIndex
2023-07-09 17:49:56,394 - root - DEBUG - 3.1.7-UnknowBoolean7
2023-07-09 17:49:56,394 - root - DEBUG - 3.1.8-PaddingZeroMinutes
2023-07-09 17:49:56,395 - root - DEBUG - 5-DateBlock
2023-07-09 17:49:56,395 - root - DEBUG - 5.1-Date
2023-07-09 17:49:56,395 - root - DEBUG - 5.1.2-OneLineMonthAndDay
2023-07-09 17:49:56,395 - root - DEBUG - 5.1.2.1-Number
2023-07-09 17:49:56,395 - root - DEBUG - 5.1.2.1.1-TopLeftX
2023-07-09 17:49:56,395 - root - DEBUG - 5.1.2.1.2-TopLeftY
2023-07-09 17:49:56,396 - root - DEBUG - 5.1.2.1.3-BottomRightX
2023-07-09 17:49:56,396 - root - DEBUG - 5.1.2.1.4-BottomRightY
2023-07-09 17:49:56,396 - root - DEBUG - 5.1.2.1.5-Alignment
2023-07-09 17:49:56,396 - root - DEBUG - 5.1.2.1.6-Spacing
2023-07-09 17:49:56,396 - root - DEBUG - 5.1.2.1.7-VerticalOffset
2023-07-09 17:49:56,397 - root - DEBUG - 5.1.2.1.8-ImageIndex
2023-07-09 17:49:56,397 - root - DEBUG - 5.1.2.1.9-ImagesCount
2023-07-09 17:49:56,397 - root - DEBUG - 5.1.2.2-DelimiterImageIndex
2023-07-09 17:49:56,397 - root - DEBUG - 5.1.4-PaddingZeroMonth
2023-07-09 17:49:56,397 - root - DEBUG - 5.1.5-PaddingZeroDay
2023-07-09 17:49:56,398 - root - DEBUG - 5.1.6-UnknownBoolean6
2023-07-09 17:49:56,398 - root - DEBUG - 5.2-AmPm
2023-07-09 17:49:56,398 - root - DEBUG - 5.2.1-CommonX
2023-07-09 17:49:56,398 - root - DEBUG - 5.2.2-CommonY
2023-07-09 17:49:56,398 - root - DEBUG - 5.2.3-ImageIndexAMCN
2023-07-09 17:49:56,398 - root - DEBUG - 5.2.4-ImageIndexPMCN
2023-07-09 17:49:56,399 - root - DEBUG - 5.2.5-AmImageIndexEN
2023-07-09 17:49:56,399 - root - DEBUG - 5.2.6-PmImageIndexEN
2023-07-09 17:49:56,399 - root - DEBUG - 5.4-Weekday
2023-07-09 17:49:56,399 - root - DEBUG - 5.4.1-X
2023-07-09 17:49:56,399 - root - DEBUG - 5.4.2-Y
2023-07-09 17:49:56,399 - root - DEBUG - 5.4.3-ImageIndex
2023-07-09 17:49:56,400 - root - DEBUG - 5.4.4-ImagesCount
2023-07-09 17:49:56,400 - root - DEBUG - 5.5-WeekdayChinese
2023-07-09 17:49:56,400 - root - DEBUG - 5.5.1-X
2023-07-09 17:49:56,400 - root - DEBUG - 5.5.2-Y
2023-07-09 17:49:56,400 - root - DEBUG - 5.5.3-ImageIndex
2023-07-09 17:49:56,400 - root - DEBUG - 5.5.4-ImagesCount
2023-07-09 17:49:56,401 - root - DEBUG - 5.6-WeekdayTradChinese
2023-07-09 17:49:56,401 - root - DEBUG - 5.6.1-X
2023-07-09 17:49:56,401 - root - DEBUG - 5.6.2-Y
2023-07-09 17:49:56,401 - root - DEBUG - 5.6.3-ImageIndex
2023-07-09 17:49:56,401 - root - DEBUG - 5.6.4-ImagesCount
2023-07-09 17:49:56,401 - root - DEBUG - 6-Weather
2023-07-09 17:49:56,402 - root - DEBUG - 6.2-Temperature
2023-07-09 17:49:56,402 - root - DEBUG - 6.2.1-Current
2023-07-09 17:49:56,402 - root - DEBUG - 6.2.1.1-ImageNumber
2023-07-09 17:49:56,402 - root - DEBUG - 6.2.1.1.1-TopLeftX
2023-07-09 17:49:56,402 - root - DEBUG - 6.2.1.1.2-TopLeftY
2023-07-09 17:49:56,403 - root - DEBUG - 6.2.1.1.3-BottomRightX
2023-07-09 17:49:56,403 - root - DEBUG - 6.2.1.1.4-BottomRightY
2023-07-09 17:49:56,403 - root - DEBUG - 6.2.1.1.5-Alignment
2023-07-09 17:49:56,403 - root - DEBUG - 6.2.1.1.6-Spacing
2023-07-09 17:49:56,403 - root - DEBUG - 6.2.1.1.7-VerticalOffset
2023-07-09 17:49:56,403 - root - DEBUG - 6.2.1.1.8-ImageIndex
2023-07-09 17:49:56,404 - root - DEBUG - 6.2.1.1.9-ImagesCount
2023-07-09 17:49:56,404 - root - DEBUG - 6.2.1.2-MinusImageIndex
2023-07-09 17:49:56,404 - root - DEBUG - 6.2.1.3-SuffixImageIndexC
2023-07-09 17:49:56,404 - root - DEBUG - 9-Battery
2023-07-09 17:49:56,404 - root - DEBUG - 9.2-ImageProgress
2023-07-09 17:49:56,405 - root - DEBUG - 9.2.1-X
2023-07-09 17:49:56,405 - root - DEBUG - 9.2.2-Y
2023-07-09 17:49:56,405 - root - DEBUG - 9.2.3-ImageIndex
2023-07-09 17:49:56,405 - root - DEBUG - 9.2.4-ImagesCount
2023-07-09 17:49:56,405 - root - DEBUG - 29-AlwaysOnDisplay
2023-07-09 17:49:56,405 - root - DEBUG - 29.1-TimeExtended
2023-07-09 17:49:56,406 - root - DEBUG - 29.1.1-TimeSeparateDigits
2023-07-09 17:49:56,406 - root - DEBUG - 29.1.1.1-Hours
2023-07-09 17:49:56,406 - root - DEBUG - 29.1.1.1.1-Tens
2023-07-09 17:49:56,406 - root - DEBUG - 29.1.1.1.1.1-X
2023-07-09 17:49:56,406 - root - DEBUG - 29.1.1.1.1.2-Y
2023-07-09 17:49:56,406 - root - DEBUG - 29.1.1.1.1.3-ImageIndex
2023-07-09 17:49:56,407 - root - DEBUG - 29.1.1.1.1.4-ImagesCount
2023-07-09 17:49:56,407 - root - DEBUG - 29.1.1.1.2-Ones
2023-07-09 17:49:56,407 - root - DEBUG - 29.1.1.1.2.1-X
2023-07-09 17:49:56,407 - root - DEBUG - 29.1.1.1.2.2-Y
2023-07-09 17:49:56,407 - root - DEBUG - 29.1.1.1.2.3-ImageIndex
2023-07-09 17:49:56,408 - root - DEBUG - 29.1.1.1.2.4-ImagesCount
2023-07-09 17:49:56,408 - root - DEBUG - 29.1.1.2-Minutes
2023-07-09 17:49:56,408 - root - DEBUG - 29.1.1.2.1-Tens
2023-07-09 17:49:56,408 - root - DEBUG - 29.1.1.2.1.1-X
2023-07-09 17:49:56,408 - root - DEBUG - 29.1.1.2.1.2-Y
2023-07-09 17:49:56,408 - root - DEBUG - 29.1.1.2.1.3-ImageIndex
2023-07-09 17:49:56,409 - root - DEBUG - 29.1.1.2.1.4-ImagesCount
2023-07-09 17:49:56,409 - root - DEBUG - 29.1.1.2.2-Ones
2023-07-09 17:49:56,409 - root - DEBUG - 29.1.1.2.2.1-X
2023-07-09 17:49:56,409 - root - DEBUG - 29.1.1.2.2.2-Y
2023-07-09 17:49:56,409 - root - DEBUG - 29.1.1.2.2.3-ImageIndex
2023-07-09 17:49:56,409 - root - DEBUG - 29.1.1.2.2.4-ImagesCount
2023-07-09 17:49:56,410 - root - DEBUG - 29.1.1.3-Separator
2023-07-09 17:49:56,410 - root - DEBUG - 29.1.1.3.1-X
2023-07-09 17:49:56,410 - root - DEBUG - 29.1.1.3.2-Y
2023-07-09 17:49:56,410 - root - DEBUG - 29.1.1.3.3-ImageIndex
2023-07-09 17:49:56,410 - root - DEBUG - 29.1.1.4-PaddingZeroHours
2023-07-09 17:49:56,410 - root - DEBUG - 29.1.4-AmPm
2023-07-09 17:49:56,411 - root - DEBUG - 29.1.4.1-CommonX
2023-07-09 17:49:56,411 - root - DEBUG - 29.1.4.2-CommonY
2023-07-09 17:49:56,411 - root - DEBUG - 29.1.4.3-ImageIndexAMCN
2023-07-09 17:49:56,411 - root - DEBUG - 29.1.4.4-ImageIndexPMCN
2023-07-09 17:49:56,411 - root - DEBUG - 29.1.4.5-AmImageIndexEN
2023-07-09 17:49:56,412 - root - DEBUG - 29.1.4.6-PmImageIndexEN
2023-07-09 17:49:56,412 - root - DEBUG - 29.2-DateOneLine
2023-07-09 17:49:56,412 - root - DEBUG - 29.2.1-MonthAndDay
2023-07-09 17:49:56,412 - root - DEBUG - 29.2.1.1-TopLeftX
2023-07-09 17:49:56,412 - root - DEBUG - 29.2.1.2-TopLeftY
2023-07-09 17:49:56,413 - root - DEBUG - 29.2.1.3-BottomRightX
2023-07-09 17:49:56,413 - root - DEBUG - 29.2.1.4-BottomRightY
2023-07-09 17:49:56,413 - root - DEBUG - 29.2.1.5-Alignment
2023-07-09 17:49:56,413 - root - DEBUG - 29.2.1.6-Spacing
2023-07-09 17:49:56,413 - root - DEBUG - 29.2.1.7-VerticalOffset
2023-07-09 17:49:56,413 - root - DEBUG - 29.2.1.8-ImageIndex
2023-07-09 17:49:56,414 - root - DEBUG - 29.2.1.9-ImagesCount
2023-07-09 17:49:56,414 - root - DEBUG - 29.2.2-SeparatorImageIndex
2023-07-09 17:49:56,414 - root - DEBUG - 29.3-Week
2023-07-09 17:49:56,414 - root - DEBUG - 29.3.1-Weekday
2023-07-09 17:49:56,414 - root - DEBUG - 29.3.1.1-X
2023-07-09 17:49:56,414 - root - DEBUG - 29.3.1.2-Y
2023-07-09 17:49:56,415 - root - DEBUG - 29.3.1.3-ImageIndex
2023-07-09 17:49:56,415 - root - DEBUG - 29.3.1.4-ImagesCount
2023-07-09 17:49:56,415 - root - DEBUG - 29.3.2-WeekdayChinese
2023-07-09 17:49:56,415 - root - DEBUG - 29.3.2.1-X
2023-07-09 17:49:56,415 - root - DEBUG - 29.3.2.2-Y
2023-07-09 17:49:56,415 - root - DEBUG - 29.3.2.3-ImageIndex
2023-07-09 17:49:56,416 - root - DEBUG - 29.3.2.4-ImagesCount
2023-07-09 17:49:56,416 - root - DEBUG - 29.3.3-WeekdayTradChinese
2023-07-09 17:49:56,416 - root - DEBUG - 29.3.3.1-X
2023-07-09 17:49:56,416 - root - DEBUG - 29.3.3.2-Y
2023-07-09 17:49:56,416 - root - DEBUG - 29.3.3.3-ImageIndex
2023-07-09 17:49:56,416 - root - DEBUG - 29.3.3.4-ImagesCount
2023-07-09 17:49:56,417 - root - DEBUG - generatePreviews
2023-07-09 17:49:56,417 - root - DEBUG - Generating previews...
2023-07-09 17:49:56,420 - root - DEBUG - Generating states done...
2023-07-09 17:49:56,431 - root - DEBUG - >>>>>>>>>>>> 0 <watchFaceParser.models.parameter.Parameter object at 0x000001F143820BE0>
2023-07-09 17:49:56,431 - root - DEBUG - >>>>>>>>>>>> 2 <watchFaceParser.models.parameter.Parameter object at 0x000001F143819310>
2023-07-09 17:49:56,439 - root - DEBUG - >>>>>>>>>>>> 3 <watchFaceParser.models.parameter.Parameter object at 0x000001F1438196A0>
2023-07-09 17:49:56,448 - root - DEBUG - >>>>>>>>>>>> 5 <watchFaceParser.models.parameter.Parameter object at 0x000001F14381BB50>
2023-07-09 17:49:56,463 - root - DEBUG - >>>>>>>>>>>> 6 <watchFaceParser.models.parameter.Parameter object at 0x000001F14381C3A0>
2023-07-09 17:49:56,471 - root - DEBUG - >>>>>>>>>>>> 9 <watchFaceParser.models.parameter.Parameter object at 0x000001F14381E3D0>
2023-07-09 17:49:56,473 - root - DEBUG - >>>>>>>>>>>> 29 <watchFaceParser.models.parameter.Parameter object at 0x000001F14381E340>
2023-07-09 17:49:56,496 - root - DEBUG - Generating static preview gen done...
2023-07-09 17:49:56,609 - root - DEBUG - Generating static preview save done...
2023-07-09 17:49:56,609 - root - DEBUG - Generating anim preview gen done...
2023-07-09 17:49:56,609 - root - DEBUG - >>>>>>>>>>>> 0 <watchFaceParser.models.parameter.Parameter object at 0x000001F143820BE0>
2023-07-09 17:49:56,609 - root - DEBUG - >>>>>>>>>>>> 2 <watchFaceParser.models.parameter.Parameter object at 0x000001F143819310>
2023-07-09 17:49:56,609 - root - DEBUG - >>>>>>>>>>>> 3 <watchFaceParser.models.parameter.Parameter object at 0x000001F1438196A0>
2023-07-09 17:49:56,610 - root - DEBUG - >>>>>>>>>>>> 5 <watchFaceParser.models.parameter.Parameter object at 0x000001F14381BB50>
2023-07-09 17:49:56,610 - root - DEBUG - >>>>>>>>>>>> 6 <watchFaceParser.models.parameter.Parameter object at 0x000001F14381C3A0>
2023-07-09 17:49:56,610 - root - DEBUG - >>>>>>>>>>>> 9 <watchFaceParser.models.parameter.Parameter object at 0x000001F14381E3D0>
2023-07-09 17:49:56,611 - root - DEBUG - >>>>>>>>>>>> 29 <watchFaceParser.models.parameter.Parameter object at 0x000001F14381E340>
2023-07-09 17:49:56,779 - root - DEBUG - generatePreviews done
2023-07-09 17:49:56,780 - root - DEBUG - Exporting resources to 'E:\Codez\zepp-gts2mini-wf\1af66be7a050fa9a732283f72b4def09'
2023-07-09 17:49:56,782 - root - DEBUG - extracting E:\Codez\zepp-gts2mini-wf\1af66be7a050fa9a732283f72b4def09\0000.png...
2023-07-09 17:49:56,805 - root - DEBUG - extracting E:\Codez\zepp-gts2mini-wf\1af66be7a050fa9a732283f72b4def09\0001.png...
2023-07-09 17:49:56,828 - root - DEBUG - extracting E:\Codez\zepp-gts2mini-wf\1af66be7a050fa9a732283f72b4def09\0002.png...
2023-07-09 17:49:56,850 - root - DEBUG - extracting E:\Codez\zepp-gts2mini-wf\1af66be7a050fa9a732283f72b4def09\0003.png...
2023-07-09 17:49:56,889 - root - DEBUG - extracting E:\Codez\zepp-gts2mini-wf\1af66be7a050fa9a732283f72b4def09\0004.png...
2023-07-09 17:49:56,891 - root - DEBUG - extracting E:\Codez\zepp-gts2mini-wf\1af66be7a050fa9a732283f72b4def09\0005.png...
2023-07-09 17:49:56,893 - root - DEBUG - extracting E:\Codez\zepp-gts2mini-wf\1af66be7a050fa9a732283f72b4def09\0006.png...
2023-07-09 17:49:56,895 - root - DEBUG - extracting E:\Codez\zepp-gts2mini-wf\1af66be7a050fa9a732283f72b4def09\0007.png...
2023-07-09 17:49:56,896 - root - DEBUG - extracting E:\Codez\zepp-gts2mini-wf\1af66be7a050fa9a732283f72b4def09\0008.png...
2023-07-09 17:49:56,898 - root - DEBUG - extracting E:\Codez\zepp-gts2mini-wf\1af66be7a050fa9a732283f72b4def09\0009.png...
2023-07-09 17:49:56,900 - root - DEBUG - extracting E:\Codez\zepp-gts2mini-wf\1af66be7a050fa9a732283f72b4def09\0010.png...
2023-07-09 17:49:56,901 - root - DEBUG - extracting E:\Codez\zepp-gts2mini-wf\1af66be7a050fa9a732283f72b4def09\0011.png...
2023-07-09 17:49:56,903 - root - DEBUG - extracting E:\Codez\zepp-gts2mini-wf\1af66be7a050fa9a732283f72b4def09\0012.png...
2023-07-09 17:49:56,905 - root - DEBUG - extracting E:\Codez\zepp-gts2mini-wf\1af66be7a050fa9a732283f72b4def09\0013.png...
2023-07-09 17:49:56,906 - root - DEBUG - extracting E:\Codez\zepp-gts2mini-wf\1af66be7a050fa9a732283f72b4def09\0014.png...
2023-07-09 17:49:56,908 - root - DEBUG - extracting E:\Codez\zepp-gts2mini-wf\1af66be7a050fa9a732283f72b4def09\0015.png...
2023-07-09 17:49:56,910 - root - DEBUG - extracting E:\Codez\zepp-gts2mini-wf\1af66be7a050fa9a732283f72b4def09\0016.png...
2023-07-09 17:49:56,911 - root - DEBUG - extracting E:\Codez\zepp-gts2mini-wf\1af66be7a050fa9a732283f72b4def09\0017.png...
2023-07-09 17:49:56,913 - root - DEBUG - extracting E:\Codez\zepp-gts2mini-wf\1af66be7a050fa9a732283f72b4def09\0018.png...
2023-07-09 17:49:56,914 - root - DEBUG - extracting E:\Codez\zepp-gts2mini-wf\1af66be7a050fa9a732283f72b4def09\0019.png...
2023-07-09 17:49:56,915 - root - DEBUG - extracting E:\Codez\zepp-gts2mini-wf\1af66be7a050fa9a732283f72b4def09\0020.png...
2023-07-09 17:49:56,916 - root - DEBUG - extracting E:\Codez\zepp-gts2mini-wf\1af66be7a050fa9a732283f72b4def09\0021.png...
2023-07-09 17:49:56,918 - root - DEBUG - extracting E:\Codez\zepp-gts2mini-wf\1af66be7a050fa9a732283f72b4def09\0022.png...
2023-07-09 17:49:56,919 - root - DEBUG - extracting E:\Codez\zepp-gts2mini-wf\1af66be7a050fa9a732283f72b4def09\0023.png...
2023-07-09 17:49:56,920 - root - DEBUG - extracting E:\Codez\zepp-gts2mini-wf\1af66be7a050fa9a732283f72b4def09\0024.png...
2023-07-09 17:49:56,921 - root - DEBUG - extracting E:\Codez\zepp-gts2mini-wf\1af66be7a050fa9a732283f72b4def09\0025.png...
2023-07-09 17:49:56,922 - root - DEBUG - extracting E:\Codez\zepp-gts2mini-wf\1af66be7a050fa9a732283f72b4def09\0026.png...
2023-07-09 17:49:56,923 - root - DEBUG - extracting E:\Codez\zepp-gts2mini-wf\1af66be7a050fa9a732283f72b4def09\0027.png...
2023-07-09 17:49:56,925 - root - DEBUG - extracting E:\Codez\zepp-gts2mini-wf\1af66be7a050fa9a732283f72b4def09\0028.png...
2023-07-09 17:49:56,927 - root - DEBUG - extracting E:\Codez\zepp-gts2mini-wf\1af66be7a050fa9a732283f72b4def09\0029.png...
2023-07-09 17:49:56,928 - root - DEBUG - extracting E:\Codez\zepp-gts2mini-wf\1af66be7a050fa9a732283f72b4def09\0030.png...
2023-07-09 17:49:56,930 - root - DEBUG - extracting E:\Codez\zepp-gts2mini-wf\1af66be7a050fa9a732283f72b4def09\0031.png...
2023-07-09 17:49:56,932 - root - DEBUG - extracting E:\Codez\zepp-gts2mini-wf\1af66be7a050fa9a732283f72b4def09\0032.png...
2023-07-09 17:49:56,934 - root - DEBUG - extracting E:\Codez\zepp-gts2mini-wf\1af66be7a050fa9a732283f72b4def09\0033.png...
2023-07-09 17:49:56,935 - root - DEBUG - extracting E:\Codez\zepp-gts2mini-wf\1af66be7a050fa9a732283f72b4def09\0034.png...
2023-07-09 17:49:56,936 - root - DEBUG - extracting E:\Codez\zepp-gts2mini-wf\1af66be7a050fa9a732283f72b4def09\0035.png...
2023-07-09 17:49:56,938 - root - DEBUG - extracting E:\Codez\zepp-gts2mini-wf\1af66be7a050fa9a732283f72b4def09\0036.png...
2023-07-09 17:49:56,939 - root - DEBUG - extracting E:\Codez\zepp-gts2mini-wf\1af66be7a050fa9a732283f72b4def09\0037.png...
2023-07-09 17:49:56,941 - root - DEBUG - extracting E:\Codez\zepp-gts2mini-wf\1af66be7a050fa9a732283f72b4def09\0038.png...
2023-07-09 17:49:56,943 - root - DEBUG - extracting E:\Codez\zepp-gts2mini-wf\1af66be7a050fa9a732283f72b4def09\0039.png...
2023-07-09 17:49:56,944 - root - DEBUG - extracting E:\Codez\zepp-gts2mini-wf\1af66be7a050fa9a732283f72b4def09\0040.png...
2023-07-09 17:49:56,946 - root - DEBUG - extracting E:\Codez\zepp-gts2mini-wf\1af66be7a050fa9a732283f72b4def09\0041.png...
2023-07-09 17:49:56,947 - root - DEBUG - extracting E:\Codez\zepp-gts2mini-wf\1af66be7a050fa9a732283f72b4def09\0042.png...
2023-07-09 17:49:56,949 - root - DEBUG - extracting E:\Codez\zepp-gts2mini-wf\1af66be7a050fa9a732283f72b4def09\0043.png...
2023-07-09 17:49:56,950 - root - DEBUG - extracting E:\Codez\zepp-gts2mini-wf\1af66be7a050fa9a732283f72b4def09\0044.png...
2023-07-09 17:49:56,952 - root - DEBUG - extracting E:\Codez\zepp-gts2mini-wf\1af66be7a050fa9a732283f72b4def09\0045.png...
2023-07-09 17:49:56,953 - root - DEBUG - extracting E:\Codez\zepp-gts2mini-wf\1af66be7a050fa9a732283f72b4def09\0046.png...
2023-07-09 17:49:56,954 - root - DEBUG - extracting E:\Codez\zepp-gts2mini-wf\1af66be7a050fa9a732283f72b4def09\0047.png...
2023-07-09 17:49:56,956 - root - DEBUG - extracting E:\Codez\zepp-gts2mini-wf\1af66be7a050fa9a732283f72b4def09\0048.png...
2023-07-09 17:49:56,959 - root - DEBUG - extracting E:\Codez\zepp-gts2mini-wf\1af66be7a050fa9a732283f72b4def09\0049.png...
2023-07-09 17:49:56,960 - root - DEBUG - extracting E:\Codez\zepp-gts2mini-wf\1af66be7a050fa9a732283f72b4def09\0050.png...
2023-07-09 17:49:56,961 - root - DEBUG - extracting E:\Codez\zepp-gts2mini-wf\1af66be7a050fa9a732283f72b4def09\0051.png...
2023-07-09 17:49:56,963 - root - DEBUG - extracting E:\Codez\zepp-gts2mini-wf\1af66be7a050fa9a732283f72b4def09\0052.png...
2023-07-09 17:49:56,965 - root - DEBUG - extracting E:\Codez\zepp-gts2mini-wf\1af66be7a050fa9a732283f72b4def09\0053.png...
2023-07-09 17:49:56,966 - root - DEBUG - extracting E:\Codez\zepp-gts2mini-wf\1af66be7a050fa9a732283f72b4def09\0054.png...
2023-07-09 17:49:56,968 - root - DEBUG - extracting E:\Codez\zepp-gts2mini-wf\1af66be7a050fa9a732283f72b4def09\0055.png...
2023-07-09 17:49:56,969 - root - DEBUG - extracting E:\Codez\zepp-gts2mini-wf\1af66be7a050fa9a732283f72b4def09\0056.png...
2023-07-09 17:49:56,970 - root - DEBUG - extracting E:\Codez\zepp-gts2mini-wf\1af66be7a050fa9a732283f72b4def09\0057.png...
2023-07-09 17:49:56,971 - root - DEBUG - extracting E:\Codez\zepp-gts2mini-wf\1af66be7a050fa9a732283f72b4def09\0058.png...
2023-07-09 17:49:56,972 - root - DEBUG - extracting E:\Codez\zepp-gts2mini-wf\1af66be7a050fa9a732283f72b4def09\0059.png...
2023-07-09 17:49:56,973 - root - DEBUG - extracting E:\Codez\zepp-gts2mini-wf\1af66be7a050fa9a732283f72b4def09\0060.png...
2023-07-09 17:49:56,974 - root - DEBUG - extracting E:\Codez\zepp-gts2mini-wf\1af66be7a050fa9a732283f72b4def09\0061.png...
2023-07-09 17:49:56,975 - root - DEBUG - extracting E:\Codez\zepp-gts2mini-wf\1af66be7a050fa9a732283f72b4def09\0062.png...
2023-07-09 17:49:56,977 - root - DEBUG - Exporting config...
