2022-01-06 09:12:46,025 - root - DEBUG - Opening watch face 'E:\Codez\zepp-gts2mini-wf\0361c068bdad8be53288d42fcb798b0b.bin'
2022-01-06 09:12:46,055 - root - DEBUG - Reading parameters...
2022-01-06 09:12:46,055 - root - INFO - Reading header...
2022-01-06 09:12:46,057 - root - INFO - Header was read:
2022-01-06 09:12:46,057 - root - INFO - Signature: b'UIHH\x01\x00\xff', Unknown: 75, ParametersSize: 32, isValid: True, deviceId: 73
2022-01-06 09:12:46,057 - root - INFO - Reading parameter offsets...
2022-01-06 09:12:46,057 - root - INFO - Parameter offsets were read from file
2022-01-06 09:12:46,057 - root - INFO - Reading parameters descriptor...
2022-01-06 09:12:46,057 - root - INFO - 1 ( A): 5 bytes
2022-01-06 09:12:46,057 - root - INFO -     1 ( 8): 168 A8
2022-01-06 09:12:46,057 - root - INFO -     2 (10): 17 11
2022-01-06 09:12:46,057 - root - INFO - getParameters descriptor was read:
2022-01-06 09:12:46,057 - root - INFO - ParametersTableLength: 168, ImagesCount: 17
2022-01-06 09:12:46,057 - root - INFO - Reading parameters locations...
2022-01-06 09:12:46,057 - root - INFO - 2 (12): 4 bytes
2022-01-06 09:12:46,058 - root - INFO -     1 ( 8): 0  0
2022-01-06 09:12:46,058 - root - INFO -     2 (10): 32 20
2022-01-06 09:12:46,058 - root - INFO - 4 (22): 4 bytes
2022-01-06 09:12:46,058 - root - INFO -     1 ( 8): 40 28
2022-01-06 09:12:46,058 - root - INFO -     2 (10): 75 4B
2022-01-06 09:12:46,058 - root - INFO - 5 (2A): 4 bytes
2022-01-06 09:12:46,058 - root - INFO -     1 ( 8): 32 20
2022-01-06 09:12:46,058 - root - INFO -     2 (10): 8  8
2022-01-06 09:12:46,058 - root - INFO - 20 (A2): 4 bytes
2022-01-06 09:12:46,058 - root - INFO -     1 ( 8): 115 73
2022-01-06 09:12:46,058 - root - INFO -     2 (10): 53 35
2022-01-06 09:12:46,058 - root - INFO - Watch face parameters locations were read:
2022-01-06 09:12:46,059 - root - INFO - Reading descriptor for parameter 2
2022-01-06 09:12:46,059 - root - INFO - Descriptor offset: 0, Descriptor length: 32
2022-01-06 09:12:46,060 - root - INFO - Parsing descriptor for parameter 2...
2022-01-06 09:12:46,060 - root - INFO - 1 ( A): 6 bytes
2022-01-06 09:12:46,060 - root - INFO -     1 ( 8): 0  0
2022-01-06 09:12:46,060 - root - INFO -     2 (10): 0  0
2022-01-06 09:12:46,060 - root - INFO -     3 (18): 1  1
2022-01-06 09:12:46,060 - root - INFO - 3 (1A): 6 bytes
2022-01-06 09:12:46,060 - root - INFO -     1 ( 8): 0  0
2022-01-06 09:12:46,060 - root - INFO -     2 (10): 0  0
2022-01-06 09:12:46,060 - root - INFO -     3 (18): 0  0
2022-01-06 09:12:46,060 - root - INFO - 4 (22): 6 bytes
2022-01-06 09:12:46,060 - root - INFO -     1 ( 8): 0  0
2022-01-06 09:12:46,061 - root - INFO -     2 (10): 0  0
2022-01-06 09:12:46,061 - root - INFO -     3 (18): 0  0
2022-01-06 09:12:46,061 - root - INFO - 5 (2A): 6 bytes
2022-01-06 09:12:46,061 - root - INFO -     1 ( 8): 0  0
2022-01-06 09:12:46,061 - root - INFO -     2 (10): 0  0
2022-01-06 09:12:46,061 - root - INFO -     3 (18): 0  0
2022-01-06 09:12:46,062 - root - INFO - Reading descriptor for parameter 4
2022-01-06 09:12:46,062 - root - INFO - Descriptor offset: 40, Descriptor length: 75
2022-01-06 09:12:46,062 - root - INFO - Parsing descriptor for parameter 4...
2022-01-06 09:12:46,062 - root - INFO - 1 ( A): 23 bytes
2022-01-06 09:12:46,062 - root - INFO -     1 ( A): 21 bytes
2022-01-06 09:12:46,062 - root - INFO -         1 ( 8): 206 CE
2022-01-06 09:12:46,062 - root - INFO -         2 (10): 114 72
2022-01-06 09:12:46,062 - root - INFO -         3 (18): 281 119
2022-01-06 09:12:46,062 - root - INFO -         4 (20): 135 87
2022-01-06 09:12:46,062 - root - INFO -         5 (28): 24 18
2022-01-06 09:12:46,063 - root - INFO -         6 (30): 0  0
2022-01-06 09:12:46,063 - root - INFO -         7 (38): 0  0
2022-01-06 09:12:46,063 - root - INFO -         8 (40): 2  2
2022-01-06 09:12:46,063 - root - INFO -         9 (48): 10  A
2022-01-06 09:12:46,063 - root - INFO - 3 (1A): 24 bytes
2022-01-06 09:12:46,063 - root - INFO -     1 ( A): 22 bytes
2022-01-06 09:12:46,063 - root - INFO -         1 ( 8): 214 D6
2022-01-06 09:12:46,063 - root - INFO -         2 (10): 224 E0
2022-01-06 09:12:46,063 - root - INFO -         3 (18): 274 112
2022-01-06 09:12:46,063 - root - INFO -         4 (20): 245 F5
2022-01-06 09:12:46,063 - root - INFO -         5 (28): 24 18
2022-01-06 09:12:46,064 - root - INFO -         6 (30): 0  0
2022-01-06 09:12:46,064 - root - INFO -         7 (38): 0  0
2022-01-06 09:12:46,064 - root - INFO -         8 (40): 2  2
2022-01-06 09:12:46,064 - root - INFO -         9 (48): 10  A
2022-01-06 09:12:46,064 - root - INFO - 7 (38): 0  0
2022-01-06 09:12:46,064 - root - INFO - 8 (42): 20 bytes
2022-01-06 09:12:46,064 - root - INFO -     1 ( A): 18 bytes
2022-01-06 09:12:46,064 - root - INFO -         1 ( 8): 0  0
2022-01-06 09:12:46,064 - root - INFO -         2 (10): 0  0
2022-01-06 09:12:46,064 - root - INFO -         3 (18): 0  0
2022-01-06 09:12:46,064 - root - INFO -         4 (20): 0  0
2022-01-06 09:12:46,065 - root - INFO -         5 (28): 0  0
2022-01-06 09:12:46,065 - root - INFO -         6 (30): 0  0
2022-01-06 09:12:46,065 - root - INFO -         7 (38): 0  0
2022-01-06 09:12:46,065 - root - INFO -         8 (40): 0  0
2022-01-06 09:12:46,065 - root - INFO -         9 (48): 0  0
2022-01-06 09:12:46,066 - root - INFO - Reading descriptor for parameter 5
2022-01-06 09:12:46,066 - root - INFO - Descriptor offset: 32, Descriptor length: 8
2022-01-06 09:12:46,066 - root - INFO - Parsing descriptor for parameter 5...
2022-01-06 09:12:46,066 - root - INFO - 1 ( A): 6 bytes
2022-01-06 09:12:46,066 - root - INFO -     4 (20): 0  0
2022-01-06 09:12:46,066 - root - INFO -     5 (28): 0  0
2022-01-06 09:12:46,066 - root - INFO -     6 (30): 0  0
2022-01-06 09:12:46,067 - root - INFO - Reading descriptor for parameter 20
2022-01-06 09:12:46,067 - root - INFO - Descriptor offset: 115, Descriptor length: 53
2022-01-06 09:12:46,067 - root - INFO - Parsing descriptor for parameter 20...
2022-01-06 09:12:46,067 - root - INFO - 2 (12): 6 bytes
2022-01-06 09:12:46,067 - root - INFO -     1 ( 8): 153 99
2022-01-06 09:12:46,067 - root - INFO -     2 (10): 177 B1
2022-01-06 09:12:46,067 - root - INFO - 3 (1A): 4 bytes
2022-01-06 09:12:46,067 - root - INFO -     1 ( 8): 13  D
2022-01-06 09:12:46,067 - root - INFO -     2 (10): 89 59
2022-01-06 09:12:46,067 - root - INFO - 4 (22): 15 bytes
2022-01-06 09:12:46,068 - root - INFO -     1 ( 8): 14  E
2022-01-06 09:12:46,068 - root - INFO -     2 (10): 131 83
2022-01-06 09:12:46,068 - root - INFO -     4 (22): 8 bytes
2022-01-06 09:12:46,068 - root - INFO -         1 ( 8): 144 90
2022-01-06 09:12:46,068 - root - INFO -         2 (10): 167 A7
2022-01-06 09:12:46,068 - root - INFO -         3 (18): 16 10
2022-01-06 09:12:46,068 - root - INFO - 5 (2A): 20 bytes
2022-01-06 09:12:46,068 - root - INFO -     1 ( 8): 12  C
2022-01-06 09:12:46,068 - root - INFO -     2 (10): 38 26
2022-01-06 09:12:46,068 - root - INFO -     3 (1A): 5 bytes
2022-01-06 09:12:46,068 - root - INFO -         1 ( 8): 74 4A
2022-01-06 09:12:46,069 - root - INFO -         2 (10): 171 AB
2022-01-06 09:12:46,069 - root - INFO -     4 (22): 7 bytes
2022-01-06 09:12:46,069 - root - INFO -         1 ( 8): 66 42
2022-01-06 09:12:46,069 - root - INFO -         2 (10): 163 A3
2022-01-06 09:12:46,069 - root - INFO -         3 (18): 15  F
2022-01-06 09:12:46,072 - root - INFO - Reading resources offsets table with 17 elements (68 bytes)
2022-01-06 09:12:46,072 - root - INFO - Resource 0 offset: 355, length: 101656...
2022-01-06 09:12:46,072 - root - DEBUG - Reading resource 0...
2022-01-06 09:12:46,112 - root - INFO - The image is bmc.
2022-01-06 09:12:46,112 - root - INFO - Reading image header(readHeader16C)...
2022-01-06 09:12:46,112 - root - INFO - Image header was read:
2022-01-06 09:12:46,113 - root - INFO - Width: 210, Height: 242, RowLength: 420
2022-01-06 09:12:46,113 - root - INFO - _step: 2, unknown2: 0,
2022-01-06 09:12:46,113 - root - INFO - BPP: 16, Transparency: False
2022-01-06 09:12:46,305 - root - INFO - Resource 1 offset: 102011, length: 216664...
2022-01-06 09:12:46,305 - root - DEBUG - Reading resource 1...
2022-01-06 09:12:46,306 - root - INFO - The image is bmc.
2022-01-06 09:12:46,306 - root - INFO - Reading image header(readHeader16C)...
2022-01-06 09:12:46,306 - root - INFO - Image header was read:
2022-01-06 09:12:46,306 - root - INFO - Width: 306, Height: 354, RowLength: 612
2022-01-06 09:12:46,306 - root - INFO - _step: 2, unknown2: 0,
2022-01-06 09:12:46,306 - root - INFO - BPP: 16, Transparency: False
2022-01-06 09:12:46,719 - root - INFO - Resource 2 offset: 318675, length: 616...
2022-01-06 09:12:46,719 - root - DEBUG - Reading resource 2...
2022-01-06 09:12:46,720 - root - INFO - The image is bme.
2022-01-06 09:12:46,720 - root - INFO - Reading image header(readHeader16E)...
2022-01-06 09:12:46,720 - root - INFO - Image header was read:
2022-01-06 09:12:46,720 - root - INFO - Width: 15, Height: 21, RowLength: 30
2022-01-06 09:12:46,720 - root - INFO - datalength: 600, _step: 2
2022-01-06 09:12:46,720 - root - INFO - BPP: 16, Transparency: False
2022-01-06 09:12:46,721 - root - INFO - Resource 3 offset: 319291, length: 460...
2022-01-06 09:12:46,721 - root - DEBUG - Reading resource 3...
2022-01-06 09:12:46,721 - root - INFO - The image is bme.
2022-01-06 09:12:46,721 - root - INFO - Reading image header(readHeader16E)...
2022-01-06 09:12:46,721 - root - INFO - Image header was read:
2022-01-06 09:12:46,721 - root - INFO - Width: 15, Height: 21, RowLength: 30
2022-01-06 09:12:46,721 - root - INFO - datalength: 444, _step: 2
2022-01-06 09:12:46,721 - root - INFO - BPP: 16, Transparency: False
2022-01-06 09:12:46,722 - root - INFO - Resource 4 offset: 319751, length: 496...
2022-01-06 09:12:46,722 - root - DEBUG - Reading resource 4...
2022-01-06 09:12:46,722 - root - INFO - The image is bme.
2022-01-06 09:12:46,722 - root - INFO - Reading image header(readHeader16E)...
2022-01-06 09:12:46,723 - root - INFO - Image header was read:
2022-01-06 09:12:46,723 - root - INFO - Width: 15, Height: 21, RowLength: 30
2022-01-06 09:12:46,723 - root - INFO - datalength: 480, _step: 2
2022-01-06 09:12:46,723 - root - INFO - BPP: 16, Transparency: False
2022-01-06 09:12:46,724 - root - INFO - Resource 5 offset: 320247, length: 494...
2022-01-06 09:12:46,724 - root - DEBUG - Reading resource 5...
2022-01-06 09:12:46,724 - root - INFO - The image is bme.
2022-01-06 09:12:46,724 - root - INFO - Reading image header(readHeader16E)...
2022-01-06 09:12:46,724 - root - INFO - Image header was read:
2022-01-06 09:12:46,724 - root - INFO - Width: 15, Height: 21, RowLength: 30
2022-01-06 09:12:46,724 - root - INFO - datalength: 478, _step: 2
2022-01-06 09:12:46,724 - root - INFO - BPP: 16, Transparency: False
2022-01-06 09:12:46,725 - root - INFO - Resource 6 offset: 320741, length: 526...
2022-01-06 09:12:46,725 - root - DEBUG - Reading resource 6...
2022-01-06 09:12:46,725 - root - INFO - The image is bme.
2022-01-06 09:12:46,725 - root - INFO - Reading image header(readHeader16E)...
2022-01-06 09:12:46,725 - root - INFO - Image header was read:
2022-01-06 09:12:46,725 - root - INFO - Width: 15, Height: 21, RowLength: 30
2022-01-06 09:12:46,726 - root - INFO - datalength: 510, _step: 2
2022-01-06 09:12:46,726 - root - INFO - BPP: 16, Transparency: False
2022-01-06 09:12:46,727 - root - INFO - Resource 7 offset: 321267, length: 512...
2022-01-06 09:12:46,727 - root - DEBUG - Reading resource 7...
2022-01-06 09:12:46,727 - root - INFO - The image is bme.
2022-01-06 09:12:46,727 - root - INFO - Reading image header(readHeader16E)...
2022-01-06 09:12:46,727 - root - INFO - Image header was read:
2022-01-06 09:12:46,727 - root - INFO - Width: 15, Height: 21, RowLength: 30
2022-01-06 09:12:46,727 - root - INFO - datalength: 496, _step: 2
2022-01-06 09:12:46,727 - root - INFO - BPP: 16, Transparency: False
2022-01-06 09:12:46,728 - root - INFO - Resource 8 offset: 321779, length: 564...
2022-01-06 09:12:46,728 - root - DEBUG - Reading resource 8...
2022-01-06 09:12:46,728 - root - INFO - The image is bme.
2022-01-06 09:12:46,728 - root - INFO - Reading image header(readHeader16E)...
2022-01-06 09:12:46,728 - root - INFO - Image header was read:
2022-01-06 09:12:46,728 - root - INFO - Width: 15, Height: 21, RowLength: 30
2022-01-06 09:12:46,729 - root - INFO - datalength: 548, _step: 2
2022-01-06 09:12:46,729 - root - INFO - BPP: 16, Transparency: False
2022-01-06 09:12:46,730 - root - INFO - Resource 9 offset: 322343, length: 416...
2022-01-06 09:12:46,730 - root - DEBUG - Reading resource 9...
2022-01-06 09:12:46,730 - root - INFO - The image is bme.
2022-01-06 09:12:46,730 - root - INFO - Reading image header(readHeader16E)...
2022-01-06 09:12:46,730 - root - INFO - Image header was read:
2022-01-06 09:12:46,730 - root - INFO - Width: 15, Height: 21, RowLength: 30
2022-01-06 09:12:46,730 - root - INFO - datalength: 400, _step: 2
2022-01-06 09:12:46,730 - root - INFO - BPP: 16, Transparency: False
2022-01-06 09:12:46,731 - root - INFO - Resource 10 offset: 322759, length: 604...
2022-01-06 09:12:46,731 - root - DEBUG - Reading resource 10...
2022-01-06 09:12:46,731 - root - INFO - The image is bme.
2022-01-06 09:12:46,731 - root - INFO - Reading image header(readHeader16E)...
2022-01-06 09:12:46,731 - root - INFO - Image header was read:
2022-01-06 09:12:46,731 - root - INFO - Width: 15, Height: 21, RowLength: 30
2022-01-06 09:12:46,731 - root - INFO - datalength: 588, _step: 2
2022-01-06 09:12:46,731 - root - INFO - BPP: 16, Transparency: False
2022-01-06 09:12:46,732 - root - INFO - Resource 11 offset: 323363, length: 572...
2022-01-06 09:12:46,732 - root - DEBUG - Reading resource 11...
2022-01-06 09:12:46,733 - root - INFO - The image is bme.
2022-01-06 09:12:46,733 - root - INFO - Reading image header(readHeader16E)...
2022-01-06 09:12:46,733 - root - INFO - Image header was read:
2022-01-06 09:12:46,733 - root - INFO - Width: 15, Height: 21, RowLength: 30
2022-01-06 09:12:46,733 - root - INFO - datalength: 556, _step: 2
2022-01-06 09:12:46,733 - root - INFO - BPP: 16, Transparency: False
2022-01-06 09:12:46,734 - root - INFO - Resource 12 offset: 323935, length: 2752...
2022-01-06 09:12:46,734 - root - DEBUG - Reading resource 12...
2022-01-06 09:12:46,734 - root - INFO - The image is bmc.
2022-01-06 09:12:46,734 - root - INFO - Reading image header(readHeader16C)...
2022-01-06 09:12:46,734 - root - INFO - Image header was read:
2022-01-06 09:12:46,734 - root - INFO - Width: 19, Height: 48, RowLength: 57
2022-01-06 09:12:46,735 - root - INFO - _step: 3, unknown2: 0,
2022-01-06 09:12:46,735 - root - INFO - BPP: 24, Transparency: False
2022-01-06 09:12:46,739 - root - INFO - Resource 13 offset: 326687, length: 14002...
2022-01-06 09:12:46,739 - root - DEBUG - Reading resource 13...
2022-01-06 09:12:46,739 - root - INFO - The image is bmc.
2022-01-06 09:12:46,739 - root - INFO - Reading image header(readHeader16C)...
2022-01-06 09:12:46,739 - root - INFO - Image header was read:
2022-01-06 09:12:46,739 - root - INFO - Width: 37, Height: 126, RowLength: 111
2022-01-06 09:12:46,739 - root - INFO - _step: 3, unknown2: 0,
2022-01-06 09:12:46,739 - root - INFO - BPP: 24, Transparency: False
2022-01-06 09:12:46,758 - root - INFO - Resource 14 offset: 340689, length: 16648...
2022-01-06 09:12:46,758 - root - DEBUG - Reading resource 14...
2022-01-06 09:12:46,759 - root - INFO - The image is bmc.
2022-01-06 09:12:46,759 - root - INFO - Reading image header(readHeader16C)...
2022-01-06 09:12:46,759 - root - INFO - Image header was read:
2022-01-06 09:12:46,759 - root - INFO - Width: 33, Height: 168, RowLength: 99
2022-01-06 09:12:46,759 - root - INFO - _step: 3, unknown2: 0,
2022-01-06 09:12:46,759 - root - INFO - BPP: 24, Transparency: False
2022-01-06 09:12:46,784 - root - INFO - Resource 15 offset: 357337, length: 883...
2022-01-06 09:12:46,785 - root - DEBUG - Reading resource 15...
2022-01-06 09:12:46,785 - root - INFO - The image is bmc.
2022-01-06 09:12:46,785 - root - INFO - Reading image header(readHeader16C)...
2022-01-06 09:12:46,785 - root - INFO - Image header was read:
2022-01-06 09:12:46,785 - root - INFO - Width: 17, Height: 17, RowLength: 51
2022-01-06 09:12:46,785 - root - INFO - _step: 3, unknown2: 0,
2022-01-06 09:12:46,785 - root - INFO - BPP: 24, Transparency: False
2022-01-06 09:12:46,787 - root - INFO - Resource 16 offset: 358220, length: 1099...
2022-01-06 09:12:46,787 - root - DEBUG - Reading resource 16...
2022-01-06 09:12:46,787 - root - INFO - The image is bmc.
2022-01-06 09:12:46,787 - root - INFO - Reading image header(readHeader16C)...
2022-01-06 09:12:46,787 - root - INFO - Image header was read:
2022-01-06 09:12:46,787 - root - INFO - Width: 19, Height: 19, RowLength: 57
2022-01-06 09:12:46,787 - root - INFO - _step: 3, unknown2: 0,
2022-01-06 09:12:46,787 - root - INFO - BPP: 24, Transparency: False
2022-01-06 09:12:46,789 - root - DEBUG - Parsing parameters...
2022-01-06 09:12:46,854 - root - DEBUG - 0 Value: None
2022-01-06 09:12:46,854 - root - DEBUG - 0.1 Value: 73
2022-01-06 09:12:46,854 - root - DEBUG - 2 Value: None
2022-01-06 09:12:46,854 - root - DEBUG - 2.1 Value: None
2022-01-06 09:12:46,854 - root - DEBUG - 2.1.1 Value: 0
2022-01-06 09:12:46,855 - root - DEBUG - 2.1.2 Value: 0
2022-01-06 09:12:46,855 - root - DEBUG - 2.1.3 Value: 1
2022-01-06 09:12:46,855 - root - DEBUG - 2.3 Value: None
2022-01-06 09:12:46,855 - root - DEBUG - 2.3.1 Value: 0
2022-01-06 09:12:46,855 - root - DEBUG - 2.3.2 Value: 0
2022-01-06 09:12:46,855 - root - DEBUG - 2.3.3 Value: 0
2022-01-06 09:12:46,855 - root - DEBUG - 2.4 Value: None
2022-01-06 09:12:46,855 - root - DEBUG - 2.4.1 Value: 0
2022-01-06 09:12:46,855 - root - DEBUG - 2.4.2 Value: 0
2022-01-06 09:12:46,855 - root - DEBUG - 2.4.3 Value: 0
2022-01-06 09:12:46,855 - root - DEBUG - 2.5 Value: None
2022-01-06 09:12:46,855 - root - DEBUG - 2.5.1 Value: 0
2022-01-06 09:12:46,855 - root - DEBUG - 2.5.2 Value: 0
2022-01-06 09:12:46,856 - root - DEBUG - 2.5.3 Value: 0
2022-01-06 09:12:46,856 - root - DEBUG - 4 Value: None
2022-01-06 09:12:46,856 - root - DEBUG - 4.1 Value: None
2022-01-06 09:12:46,856 - root - DEBUG - 4.1.1 Value: None
2022-01-06 09:12:46,856 - root - DEBUG - 4.1.1.1 Value: 206
2022-01-06 09:12:46,856 - root - DEBUG - 4.1.1.2 Value: 114
2022-01-06 09:12:46,856 - root - DEBUG - 4.1.1.3 Value: 281
2022-01-06 09:12:46,856 - root - DEBUG - 4.1.1.4 Value: 135
2022-01-06 09:12:46,856 - root - DEBUG - 4.1.1.5 Value: 24
2022-01-06 09:12:46,856 - root - DEBUG - 4.1.1.6 Value: 0
2022-01-06 09:12:46,856 - root - DEBUG - 4.1.1.7 Value: 0
2022-01-06 09:12:46,856 - root - DEBUG - 4.1.1.8 Value: 2
2022-01-06 09:12:46,856 - root - DEBUG - 4.1.1.9 Value: 10
2022-01-06 09:12:46,857 - root - DEBUG - 4.3 Value: None
2022-01-06 09:12:46,857 - root - DEBUG - 4.3.1 Value: None
2022-01-06 09:12:46,857 - root - DEBUG - 4.3.1.1 Value: 214
2022-01-06 09:12:46,857 - root - DEBUG - 4.3.1.2 Value: 224
2022-01-06 09:12:46,857 - root - DEBUG - 4.3.1.3 Value: 274
2022-01-06 09:12:46,857 - root - DEBUG - 4.3.1.4 Value: 245
2022-01-06 09:12:46,857 - root - DEBUG - 4.3.1.5 Value: 24
2022-01-06 09:12:46,857 - root - DEBUG - 4.3.1.6 Value: 0
2022-01-06 09:12:46,857 - root - DEBUG - 4.3.1.7 Value: 0
2022-01-06 09:12:46,857 - root - DEBUG - 4.3.1.8 Value: 2
2022-01-06 09:12:46,857 - root - DEBUG - 4.3.1.9 Value: 10
2022-01-06 09:12:46,857 - root - DEBUG - 4.7 Value: 0
2022-01-06 09:12:46,857 - root - DEBUG - 4.8 Value: None
2022-01-06 09:12:46,858 - root - DEBUG - 4.8.1 Value: None
2022-01-06 09:12:46,858 - root - DEBUG - 4.8.1.1 Value: 0
2022-01-06 09:12:46,858 - root - DEBUG - 4.8.1.2 Value: 0
2022-01-06 09:12:46,858 - root - DEBUG - 4.8.1.3 Value: 0
2022-01-06 09:12:46,858 - root - DEBUG - 4.8.1.4 Value: 0
2022-01-06 09:12:46,858 - root - DEBUG - 4.8.1.5 Value: 0
2022-01-06 09:12:46,858 - root - DEBUG - 4.8.1.6 Value: 0
2022-01-06 09:12:46,858 - root - DEBUG - 4.8.1.7 Value: 0
2022-01-06 09:12:46,858 - root - DEBUG - 4.8.1.8 Value: 0
2022-01-06 09:12:46,858 - root - DEBUG - 4.8.1.9 Value: 0
2022-01-06 09:12:46,858 - root - DEBUG - 5 Value: None
2022-01-06 09:12:46,858 - root - DEBUG - 5.1 Value: None
2022-01-06 09:12:46,858 - root - DEBUG - 5.1.4 Value: 0
2022-01-06 09:12:46,859 - root - DEBUG - 5.1.5 Value: 0
2022-01-06 09:12:46,859 - root - DEBUG - 5.1.6 Value: 0
2022-01-06 09:12:46,859 - root - DEBUG - 20 Value: None
2022-01-06 09:12:46,859 - root - DEBUG - 20.2 Value: None
2022-01-06 09:12:46,859 - root - DEBUG - 20.2.1 Value: 153
2022-01-06 09:12:46,859 - root - DEBUG - 20.2.2 Value: 177
2022-01-06 09:12:46,859 - root - DEBUG - 20.3 Value: None
2022-01-06 09:12:46,859 - root - DEBUG - 20.3.1 Value: 13
2022-01-06 09:12:46,859 - root - DEBUG - 20.3.2 Value: 89
2022-01-06 09:12:46,859 - root - DEBUG - 20.4 Value: None
2022-01-06 09:12:46,859 - root - DEBUG - 20.4.1 Value: 14
2022-01-06 09:12:46,859 - root - DEBUG - 20.4.2 Value: 131
2022-01-06 09:12:46,859 - root - DEBUG - 20.4.4 Value: None
2022-01-06 09:12:46,860 - root - DEBUG - 20.4.4.1 Value: 144
2022-01-06 09:12:46,860 - root - DEBUG - 20.4.4.2 Value: 167
2022-01-06 09:12:46,860 - root - DEBUG - 20.4.4.3 Value: 16
2022-01-06 09:12:46,860 - root - DEBUG - 20.5 Value: None
2022-01-06 09:12:46,860 - root - DEBUG - 20.5.1 Value: 12
2022-01-06 09:12:46,860 - root - DEBUG - 20.5.2 Value: 38
2022-01-06 09:12:46,860 - root - DEBUG - 20.5.3 Value: None
2022-01-06 09:12:46,860 - root - DEBUG - 20.5.3.1 Value: 74
2022-01-06 09:12:46,860 - root - DEBUG - 20.5.3.2 Value: 171
2022-01-06 09:12:46,860 - root - DEBUG - 20.5.4 Value: None
2022-01-06 09:12:46,860 - root - DEBUG - 20.5.4.1 Value: 66
2022-01-06 09:12:46,860 - root - DEBUG - 20.5.4.2 Value: 163
2022-01-06 09:12:46,860 - root - DEBUG - 20.5.4.3 Value: 15
2022-01-06 09:12:46,861 - root - DEBUG - 0-Info
2022-01-06 09:12:46,861 - root - DEBUG - 0.1-DeviceId
2022-01-06 09:12:46,861 - root - DEBUG - 2-Background
2022-01-06 09:12:46,861 - root - DEBUG - 2.1-Image
2022-01-06 09:12:46,861 - root - DEBUG - 2.1.1-X
2022-01-06 09:12:46,861 - root - DEBUG - 2.1.2-Y
2022-01-06 09:12:46,861 - root - DEBUG - 2.1.3-ImageIndex
2022-01-06 09:12:46,861 - root - DEBUG - 2.3-Preview
2022-01-06 09:12:46,861 - root - DEBUG - 2.3.1-X
2022-01-06 09:12:46,861 - root - DEBUG - 2.3.2-Y
2022-01-06 09:12:46,862 - root - DEBUG - 2.3.3-ImageIndex
2022-01-06 09:12:46,862 - root - DEBUG - 2.4-PreviewTradChinese
2022-01-06 09:12:46,862 - root - DEBUG - 2.4.1-X
2022-01-06 09:12:46,862 - root - DEBUG - 2.4.2-Y
2022-01-06 09:12:46,862 - root - DEBUG - 2.4.3-ImageIndex
2022-01-06 09:12:46,862 - root - DEBUG - 2.5-PreviewChinese
2022-01-06 09:12:46,862 - root - DEBUG - 2.5.1-X
2022-01-06 09:12:46,862 - root - DEBUG - 2.5.2-Y
2022-01-06 09:12:46,862 - root - DEBUG - 2.5.3-ImageIndex
2022-01-06 09:12:46,863 - root - DEBUG - 4-Activity
2022-01-06 09:12:46,863 - root - DEBUG - 4.1-Steps
2022-01-06 09:12:46,863 - root - DEBUG - 4.1.1-ImageNumber
2022-01-06 09:12:46,863 - root - DEBUG - 4.1.1.1-TopLeftX
2022-01-06 09:12:46,863 - root - DEBUG - 4.1.1.2-TopLeftY
2022-01-06 09:12:46,863 - root - DEBUG - 4.1.1.3-BottomRightX
2022-01-06 09:12:46,863 - root - DEBUG - 4.1.1.4-BottomRightY
2022-01-06 09:12:46,863 - root - DEBUG - 4.1.1.5-Alignment
2022-01-06 09:12:46,863 - root - DEBUG - 4.1.1.6-Spacing
2022-01-06 09:12:46,864 - root - DEBUG - 4.1.1.7-VerticalOffset
2022-01-06 09:12:46,864 - root - DEBUG - 4.1.1.8-ImageIndex
2022-01-06 09:12:46,864 - root - DEBUG - 4.1.1.9-ImagesCount
2022-01-06 09:12:46,864 - root - DEBUG - 4.3-Calories
2022-01-06 09:12:46,864 - root - DEBUG - 4.3.1-ImageNumber
2022-01-06 09:12:46,864 - root - DEBUG - 4.3.1.1-TopLeftX
2022-01-06 09:12:46,864 - root - DEBUG - 4.3.1.2-TopLeftY
2022-01-06 09:12:46,864 - root - DEBUG - 4.3.1.3-BottomRightX
2022-01-06 09:12:46,865 - root - DEBUG - 4.3.1.4-BottomRightY
2022-01-06 09:12:46,865 - root - DEBUG - 4.3.1.5-Alignment
2022-01-06 09:12:46,865 - root - DEBUG - 4.3.1.6-Spacing
2022-01-06 09:12:46,865 - root - DEBUG - 4.3.1.7-VerticalOffset
2022-01-06 09:12:46,865 - root - DEBUG - 4.3.1.8-ImageIndex
2022-01-06 09:12:46,865 - root - DEBUG - 4.3.1.9-ImagesCount
2022-01-06 09:12:46,865 - root - DEBUG - 4.7-UnknownLongValue7
2022-01-06 09:12:46,865 - root - DEBUG - 4.8-StandUp
2022-01-06 09:12:46,865 - root - DEBUG - 4.8.1-ImageNumber
2022-01-06 09:12:46,866 - root - DEBUG - 4.8.1.1-TopLeftX
2022-01-06 09:12:46,866 - root - DEBUG - 4.8.1.2-TopLeftY
2022-01-06 09:12:46,866 - root - DEBUG - 4.8.1.3-BottomRightX
2022-01-06 09:12:46,866 - root - DEBUG - 4.8.1.4-BottomRightY
2022-01-06 09:12:46,866 - root - DEBUG - 4.8.1.5-Alignment
2022-01-06 09:12:46,866 - root - DEBUG - 4.8.1.6-Spacing
2022-01-06 09:12:46,866 - root - DEBUG - 4.8.1.7-VerticalOffset
2022-01-06 09:12:46,866 - root - DEBUG - 4.8.1.8-ImageIndex
2022-01-06 09:12:46,866 - root - DEBUG - 4.8.1.9-ImagesCount
2022-01-06 09:12:46,867 - root - DEBUG - 5-DateBlock
2022-01-06 09:12:46,867 - root - DEBUG - 5.1-Date
2022-01-06 09:12:46,867 - root - DEBUG - 5.1.4-PaddingZeroMonth
2022-01-06 09:12:46,867 - root - DEBUG - 5.1.5-PaddingZeroDay
2022-01-06 09:12:46,867 - root - DEBUG - 5.1.6-UnknownBoolean6
2022-01-06 09:12:46,867 - root - DEBUG - 20-TimeAnalog
2022-01-06 09:12:46,867 - root - DEBUG - 20.2-CommonCenterCoordinates
2022-01-06 09:12:46,867 - root - DEBUG - 20.2.1-X
2022-01-06 09:12:46,867 - root - DEBUG - 20.2.2-Y
2022-01-06 09:12:46,867 - root - DEBUG - 20.3-Hours
2022-01-06 09:12:46,868 - root - DEBUG - 20.3.1-ImageIndex
2022-01-06 09:12:46,868 - root - DEBUG - 20.3.2-PointerCenterOfRotationY
2022-01-06 09:12:46,868 - root - DEBUG - 20.4-Minutes
2022-01-06 09:12:46,868 - root - DEBUG - 20.4.1-ImageIndex
2022-01-06 09:12:46,868 - root - DEBUG - 20.4.2-PointerCenterOfRotationY
2022-01-06 09:12:46,868 - root - DEBUG - 20.4.4-CoverImage
2022-01-06 09:12:46,868 - root - DEBUG - 20.4.4.1-X
2022-01-06 09:12:46,868 - root - DEBUG - 20.4.4.2-Y
2022-01-06 09:12:46,868 - root - DEBUG - 20.4.4.3-ImageIndex
2022-01-06 09:12:46,868 - root - DEBUG - 20.5-Seconds
2022-01-06 09:12:46,869 - root - DEBUG - 20.5.1-ImageIndex
2022-01-06 09:12:46,869 - root - DEBUG - 20.5.2-PointerCenterOfRotationY
2022-01-06 09:12:46,869 - root - DEBUG - 20.5.3-CenterCoordinates
2022-01-06 09:12:46,869 - root - DEBUG - 20.5.3.1-X
2022-01-06 09:12:46,869 - root - DEBUG - 20.5.3.2-Y
2022-01-06 09:12:46,869 - root - DEBUG - 20.5.4-CoverImage
2022-01-06 09:12:46,869 - root - DEBUG - 20.5.4.1-X
2022-01-06 09:12:46,869 - root - DEBUG - 20.5.4.2-Y
2022-01-06 09:12:46,870 - root - DEBUG - 20.5.4.3-ImageIndex
2022-01-06 09:12:46,870 - root - DEBUG - generatePreviews
2022-01-06 09:12:46,870 - root - DEBUG - Generating previews...
2022-01-06 09:12:46,882 - root - DEBUG - Generating states done...
2022-01-06 09:12:46,888 - root - DEBUG - >>>>>>>>>>>> 0 <watchFaceParser.models.parameter.Parameter object at 0x00000193F8F3EE88>
2022-01-06 09:12:46,889 - root - DEBUG - >>>>>>>>>>>> 2 <watchFaceParser.models.parameter.Parameter object at 0x00000193F8F31B88>
2022-01-06 09:12:46,894 - root - DEBUG - >>>>>>>>>>>> 4 <watchFaceParser.models.parameter.Parameter object at 0x00000193F8F3E1C8>
2022-01-06 09:12:46,902 - root - DEBUG - >>>>>>>>>>>> 5 <watchFaceParser.models.parameter.Parameter object at 0x00000193F8F3E548>
2022-01-06 09:12:46,904 - root - DEBUG - >>>>>>>>>>>> 20 <watchFaceParser.models.parameter.Parameter object at 0x00000193F8F3E088>
2022-01-06 09:12:46,952 - root - DEBUG - Generating static preview gen done...
2022-01-06 09:12:47,051 - root - DEBUG - Generating static preview save done...
2022-01-06 09:12:47,051 - root - DEBUG - Generating anim preview gen done...
2022-01-06 09:12:47,051 - root - DEBUG - >>>>>>>>>>>> 0 <watchFaceParser.models.parameter.Parameter object at 0x00000193F8F3EE88>
2022-01-06 09:12:47,051 - root - DEBUG - >>>>>>>>>>>> 2 <watchFaceParser.models.parameter.Parameter object at 0x00000193F8F31B88>
2022-01-06 09:12:47,051 - root - DEBUG - >>>>>>>>>>>> 4 <watchFaceParser.models.parameter.Parameter object at 0x00000193F8F3E1C8>
2022-01-06 09:12:47,051 - root - DEBUG - >>>>>>>>>>>> 5 <watchFaceParser.models.parameter.Parameter object at 0x00000193F8F3E548>
2022-01-06 09:12:47,051 - root - DEBUG - >>>>>>>>>>>> 20 <watchFaceParser.models.parameter.Parameter object at 0x00000193F8F3E088>
2022-01-06 09:12:47,626 - root - DEBUG - generatePreviews done
2022-01-06 09:12:47,626 - root - DEBUG - Exporting resources to 'E:\Codez\zepp-gts2mini-wf\0361c068bdad8be53288d42fcb798b0b'
2022-01-06 09:12:47,629 - root - DEBUG - extracting E:\Codez\zepp-gts2mini-wf\0361c068bdad8be53288d42fcb798b0b\0000.png...
2022-01-06 09:12:47,653 - root - DEBUG - extracting E:\Codez\zepp-gts2mini-wf\0361c068bdad8be53288d42fcb798b0b\0001.png...
2022-01-06 09:12:47,700 - root - DEBUG - extracting E:\Codez\zepp-gts2mini-wf\0361c068bdad8be53288d42fcb798b0b\0002.png...
2022-01-06 09:12:47,701 - root - DEBUG - extracting E:\Codez\zepp-gts2mini-wf\0361c068bdad8be53288d42fcb798b0b\0003.png...
2022-01-06 09:12:47,701 - root - DEBUG - extracting E:\Codez\zepp-gts2mini-wf\0361c068bdad8be53288d42fcb798b0b\0004.png...
2022-01-06 09:12:47,702 - root - DEBUG - extracting E:\Codez\zepp-gts2mini-wf\0361c068bdad8be53288d42fcb798b0b\0005.png...
2022-01-06 09:12:47,703 - root - DEBUG - extracting E:\Codez\zepp-gts2mini-wf\0361c068bdad8be53288d42fcb798b0b\0006.png...
2022-01-06 09:12:47,703 - root - DEBUG - extracting E:\Codez\zepp-gts2mini-wf\0361c068bdad8be53288d42fcb798b0b\0007.png...
2022-01-06 09:12:47,704 - root - DEBUG - extracting E:\Codez\zepp-gts2mini-wf\0361c068bdad8be53288d42fcb798b0b\0008.png...
2022-01-06 09:12:47,705 - root - DEBUG - extracting E:\Codez\zepp-gts2mini-wf\0361c068bdad8be53288d42fcb798b0b\0009.png...
2022-01-06 09:12:47,706 - root - DEBUG - extracting E:\Codez\zepp-gts2mini-wf\0361c068bdad8be53288d42fcb798b0b\0010.png...
2022-01-06 09:12:47,706 - root - DEBUG - extracting E:\Codez\zepp-gts2mini-wf\0361c068bdad8be53288d42fcb798b0b\0011.png...
2022-01-06 09:12:47,707 - root - DEBUG - extracting E:\Codez\zepp-gts2mini-wf\0361c068bdad8be53288d42fcb798b0b\0012.png...
2022-01-06 09:12:47,708 - root - DEBUG - extracting E:\Codez\zepp-gts2mini-wf\0361c068bdad8be53288d42fcb798b0b\0013.png...
2022-01-06 09:12:47,710 - root - DEBUG - extracting E:\Codez\zepp-gts2mini-wf\0361c068bdad8be53288d42fcb798b0b\0014.png...
2022-01-06 09:12:47,712 - root - DEBUG - extracting E:\Codez\zepp-gts2mini-wf\0361c068bdad8be53288d42fcb798b0b\0015.png...
2022-01-06 09:12:47,713 - root - DEBUG - extracting E:\Codez\zepp-gts2mini-wf\0361c068bdad8be53288d42fcb798b0b\0016.png...
2022-01-06 09:12:47,714 - root - DEBUG - Exporting config...
