2023-07-09 17:53:00,118 - root - DEBUG - Opening watch face 'E:\Codez\zepp-gts2mini-wf\c37f661d79de762c8f2d4805e9592314.bin'
2023-07-09 17:53:00,133 - root - DEBUG - Reading parameters...
2023-07-09 17:53:00,133 - root - INFO - Reading header...
2023-07-09 17:53:00,133 - root - INFO - Header was read:
2023-07-09 17:53:00,133 - root - INFO - Signature: b'UIHH\x01\x00\xff', Unknown: 178, ParametersSize: 41, isValid: True, deviceId: 73
2023-07-09 17:53:00,133 - root - INFO - Reading parameter offsets...
2023-07-09 17:53:00,133 - root - INFO - Parameter offsets were read from file
2023-07-09 17:53:00,133 - root - INFO - Reading parameters descriptor...
2023-07-09 17:53:00,133 - root - INFO - 1 ( A): 5 bytes
2023-07-09 17:53:00,133 - root - INFO -     1 ( 8): 394 18A
2023-07-09 17:53:00,133 - root - INFO -     2 (10): 84 54
2023-07-09 17:53:00,133 - root - INFO - getParameters descriptor was read:
2023-07-09 17:53:00,133 - root - INFO - ParametersTableLength: 394, ImagesCount: 84
2023-07-09 17:53:00,133 - root - INFO - Reading parameters locations...
2023-07-09 17:53:00,133 - root - INFO - 2 (12): 4 bytes
2023-07-09 17:53:00,133 - root - INFO -     1 ( 8): 0  0
2023-07-09 17:53:00,133 - root - INFO -     2 (10): 32 20
2023-07-09 17:53:00,133 - root - INFO - 3 (1A): 4 bytes
2023-07-09 17:53:00,133 - root - INFO -     1 ( 8): 32 20
2023-07-09 17:53:00,133 - root - INFO -     2 (10): 68 44
2023-07-09 17:53:00,133 - root - INFO - 4 (22): 5 bytes
2023-07-09 17:53:00,133 - root - INFO -     1 ( 8): 188 BC
2023-07-09 17:53:00,133 - root - INFO -     2 (10): 28 1C
2023-07-09 17:53:00,133 - root - INFO - 5 (2A): 4 bytes
2023-07-09 17:53:00,133 - root - INFO -     1 ( 8): 100 64
2023-07-09 17:53:00,149 - root - INFO -     2 (10): 88 58
2023-07-09 17:53:00,149 - root - INFO - 29 (EA): 6 bytes
2023-07-09 17:53:00,149 - root - INFO -     1 ( 8): 216 D8
2023-07-09 17:53:00,149 - root - INFO -     2 (10): 178 B2
2023-07-09 17:53:00,149 - root - INFO - Watch face parameters locations were read:
2023-07-09 17:53:00,149 - root - INFO - Reading descriptor for parameter 2
2023-07-09 17:53:00,149 - root - INFO - Descriptor offset: 0, Descriptor length: 32
2023-07-09 17:53:00,149 - root - INFO - Parsing descriptor for parameter 2...
2023-07-09 17:53:00,149 - root - INFO - 1 ( A): 6 bytes
2023-07-09 17:53:00,149 - root - INFO -     1 ( 8): 0  0
2023-07-09 17:53:00,149 - root - INFO -     2 (10): 0  0
2023-07-09 17:53:00,149 - root - INFO -     3 (18): 2  2
2023-07-09 17:53:00,149 - root - INFO - 3 (1A): 6 bytes
2023-07-09 17:53:00,149 - root - INFO -     1 ( 8): 0  0
2023-07-09 17:53:00,149 - root - INFO -     2 (10): 0  0
2023-07-09 17:53:00,149 - root - INFO -     3 (18): 1  1
2023-07-09 17:53:00,149 - root - INFO - 4 (22): 6 bytes
2023-07-09 17:53:00,149 - root - INFO -     1 ( 8): 0  0
2023-07-09 17:53:00,149 - root - INFO -     2 (10): 0  0
2023-07-09 17:53:00,149 - root - INFO -     3 (18): 0  0
2023-07-09 17:53:00,149 - root - INFO - 5 (2A): 6 bytes
2023-07-09 17:53:00,149 - root - INFO -     1 ( 8): 0  0
2023-07-09 17:53:00,149 - root - INFO -     2 (10): 0  0
2023-07-09 17:53:00,149 - root - INFO -     3 (18): 0  0
2023-07-09 17:53:00,149 - root - INFO - Reading descriptor for parameter 3
2023-07-09 17:53:00,149 - root - INFO - Descriptor offset: 32, Descriptor length: 68
2023-07-09 17:53:00,149 - root - INFO - Parsing descriptor for parameter 3...
2023-07-09 17:53:00,149 - root - INFO - 1 ( A): 66 bytes
2023-07-09 17:53:00,149 - root - INFO -     1 ( A): 24 bytes
2023-07-09 17:53:00,149 - root - INFO -         1 ( A): 10 bytes
2023-07-09 17:53:00,149 - root - INFO -             1 ( 8): 132 84
2023-07-09 17:53:00,149 - root - INFO -             2 (10): 207 CF
2023-07-09 17:53:00,149 - root - INFO -             3 (18): 3  3
2023-07-09 17:53:00,149 - root - INFO -             4 (20): 10  A
2023-07-09 17:53:00,149 - root - INFO -         2 (12): 10 bytes
2023-07-09 17:53:00,149 - root - INFO -             1 ( 8): 165 A5
2023-07-09 17:53:00,149 - root - INFO -             2 (10): 207 CF
2023-07-09 17:53:00,149 - root - INFO -             3 (18): 3  3
2023-07-09 17:53:00,149 - root - INFO -             4 (20): 10  A
2023-07-09 17:53:00,149 - root - INFO -     2 (12): 24 bytes
2023-07-09 17:53:00,149 - root - INFO -         1 ( A): 10 bytes
2023-07-09 17:53:00,149 - root - INFO -             1 ( 8): 222 DE
2023-07-09 17:53:00,149 - root - INFO -             2 (10): 207 CF
2023-07-09 17:53:00,149 - root - INFO -             3 (18): 3  3
2023-07-09 17:53:00,149 - root - INFO -             4 (20): 10  A
2023-07-09 17:53:00,149 - root - INFO -         2 (12): 10 bytes
2023-07-09 17:53:00,149 - root - INFO -             1 ( 8): 255 FF
2023-07-09 17:53:00,149 - root - INFO -             2 (10): 207 CF
2023-07-09 17:53:00,149 - root - INFO -             3 (18): 3  3
2023-07-09 17:53:00,149 - root - INFO -             4 (20): 10  A
2023-07-09 17:53:00,149 - root - INFO -     5 (2A): 8 bytes
2023-07-09 17:53:00,149 - root - INFO -         1 ( 8): 201 C9
2023-07-09 17:53:00,149 - root - INFO -         2 (10): 207 CF
2023-07-09 17:53:00,149 - root - INFO -         3 (18): 13  D
2023-07-09 17:53:00,149 - root - INFO -     7 (38): 0  0
2023-07-09 17:53:00,149 - root - INFO -     8 (40): 1  1
2023-07-09 17:53:00,149 - root - INFO - Reading descriptor for parameter 4
2023-07-09 17:53:00,149 - root - INFO - Descriptor offset: 188, Descriptor length: 28
2023-07-09 17:53:00,149 - root - INFO - Parsing descriptor for parameter 4...
2023-07-09 17:53:00,149 - root - INFO - 1 ( A): 24 bytes
2023-07-09 17:53:00,149 - root - INFO -     1 ( A): 22 bytes
2023-07-09 17:53:00,149 - root - INFO -         1 ( 8): 175 AF
2023-07-09 17:53:00,149 - root - INFO -         2 (10): 298 12A
2023-07-09 17:53:00,149 - root - INFO -         3 (18): 255 FF
2023-07-09 17:53:00,149 - root - INFO -         4 (20): 326 146
2023-07-09 17:53:00,149 - root - INFO -         5 (28): 20 14
2023-07-09 17:53:00,149 - root - INFO -         6 (30): 0  0
2023-07-09 17:53:00,149 - root - INFO -         7 (38): 0  0
2023-07-09 17:53:00,149 - root - INFO -         8 (40): 14  E
2023-07-09 17:53:00,149 - root - INFO -         9 (48): 10  A
2023-07-09 17:53:00,149 - root - INFO - 7 (38): 0  0
2023-07-09 17:53:00,149 - root - INFO - Reading descriptor for parameter 5
2023-07-09 17:53:00,149 - root - INFO - Descriptor offset: 100, Descriptor length: 88
2023-07-09 17:53:00,149 - root - INFO - Parsing descriptor for parameter 5...
2023-07-09 17:53:00,149 - root - INFO - 1 ( A): 34 bytes
2023-07-09 17:53:00,149 - root - INFO -     2 (12): 26 bytes
2023-07-09 17:53:00,149 - root - INFO -         1 ( A): 22 bytes
2023-07-09 17:53:00,149 - root - INFO -             1 ( 8): 207 CF
2023-07-09 17:53:00,149 - root - INFO -             2 (10): 262 106
2023-07-09 17:53:00,149 - root - INFO -             3 (18): 287 11F
2023-07-09 17:53:00,149 - root - INFO -             4 (20): 290 122
2023-07-09 17:53:00,149 - root - INFO -             5 (28): 18 12
2023-07-09 17:53:00,149 - root - INFO -             6 (30): 0  0
2023-07-09 17:53:00,149 - root - INFO -             7 (38): 0  0
2023-07-09 17:53:00,149 - root - INFO -             8 (40): 14  E
2023-07-09 17:53:00,149 - root - INFO -             9 (48): 10  A
2023-07-09 17:53:00,149 - root - INFO -         2 (10): 24 18
2023-07-09 17:53:00,149 - root - INFO -     4 (20): 1  1
2023-07-09 17:53:00,149 - root - INFO -     5 (28): 1  1
2023-07-09 17:53:00,149 - root - INFO -     6 (30): 0  0
2023-07-09 17:53:00,149 - root - INFO - 2 (12): 14 bytes
2023-07-09 17:53:00,149 - root - INFO -     1 ( 8): 244 F4
2023-07-09 17:53:00,149 - root - INFO -     2 (10): 181 B5
2023-07-09 17:53:00,149 - root - INFO -     3 (18): 39 27
2023-07-09 17:53:00,149 - root - INFO -     4 (20): 40 28
2023-07-09 17:53:00,149 - root - INFO -     5 (28): 41 29
2023-07-09 17:53:00,149 - root - INFO -     6 (30): 42 2A
2023-07-09 17:53:00,149 - root - INFO - 4 (22): 10 bytes
2023-07-09 17:53:00,149 - root - INFO -     1 ( 8): 133 85
2023-07-09 17:53:00,164 - root - INFO -     2 (10): 262 106
2023-07-09 17:53:00,164 - root - INFO -     3 (18): 25 19
2023-07-09 17:53:00,164 - root - INFO -     4 (20): 7  7
2023-07-09 17:53:00,164 - root - INFO - 5 (2A): 10 bytes
2023-07-09 17:53:00,164 - root - INFO -     1 ( 8): 133 85
2023-07-09 17:53:00,164 - root - INFO -     2 (10): 262 106
2023-07-09 17:53:00,164 - root - INFO -     3 (18): 32 20
2023-07-09 17:53:00,164 - root - INFO -     4 (20): 7  7
2023-07-09 17:53:00,164 - root - INFO - 6 (32): 10 bytes
2023-07-09 17:53:00,164 - root - INFO -     1 ( 8): 133 85
2023-07-09 17:53:00,164 - root - INFO -     2 (10): 262 106
2023-07-09 17:53:00,164 - root - INFO -     3 (18): 32 20
2023-07-09 17:53:00,164 - root - INFO -     4 (20): 7  7
2023-07-09 17:53:00,164 - root - INFO - Reading descriptor for parameter 29
2023-07-09 17:53:00,164 - root - INFO - Descriptor offset: 216, Descriptor length: 178
2023-07-09 17:53:00,164 - root - INFO - Parsing descriptor for parameter 29...
2023-07-09 17:53:00,164 - root - INFO - 1 ( A): 82 bytes
2023-07-09 17:53:00,164 - root - INFO -     1 ( A): 64 bytes
2023-07-09 17:53:00,164 - root - INFO -         1 ( A): 24 bytes
2023-07-09 17:53:00,164 - root - INFO -             1 ( A): 10 bytes
2023-07-09 17:53:00,164 - root - INFO -                 1 ( 8): 132 84
2023-07-09 17:53:00,164 - root - INFO -                 2 (10): 207 CF
2023-07-09 17:53:00,164 - root - INFO -                 3 (18): 43 2B
2023-07-09 17:53:00,164 - root - INFO -                 4 (20): 10  A
2023-07-09 17:53:00,164 - root - INFO -             2 (12): 10 bytes
2023-07-09 17:53:00,164 - root - INFO -                 1 ( 8): 165 A5
2023-07-09 17:53:00,164 - root - INFO -                 2 (10): 207 CF
2023-07-09 17:53:00,164 - root - INFO -                 3 (18): 43 2B
2023-07-09 17:53:00,164 - root - INFO -                 4 (20): 10  A
2023-07-09 17:53:00,164 - root - INFO -         2 (12): 24 bytes
2023-07-09 17:53:00,164 - root - INFO -             1 ( A): 10 bytes
2023-07-09 17:53:00,164 - root - INFO -                 1 ( 8): 222 DE
2023-07-09 17:53:00,164 - root - INFO -                 2 (10): 207 CF
2023-07-09 17:53:00,164 - root - INFO -                 3 (18): 43 2B
2023-07-09 17:53:00,164 - root - INFO -                 4 (20): 10  A
2023-07-09 17:53:00,164 - root - INFO -             2 (12): 10 bytes
2023-07-09 17:53:00,164 - root - INFO -                 1 ( 8): 255 FF
2023-07-09 17:53:00,164 - root - INFO -                 2 (10): 207 CF
2023-07-09 17:53:00,164 - root - INFO -                 3 (18): 43 2B
2023-07-09 17:53:00,164 - root - INFO -                 4 (20): 10  A
2023-07-09 17:53:00,164 - root - INFO -         3 (1A): 8 bytes
2023-07-09 17:53:00,164 - root - INFO -             1 ( 8): 201 C9
2023-07-09 17:53:00,164 - root - INFO -             2 (10): 207 CF
2023-07-09 17:53:00,164 - root - INFO -             3 (18): 53 35
2023-07-09 17:53:00,164 - root - INFO -         4 (20): 1  1
2023-07-09 17:53:00,164 - root - INFO -     4 (22): 14 bytes
2023-07-09 17:53:00,164 - root - INFO -         1 ( 8): 244 F4
2023-07-09 17:53:00,164 - root - INFO -         2 (10): 181 B5
2023-07-09 17:53:00,164 - root - INFO -         3 (18): 54 36
2023-07-09 17:53:00,164 - root - INFO -         4 (20): 55 37
2023-07-09 17:53:00,164 - root - INFO -         5 (28): 56 38
2023-07-09 17:53:00,164 - root - INFO -         6 (30): 57 39
2023-07-09 17:53:00,164 - root - INFO - 2 (12): 26 bytes
2023-07-09 17:53:00,164 - root - INFO -     1 ( A): 22 bytes
2023-07-09 17:53:00,164 - root - INFO -         1 ( 8): 207 CF
2023-07-09 17:53:00,164 - root - INFO -         2 (10): 262 106
2023-07-09 17:53:00,164 - root - INFO -         3 (18): 287 11F
2023-07-09 17:53:00,164 - root - INFO -         4 (20): 290 122
2023-07-09 17:53:00,164 - root - INFO -         5 (28): 18 12
2023-07-09 17:53:00,164 - root - INFO -         6 (30): 0  0
2023-07-09 17:53:00,164 - root - INFO -         7 (38): 0  0
2023-07-09 17:53:00,164 - root - INFO -         8 (40): 58 3A
2023-07-09 17:53:00,164 - root - INFO -         9 (48): 10  A
2023-07-09 17:53:00,164 - root - INFO -     2 (10): 68 44
2023-07-09 17:53:00,164 - root - INFO - 3 (1A): 36 bytes
2023-07-09 17:53:00,164 - root - INFO -     1 ( A): 10 bytes
2023-07-09 17:53:00,164 - root - INFO -         1 ( 8): 133 85
2023-07-09 17:53:00,164 - root - INFO -         2 (10): 262 106
2023-07-09 17:53:00,164 - root - INFO -         3 (18): 69 45
2023-07-09 17:53:00,164 - root - INFO -         4 (20): 7  7
2023-07-09 17:53:00,164 - root - INFO -     2 (12): 10 bytes
2023-07-09 17:53:00,164 - root - INFO -         1 ( 8): 133 85
2023-07-09 17:53:00,164 - root - INFO -         2 (10): 262 106
2023-07-09 17:53:00,164 - root - INFO -         3 (18): 76 4C
2023-07-09 17:53:00,164 - root - INFO -         4 (20): 7  7
2023-07-09 17:53:00,164 - root - INFO -     3 (1A): 10 bytes
2023-07-09 17:53:00,164 - root - INFO -         1 ( 8): 133 85
2023-07-09 17:53:00,164 - root - INFO -         2 (10): 262 106
2023-07-09 17:53:00,164 - root - INFO -         3 (18): 76 4C
2023-07-09 17:53:00,164 - root - INFO -         4 (20): 7  7
2023-07-09 17:53:00,164 - root - INFO - 4 (22): 26 bytes
2023-07-09 17:53:00,164 - root - INFO -     1 ( A): 22 bytes
2023-07-09 17:53:00,164 - root - INFO -         1 ( 8): 175 AF
2023-07-09 17:53:00,164 - root - INFO -         2 (10): 298 12A
2023-07-09 17:53:00,164 - root - INFO -         3 (18): 267 10B
2023-07-09 17:53:00,164 - root - INFO -         4 (20): 326 146
2023-07-09 17:53:00,164 - root - INFO -         5 (28): 20 14
2023-07-09 17:53:00,164 - root - INFO -         6 (30): 0  0
2023-07-09 17:53:00,164 - root - INFO -         7 (38): 0  0
2023-07-09 17:53:00,164 - root - INFO -         8 (40): 58 3A
2023-07-09 17:53:00,164 - root - INFO -         9 (48): 10  A
2023-07-09 17:53:00,164 - root - INFO -     3 (18): 83 53
2023-07-09 17:53:00,180 - root - INFO - Reading resources offsets table with 84 elements (336 bytes)
2023-07-09 17:53:00,180 - root - INFO - Resource 0 offset: 858, length: 100180...
2023-07-09 17:53:00,180 - root - DEBUG - Reading resource 0...
2023-07-09 17:53:00,227 - root - INFO - The image is bme.
2023-07-09 17:53:00,227 - root - INFO - Reading image header(readHeader16E)...
2023-07-09 17:53:00,227 - root - INFO - Image header was read:
2023-07-09 17:53:00,227 - root - INFO - Width: 210, Height: 242, RowLength: 420
2023-07-09 17:53:00,227 - root - INFO - datalength: 100164, _step: 2
2023-07-09 17:53:00,227 - root - INFO - BPP: 16, Transparency: False
2023-07-09 17:53:00,744 - root - INFO - Resource 1 offset: 101038, length: 100180...
2023-07-09 17:53:00,744 - root - DEBUG - Reading resource 1...
2023-07-09 17:53:00,744 - root - INFO - The image is bme.
2023-07-09 17:53:00,744 - root - INFO - Reading image header(readHeader16E)...
2023-07-09 17:53:00,745 - root - INFO - Image header was read:
2023-07-09 17:53:00,745 - root - INFO - Width: 210, Height: 242, RowLength: 420
2023-07-09 17:53:00,745 - root - INFO - datalength: 100164, _step: 2
2023-07-09 17:53:00,745 - root - INFO - BPP: 16, Transparency: False
2023-07-09 17:53:01,088 - root - INFO - Resource 2 offset: 201218, length: 212132...
2023-07-09 17:53:01,089 - root - DEBUG - Reading resource 2...
2023-07-09 17:53:01,089 - root - INFO - The image is bme.
2023-07-09 17:53:01,089 - root - INFO - Reading image header(readHeader16E)...
2023-07-09 17:53:01,089 - root - INFO - Image header was read:
2023-07-09 17:53:01,089 - root - INFO - Width: 306, Height: 354, RowLength: 612
2023-07-09 17:53:01,089 - root - INFO - datalength: 212116, _step: 2
2023-07-09 17:53:01,090 - root - INFO - BPP: 16, Transparency: False
2023-07-09 17:53:01,804 - root - INFO - Resource 3 offset: 413350, length: 3622...
2023-07-09 17:53:01,804 - root - DEBUG - Reading resource 3...
2023-07-09 17:53:01,804 - root - INFO - The image is bme.
2023-07-09 17:53:01,804 - root - INFO - Reading image header(readHeader16E)...
2023-07-09 17:53:01,804 - root - INFO - Image header was read:
2023-07-09 17:53:01,804 - root - INFO - Width: 34, Height: 54, RowLength: 68
2023-07-09 17:53:01,804 - root - INFO - datalength: 3606, _step: 2
2023-07-09 17:53:01,804 - root - INFO - BPP: 16, Transparency: False
2023-07-09 17:53:01,819 - root - INFO - Resource 4 offset: 416972, length: 2272...
2023-07-09 17:53:01,819 - root - DEBUG - Reading resource 4...
2023-07-09 17:53:01,819 - root - INFO - The image is bme.
2023-07-09 17:53:01,819 - root - INFO - Reading image header(readHeader16E)...
2023-07-09 17:53:01,819 - root - INFO - Image header was read:
2023-07-09 17:53:01,819 - root - INFO - Width: 34, Height: 54, RowLength: 68
2023-07-09 17:53:01,819 - root - INFO - datalength: 2256, _step: 2
2023-07-09 17:53:01,819 - root - INFO - BPP: 16, Transparency: False
2023-07-09 17:53:01,835 - root - INFO - Resource 5 offset: 419244, length: 2934...
2023-07-09 17:53:01,835 - root - DEBUG - Reading resource 5...
2023-07-09 17:53:01,835 - root - INFO - The image is bme.
2023-07-09 17:53:01,835 - root - INFO - Reading image header(readHeader16E)...
2023-07-09 17:53:01,835 - root - INFO - Image header was read:
2023-07-09 17:53:01,835 - root - INFO - Width: 34, Height: 54, RowLength: 68
2023-07-09 17:53:01,835 - root - INFO - datalength: 2918, _step: 2
2023-07-09 17:53:01,835 - root - INFO - BPP: 16, Transparency: False
2023-07-09 17:53:01,835 - root - INFO - Resource 6 offset: 422178, length: 2976...
2023-07-09 17:53:01,835 - root - DEBUG - Reading resource 6...
2023-07-09 17:53:01,835 - root - INFO - The image is bme.
2023-07-09 17:53:01,835 - root - INFO - Reading image header(readHeader16E)...
2023-07-09 17:53:01,835 - root - INFO - Image header was read:
2023-07-09 17:53:01,835 - root - INFO - Width: 34, Height: 54, RowLength: 68
2023-07-09 17:53:01,835 - root - INFO - datalength: 2960, _step: 2
2023-07-09 17:53:01,835 - root - INFO - BPP: 16, Transparency: False
2023-07-09 17:53:01,851 - root - INFO - Resource 7 offset: 425154, length: 3210...
2023-07-09 17:53:01,851 - root - DEBUG - Reading resource 7...
2023-07-09 17:53:01,851 - root - INFO - The image is bme.
2023-07-09 17:53:01,851 - root - INFO - Reading image header(readHeader16E)...
2023-07-09 17:53:01,851 - root - INFO - Image header was read:
2023-07-09 17:53:01,851 - root - INFO - Width: 34, Height: 54, RowLength: 68
2023-07-09 17:53:01,851 - root - INFO - datalength: 3194, _step: 2
2023-07-09 17:53:01,851 - root - INFO - BPP: 16, Transparency: False
2023-07-09 17:53:01,866 - root - INFO - Resource 8 offset: 428364, length: 2932...
2023-07-09 17:53:01,866 - root - DEBUG - Reading resource 8...
2023-07-09 17:53:01,866 - root - INFO - The image is bme.
2023-07-09 17:53:01,866 - root - INFO - Reading image header(readHeader16E)...
2023-07-09 17:53:01,866 - root - INFO - Image header was read:
2023-07-09 17:53:01,866 - root - INFO - Width: 34, Height: 54, RowLength: 68
2023-07-09 17:53:01,866 - root - INFO - datalength: 2916, _step: 2
2023-07-09 17:53:01,866 - root - INFO - BPP: 16, Transparency: False
2023-07-09 17:53:01,866 - root - INFO - Resource 9 offset: 431296, length: 3574...
2023-07-09 17:53:01,866 - root - DEBUG - Reading resource 9...
2023-07-09 17:53:01,866 - root - INFO - The image is bme.
2023-07-09 17:53:01,866 - root - INFO - Reading image header(readHeader16E)...
2023-07-09 17:53:01,866 - root - INFO - Image header was read:
2023-07-09 17:53:01,866 - root - INFO - Width: 34, Height: 54, RowLength: 68
2023-07-09 17:53:01,866 - root - INFO - datalength: 3558, _step: 2
2023-07-09 17:53:01,866 - root - INFO - BPP: 16, Transparency: False
2023-07-09 17:53:01,882 - root - INFO - Resource 10 offset: 434870, length: 2442...
2023-07-09 17:53:01,882 - root - DEBUG - Reading resource 10...
2023-07-09 17:53:01,882 - root - INFO - The image is bme.
2023-07-09 17:53:01,882 - root - INFO - Reading image header(readHeader16E)...
2023-07-09 17:53:01,882 - root - INFO - Image header was read:
2023-07-09 17:53:01,882 - root - INFO - Width: 34, Height: 54, RowLength: 68
2023-07-09 17:53:01,882 - root - INFO - datalength: 2426, _step: 2
2023-07-09 17:53:01,882 - root - INFO - BPP: 16, Transparency: False
2023-07-09 17:53:01,882 - root - INFO - Resource 11 offset: 437312, length: 3620...
2023-07-09 17:53:01,897 - root - DEBUG - Reading resource 11...
2023-07-09 17:53:01,897 - root - INFO - The image is bme.
2023-07-09 17:53:01,897 - root - INFO - Reading image header(readHeader16E)...
2023-07-09 17:53:01,897 - root - INFO - Image header was read:
2023-07-09 17:53:01,897 - root - INFO - Width: 34, Height: 54, RowLength: 68
2023-07-09 17:53:01,897 - root - INFO - datalength: 3604, _step: 2
2023-07-09 17:53:01,897 - root - INFO - BPP: 16, Transparency: False
2023-07-09 17:53:01,897 - root - INFO - Resource 12 offset: 440932, length: 3620...
2023-07-09 17:53:01,897 - root - DEBUG - Reading resource 12...
2023-07-09 17:53:01,897 - root - INFO - The image is bme.
2023-07-09 17:53:01,897 - root - INFO - Reading image header(readHeader16E)...
2023-07-09 17:53:01,897 - root - INFO - Image header was read:
2023-07-09 17:53:01,897 - root - INFO - Width: 34, Height: 54, RowLength: 68
2023-07-09 17:53:01,897 - root - INFO - datalength: 3604, _step: 2
2023-07-09 17:53:01,897 - root - INFO - BPP: 16, Transparency: False
2023-07-09 17:53:01,913 - root - INFO - Resource 13 offset: 444552, length: 1066...
2023-07-09 17:53:01,913 - root - DEBUG - Reading resource 13...
2023-07-09 17:53:01,913 - root - INFO - The image is bme.
2023-07-09 17:53:01,913 - root - INFO - Reading image header(readHeader16E)...
2023-07-09 17:53:01,913 - root - INFO - Image header was read:
2023-07-09 17:53:01,913 - root - INFO - Width: 19, Height: 54, RowLength: 38
2023-07-09 17:53:01,913 - root - INFO - datalength: 1050, _step: 2
2023-07-09 17:53:01,913 - root - INFO - BPP: 16, Transparency: False
2023-07-09 17:53:01,913 - root - INFO - Resource 14 offset: 445618, length: 822...
2023-07-09 17:53:01,913 - root - DEBUG - Reading resource 14...
2023-07-09 17:53:01,913 - root - INFO - The image is bme.
2023-07-09 17:53:01,913 - root - INFO - Reading image header(readHeader16E)...
2023-07-09 17:53:01,913 - root - INFO - Image header was read:
2023-07-09 17:53:01,913 - root - INFO - Width: 16, Height: 28, RowLength: 32
2023-07-09 17:53:01,913 - root - INFO - datalength: 806, _step: 2
2023-07-09 17:53:01,913 - root - INFO - BPP: 16, Transparency: False
2023-07-09 17:53:01,929 - root - INFO - Resource 15 offset: 446440, length: 598...
2023-07-09 17:53:01,929 - root - DEBUG - Reading resource 15...
2023-07-09 17:53:01,929 - root - INFO - The image is bme.
2023-07-09 17:53:01,929 - root - INFO - Reading image header(readHeader16E)...
2023-07-09 17:53:01,929 - root - INFO - Image header was read:
2023-07-09 17:53:01,929 - root - INFO - Width: 16, Height: 28, RowLength: 32
2023-07-09 17:53:01,929 - root - INFO - datalength: 582, _step: 2
2023-07-09 17:53:01,929 - root - INFO - BPP: 16, Transparency: False
2023-07-09 17:53:01,929 - root - INFO - Resource 16 offset: 447038, length: 770...
2023-07-09 17:53:01,929 - root - DEBUG - Reading resource 16...
2023-07-09 17:53:01,929 - root - INFO - The image is bme.
2023-07-09 17:53:01,929 - root - INFO - Reading image header(readHeader16E)...
2023-07-09 17:53:01,929 - root - INFO - Image header was read:
2023-07-09 17:53:01,929 - root - INFO - Width: 16, Height: 28, RowLength: 32
2023-07-09 17:53:01,929 - root - INFO - datalength: 754, _step: 2
2023-07-09 17:53:01,929 - root - INFO - BPP: 16, Transparency: False
2023-07-09 17:53:01,929 - root - INFO - Resource 17 offset: 447808, length: 726...
2023-07-09 17:53:01,929 - root - DEBUG - Reading resource 17...
2023-07-09 17:53:01,929 - root - INFO - The image is bme.
2023-07-09 17:53:01,929 - root - INFO - Reading image header(readHeader16E)...
2023-07-09 17:53:01,929 - root - INFO - Image header was read:
2023-07-09 17:53:01,929 - root - INFO - Width: 16, Height: 28, RowLength: 32
2023-07-09 17:53:01,929 - root - INFO - datalength: 710, _step: 2
2023-07-09 17:53:01,929 - root - INFO - BPP: 16, Transparency: False
2023-07-09 17:53:01,929 - root - INFO - Resource 18 offset: 448534, length: 754...
2023-07-09 17:53:01,929 - root - DEBUG - Reading resource 18...
2023-07-09 17:53:01,929 - root - INFO - The image is bme.
2023-07-09 17:53:01,929 - root - INFO - Reading image header(readHeader16E)...
2023-07-09 17:53:01,929 - root - INFO - Image header was read:
2023-07-09 17:53:01,929 - root - INFO - Width: 16, Height: 28, RowLength: 32
2023-07-09 17:53:01,929 - root - INFO - datalength: 738, _step: 2
2023-07-09 17:53:01,929 - root - INFO - BPP: 16, Transparency: False
2023-07-09 17:53:01,929 - root - INFO - Resource 19 offset: 449288, length: 738...
2023-07-09 17:53:01,929 - root - DEBUG - Reading resource 19...
2023-07-09 17:53:01,929 - root - INFO - The image is bme.
2023-07-09 17:53:01,929 - root - INFO - Reading image header(readHeader16E)...
2023-07-09 17:53:01,929 - root - INFO - Image header was read:
2023-07-09 17:53:01,929 - root - INFO - Width: 16, Height: 28, RowLength: 32
2023-07-09 17:53:01,929 - root - INFO - datalength: 722, _step: 2
2023-07-09 17:53:01,929 - root - INFO - BPP: 16, Transparency: False
2023-07-09 17:53:01,944 - root - INFO - Resource 20 offset: 450026, length: 822...
2023-07-09 17:53:01,944 - root - DEBUG - Reading resource 20...
2023-07-09 17:53:01,944 - root - INFO - The image is bme.
2023-07-09 17:53:01,944 - root - INFO - Reading image header(readHeader16E)...
2023-07-09 17:53:01,944 - root - INFO - Image header was read:
2023-07-09 17:53:01,944 - root - INFO - Width: 16, Height: 28, RowLength: 32
2023-07-09 17:53:01,944 - root - INFO - datalength: 806, _step: 2
2023-07-09 17:53:01,944 - root - INFO - BPP: 16, Transparency: False
2023-07-09 17:53:01,944 - root - INFO - Resource 21 offset: 450848, length: 664...
2023-07-09 17:53:01,944 - root - DEBUG - Reading resource 21...
2023-07-09 17:53:01,944 - root - INFO - The image is bme.
2023-07-09 17:53:01,944 - root - INFO - Reading image header(readHeader16E)...
2023-07-09 17:53:01,944 - root - INFO - Image header was read:
2023-07-09 17:53:01,944 - root - INFO - Width: 16, Height: 28, RowLength: 32
2023-07-09 17:53:01,944 - root - INFO - datalength: 648, _step: 2
2023-07-09 17:53:01,944 - root - INFO - BPP: 16, Transparency: False
2023-07-09 17:53:01,944 - root - INFO - Resource 22 offset: 451512, length: 824...
2023-07-09 17:53:01,944 - root - DEBUG - Reading resource 22...
2023-07-09 17:53:01,944 - root - INFO - The image is bme.
2023-07-09 17:53:01,944 - root - INFO - Reading image header(readHeader16E)...
2023-07-09 17:53:01,944 - root - INFO - Image header was read:
2023-07-09 17:53:01,944 - root - INFO - Width: 16, Height: 28, RowLength: 32
2023-07-09 17:53:01,944 - root - INFO - datalength: 808, _step: 2
2023-07-09 17:53:01,944 - root - INFO - BPP: 16, Transparency: False
2023-07-09 17:53:01,944 - root - INFO - Resource 23 offset: 452336, length: 818...
2023-07-09 17:53:01,944 - root - DEBUG - Reading resource 23...
2023-07-09 17:53:01,944 - root - INFO - The image is bme.
2023-07-09 17:53:01,944 - root - INFO - Reading image header(readHeader16E)...
2023-07-09 17:53:01,944 - root - INFO - Image header was read:
2023-07-09 17:53:01,944 - root - INFO - Width: 16, Height: 28, RowLength: 32
2023-07-09 17:53:01,944 - root - INFO - datalength: 802, _step: 2
2023-07-09 17:53:01,944 - root - INFO - BPP: 16, Transparency: False
2023-07-09 17:53:01,944 - root - INFO - Resource 24 offset: 453154, length: 462...
2023-07-09 17:53:01,944 - root - DEBUG - Reading resource 24...
2023-07-09 17:53:01,944 - root - INFO - The image is bme.
2023-07-09 17:53:01,944 - root - INFO - Reading image header(readHeader16E)...
2023-07-09 17:53:01,944 - root - INFO - Image header was read:
2023-07-09 17:53:01,944 - root - INFO - Width: 16, Height: 28, RowLength: 32
2023-07-09 17:53:01,944 - root - INFO - datalength: 446, _step: 2
2023-07-09 17:53:01,944 - root - INFO - BPP: 16, Transparency: False
2023-07-09 17:53:01,944 - root - INFO - Resource 25 offset: 453616, length: 2630...
2023-07-09 17:53:01,944 - root - DEBUG - Reading resource 25...
2023-07-09 17:53:01,944 - root - INFO - The image is bme.
2023-07-09 17:53:01,944 - root - INFO - Reading image header(readHeader16E)...
2023-07-09 17:53:01,944 - root - INFO - Image header was read:
2023-07-09 17:53:01,944 - root - INFO - Width: 70, Height: 28, RowLength: 140
2023-07-09 17:53:01,960 - root - INFO - datalength: 2614, _step: 2
2023-07-09 17:53:01,960 - root - INFO - BPP: 16, Transparency: False
2023-07-09 17:53:01,960 - root - INFO - Resource 26 offset: 456246, length: 2164...
2023-07-09 17:53:01,960 - root - DEBUG - Reading resource 26...
2023-07-09 17:53:01,960 - root - INFO - The image is bme.
2023-07-09 17:53:01,960 - root - INFO - Reading image header(readHeader16E)...
2023-07-09 17:53:01,960 - root - INFO - Image header was read:
2023-07-09 17:53:01,960 - root - INFO - Width: 70, Height: 28, RowLength: 140
2023-07-09 17:53:01,960 - root - INFO - datalength: 2148, _step: 2
2023-07-09 17:53:01,960 - root - INFO - BPP: 16, Transparency: False
2023-07-09 17:53:01,976 - root - INFO - Resource 27 offset: 458410, length: 2454...
2023-07-09 17:53:01,976 - root - DEBUG - Reading resource 27...
2023-07-09 17:53:01,976 - root - INFO - The image is bme.
2023-07-09 17:53:01,976 - root - INFO - Reading image header(readHeader16E)...
2023-07-09 17:53:01,976 - root - INFO - Image header was read:
2023-07-09 17:53:01,976 - root - INFO - Width: 70, Height: 28, RowLength: 140
2023-07-09 17:53:01,976 - root - INFO - datalength: 2438, _step: 2
2023-07-09 17:53:01,976 - root - INFO - BPP: 16, Transparency: False
2023-07-09 17:53:01,976 - root - INFO - Resource 28 offset: 460864, length: 2220...
2023-07-09 17:53:01,976 - root - DEBUG - Reading resource 28...
2023-07-09 17:53:01,976 - root - INFO - The image is bme.
2023-07-09 17:53:01,976 - root - INFO - Reading image header(readHeader16E)...
2023-07-09 17:53:01,976 - root - INFO - Image header was read:
2023-07-09 17:53:01,976 - root - INFO - Width: 70, Height: 28, RowLength: 140
2023-07-09 17:53:01,976 - root - INFO - datalength: 2204, _step: 2
2023-07-09 17:53:01,976 - root - INFO - BPP: 16, Transparency: False
2023-07-09 17:53:01,991 - root - INFO - Resource 29 offset: 463084, length: 1908...
2023-07-09 17:53:01,991 - root - DEBUG - Reading resource 29...
2023-07-09 17:53:01,991 - root - INFO - The image is bme.
2023-07-09 17:53:01,991 - root - INFO - Reading image header(readHeader16E)...
2023-07-09 17:53:01,991 - root - INFO - Image header was read:
2023-07-09 17:53:01,991 - root - INFO - Width: 70, Height: 28, RowLength: 140
2023-07-09 17:53:01,991 - root - INFO - datalength: 1892, _step: 2
2023-07-09 17:53:01,991 - root - INFO - BPP: 16, Transparency: False
2023-07-09 17:53:01,991 - root - INFO - Resource 30 offset: 464992, length: 2228...
2023-07-09 17:53:01,991 - root - DEBUG - Reading resource 30...
2023-07-09 17:53:01,991 - root - INFO - The image is bme.
2023-07-09 17:53:01,991 - root - INFO - Reading image header(readHeader16E)...
2023-07-09 17:53:01,991 - root - INFO - Image header was read:
2023-07-09 17:53:01,991 - root - INFO - Width: 70, Height: 28, RowLength: 140
2023-07-09 17:53:01,991 - root - INFO - datalength: 2212, _step: 2
2023-07-09 17:53:01,991 - root - INFO - BPP: 16, Transparency: False
2023-07-09 17:53:01,991 - root - INFO - Resource 31 offset: 467220, length: 2344...
2023-07-09 17:53:01,991 - root - DEBUG - Reading resource 31...
2023-07-09 17:53:01,991 - root - INFO - The image is bme.
2023-07-09 17:53:01,991 - root - INFO - Reading image header(readHeader16E)...
2023-07-09 17:53:01,991 - root - INFO - Image header was read:
2023-07-09 17:53:02,007 - root - INFO - Width: 70, Height: 28, RowLength: 140
2023-07-09 17:53:02,007 - root - INFO - datalength: 2328, _step: 2
2023-07-09 17:53:02,007 - root - INFO - BPP: 16, Transparency: False
2023-07-09 17:53:02,007 - root - INFO - Resource 32 offset: 469564, length: 2486...
2023-07-09 17:53:02,007 - root - DEBUG - Reading resource 32...
2023-07-09 17:53:02,007 - root - INFO - The image is bme.
2023-07-09 17:53:02,007 - root - INFO - Reading image header(readHeader16E)...
2023-07-09 17:53:02,007 - root - INFO - Image header was read:
2023-07-09 17:53:02,007 - root - INFO - Width: 70, Height: 28, RowLength: 140
2023-07-09 17:53:02,007 - root - INFO - datalength: 2470, _step: 2
2023-07-09 17:53:02,007 - root - INFO - BPP: 16, Transparency: False
2023-07-09 17:53:02,023 - root - INFO - Resource 33 offset: 472050, length: 2754...
2023-07-09 17:53:02,023 - root - DEBUG - Reading resource 33...
2023-07-09 17:53:02,023 - root - INFO - The image is bme.
2023-07-09 17:53:02,023 - root - INFO - Reading image header(readHeader16E)...
2023-07-09 17:53:02,023 - root - INFO - Image header was read:
2023-07-09 17:53:02,023 - root - INFO - Width: 70, Height: 28, RowLength: 140
2023-07-09 17:53:02,023 - root - INFO - datalength: 2738, _step: 2
2023-07-09 17:53:02,023 - root - INFO - BPP: 16, Transparency: False
2023-07-09 17:53:02,023 - root - INFO - Resource 34 offset: 474804, length: 2924...
2023-07-09 17:53:02,023 - root - DEBUG - Reading resource 34...
2023-07-09 17:53:02,023 - root - INFO - The image is bme.
2023-07-09 17:53:02,023 - root - INFO - Reading image header(readHeader16E)...
2023-07-09 17:53:02,023 - root - INFO - Image header was read:
2023-07-09 17:53:02,023 - root - INFO - Width: 70, Height: 28, RowLength: 140
2023-07-09 17:53:02,023 - root - INFO - datalength: 2908, _step: 2
2023-07-09 17:53:02,023 - root - INFO - BPP: 16, Transparency: False
2023-07-09 17:53:02,038 - root - INFO - Resource 35 offset: 477728, length: 3212...
2023-07-09 17:53:02,038 - root - DEBUG - Reading resource 35...
2023-07-09 17:53:02,038 - root - INFO - The image is bme.
2023-07-09 17:53:02,038 - root - INFO - Reading image header(readHeader16E)...
2023-07-09 17:53:02,038 - root - INFO - Image header was read:
2023-07-09 17:53:02,038 - root - INFO - Width: 70, Height: 28, RowLength: 140
2023-07-09 17:53:02,038 - root - INFO - datalength: 3196, _step: 2
2023-07-09 17:53:02,038 - root - INFO - BPP: 16, Transparency: False
2023-07-09 17:53:02,055 - root - INFO - Resource 36 offset: 480940, length: 3104...
2023-07-09 17:53:02,055 - root - DEBUG - Reading resource 36...
2023-07-09 17:53:02,055 - root - INFO - The image is bme.
2023-07-09 17:53:02,055 - root - INFO - Reading image header(readHeader16E)...
2023-07-09 17:53:02,055 - root - INFO - Image header was read:
2023-07-09 17:53:02,055 - root - INFO - Width: 70, Height: 28, RowLength: 140
2023-07-09 17:53:02,056 - root - INFO - datalength: 3088, _step: 2
2023-07-09 17:53:02,056 - root - INFO - BPP: 16, Transparency: False
2023-07-09 17:53:02,066 - root - INFO - Resource 37 offset: 484044, length: 3118...
2023-07-09 17:53:02,066 - root - DEBUG - Reading resource 37...
2023-07-09 17:53:02,066 - root - INFO - The image is bme.
2023-07-09 17:53:02,066 - root - INFO - Reading image header(readHeader16E)...
2023-07-09 17:53:02,066 - root - INFO - Image header was read:
2023-07-09 17:53:02,066 - root - INFO - Width: 70, Height: 28, RowLength: 140
2023-07-09 17:53:02,067 - root - INFO - datalength: 3102, _step: 2
2023-07-09 17:53:02,067 - root - INFO - BPP: 16, Transparency: False
2023-07-09 17:53:02,078 - root - INFO - Resource 38 offset: 487162, length: 3134...
2023-07-09 17:53:02,078 - root - DEBUG - Reading resource 38...
2023-07-09 17:53:02,078 - root - INFO - The image is bme.
2023-07-09 17:53:02,078 - root - INFO - Reading image header(readHeader16E)...
2023-07-09 17:53:02,079 - root - INFO - Image header was read:
2023-07-09 17:53:02,079 - root - INFO - Width: 70, Height: 28, RowLength: 140
2023-07-09 17:53:02,079 - root - INFO - datalength: 3118, _step: 2
2023-07-09 17:53:02,079 - root - INFO - BPP: 16, Transparency: False
2023-07-09 17:53:02,089 - root - INFO - Resource 39 offset: 490296, length: 1416...
2023-07-09 17:53:02,089 - root - DEBUG - Reading resource 39...
2023-07-09 17:53:02,089 - root - INFO - The image is bme.
2023-07-09 17:53:02,089 - root - INFO - Reading image header(readHeader16E)...
2023-07-09 17:53:02,089 - root - INFO - Image header was read:
2023-07-09 17:53:02,089 - root - INFO - Width: 44, Height: 22, RowLength: 88
2023-07-09 17:53:02,090 - root - INFO - datalength: 1400, _step: 2
2023-07-09 17:53:02,090 - root - INFO - BPP: 16, Transparency: False
2023-07-09 17:53:02,094 - root - INFO - Resource 40 offset: 491712, length: 1394...
2023-07-09 17:53:02,094 - root - DEBUG - Reading resource 40...
2023-07-09 17:53:02,094 - root - INFO - The image is bme.
2023-07-09 17:53:02,094 - root - INFO - Reading image header(readHeader16E)...
2023-07-09 17:53:02,095 - root - INFO - Image header was read:
2023-07-09 17:53:02,095 - root - INFO - Width: 44, Height: 22, RowLength: 88
2023-07-09 17:53:02,095 - root - INFO - datalength: 1378, _step: 2
2023-07-09 17:53:02,095 - root - INFO - BPP: 16, Transparency: False
2023-07-09 17:53:02,099 - root - INFO - Resource 41 offset: 493106, length: 1472...
2023-07-09 17:53:02,099 - root - DEBUG - Reading resource 41...
2023-07-09 17:53:02,100 - root - INFO - The image is bme.
2023-07-09 17:53:02,100 - root - INFO - Reading image header(readHeader16E)...
2023-07-09 17:53:02,100 - root - INFO - Image header was read:
2023-07-09 17:53:02,100 - root - INFO - Width: 44, Height: 22, RowLength: 88
2023-07-09 17:53:02,100 - root - INFO - datalength: 1456, _step: 2
2023-07-09 17:53:02,100 - root - INFO - BPP: 16, Transparency: False
2023-07-09 17:53:02,105 - root - INFO - Resource 42 offset: 494578, length: 1402...
2023-07-09 17:53:02,105 - root - DEBUG - Reading resource 42...
2023-07-09 17:53:02,105 - root - INFO - The image is bme.
2023-07-09 17:53:02,105 - root - INFO - Reading image header(readHeader16E)...
2023-07-09 17:53:02,105 - root - INFO - Image header was read:
2023-07-09 17:53:02,105 - root - INFO - Width: 44, Height: 22, RowLength: 88
2023-07-09 17:53:02,105 - root - INFO - datalength: 1386, _step: 2
2023-07-09 17:53:02,105 - root - INFO - BPP: 16, Transparency: False
2023-07-09 17:53:02,110 - root - INFO - Resource 43 offset: 495980, length: 2678...
2023-07-09 17:53:02,110 - root - DEBUG - Reading resource 43...
2023-07-09 17:53:02,110 - root - INFO - The image is bme.
2023-07-09 17:53:02,110 - root - INFO - Reading image header(readHeader16E)...
2023-07-09 17:53:02,110 - root - INFO - Image header was read:
2023-07-09 17:53:02,110 - root - INFO - Width: 34, Height: 54, RowLength: 68
2023-07-09 17:53:02,110 - root - INFO - datalength: 2662, _step: 2
2023-07-09 17:53:02,111 - root - INFO - BPP: 16, Transparency: False
2023-07-09 17:53:02,118 - root - INFO - Resource 44 offset: 498658, length: 1450...
2023-07-09 17:53:02,118 - root - DEBUG - Reading resource 44...
2023-07-09 17:53:02,119 - root - INFO - The image is bme.
2023-07-09 17:53:02,119 - root - INFO - Reading image header(readHeader16E)...
2023-07-09 17:53:02,119 - root - INFO - Image header was read:
2023-07-09 17:53:02,119 - root - INFO - Width: 34, Height: 54, RowLength: 68
2023-07-09 17:53:02,119 - root - INFO - datalength: 1434, _step: 2
2023-07-09 17:53:02,119 - root - INFO - BPP: 16, Transparency: False
2023-07-09 17:53:02,123 - root - INFO - Resource 45 offset: 500108, length: 1682...
2023-07-09 17:53:02,123 - root - DEBUG - Reading resource 45...
2023-07-09 17:53:02,123 - root - INFO - The image is bme.
2023-07-09 17:53:02,123 - root - INFO - Reading image header(readHeader16E)...
2023-07-09 17:53:02,123 - root - INFO - Image header was read:
2023-07-09 17:53:02,123 - root - INFO - Width: 34, Height: 54, RowLength: 68
2023-07-09 17:53:02,123 - root - INFO - datalength: 1666, _step: 2
2023-07-09 17:53:02,123 - root - INFO - BPP: 16, Transparency: False
2023-07-09 17:53:02,123 - root - INFO - Resource 46 offset: 501790, length: 1726...
2023-07-09 17:53:02,123 - root - DEBUG - Reading resource 46...
2023-07-09 17:53:02,123 - root - INFO - The image is bme.
2023-07-09 17:53:02,123 - root - INFO - Reading image header(readHeader16E)...
2023-07-09 17:53:02,123 - root - INFO - Image header was read:
2023-07-09 17:53:02,123 - root - INFO - Width: 34, Height: 54, RowLength: 68
2023-07-09 17:53:02,123 - root - INFO - datalength: 1710, _step: 2
2023-07-09 17:53:02,123 - root - INFO - BPP: 16, Transparency: False
2023-07-09 17:53:02,123 - root - INFO - Resource 47 offset: 503516, length: 2328...
2023-07-09 17:53:02,123 - root - DEBUG - Reading resource 47...
2023-07-09 17:53:02,123 - root - INFO - The image is bme.
2023-07-09 17:53:02,123 - root - INFO - Reading image header(readHeader16E)...
2023-07-09 17:53:02,123 - root - INFO - Image header was read:
2023-07-09 17:53:02,123 - root - INFO - Width: 34, Height: 54, RowLength: 68
2023-07-09 17:53:02,123 - root - INFO - datalength: 2312, _step: 2
2023-07-09 17:53:02,123 - root - INFO - BPP: 16, Transparency: False
2023-07-09 17:53:02,139 - root - INFO - Resource 48 offset: 505844, length: 1658...
2023-07-09 17:53:02,139 - root - DEBUG - Reading resource 48...
2023-07-09 17:53:02,139 - root - INFO - The image is bme.
2023-07-09 17:53:02,139 - root - INFO - Reading image header(readHeader16E)...
2023-07-09 17:53:02,139 - root - INFO - Image header was read:
2023-07-09 17:53:02,139 - root - INFO - Width: 34, Height: 54, RowLength: 68
2023-07-09 17:53:02,139 - root - INFO - datalength: 1642, _step: 2
2023-07-09 17:53:02,139 - root - INFO - BPP: 16, Transparency: False
2023-07-09 17:53:02,139 - root - INFO - Resource 49 offset: 507502, length: 2408...
2023-07-09 17:53:02,139 - root - DEBUG - Reading resource 49...
2023-07-09 17:53:02,139 - root - INFO - The image is bme.
2023-07-09 17:53:02,139 - root - INFO - Reading image header(readHeader16E)...
2023-07-09 17:53:02,139 - root - INFO - Image header was read:
2023-07-09 17:53:02,139 - root - INFO - Width: 34, Height: 54, RowLength: 68
2023-07-09 17:53:02,139 - root - INFO - datalength: 2392, _step: 2
2023-07-09 17:53:02,139 - root - INFO - BPP: 16, Transparency: False
2023-07-09 17:53:02,155 - root - INFO - Resource 50 offset: 509910, length: 1478...
2023-07-09 17:53:02,155 - root - DEBUG - Reading resource 50...
2023-07-09 17:53:02,155 - root - INFO - The image is bme.
2023-07-09 17:53:02,155 - root - INFO - Reading image header(readHeader16E)...
2023-07-09 17:53:02,155 - root - INFO - Image header was read:
2023-07-09 17:53:02,155 - root - INFO - Width: 34, Height: 54, RowLength: 68
2023-07-09 17:53:02,155 - root - INFO - datalength: 1462, _step: 2
2023-07-09 17:53:02,155 - root - INFO - BPP: 16, Transparency: False
2023-07-09 17:53:02,155 - root - INFO - Resource 51 offset: 511388, length: 2610...
2023-07-09 17:53:02,155 - root - DEBUG - Reading resource 51...
2023-07-09 17:53:02,155 - root - INFO - The image is bme.
2023-07-09 17:53:02,155 - root - INFO - Reading image header(readHeader16E)...
2023-07-09 17:53:02,155 - root - INFO - Image header was read:
2023-07-09 17:53:02,155 - root - INFO - Width: 34, Height: 54, RowLength: 68
2023-07-09 17:53:02,155 - root - INFO - datalength: 2594, _step: 2
2023-07-09 17:53:02,155 - root - INFO - BPP: 16, Transparency: False
2023-07-09 17:53:02,170 - root - INFO - Resource 52 offset: 513998, length: 2498...
2023-07-09 17:53:02,170 - root - DEBUG - Reading resource 52...
2023-07-09 17:53:02,170 - root - INFO - The image is bme.
2023-07-09 17:53:02,170 - root - INFO - Reading image header(readHeader16E)...
2023-07-09 17:53:02,170 - root - INFO - Image header was read:
2023-07-09 17:53:02,170 - root - INFO - Width: 34, Height: 54, RowLength: 68
2023-07-09 17:53:02,170 - root - INFO - datalength: 2482, _step: 2
2023-07-09 17:53:02,170 - root - INFO - BPP: 16, Transparency: False
2023-07-09 17:53:02,170 - root - INFO - Resource 53 offset: 516496, length: 444...
2023-07-09 17:53:02,170 - root - DEBUG - Reading resource 53...
2023-07-09 17:53:02,170 - root - INFO - The image is bme.
2023-07-09 17:53:02,170 - root - INFO - Reading image header(readHeader16E)...
2023-07-09 17:53:02,170 - root - INFO - Image header was read:
2023-07-09 17:53:02,170 - root - INFO - Width: 19, Height: 54, RowLength: 38
2023-07-09 17:53:02,170 - root - INFO - datalength: 428, _step: 2
2023-07-09 17:53:02,170 - root - INFO - BPP: 16, Transparency: False
2023-07-09 17:53:02,170 - root - INFO - Resource 54 offset: 516940, length: 804...
2023-07-09 17:53:02,170 - root - DEBUG - Reading resource 54...
2023-07-09 17:53:02,170 - root - INFO - The image is bme.
2023-07-09 17:53:02,170 - root - INFO - Reading image header(readHeader16E)...
2023-07-09 17:53:02,170 - root - INFO - Image header was read:
2023-07-09 17:53:02,170 - root - INFO - Width: 44, Height: 22, RowLength: 88
2023-07-09 17:53:02,170 - root - INFO - datalength: 788, _step: 2
2023-07-09 17:53:02,170 - root - INFO - BPP: 16, Transparency: False
2023-07-09 17:53:02,170 - root - INFO - Resource 55 offset: 517744, length: 860...
2023-07-09 17:53:02,170 - root - DEBUG - Reading resource 55...
2023-07-09 17:53:02,170 - root - INFO - The image is bme.
2023-07-09 17:53:02,170 - root - INFO - Reading image header(readHeader16E)...
2023-07-09 17:53:02,170 - root - INFO - Image header was read:
2023-07-09 17:53:02,170 - root - INFO - Width: 44, Height: 22, RowLength: 88
2023-07-09 17:53:02,170 - root - INFO - datalength: 844, _step: 2
2023-07-09 17:53:02,170 - root - INFO - BPP: 16, Transparency: False
2023-07-09 17:53:02,186 - root - INFO - Resource 56 offset: 518604, length: 1012...
2023-07-09 17:53:02,186 - root - DEBUG - Reading resource 56...
2023-07-09 17:53:02,186 - root - INFO - The image is bme.
2023-07-09 17:53:02,186 - root - INFO - Reading image header(readHeader16E)...
2023-07-09 17:53:02,186 - root - INFO - Image header was read:
2023-07-09 17:53:02,186 - root - INFO - Width: 44, Height: 22, RowLength: 88
2023-07-09 17:53:02,186 - root - INFO - datalength: 996, _step: 2
2023-07-09 17:53:02,186 - root - INFO - BPP: 16, Transparency: False
2023-07-09 17:53:02,186 - root - INFO - Resource 57 offset: 519616, length: 968...
2023-07-09 17:53:02,186 - root - DEBUG - Reading resource 57...
2023-07-09 17:53:02,186 - root - INFO - The image is bme.
2023-07-09 17:53:02,186 - root - INFO - Reading image header(readHeader16E)...
2023-07-09 17:53:02,186 - root - INFO - Image header was read:
2023-07-09 17:53:02,186 - root - INFO - Width: 44, Height: 22, RowLength: 88
2023-07-09 17:53:02,186 - root - INFO - datalength: 952, _step: 2
2023-07-09 17:53:02,186 - root - INFO - BPP: 16, Transparency: False
2023-07-09 17:53:02,186 - root - INFO - Resource 58 offset: 520584, length: 544...
2023-07-09 17:53:02,186 - root - DEBUG - Reading resource 58...
2023-07-09 17:53:02,186 - root - INFO - The image is bme.
2023-07-09 17:53:02,186 - root - INFO - Reading image header(readHeader16E)...
2023-07-09 17:53:02,186 - root - INFO - Image header was read:
2023-07-09 17:53:02,186 - root - INFO - Width: 16, Height: 28, RowLength: 32
2023-07-09 17:53:02,186 - root - INFO - datalength: 528, _step: 2
2023-07-09 17:53:02,186 - root - INFO - BPP: 16, Transparency: False
2023-07-09 17:53:02,186 - root - INFO - Resource 59 offset: 521128, length: 350...
2023-07-09 17:53:02,186 - root - DEBUG - Reading resource 59...
2023-07-09 17:53:02,186 - root - INFO - The image is bme.
2023-07-09 17:53:02,186 - root - INFO - Reading image header(readHeader16E)...
2023-07-09 17:53:02,186 - root - INFO - Image header was read:
2023-07-09 17:53:02,186 - root - INFO - Width: 16, Height: 28, RowLength: 32
2023-07-09 17:53:02,186 - root - INFO - datalength: 334, _step: 2
2023-07-09 17:53:02,186 - root - INFO - BPP: 16, Transparency: False
2023-07-09 17:53:02,186 - root - INFO - Resource 60 offset: 521478, length: 420...
2023-07-09 17:53:02,186 - root - DEBUG - Reading resource 60...
2023-07-09 17:53:02,186 - root - INFO - The image is bme.
2023-07-09 17:53:02,186 - root - INFO - Reading image header(readHeader16E)...
2023-07-09 17:53:02,186 - root - INFO - Image header was read:
2023-07-09 17:53:02,186 - root - INFO - Width: 16, Height: 28, RowLength: 32
2023-07-09 17:53:02,186 - root - INFO - datalength: 404, _step: 2
2023-07-09 17:53:02,186 - root - INFO - BPP: 16, Transparency: False
2023-07-09 17:53:02,186 - root - INFO - Resource 61 offset: 521898, length: 372...
2023-07-09 17:53:02,186 - root - DEBUG - Reading resource 61...
2023-07-09 17:53:02,186 - root - INFO - The image is bme.
2023-07-09 17:53:02,186 - root - INFO - Reading image header(readHeader16E)...
2023-07-09 17:53:02,186 - root - INFO - Image header was read:
2023-07-09 17:53:02,202 - root - INFO - Width: 16, Height: 28, RowLength: 32
2023-07-09 17:53:02,202 - root - INFO - datalength: 356, _step: 2
2023-07-09 17:53:02,202 - root - INFO - BPP: 16, Transparency: False
2023-07-09 17:53:02,202 - root - INFO - Resource 62 offset: 522270, length: 528...
2023-07-09 17:53:02,202 - root - DEBUG - Reading resource 62...
2023-07-09 17:53:02,202 - root - INFO - The image is bme.
2023-07-09 17:53:02,202 - root - INFO - Reading image header(readHeader16E)...
2023-07-09 17:53:02,202 - root - INFO - Image header was read:
2023-07-09 17:53:02,202 - root - INFO - Width: 16, Height: 28, RowLength: 32
2023-07-09 17:53:02,202 - root - INFO - datalength: 512, _step: 2
2023-07-09 17:53:02,202 - root - INFO - BPP: 16, Transparency: False
2023-07-09 17:53:02,202 - root - INFO - Resource 63 offset: 522798, length: 380...
2023-07-09 17:53:02,202 - root - DEBUG - Reading resource 63...
2023-07-09 17:53:02,202 - root - INFO - The image is bme.
2023-07-09 17:53:02,202 - root - INFO - Reading image header(readHeader16E)...
2023-07-09 17:53:02,202 - root - INFO - Image header was read:
2023-07-09 17:53:02,202 - root - INFO - Width: 16, Height: 28, RowLength: 32
2023-07-09 17:53:02,202 - root - INFO - datalength: 364, _step: 2
2023-07-09 17:53:02,202 - root - INFO - BPP: 16, Transparency: False
2023-07-09 17:53:02,202 - root - INFO - Resource 64 offset: 523178, length: 564...
2023-07-09 17:53:02,202 - root - DEBUG - Reading resource 64...
2023-07-09 17:53:02,202 - root - INFO - The image is bme.
2023-07-09 17:53:02,202 - root - INFO - Reading image header(readHeader16E)...
2023-07-09 17:53:02,202 - root - INFO - Image header was read:
2023-07-09 17:53:02,202 - root - INFO - Width: 16, Height: 28, RowLength: 32
2023-07-09 17:53:02,202 - root - INFO - datalength: 548, _step: 2
2023-07-09 17:53:02,202 - root - INFO - BPP: 16, Transparency: False
2023-07-09 17:53:02,202 - root - INFO - Resource 65 offset: 523742, length: 376...
2023-07-09 17:53:02,202 - root - DEBUG - Reading resource 65...
2023-07-09 17:53:02,202 - root - INFO - The image is bme.
2023-07-09 17:53:02,202 - root - INFO - Reading image header(readHeader16E)...
2023-07-09 17:53:02,202 - root - INFO - Image header was read:
2023-07-09 17:53:02,202 - root - INFO - Width: 16, Height: 28, RowLength: 32
2023-07-09 17:53:02,202 - root - INFO - datalength: 360, _step: 2
2023-07-09 17:53:02,202 - root - INFO - BPP: 16, Transparency: False
2023-07-09 17:53:02,202 - root - INFO - Resource 66 offset: 524118, length: 592...
2023-07-09 17:53:02,202 - root - DEBUG - Reading resource 66...
2023-07-09 17:53:02,202 - root - INFO - The image is bme.
2023-07-09 17:53:02,202 - root - INFO - Reading image header(readHeader16E)...
2023-07-09 17:53:02,202 - root - INFO - Image header was read:
2023-07-09 17:53:02,202 - root - INFO - Width: 16, Height: 28, RowLength: 32
2023-07-09 17:53:02,202 - root - INFO - datalength: 576, _step: 2
2023-07-09 17:53:02,202 - root - INFO - BPP: 16, Transparency: False
2023-07-09 17:53:02,202 - root - INFO - Resource 67 offset: 524710, length: 544...
2023-07-09 17:53:02,202 - root - DEBUG - Reading resource 67...
2023-07-09 17:53:02,202 - root - INFO - The image is bme.
2023-07-09 17:53:02,202 - root - INFO - Reading image header(readHeader16E)...
2023-07-09 17:53:02,202 - root - INFO - Image header was read:
2023-07-09 17:53:02,202 - root - INFO - Width: 16, Height: 28, RowLength: 32
2023-07-09 17:53:02,202 - root - INFO - datalength: 528, _step: 2
2023-07-09 17:53:02,202 - root - INFO - BPP: 16, Transparency: False
2023-07-09 17:53:02,202 - root - INFO - Resource 68 offset: 525254, length: 244...
2023-07-09 17:53:02,202 - root - DEBUG - Reading resource 68...
2023-07-09 17:53:02,202 - root - INFO - The image is bme.
2023-07-09 17:53:02,202 - root - INFO - Reading image header(readHeader16E)...
2023-07-09 17:53:02,202 - root - INFO - Image header was read:
2023-07-09 17:53:02,202 - root - INFO - Width: 16, Height: 28, RowLength: 32
2023-07-09 17:53:02,202 - root - INFO - datalength: 228, _step: 2
2023-07-09 17:53:02,202 - root - INFO - BPP: 16, Transparency: False
2023-07-09 17:53:02,217 - root - INFO - Resource 69 offset: 525498, length: 2178...
2023-07-09 17:53:02,217 - root - DEBUG - Reading resource 69...
2023-07-09 17:53:02,217 - root - INFO - The image is bme.
2023-07-09 17:53:02,217 - root - INFO - Reading image header(readHeader16E)...
2023-07-09 17:53:02,217 - root - INFO - Image header was read:
2023-07-09 17:53:02,217 - root - INFO - Width: 70, Height: 28, RowLength: 140
2023-07-09 17:53:02,217 - root - INFO - datalength: 2162, _step: 2
2023-07-09 17:53:02,217 - root - INFO - BPP: 16, Transparency: False
2023-07-09 17:53:02,217 - root - INFO - Resource 70 offset: 527676, length: 1474...
2023-07-09 17:53:02,217 - root - DEBUG - Reading resource 70...
2023-07-09 17:53:02,217 - root - INFO - The image is bme.
2023-07-09 17:53:02,217 - root - INFO - Reading image header(readHeader16E)...
2023-07-09 17:53:02,217 - root - INFO - Image header was read:
2023-07-09 17:53:02,217 - root - INFO - Width: 70, Height: 28, RowLength: 140
2023-07-09 17:53:02,217 - root - INFO - datalength: 1458, _step: 2
2023-07-09 17:53:02,217 - root - INFO - BPP: 16, Transparency: False
2023-07-09 17:53:02,217 - root - INFO - Resource 71 offset: 529150, length: 1804...
2023-07-09 17:53:02,217 - root - DEBUG - Reading resource 71...
2023-07-09 17:53:02,217 - root - INFO - The image is bme.
2023-07-09 17:53:02,217 - root - INFO - Reading image header(readHeader16E)...
2023-07-09 17:53:02,217 - root - INFO - Image header was read:
2023-07-09 17:53:02,217 - root - INFO - Width: 70, Height: 28, RowLength: 140
2023-07-09 17:53:02,217 - root - INFO - datalength: 1788, _step: 2
2023-07-09 17:53:02,217 - root - INFO - BPP: 16, Transparency: False
2023-07-09 17:53:02,233 - root - INFO - Resource 72 offset: 530954, length: 1674...
2023-07-09 17:53:02,233 - root - DEBUG - Reading resource 72...
2023-07-09 17:53:02,233 - root - INFO - The image is bme.
2023-07-09 17:53:02,233 - root - INFO - Reading image header(readHeader16E)...
2023-07-09 17:53:02,233 - root - INFO - Image header was read:
2023-07-09 17:53:02,233 - root - INFO - Width: 70, Height: 28, RowLength: 140
2023-07-09 17:53:02,233 - root - INFO - datalength: 1658, _step: 2
2023-07-09 17:53:02,233 - root - INFO - BPP: 16, Transparency: False
2023-07-09 17:53:02,233 - root - INFO - Resource 73 offset: 532628, length: 1382...
2023-07-09 17:53:02,233 - root - DEBUG - Reading resource 73...
2023-07-09 17:53:02,233 - root - INFO - The image is bme.
2023-07-09 17:53:02,233 - root - INFO - Reading image header(readHeader16E)...
2023-07-09 17:53:02,233 - root - INFO - Image header was read:
2023-07-09 17:53:02,233 - root - INFO - Width: 70, Height: 28, RowLength: 140
2023-07-09 17:53:02,233 - root - INFO - datalength: 1366, _step: 2
2023-07-09 17:53:02,233 - root - INFO - BPP: 16, Transparency: False
2023-07-09 17:53:02,233 - root - INFO - Resource 74 offset: 534010, length: 1382...
2023-07-09 17:53:02,233 - root - DEBUG - Reading resource 74...
2023-07-09 17:53:02,233 - root - INFO - The image is bme.
2023-07-09 17:53:02,233 - root - INFO - Reading image header(readHeader16E)...
2023-07-09 17:53:02,233 - root - INFO - Image header was read:
2023-07-09 17:53:02,233 - root - INFO - Width: 70, Height: 28, RowLength: 140
2023-07-09 17:53:02,233 - root - INFO - datalength: 1366, _step: 2
2023-07-09 17:53:02,233 - root - INFO - BPP: 16, Transparency: False
2023-07-09 17:53:02,248 - root - INFO - Resource 75 offset: 535392, length: 1854...
2023-07-09 17:53:02,248 - root - DEBUG - Reading resource 75...
2023-07-09 17:53:02,248 - root - INFO - The image is bme.
2023-07-09 17:53:02,248 - root - INFO - Reading image header(readHeader16E)...
2023-07-09 17:53:02,248 - root - INFO - Image header was read:
2023-07-09 17:53:02,248 - root - INFO - Width: 70, Height: 28, RowLength: 140
2023-07-09 17:53:02,248 - root - INFO - datalength: 1838, _step: 2
2023-07-09 17:53:02,248 - root - INFO - BPP: 16, Transparency: False
2023-07-09 17:53:02,248 - root - INFO - Resource 76 offset: 537246, length: 1798...
2023-07-09 17:53:02,248 - root - DEBUG - Reading resource 76...
2023-07-09 17:53:02,248 - root - INFO - The image is bme.
2023-07-09 17:53:02,248 - root - INFO - Reading image header(readHeader16E)...
2023-07-09 17:53:02,248 - root - INFO - Image header was read:
2023-07-09 17:53:02,248 - root - INFO - Width: 70, Height: 28, RowLength: 140
2023-07-09 17:53:02,248 - root - INFO - datalength: 1782, _step: 2
2023-07-09 17:53:02,248 - root - INFO - BPP: 16, Transparency: False
2023-07-09 17:53:02,248 - root - INFO - Resource 77 offset: 539044, length: 1922...
2023-07-09 17:53:02,248 - root - DEBUG - Reading resource 77...
2023-07-09 17:53:02,248 - root - INFO - The image is bme.
2023-07-09 17:53:02,248 - root - INFO - Reading image header(readHeader16E)...
2023-07-09 17:53:02,248 - root - INFO - Image header was read:
2023-07-09 17:53:02,248 - root - INFO - Width: 70, Height: 28, RowLength: 140
2023-07-09 17:53:02,248 - root - INFO - datalength: 1906, _step: 2
2023-07-09 17:53:02,248 - root - INFO - BPP: 16, Transparency: False
2023-07-09 17:53:02,264 - root - INFO - Resource 78 offset: 540966, length: 1932...
2023-07-09 17:53:02,264 - root - DEBUG - Reading resource 78...
2023-07-09 17:53:02,264 - root - INFO - The image is bme.
2023-07-09 17:53:02,264 - root - INFO - Reading image header(readHeader16E)...
2023-07-09 17:53:02,264 - root - INFO - Image header was read:
2023-07-09 17:53:02,264 - root - INFO - Width: 70, Height: 28, RowLength: 140
2023-07-09 17:53:02,264 - root - INFO - datalength: 1916, _step: 2
2023-07-09 17:53:02,264 - root - INFO - BPP: 16, Transparency: False
2023-07-09 17:53:02,264 - root - INFO - Resource 79 offset: 542898, length: 2496...
2023-07-09 17:53:02,264 - root - DEBUG - Reading resource 79...
2023-07-09 17:53:02,264 - root - INFO - The image is bme.
2023-07-09 17:53:02,264 - root - INFO - Reading image header(readHeader16E)...
2023-07-09 17:53:02,264 - root - INFO - Image header was read:
2023-07-09 17:53:02,264 - root - INFO - Width: 70, Height: 28, RowLength: 140
2023-07-09 17:53:02,264 - root - INFO - datalength: 2480, _step: 2
2023-07-09 17:53:02,264 - root - INFO - BPP: 16, Transparency: False
2023-07-09 17:53:02,280 - root - INFO - Resource 80 offset: 545394, length: 2328...
2023-07-09 17:53:02,280 - root - DEBUG - Reading resource 80...
2023-07-09 17:53:02,280 - root - INFO - The image is bme.
2023-07-09 17:53:02,280 - root - INFO - Reading image header(readHeader16E)...
2023-07-09 17:53:02,280 - root - INFO - Image header was read:
2023-07-09 17:53:02,280 - root - INFO - Width: 70, Height: 28, RowLength: 140
2023-07-09 17:53:02,280 - root - INFO - datalength: 2312, _step: 2
2023-07-09 17:53:02,280 - root - INFO - BPP: 16, Transparency: False
2023-07-09 17:53:02,280 - root - INFO - Resource 81 offset: 547722, length: 2280...
2023-07-09 17:53:02,280 - root - DEBUG - Reading resource 81...
2023-07-09 17:53:02,280 - root - INFO - The image is bme.
2023-07-09 17:53:02,280 - root - INFO - Reading image header(readHeader16E)...
2023-07-09 17:53:02,280 - root - INFO - Image header was read:
2023-07-09 17:53:02,280 - root - INFO - Width: 70, Height: 28, RowLength: 140
2023-07-09 17:53:02,280 - root - INFO - datalength: 2264, _step: 2
2023-07-09 17:53:02,280 - root - INFO - BPP: 16, Transparency: False
2023-07-09 17:53:02,295 - root - INFO - Resource 82 offset: 550002, length: 2394...
2023-07-09 17:53:02,295 - root - DEBUG - Reading resource 82...
2023-07-09 17:53:02,295 - root - INFO - The image is bme.
2023-07-09 17:53:02,295 - root - INFO - Reading image header(readHeader16E)...
2023-07-09 17:53:02,295 - root - INFO - Image header was read:
2023-07-09 17:53:02,295 - root - INFO - Width: 70, Height: 28, RowLength: 140
2023-07-09 17:53:02,295 - root - INFO - datalength: 2378, _step: 2
2023-07-09 17:53:02,295 - root - INFO - BPP: 16, Transparency: False
2023-07-09 17:53:02,295 - root - INFO - Resource 83 offset: 552396, length: 816...
2023-07-09 17:53:02,295 - root - DEBUG - Reading resource 83...
2023-07-09 17:53:02,295 - root - INFO - The image is bme.
2023-07-09 17:53:02,295 - root - INFO - Reading image header(readHeader16E)...
2023-07-09 17:53:02,295 - root - INFO - Image header was read:
2023-07-09 17:53:02,295 - root - INFO - Width: 28, Height: 26, RowLength: 56
2023-07-09 17:53:02,295 - root - INFO - datalength: 800, _step: 2
2023-07-09 17:53:02,295 - root - INFO - BPP: 16, Transparency: False
2023-07-09 17:53:02,295 - root - DEBUG - Parsing parameters...
2023-07-09 17:53:02,405 - root - DEBUG - 0 Value: None
2023-07-09 17:53:02,405 - root - DEBUG - 0.1 Value: 73
2023-07-09 17:53:02,405 - root - DEBUG - 2 Value: None
2023-07-09 17:53:02,405 - root - DEBUG - 2.1 Value: None
2023-07-09 17:53:02,405 - root - DEBUG - 2.1.1 Value: 0
2023-07-09 17:53:02,405 - root - DEBUG - 2.1.2 Value: 0
2023-07-09 17:53:02,420 - root - DEBUG - 2.1.3 Value: 2
2023-07-09 17:53:02,420 - root - DEBUG - 2.3 Value: None
2023-07-09 17:53:02,420 - root - DEBUG - 2.3.1 Value: 0
2023-07-09 17:53:02,420 - root - DEBUG - 2.3.2 Value: 0
2023-07-09 17:53:02,420 - root - DEBUG - 2.3.3 Value: 1
2023-07-09 17:53:02,420 - root - DEBUG - 2.4 Value: None
2023-07-09 17:53:02,420 - root - DEBUG - 2.4.1 Value: 0
2023-07-09 17:53:02,420 - root - DEBUG - 2.4.2 Value: 0
2023-07-09 17:53:02,420 - root - DEBUG - 2.4.3 Value: 0
2023-07-09 17:53:02,420 - root - DEBUG - 2.5 Value: None
2023-07-09 17:53:02,420 - root - DEBUG - 2.5.1 Value: 0
2023-07-09 17:53:02,420 - root - DEBUG - 2.5.2 Value: 0
2023-07-09 17:53:02,420 - root - DEBUG - 2.5.3 Value: 0
2023-07-09 17:53:02,420 - root - DEBUG - 3 Value: None
2023-07-09 17:53:02,420 - root - DEBUG - 3.1 Value: None
2023-07-09 17:53:02,420 - root - DEBUG - 3.1.1 Value: None
2023-07-09 17:53:02,420 - root - DEBUG - 3.1.1.1 Value: None
2023-07-09 17:53:02,420 - root - DEBUG - 3.1.1.1.1 Value: 132
2023-07-09 17:53:02,420 - root - DEBUG - 3.1.1.1.2 Value: 207
2023-07-09 17:53:02,420 - root - DEBUG - 3.1.1.1.3 Value: 3
2023-07-09 17:53:02,420 - root - DEBUG - 3.1.1.1.4 Value: 10
2023-07-09 17:53:02,420 - root - DEBUG - 3.1.1.2 Value: None
2023-07-09 17:53:02,420 - root - DEBUG - 3.1.1.2.1 Value: 165
2023-07-09 17:53:02,420 - root - DEBUG - 3.1.1.2.2 Value: 207
2023-07-09 17:53:02,420 - root - DEBUG - 3.1.1.2.3 Value: 3
2023-07-09 17:53:02,420 - root - DEBUG - 3.1.1.2.4 Value: 10
2023-07-09 17:53:02,420 - root - DEBUG - 3.1.2 Value: None
2023-07-09 17:53:02,420 - root - DEBUG - 3.1.2.1 Value: None
2023-07-09 17:53:02,420 - root - DEBUG - 3.1.2.1.1 Value: 222
2023-07-09 17:53:02,420 - root - DEBUG - 3.1.2.1.2 Value: 207
2023-07-09 17:53:02,420 - root - DEBUG - 3.1.2.1.3 Value: 3
2023-07-09 17:53:02,420 - root - DEBUG - 3.1.2.1.4 Value: 10
2023-07-09 17:53:02,420 - root - DEBUG - 3.1.2.2 Value: None
2023-07-09 17:53:02,420 - root - DEBUG - 3.1.2.2.1 Value: 255
2023-07-09 17:53:02,420 - root - DEBUG - 3.1.2.2.2 Value: 207
2023-07-09 17:53:02,420 - root - DEBUG - 3.1.2.2.3 Value: 3
2023-07-09 17:53:02,420 - root - DEBUG - 3.1.2.2.4 Value: 10
2023-07-09 17:53:02,420 - root - DEBUG - 3.1.5 Value: None
2023-07-09 17:53:02,420 - root - DEBUG - 3.1.5.1 Value: 201
2023-07-09 17:53:02,420 - root - DEBUG - 3.1.5.2 Value: 207
2023-07-09 17:53:02,420 - root - DEBUG - 3.1.5.3 Value: 13
2023-07-09 17:53:02,420 - root - DEBUG - 3.1.7 Value: 0
2023-07-09 17:53:02,420 - root - DEBUG - 3.1.8 Value: 1
2023-07-09 17:53:02,420 - root - DEBUG - 4 Value: None
2023-07-09 17:53:02,420 - root - DEBUG - 4.1 Value: None
2023-07-09 17:53:02,420 - root - DEBUG - 4.1.1 Value: None
2023-07-09 17:53:02,420 - root - DEBUG - 4.1.1.1 Value: 175
2023-07-09 17:53:02,420 - root - DEBUG - 4.1.1.2 Value: 298
2023-07-09 17:53:02,420 - root - DEBUG - 4.1.1.3 Value: 255
2023-07-09 17:53:02,420 - root - DEBUG - 4.1.1.4 Value: 326
2023-07-09 17:53:02,420 - root - DEBUG - 4.1.1.5 Value: 20
2023-07-09 17:53:02,420 - root - DEBUG - 4.1.1.6 Value: 0
2023-07-09 17:53:02,420 - root - DEBUG - 4.1.1.7 Value: 0
2023-07-09 17:53:02,420 - root - DEBUG - 4.1.1.8 Value: 14
2023-07-09 17:53:02,420 - root - DEBUG - 4.1.1.9 Value: 10
2023-07-09 17:53:02,420 - root - DEBUG - 4.7 Value: 0
2023-07-09 17:53:02,420 - root - DEBUG - 5 Value: None
2023-07-09 17:53:02,420 - root - DEBUG - 5.1 Value: None
2023-07-09 17:53:02,420 - root - DEBUG - 5.1.2 Value: None
2023-07-09 17:53:02,420 - root - DEBUG - 5.1.2.1 Value: None
2023-07-09 17:53:02,420 - root - DEBUG - 5.1.2.1.1 Value: 207
2023-07-09 17:53:02,420 - root - DEBUG - 5.1.2.1.2 Value: 262
2023-07-09 17:53:02,420 - root - DEBUG - 5.1.2.1.3 Value: 287
2023-07-09 17:53:02,420 - root - DEBUG - 5.1.2.1.4 Value: 290
2023-07-09 17:53:02,420 - root - DEBUG - 5.1.2.1.5 Value: 18
2023-07-09 17:53:02,420 - root - DEBUG - 5.1.2.1.6 Value: 0
2023-07-09 17:53:02,420 - root - DEBUG - 5.1.2.1.7 Value: 0
2023-07-09 17:53:02,420 - root - DEBUG - 5.1.2.1.8 Value: 14
2023-07-09 17:53:02,420 - root - DEBUG - 5.1.2.1.9 Value: 10
2023-07-09 17:53:02,420 - root - DEBUG - 5.1.2.2 Value: 24
2023-07-09 17:53:02,420 - root - DEBUG - 5.1.4 Value: 1
2023-07-09 17:53:02,420 - root - DEBUG - 5.1.5 Value: 1
2023-07-09 17:53:02,420 - root - DEBUG - 5.1.6 Value: 0
2023-07-09 17:53:02,420 - root - DEBUG - 5.2 Value: None
2023-07-09 17:53:02,420 - root - DEBUG - 5.2.1 Value: 244
2023-07-09 17:53:02,420 - root - DEBUG - 5.2.2 Value: 181
2023-07-09 17:53:02,420 - root - DEBUG - 5.2.3 Value: 39
2023-07-09 17:53:02,420 - root - DEBUG - 5.2.4 Value: 40
2023-07-09 17:53:02,420 - root - DEBUG - 5.2.5 Value: 41
2023-07-09 17:53:02,420 - root - DEBUG - 5.2.6 Value: 42
2023-07-09 17:53:02,420 - root - DEBUG - 5.4 Value: None
2023-07-09 17:53:02,420 - root - DEBUG - 5.4.1 Value: 133
2023-07-09 17:53:02,420 - root - DEBUG - 5.4.2 Value: 262
2023-07-09 17:53:02,420 - root - DEBUG - 5.4.3 Value: 25
2023-07-09 17:53:02,420 - root - DEBUG - 5.4.4 Value: 7
2023-07-09 17:53:02,420 - root - DEBUG - 5.5 Value: None
2023-07-09 17:53:02,420 - root - DEBUG - 5.5.1 Value: 133
2023-07-09 17:53:02,420 - root - DEBUG - 5.5.2 Value: 262
2023-07-09 17:53:02,420 - root - DEBUG - 5.5.3 Value: 32
2023-07-09 17:53:02,420 - root - DEBUG - 5.5.4 Value: 7
2023-07-09 17:53:02,420 - root - DEBUG - 5.6 Value: None
2023-07-09 17:53:02,420 - root - DEBUG - 5.6.1 Value: 133
2023-07-09 17:53:02,420 - root - DEBUG - 5.6.2 Value: 262
2023-07-09 17:53:02,420 - root - DEBUG - 5.6.3 Value: 32
2023-07-09 17:53:02,420 - root - DEBUG - 5.6.4 Value: 7
2023-07-09 17:53:02,420 - root - DEBUG - 29 Value: None
2023-07-09 17:53:02,420 - root - DEBUG - 29.1 Value: None
2023-07-09 17:53:02,420 - root - DEBUG - 29.1.1 Value: None
2023-07-09 17:53:02,420 - root - DEBUG - 29.1.1.1 Value: None
2023-07-09 17:53:02,420 - root - DEBUG - 29.1.1.1.1 Value: None
2023-07-09 17:53:02,420 - root - DEBUG - 29.1.1.1.1.1 Value: 132
2023-07-09 17:53:02,420 - root - DEBUG - 29.1.1.1.1.2 Value: 207
2023-07-09 17:53:02,420 - root - DEBUG - 29.1.1.1.1.3 Value: 43
2023-07-09 17:53:02,420 - root - DEBUG - 29.1.1.1.1.4 Value: 10
2023-07-09 17:53:02,420 - root - DEBUG - 29.1.1.1.2 Value: None
2023-07-09 17:53:02,420 - root - DEBUG - 29.1.1.1.2.1 Value: 165
2023-07-09 17:53:02,420 - root - DEBUG - 29.1.1.1.2.2 Value: 207
2023-07-09 17:53:02,420 - root - DEBUG - 29.1.1.1.2.3 Value: 43
2023-07-09 17:53:02,420 - root - DEBUG - 29.1.1.1.2.4 Value: 10
2023-07-09 17:53:02,420 - root - DEBUG - 29.1.1.2 Value: None
2023-07-09 17:53:02,420 - root - DEBUG - 29.1.1.2.1 Value: None
2023-07-09 17:53:02,420 - root - DEBUG - 29.1.1.2.1.1 Value: 222
2023-07-09 17:53:02,420 - root - DEBUG - 29.1.1.2.1.2 Value: 207
2023-07-09 17:53:02,420 - root - DEBUG - 29.1.1.2.1.3 Value: 43
2023-07-09 17:53:02,420 - root - DEBUG - 29.1.1.2.1.4 Value: 10
2023-07-09 17:53:02,420 - root - DEBUG - 29.1.1.2.2 Value: None
2023-07-09 17:53:02,420 - root - DEBUG - 29.1.1.2.2.1 Value: 255
2023-07-09 17:53:02,420 - root - DEBUG - 29.1.1.2.2.2 Value: 207
2023-07-09 17:53:02,420 - root - DEBUG - 29.1.1.2.2.3 Value: 43
2023-07-09 17:53:02,420 - root - DEBUG - 29.1.1.2.2.4 Value: 10
2023-07-09 17:53:02,420 - root - DEBUG - 29.1.1.3 Value: None
2023-07-09 17:53:02,436 - root - DEBUG - 29.1.1.3.1 Value: 201
2023-07-09 17:53:02,436 - root - DEBUG - 29.1.1.3.2 Value: 207
2023-07-09 17:53:02,436 - root - DEBUG - 29.1.1.3.3 Value: 53
2023-07-09 17:53:02,436 - root - DEBUG - 29.1.1.4 Value: 1
2023-07-09 17:53:02,436 - root - DEBUG - 29.1.4 Value: None
2023-07-09 17:53:02,436 - root - DEBUG - 29.1.4.1 Value: 244
2023-07-09 17:53:02,436 - root - DEBUG - 29.1.4.2 Value: 181
2023-07-09 17:53:02,436 - root - DEBUG - 29.1.4.3 Value: 54
2023-07-09 17:53:02,436 - root - DEBUG - 29.1.4.4 Value: 55
2023-07-09 17:53:02,436 - root - DEBUG - 29.1.4.5 Value: 56
2023-07-09 17:53:02,436 - root - DEBUG - 29.1.4.6 Value: 57
2023-07-09 17:53:02,436 - root - DEBUG - 29.2 Value: None
2023-07-09 17:53:02,436 - root - DEBUG - 29.2.1 Value: None
2023-07-09 17:53:02,436 - root - DEBUG - 29.2.1.1 Value: 207
2023-07-09 17:53:02,436 - root - DEBUG - 29.2.1.2 Value: 262
2023-07-09 17:53:02,436 - root - DEBUG - 29.2.1.3 Value: 287
2023-07-09 17:53:02,436 - root - DEBUG - 29.2.1.4 Value: 290
2023-07-09 17:53:02,436 - root - DEBUG - 29.2.1.5 Value: 18
2023-07-09 17:53:02,436 - root - DEBUG - 29.2.1.6 Value: 0
2023-07-09 17:53:02,436 - root - DEBUG - 29.2.1.7 Value: 0
2023-07-09 17:53:02,436 - root - DEBUG - 29.2.1.8 Value: 58
2023-07-09 17:53:02,436 - root - DEBUG - 29.2.1.9 Value: 10
2023-07-09 17:53:02,436 - root - DEBUG - 29.2.2 Value: 68
2023-07-09 17:53:02,436 - root - DEBUG - 29.3 Value: None
2023-07-09 17:53:02,436 - root - DEBUG - 29.3.1 Value: None
2023-07-09 17:53:02,436 - root - DEBUG - 29.3.1.1 Value: 133
2023-07-09 17:53:02,436 - root - DEBUG - 29.3.1.2 Value: 262
2023-07-09 17:53:02,436 - root - DEBUG - 29.3.1.3 Value: 69
2023-07-09 17:53:02,436 - root - DEBUG - 29.3.1.4 Value: 7
2023-07-09 17:53:02,436 - root - DEBUG - 29.3.2 Value: None
2023-07-09 17:53:02,436 - root - DEBUG - 29.3.2.1 Value: 133
2023-07-09 17:53:02,436 - root - DEBUG - 29.3.2.2 Value: 262
2023-07-09 17:53:02,436 - root - DEBUG - 29.3.2.3 Value: 76
2023-07-09 17:53:02,436 - root - DEBUG - 29.3.2.4 Value: 7
2023-07-09 17:53:02,436 - root - DEBUG - 29.3.3 Value: None
2023-07-09 17:53:02,436 - root - DEBUG - 29.3.3.1 Value: 133
2023-07-09 17:53:02,436 - root - DEBUG - 29.3.3.2 Value: 262
2023-07-09 17:53:02,436 - root - DEBUG - 29.3.3.3 Value: 76
2023-07-09 17:53:02,436 - root - DEBUG - 29.3.3.4 Value: 7
2023-07-09 17:53:02,436 - root - DEBUG - 29.4 Value: None
2023-07-09 17:53:02,436 - root - DEBUG - 29.4.1 Value: None
2023-07-09 17:53:02,436 - root - DEBUG - 29.4.1.1 Value: 175
2023-07-09 17:53:02,436 - root - DEBUG - 29.4.1.2 Value: 298
2023-07-09 17:53:02,436 - root - DEBUG - 29.4.1.3 Value: 267
2023-07-09 17:53:02,436 - root - DEBUG - 29.4.1.4 Value: 326
2023-07-09 17:53:02,436 - root - DEBUG - 29.4.1.5 Value: 20
2023-07-09 17:53:02,436 - root - DEBUG - 29.4.1.6 Value: 0
2023-07-09 17:53:02,436 - root - DEBUG - 29.4.1.7 Value: 0
2023-07-09 17:53:02,436 - root - DEBUG - 29.4.1.8 Value: 58
2023-07-09 17:53:02,436 - root - DEBUG - 29.4.1.9 Value: 10
2023-07-09 17:53:02,436 - root - DEBUG - 29.4.3 Value: 83
2023-07-09 17:53:02,436 - root - DEBUG - 0-Info
2023-07-09 17:53:02,436 - root - DEBUG - 0.1-DeviceId
2023-07-09 17:53:02,436 - root - DEBUG - 2-Background
2023-07-09 17:53:02,436 - root - DEBUG - 2.1-Image
2023-07-09 17:53:02,436 - root - DEBUG - 2.1.1-X
2023-07-09 17:53:02,436 - root - DEBUG - 2.1.2-Y
2023-07-09 17:53:02,436 - root - DEBUG - 2.1.3-ImageIndex
2023-07-09 17:53:02,436 - root - DEBUG - 2.3-Preview
2023-07-09 17:53:02,436 - root - DEBUG - 2.3.1-X
2023-07-09 17:53:02,436 - root - DEBUG - 2.3.2-Y
2023-07-09 17:53:02,436 - root - DEBUG - 2.3.3-ImageIndex
2023-07-09 17:53:02,436 - root - DEBUG - 2.4-PreviewTradChinese
2023-07-09 17:53:02,436 - root - DEBUG - 2.4.1-X
2023-07-09 17:53:02,436 - root - DEBUG - 2.4.2-Y
2023-07-09 17:53:02,436 - root - DEBUG - 2.4.3-ImageIndex
2023-07-09 17:53:02,436 - root - DEBUG - 2.5-PreviewChinese
2023-07-09 17:53:02,436 - root - DEBUG - 2.5.1-X
2023-07-09 17:53:02,436 - root - DEBUG - 2.5.2-Y
2023-07-09 17:53:02,436 - root - DEBUG - 2.5.3-ImageIndex
2023-07-09 17:53:02,436 - root - DEBUG - 3-TimeExtended
2023-07-09 17:53:02,436 - root - DEBUG - 3.1-TimeSeparateDigits
2023-07-09 17:53:02,436 - root - DEBUG - 3.1.1-Hours
2023-07-09 17:53:02,436 - root - DEBUG - 3.1.1.1-Tens
2023-07-09 17:53:02,436 - root - DEBUG - 3.1.1.1.1-X
2023-07-09 17:53:02,436 - root - DEBUG - 3.1.1.1.2-Y
2023-07-09 17:53:02,436 - root - DEBUG - 3.1.1.1.3-ImageIndex
2023-07-09 17:53:02,436 - root - DEBUG - 3.1.1.1.4-ImagesCount
2023-07-09 17:53:02,436 - root - DEBUG - 3.1.1.2-Ones
2023-07-09 17:53:02,436 - root - DEBUG - 3.1.1.2.1-X
2023-07-09 17:53:02,436 - root - DEBUG - 3.1.1.2.2-Y
2023-07-09 17:53:02,436 - root - DEBUG - 3.1.1.2.3-ImageIndex
2023-07-09 17:53:02,436 - root - DEBUG - 3.1.1.2.4-ImagesCount
2023-07-09 17:53:02,436 - root - DEBUG - 3.1.2-Minutes
2023-07-09 17:53:02,436 - root - DEBUG - 3.1.2.1-Tens
2023-07-09 17:53:02,436 - root - DEBUG - 3.1.2.1.1-X
2023-07-09 17:53:02,436 - root - DEBUG - 3.1.2.1.2-Y
2023-07-09 17:53:02,436 - root - DEBUG - 3.1.2.1.3-ImageIndex
2023-07-09 17:53:02,436 - root - DEBUG - 3.1.2.1.4-ImagesCount
2023-07-09 17:53:02,436 - root - DEBUG - 3.1.2.2-Ones
2023-07-09 17:53:02,436 - root - DEBUG - 3.1.2.2.1-X
2023-07-09 17:53:02,436 - root - DEBUG - 3.1.2.2.2-Y
2023-07-09 17:53:02,436 - root - DEBUG - 3.1.2.2.3-ImageIndex
2023-07-09 17:53:02,436 - root - DEBUG - 3.1.2.2.4-ImagesCount
2023-07-09 17:53:02,436 - root - DEBUG - 3.1.5-SeparatorHours
2023-07-09 17:53:02,436 - root - DEBUG - 3.1.5.1-X
2023-07-09 17:53:02,436 - root - DEBUG - 3.1.5.2-Y
2023-07-09 17:53:02,436 - root - DEBUG - 3.1.5.3-ImageIndex
2023-07-09 17:53:02,436 - root - DEBUG - 3.1.7-UnknowBoolean7
2023-07-09 17:53:02,436 - root - DEBUG - 3.1.8-PaddingZeroMinutes
2023-07-09 17:53:02,436 - root - DEBUG - 4-Activity
2023-07-09 17:53:02,436 - root - DEBUG - 4.1-Steps
2023-07-09 17:53:02,436 - root - DEBUG - 4.1.1-ImageNumber
2023-07-09 17:53:02,436 - root - DEBUG - 4.1.1.1-TopLeftX
2023-07-09 17:53:02,436 - root - DEBUG - 4.1.1.2-TopLeftY
2023-07-09 17:53:02,436 - root - DEBUG - 4.1.1.3-BottomRightX
2023-07-09 17:53:02,452 - root - DEBUG - 4.1.1.4-BottomRightY
2023-07-09 17:53:02,452 - root - DEBUG - 4.1.1.5-Alignment
2023-07-09 17:53:02,452 - root - DEBUG - 4.1.1.6-Spacing
2023-07-09 17:53:02,452 - root - DEBUG - 4.1.1.7-VerticalOffset
2023-07-09 17:53:02,452 - root - DEBUG - 4.1.1.8-ImageIndex
2023-07-09 17:53:02,452 - root - DEBUG - 4.1.1.9-ImagesCount
2023-07-09 17:53:02,452 - root - DEBUG - 4.7-UnknownLongValue7
2023-07-09 17:53:02,452 - root - DEBUG - 5-DateBlock
2023-07-09 17:53:02,452 - root - DEBUG - 5.1-Date
2023-07-09 17:53:02,452 - root - DEBUG - 5.1.2-OneLineMonthAndDay
2023-07-09 17:53:02,452 - root - DEBUG - 5.1.2.1-Number
2023-07-09 17:53:02,452 - root - DEBUG - 5.1.2.1.1-TopLeftX
2023-07-09 17:53:02,452 - root - DEBUG - 5.1.2.1.2-TopLeftY
2023-07-09 17:53:02,452 - root - DEBUG - 5.1.2.1.3-BottomRightX
2023-07-09 17:53:02,452 - root - DEBUG - 5.1.2.1.4-BottomRightY
2023-07-09 17:53:02,452 - root - DEBUG - 5.1.2.1.5-Alignment
2023-07-09 17:53:02,452 - root - DEBUG - 5.1.2.1.6-Spacing
2023-07-09 17:53:02,452 - root - DEBUG - 5.1.2.1.7-VerticalOffset
2023-07-09 17:53:02,452 - root - DEBUG - 5.1.2.1.8-ImageIndex
2023-07-09 17:53:02,452 - root - DEBUG - 5.1.2.1.9-ImagesCount
2023-07-09 17:53:02,452 - root - DEBUG - 5.1.2.2-DelimiterImageIndex
2023-07-09 17:53:02,452 - root - DEBUG - 5.1.4-PaddingZeroMonth
2023-07-09 17:53:02,452 - root - DEBUG - 5.1.5-PaddingZeroDay
2023-07-09 17:53:02,452 - root - DEBUG - 5.1.6-UnknownBoolean6
2023-07-09 17:53:02,452 - root - DEBUG - 5.2-AmPm
2023-07-09 17:53:02,452 - root - DEBUG - 5.2.1-CommonX
2023-07-09 17:53:02,452 - root - DEBUG - 5.2.2-CommonY
2023-07-09 17:53:02,452 - root - DEBUG - 5.2.3-ImageIndexAMCN
2023-07-09 17:53:02,452 - root - DEBUG - 5.2.4-ImageIndexPMCN
2023-07-09 17:53:02,452 - root - DEBUG - 5.2.5-AmImageIndexEN
2023-07-09 17:53:02,452 - root - DEBUG - 5.2.6-PmImageIndexEN
2023-07-09 17:53:02,452 - root - DEBUG - 5.4-Weekday
2023-07-09 17:53:02,452 - root - DEBUG - 5.4.1-X
2023-07-09 17:53:02,452 - root - DEBUG - 5.4.2-Y
2023-07-09 17:53:02,452 - root - DEBUG - 5.4.3-ImageIndex
2023-07-09 17:53:02,452 - root - DEBUG - 5.4.4-ImagesCount
2023-07-09 17:53:02,452 - root - DEBUG - 5.5-WeekdayChinese
2023-07-09 17:53:02,452 - root - DEBUG - 5.5.1-X
2023-07-09 17:53:02,452 - root - DEBUG - 5.5.2-Y
2023-07-09 17:53:02,452 - root - DEBUG - 5.5.3-ImageIndex
2023-07-09 17:53:02,452 - root - DEBUG - 5.5.4-ImagesCount
2023-07-09 17:53:02,452 - root - DEBUG - 5.6-WeekdayTradChinese
2023-07-09 17:53:02,452 - root - DEBUG - 5.6.1-X
2023-07-09 17:53:02,452 - root - DEBUG - 5.6.2-Y
2023-07-09 17:53:02,452 - root - DEBUG - 5.6.3-ImageIndex
2023-07-09 17:53:02,452 - root - DEBUG - 5.6.4-ImagesCount
2023-07-09 17:53:02,452 - root - DEBUG - 29-AlwaysOnDisplay
2023-07-09 17:53:02,452 - root - DEBUG - 29.1-TimeExtended
2023-07-09 17:53:02,452 - root - DEBUG - 29.1.1-TimeSeparateDigits
2023-07-09 17:53:02,452 - root - DEBUG - 29.1.1.1-Hours
2023-07-09 17:53:02,452 - root - DEBUG - 29.1.1.1.1-Tens
2023-07-09 17:53:02,452 - root - DEBUG - 29.1.1.1.1.1-X
2023-07-09 17:53:02,452 - root - DEBUG - 29.1.1.1.1.2-Y
2023-07-09 17:53:02,452 - root - DEBUG - 29.1.1.1.1.3-ImageIndex
2023-07-09 17:53:02,452 - root - DEBUG - 29.1.1.1.1.4-ImagesCount
2023-07-09 17:53:02,452 - root - DEBUG - 29.1.1.1.2-Ones
2023-07-09 17:53:02,452 - root - DEBUG - 29.1.1.1.2.1-X
2023-07-09 17:53:02,452 - root - DEBUG - 29.1.1.1.2.2-Y
2023-07-09 17:53:02,452 - root - DEBUG - 29.1.1.1.2.3-ImageIndex
2023-07-09 17:53:02,452 - root - DEBUG - 29.1.1.1.2.4-ImagesCount
2023-07-09 17:53:02,452 - root - DEBUG - 29.1.1.2-Minutes
2023-07-09 17:53:02,452 - root - DEBUG - 29.1.1.2.1-Tens
2023-07-09 17:53:02,452 - root - DEBUG - 29.1.1.2.1.1-X
2023-07-09 17:53:02,452 - root - DEBUG - 29.1.1.2.1.2-Y
2023-07-09 17:53:02,452 - root - DEBUG - 29.1.1.2.1.3-ImageIndex
2023-07-09 17:53:02,452 - root - DEBUG - 29.1.1.2.1.4-ImagesCount
2023-07-09 17:53:02,452 - root - DEBUG - 29.1.1.2.2-Ones
2023-07-09 17:53:02,452 - root - DEBUG - 29.1.1.2.2.1-X
2023-07-09 17:53:02,452 - root - DEBUG - 29.1.1.2.2.2-Y
2023-07-09 17:53:02,452 - root - DEBUG - 29.1.1.2.2.3-ImageIndex
2023-07-09 17:53:02,452 - root - DEBUG - 29.1.1.2.2.4-ImagesCount
2023-07-09 17:53:02,452 - root - DEBUG - 29.1.1.3-Separator
2023-07-09 17:53:02,452 - root - DEBUG - 29.1.1.3.1-X
2023-07-09 17:53:02,452 - root - DEBUG - 29.1.1.3.2-Y
2023-07-09 17:53:02,452 - root - DEBUG - 29.1.1.3.3-ImageIndex
2023-07-09 17:53:02,452 - root - DEBUG - 29.1.1.4-PaddingZeroHours
2023-07-09 17:53:02,452 - root - DEBUG - 29.1.4-AmPm
2023-07-09 17:53:02,452 - root - DEBUG - 29.1.4.1-CommonX
2023-07-09 17:53:02,452 - root - DEBUG - 29.1.4.2-CommonY
2023-07-09 17:53:02,452 - root - DEBUG - 29.1.4.3-ImageIndexAMCN
2023-07-09 17:53:02,452 - root - DEBUG - 29.1.4.4-ImageIndexPMCN
2023-07-09 17:53:02,452 - root - DEBUG - 29.1.4.5-AmImageIndexEN
2023-07-09 17:53:02,452 - root - DEBUG - 29.1.4.6-PmImageIndexEN
2023-07-09 17:53:02,452 - root - DEBUG - 29.2-DateOneLine
2023-07-09 17:53:02,452 - root - DEBUG - 29.2.1-MonthAndDay
2023-07-09 17:53:02,452 - root - DEBUG - 29.2.1.1-TopLeftX
2023-07-09 17:53:02,452 - root - DEBUG - 29.2.1.2-TopLeftY
2023-07-09 17:53:02,452 - root - DEBUG - 29.2.1.3-BottomRightX
2023-07-09 17:53:02,452 - root - DEBUG - 29.2.1.4-BottomRightY
2023-07-09 17:53:02,467 - root - DEBUG - 29.2.1.5-Alignment
2023-07-09 17:53:02,467 - root - DEBUG - 29.2.1.6-Spacing
2023-07-09 17:53:02,467 - root - DEBUG - 29.2.1.7-VerticalOffset
2023-07-09 17:53:02,467 - root - DEBUG - 29.2.1.8-ImageIndex
2023-07-09 17:53:02,467 - root - DEBUG - 29.2.1.9-ImagesCount
2023-07-09 17:53:02,467 - root - DEBUG - 29.2.2-SeparatorImageIndex
2023-07-09 17:53:02,467 - root - DEBUG - 29.3-Week
2023-07-09 17:53:02,467 - root - DEBUG - 29.3.1-Weekday
2023-07-09 17:53:02,467 - root - DEBUG - 29.3.1.1-X
2023-07-09 17:53:02,467 - root - DEBUG - 29.3.1.2-Y
2023-07-09 17:53:02,467 - root - DEBUG - 29.3.1.3-ImageIndex
2023-07-09 17:53:02,467 - root - DEBUG - 29.3.1.4-ImagesCount
2023-07-09 17:53:02,467 - root - DEBUG - 29.3.2-WeekdayChinese
2023-07-09 17:53:02,467 - root - DEBUG - 29.3.2.1-X
2023-07-09 17:53:02,467 - root - DEBUG - 29.3.2.2-Y
2023-07-09 17:53:02,467 - root - DEBUG - 29.3.2.3-ImageIndex
2023-07-09 17:53:02,467 - root - DEBUG - 29.3.2.4-ImagesCount
2023-07-09 17:53:02,467 - root - DEBUG - 29.3.3-WeekdayTradChinese
2023-07-09 17:53:02,467 - root - DEBUG - 29.3.3.1-X
2023-07-09 17:53:02,467 - root - DEBUG - 29.3.3.2-Y
2023-07-09 17:53:02,467 - root - DEBUG - 29.3.3.3-ImageIndex
2023-07-09 17:53:02,467 - root - DEBUG - 29.3.3.4-ImagesCount
2023-07-09 17:53:02,467 - root - DEBUG - 29.4-Steps
2023-07-09 17:53:02,467 - root - DEBUG - 29.4.1-ImageNumber
2023-07-09 17:53:02,467 - root - DEBUG - 29.4.1.1-TopLeftX
2023-07-09 17:53:02,467 - root - DEBUG - 29.4.1.2-TopLeftY
2023-07-09 17:53:02,467 - root - DEBUG - 29.4.1.3-BottomRightX
2023-07-09 17:53:02,467 - root - DEBUG - 29.4.1.4-BottomRightY
2023-07-09 17:53:02,467 - root - DEBUG - 29.4.1.5-Alignment
2023-07-09 17:53:02,467 - root - DEBUG - 29.4.1.6-Spacing
2023-07-09 17:53:02,467 - root - DEBUG - 29.4.1.7-VerticalOffset
2023-07-09 17:53:02,467 - root - DEBUG - 29.4.1.8-ImageIndex
2023-07-09 17:53:02,467 - root - DEBUG - 29.4.1.9-ImagesCount
2023-07-09 17:53:02,467 - root - DEBUG - 29.4.3-SuffixImageIndex
2023-07-09 17:53:02,467 - root - DEBUG - generatePreviews
2023-07-09 17:53:02,467 - root - DEBUG - Generating previews...
2023-07-09 17:53:02,467 - root - DEBUG - Generating states done...
2023-07-09 17:53:02,483 - root - DEBUG - >>>>>>>>>>>> 0 <watchFaceParser.models.parameter.Parameter object at 0x0000023EB1283D00>
2023-07-09 17:53:02,483 - root - DEBUG - >>>>>>>>>>>> 2 <watchFaceParser.models.parameter.Parameter object at 0x0000023EB1279520>
2023-07-09 17:53:02,483 - root - DEBUG - >>>>>>>>>>>> 3 <watchFaceParser.models.parameter.Parameter object at 0x0000023EB1279190>
2023-07-09 17:53:02,498 - root - DEBUG - >>>>>>>>>>>> 4 <watchFaceParser.models.parameter.Parameter object at 0x0000023EB127B8E0>
2023-07-09 17:53:02,514 - root - DEBUG - >>>>>>>>>>>> 5 <watchFaceParser.models.parameter.Parameter object at 0x0000023EB127BFA0>
2023-07-09 17:53:02,514 - root - DEBUG - >>>>>>>>>>>> 29 <watchFaceParser.models.parameter.Parameter object at 0x0000023EB127C6A0>
2023-07-09 17:53:02,545 - root - DEBUG - Generating static preview gen done...
2023-07-09 17:53:02,663 - root - DEBUG - Generating static preview save done...
2023-07-09 17:53:02,663 - root - DEBUG - Generating anim preview gen done...
2023-07-09 17:53:02,663 - root - DEBUG - >>>>>>>>>>>> 0 <watchFaceParser.models.parameter.Parameter object at 0x0000023EB1283D00>
2023-07-09 17:53:02,663 - root - DEBUG - >>>>>>>>>>>> 2 <watchFaceParser.models.parameter.Parameter object at 0x0000023EB1279520>
2023-07-09 17:53:02,663 - root - DEBUG - >>>>>>>>>>>> 3 <watchFaceParser.models.parameter.Parameter object at 0x0000023EB1279190>
2023-07-09 17:53:02,663 - root - DEBUG - >>>>>>>>>>>> 4 <watchFaceParser.models.parameter.Parameter object at 0x0000023EB127B8E0>
2023-07-09 17:53:02,663 - root - DEBUG - >>>>>>>>>>>> 5 <watchFaceParser.models.parameter.Parameter object at 0x0000023EB127BFA0>
2023-07-09 17:53:02,663 - root - DEBUG - >>>>>>>>>>>> 29 <watchFaceParser.models.parameter.Parameter object at 0x0000023EB127C6A0>
2023-07-09 17:53:02,835 - root - DEBUG - generatePreviews done
2023-07-09 17:53:02,835 - root - DEBUG - Exporting resources to 'E:\Codez\zepp-gts2mini-wf\c37f661d79de762c8f2d4805e9592314'
2023-07-09 17:53:02,835 - root - DEBUG - extracting E:\Codez\zepp-gts2mini-wf\c37f661d79de762c8f2d4805e9592314\0000.png...
2023-07-09 17:53:02,851 - root - DEBUG - extracting E:\Codez\zepp-gts2mini-wf\c37f661d79de762c8f2d4805e9592314\0001.png...
2023-07-09 17:53:02,882 - root - DEBUG - extracting E:\Codez\zepp-gts2mini-wf\c37f661d79de762c8f2d4805e9592314\0002.png...
2023-07-09 17:53:02,929 - root - DEBUG - extracting E:\Codez\zepp-gts2mini-wf\c37f661d79de762c8f2d4805e9592314\0003.png...
2023-07-09 17:53:02,929 - root - DEBUG - extracting E:\Codez\zepp-gts2mini-wf\c37f661d79de762c8f2d4805e9592314\0004.png...
2023-07-09 17:53:02,929 - root - DEBUG - extracting E:\Codez\zepp-gts2mini-wf\c37f661d79de762c8f2d4805e9592314\0005.png...
2023-07-09 17:53:02,929 - root - DEBUG - extracting E:\Codez\zepp-gts2mini-wf\c37f661d79de762c8f2d4805e9592314\0006.png...
2023-07-09 17:53:02,929 - root - DEBUG - extracting E:\Codez\zepp-gts2mini-wf\c37f661d79de762c8f2d4805e9592314\0007.png...
2023-07-09 17:53:02,929 - root - DEBUG - extracting E:\Codez\zepp-gts2mini-wf\c37f661d79de762c8f2d4805e9592314\0008.png...
2023-07-09 17:53:02,945 - root - DEBUG - extracting E:\Codez\zepp-gts2mini-wf\c37f661d79de762c8f2d4805e9592314\0009.png...
2023-07-09 17:53:02,945 - root - DEBUG - extracting E:\Codez\zepp-gts2mini-wf\c37f661d79de762c8f2d4805e9592314\0010.png...
2023-07-09 17:53:02,945 - root - DEBUG - extracting E:\Codez\zepp-gts2mini-wf\c37f661d79de762c8f2d4805e9592314\0011.png...
2023-07-09 17:53:02,945 - root - DEBUG - extracting E:\Codez\zepp-gts2mini-wf\c37f661d79de762c8f2d4805e9592314\0012.png...
2023-07-09 17:53:02,945 - root - DEBUG - extracting E:\Codez\zepp-gts2mini-wf\c37f661d79de762c8f2d4805e9592314\0013.png...
2023-07-09 17:53:02,945 - root - DEBUG - extracting E:\Codez\zepp-gts2mini-wf\c37f661d79de762c8f2d4805e9592314\0014.png...
2023-07-09 17:53:02,945 - root - DEBUG - extracting E:\Codez\zepp-gts2mini-wf\c37f661d79de762c8f2d4805e9592314\0015.png...
2023-07-09 17:53:02,945 - root - DEBUG - extracting E:\Codez\zepp-gts2mini-wf\c37f661d79de762c8f2d4805e9592314\0016.png...
2023-07-09 17:53:02,945 - root - DEBUG - extracting E:\Codez\zepp-gts2mini-wf\c37f661d79de762c8f2d4805e9592314\0017.png...
2023-07-09 17:53:02,945 - root - DEBUG - extracting E:\Codez\zepp-gts2mini-wf\c37f661d79de762c8f2d4805e9592314\0018.png...
2023-07-09 17:53:02,945 - root - DEBUG - extracting E:\Codez\zepp-gts2mini-wf\c37f661d79de762c8f2d4805e9592314\0019.png...
2023-07-09 17:53:02,945 - root - DEBUG - extracting E:\Codez\zepp-gts2mini-wf\c37f661d79de762c8f2d4805e9592314\0020.png...
2023-07-09 17:53:02,945 - root - DEBUG - extracting E:\Codez\zepp-gts2mini-wf\c37f661d79de762c8f2d4805e9592314\0021.png...
2023-07-09 17:53:02,960 - root - DEBUG - extracting E:\Codez\zepp-gts2mini-wf\c37f661d79de762c8f2d4805e9592314\0022.png...
2023-07-09 17:53:02,960 - root - DEBUG - extracting E:\Codez\zepp-gts2mini-wf\c37f661d79de762c8f2d4805e9592314\0023.png...
2023-07-09 17:53:02,960 - root - DEBUG - extracting E:\Codez\zepp-gts2mini-wf\c37f661d79de762c8f2d4805e9592314\0024.png...
2023-07-09 17:53:02,960 - root - DEBUG - extracting E:\Codez\zepp-gts2mini-wf\c37f661d79de762c8f2d4805e9592314\0025.png...
2023-07-09 17:53:02,960 - root - DEBUG - extracting E:\Codez\zepp-gts2mini-wf\c37f661d79de762c8f2d4805e9592314\0026.png...
2023-07-09 17:53:02,960 - root - DEBUG - extracting E:\Codez\zepp-gts2mini-wf\c37f661d79de762c8f2d4805e9592314\0027.png...
2023-07-09 17:53:02,960 - root - DEBUG - extracting E:\Codez\zepp-gts2mini-wf\c37f661d79de762c8f2d4805e9592314\0028.png...
2023-07-09 17:53:02,960 - root - DEBUG - extracting E:\Codez\zepp-gts2mini-wf\c37f661d79de762c8f2d4805e9592314\0029.png...
2023-07-09 17:53:02,960 - root - DEBUG - extracting E:\Codez\zepp-gts2mini-wf\c37f661d79de762c8f2d4805e9592314\0030.png...
2023-07-09 17:53:02,960 - root - DEBUG - extracting E:\Codez\zepp-gts2mini-wf\c37f661d79de762c8f2d4805e9592314\0031.png...
2023-07-09 17:53:02,960 - root - DEBUG - extracting E:\Codez\zepp-gts2mini-wf\c37f661d79de762c8f2d4805e9592314\0032.png...
2023-07-09 17:53:02,960 - root - DEBUG - extracting E:\Codez\zepp-gts2mini-wf\c37f661d79de762c8f2d4805e9592314\0033.png...
2023-07-09 17:53:02,976 - root - DEBUG - extracting E:\Codez\zepp-gts2mini-wf\c37f661d79de762c8f2d4805e9592314\0034.png...
2023-07-09 17:53:02,976 - root - DEBUG - extracting E:\Codez\zepp-gts2mini-wf\c37f661d79de762c8f2d4805e9592314\0035.png...
2023-07-09 17:53:02,976 - root - DEBUG - extracting E:\Codez\zepp-gts2mini-wf\c37f661d79de762c8f2d4805e9592314\0036.png...
2023-07-09 17:53:02,976 - root - DEBUG - extracting E:\Codez\zepp-gts2mini-wf\c37f661d79de762c8f2d4805e9592314\0037.png...
2023-07-09 17:53:02,976 - root - DEBUG - extracting E:\Codez\zepp-gts2mini-wf\c37f661d79de762c8f2d4805e9592314\0038.png...
2023-07-09 17:53:02,976 - root - DEBUG - extracting E:\Codez\zepp-gts2mini-wf\c37f661d79de762c8f2d4805e9592314\0039.png...
2023-07-09 17:53:02,976 - root - DEBUG - extracting E:\Codez\zepp-gts2mini-wf\c37f661d79de762c8f2d4805e9592314\0040.png...
2023-07-09 17:53:02,976 - root - DEBUG - extracting E:\Codez\zepp-gts2mini-wf\c37f661d79de762c8f2d4805e9592314\0041.png...
2023-07-09 17:53:02,976 - root - DEBUG - extracting E:\Codez\zepp-gts2mini-wf\c37f661d79de762c8f2d4805e9592314\0042.png...
2023-07-09 17:53:02,976 - root - DEBUG - extracting E:\Codez\zepp-gts2mini-wf\c37f661d79de762c8f2d4805e9592314\0043.png...
2023-07-09 17:53:02,976 - root - DEBUG - extracting E:\Codez\zepp-gts2mini-wf\c37f661d79de762c8f2d4805e9592314\0044.png...
2023-07-09 17:53:02,991 - root - DEBUG - extracting E:\Codez\zepp-gts2mini-wf\c37f661d79de762c8f2d4805e9592314\0045.png...
2023-07-09 17:53:02,991 - root - DEBUG - extracting E:\Codez\zepp-gts2mini-wf\c37f661d79de762c8f2d4805e9592314\0046.png...
2023-07-09 17:53:02,991 - root - DEBUG - extracting E:\Codez\zepp-gts2mini-wf\c37f661d79de762c8f2d4805e9592314\0047.png...
2023-07-09 17:53:02,991 - root - DEBUG - extracting E:\Codez\zepp-gts2mini-wf\c37f661d79de762c8f2d4805e9592314\0048.png...
2023-07-09 17:53:02,991 - root - DEBUG - extracting E:\Codez\zepp-gts2mini-wf\c37f661d79de762c8f2d4805e9592314\0049.png...
2023-07-09 17:53:02,991 - root - DEBUG - extracting E:\Codez\zepp-gts2mini-wf\c37f661d79de762c8f2d4805e9592314\0050.png...
2023-07-09 17:53:02,991 - root - DEBUG - extracting E:\Codez\zepp-gts2mini-wf\c37f661d79de762c8f2d4805e9592314\0051.png...
2023-07-09 17:53:02,991 - root - DEBUG - extracting E:\Codez\zepp-gts2mini-wf\c37f661d79de762c8f2d4805e9592314\0052.png...
2023-07-09 17:53:02,991 - root - DEBUG - extracting E:\Codez\zepp-gts2mini-wf\c37f661d79de762c8f2d4805e9592314\0053.png...
2023-07-09 17:53:02,991 - root - DEBUG - extracting E:\Codez\zepp-gts2mini-wf\c37f661d79de762c8f2d4805e9592314\0054.png...
2023-07-09 17:53:02,991 - root - DEBUG - extracting E:\Codez\zepp-gts2mini-wf\c37f661d79de762c8f2d4805e9592314\0055.png...
2023-07-09 17:53:02,991 - root - DEBUG - extracting E:\Codez\zepp-gts2mini-wf\c37f661d79de762c8f2d4805e9592314\0056.png...
2023-07-09 17:53:02,991 - root - DEBUG - extracting E:\Codez\zepp-gts2mini-wf\c37f661d79de762c8f2d4805e9592314\0057.png...
2023-07-09 17:53:03,007 - root - DEBUG - extracting E:\Codez\zepp-gts2mini-wf\c37f661d79de762c8f2d4805e9592314\0058.png...
2023-07-09 17:53:03,007 - root - DEBUG - extracting E:\Codez\zepp-gts2mini-wf\c37f661d79de762c8f2d4805e9592314\0059.png...
2023-07-09 17:53:03,007 - root - DEBUG - extracting E:\Codez\zepp-gts2mini-wf\c37f661d79de762c8f2d4805e9592314\0060.png...
2023-07-09 17:53:03,007 - root - DEBUG - extracting E:\Codez\zepp-gts2mini-wf\c37f661d79de762c8f2d4805e9592314\0061.png...
2023-07-09 17:53:03,007 - root - DEBUG - extracting E:\Codez\zepp-gts2mini-wf\c37f661d79de762c8f2d4805e9592314\0062.png...
2023-07-09 17:53:03,007 - root - DEBUG - extracting E:\Codez\zepp-gts2mini-wf\c37f661d79de762c8f2d4805e9592314\0063.png...
2023-07-09 17:53:03,007 - root - DEBUG - extracting E:\Codez\zepp-gts2mini-wf\c37f661d79de762c8f2d4805e9592314\0064.png...
2023-07-09 17:53:03,007 - root - DEBUG - extracting E:\Codez\zepp-gts2mini-wf\c37f661d79de762c8f2d4805e9592314\0065.png...
2023-07-09 17:53:03,007 - root - DEBUG - extracting E:\Codez\zepp-gts2mini-wf\c37f661d79de762c8f2d4805e9592314\0066.png...
2023-07-09 17:53:03,007 - root - DEBUG - extracting E:\Codez\zepp-gts2mini-wf\c37f661d79de762c8f2d4805e9592314\0067.png...
2023-07-09 17:53:03,007 - root - DEBUG - extracting E:\Codez\zepp-gts2mini-wf\c37f661d79de762c8f2d4805e9592314\0068.png...
2023-07-09 17:53:03,007 - root - DEBUG - extracting E:\Codez\zepp-gts2mini-wf\c37f661d79de762c8f2d4805e9592314\0069.png...
2023-07-09 17:53:03,007 - root - DEBUG - extracting E:\Codez\zepp-gts2mini-wf\c37f661d79de762c8f2d4805e9592314\0070.png...
2023-07-09 17:53:03,007 - root - DEBUG - extracting E:\Codez\zepp-gts2mini-wf\c37f661d79de762c8f2d4805e9592314\0071.png...
2023-07-09 17:53:03,023 - root - DEBUG - extracting E:\Codez\zepp-gts2mini-wf\c37f661d79de762c8f2d4805e9592314\0072.png...
2023-07-09 17:53:03,023 - root - DEBUG - extracting E:\Codez\zepp-gts2mini-wf\c37f661d79de762c8f2d4805e9592314\0073.png...
2023-07-09 17:53:03,023 - root - DEBUG - extracting E:\Codez\zepp-gts2mini-wf\c37f661d79de762c8f2d4805e9592314\0074.png...
2023-07-09 17:53:03,023 - root - DEBUG - extracting E:\Codez\zepp-gts2mini-wf\c37f661d79de762c8f2d4805e9592314\0075.png...
2023-07-09 17:53:03,023 - root - DEBUG - extracting E:\Codez\zepp-gts2mini-wf\c37f661d79de762c8f2d4805e9592314\0076.png...
2023-07-09 17:53:03,023 - root - DEBUG - extracting E:\Codez\zepp-gts2mini-wf\c37f661d79de762c8f2d4805e9592314\0077.png...
2023-07-09 17:53:03,023 - root - DEBUG - extracting E:\Codez\zepp-gts2mini-wf\c37f661d79de762c8f2d4805e9592314\0078.png...
2023-07-09 17:53:03,023 - root - DEBUG - extracting E:\Codez\zepp-gts2mini-wf\c37f661d79de762c8f2d4805e9592314\0079.png...
2023-07-09 17:53:03,023 - root - DEBUG - extracting E:\Codez\zepp-gts2mini-wf\c37f661d79de762c8f2d4805e9592314\0080.png...
2023-07-09 17:53:03,023 - root - DEBUG - extracting E:\Codez\zepp-gts2mini-wf\c37f661d79de762c8f2d4805e9592314\0081.png...
2023-07-09 17:53:03,023 - root - DEBUG - extracting E:\Codez\zepp-gts2mini-wf\c37f661d79de762c8f2d4805e9592314\0082.png...
2023-07-09 17:53:03,038 - root - DEBUG - extracting E:\Codez\zepp-gts2mini-wf\c37f661d79de762c8f2d4805e9592314\0083.png...
2023-07-09 17:53:03,038 - root - DEBUG - Exporting config...
