2021-12-27 17:05:16,458 - root - DEBUG - Opening watch face 'c2733abdad3008196e27067a66b8ba02.bin'
2021-12-27 17:05:16,458 - root - DEBUG - Reading parameters...
2021-12-27 17:05:16,458 - root - INFO - Reading header...
2021-12-27 17:05:16,459 - root - INFO - Header was read:
2021-12-27 17:05:16,459 - root - INFO - Signature: b'UIHH\x01\x00\xff', Unknown: 119, ParametersSize: 61, isValid: True, deviceId: 73
2021-12-27 17:05:16,459 - root - INFO - Reading parameter offsets...
2021-12-27 17:05:16,459 - root - INFO - Parameter offsets were read from file
2021-12-27 17:05:16,459 - root - INFO - Reading parameters descriptor...
2021-12-27 17:05:16,459 - root - INFO - 1 ( A): 5 bytes
2021-12-27 17:05:16,460 - root - INFO -     1 ( 8): 378 17A
2021-12-27 17:05:16,460 - root - INFO -     2 (10): 71 47
2021-12-27 17:05:16,460 - root - INFO - getParameters descriptor was read:
2021-12-27 17:05:16,460 - root - INFO - ParametersTableLength: 378, ImagesCount: 71
2021-12-27 17:05:16,460 - root - INFO - Reading parameters locations...
2021-12-27 17:05:16,460 - root - INFO - 2 (12): 4 bytes
2021-12-27 17:05:16,460 - root - INFO -     1 ( 8): 0  0
2021-12-27 17:05:16,460 - root - INFO -     2 (10): 32 20
2021-12-27 17:05:16,460 - root - INFO - 3 (1A): 4 bytes
2021-12-27 17:05:16,460 - root - INFO -     1 ( 8): 32 20
2021-12-27 17:05:16,460 - root - INFO -     2 (10): 56 38
2021-12-27 17:05:16,460 - root - INFO - 4 (22): 5 bytes
2021-12-27 17:05:16,461 - root - INFO -     1 ( 8): 147 93
2021-12-27 17:05:16,461 - root - INFO -     2 (10): 75 4B
2021-12-27 17:05:16,461 - root - INFO - 5 (2A): 4 bytes
2021-12-27 17:05:16,461 - root - INFO -     1 ( 8): 88 58
2021-12-27 17:05:16,461 - root - INFO -     2 (10): 59 3B
2021-12-27 17:05:16,461 - root - INFO - 6 (32): 5 bytes
2021-12-27 17:05:16,461 - root - INFO -     1 ( 8): 222 DE
2021-12-27 17:05:16,461 - root - INFO -     2 (10): 14  E
2021-12-27 17:05:16,461 - root - INFO - 7 (3A): 5 bytes
2021-12-27 17:05:16,461 - root - INFO -     1 ( 8): 236 EC
2021-12-27 17:05:16,461 - root - INFO -     2 (10): 11  B
2021-12-27 17:05:16,462 - root - INFO - 9 (4A): 5 bytes
2021-12-27 17:05:16,462 - root - INFO -     1 ( 8): 247 F7
2021-12-27 17:05:16,462 - root - INFO -     2 (10): 12  C
2021-12-27 17:05:16,462 - root - INFO - 29 (EA): 5 bytes
2021-12-27 17:05:16,462 - root - INFO -     1 ( 8): 259 103
2021-12-27 17:05:16,462 - root - INFO -     2 (10): 119 77
2021-12-27 17:05:16,462 - root - INFO - Watch face parameters locations were read:
2021-12-27 17:05:16,463 - root - INFO - Reading descriptor for parameter 2
2021-12-27 17:05:16,463 - root - INFO - Descriptor offset: 0, Descriptor length: 32
2021-12-27 17:05:16,463 - root - INFO - Parsing descriptor for parameter 2...
2021-12-27 17:05:16,463 - root - INFO - 1 ( A): 6 bytes
2021-12-27 17:05:16,463 - root - INFO -     1 ( 8): 0  0
2021-12-27 17:05:16,463 - root - INFO -     2 (10): 0  0
2021-12-27 17:05:16,463 - root - INFO -     3 (18): 1  1
2021-12-27 17:05:16,464 - root - INFO - 3 (1A): 6 bytes
2021-12-27 17:05:16,464 - root - INFO -     1 ( 8): 0  0
2021-12-27 17:05:16,464 - root - INFO -     2 (10): 0  0
2021-12-27 17:05:16,464 - root - INFO -     3 (18): 0  0
2021-12-27 17:05:16,464 - root - INFO - 4 (22): 6 bytes
2021-12-27 17:05:16,464 - root - INFO -     1 ( 8): 0  0
2021-12-27 17:05:16,464 - root - INFO -     2 (10): 0  0
2021-12-27 17:05:16,464 - root - INFO -     3 (18): 0  0
2021-12-27 17:05:16,464 - root - INFO - 5 (2A): 6 bytes
2021-12-27 17:05:16,464 - root - INFO -     1 ( 8): 0  0
2021-12-27 17:05:16,464 - root - INFO -     2 (10): 0  0
2021-12-27 17:05:16,464 - root - INFO -     3 (18): 0  0
2021-12-27 17:05:16,465 - root - INFO - Reading descriptor for parameter 3
2021-12-27 17:05:16,465 - root - INFO - Descriptor offset: 32, Descriptor length: 56
2021-12-27 17:05:16,465 - root - INFO - Parsing descriptor for parameter 3...
2021-12-27 17:05:16,465 - root - INFO - 1 ( A): 54 bytes
2021-12-27 17:05:16,465 - root - INFO -     1 ( A): 22 bytes
2021-12-27 17:05:16,465 - root - INFO -         1 ( A): 9 bytes
2021-12-27 17:05:16,465 - root - INFO -             1 ( 8): 30 1E
2021-12-27 17:05:16,465 - root - INFO -             2 (10): 138 8A
2021-12-27 17:05:16,465 - root - INFO -             3 (18): 2  2
2021-12-27 17:05:16,466 - root - INFO -             4 (20): 10  A
2021-12-27 17:05:16,466 - root - INFO -         2 (12): 9 bytes
2021-12-27 17:05:16,466 - root - INFO -             1 ( 8): 88 58
2021-12-27 17:05:16,466 - root - INFO -             2 (10): 138 8A
2021-12-27 17:05:16,466 - root - INFO -             3 (18): 2  2
2021-12-27 17:05:16,466 - root - INFO -             4 (20): 10  A
2021-12-27 17:05:16,466 - root - INFO -     2 (12): 24 bytes
2021-12-27 17:05:16,466 - root - INFO -         1 ( A): 10 bytes
2021-12-27 17:05:16,466 - root - INFO -             1 ( 8): 173 AD
2021-12-27 17:05:16,466 - root - INFO -             2 (10): 138 8A
2021-12-27 17:05:16,466 - root - INFO -             3 (18): 2  2
2021-12-27 17:05:16,466 - root - INFO -             4 (20): 10  A
2021-12-27 17:05:16,467 - root - INFO -         2 (12): 10 bytes
2021-12-27 17:05:16,467 - root - INFO -             1 ( 8): 232 E8
2021-12-27 17:05:16,467 - root - INFO -             2 (10): 138 8A
2021-12-27 17:05:16,467 - root - INFO -             3 (18): 2  2
2021-12-27 17:05:16,467 - root - INFO -             4 (20): 10  A
2021-12-27 17:05:16,467 - root - INFO -     7 (38): 0  0
2021-12-27 17:05:16,467 - root - INFO -     8 (40): 1  1
2021-12-27 17:05:16,467 - root - INFO - Reading descriptor for parameter 4
2021-12-27 17:05:16,467 - root - INFO - Descriptor offset: 147, Descriptor length: 75
2021-12-27 17:05:16,467 - root - INFO - Parsing descriptor for parameter 4...
2021-12-27 17:05:16,468 - root - INFO - 3 (1A): 20 bytes
2021-12-27 17:05:16,468 - root - INFO -     1 ( A): 18 bytes
2021-12-27 17:05:16,468 - root - INFO -         1 ( 8): 21 15
2021-12-27 17:05:16,468 - root - INFO -         2 (10): 66 42
2021-12-27 17:05:16,468 - root - INFO -         3 (18): 73 49
2021-12-27 17:05:16,468 - root - INFO -         4 (20): 86 56
2021-12-27 17:05:16,468 - root - INFO -         5 (28): 24 18
2021-12-27 17:05:16,468 - root - INFO -         6 (30): 0  0
2021-12-27 17:05:16,468 - root - INFO -         7 (38): 0  0
2021-12-27 17:05:16,468 - root - INFO -         8 (40): 12  C
2021-12-27 17:05:16,468 - root - INFO -         9 (48): 10  A
2021-12-27 17:05:16,469 - root - INFO - 4 (22): 23 bytes
2021-12-27 17:05:16,469 - root - INFO -     1 ( A): 19 bytes
2021-12-27 17:05:16,469 - root - INFO -         1 ( 8): 0  0
2021-12-27 17:05:16,469 - root - INFO -         2 (10): 76 4C
2021-12-27 17:05:16,469 - root - INFO -         3 (18): 302 12E
2021-12-27 17:05:16,469 - root - INFO -         4 (20): 96 60
2021-12-27 17:05:16,469 - root - INFO -         5 (28): 24 18
2021-12-27 17:05:16,469 - root - INFO -         6 (30): 0  0
2021-12-27 17:05:16,469 - root - INFO -         7 (38): 0  0
2021-12-27 17:05:16,469 - root - INFO -         8 (40): 12  C
2021-12-27 17:05:16,469 - root - INFO -         9 (48): 10  A
2021-12-27 17:05:16,470 - root - INFO -     3 (18): 32 20
2021-12-27 17:05:16,470 - root - INFO - 5 (2A): 24 bytes
2021-12-27 17:05:16,470 - root - INFO -     1 ( A): 20 bytes
2021-12-27 17:05:16,470 - root - INFO -         1 ( 8): 240 F0
2021-12-27 17:05:16,470 - root - INFO -         2 (10): 66 42
2021-12-27 17:05:16,470 - root - INFO -         3 (18): 284 11C
2021-12-27 17:05:16,470 - root - INFO -         4 (20): 86 56
2021-12-27 17:05:16,470 - root - INFO -         5 (28): 18 12
2021-12-27 17:05:16,470 - root - INFO -         6 (30): 0  0
2021-12-27 17:05:16,470 - root - INFO -         7 (38): 0  0
2021-12-27 17:05:16,470 - root - INFO -         8 (40): 12  C
2021-12-27 17:05:16,470 - root - INFO -         9 (48): 10  A
2021-12-27 17:05:16,471 - root - INFO -     3 (18): 33 21
2021-12-27 17:05:16,471 - root - INFO - 7 (38): 0  0
2021-12-27 17:05:16,471 - root - INFO - Reading descriptor for parameter 5
2021-12-27 17:05:16,471 - root - INFO - Descriptor offset: 88, Descriptor length: 59
2021-12-27 17:05:16,471 - root - INFO - Parsing descriptor for parameter 5...
2021-12-27 17:05:16,471 - root - INFO - 1 ( A): 34 bytes
2021-12-27 17:05:16,472 - root - INFO -     2 (12): 26 bytes
2021-12-27 17:05:16,472 - root - INFO -         1 ( A): 22 bytes
2021-12-27 17:05:16,472 - root - INFO -             1 ( 8): 203 CB
2021-12-27 17:05:16,472 - root - INFO -             2 (10): 270 10E
2021-12-27 17:05:16,472 - root - INFO -             3 (18): 268 10C
2021-12-27 17:05:16,472 - root - INFO -             4 (20): 290 122
2021-12-27 17:05:16,472 - root - INFO -             5 (28): 18 12
2021-12-27 17:05:16,472 - root - INFO -             6 (30): 0  0
2021-12-27 17:05:16,472 - root - INFO -             7 (38): 0  0
2021-12-27 17:05:16,472 - root - INFO -             8 (40): 12  C
2021-12-27 17:05:16,472 - root - INFO -             9 (48): 10  A
2021-12-27 17:05:16,473 - root - INFO -         2 (10): 22 16
2021-12-27 17:05:16,473 - root - INFO -     4 (20): 1  1
2021-12-27 17:05:16,473 - root - INFO -     5 (28): 1  1
2021-12-27 17:05:16,473 - root - INFO -     6 (30): 0  0
2021-12-27 17:05:16,473 - root - INFO - 2 (12): 10 bytes
2021-12-27 17:05:16,473 - root - INFO -     1 ( 8): 139 8B
2021-12-27 17:05:16,473 - root - INFO -     2 (10): 231 E7
2021-12-27 17:05:16,473 - root - INFO -     5 (28): 30 1E
2021-12-27 17:05:16,473 - root - INFO -     6 (30): 31 1F
2021-12-27 17:05:16,473 - root - INFO - 4 (22): 9 bytes
2021-12-27 17:05:16,473 - root - INFO -     1 ( 8): 45 2D
2021-12-27 17:05:16,473 - root - INFO -     2 (10): 270 10E
2021-12-27 17:05:16,474 - root - INFO -     3 (18): 23 17
2021-12-27 17:05:16,474 - root - INFO -     4 (20): 7  7
2021-12-27 17:05:16,474 - root - INFO - Reading descriptor for parameter 6
2021-12-27 17:05:16,474 - root - INFO - Descriptor offset: 222, Descriptor length: 14
2021-12-27 17:05:16,474 - root - INFO - Parsing descriptor for parameter 6...
2021-12-27 17:05:16,474 - root - INFO - 1 ( A): 12 bytes
2021-12-27 17:05:16,474 - root - INFO -     2 (12): 10 bytes
2021-12-27 17:05:16,474 - root - INFO -         1 ( 8): 143 8F
2021-12-27 17:05:16,474 - root - INFO -         2 (10): 305 131
2021-12-27 17:05:16,475 - root - INFO -         3 (18): 34 22
2021-12-27 17:05:16,475 - root - INFO -         4 (20): 26 1A
2021-12-27 17:05:16,475 - root - INFO - Reading descriptor for parameter 7
2021-12-27 17:05:16,475 - root - INFO - Descriptor offset: 236, Descriptor length: 11
2021-12-27 17:05:16,475 - root - INFO - Parsing descriptor for parameter 7...
2021-12-27 17:05:16,475 - root - INFO - 2 (12): 9 bytes
2021-12-27 17:05:16,475 - root - INFO -     1 ( 8): 9  9
2021-12-27 17:05:16,475 - root - INFO -     2 (10): 299 12B
2021-12-27 17:05:16,475 - root - INFO -     3 (18): 60 3C
2021-12-27 17:05:16,476 - root - INFO -     4 (20): 5  5
2021-12-27 17:05:16,476 - root - INFO - Reading descriptor for parameter 9
2021-12-27 17:05:16,476 - root - INFO - Descriptor offset: 247, Descriptor length: 12
2021-12-27 17:05:16,476 - root - INFO - Parsing descriptor for parameter 9...
2021-12-27 17:05:16,476 - root - INFO - 2 (12): 10 bytes
2021-12-27 17:05:16,476 - root - INFO -     1 ( 8): 175 AF
2021-12-27 17:05:16,476 - root - INFO -     2 (10): 299 12B
2021-12-27 17:05:16,476 - root - INFO -     3 (18): 65 41
2021-12-27 17:05:16,476 - root - INFO -     4 (20): 5  5
2021-12-27 17:05:16,477 - root - INFO - Reading descriptor for parameter 29
2021-12-27 17:05:16,477 - root - INFO - Descriptor offset: 259, Descriptor length: 119
2021-12-27 17:05:16,477 - root - INFO - Parsing descriptor for parameter 29...
2021-12-27 17:05:16,477 - root - INFO - 1 ( A): 76 bytes
2021-12-27 17:05:16,477 - root - INFO -     1 ( A): 62 bytes
2021-12-27 17:05:16,477 - root - INFO -         1 ( A): 22 bytes
2021-12-27 17:05:16,477 - root - INFO -             1 ( A): 9 bytes
2021-12-27 17:05:16,477 - root - INFO -                 1 ( 8): 30 1E
2021-12-27 17:05:16,477 - root - INFO -                 2 (10): 138 8A
2021-12-27 17:05:16,477 - root - INFO -                 3 (18): 2  2
2021-12-27 17:05:16,478 - root - INFO -                 4 (20): 10  A
2021-12-27 17:05:16,478 - root - INFO -             2 (12): 9 bytes
2021-12-27 17:05:16,478 - root - INFO -                 1 ( 8): 88 58
2021-12-27 17:05:16,478 - root - INFO -                 2 (10): 138 8A
2021-12-27 17:05:16,478 - root - INFO -                 3 (18): 2  2
2021-12-27 17:05:16,478 - root - INFO -                 4 (20): 10  A
2021-12-27 17:05:16,478 - root - INFO -         2 (12): 24 bytes
2021-12-27 17:05:16,478 - root - INFO -             1 ( A): 10 bytes
2021-12-27 17:05:16,478 - root - INFO -                 1 ( 8): 173 AD
2021-12-27 17:05:16,478 - root - INFO -                 2 (10): 138 8A
2021-12-27 17:05:16,478 - root - INFO -                 3 (18): 2  2
2021-12-27 17:05:16,479 - root - INFO -                 4 (20): 10  A
2021-12-27 17:05:16,479 - root - INFO -             2 (12): 10 bytes
2021-12-27 17:05:16,479 - root - INFO -                 1 ( 8): 232 E8
2021-12-27 17:05:16,479 - root - INFO -                 2 (10): 138 8A
2021-12-27 17:05:16,479 - root - INFO -                 3 (18): 2  2
2021-12-27 17:05:16,479 - root - INFO -                 4 (20): 10  A
2021-12-27 17:05:16,479 - root - INFO -         3 (1A): 8 bytes
2021-12-27 17:05:16,479 - root - INFO -             1 ( 8): 145 91
2021-12-27 17:05:16,479 - root - INFO -             2 (10): 138 8A
2021-12-27 17:05:16,479 - root - INFO -             3 (18): 70 46
2021-12-27 17:05:16,479 - root - INFO -         4 (20): 1  1
2021-12-27 17:05:16,480 - root - INFO -     4 (22): 10 bytes
2021-12-27 17:05:16,480 - root - INFO -         1 ( 8): 139 8B
2021-12-27 17:05:16,480 - root - INFO -         2 (10): 231 E7
2021-12-27 17:05:16,480 - root - INFO -         5 (28): 30 1E
2021-12-27 17:05:16,480 - root - INFO -         6 (30): 31 1F
2021-12-27 17:05:16,480 - root - INFO - 2 (12): 26 bytes
2021-12-27 17:05:16,480 - root - INFO -     1 ( A): 22 bytes
2021-12-27 17:05:16,480 - root - INFO -         1 ( 8): 203 CB
2021-12-27 17:05:16,480 - root - INFO -         2 (10): 270 10E
2021-12-27 17:05:16,480 - root - INFO -         3 (18): 268 10C
2021-12-27 17:05:16,480 - root - INFO -         4 (20): 290 122
2021-12-27 17:05:16,480 - root - INFO -         5 (28): 18 12
2021-12-27 17:05:16,481 - root - INFO -         6 (30): 0  0
2021-12-27 17:05:16,481 - root - INFO -         7 (38): 0  0
2021-12-27 17:05:16,481 - root - INFO -         8 (40): 12  C
2021-12-27 17:05:16,481 - root - INFO -         9 (48): 10  A
2021-12-27 17:05:16,481 - root - INFO -     2 (10): 22 16
2021-12-27 17:05:16,481 - root - INFO - 3 (1A): 11 bytes
2021-12-27 17:05:16,481 - root - INFO -     1 ( A): 9 bytes
2021-12-27 17:05:16,481 - root - INFO -         1 ( 8): 45 2D
2021-12-27 17:05:16,481 - root - INFO -         2 (10): 270 10E
2021-12-27 17:05:16,481 - root - INFO -         3 (18): 23 17
2021-12-27 17:05:16,481 - root - INFO -         4 (20): 7  7
2021-12-27 17:05:16,484 - root - INFO - Reading resources offsets table with 71 elements (284 bytes)
2021-12-27 17:05:16,484 - root - INFO - Resource 0 offset: 810, length: 101656...
2021-12-27 17:05:16,485 - root - DEBUG - Reading resource 0...
2021-12-27 17:05:16,525 - root - INFO - The image is bmc.
2021-12-27 17:05:16,525 - root - INFO - Reading image header(readHeader16C)...
2021-12-27 17:05:16,525 - root - INFO - Image header was read:
2021-12-27 17:05:16,525 - root - INFO - Width: 210, Height: 242, RowLength: 420
2021-12-27 17:05:16,525 - root - INFO - _step: 2, unknown2: 0,
2021-12-27 17:05:16,525 - root - INFO - BPP: 16, Transparency: False
2021-12-27 17:05:16,713 - root - INFO - Resource 1 offset: 102466, length: 218080...
2021-12-27 17:05:16,713 - root - DEBUG - Reading resource 1...
2021-12-27 17:05:16,713 - root - INFO - The image is bmc.
2021-12-27 17:05:16,713 - root - INFO - Reading image header(readHeader16C)...
2021-12-27 17:05:16,714 - root - INFO - Image header was read:
2021-12-27 17:05:16,714 - root - INFO - Width: 308, Height: 354, RowLength: 616
2021-12-27 17:05:16,714 - root - INFO - _step: 2, unknown2: 0,
2021-12-27 17:05:16,714 - root - INFO - BPP: 16, Transparency: False
2021-12-27 17:05:17,121 - root - INFO - Resource 2 offset: 320546, length: 4862...
2021-12-27 17:05:17,121 - root - DEBUG - Reading resource 2...
2021-12-27 17:05:17,122 - root - INFO - The image is bme.
2021-12-27 17:05:17,122 - root - INFO - Reading image header(readHeader16E)...
2021-12-27 17:05:17,122 - root - INFO - Image header was read:
2021-12-27 17:05:17,122 - root - INFO - Width: 47, Height: 78, RowLength: 94
2021-12-27 17:05:17,122 - root - INFO - datalength: 4846, _step: 2
2021-12-27 17:05:17,122 - root - INFO - BPP: 16, Transparency: False
2021-12-27 17:05:17,131 - root - INFO - Resource 3 offset: 325408, length: 2296...
2021-12-27 17:05:17,131 - root - DEBUG - Reading resource 3...
2021-12-27 17:05:17,131 - root - INFO - The image is bme.
2021-12-27 17:05:17,131 - root - INFO - Reading image header(readHeader16E)...
2021-12-27 17:05:17,131 - root - INFO - Image header was read:
2021-12-27 17:05:17,131 - root - INFO - Width: 47, Height: 78, RowLength: 94
2021-12-27 17:05:17,131 - root - INFO - datalength: 2280, _step: 2
2021-12-27 17:05:17,131 - root - INFO - BPP: 16, Transparency: False
2021-12-27 17:05:17,136 - root - INFO - Resource 4 offset: 327704, length: 3996...
2021-12-27 17:05:17,136 - root - DEBUG - Reading resource 4...
2021-12-27 17:05:17,136 - root - INFO - The image is bme.
2021-12-27 17:05:17,136 - root - INFO - Reading image header(readHeader16E)...
2021-12-27 17:05:17,136 - root - INFO - Image header was read:
2021-12-27 17:05:17,136 - root - INFO - Width: 47, Height: 78, RowLength: 94
2021-12-27 17:05:17,136 - root - INFO - datalength: 3980, _step: 2
2021-12-27 17:05:17,136 - root - INFO - BPP: 16, Transparency: False
2021-12-27 17:05:17,144 - root - INFO - Resource 5 offset: 331700, length: 4058...
2021-12-27 17:05:17,144 - root - DEBUG - Reading resource 5...
2021-12-27 17:05:17,144 - root - INFO - The image is bme.
2021-12-27 17:05:17,144 - root - INFO - Reading image header(readHeader16E)...
2021-12-27 17:05:17,144 - root - INFO - Image header was read:
2021-12-27 17:05:17,144 - root - INFO - Width: 47, Height: 78, RowLength: 94
2021-12-27 17:05:17,144 - root - INFO - datalength: 4042, _step: 2
2021-12-27 17:05:17,144 - root - INFO - BPP: 16, Transparency: False
2021-12-27 17:05:17,152 - root - INFO - Resource 6 offset: 335758, length: 4066...
2021-12-27 17:05:17,152 - root - DEBUG - Reading resource 6...
2021-12-27 17:05:17,152 - root - INFO - The image is bme.
2021-12-27 17:05:17,152 - root - INFO - Reading image header(readHeader16E)...
2021-12-27 17:05:17,152 - root - INFO - Image header was read:
2021-12-27 17:05:17,152 - root - INFO - Width: 47, Height: 78, RowLength: 94
2021-12-27 17:05:17,152 - root - INFO - datalength: 4050, _step: 2
2021-12-27 17:05:17,152 - root - INFO - BPP: 16, Transparency: False
2021-12-27 17:05:17,160 - root - INFO - Resource 7 offset: 339824, length: 3908...
2021-12-27 17:05:17,160 - root - DEBUG - Reading resource 7...
2021-12-27 17:05:17,160 - root - INFO - The image is bme.
2021-12-27 17:05:17,160 - root - INFO - Reading image header(readHeader16E)...
2021-12-27 17:05:17,160 - root - INFO - Image header was read:
2021-12-27 17:05:17,160 - root - INFO - Width: 47, Height: 78, RowLength: 94
2021-12-27 17:05:17,160 - root - INFO - datalength: 3892, _step: 2
2021-12-27 17:05:17,160 - root - INFO - BPP: 16, Transparency: False
2021-12-27 17:05:17,190 - root - INFO - Resource 8 offset: 343732, length: 4762...
2021-12-27 17:05:17,190 - root - DEBUG - Reading resource 8...
2021-12-27 17:05:17,190 - root - INFO - The image is bme.
2021-12-27 17:05:17,190 - root - INFO - Reading image header(readHeader16E)...
2021-12-27 17:05:17,190 - root - INFO - Image header was read:
2021-12-27 17:05:17,190 - root - INFO - Width: 47, Height: 78, RowLength: 94
2021-12-27 17:05:17,190 - root - INFO - datalength: 4746, _step: 2
2021-12-27 17:05:17,190 - root - INFO - BPP: 16, Transparency: False
2021-12-27 17:05:17,200 - root - INFO - Resource 9 offset: 348494, length: 3042...
2021-12-27 17:05:17,200 - root - DEBUG - Reading resource 9...
2021-12-27 17:05:17,201 - root - INFO - The image is bme.
2021-12-27 17:05:17,201 - root - INFO - Reading image header(readHeader16E)...
2021-12-27 17:05:17,201 - root - INFO - Image header was read:
2021-12-27 17:05:17,201 - root - INFO - Width: 47, Height: 78, RowLength: 94
2021-12-27 17:05:17,201 - root - INFO - datalength: 3026, _step: 2
2021-12-27 17:05:17,201 - root - INFO - BPP: 16, Transparency: False
2021-12-27 17:05:17,215 - root - INFO - Resource 10 offset: 351536, length: 5282...
2021-12-27 17:05:17,215 - root - DEBUG - Reading resource 10...
2021-12-27 17:05:17,215 - root - INFO - The image is bme.
2021-12-27 17:05:17,215 - root - INFO - Reading image header(readHeader16E)...
2021-12-27 17:05:17,215 - root - INFO - Image header was read:
2021-12-27 17:05:17,215 - root - INFO - Width: 47, Height: 78, RowLength: 94
2021-12-27 17:05:17,215 - root - INFO - datalength: 5266, _step: 2
2021-12-27 17:05:17,215 - root - INFO - BPP: 16, Transparency: False
2021-12-27 17:05:17,237 - root - INFO - Resource 11 offset: 356818, length: 4796...
2021-12-27 17:05:17,237 - root - DEBUG - Reading resource 11...
2021-12-27 17:05:17,237 - root - INFO - The image is bme.
2021-12-27 17:05:17,238 - root - INFO - Reading image header(readHeader16E)...
2021-12-27 17:05:17,238 - root - INFO - Image header was read:
2021-12-27 17:05:17,238 - root - INFO - Width: 47, Height: 78, RowLength: 94
2021-12-27 17:05:17,238 - root - INFO - datalength: 4780, _step: 2
2021-12-27 17:05:17,238 - root - INFO - BPP: 16, Transparency: False
2021-12-27 17:05:17,290 - root - INFO - Resource 12 offset: 361614, length: 468...
2021-12-27 17:05:17,290 - root - DEBUG - Reading resource 12...
2021-12-27 17:05:17,290 - root - INFO - The image is bme.
2021-12-27 17:05:17,290 - root - INFO - Reading image header(readHeader16E)...
2021-12-27 17:05:17,291 - root - INFO - Image header was read:
2021-12-27 17:05:17,291 - root - INFO - Width: 13, Height: 20, RowLength: 26
2021-12-27 17:05:17,291 - root - INFO - datalength: 452, _step: 2
2021-12-27 17:05:17,294 - root - INFO - BPP: 16, Transparency: False
2021-12-27 17:05:17,299 - root - INFO - Resource 13 offset: 362082, length: 244...
2021-12-27 17:05:17,299 - root - DEBUG - Reading resource 13...
2021-12-27 17:05:17,299 - root - INFO - The image is bme.
2021-12-27 17:05:17,299 - root - INFO - Reading image header(readHeader16E)...
2021-12-27 17:05:17,299 - root - INFO - Image header was read:
2021-12-27 17:05:17,299 - root - INFO - Width: 13, Height: 20, RowLength: 26
2021-12-27 17:05:17,300 - root - INFO - datalength: 228, _step: 2
2021-12-27 17:05:17,300 - root - INFO - BPP: 16, Transparency: False
2021-12-27 17:05:17,301 - root - INFO - Resource 14 offset: 362326, length: 370...
2021-12-27 17:05:17,301 - root - DEBUG - Reading resource 14...
2021-12-27 17:05:17,301 - root - INFO - The image is bme.
2021-12-27 17:05:17,301 - root - INFO - Reading image header(readHeader16E)...
2021-12-27 17:05:17,302 - root - INFO - Image header was read:
2021-12-27 17:05:17,302 - root - INFO - Width: 13, Height: 20, RowLength: 26
2021-12-27 17:05:17,302 - root - INFO - datalength: 354, _step: 2
2021-12-27 17:05:17,302 - root - INFO - BPP: 16, Transparency: False
2021-12-27 17:05:17,313 - root - INFO - Resource 15 offset: 362696, length: 384...
2021-12-27 17:05:17,313 - root - DEBUG - Reading resource 15...
2021-12-27 17:05:17,313 - root - INFO - The image is bme.
2021-12-27 17:05:17,313 - root - INFO - Reading image header(readHeader16E)...
2021-12-27 17:05:17,313 - root - INFO - Image header was read:
2021-12-27 17:05:17,313 - root - INFO - Width: 13, Height: 20, RowLength: 26
2021-12-27 17:05:17,314 - root - INFO - datalength: 368, _step: 2
2021-12-27 17:05:17,314 - root - INFO - BPP: 16, Transparency: False
2021-12-27 17:05:17,316 - root - INFO - Resource 16 offset: 363080, length: 408...
2021-12-27 17:05:17,316 - root - DEBUG - Reading resource 16...
2021-12-27 17:05:17,316 - root - INFO - The image is bme.
2021-12-27 17:05:17,317 - root - INFO - Reading image header(readHeader16E)...
2021-12-27 17:05:17,317 - root - INFO - Image header was read:
2021-12-27 17:05:17,317 - root - INFO - Width: 13, Height: 20, RowLength: 26
2021-12-27 17:05:17,323 - root - INFO - datalength: 392, _step: 2
2021-12-27 17:05:17,324 - root - INFO - BPP: 16, Transparency: False
2021-12-27 17:05:17,326 - root - INFO - Resource 17 offset: 363488, length: 370...
2021-12-27 17:05:17,326 - root - DEBUG - Reading resource 17...
2021-12-27 17:05:17,326 - root - INFO - The image is bme.
2021-12-27 17:05:17,327 - root - INFO - Reading image header(readHeader16E)...
2021-12-27 17:05:17,327 - root - INFO - Image header was read:
2021-12-27 17:05:17,327 - root - INFO - Width: 13, Height: 20, RowLength: 26
2021-12-27 17:05:17,328 - root - INFO - datalength: 354, _step: 2
2021-12-27 17:05:17,329 - root - INFO - BPP: 16, Transparency: False
2021-12-27 17:05:17,337 - root - INFO - Resource 18 offset: 363858, length: 444...
2021-12-27 17:05:17,338 - root - DEBUG - Reading resource 18...
2021-12-27 17:05:17,338 - root - INFO - The image is bme.
2021-12-27 17:05:17,338 - root - INFO - Reading image header(readHeader16E)...
2021-12-27 17:05:17,338 - root - INFO - Image header was read:
2021-12-27 17:05:17,338 - root - INFO - Width: 13, Height: 20, RowLength: 26
2021-12-27 17:05:17,339 - root - INFO - datalength: 428, _step: 2
2021-12-27 17:05:17,340 - root - INFO - BPP: 16, Transparency: False
2021-12-27 17:05:17,342 - root - INFO - Resource 19 offset: 364302, length: 308...
2021-12-27 17:05:17,342 - root - DEBUG - Reading resource 19...
2021-12-27 17:05:17,343 - root - INFO - The image is bme.
2021-12-27 17:05:17,343 - root - INFO - Reading image header(readHeader16E)...
2021-12-27 17:05:17,343 - root - INFO - Image header was read:
2021-12-27 17:05:17,343 - root - INFO - Width: 13, Height: 20, RowLength: 26
2021-12-27 17:05:17,343 - root - INFO - datalength: 292, _step: 2
2021-12-27 17:05:17,352 - root - INFO - BPP: 16, Transparency: False
2021-12-27 17:05:17,353 - root - INFO - Resource 20 offset: 364610, length: 482...
2021-12-27 17:05:17,354 - root - DEBUG - Reading resource 20...
2021-12-27 17:05:17,354 - root - INFO - The image is bme.
2021-12-27 17:05:17,354 - root - INFO - Reading image header(readHeader16E)...
2021-12-27 17:05:17,355 - root - INFO - Image header was read:
2021-12-27 17:05:17,355 - root - INFO - Width: 13, Height: 20, RowLength: 26
2021-12-27 17:05:17,355 - root - INFO - datalength: 466, _step: 2
2021-12-27 17:05:17,355 - root - INFO - BPP: 16, Transparency: False
2021-12-27 17:05:17,357 - root - INFO - Resource 21 offset: 365092, length: 442...
2021-12-27 17:05:17,357 - root - DEBUG - Reading resource 21...
2021-12-27 17:05:17,358 - root - INFO - The image is bme.
2021-12-27 17:05:17,358 - root - INFO - Reading image header(readHeader16E)...
2021-12-27 17:05:17,358 - root - INFO - Image header was read:
2021-12-27 17:05:17,358 - root - INFO - Width: 13, Height: 20, RowLength: 26
2021-12-27 17:05:17,359 - root - INFO - datalength: 426, _step: 2
2021-12-27 17:05:17,359 - root - INFO - BPP: 16, Transparency: False
2021-12-27 17:05:17,361 - root - INFO - Resource 22 offset: 365534, length: 268...
2021-12-27 17:05:17,366 - root - DEBUG - Reading resource 22...
2021-12-27 17:05:17,367 - root - INFO - The image is bme.
2021-12-27 17:05:17,367 - root - INFO - Reading image header(readHeader16E)...
2021-12-27 17:05:17,367 - root - INFO - Image header was read:
2021-12-27 17:05:17,367 - root - INFO - Width: 13, Height: 20, RowLength: 26
2021-12-27 17:05:17,367 - root - INFO - datalength: 252, _step: 2
2021-12-27 17:05:17,367 - root - INFO - BPP: 16, Transparency: False
2021-12-27 17:05:17,368 - root - INFO - Resource 23 offset: 365802, length: 1798...
2021-12-27 17:05:17,369 - root - DEBUG - Reading resource 23...
2021-12-27 17:05:17,369 - root - INFO - The image is bme.
2021-12-27 17:05:17,369 - root - INFO - Reading image header(readHeader16E)...
2021-12-27 17:05:17,369 - root - INFO - Image header was read:
2021-12-27 17:05:17,369 - root - INFO - Width: 54, Height: 20, RowLength: 108
2021-12-27 17:05:17,369 - root - INFO - datalength: 1782, _step: 2
2021-12-27 17:05:17,369 - root - INFO - BPP: 16, Transparency: False
2021-12-27 17:05:17,376 - root - INFO - Resource 24 offset: 367600, length: 1182...
2021-12-27 17:05:17,376 - root - DEBUG - Reading resource 24...
2021-12-27 17:05:17,376 - root - INFO - The image is bme.
2021-12-27 17:05:17,376 - root - INFO - Reading image header(readHeader16E)...
2021-12-27 17:05:17,376 - root - INFO - Image header was read:
2021-12-27 17:05:17,376 - root - INFO - Width: 54, Height: 20, RowLength: 108
2021-12-27 17:05:17,376 - root - INFO - datalength: 1166, _step: 2
2021-12-27 17:05:17,376 - root - INFO - BPP: 16, Transparency: False
2021-12-27 17:05:17,380 - root - INFO - Resource 25 offset: 368782, length: 1586...
2021-12-27 17:05:17,380 - root - DEBUG - Reading resource 25...
2021-12-27 17:05:17,380 - root - INFO - The image is bme.
2021-12-27 17:05:17,380 - root - INFO - Reading image header(readHeader16E)...
2021-12-27 17:05:17,380 - root - INFO - Image header was read:
2021-12-27 17:05:17,380 - root - INFO - Width: 54, Height: 20, RowLength: 108
2021-12-27 17:05:17,380 - root - INFO - datalength: 1570, _step: 2
2021-12-27 17:05:17,380 - root - INFO - BPP: 16, Transparency: False
2021-12-27 17:05:17,387 - root - INFO - Resource 26 offset: 370368, length: 1238...
2021-12-27 17:05:17,387 - root - DEBUG - Reading resource 26...
2021-12-27 17:05:17,387 - root - INFO - The image is bme.
2021-12-27 17:05:17,388 - root - INFO - Reading image header(readHeader16E)...
2021-12-27 17:05:17,388 - root - INFO - Image header was read:
2021-12-27 17:05:17,388 - root - INFO - Width: 54, Height: 20, RowLength: 108
2021-12-27 17:05:17,388 - root - INFO - datalength: 1222, _step: 2
2021-12-27 17:05:17,388 - root - INFO - BPP: 16, Transparency: False
2021-12-27 17:05:17,391 - root - INFO - Resource 27 offset: 371606, length: 1054...
2021-12-27 17:05:17,391 - root - DEBUG - Reading resource 27...
2021-12-27 17:05:17,391 - root - INFO - The image is bme.
2021-12-27 17:05:17,392 - root - INFO - Reading image header(readHeader16E)...
2021-12-27 17:05:17,392 - root - INFO - Image header was read:
2021-12-27 17:05:17,392 - root - INFO - Width: 54, Height: 20, RowLength: 108
2021-12-27 17:05:17,392 - root - INFO - datalength: 1038, _step: 2
2021-12-27 17:05:17,392 - root - INFO - BPP: 16, Transparency: False
2021-12-27 17:05:17,395 - root - INFO - Resource 28 offset: 372660, length: 1238...
2021-12-27 17:05:17,395 - root - DEBUG - Reading resource 28...
2021-12-27 17:05:17,395 - root - INFO - The image is bme.
2021-12-27 17:05:17,395 - root - INFO - Reading image header(readHeader16E)...
2021-12-27 17:05:17,395 - root - INFO - Image header was read:
2021-12-27 17:05:17,395 - root - INFO - Width: 54, Height: 20, RowLength: 108
2021-12-27 17:05:17,395 - root - INFO - datalength: 1222, _step: 2
2021-12-27 17:05:17,396 - root - INFO - BPP: 16, Transparency: False
2021-12-27 17:05:17,399 - root - INFO - Resource 29 offset: 373898, length: 1410...
2021-12-27 17:05:17,399 - root - DEBUG - Reading resource 29...
2021-12-27 17:05:17,399 - root - INFO - The image is bme.
2021-12-27 17:05:17,399 - root - INFO - Reading image header(readHeader16E)...
2021-12-27 17:05:17,399 - root - INFO - Image header was read:
2021-12-27 17:05:17,399 - root - INFO - Width: 54, Height: 20, RowLength: 108
2021-12-27 17:05:17,399 - root - INFO - datalength: 1394, _step: 2
2021-12-27 17:05:17,399 - root - INFO - BPP: 16, Transparency: False
2021-12-27 17:05:17,403 - root - INFO - Resource 30 offset: 375308, length: 804...
2021-12-27 17:05:17,403 - root - DEBUG - Reading resource 30...
2021-12-27 17:05:17,403 - root - INFO - The image is bme.
2021-12-27 17:05:17,403 - root - INFO - Reading image header(readHeader16E)...
2021-12-27 17:05:17,404 - root - INFO - Image header was read:
2021-12-27 17:05:17,404 - root - INFO - Width: 30, Height: 16, RowLength: 60
2021-12-27 17:05:17,404 - root - INFO - datalength: 788, _step: 2
2021-12-27 17:05:17,404 - root - INFO - BPP: 16, Transparency: False
2021-12-27 17:05:17,406 - root - INFO - Resource 31 offset: 376112, length: 756...
2021-12-27 17:05:17,406 - root - DEBUG - Reading resource 31...
2021-12-27 17:05:17,406 - root - INFO - The image is bme.
2021-12-27 17:05:17,406 - root - INFO - Reading image header(readHeader16E)...
2021-12-27 17:05:17,406 - root - INFO - Image header was read:
2021-12-27 17:05:17,407 - root - INFO - Width: 30, Height: 16, RowLength: 60
2021-12-27 17:05:17,407 - root - INFO - datalength: 740, _step: 2
2021-12-27 17:05:17,407 - root - INFO - BPP: 16, Transparency: False
2021-12-27 17:05:17,409 - root - INFO - Resource 32 offset: 376868, length: 96...
2021-12-27 17:05:17,409 - root - DEBUG - Reading resource 32...
2021-12-27 17:05:17,409 - root - INFO - The image is bme.
2021-12-27 17:05:17,409 - root - INFO - Reading image header(readHeader16E)...
2021-12-27 17:05:17,409 - root - INFO - Image header was read:
2021-12-27 17:05:17,409 - root - INFO - Width: 18, Height: 20, RowLength: 36
2021-12-27 17:05:17,409 - root - INFO - datalength: 80, _step: 2
2021-12-27 17:05:17,410 - root - INFO - BPP: 16, Transparency: False
2021-12-27 17:05:17,410 - root - INFO - Resource 33 offset: 376964, length: 52...
2021-12-27 17:05:17,410 - root - DEBUG - Reading resource 33...
2021-12-27 17:05:17,410 - root - INFO - The image is bme.
2021-12-27 17:05:17,410 - root - INFO - Reading image header(readHeader16E)...
2021-12-27 17:05:17,410 - root - INFO - Image header was read:
2021-12-27 17:05:17,410 - root - INFO - Width: 5, Height: 20, RowLength: 10
2021-12-27 17:05:17,411 - root - INFO - datalength: 36, _step: 2
2021-12-27 17:05:17,411 - root - INFO - BPP: 16, Transparency: False
2021-12-27 17:05:17,411 - root - INFO - Resource 34 offset: 377016, length: 616...
2021-12-27 17:05:17,411 - root - DEBUG - Reading resource 34...
2021-12-27 17:05:17,411 - root - INFO - The image is bme.
2021-12-27 17:05:17,412 - root - INFO - Reading image header(readHeader16E)...
2021-12-27 17:05:17,412 - root - INFO - Image header was read:
2021-12-27 17:05:17,412 - root - INFO - Width: 22, Height: 22, RowLength: 44
2021-12-27 17:05:17,412 - root - INFO - datalength: 600, _step: 2
2021-12-27 17:05:17,412 - root - INFO - BPP: 16, Transparency: False
2021-12-27 17:05:17,414 - root - INFO - Resource 35 offset: 377632, length: 640...
2021-12-27 17:05:17,414 - root - DEBUG - Reading resource 35...
2021-12-27 17:05:17,414 - root - INFO - The image is bme.
2021-12-27 17:05:17,414 - root - INFO - Reading image header(readHeader16E)...
2021-12-27 17:05:17,414 - root - INFO - Image header was read:
2021-12-27 17:05:17,414 - root - INFO - Width: 22, Height: 22, RowLength: 44
2021-12-27 17:05:17,414 - root - INFO - datalength: 624, _step: 2
2021-12-27 17:05:17,414 - root - INFO - BPP: 16, Transparency: False
2021-12-27 17:05:17,422 - root - INFO - Resource 36 offset: 378272, length: 636...
2021-12-27 17:05:17,424 - root - DEBUG - Reading resource 36...
2021-12-27 17:05:17,424 - root - INFO - The image is bme.
2021-12-27 17:05:17,426 - root - INFO - Reading image header(readHeader16E)...
2021-12-27 17:05:17,427 - root - INFO - Image header was read:
2021-12-27 17:05:17,428 - root - INFO - Width: 22, Height: 22, RowLength: 44
2021-12-27 17:05:17,429 - root - INFO - datalength: 620, _step: 2
2021-12-27 17:05:17,429 - root - INFO - BPP: 16, Transparency: False
2021-12-27 17:05:17,453 - root - INFO - Resource 37 offset: 378908, length: 622...
2021-12-27 17:05:17,453 - root - DEBUG - Reading resource 37...
2021-12-27 17:05:17,453 - root - INFO - The image is bme.
2021-12-27 17:05:17,453 - root - INFO - Reading image header(readHeader16E)...
2021-12-27 17:05:17,454 - root - INFO - Image header was read:
2021-12-27 17:05:17,454 - root - INFO - Width: 22, Height: 22, RowLength: 44
2021-12-27 17:05:17,454 - root - INFO - datalength: 606, _step: 2
2021-12-27 17:05:17,454 - root - INFO - BPP: 16, Transparency: False
2021-12-27 17:05:17,466 - root - INFO - Resource 38 offset: 379530, length: 558...
2021-12-27 17:05:17,466 - root - DEBUG - Reading resource 38...
2021-12-27 17:05:17,466 - root - INFO - The image is bme.
2021-12-27 17:05:17,466 - root - INFO - Reading image header(readHeader16E)...
2021-12-27 17:05:17,466 - root - INFO - Image header was read:
2021-12-27 17:05:17,466 - root - INFO - Width: 22, Height: 22, RowLength: 44
2021-12-27 17:05:17,466 - root - INFO - datalength: 542, _step: 2
2021-12-27 17:05:17,466 - root - INFO - BPP: 16, Transparency: False
2021-12-27 17:05:17,467 - root - INFO - Resource 39 offset: 380088, length: 454...
2021-12-27 17:05:17,467 - root - DEBUG - Reading resource 39...
2021-12-27 17:05:17,467 - root - INFO - The image is bme.
2021-12-27 17:05:17,467 - root - INFO - Reading image header(readHeader16E)...
2021-12-27 17:05:17,468 - root - INFO - Image header was read:
2021-12-27 17:05:17,468 - root - INFO - Width: 22, Height: 22, RowLength: 44
2021-12-27 17:05:17,468 - root - INFO - datalength: 438, _step: 2
2021-12-27 17:05:17,468 - root - INFO - BPP: 16, Transparency: False
2021-12-27 17:05:17,469 - root - INFO - Resource 40 offset: 380542, length: 514...
2021-12-27 17:05:17,469 - root - DEBUG - Reading resource 40...
2021-12-27 17:05:17,469 - root - INFO - The image is bme.
2021-12-27 17:05:17,469 - root - INFO - Reading image header(readHeader16E)...
2021-12-27 17:05:17,469 - root - INFO - Image header was read:
2021-12-27 17:05:17,469 - root - INFO - Width: 22, Height: 22, RowLength: 44
2021-12-27 17:05:17,469 - root - INFO - datalength: 498, _step: 2
2021-12-27 17:05:17,469 - root - INFO - BPP: 16, Transparency: False
2021-12-27 17:05:17,470 - root - INFO - Resource 41 offset: 381056, length: 492...
2021-12-27 17:05:17,470 - root - DEBUG - Reading resource 41...
2021-12-27 17:05:17,470 - root - INFO - The image is bme.
2021-12-27 17:05:17,470 - root - INFO - Reading image header(readHeader16E)...
2021-12-27 17:05:17,470 - root - INFO - Image header was read:
2021-12-27 17:05:17,470 - root - INFO - Width: 22, Height: 22, RowLength: 44
2021-12-27 17:05:17,470 - root - INFO - datalength: 476, _step: 2
2021-12-27 17:05:17,470 - root - INFO - BPP: 16, Transparency: False
2021-12-27 17:05:17,471 - root - INFO - Resource 42 offset: 381548, length: 578...
2021-12-27 17:05:17,471 - root - DEBUG - Reading resource 42...
2021-12-27 17:05:17,471 - root - INFO - The image is bme.
2021-12-27 17:05:17,472 - root - INFO - Reading image header(readHeader16E)...
2021-12-27 17:05:17,472 - root - INFO - Image header was read:
2021-12-27 17:05:17,472 - root - INFO - Width: 22, Height: 22, RowLength: 44
2021-12-27 17:05:17,472 - root - INFO - datalength: 562, _step: 2
2021-12-27 17:05:17,472 - root - INFO - BPP: 16, Transparency: False
2021-12-27 17:05:17,473 - root - INFO - Resource 43 offset: 382126, length: 566...
2021-12-27 17:05:17,473 - root - DEBUG - Reading resource 43...
2021-12-27 17:05:17,473 - root - INFO - The image is bme.
2021-12-27 17:05:17,473 - root - INFO - Reading image header(readHeader16E)...
2021-12-27 17:05:17,473 - root - INFO - Image header was read:
2021-12-27 17:05:17,473 - root - INFO - Width: 22, Height: 22, RowLength: 44
2021-12-27 17:05:17,473 - root - INFO - datalength: 550, _step: 2
2021-12-27 17:05:17,473 - root - INFO - BPP: 16, Transparency: False
2021-12-27 17:05:17,474 - root - INFO - Resource 44 offset: 382692, length: 624...
2021-12-27 17:05:17,474 - root - DEBUG - Reading resource 44...
2021-12-27 17:05:17,474 - root - INFO - The image is bme.
2021-12-27 17:05:17,474 - root - INFO - Reading image header(readHeader16E)...
2021-12-27 17:05:17,475 - root - INFO - Image header was read:
2021-12-27 17:05:17,475 - root - INFO - Width: 22, Height: 22, RowLength: 44
2021-12-27 17:05:17,475 - root - INFO - datalength: 608, _step: 2
2021-12-27 17:05:17,475 - root - INFO - BPP: 16, Transparency: False
2021-12-27 17:05:17,476 - root - INFO - Resource 45 offset: 383316, length: 612...
2021-12-27 17:05:17,476 - root - DEBUG - Reading resource 45...
2021-12-27 17:05:17,476 - root - INFO - The image is bme.
2021-12-27 17:05:17,476 - root - INFO - Reading image header(readHeader16E)...
2021-12-27 17:05:17,476 - root - INFO - Image header was read:
2021-12-27 17:05:17,476 - root - INFO - Width: 22, Height: 22, RowLength: 44
2021-12-27 17:05:17,476 - root - INFO - datalength: 596, _step: 2
2021-12-27 17:05:17,476 - root - INFO - BPP: 16, Transparency: False
2021-12-27 17:05:17,477 - root - INFO - Resource 46 offset: 383928, length: 588...
2021-12-27 17:05:17,477 - root - DEBUG - Reading resource 46...
2021-12-27 17:05:17,478 - root - INFO - The image is bme.
2021-12-27 17:05:17,478 - root - INFO - Reading image header(readHeader16E)...
2021-12-27 17:05:17,478 - root - INFO - Image header was read:
2021-12-27 17:05:17,478 - root - INFO - Width: 22, Height: 22, RowLength: 44
2021-12-27 17:05:17,478 - root - INFO - datalength: 572, _step: 2
2021-12-27 17:05:17,478 - root - INFO - BPP: 16, Transparency: False
2021-12-27 17:05:17,479 - root - INFO - Resource 47 offset: 384516, length: 584...
2021-12-27 17:05:17,479 - root - DEBUG - Reading resource 47...
2021-12-27 17:05:17,479 - root - INFO - The image is bme.
2021-12-27 17:05:17,479 - root - INFO - Reading image header(readHeader16E)...
2021-12-27 17:05:17,479 - root - INFO - Image header was read:
2021-12-27 17:05:17,479 - root - INFO - Width: 22, Height: 22, RowLength: 44
2021-12-27 17:05:17,479 - root - INFO - datalength: 568, _step: 2
2021-12-27 17:05:17,479 - root - INFO - BPP: 16, Transparency: False
2021-12-27 17:05:17,480 - root - INFO - Resource 48 offset: 385100, length: 292...
2021-12-27 17:05:17,480 - root - DEBUG - Reading resource 48...
2021-12-27 17:05:17,481 - root - INFO - The image is bme.
2021-12-27 17:05:17,481 - root - INFO - Reading image header(readHeader16E)...
2021-12-27 17:05:17,481 - root - INFO - Image header was read:
2021-12-27 17:05:17,481 - root - INFO - Width: 22, Height: 22, RowLength: 44
2021-12-27 17:05:17,481 - root - INFO - datalength: 276, _step: 2
2021-12-27 17:05:17,481 - root - INFO - BPP: 16, Transparency: False
2021-12-27 17:05:17,481 - root - INFO - Resource 49 offset: 385392, length: 696...
2021-12-27 17:05:17,482 - root - DEBUG - Reading resource 49...
2021-12-27 17:05:17,482 - root - INFO - The image is bme.
2021-12-27 17:05:17,482 - root - INFO - Reading image header(readHeader16E)...
2021-12-27 17:05:17,482 - root - INFO - Image header was read:
2021-12-27 17:05:17,482 - root - INFO - Width: 22, Height: 22, RowLength: 44
2021-12-27 17:05:17,482 - root - INFO - datalength: 680, _step: 2
2021-12-27 17:05:17,482 - root - INFO - BPP: 16, Transparency: False
2021-12-27 17:05:17,483 - root - INFO - Resource 50 offset: 386088, length: 588...
2021-12-27 17:05:17,483 - root - DEBUG - Reading resource 50...
2021-12-27 17:05:17,483 - root - INFO - The image is bme.
2021-12-27 17:05:17,483 - root - INFO - Reading image header(readHeader16E)...
2021-12-27 17:05:17,483 - root - INFO - Image header was read:
2021-12-27 17:05:17,484 - root - INFO - Width: 22, Height: 22, RowLength: 44
2021-12-27 17:05:17,484 - root - INFO - datalength: 572, _step: 2
2021-12-27 17:05:17,484 - root - INFO - BPP: 16, Transparency: False
2021-12-27 17:05:17,485 - root - INFO - Resource 51 offset: 386676, length: 710...
2021-12-27 17:05:17,485 - root - DEBUG - Reading resource 51...
2021-12-27 17:05:17,485 - root - INFO - The image is bme.
2021-12-27 17:05:17,485 - root - INFO - Reading image header(readHeader16E)...
2021-12-27 17:05:17,485 - root - INFO - Image header was read:
2021-12-27 17:05:17,485 - root - INFO - Width: 22, Height: 22, RowLength: 44
2021-12-27 17:05:17,485 - root - INFO - datalength: 694, _step: 2
2021-12-27 17:05:17,485 - root - INFO - BPP: 16, Transparency: False
2021-12-27 17:05:17,487 - root - INFO - Resource 52 offset: 387386, length: 592...
2021-12-27 17:05:17,487 - root - DEBUG - Reading resource 52...
2021-12-27 17:05:17,487 - root - INFO - The image is bme.
2021-12-27 17:05:17,487 - root - INFO - Reading image header(readHeader16E)...
2021-12-27 17:05:17,487 - root - INFO - Image header was read:
2021-12-27 17:05:17,487 - root - INFO - Width: 22, Height: 22, RowLength: 44
2021-12-27 17:05:17,487 - root - INFO - datalength: 576, _step: 2
2021-12-27 17:05:17,487 - root - INFO - BPP: 16, Transparency: False
2021-12-27 17:05:17,488 - root - INFO - Resource 53 offset: 387978, length: 728...
2021-12-27 17:05:17,488 - root - DEBUG - Reading resource 53...
2021-12-27 17:05:17,488 - root - INFO - The image is bme.
2021-12-27 17:05:17,488 - root - INFO - Reading image header(readHeader16E)...
2021-12-27 17:05:17,488 - root - INFO - Image header was read:
2021-12-27 17:05:17,488 - root - INFO - Width: 22, Height: 22, RowLength: 44
2021-12-27 17:05:17,489 - root - INFO - datalength: 712, _step: 2
2021-12-27 17:05:17,489 - root - INFO - BPP: 16, Transparency: False
2021-12-27 17:05:17,490 - root - INFO - Resource 54 offset: 388706, length: 548...
2021-12-27 17:05:17,490 - root - DEBUG - Reading resource 54...
2021-12-27 17:05:17,490 - root - INFO - The image is bme.
2021-12-27 17:05:17,490 - root - INFO - Reading image header(readHeader16E)...
2021-12-27 17:05:17,490 - root - INFO - Image header was read:
2021-12-27 17:05:17,490 - root - INFO - Width: 22, Height: 22, RowLength: 44
2021-12-27 17:05:17,490 - root - INFO - datalength: 532, _step: 2
2021-12-27 17:05:17,490 - root - INFO - BPP: 16, Transparency: False
2021-12-27 17:05:17,491 - root - INFO - Resource 55 offset: 389254, length: 606...
2021-12-27 17:05:17,491 - root - DEBUG - Reading resource 55...
2021-12-27 17:05:17,491 - root - INFO - The image is bme.
2021-12-27 17:05:17,492 - root - INFO - Reading image header(readHeader16E)...
2021-12-27 17:05:17,492 - root - INFO - Image header was read:
2021-12-27 17:05:17,492 - root - INFO - Width: 22, Height: 22, RowLength: 44
2021-12-27 17:05:17,492 - root - INFO - datalength: 590, _step: 2
2021-12-27 17:05:17,492 - root - INFO - BPP: 16, Transparency: False
2021-12-27 17:05:17,493 - root - INFO - Resource 56 offset: 389860, length: 656...
2021-12-27 17:05:17,493 - root - DEBUG - Reading resource 56...
2021-12-27 17:05:17,493 - root - INFO - The image is bme.
2021-12-27 17:05:17,493 - root - INFO - Reading image header(readHeader16E)...
2021-12-27 17:05:17,493 - root - INFO - Image header was read:
2021-12-27 17:05:17,493 - root - INFO - Width: 22, Height: 22, RowLength: 44
2021-12-27 17:05:17,493 - root - INFO - datalength: 640, _step: 2
2021-12-27 17:05:17,493 - root - INFO - BPP: 16, Transparency: False
2021-12-27 17:05:17,494 - root - INFO - Resource 57 offset: 390516, length: 694...
2021-12-27 17:05:17,495 - root - DEBUG - Reading resource 57...
2021-12-27 17:05:17,495 - root - INFO - The image is bme.
2021-12-27 17:05:17,495 - root - INFO - Reading image header(readHeader16E)...
2021-12-27 17:05:17,495 - root - INFO - Image header was read:
2021-12-27 17:05:17,495 - root - INFO - Width: 22, Height: 22, RowLength: 44
2021-12-27 17:05:17,495 - root - INFO - datalength: 678, _step: 2
2021-12-27 17:05:17,495 - root - INFO - BPP: 16, Transparency: False
2021-12-27 17:05:17,496 - root - INFO - Resource 58 offset: 391210, length: 468...
2021-12-27 17:05:17,496 - root - DEBUG - Reading resource 58...
2021-12-27 17:05:17,496 - root - INFO - The image is bme.
2021-12-27 17:05:17,496 - root - INFO - Reading image header(readHeader16E)...
2021-12-27 17:05:17,496 - root - INFO - Image header was read:
2021-12-27 17:05:17,497 - root - INFO - Width: 22, Height: 22, RowLength: 44
2021-12-27 17:05:17,497 - root - INFO - datalength: 452, _step: 2
2021-12-27 17:05:17,497 - root - INFO - BPP: 16, Transparency: False
2021-12-27 17:05:17,498 - root - INFO - Resource 59 offset: 391678, length: 680...
2021-12-27 17:05:17,498 - root - DEBUG - Reading resource 59...
2021-12-27 17:05:17,498 - root - INFO - The image is bme.
2021-12-27 17:05:17,498 - root - INFO - Reading image header(readHeader16E)...
2021-12-27 17:05:17,498 - root - INFO - Image header was read:
2021-12-27 17:05:17,498 - root - INFO - Width: 22, Height: 22, RowLength: 44
2021-12-27 17:05:17,498 - root - INFO - datalength: 664, _step: 2
2021-12-27 17:05:17,498 - root - INFO - BPP: 16, Transparency: False
2021-12-27 17:05:17,499 - root - INFO - Resource 60 offset: 392358, length: 716...
2021-12-27 17:05:17,499 - root - DEBUG - Reading resource 60...
2021-12-27 17:05:17,499 - root - INFO - The image is bme.
2021-12-27 17:05:17,500 - root - INFO - Reading image header(readHeader16E)...
2021-12-27 17:05:17,500 - root - INFO - Image header was read:
2021-12-27 17:05:17,500 - root - INFO - Width: 124, Height: 43, RowLength: 248
2021-12-27 17:05:17,500 - root - INFO - datalength: 700, _step: 2
2021-12-27 17:05:17,500 - root - INFO - BPP: 16, Transparency: False
2021-12-27 17:05:17,501 - root - INFO - Resource 61 offset: 393074, length: 1484...
2021-12-27 17:05:17,501 - root - DEBUG - Reading resource 61...
2021-12-27 17:05:17,501 - root - INFO - The image is bme.
2021-12-27 17:05:17,501 - root - INFO - Reading image header(readHeader16E)...
2021-12-27 17:05:17,502 - root - INFO - Image header was read:
2021-12-27 17:05:17,502 - root - INFO - Width: 124, Height: 43, RowLength: 248
2021-12-27 17:05:17,502 - root - INFO - datalength: 1468, _step: 2
2021-12-27 17:05:17,502 - root - INFO - BPP: 16, Transparency: False
2021-12-27 17:05:17,505 - root - INFO - Resource 62 offset: 394558, length: 2256...
2021-12-27 17:05:17,505 - root - DEBUG - Reading resource 62...
2021-12-27 17:05:17,505 - root - INFO - The image is bme.
2021-12-27 17:05:17,505 - root - INFO - Reading image header(readHeader16E)...
2021-12-27 17:05:17,505 - root - INFO - Image header was read:
2021-12-27 17:05:17,505 - root - INFO - Width: 124, Height: 43, RowLength: 248
2021-12-27 17:05:17,505 - root - INFO - datalength: 2240, _step: 2
2021-12-27 17:05:17,505 - root - INFO - BPP: 16, Transparency: False
2021-12-27 17:05:17,509 - root - INFO - Resource 63 offset: 396814, length: 3050...
2021-12-27 17:05:17,509 - root - DEBUG - Reading resource 63...
2021-12-27 17:05:17,509 - root - INFO - The image is bme.
2021-12-27 17:05:17,509 - root - INFO - Reading image header(readHeader16E)...
2021-12-27 17:05:17,510 - root - INFO - Image header was read:
2021-12-27 17:05:17,510 - root - INFO - Width: 124, Height: 43, RowLength: 248
2021-12-27 17:05:17,510 - root - INFO - datalength: 3034, _step: 2
2021-12-27 17:05:17,510 - root - INFO - BPP: 16, Transparency: False
2021-12-27 17:05:17,515 - root - INFO - Resource 64 offset: 399864, length: 3812...
2021-12-27 17:05:17,516 - root - DEBUG - Reading resource 64...
2021-12-27 17:05:17,516 - root - INFO - The image is bme.
2021-12-27 17:05:17,516 - root - INFO - Reading image header(readHeader16E)...
2021-12-27 17:05:17,516 - root - INFO - Image header was read:
2021-12-27 17:05:17,516 - root - INFO - Width: 124, Height: 43, RowLength: 248
2021-12-27 17:05:17,516 - root - INFO - datalength: 3796, _step: 2
2021-12-27 17:05:17,516 - root - INFO - BPP: 16, Transparency: False
2021-12-27 17:05:17,523 - root - INFO - Resource 65 offset: 403676, length: 716...
2021-12-27 17:05:17,523 - root - DEBUG - Reading resource 65...
2021-12-27 17:05:17,523 - root - INFO - The image is bme.
2021-12-27 17:05:17,523 - root - INFO - Reading image header(readHeader16E)...
2021-12-27 17:05:17,523 - root - INFO - Image header was read:
2021-12-27 17:05:17,523 - root - INFO - Width: 124, Height: 43, RowLength: 248
2021-12-27 17:05:17,523 - root - INFO - datalength: 700, _step: 2
2021-12-27 17:05:17,524 - root - INFO - BPP: 16, Transparency: False
2021-12-27 17:05:17,525 - root - INFO - Resource 66 offset: 404392, length: 1484...
2021-12-27 17:05:17,525 - root - DEBUG - Reading resource 66...
2021-12-27 17:05:17,525 - root - INFO - The image is bme.
2021-12-27 17:05:17,525 - root - INFO - Reading image header(readHeader16E)...
2021-12-27 17:05:17,525 - root - INFO - Image header was read:
2021-12-27 17:05:17,525 - root - INFO - Width: 124, Height: 43, RowLength: 248
2021-12-27 17:05:17,525 - root - INFO - datalength: 1468, _step: 2
2021-12-27 17:05:17,525 - root - INFO - BPP: 16, Transparency: False
2021-12-27 17:05:17,528 - root - INFO - Resource 67 offset: 405876, length: 2256...
2021-12-27 17:05:17,528 - root - DEBUG - Reading resource 67...
2021-12-27 17:05:17,528 - root - INFO - The image is bme.
2021-12-27 17:05:17,528 - root - INFO - Reading image header(readHeader16E)...
2021-12-27 17:05:17,528 - root - INFO - Image header was read:
2021-12-27 17:05:17,529 - root - INFO - Width: 124, Height: 43, RowLength: 248
2021-12-27 17:05:17,529 - root - INFO - datalength: 2240, _step: 2
2021-12-27 17:05:17,529 - root - INFO - BPP: 16, Transparency: False
2021-12-27 17:05:17,533 - root - INFO - Resource 68 offset: 408132, length: 3050...
2021-12-27 17:05:17,533 - root - DEBUG - Reading resource 68...
2021-12-27 17:05:17,533 - root - INFO - The image is bme.
2021-12-27 17:05:17,533 - root - INFO - Reading image header(readHeader16E)...
2021-12-27 17:05:17,533 - root - INFO - Image header was read:
2021-12-27 17:05:17,533 - root - INFO - Width: 124, Height: 43, RowLength: 248
2021-12-27 17:05:17,533 - root - INFO - datalength: 3034, _step: 2
2021-12-27 17:05:17,534 - root - INFO - BPP: 16, Transparency: False
2021-12-27 17:05:17,539 - root - INFO - Resource 69 offset: 411182, length: 3812...
2021-12-27 17:05:17,539 - root - DEBUG - Reading resource 69...
2021-12-27 17:05:17,539 - root - INFO - The image is bme.
2021-12-27 17:05:17,539 - root - INFO - Reading image header(readHeader16E)...
2021-12-27 17:05:17,539 - root - INFO - Image header was read:
2021-12-27 17:05:17,540 - root - INFO - Width: 124, Height: 43, RowLength: 248
2021-12-27 17:05:17,540 - root - INFO - datalength: 3796, _step: 2
2021-12-27 17:05:17,540 - root - INFO - BPP: 16, Transparency: False
2021-12-27 17:05:17,547 - root - INFO - Resource 70 offset: 414994, length: 536...
2021-12-27 17:05:17,547 - root - DEBUG - Reading resource 70...
2021-12-27 17:05:17,547 - root - INFO - The image is bme.
2021-12-27 17:05:17,547 - root - INFO - Reading image header(readHeader16E)...
2021-12-27 17:05:17,547 - root - INFO - Image header was read:
2021-12-27 17:05:17,547 - root - INFO - Width: 15, Height: 78, RowLength: 30
2021-12-27 17:05:17,547 - root - INFO - datalength: 520, _step: 2
2021-12-27 17:05:17,547 - root - INFO - BPP: 16, Transparency: False
2021-12-27 17:05:17,548 - root - DEBUG - Parsing parameters...
2021-12-27 17:05:17,608 - root - DEBUG - 0 Value: None
2021-12-27 17:05:17,608 - root - DEBUG - 0.1 Value: 73
2021-12-27 17:05:17,608 - root - DEBUG - 2 Value: None
2021-12-27 17:05:17,608 - root - DEBUG - 2.1 Value: None
2021-12-27 17:05:17,608 - root - DEBUG - 2.1.1 Value: 0
2021-12-27 17:05:17,608 - root - DEBUG - 2.1.2 Value: 0
2021-12-27 17:05:17,608 - root - DEBUG - 2.1.3 Value: 1
2021-12-27 17:05:17,609 - root - DEBUG - 2.3 Value: None
2021-12-27 17:05:17,609 - root - DEBUG - 2.3.1 Value: 0
2021-12-27 17:05:17,609 - root - DEBUG - 2.3.2 Value: 0
2021-12-27 17:05:17,609 - root - DEBUG - 2.3.3 Value: 0
2021-12-27 17:05:17,609 - root - DEBUG - 2.4 Value: None
2021-12-27 17:05:17,609 - root - DEBUG - 2.4.1 Value: 0
2021-12-27 17:05:17,609 - root - DEBUG - 2.4.2 Value: 0
2021-12-27 17:05:17,609 - root - DEBUG - 2.4.3 Value: 0
2021-12-27 17:05:17,609 - root - DEBUG - 2.5 Value: None
2021-12-27 17:05:17,609 - root - DEBUG - 2.5.1 Value: 0
2021-12-27 17:05:17,609 - root - DEBUG - 2.5.2 Value: 0
2021-12-27 17:05:17,609 - root - DEBUG - 2.5.3 Value: 0
2021-12-27 17:05:17,609 - root - DEBUG - 3 Value: None
2021-12-27 17:05:17,609 - root - DEBUG - 3.1 Value: None
2021-12-27 17:05:17,610 - root - DEBUG - 3.1.1 Value: None
2021-12-27 17:05:17,610 - root - DEBUG - 3.1.1.1 Value: None
2021-12-27 17:05:17,610 - root - DEBUG - 3.1.1.1.1 Value: 30
2021-12-27 17:05:17,610 - root - DEBUG - 3.1.1.1.2 Value: 138
2021-12-27 17:05:17,610 - root - DEBUG - 3.1.1.1.3 Value: 2
2021-12-27 17:05:17,610 - root - DEBUG - 3.1.1.1.4 Value: 10
2021-12-27 17:05:17,610 - root - DEBUG - 3.1.1.2 Value: None
2021-12-27 17:05:17,610 - root - DEBUG - 3.1.1.2.1 Value: 88
2021-12-27 17:05:17,610 - root - DEBUG - 3.1.1.2.2 Value: 138
2021-12-27 17:05:17,610 - root - DEBUG - 3.1.1.2.3 Value: 2
2021-12-27 17:05:17,610 - root - DEBUG - 3.1.1.2.4 Value: 10
2021-12-27 17:05:17,610 - root - DEBUG - 3.1.2 Value: None
2021-12-27 17:05:17,610 - root - DEBUG - 3.1.2.1 Value: None
2021-12-27 17:05:17,611 - root - DEBUG - 3.1.2.1.1 Value: 173
2021-12-27 17:05:17,611 - root - DEBUG - 3.1.2.1.2 Value: 138
2021-12-27 17:05:17,611 - root - DEBUG - 3.1.2.1.3 Value: 2
2021-12-27 17:05:17,611 - root - DEBUG - 3.1.2.1.4 Value: 10
2021-12-27 17:05:17,611 - root - DEBUG - 3.1.2.2 Value: None
2021-12-27 17:05:17,611 - root - DEBUG - 3.1.2.2.1 Value: 232
2021-12-27 17:05:17,611 - root - DEBUG - 3.1.2.2.2 Value: 138
2021-12-27 17:05:17,611 - root - DEBUG - 3.1.2.2.3 Value: 2
2021-12-27 17:05:17,611 - root - DEBUG - 3.1.2.2.4 Value: 10
2021-12-27 17:05:17,611 - root - DEBUG - 3.1.7 Value: 0
2021-12-27 17:05:17,611 - root - DEBUG - 3.1.8 Value: 1
2021-12-27 17:05:17,611 - root - DEBUG - 4 Value: None
2021-12-27 17:05:17,611 - root - DEBUG - 4.3 Value: None
2021-12-27 17:05:17,612 - root - DEBUG - 4.3.1 Value: None
2021-12-27 17:05:17,612 - root - DEBUG - 4.3.1.1 Value: 21
2021-12-27 17:05:17,612 - root - DEBUG - 4.3.1.2 Value: 66
2021-12-27 17:05:17,612 - root - DEBUG - 4.3.1.3 Value: 73
2021-12-27 17:05:17,612 - root - DEBUG - 4.3.1.4 Value: 86
2021-12-27 17:05:17,612 - root - DEBUG - 4.3.1.5 Value: 24
2021-12-27 17:05:17,612 - root - DEBUG - 4.3.1.6 Value: 0
2021-12-27 17:05:17,612 - root - DEBUG - 4.3.1.7 Value: 0
2021-12-27 17:05:17,612 - root - DEBUG - 4.3.1.8 Value: 12
2021-12-27 17:05:17,612 - root - DEBUG - 4.3.1.9 Value: 10
2021-12-27 17:05:17,612 - root - DEBUG - 4.4 Value: None
2021-12-27 17:05:17,612 - root - DEBUG - 4.4.1 Value: None
2021-12-27 17:05:17,612 - root - DEBUG - 4.4.1.1 Value: 0
2021-12-27 17:05:17,613 - root - DEBUG - 4.4.1.2 Value: 76
2021-12-27 17:05:17,613 - root - DEBUG - 4.4.1.3 Value: 302
2021-12-27 17:05:17,613 - root - DEBUG - 4.4.1.4 Value: 96
2021-12-27 17:05:17,613 - root - DEBUG - 4.4.1.5 Value: 24
2021-12-27 17:05:17,613 - root - DEBUG - 4.4.1.6 Value: 0
2021-12-27 17:05:17,613 - root - DEBUG - 4.4.1.7 Value: 0
2021-12-27 17:05:17,613 - root - DEBUG - 4.4.1.8 Value: 12
2021-12-27 17:05:17,613 - root - DEBUG - 4.4.1.9 Value: 10
2021-12-27 17:05:17,613 - root - DEBUG - 4.4.3 Value: 32
2021-12-27 17:05:17,613 - root - DEBUG - 4.5 Value: None
2021-12-27 17:05:17,613 - root - DEBUG - 4.5.1 Value: None
2021-12-27 17:05:17,613 - root - DEBUG - 4.5.1.1 Value: 240
2021-12-27 17:05:17,613 - root - DEBUG - 4.5.1.2 Value: 66
2021-12-27 17:05:17,614 - root - DEBUG - 4.5.1.3 Value: 284
2021-12-27 17:05:17,614 - root - DEBUG - 4.5.1.4 Value: 86
2021-12-27 17:05:17,614 - root - DEBUG - 4.5.1.5 Value: 18
2021-12-27 17:05:17,614 - root - DEBUG - 4.5.1.6 Value: 0
2021-12-27 17:05:17,614 - root - DEBUG - 4.5.1.7 Value: 0
2021-12-27 17:05:17,614 - root - DEBUG - 4.5.1.8 Value: 12
2021-12-27 17:05:17,614 - root - DEBUG - 4.5.1.9 Value: 10
2021-12-27 17:05:17,614 - root - DEBUG - 4.5.3 Value: 33
2021-12-27 17:05:17,614 - root - DEBUG - 4.7 Value: 0
2021-12-27 17:05:17,614 - root - DEBUG - 5 Value: None
2021-12-27 17:05:17,614 - root - DEBUG - 5.1 Value: None
2021-12-27 17:05:17,614 - root - DEBUG - 5.1.2 Value: None
2021-12-27 17:05:17,614 - root - DEBUG - 5.1.2.1 Value: None
2021-12-27 17:05:17,615 - root - DEBUG - 5.1.2.1.1 Value: 203
2021-12-27 17:05:17,615 - root - DEBUG - 5.1.2.1.2 Value: 270
2021-12-27 17:05:17,615 - root - DEBUG - 5.1.2.1.3 Value: 268
2021-12-27 17:05:17,615 - root - DEBUG - 5.1.2.1.4 Value: 290
2021-12-27 17:05:17,615 - root - DEBUG - 5.1.2.1.5 Value: 18
2021-12-27 17:05:17,615 - root - DEBUG - 5.1.2.1.6 Value: 0
2021-12-27 17:05:17,615 - root - DEBUG - 5.1.2.1.7 Value: 0
2021-12-27 17:05:17,615 - root - DEBUG - 5.1.2.1.8 Value: 12
2021-12-27 17:05:17,615 - root - DEBUG - 5.1.2.1.9 Value: 10
2021-12-27 17:05:17,615 - root - DEBUG - 5.1.2.2 Value: 22
2021-12-27 17:05:17,615 - root - DEBUG - 5.1.4 Value: 1
2021-12-27 17:05:17,615 - root - DEBUG - 5.1.5 Value: 1
2021-12-27 17:05:17,615 - root - DEBUG - 5.1.6 Value: 0
2021-12-27 17:05:17,615 - root - DEBUG - 5.2 Value: None
2021-12-27 17:05:17,616 - root - DEBUG - 5.2.1 Value: 139
2021-12-27 17:05:17,616 - root - DEBUG - 5.2.2 Value: 231
2021-12-27 17:05:17,616 - root - DEBUG - 5.2.5 Value: 30
2021-12-27 17:05:17,616 - root - DEBUG - 5.2.6 Value: 31
2021-12-27 17:05:17,616 - root - DEBUG - 5.4 Value: None
2021-12-27 17:05:17,616 - root - DEBUG - 5.4.1 Value: 45
2021-12-27 17:05:17,616 - root - DEBUG - 5.4.2 Value: 270
2021-12-27 17:05:17,616 - root - DEBUG - 5.4.3 Value: 23
2021-12-27 17:05:17,616 - root - DEBUG - 5.4.4 Value: 7
2021-12-27 17:05:17,616 - root - DEBUG - 6 Value: None
2021-12-27 17:05:17,616 - root - DEBUG - 6.1 Value: None
2021-12-27 17:05:17,616 - root - DEBUG - 6.1.2 Value: None
2021-12-27 17:05:17,616 - root - DEBUG - 6.1.2.1 Value: 143
2021-12-27 17:05:17,617 - root - DEBUG - 6.1.2.2 Value: 305
2021-12-27 17:05:17,617 - root - DEBUG - 6.1.2.3 Value: 34
2021-12-27 17:05:17,617 - root - DEBUG - 6.1.2.4 Value: 26
2021-12-27 17:05:17,617 - root - DEBUG - 7 Value: None
2021-12-27 17:05:17,617 - root - DEBUG - 7.2 Value: None
2021-12-27 17:05:17,617 - root - DEBUG - 7.2.1 Value: 9
2021-12-27 17:05:17,617 - root - DEBUG - 7.2.2 Value: 299
2021-12-27 17:05:17,617 - root - DEBUG - 7.2.3 Value: 60
2021-12-27 17:05:17,617 - root - DEBUG - 7.2.4 Value: 5
2021-12-27 17:05:17,617 - root - DEBUG - 9 Value: None
2021-12-27 17:05:17,617 - root - DEBUG - 9.2 Value: None
2021-12-27 17:05:17,617 - root - DEBUG - 9.2.1 Value: 175
2021-12-27 17:05:17,617 - root - DEBUG - 9.2.2 Value: 299
2021-12-27 17:05:17,618 - root - DEBUG - 9.2.3 Value: 65
2021-12-27 17:05:17,618 - root - DEBUG - 9.2.4 Value: 5
2021-12-27 17:05:17,618 - root - DEBUG - 29 Value: None
2021-12-27 17:05:17,618 - root - DEBUG - 29.1 Value: None
2021-12-27 17:05:17,618 - root - DEBUG - 29.1.1 Value: None
2021-12-27 17:05:17,618 - root - DEBUG - 29.1.1.1 Value: None
2021-12-27 17:05:17,618 - root - DEBUG - 29.1.1.1.1 Value: None
2021-12-27 17:05:17,618 - root - DEBUG - 29.1.1.1.1.1 Value: 30
2021-12-27 17:05:17,618 - root - DEBUG - 29.1.1.1.1.2 Value: 138
2021-12-27 17:05:17,618 - root - DEBUG - 29.1.1.1.1.3 Value: 2
2021-12-27 17:05:17,618 - root - DEBUG - 29.1.1.1.1.4 Value: 10
2021-12-27 17:05:17,618 - root - DEBUG - 29.1.1.1.2 Value: None
2021-12-27 17:05:17,618 - root - DEBUG - 29.1.1.1.2.1 Value: 88
2021-12-27 17:05:17,619 - root - DEBUG - 29.1.1.1.2.2 Value: 138
2021-12-27 17:05:17,619 - root - DEBUG - 29.1.1.1.2.3 Value: 2
2021-12-27 17:05:17,619 - root - DEBUG - 29.1.1.1.2.4 Value: 10
2021-12-27 17:05:17,619 - root - DEBUG - 29.1.1.2 Value: None
2021-12-27 17:05:17,619 - root - DEBUG - 29.1.1.2.1 Value: None
2021-12-27 17:05:17,619 - root - DEBUG - 29.1.1.2.1.1 Value: 173
2021-12-27 17:05:17,619 - root - DEBUG - 29.1.1.2.1.2 Value: 138
2021-12-27 17:05:17,619 - root - DEBUG - 29.1.1.2.1.3 Value: 2
2021-12-27 17:05:17,619 - root - DEBUG - 29.1.1.2.1.4 Value: 10
2021-12-27 17:05:17,619 - root - DEBUG - 29.1.1.2.2 Value: None
2021-12-27 17:05:17,619 - root - DEBUG - 29.1.1.2.2.1 Value: 232
2021-12-27 17:05:17,619 - root - DEBUG - 29.1.1.2.2.2 Value: 138
2021-12-27 17:05:17,619 - root - DEBUG - 29.1.1.2.2.3 Value: 2
2021-12-27 17:05:17,619 - root - DEBUG - 29.1.1.2.2.4 Value: 10
2021-12-27 17:05:17,620 - root - DEBUG - 29.1.1.3 Value: None
2021-12-27 17:05:17,620 - root - DEBUG - 29.1.1.3.1 Value: 145
2021-12-27 17:05:17,620 - root - DEBUG - 29.1.1.3.2 Value: 138
2021-12-27 17:05:17,620 - root - DEBUG - 29.1.1.3.3 Value: 70
2021-12-27 17:05:17,620 - root - DEBUG - 29.1.1.4 Value: 1
2021-12-27 17:05:17,620 - root - DEBUG - 29.1.4 Value: None
2021-12-27 17:05:17,620 - root - DEBUG - 29.1.4.1 Value: 139
2021-12-27 17:05:17,620 - root - DEBUG - 29.1.4.2 Value: 231
2021-12-27 17:05:17,620 - root - DEBUG - 29.1.4.5 Value: 30
2021-12-27 17:05:17,620 - root - DEBUG - 29.1.4.6 Value: 31
2021-12-27 17:05:17,620 - root - DEBUG - 29.2 Value: None
2021-12-27 17:05:17,620 - root - DEBUG - 29.2.1 Value: None
2021-12-27 17:05:17,621 - root - DEBUG - 29.2.1.1 Value: 203
2021-12-27 17:05:17,621 - root - DEBUG - 29.2.1.2 Value: 270
2021-12-27 17:05:17,621 - root - DEBUG - 29.2.1.3 Value: 268
2021-12-27 17:05:17,621 - root - DEBUG - 29.2.1.4 Value: 290
2021-12-27 17:05:17,621 - root - DEBUG - 29.2.1.5 Value: 18
2021-12-27 17:05:17,621 - root - DEBUG - 29.2.1.6 Value: 0
2021-12-27 17:05:17,621 - root - DEBUG - 29.2.1.7 Value: 0
2021-12-27 17:05:17,621 - root - DEBUG - 29.2.1.8 Value: 12
2021-12-27 17:05:17,621 - root - DEBUG - 29.2.1.9 Value: 10
2021-12-27 17:05:17,621 - root - DEBUG - 29.2.2 Value: 22
2021-12-27 17:05:17,621 - root - DEBUG - 29.3 Value: None
2021-12-27 17:05:17,621 - root - DEBUG - 29.3.1 Value: None
2021-12-27 17:05:17,621 - root - DEBUG - 29.3.1.1 Value: 45
2021-12-27 17:05:17,621 - root - DEBUG - 29.3.1.2 Value: 270
2021-12-27 17:05:17,622 - root - DEBUG - 29.3.1.3 Value: 23
2021-12-27 17:05:17,622 - root - DEBUG - 29.3.1.4 Value: 7
2021-12-27 17:05:17,622 - root - DEBUG - 0-Info
2021-12-27 17:05:17,622 - root - DEBUG - 0.1-DeviceId
2021-12-27 17:05:17,622 - root - DEBUG - 2-Background
2021-12-27 17:05:17,622 - root - DEBUG - 2.1-Image
2021-12-27 17:05:17,622 - root - DEBUG - 2.1.1-X
2021-12-27 17:05:17,622 - root - DEBUG - 2.1.2-Y
2021-12-27 17:05:17,622 - root - DEBUG - 2.1.3-ImageIndex
2021-12-27 17:05:17,622 - root - DEBUG - 2.3-Preview
2021-12-27 17:05:17,623 - root - DEBUG - 2.3.1-X
2021-12-27 17:05:17,623 - root - DEBUG - 2.3.2-Y
2021-12-27 17:05:17,623 - root - DEBUG - 2.3.3-ImageIndex
2021-12-27 17:05:17,623 - root - DEBUG - 2.4-PreviewKorean
2021-12-27 17:05:17,623 - root - DEBUG - 2.4.1-X
2021-12-27 17:05:17,623 - root - DEBUG - 2.4.2-Y
2021-12-27 17:05:17,623 - root - DEBUG - 2.4.3-ImageIndex
2021-12-27 17:05:17,623 - root - DEBUG - 2.5-PreviewChinese
2021-12-27 17:05:17,623 - root - DEBUG - 2.5.1-X
2021-12-27 17:05:17,624 - root - DEBUG - 2.5.2-Y
2021-12-27 17:05:17,624 - root - DEBUG - 2.5.3-ImageIndex
2021-12-27 17:05:17,624 - root - DEBUG - 3-TimeExtended
2021-12-27 17:05:17,624 - root - DEBUG - 3.1-TimeSeparateDigits
2021-12-27 17:05:17,624 - root - DEBUG - 3.1.1-Hours
2021-12-27 17:05:17,624 - root - DEBUG - 3.1.1.1-Tens
2021-12-27 17:05:17,624 - root - DEBUG - 3.1.1.1.1-X
2021-12-27 17:05:17,624 - root - DEBUG - 3.1.1.1.2-Y
2021-12-27 17:05:17,624 - root - DEBUG - 3.1.1.1.3-ImageIndex
2021-12-27 17:05:17,624 - root - DEBUG - 3.1.1.1.4-ImagesCount
2021-12-27 17:05:17,625 - root - DEBUG - 3.1.1.2-Ones
2021-12-27 17:05:17,625 - root - DEBUG - 3.1.1.2.1-X
2021-12-27 17:05:17,625 - root - DEBUG - 3.1.1.2.2-Y
2021-12-27 17:05:17,625 - root - DEBUG - 3.1.1.2.3-ImageIndex
2021-12-27 17:05:17,625 - root - DEBUG - 3.1.1.2.4-ImagesCount
2021-12-27 17:05:17,625 - root - DEBUG - 3.1.2-Minutes
2021-12-27 17:05:17,625 - root - DEBUG - 3.1.2.1-Tens
2021-12-27 17:05:17,625 - root - DEBUG - 3.1.2.1.1-X
2021-12-27 17:05:17,625 - root - DEBUG - 3.1.2.1.2-Y
2021-12-27 17:05:17,625 - root - DEBUG - 3.1.2.1.3-ImageIndex
2021-12-27 17:05:17,626 - root - DEBUG - 3.1.2.1.4-ImagesCount
2021-12-27 17:05:17,626 - root - DEBUG - 3.1.2.2-Ones
2021-12-27 17:05:17,626 - root - DEBUG - 3.1.2.2.1-X
2021-12-27 17:05:17,626 - root - DEBUG - 3.1.2.2.2-Y
2021-12-27 17:05:17,626 - root - DEBUG - 3.1.2.2.3-ImageIndex
2021-12-27 17:05:17,626 - root - DEBUG - 3.1.2.2.4-ImagesCount
2021-12-27 17:05:17,626 - root - DEBUG - 3.1.7-PaddingZeroHours
2021-12-27 17:05:17,626 - root - DEBUG - 3.1.8-PaddingZeroMinutes
2021-12-27 17:05:17,626 - root - DEBUG - 4-Activity
2021-12-27 17:05:17,626 - root - DEBUG - 4.3-Calories
2021-12-27 17:05:17,627 - root - DEBUG - 4.3.1-ImageNumber
2021-12-27 17:05:17,627 - root - DEBUG - 4.3.1.1-TopLeftX
2021-12-27 17:05:17,627 - root - DEBUG - 4.3.1.2-TopLeftY
2021-12-27 17:05:17,627 - root - DEBUG - 4.3.1.3-BottomRightX
2021-12-27 17:05:17,627 - root - DEBUG - 4.3.1.4-BottomRightY
2021-12-27 17:05:17,627 - root - DEBUG - 4.3.1.5-Alignment
2021-12-27 17:05:17,627 - root - DEBUG - 4.3.1.6-Spacing
2021-12-27 17:05:17,628 - root - DEBUG - 4.3.1.7-VerticalOffset
2021-12-27 17:05:17,628 - root - DEBUG - 4.3.1.8-ImageIndex
2021-12-27 17:05:17,628 - root - DEBUG - 4.3.1.9-ImagesCount
2021-12-27 17:05:17,628 - root - DEBUG - 4.4-HeartRate
2021-12-27 17:05:17,628 - root - DEBUG - 4.4.1-ImageNumber
2021-12-27 17:05:17,628 - root - DEBUG - 4.4.1.1-TopLeftX
2021-12-27 17:05:17,628 - root - DEBUG - 4.4.1.2-TopLeftY
2021-12-27 17:05:17,628 - root - DEBUG - 4.4.1.3-BottomRightX
2021-12-27 17:05:17,628 - root - DEBUG - 4.4.1.4-BottomRightY
2021-12-27 17:05:17,629 - root - DEBUG - 4.4.1.5-Alignment
2021-12-27 17:05:17,629 - root - DEBUG - 4.4.1.6-Spacing
2021-12-27 17:05:17,629 - root - DEBUG - 4.4.1.7-VerticalOffset
2021-12-27 17:05:17,629 - root - DEBUG - 4.4.1.8-ImageIndex
2021-12-27 17:05:17,629 - root - DEBUG - 4.4.1.9-ImagesCount
2021-12-27 17:05:17,629 - root - DEBUG - 4.4.3-NoDataImageIndex
2021-12-27 17:05:17,629 - root - DEBUG - 4.5-Distance
2021-12-27 17:05:17,629 - root - DEBUG - 4.5.1-ImageNumber
2021-12-27 17:05:17,629 - root - DEBUG - 4.5.1.1-TopLeftX
2021-12-27 17:05:17,630 - root - DEBUG - 4.5.1.2-TopLeftY
2021-12-27 17:05:17,630 - root - DEBUG - 4.5.1.3-BottomRightX
2021-12-27 17:05:17,630 - root - DEBUG - 4.5.1.4-BottomRightY
2021-12-27 17:05:17,630 - root - DEBUG - 4.5.1.5-Alignment
2021-12-27 17:05:17,630 - root - DEBUG - 4.5.1.6-Spacing
2021-12-27 17:05:17,630 - root - DEBUG - 4.5.1.7-VerticalOffset
2021-12-27 17:05:17,630 - root - DEBUG - 4.5.1.8-ImageIndex
2021-12-27 17:05:17,630 - root - DEBUG - 4.5.1.9-ImagesCount
2021-12-27 17:05:17,630 - root - DEBUG - 4.5.3-DecimalPointImageIndex
2021-12-27 17:05:17,631 - root - DEBUG - 4.7-UnknownLongValue7
2021-12-27 17:05:17,631 - root - DEBUG - 5-DateBlock
2021-12-27 17:05:17,631 - root - DEBUG - 5.1-Date
2021-12-27 17:05:17,631 - root - DEBUG - 5.1.2-OneLineMonthAndDay
2021-12-27 17:05:17,631 - root - DEBUG - 5.1.2.1-Number
2021-12-27 17:05:17,631 - root - DEBUG - 5.1.2.1.1-TopLeftX
2021-12-27 17:05:17,631 - root - DEBUG - 5.1.2.1.2-TopLeftY
2021-12-27 17:05:17,631 - root - DEBUG - 5.1.2.1.3-BottomRightX
2021-12-27 17:05:17,631 - root - DEBUG - 5.1.2.1.4-BottomRightY
2021-12-27 17:05:17,631 - root - DEBUG - 5.1.2.1.5-Alignment
2021-12-27 17:05:17,632 - root - DEBUG - 5.1.2.1.6-Spacing
2021-12-27 17:05:17,632 - root - DEBUG - 5.1.2.1.7-VerticalOffset
2021-12-27 17:05:17,632 - root - DEBUG - 5.1.2.1.8-ImageIndex
2021-12-27 17:05:17,632 - root - DEBUG - 5.1.2.1.9-ImagesCount
2021-12-27 17:05:17,632 - root - DEBUG - 5.1.2.2-DelimiterImageIndex
2021-12-27 17:05:17,632 - root - DEBUG - 5.1.4-PaddingZeroMonth
2021-12-27 17:05:17,632 - root - DEBUG - 5.1.5-PaddingZeroDay
2021-12-27 17:05:17,632 - root - DEBUG - 5.1.6-Unknown6
2021-12-27 17:05:17,632 - root - DEBUG - 5.2-AmPm
2021-12-27 17:05:17,633 - root - DEBUG - 5.2.1-CommonX
2021-12-27 17:05:17,633 - root - DEBUG - 5.2.2-CommonY
2021-12-27 17:05:17,633 - root - DEBUG - 5.2.5-AmImageIndexEN
2021-12-27 17:05:17,633 - root - DEBUG - 5.2.6-PmImageIndexEN
2021-12-27 17:05:17,633 - root - DEBUG - 5.4-Weekday
2021-12-27 17:05:17,633 - root - DEBUG - 5.4.1-X
2021-12-27 17:05:17,633 - root - DEBUG - 5.4.2-Y
2021-12-27 17:05:17,633 - root - DEBUG - 5.4.3-ImageIndex
2021-12-27 17:05:17,633 - root - DEBUG - 5.4.4-ImagesCount
2021-12-27 17:05:17,633 - root - DEBUG - 6-Weather
2021-12-27 17:05:17,634 - root - DEBUG - 6.1-Icon
2021-12-27 17:05:17,634 - root - DEBUG - 6.1.2-Images
2021-12-27 17:05:17,634 - root - DEBUG - 6.1.2.1-X
2021-12-27 17:05:17,634 - root - DEBUG - 6.1.2.2-Y
2021-12-27 17:05:17,634 - root - DEBUG - 6.1.2.3-ImageIndex
2021-12-27 17:05:17,634 - root - DEBUG - 6.1.2.4-ImagesCount
2021-12-27 17:05:17,634 - root - DEBUG - 7-StepProgress
2021-12-27 17:05:17,634 - root - DEBUG - 7.2-ImageProgress
2021-12-27 17:05:17,634 - root - DEBUG - 7.2.1-X
2021-12-27 17:05:17,634 - root - DEBUG - 7.2.2-Y
2021-12-27 17:05:17,635 - root - DEBUG - 7.2.3-ImageIndex
2021-12-27 17:05:17,635 - root - DEBUG - 7.2.4-ImagesCount
2021-12-27 17:05:17,635 - root - DEBUG - 9-Battery
2021-12-27 17:05:17,635 - root - DEBUG - 9.2-ImageProgress
2021-12-27 17:05:17,635 - root - DEBUG - 9.2.1-X
2021-12-27 17:05:17,635 - root - DEBUG - 9.2.2-Y
2021-12-27 17:05:17,635 - root - DEBUG - 9.2.3-ImageIndex
2021-12-27 17:05:17,635 - root - DEBUG - 9.2.4-ImagesCount
2021-12-27 17:05:17,635 - root - DEBUG - 29-AlwaysOnDisplay
2021-12-27 17:05:17,635 - root - DEBUG - 29.1-TimeExtended
2021-12-27 17:05:17,636 - root - DEBUG - 29.1.1-TimeSeparateDigits
2021-12-27 17:05:17,636 - root - DEBUG - 29.1.1.1-Hours
2021-12-27 17:05:17,636 - root - DEBUG - 29.1.1.1.1-Tens
2021-12-27 17:05:17,636 - root - DEBUG - 29.1.1.1.1.1-X
2021-12-27 17:05:17,637 - root - DEBUG - 29.1.1.1.1.2-Y
2021-12-27 17:05:17,637 - root - DEBUG - 29.1.1.1.1.3-ImageIndex
2021-12-27 17:05:17,637 - root - DEBUG - 29.1.1.1.1.4-ImagesCount
2021-12-27 17:05:17,637 - root - DEBUG - 29.1.1.1.2-Ones
2021-12-27 17:05:17,637 - root - DEBUG - 29.1.1.1.2.1-X
2021-12-27 17:05:17,637 - root - DEBUG - 29.1.1.1.2.2-Y
2021-12-27 17:05:17,637 - root - DEBUG - 29.1.1.1.2.3-ImageIndex
2021-12-27 17:05:17,637 - root - DEBUG - 29.1.1.1.2.4-ImagesCount
2021-12-27 17:05:17,637 - root - DEBUG - 29.1.1.2-Minutes
2021-12-27 17:05:17,637 - root - DEBUG - 29.1.1.2.1-Tens
2021-12-27 17:05:17,638 - root - DEBUG - 29.1.1.2.1.1-X
2021-12-27 17:05:17,638 - root - DEBUG - 29.1.1.2.1.2-Y
2021-12-27 17:05:17,638 - root - DEBUG - 29.1.1.2.1.3-ImageIndex
2021-12-27 17:05:17,638 - root - DEBUG - 29.1.1.2.1.4-ImagesCount
2021-12-27 17:05:17,638 - root - DEBUG - 29.1.1.2.2-Ones
2021-12-27 17:05:17,638 - root - DEBUG - 29.1.1.2.2.1-X
2021-12-27 17:05:17,638 - root - DEBUG - 29.1.1.2.2.2-Y
2021-12-27 17:05:17,638 - root - DEBUG - 29.1.1.2.2.3-ImageIndex
2021-12-27 17:05:17,638 - root - DEBUG - 29.1.1.2.2.4-ImagesCount
2021-12-27 17:05:17,639 - root - DEBUG - 29.1.1.3-Separator
2021-12-27 17:05:17,639 - root - DEBUG - 29.1.1.3.1-X
2021-12-27 17:05:17,639 - root - DEBUG - 29.1.1.3.2-Y
2021-12-27 17:05:17,639 - root - DEBUG - 29.1.1.3.3-ImageIndex
2021-12-27 17:05:17,639 - root - DEBUG - 29.1.1.4-PaddingZeroHours
2021-12-27 17:05:17,639 - root - DEBUG - 29.1.4-AmPm
2021-12-27 17:05:17,639 - root - DEBUG - 29.1.4.1-CommonX
2021-12-27 17:05:17,639 - root - DEBUG - 29.1.4.2-CommonY
2021-12-27 17:05:17,639 - root - DEBUG - 29.1.4.5-AmImageIndexEN
2021-12-27 17:05:17,639 - root - DEBUG - 29.1.4.6-PmImageIndexEN
2021-12-27 17:05:17,640 - root - DEBUG - 29.2-DateOneLine
2021-12-27 17:05:17,640 - root - DEBUG - 29.2.1-MonthAndDay
2021-12-27 17:05:17,640 - root - DEBUG - 29.2.1.1-TopLeftX
2021-12-27 17:05:17,640 - root - DEBUG - 29.2.1.2-TopLeftY
2021-12-27 17:05:17,640 - root - DEBUG - 29.2.1.3-BottomRightX
2021-12-27 17:05:17,640 - root - DEBUG - 29.2.1.4-BottomRightY
2021-12-27 17:05:17,640 - root - DEBUG - 29.2.1.5-Alignment
2021-12-27 17:05:17,640 - root - DEBUG - 29.2.1.6-Spacing
2021-12-27 17:05:17,640 - root - DEBUG - 29.2.1.7-VerticalOffset
2021-12-27 17:05:17,641 - root - DEBUG - 29.2.1.8-ImageIndex
2021-12-27 17:05:17,641 - root - DEBUG - 29.2.1.9-ImagesCount
2021-12-27 17:05:17,641 - root - DEBUG - 29.2.2-SeparatorImageIndex
2021-12-27 17:05:17,641 - root - DEBUG - 29.3-Week
2021-12-27 17:05:17,641 - root - DEBUG - 29.3.1-Weekday
2021-12-27 17:05:17,641 - root - DEBUG - 29.3.1.1-X
2021-12-27 17:05:17,641 - root - DEBUG - 29.3.1.2-Y
2021-12-27 17:05:17,641 - root - DEBUG - 29.3.1.3-ImageIndex
2021-12-27 17:05:17,641 - root - DEBUG - 29.3.1.4-ImagesCount
2021-12-27 17:05:17,641 - root - DEBUG - generatePreviews
2021-12-27 17:05:17,642 - root - DEBUG - Generating previews...
2021-12-27 17:05:17,642 - root - DEBUG - Generating states done...
2021-12-27 17:05:17,648 - root - DEBUG - >>>>>>>>>>>> 0 <watchFaceParser.models.parameter.Parameter object at 0x0000015154416188>
2021-12-27 17:05:17,648 - root - DEBUG - >>>>>>>>>>>> 2 <watchFaceParser.models.parameter.Parameter object at 0x0000015154405B48>
2021-12-27 17:05:17,653 - root - DEBUG - >>>>>>>>>>>> 3 <watchFaceParser.models.parameter.Parameter object at 0x000001515440F088>
2021-12-27 17:05:17,658 - root - DEBUG - >>>>>>>>>>>> 4 <watchFaceParser.models.parameter.Parameter object at 0x000001515440F188>
2021-12-27 17:05:17,666 - root - DEBUG - >>>>>>>>>>>> 5 <watchFaceParser.models.parameter.Parameter object at 0x0000015154411A88>
2021-12-27 17:05:17,672 - root - DEBUG - >>>>>>>>>>>> 6 <watchFaceParser.models.parameter.Parameter object at 0x0000015154411B08>
2021-12-27 17:05:17,675 - root - DEBUG - >>>>>>>>>>>> 7 <watchFaceParser.models.parameter.Parameter object at 0x0000015154411088>
2021-12-27 17:05:17,677 - root - DEBUG - >>>>>>>>>>>> 9 <watchFaceParser.models.parameter.Parameter object at 0x0000015154414088>
2021-12-27 17:05:17,679 - root - DEBUG - >>>>>>>>>>>> 29 <watchFaceParser.models.parameter.Parameter object at 0x0000015154414AC8>
2021-12-27 17:05:17,695 - root - DEBUG - Generating static preview gen done...
2021-12-27 17:05:17,744 - root - DEBUG - Generating static preview save done...
2021-12-27 17:05:17,744 - root - DEBUG - Generating anim preview gen done...
2021-12-27 17:05:17,744 - root - DEBUG - >>>>>>>>>>>> 0 <watchFaceParser.models.parameter.Parameter object at 0x0000015154416188>
2021-12-27 17:05:17,744 - root - DEBUG - >>>>>>>>>>>> 2 <watchFaceParser.models.parameter.Parameter object at 0x0000015154405B48>
2021-12-27 17:05:17,744 - root - DEBUG - >>>>>>>>>>>> 3 <watchFaceParser.models.parameter.Parameter object at 0x000001515440F088>
2021-12-27 17:05:17,745 - root - DEBUG - >>>>>>>>>>>> 4 <watchFaceParser.models.parameter.Parameter object at 0x000001515440F188>
2021-12-27 17:05:17,745 - root - DEBUG - >>>>>>>>>>>> 5 <watchFaceParser.models.parameter.Parameter object at 0x0000015154411A88>
2021-12-27 17:05:17,745 - root - DEBUG - >>>>>>>>>>>> 6 <watchFaceParser.models.parameter.Parameter object at 0x0000015154411B08>
2021-12-27 17:05:17,745 - root - DEBUG - >>>>>>>>>>>> 7 <watchFaceParser.models.parameter.Parameter object at 0x0000015154411088>
2021-12-27 17:05:17,745 - root - DEBUG - >>>>>>>>>>>> 9 <watchFaceParser.models.parameter.Parameter object at 0x0000015154414088>
2021-12-27 17:05:17,746 - root - DEBUG - >>>>>>>>>>>> 29 <watchFaceParser.models.parameter.Parameter object at 0x0000015154414AC8>
2021-12-27 17:05:17,845 - root - DEBUG - generatePreviews done
2021-12-27 17:05:17,845 - root - DEBUG - Exporting resources to 'c2733abdad3008196e27067a66b8ba02'
2021-12-27 17:05:17,848 - root - DEBUG - extracting c2733abdad3008196e27067a66b8ba02\0000.png...
2021-12-27 17:05:17,856 - root - DEBUG - extracting c2733abdad3008196e27067a66b8ba02\0001.png...
2021-12-27 17:05:17,869 - root - DEBUG - extracting c2733abdad3008196e27067a66b8ba02\0002.png...
2021-12-27 17:05:17,870 - root - DEBUG - extracting c2733abdad3008196e27067a66b8ba02\0003.png...
2021-12-27 17:05:17,871 - root - DEBUG - extracting c2733abdad3008196e27067a66b8ba02\0004.png...
2021-12-27 17:05:17,872 - root - DEBUG - extracting c2733abdad3008196e27067a66b8ba02\0005.png...
2021-12-27 17:05:17,873 - root - DEBUG - extracting c2733abdad3008196e27067a66b8ba02\0006.png...
2021-12-27 17:05:17,874 - root - DEBUG - extracting c2733abdad3008196e27067a66b8ba02\0007.png...
2021-12-27 17:05:17,875 - root - DEBUG - extracting c2733abdad3008196e27067a66b8ba02\0008.png...
2021-12-27 17:05:17,876 - root - DEBUG - extracting c2733abdad3008196e27067a66b8ba02\0009.png...
2021-12-27 17:05:17,877 - root - DEBUG - extracting c2733abdad3008196e27067a66b8ba02\0010.png...
2021-12-27 17:05:17,878 - root - DEBUG - extracting c2733abdad3008196e27067a66b8ba02\0011.png...
2021-12-27 17:05:17,879 - root - DEBUG - extracting c2733abdad3008196e27067a66b8ba02\0012.png...
2021-12-27 17:05:17,880 - root - DEBUG - extracting c2733abdad3008196e27067a66b8ba02\0013.png...
2021-12-27 17:05:17,881 - root - DEBUG - extracting c2733abdad3008196e27067a66b8ba02\0014.png...
2021-12-27 17:05:17,881 - root - DEBUG - extracting c2733abdad3008196e27067a66b8ba02\0015.png...
2021-12-27 17:05:17,882 - root - DEBUG - extracting c2733abdad3008196e27067a66b8ba02\0016.png...
2021-12-27 17:05:17,883 - root - DEBUG - extracting c2733abdad3008196e27067a66b8ba02\0017.png...
2021-12-27 17:05:17,883 - root - DEBUG - extracting c2733abdad3008196e27067a66b8ba02\0018.png...
2021-12-27 17:05:17,884 - root - DEBUG - extracting c2733abdad3008196e27067a66b8ba02\0019.png...
2021-12-27 17:05:17,885 - root - DEBUG - extracting c2733abdad3008196e27067a66b8ba02\0020.png...
2021-12-27 17:05:17,885 - root - DEBUG - extracting c2733abdad3008196e27067a66b8ba02\0021.png...
2021-12-27 17:05:17,886 - root - DEBUG - extracting c2733abdad3008196e27067a66b8ba02\0022.png...
2021-12-27 17:05:17,887 - root - DEBUG - extracting c2733abdad3008196e27067a66b8ba02\0023.png...
2021-12-27 17:05:17,887 - root - DEBUG - extracting c2733abdad3008196e27067a66b8ba02\0024.png...
2021-12-27 17:05:17,888 - root - DEBUG - extracting c2733abdad3008196e27067a66b8ba02\0025.png...
2021-12-27 17:05:17,889 - root - DEBUG - extracting c2733abdad3008196e27067a66b8ba02\0026.png...
2021-12-27 17:05:17,890 - root - DEBUG - extracting c2733abdad3008196e27067a66b8ba02\0027.png...
2021-12-27 17:05:17,890 - root - DEBUG - extracting c2733abdad3008196e27067a66b8ba02\0028.png...
2021-12-27 17:05:17,891 - root - DEBUG - extracting c2733abdad3008196e27067a66b8ba02\0029.png...
2021-12-27 17:05:17,892 - root - DEBUG - extracting c2733abdad3008196e27067a66b8ba02\0030.png...
2021-12-27 17:05:17,892 - root - DEBUG - extracting c2733abdad3008196e27067a66b8ba02\0031.png...
2021-12-27 17:05:17,893 - root - DEBUG - extracting c2733abdad3008196e27067a66b8ba02\0032.png...
2021-12-27 17:05:17,894 - root - DEBUG - extracting c2733abdad3008196e27067a66b8ba02\0033.png...
2021-12-27 17:05:17,894 - root - DEBUG - extracting c2733abdad3008196e27067a66b8ba02\0034.png...
2021-12-27 17:05:17,895 - root - DEBUG - extracting c2733abdad3008196e27067a66b8ba02\0035.png...
2021-12-27 17:05:17,896 - root - DEBUG - extracting c2733abdad3008196e27067a66b8ba02\0036.png...
2021-12-27 17:05:17,896 - root - DEBUG - extracting c2733abdad3008196e27067a66b8ba02\0037.png...
2021-12-27 17:05:17,897 - root - DEBUG - extracting c2733abdad3008196e27067a66b8ba02\0038.png...
2021-12-27 17:05:17,898 - root - DEBUG - extracting c2733abdad3008196e27067a66b8ba02\0039.png...
2021-12-27 17:05:17,898 - root - DEBUG - extracting c2733abdad3008196e27067a66b8ba02\0040.png...
2021-12-27 17:05:17,899 - root - DEBUG - extracting c2733abdad3008196e27067a66b8ba02\0041.png...
2021-12-27 17:05:17,900 - root - DEBUG - extracting c2733abdad3008196e27067a66b8ba02\0042.png...
2021-12-27 17:05:17,900 - root - DEBUG - extracting c2733abdad3008196e27067a66b8ba02\0043.png...
2021-12-27 17:05:17,901 - root - DEBUG - extracting c2733abdad3008196e27067a66b8ba02\0044.png...
2021-12-27 17:05:17,902 - root - DEBUG - extracting c2733abdad3008196e27067a66b8ba02\0045.png...
2021-12-27 17:05:17,903 - root - DEBUG - extracting c2733abdad3008196e27067a66b8ba02\0046.png...
2021-12-27 17:05:17,903 - root - DEBUG - extracting c2733abdad3008196e27067a66b8ba02\0047.png...
2021-12-27 17:05:17,904 - root - DEBUG - extracting c2733abdad3008196e27067a66b8ba02\0048.png...
2021-12-27 17:05:17,905 - root - DEBUG - extracting c2733abdad3008196e27067a66b8ba02\0049.png...
2021-12-27 17:05:17,905 - root - DEBUG - extracting c2733abdad3008196e27067a66b8ba02\0050.png...
2021-12-27 17:05:17,906 - root - DEBUG - extracting c2733abdad3008196e27067a66b8ba02\0051.png...
2021-12-27 17:05:17,907 - root - DEBUG - extracting c2733abdad3008196e27067a66b8ba02\0052.png...
2021-12-27 17:05:17,907 - root - DEBUG - extracting c2733abdad3008196e27067a66b8ba02\0053.png...
2021-12-27 17:05:17,908 - root - DEBUG - extracting c2733abdad3008196e27067a66b8ba02\0054.png...
2021-12-27 17:05:17,909 - root - DEBUG - extracting c2733abdad3008196e27067a66b8ba02\0055.png...
2021-12-27 17:05:17,909 - root - DEBUG - extracting c2733abdad3008196e27067a66b8ba02\0056.png...
2021-12-27 17:05:17,910 - root - DEBUG - extracting c2733abdad3008196e27067a66b8ba02\0057.png...
2021-12-27 17:05:17,911 - root - DEBUG - extracting c2733abdad3008196e27067a66b8ba02\0058.png...
2021-12-27 17:05:17,912 - root - DEBUG - extracting c2733abdad3008196e27067a66b8ba02\0059.png...
2021-12-27 17:05:17,912 - root - DEBUG - extracting c2733abdad3008196e27067a66b8ba02\0060.png...
2021-12-27 17:05:17,913 - root - DEBUG - extracting c2733abdad3008196e27067a66b8ba02\0061.png...
2021-12-27 17:05:17,914 - root - DEBUG - extracting c2733abdad3008196e27067a66b8ba02\0062.png...
2021-12-27 17:05:17,916 - root - DEBUG - extracting c2733abdad3008196e27067a66b8ba02\0063.png...
2021-12-27 17:05:17,917 - root - DEBUG - extracting c2733abdad3008196e27067a66b8ba02\0064.png...
2021-12-27 17:05:17,918 - root - DEBUG - extracting c2733abdad3008196e27067a66b8ba02\0065.png...
2021-12-27 17:05:17,919 - root - DEBUG - extracting c2733abdad3008196e27067a66b8ba02\0066.png...
2021-12-27 17:05:17,920 - root - DEBUG - extracting c2733abdad3008196e27067a66b8ba02\0067.png...
2021-12-27 17:05:17,921 - root - DEBUG - extracting c2733abdad3008196e27067a66b8ba02\0068.png...
2021-12-27 17:05:17,923 - root - DEBUG - extracting c2733abdad3008196e27067a66b8ba02\0069.png...
2021-12-27 17:05:17,924 - root - DEBUG - extracting c2733abdad3008196e27067a66b8ba02\0070.png...
2021-12-27 17:05:17,925 - root - DEBUG - Exporting config...
