2023-07-09 17:52:37,185 - root - DEBUG - Opening watch face 'E:\Codez\zepp-gts2mini-wf\afee5e4acf8210d72b17db8929cb83c7.bin'
2023-07-09 17:52:37,200 - root - DEBUG - Reading parameters...
2023-07-09 17:52:37,200 - root - INFO - Reading header...
2023-07-09 17:52:37,202 - root - INFO - Header was read:
2023-07-09 17:52:37,202 - root - INFO - Signature: b'UIHH\x01\x00\xff', Unknown: 52, ParametersSize: 46, isValid: True, deviceId: 73
2023-07-09 17:52:37,202 - root - INFO - Reading parameter offsets...
2023-07-09 17:52:37,202 - root - INFO - Parameter offsets were read from file
2023-07-09 17:52:37,203 - root - INFO - Reading parameters descriptor...
2023-07-09 17:52:37,203 - root - INFO - 1 ( A): 5 bytes
2023-07-09 17:52:37,203 - root - INFO -     1 ( 8): 241 F1
2023-07-09 17:52:37,203 - root - INFO -     2 (10): 42 2A
2023-07-09 17:52:37,204 - root - INFO - getParameters descriptor was read:
2023-07-09 17:52:37,204 - root - INFO - ParametersTableLength: 241, ImagesCount: 42
2023-07-09 17:52:37,204 - root - INFO - Reading parameters locations...
2023-07-09 17:52:37,204 - root - INFO - 2 (12): 4 bytes
2023-07-09 17:52:37,205 - root - INFO -     1 ( 8): 0  0
2023-07-09 17:52:37,205 - root - INFO -     2 (10): 32 20
2023-07-09 17:52:37,205 - root - INFO - 3 (1A): 4 bytes
2023-07-09 17:52:37,205 - root - INFO -     1 ( 8): 32 20
2023-07-09 17:52:37,205 - root - INFO -     2 (10): 52 34
2023-07-09 17:52:37,206 - root - INFO - 4 (22): 4 bytes
2023-07-09 17:52:37,206 - root - INFO -     1 ( 8): 116 74
2023-07-09 17:52:37,206 - root - INFO -     2 (10): 37 25
2023-07-09 17:52:37,206 - root - INFO - 5 (2A): 4 bytes
2023-07-09 17:52:37,206 - root - INFO -     1 ( 8): 84 54
2023-07-09 17:52:37,206 - root - INFO -     2 (10): 32 20
2023-07-09 17:52:37,207 - root - INFO - 9 (4A): 5 bytes
2023-07-09 17:52:37,207 - root - INFO -     1 ( 8): 153 99
2023-07-09 17:52:37,207 - root - INFO -     2 (10): 36 24
2023-07-09 17:52:37,207 - root - INFO - 29 (EA): 5 bytes
2023-07-09 17:52:37,207 - root - INFO -     1 ( 8): 189 BD
2023-07-09 17:52:37,207 - root - INFO -     2 (10): 52 34
2023-07-09 17:52:37,208 - root - INFO - Watch face parameters locations were read:
2023-07-09 17:52:37,208 - root - INFO - Reading descriptor for parameter 2
2023-07-09 17:52:37,208 - root - INFO - Descriptor offset: 0, Descriptor length: 32
2023-07-09 17:52:37,208 - root - INFO - Parsing descriptor for parameter 2...
2023-07-09 17:52:37,209 - root - INFO - 1 ( A): 6 bytes
2023-07-09 17:52:37,209 - root - INFO -     1 ( 8): 0  0
2023-07-09 17:52:37,209 - root - INFO -     2 (10): 0  0
2023-07-09 17:52:37,210 - root - INFO -     3 (18): 1  1
2023-07-09 17:52:37,210 - root - INFO - 3 (1A): 6 bytes
2023-07-09 17:52:37,210 - root - INFO -     1 ( 8): 0  0
2023-07-09 17:52:37,211 - root - INFO -     2 (10): 0  0
2023-07-09 17:52:37,211 - root - INFO -     3 (18): 0  0
2023-07-09 17:52:37,211 - root - INFO - 4 (22): 6 bytes
2023-07-09 17:52:37,211 - root - INFO -     1 ( 8): 0  0
2023-07-09 17:52:37,211 - root - INFO -     2 (10): 0  0
2023-07-09 17:52:37,211 - root - INFO -     3 (18): 0  0
2023-07-09 17:52:37,212 - root - INFO - 5 (2A): 6 bytes
2023-07-09 17:52:37,212 - root - INFO -     1 ( 8): 0  0
2023-07-09 17:52:37,212 - root - INFO -     2 (10): 0  0
2023-07-09 17:52:37,212 - root - INFO -     3 (18): 0  0
2023-07-09 17:52:37,213 - root - INFO - Reading descriptor for parameter 3
2023-07-09 17:52:37,213 - root - INFO - Descriptor offset: 32, Descriptor length: 52
2023-07-09 17:52:37,213 - root - INFO - Parsing descriptor for parameter 3...
2023-07-09 17:52:37,213 - root - INFO - 1 ( A): 50 bytes
2023-07-09 17:52:37,213 - root - INFO -     1 ( A): 20 bytes
2023-07-09 17:52:37,213 - root - INFO -         1 ( A): 8 bytes
2023-07-09 17:52:37,214 - root - INFO -             1 ( 8): 29 1D
2023-07-09 17:52:37,214 - root - INFO -             2 (10): 119 77
2023-07-09 17:52:37,214 - root - INFO -             3 (18): 2  2
2023-07-09 17:52:37,214 - root - INFO -             4 (20): 10  A
2023-07-09 17:52:37,214 - root - INFO -         2 (12): 8 bytes
2023-07-09 17:52:37,214 - root - INFO -             1 ( 8): 64 40
2023-07-09 17:52:37,215 - root - INFO -             2 (10): 119 77
2023-07-09 17:52:37,215 - root - INFO -             3 (18): 2  2
2023-07-09 17:52:37,215 - root - INFO -             4 (20): 10  A
2023-07-09 17:52:37,215 - root - INFO -     2 (12): 22 bytes
2023-07-09 17:52:37,215 - root - INFO -         1 ( A): 9 bytes
2023-07-09 17:52:37,215 - root - INFO -             1 ( 8): 29 1D
2023-07-09 17:52:37,215 - root - INFO -             2 (10): 185 B9
2023-07-09 17:52:37,216 - root - INFO -             3 (18): 2  2
2023-07-09 17:52:37,217 - root - INFO -             4 (20): 10  A
2023-07-09 17:52:37,217 - root - INFO -         2 (12): 9 bytes
2023-07-09 17:52:37,217 - root - INFO -             1 ( 8): 64 40
2023-07-09 17:52:37,217 - root - INFO -             2 (10): 185 B9
2023-07-09 17:52:37,217 - root - INFO -             3 (18): 2  2
2023-07-09 17:52:37,217 - root - INFO -             4 (20): 10  A
2023-07-09 17:52:37,218 - root - INFO -     7 (38): 0  0
2023-07-09 17:52:37,218 - root - INFO -     8 (40): 1  1
2023-07-09 17:52:37,218 - root - INFO - Reading descriptor for parameter 4
2023-07-09 17:52:37,218 - root - INFO - Descriptor offset: 116, Descriptor length: 37
2023-07-09 17:52:37,218 - root - INFO - Parsing descriptor for parameter 4...
2023-07-09 17:52:37,219 - root - INFO - 1 ( A): 33 bytes
2023-07-09 17:52:37,219 - root - INFO -     1 ( A): 22 bytes
2023-07-09 17:52:37,219 - root - INFO -         1 ( 8): 131 83
2023-07-09 17:52:37,219 - root - INFO -         2 (10): 314 13A
2023-07-09 17:52:37,219 - root - INFO -         3 (18): 178 B2
2023-07-09 17:52:37,219 - root - INFO -         4 (20): 332 14C
2023-07-09 17:52:37,219 - root - INFO -         5 (28): 18 12
2023-07-09 17:52:37,220 - root - INFO -         6 (30): 1  1
2023-07-09 17:52:37,220 - root - INFO -         7 (38): 0  0
2023-07-09 17:52:37,220 - root - INFO -         8 (40): 23 17
2023-07-09 17:52:37,220 - root - INFO -         9 (48): 10  A
2023-07-09 17:52:37,220 - root - INFO -     4 (22): 7 bytes
2023-07-09 17:52:37,220 - root - INFO -         1 ( 8): 105 69
2023-07-09 17:52:37,220 - root - INFO -         2 (10): 315 13B
2023-07-09 17:52:37,221 - root - INFO -         3 (18): 33 21
2023-07-09 17:52:37,221 - root - INFO - 7 (38): 0  0
2023-07-09 17:52:37,222 - root - INFO - Reading descriptor for parameter 5
2023-07-09 17:52:37,223 - root - INFO - Descriptor offset: 84, Descriptor length: 32
2023-07-09 17:52:37,225 - root - INFO - Parsing descriptor for parameter 5...
2023-07-09 17:52:37,225 - root - INFO - 1 ( A): 30 bytes
2023-07-09 17:52:37,225 - root - INFO -     2 (12): 22 bytes
2023-07-09 17:52:37,225 - root - INFO -         1 ( A): 18 bytes
2023-07-09 17:52:37,226 - root - INFO -             1 ( 8): 29 1D
2023-07-09 17:52:37,226 - root - INFO -             2 (10): 87 57
2023-07-09 17:52:37,227 - root - INFO -             3 (18): 78 4E
2023-07-09 17:52:37,227 - root - INFO -             4 (20): 102 66
2023-07-09 17:52:37,227 - root - INFO -             5 (28): 18 12
2023-07-09 17:52:37,227 - root - INFO -             6 (30): 1  1
2023-07-09 17:52:37,227 - root - INFO -             7 (38): 0  0
2023-07-09 17:52:37,227 - root - INFO -             8 (40): 12  C
2023-07-09 17:52:37,227 - root - INFO -             9 (48): 10  A
2023-07-09 17:52:37,228 - root - INFO -         2 (10): 22 16
2023-07-09 17:52:37,229 - root - INFO -     4 (20): 1  1
2023-07-09 17:52:37,229 - root - INFO -     5 (28): 1  1
2023-07-09 17:52:37,229 - root - INFO -     6 (30): 0  0
2023-07-09 17:52:37,230 - root - INFO - Reading descriptor for parameter 9
2023-07-09 17:52:37,230 - root - INFO - Descriptor offset: 153, Descriptor length: 36
2023-07-09 17:52:37,230 - root - INFO - Parsing descriptor for parameter 9...
2023-07-09 17:52:37,230 - root - INFO - 1 ( A): 24 bytes
2023-07-09 17:52:37,230 - root - INFO -     1 ( A): 20 bytes
2023-07-09 17:52:37,231 - root - INFO -         1 ( 8): 146 92
2023-07-09 17:52:37,231 - root - INFO -         2 (10): 20 14
2023-07-09 17:52:37,231 - root - INFO -         3 (18): 185 B9
2023-07-09 17:52:37,231 - root - INFO -         4 (20): 35 23
2023-07-09 17:52:37,231 - root - INFO -         5 (28): 18 12
2023-07-09 17:52:37,232 - root - INFO -         6 (30): 1  1
2023-07-09 17:52:37,232 - root - INFO -         7 (38): 0  0
2023-07-09 17:52:37,232 - root - INFO -         8 (40): 12  C
2023-07-09 17:52:37,233 - root - INFO -         9 (48): 10  A
2023-07-09 17:52:37,233 - root - INFO -     4 (20): 34 22
2023-07-09 17:52:37,233 - root - INFO - 2 (12): 8 bytes
2023-07-09 17:52:37,233 - root - INFO -     1 ( 8): 120 78
2023-07-09 17:52:37,233 - root - INFO -     2 (10): 20 14
2023-07-09 17:52:37,234 - root - INFO -     3 (18): 35 23
2023-07-09 17:52:37,234 - root - INFO -     4 (20): 7  7
2023-07-09 17:52:37,234 - root - INFO - Reading descriptor for parameter 29
2023-07-09 17:52:37,234 - root - INFO - Descriptor offset: 189, Descriptor length: 52
2023-07-09 17:52:37,234 - root - INFO - Parsing descriptor for parameter 29...
2023-07-09 17:52:37,235 - root - INFO - 1 ( A): 50 bytes
2023-07-09 17:52:37,235 - root - INFO -     1 ( A): 48 bytes
2023-07-09 17:52:37,235 - root - INFO -         1 ( A): 20 bytes
2023-07-09 17:52:37,235 - root - INFO -             1 ( A): 8 bytes
2023-07-09 17:52:37,235 - root - INFO -                 1 ( 8): 29 1D
2023-07-09 17:52:37,235 - root - INFO -                 2 (10): 119 77
2023-07-09 17:52:37,235 - root - INFO -                 3 (18): 2  2
2023-07-09 17:52:37,236 - root - INFO -                 4 (20): 10  A
2023-07-09 17:52:37,236 - root - INFO -             2 (12): 8 bytes
2023-07-09 17:52:37,236 - root - INFO -                 1 ( 8): 64 40
2023-07-09 17:52:37,236 - root - INFO -                 2 (10): 119 77
2023-07-09 17:52:37,236 - root - INFO -                 3 (18): 2  2
2023-07-09 17:52:37,236 - root - INFO -                 4 (20): 10  A
2023-07-09 17:52:37,237 - root - INFO -         2 (12): 22 bytes
2023-07-09 17:52:37,237 - root - INFO -             1 ( A): 9 bytes
2023-07-09 17:52:37,237 - root - INFO -                 1 ( 8): 29 1D
2023-07-09 17:52:37,237 - root - INFO -                 2 (10): 185 B9
2023-07-09 17:52:37,237 - root - INFO -                 3 (18): 2  2
2023-07-09 17:52:37,237 - root - INFO -                 4 (20): 10  A
2023-07-09 17:52:37,237 - root - INFO -             2 (12): 9 bytes
2023-07-09 17:52:37,238 - root - INFO -                 1 ( 8): 64 40
2023-07-09 17:52:37,238 - root - INFO -                 2 (10): 185 B9
2023-07-09 17:52:37,238 - root - INFO -                 3 (18): 2  2
2023-07-09 17:52:37,238 - root - INFO -                 4 (20): 10  A
2023-07-09 17:52:37,238 - root - INFO -         4 (20): 1  1
2023-07-09 17:52:37,255 - root - INFO - Reading resources offsets table with 42 elements (168 bytes)
2023-07-09 17:52:37,256 - root - INFO - Resource 0 offset: 542, length: 100012...
2023-07-09 17:52:37,256 - root - DEBUG - Reading resource 0...
2023-07-09 17:52:37,330 - root - INFO - The image is bme.
2023-07-09 17:52:37,330 - root - INFO - Reading image header(readHeader16E)...
2023-07-09 17:52:37,331 - root - INFO - Image header was read:
2023-07-09 17:52:37,331 - root - INFO - Width: 210, Height: 242, RowLength: 420
2023-07-09 17:52:37,331 - root - INFO - datalength: 99996, _step: 2
2023-07-09 17:52:37,331 - root - INFO - BPP: 16, Transparency: False
2023-07-09 17:52:37,828 - root - INFO - Resource 1 offset: 100554, length: 212132...
2023-07-09 17:52:37,828 - root - DEBUG - Reading resource 1...
2023-07-09 17:52:37,828 - root - INFO - The image is bme.
2023-07-09 17:52:37,828 - root - INFO - Reading image header(readHeader16E)...
2023-07-09 17:52:37,829 - root - INFO - Image header was read:
2023-07-09 17:52:37,829 - root - INFO - Width: 306, Height: 354, RowLength: 612
2023-07-09 17:52:37,829 - root - INFO - datalength: 212116, _step: 2
2023-07-09 17:52:37,829 - root - INFO - BPP: 16, Transparency: False
2023-07-09 17:52:39,567 - root - INFO - Resource 2 offset: 312686, length: 2492...
2023-07-09 17:52:39,567 - root - DEBUG - Reading resource 2...
2023-07-09 17:52:39,567 - root - INFO - The image is bme.
2023-07-09 17:52:39,567 - root - INFO - Reading image header(readHeader16E)...
2023-07-09 17:52:39,567 - root - INFO - Image header was read:
2023-07-09 17:52:39,568 - root - INFO - Width: 31, Height: 52, RowLength: 62
2023-07-09 17:52:39,568 - root - INFO - datalength: 2476, _step: 2
2023-07-09 17:52:39,568 - root - INFO - BPP: 16, Transparency: False
2023-07-09 17:52:39,578 - root - INFO - Resource 3 offset: 315178, length: 1424...
2023-07-09 17:52:39,578 - root - DEBUG - Reading resource 3...
2023-07-09 17:52:39,578 - root - INFO - The image is bme.
2023-07-09 17:52:39,578 - root - INFO - Reading image header(readHeader16E)...
2023-07-09 17:52:39,588 - root - INFO - Image header was read:
2023-07-09 17:52:39,589 - root - INFO - Width: 31, Height: 52, RowLength: 62
2023-07-09 17:52:39,590 - root - INFO - datalength: 1408, _step: 2
2023-07-09 17:52:39,590 - root - INFO - BPP: 16, Transparency: False
2023-07-09 17:52:39,647 - root - INFO - Resource 4 offset: 316602, length: 2064...
2023-07-09 17:52:39,663 - root - DEBUG - Reading resource 4...
2023-07-09 17:52:39,663 - root - INFO - The image is bme.
2023-07-09 17:52:39,663 - root - INFO - Reading image header(readHeader16E)...
2023-07-09 17:52:39,670 - root - INFO - Image header was read:
2023-07-09 17:52:39,670 - root - INFO - Width: 31, Height: 52, RowLength: 62
2023-07-09 17:52:39,671 - root - INFO - datalength: 2048, _step: 2
2023-07-09 17:52:39,672 - root - INFO - BPP: 16, Transparency: False
2023-07-09 17:52:39,723 - root - INFO - Resource 5 offset: 318666, length: 2048...
2023-07-09 17:52:39,723 - root - DEBUG - Reading resource 5...
2023-07-09 17:52:39,723 - root - INFO - The image is bme.
2023-07-09 17:52:39,724 - root - INFO - Reading image header(readHeader16E)...
2023-07-09 17:52:39,729 - root - INFO - Image header was read:
2023-07-09 17:52:39,729 - root - INFO - Width: 31, Height: 52, RowLength: 62
2023-07-09 17:52:39,730 - root - INFO - datalength: 2032, _step: 2
2023-07-09 17:52:39,731 - root - INFO - BPP: 16, Transparency: False
2023-07-09 17:52:39,823 - root - INFO - Resource 6 offset: 320714, length: 1922...
2023-07-09 17:52:39,823 - root - DEBUG - Reading resource 6...
2023-07-09 17:52:39,823 - root - INFO - The image is bme.
2023-07-09 17:52:39,824 - root - INFO - Reading image header(readHeader16E)...
2023-07-09 17:52:39,824 - root - INFO - Image header was read:
2023-07-09 17:52:39,824 - root - INFO - Width: 31, Height: 52, RowLength: 62
2023-07-09 17:52:39,824 - root - INFO - datalength: 1906, _step: 2
2023-07-09 17:52:39,824 - root - INFO - BPP: 16, Transparency: False
2023-07-09 17:52:39,833 - root - INFO - Resource 7 offset: 322636, length: 2310...
2023-07-09 17:52:39,833 - root - DEBUG - Reading resource 7...
2023-07-09 17:52:39,834 - root - INFO - The image is bme.
2023-07-09 17:52:39,836 - root - INFO - Reading image header(readHeader16E)...
2023-07-09 17:52:39,838 - root - INFO - Image header was read:
2023-07-09 17:52:39,845 - root - INFO - Width: 31, Height: 52, RowLength: 62
2023-07-09 17:52:39,846 - root - INFO - datalength: 2294, _step: 2
2023-07-09 17:52:39,846 - root - INFO - BPP: 16, Transparency: False
2023-07-09 17:52:39,868 - root - INFO - Resource 8 offset: 324946, length: 2064...
2023-07-09 17:52:39,868 - root - DEBUG - Reading resource 8...
2023-07-09 17:52:39,868 - root - INFO - The image is bme.
2023-07-09 17:52:39,868 - root - INFO - Reading image header(readHeader16E)...
2023-07-09 17:52:39,868 - root - INFO - Image header was read:
2023-07-09 17:52:39,869 - root - INFO - Width: 31, Height: 52, RowLength: 62
2023-07-09 17:52:39,869 - root - INFO - datalength: 2048, _step: 2
2023-07-09 17:52:39,869 - root - INFO - BPP: 16, Transparency: False
2023-07-09 17:52:39,918 - root - INFO - Resource 9 offset: 327010, length: 1850...
2023-07-09 17:52:39,918 - root - DEBUG - Reading resource 9...
2023-07-09 17:52:39,918 - root - INFO - The image is bme.
2023-07-09 17:52:39,919 - root - INFO - Reading image header(readHeader16E)...
2023-07-09 17:52:39,919 - root - INFO - Image header was read:
2023-07-09 17:52:39,919 - root - INFO - Width: 31, Height: 52, RowLength: 62
2023-07-09 17:52:39,919 - root - INFO - datalength: 1834, _step: 2
2023-07-09 17:52:39,919 - root - INFO - BPP: 16, Transparency: False
2023-07-09 17:52:39,928 - root - INFO - Resource 10 offset: 328860, length: 2580...
2023-07-09 17:52:39,929 - root - DEBUG - Reading resource 10...
2023-07-09 17:52:39,929 - root - INFO - The image is bme.
2023-07-09 17:52:39,929 - root - INFO - Reading image header(readHeader16E)...
2023-07-09 17:52:39,929 - root - INFO - Image header was read:
2023-07-09 17:52:39,929 - root - INFO - Width: 31, Height: 52, RowLength: 62
2023-07-09 17:52:40,007 - root - INFO - datalength: 2564, _step: 2
2023-07-09 17:52:40,007 - root - INFO - BPP: 16, Transparency: False
2023-07-09 17:52:40,078 - root - INFO - Resource 11 offset: 331440, length: 2058...
2023-07-09 17:52:40,085 - root - DEBUG - Reading resource 11...
2023-07-09 17:52:40,086 - root - INFO - The image is bme.
2023-07-09 17:52:40,087 - root - INFO - Reading image header(readHeader16E)...
2023-07-09 17:52:40,088 - root - INFO - Image header was read:
2023-07-09 17:52:40,089 - root - INFO - Width: 31, Height: 52, RowLength: 62
2023-07-09 17:52:40,089 - root - INFO - datalength: 2042, _step: 2
2023-07-09 17:52:40,090 - root - INFO - BPP: 16, Transparency: False
2023-07-09 17:52:40,237 - root - INFO - Resource 12 offset: 333498, length: 376...
2023-07-09 17:52:40,238 - root - DEBUG - Reading resource 12...
2023-07-09 17:52:40,238 - root - INFO - The image is bme.
2023-07-09 17:52:40,238 - root - INFO - Reading image header(readHeader16E)...
2023-07-09 17:52:40,238 - root - INFO - Image header was read:
2023-07-09 17:52:40,238 - root - INFO - Width: 9, Height: 15, RowLength: 18
2023-07-09 17:52:40,238 - root - INFO - datalength: 360, _step: 2
2023-07-09 17:52:40,238 - root - INFO - BPP: 16, Transparency: False
2023-07-09 17:52:40,239 - root - INFO - Resource 13 offset: 333874, length: 214...
2023-07-09 17:52:40,239 - root - DEBUG - Reading resource 13...
2023-07-09 17:52:40,239 - root - INFO - The image is bme.
2023-07-09 17:52:40,240 - root - INFO - Reading image header(readHeader16E)...
2023-07-09 17:52:40,240 - root - INFO - Image header was read:
2023-07-09 17:52:40,240 - root - INFO - Width: 9, Height: 15, RowLength: 18
2023-07-09 17:52:40,240 - root - INFO - datalength: 198, _step: 2
2023-07-09 17:52:40,240 - root - INFO - BPP: 16, Transparency: False
2023-07-09 17:52:40,241 - root - INFO - Resource 14 offset: 334088, length: 304...
2023-07-09 17:52:40,241 - root - DEBUG - Reading resource 14...
2023-07-09 17:52:40,241 - root - INFO - The image is bme.
2023-07-09 17:52:40,241 - root - INFO - Reading image header(readHeader16E)...
2023-07-09 17:52:40,241 - root - INFO - Image header was read:
2023-07-09 17:52:40,241 - root - INFO - Width: 9, Height: 15, RowLength: 18
2023-07-09 17:52:40,242 - root - INFO - datalength: 288, _step: 2
2023-07-09 17:52:40,242 - root - INFO - BPP: 16, Transparency: False
2023-07-09 17:52:40,244 - root - INFO - Resource 15 offset: 334392, length: 300...
2023-07-09 17:52:40,244 - root - DEBUG - Reading resource 15...
2023-07-09 17:52:40,245 - root - INFO - The image is bme.
2023-07-09 17:52:40,245 - root - INFO - Reading image header(readHeader16E)...
2023-07-09 17:52:40,245 - root - INFO - Image header was read:
2023-07-09 17:52:40,245 - root - INFO - Width: 9, Height: 15, RowLength: 18
2023-07-09 17:52:40,245 - root - INFO - datalength: 284, _step: 2
2023-07-09 17:52:40,246 - root - INFO - BPP: 16, Transparency: False
2023-07-09 17:52:40,247 - root - INFO - Resource 16 offset: 334692, length: 282...
2023-07-09 17:52:40,247 - root - DEBUG - Reading resource 16...
2023-07-09 17:52:40,247 - root - INFO - The image is bme.
2023-07-09 17:52:40,247 - root - INFO - Reading image header(readHeader16E)...
2023-07-09 17:52:40,248 - root - INFO - Image header was read:
2023-07-09 17:52:40,248 - root - INFO - Width: 9, Height: 15, RowLength: 18
2023-07-09 17:52:40,248 - root - INFO - datalength: 266, _step: 2
2023-07-09 17:52:40,248 - root - INFO - BPP: 16, Transparency: False
2023-07-09 17:52:40,249 - root - INFO - Resource 17 offset: 334974, length: 332...
2023-07-09 17:52:40,249 - root - DEBUG - Reading resource 17...
2023-07-09 17:52:40,249 - root - INFO - The image is bme.
2023-07-09 17:52:40,249 - root - INFO - Reading image header(readHeader16E)...
2023-07-09 17:52:40,249 - root - INFO - Image header was read:
2023-07-09 17:52:40,249 - root - INFO - Width: 9, Height: 15, RowLength: 18
2023-07-09 17:52:40,249 - root - INFO - datalength: 316, _step: 2
2023-07-09 17:52:40,249 - root - INFO - BPP: 16, Transparency: False
2023-07-09 17:52:40,250 - root - INFO - Resource 18 offset: 335306, length: 308...
2023-07-09 17:52:40,250 - root - DEBUG - Reading resource 18...
2023-07-09 17:52:40,251 - root - INFO - The image is bme.
2023-07-09 17:52:40,251 - root - INFO - Reading image header(readHeader16E)...
2023-07-09 17:52:40,251 - root - INFO - Image header was read:
2023-07-09 17:52:40,251 - root - INFO - Width: 9, Height: 15, RowLength: 18
2023-07-09 17:52:40,251 - root - INFO - datalength: 292, _step: 2
2023-07-09 17:52:40,251 - root - INFO - BPP: 16, Transparency: False
2023-07-09 17:52:40,252 - root - INFO - Resource 19 offset: 335614, length: 272...
2023-07-09 17:52:40,252 - root - DEBUG - Reading resource 19...
2023-07-09 17:52:40,252 - root - INFO - The image is bme.
2023-07-09 17:52:40,322 - root - INFO - Reading image header(readHeader16E)...
2023-07-09 17:52:40,322 - root - INFO - Image header was read:
2023-07-09 17:52:40,322 - root - INFO - Width: 9, Height: 15, RowLength: 18
2023-07-09 17:52:40,324 - root - INFO - datalength: 256, _step: 2
2023-07-09 17:52:40,327 - root - INFO - BPP: 16, Transparency: False
2023-07-09 17:52:40,329 - root - INFO - Resource 20 offset: 335886, length: 364...
2023-07-09 17:52:40,330 - root - DEBUG - Reading resource 20...
2023-07-09 17:52:40,330 - root - INFO - The image is bme.
2023-07-09 17:52:40,330 - root - INFO - Reading image header(readHeader16E)...
2023-07-09 17:52:40,330 - root - INFO - Image header was read:
2023-07-09 17:52:40,330 - root - INFO - Width: 9, Height: 15, RowLength: 18
2023-07-09 17:52:40,331 - root - INFO - datalength: 348, _step: 2
2023-07-09 17:52:40,332 - root - INFO - BPP: 16, Transparency: False
2023-07-09 17:52:40,333 - root - INFO - Resource 21 offset: 336250, length: 294...
2023-07-09 17:52:40,333 - root - DEBUG - Reading resource 21...
2023-07-09 17:52:40,333 - root - INFO - The image is bme.
2023-07-09 17:52:40,334 - root - INFO - Reading image header(readHeader16E)...
2023-07-09 17:52:40,334 - root - INFO - Image header was read:
2023-07-09 17:52:40,334 - root - INFO - Width: 9, Height: 15, RowLength: 18
2023-07-09 17:52:40,334 - root - INFO - datalength: 278, _step: 2
2023-07-09 17:52:40,341 - root - INFO - BPP: 16, Transparency: False
2023-07-09 17:52:40,344 - root - INFO - Resource 22 offset: 336544, length: 56...
2023-07-09 17:52:40,368 - root - DEBUG - Reading resource 22...
2023-07-09 17:52:40,369 - root - INFO - The image is bme.
2023-07-09 17:52:40,369 - root - INFO - Reading image header(readHeader16E)...
2023-07-09 17:52:40,370 - root - INFO - Image header was read:
2023-07-09 17:52:40,370 - root - INFO - Width: 9, Height: 15, RowLength: 18
2023-07-09 17:52:40,374 - root - INFO - datalength: 40, _step: 2
2023-07-09 17:52:40,374 - root - INFO - BPP: 16, Transparency: False
2023-07-09 17:52:40,375 - root - INFO - Resource 23 offset: 336600, length: 460...
2023-07-09 17:52:40,375 - root - DEBUG - Reading resource 23...
2023-07-09 17:52:40,375 - root - INFO - The image is bme.
2023-07-09 17:52:40,375 - root - INFO - Reading image header(readHeader16E)...
2023-07-09 17:52:40,375 - root - INFO - Image header was read:
2023-07-09 17:52:40,375 - root - INFO - Width: 11, Height: 18, RowLength: 22
2023-07-09 17:52:40,377 - root - INFO - datalength: 444, _step: 2
2023-07-09 17:52:40,377 - root - INFO - BPP: 16, Transparency: False
2023-07-09 17:52:40,379 - root - INFO - Resource 24 offset: 337060, length: 260...
2023-07-09 17:52:40,381 - root - DEBUG - Reading resource 24...
2023-07-09 17:52:40,381 - root - INFO - The image is bme.
2023-07-09 17:52:40,381 - root - INFO - Reading image header(readHeader16E)...
2023-07-09 17:52:40,381 - root - INFO - Image header was read:
2023-07-09 17:52:40,381 - root - INFO - Width: 11, Height: 18, RowLength: 22
2023-07-09 17:52:40,381 - root - INFO - datalength: 244, _step: 2
2023-07-09 17:52:40,381 - root - INFO - BPP: 16, Transparency: False
2023-07-09 17:52:40,382 - root - INFO - Resource 25 offset: 337320, length: 380...
2023-07-09 17:52:40,382 - root - DEBUG - Reading resource 25...
2023-07-09 17:52:40,383 - root - INFO - The image is bme.
2023-07-09 17:52:40,383 - root - INFO - Reading image header(readHeader16E)...
2023-07-09 17:52:40,383 - root - INFO - Image header was read:
2023-07-09 17:52:40,383 - root - INFO - Width: 11, Height: 18, RowLength: 22
2023-07-09 17:52:40,383 - root - INFO - datalength: 364, _step: 2
2023-07-09 17:52:40,383 - root - INFO - BPP: 16, Transparency: False
2023-07-09 17:52:40,385 - root - INFO - Resource 26 offset: 337700, length: 390...
2023-07-09 17:52:40,385 - root - DEBUG - Reading resource 26...
2023-07-09 17:52:40,386 - root - INFO - The image is bme.
2023-07-09 17:52:40,386 - root - INFO - Reading image header(readHeader16E)...
2023-07-09 17:52:40,386 - root - INFO - Image header was read:
2023-07-09 17:52:40,386 - root - INFO - Width: 11, Height: 18, RowLength: 22
2023-07-09 17:52:40,386 - root - INFO - datalength: 374, _step: 2
2023-07-09 17:52:40,386 - root - INFO - BPP: 16, Transparency: False
2023-07-09 17:52:40,388 - root - INFO - Resource 27 offset: 338090, length: 380...
2023-07-09 17:52:40,388 - root - DEBUG - Reading resource 27...
2023-07-09 17:52:40,388 - root - INFO - The image is bme.
2023-07-09 17:52:40,388 - root - INFO - Reading image header(readHeader16E)...
2023-07-09 17:52:40,388 - root - INFO - Image header was read:
2023-07-09 17:52:40,389 - root - INFO - Width: 11, Height: 18, RowLength: 22
2023-07-09 17:52:40,389 - root - INFO - datalength: 364, _step: 2
2023-07-09 17:52:40,389 - root - INFO - BPP: 16, Transparency: False
2023-07-09 17:52:40,390 - root - INFO - Resource 28 offset: 338470, length: 408...
2023-07-09 17:52:40,390 - root - DEBUG - Reading resource 28...
2023-07-09 17:52:40,390 - root - INFO - The image is bme.
2023-07-09 17:52:40,390 - root - INFO - Reading image header(readHeader16E)...
2023-07-09 17:52:40,390 - root - INFO - Image header was read:
2023-07-09 17:52:40,390 - root - INFO - Width: 11, Height: 18, RowLength: 22
2023-07-09 17:52:40,391 - root - INFO - datalength: 392, _step: 2
2023-07-09 17:52:40,391 - root - INFO - BPP: 16, Transparency: False
2023-07-09 17:52:40,392 - root - INFO - Resource 29 offset: 338878, length: 392...
2023-07-09 17:52:40,392 - root - DEBUG - Reading resource 29...
2023-07-09 17:52:40,393 - root - INFO - The image is bme.
2023-07-09 17:52:40,394 - root - INFO - Reading image header(readHeader16E)...
2023-07-09 17:52:40,394 - root - INFO - Image header was read:
2023-07-09 17:52:40,394 - root - INFO - Width: 11, Height: 18, RowLength: 22
2023-07-09 17:52:40,394 - root - INFO - datalength: 376, _step: 2
2023-07-09 17:52:40,394 - root - INFO - BPP: 16, Transparency: False
2023-07-09 17:52:40,395 - root - INFO - Resource 30 offset: 339270, length: 346...
2023-07-09 17:52:40,395 - root - DEBUG - Reading resource 30...
2023-07-09 17:52:40,395 - root - INFO - The image is bme.
2023-07-09 17:52:40,396 - root - INFO - Reading image header(readHeader16E)...
2023-07-09 17:52:40,398 - root - INFO - Image header was read:
2023-07-09 17:52:40,398 - root - INFO - Width: 11, Height: 18, RowLength: 22
2023-07-09 17:52:40,398 - root - INFO - datalength: 330, _step: 2
2023-07-09 17:52:40,398 - root - INFO - BPP: 16, Transparency: False
2023-07-09 17:52:40,399 - root - INFO - Resource 31 offset: 339616, length: 466...
2023-07-09 17:52:40,399 - root - DEBUG - Reading resource 31...
2023-07-09 17:52:40,399 - root - INFO - The image is bme.
2023-07-09 17:52:40,399 - root - INFO - Reading image header(readHeader16E)...
2023-07-09 17:52:40,399 - root - INFO - Image header was read:
2023-07-09 17:52:40,400 - root - INFO - Width: 11, Height: 18, RowLength: 22
2023-07-09 17:52:40,400 - root - INFO - datalength: 450, _step: 2
2023-07-09 17:52:40,400 - root - INFO - BPP: 16, Transparency: False
2023-07-09 17:52:40,401 - root - INFO - Resource 32 offset: 340082, length: 396...
2023-07-09 17:52:40,401 - root - DEBUG - Reading resource 32...
2023-07-09 17:52:40,401 - root - INFO - The image is bme.
2023-07-09 17:52:40,401 - root - INFO - Reading image header(readHeader16E)...
2023-07-09 17:52:40,402 - root - INFO - Image header was read:
2023-07-09 17:52:40,402 - root - INFO - Width: 11, Height: 18, RowLength: 22
2023-07-09 17:52:40,402 - root - INFO - datalength: 380, _step: 2
2023-07-09 17:52:40,402 - root - INFO - BPP: 16, Transparency: False
2023-07-09 17:52:40,404 - root - INFO - Resource 33 offset: 340478, length: 610...
2023-07-09 17:52:40,419 - root - DEBUG - Reading resource 33...
2023-07-09 17:52:40,419 - root - INFO - The image is bme.
2023-07-09 17:52:40,419 - root - INFO - Reading image header(readHeader16E)...
2023-07-09 17:52:40,419 - root - INFO - Image header was read:
2023-07-09 17:52:40,419 - root - INFO - Width: 21, Height: 23, RowLength: 42
2023-07-09 17:52:40,420 - root - INFO - datalength: 594, _step: 2
2023-07-09 17:52:40,420 - root - INFO - BPP: 16, Transparency: False
2023-07-09 17:52:40,421 - root - INFO - Resource 34 offset: 341088, length: 421...
2023-07-09 17:52:40,421 - root - DEBUG - Reading resource 34...
2023-07-09 17:52:40,422 - root - INFO - The image is bmc.
2023-07-09 17:52:40,422 - root - INFO - Reading image header(readHeader16C)...
2023-07-09 17:52:40,422 - root - INFO - Image header was read:
2023-07-09 17:52:40,422 - root - INFO - Width: 9, Height: 15, RowLength: 27
2023-07-09 17:52:40,422 - root - INFO - _step: 3, unknown2: 0,
2023-07-09 17:52:40,423 - root - INFO - BPP: 24, Transparency: False
2023-07-09 17:52:40,424 - root - INFO - Resource 35 offset: 341509, length: 388...
2023-07-09 17:52:40,424 - root - DEBUG - Reading resource 35...
2023-07-09 17:52:40,424 - root - INFO - The image is bme.
2023-07-09 17:52:40,424 - root - INFO - Reading image header(readHeader16E)...
2023-07-09 17:52:40,424 - root - INFO - Image header was read:
2023-07-09 17:52:40,424 - root - INFO - Width: 25, Height: 15, RowLength: 50
2023-07-09 17:52:40,425 - root - INFO - datalength: 372, _step: 2
2023-07-09 17:52:40,425 - root - INFO - BPP: 16, Transparency: False
2023-07-09 17:52:40,426 - root - INFO - Resource 36 offset: 341897, length: 520...
2023-07-09 17:52:40,426 - root - DEBUG - Reading resource 36...
2023-07-09 17:52:40,427 - root - INFO - The image is bme.
2023-07-09 17:52:40,427 - root - INFO - Reading image header(readHeader16E)...
2023-07-09 17:52:40,427 - root - INFO - Image header was read:
2023-07-09 17:52:40,427 - root - INFO - Width: 25, Height: 15, RowLength: 50
2023-07-09 17:52:40,427 - root - INFO - datalength: 504, _step: 2
2023-07-09 17:52:40,427 - root - INFO - BPP: 16, Transparency: False
2023-07-09 17:52:40,429 - root - INFO - Resource 37 offset: 342417, length: 586...
2023-07-09 17:52:40,429 - root - DEBUG - Reading resource 37...
2023-07-09 17:52:40,429 - root - INFO - The image is bme.
2023-07-09 17:52:40,429 - root - INFO - Reading image header(readHeader16E)...
2023-07-09 17:52:40,429 - root - INFO - Image header was read:
2023-07-09 17:52:40,429 - root - INFO - Width: 25, Height: 15, RowLength: 50
2023-07-09 17:52:40,430 - root - INFO - datalength: 570, _step: 2
2023-07-09 17:52:40,430 - root - INFO - BPP: 16, Transparency: False
2023-07-09 17:52:40,432 - root - INFO - Resource 38 offset: 343003, length: 652...
2023-07-09 17:52:40,432 - root - DEBUG - Reading resource 38...
2023-07-09 17:52:40,432 - root - INFO - The image is bme.
2023-07-09 17:52:40,432 - root - INFO - Reading image header(readHeader16E)...
2023-07-09 17:52:40,433 - root - INFO - Image header was read:
2023-07-09 17:52:40,433 - root - INFO - Width: 25, Height: 15, RowLength: 50
2023-07-09 17:52:40,434 - root - INFO - datalength: 636, _step: 2
2023-07-09 17:52:40,434 - root - INFO - BPP: 16, Transparency: False
2023-07-09 17:52:40,436 - root - INFO - Resource 39 offset: 343655, length: 718...
2023-07-09 17:52:40,436 - root - DEBUG - Reading resource 39...
2023-07-09 17:52:40,436 - root - INFO - The image is bme.
2023-07-09 17:52:40,436 - root - INFO - Reading image header(readHeader16E)...
2023-07-09 17:52:40,437 - root - INFO - Image header was read:
2023-07-09 17:52:40,437 - root - INFO - Width: 25, Height: 15, RowLength: 50
2023-07-09 17:52:40,437 - root - INFO - datalength: 702, _step: 2
2023-07-09 17:52:40,437 - root - INFO - BPP: 16, Transparency: False
2023-07-09 17:52:40,440 - root - INFO - Resource 40 offset: 344373, length: 784...
2023-07-09 17:52:40,440 - root - DEBUG - Reading resource 40...
2023-07-09 17:52:40,440 - root - INFO - The image is bme.
2023-07-09 17:52:40,441 - root - INFO - Reading image header(readHeader16E)...
2023-07-09 17:52:40,441 - root - INFO - Image header was read:
2023-07-09 17:52:40,441 - root - INFO - Width: 25, Height: 15, RowLength: 50
2023-07-09 17:52:40,441 - root - INFO - datalength: 768, _step: 2
2023-07-09 17:52:40,441 - root - INFO - BPP: 16, Transparency: False
2023-07-09 17:52:40,444 - root - INFO - Resource 41 offset: 345157, length: 872...
2023-07-09 17:52:40,444 - root - DEBUG - Reading resource 41...
2023-07-09 17:52:40,444 - root - INFO - The image is bme.
2023-07-09 17:52:40,444 - root - INFO - Reading image header(readHeader16E)...
2023-07-09 17:52:40,444 - root - INFO - Image header was read:
2023-07-09 17:52:40,444 - root - INFO - Width: 25, Height: 15, RowLength: 50
2023-07-09 17:52:40,444 - root - INFO - datalength: 856, _step: 2
2023-07-09 17:52:40,445 - root - INFO - BPP: 16, Transparency: False
2023-07-09 17:52:40,448 - root - DEBUG - Parsing parameters...
2023-07-09 17:52:40,609 - root - DEBUG - 0 Value: None
2023-07-09 17:52:40,610 - root - DEBUG - 0.1 Value: 73
2023-07-09 17:52:40,610 - root - DEBUG - 2 Value: None
2023-07-09 17:52:40,610 - root - DEBUG - 2.1 Value: None
2023-07-09 17:52:40,610 - root - DEBUG - 2.1.1 Value: 0
2023-07-09 17:52:40,612 - root - DEBUG - 2.1.2 Value: 0
2023-07-09 17:52:40,612 - root - DEBUG - 2.1.3 Value: 1
2023-07-09 17:52:40,612 - root - DEBUG - 2.3 Value: None
2023-07-09 17:52:40,612 - root - DEBUG - 2.3.1 Value: 0
2023-07-09 17:52:40,612 - root - DEBUG - 2.3.2 Value: 0
2023-07-09 17:52:40,613 - root - DEBUG - 2.3.3 Value: 0
2023-07-09 17:52:40,613 - root - DEBUG - 2.4 Value: None
2023-07-09 17:52:40,613 - root - DEBUG - 2.4.1 Value: 0
2023-07-09 17:52:40,613 - root - DEBUG - 2.4.2 Value: 0
2023-07-09 17:52:40,613 - root - DEBUG - 2.4.3 Value: 0
2023-07-09 17:52:40,614 - root - DEBUG - 2.5 Value: None
2023-07-09 17:52:40,614 - root - DEBUG - 2.5.1 Value: 0
2023-07-09 17:52:40,614 - root - DEBUG - 2.5.2 Value: 0
2023-07-09 17:52:40,614 - root - DEBUG - 2.5.3 Value: 0
2023-07-09 17:52:40,614 - root - DEBUG - 3 Value: None
2023-07-09 17:52:40,614 - root - DEBUG - 3.1 Value: None
2023-07-09 17:52:40,614 - root - DEBUG - 3.1.1 Value: None
2023-07-09 17:52:40,614 - root - DEBUG - 3.1.1.1 Value: None
2023-07-09 17:52:40,615 - root - DEBUG - 3.1.1.1.1 Value: 29
2023-07-09 17:52:40,615 - root - DEBUG - 3.1.1.1.2 Value: 119
2023-07-09 17:52:40,615 - root - DEBUG - 3.1.1.1.3 Value: 2
2023-07-09 17:52:40,615 - root - DEBUG - 3.1.1.1.4 Value: 10
2023-07-09 17:52:40,615 - root - DEBUG - 3.1.1.2 Value: None
2023-07-09 17:52:40,615 - root - DEBUG - 3.1.1.2.1 Value: 64
2023-07-09 17:52:40,615 - root - DEBUG - 3.1.1.2.2 Value: 119
2023-07-09 17:52:40,615 - root - DEBUG - 3.1.1.2.3 Value: 2
2023-07-09 17:52:40,616 - root - DEBUG - 3.1.1.2.4 Value: 10
2023-07-09 17:52:40,616 - root - DEBUG - 3.1.2 Value: None
2023-07-09 17:52:40,616 - root - DEBUG - 3.1.2.1 Value: None
2023-07-09 17:52:40,616 - root - DEBUG - 3.1.2.1.1 Value: 29
2023-07-09 17:52:40,616 - root - DEBUG - 3.1.2.1.2 Value: 185
2023-07-09 17:52:40,616 - root - DEBUG - 3.1.2.1.3 Value: 2
2023-07-09 17:52:40,617 - root - DEBUG - 3.1.2.1.4 Value: 10
2023-07-09 17:52:40,617 - root - DEBUG - 3.1.2.2 Value: None
2023-07-09 17:52:40,617 - root - DEBUG - 3.1.2.2.1 Value: 64
2023-07-09 17:52:40,617 - root - DEBUG - 3.1.2.2.2 Value: 185
2023-07-09 17:52:40,617 - root - DEBUG - 3.1.2.2.3 Value: 2
2023-07-09 17:52:40,617 - root - DEBUG - 3.1.2.2.4 Value: 10
2023-07-09 17:52:40,617 - root - DEBUG - 3.1.7 Value: 0
2023-07-09 17:52:40,618 - root - DEBUG - 3.1.8 Value: 1
2023-07-09 17:52:40,618 - root - DEBUG - 4 Value: None
2023-07-09 17:52:40,619 - root - DEBUG - 4.1 Value: None
2023-07-09 17:52:40,619 - root - DEBUG - 4.1.1 Value: None
2023-07-09 17:52:40,619 - root - DEBUG - 4.1.1.1 Value: 131
2023-07-09 17:52:40,619 - root - DEBUG - 4.1.1.2 Value: 314
2023-07-09 17:52:40,620 - root - DEBUG - 4.1.1.3 Value: 178
2023-07-09 17:52:40,621 - root - DEBUG - 4.1.1.4 Value: 332
2023-07-09 17:52:40,621 - root - DEBUG - 4.1.1.5 Value: 18
2023-07-09 17:52:40,621 - root - DEBUG - 4.1.1.6 Value: 1
2023-07-09 17:52:40,622 - root - DEBUG - 4.1.1.7 Value: 0
2023-07-09 17:52:40,622 - root - DEBUG - 4.1.1.8 Value: 23
2023-07-09 17:52:40,622 - root - DEBUG - 4.1.1.9 Value: 10
2023-07-09 17:52:40,622 - root - DEBUG - 4.1.4 Value: None
2023-07-09 17:52:40,622 - root - DEBUG - 4.1.4.1 Value: 105
2023-07-09 17:52:40,622 - root - DEBUG - 4.1.4.2 Value: 315
2023-07-09 17:52:40,623 - root - DEBUG - 4.1.4.3 Value: 33
2023-07-09 17:52:40,623 - root - DEBUG - 4.7 Value: 0
2023-07-09 17:52:40,623 - root - DEBUG - 5 Value: None
2023-07-09 17:52:40,623 - root - DEBUG - 5.1 Value: None
2023-07-09 17:52:40,623 - root - DEBUG - 5.1.2 Value: None
2023-07-09 17:52:40,624 - root - DEBUG - 5.1.2.1 Value: None
2023-07-09 17:52:40,624 - root - DEBUG - 5.1.2.1.1 Value: 29
2023-07-09 17:52:40,624 - root - DEBUG - 5.1.2.1.2 Value: 87
2023-07-09 17:52:40,624 - root - DEBUG - 5.1.2.1.3 Value: 78
2023-07-09 17:52:40,624 - root - DEBUG - 5.1.2.1.4 Value: 102
2023-07-09 17:52:40,624 - root - DEBUG - 5.1.2.1.5 Value: 18
2023-07-09 17:52:40,625 - root - DEBUG - 5.1.2.1.6 Value: 1
2023-07-09 17:52:40,625 - root - DEBUG - 5.1.2.1.7 Value: 0
2023-07-09 17:52:40,625 - root - DEBUG - 5.1.2.1.8 Value: 12
2023-07-09 17:52:40,625 - root - DEBUG - 5.1.2.1.9 Value: 10
2023-07-09 17:52:40,625 - root - DEBUG - 5.1.2.2 Value: 22
2023-07-09 17:52:40,625 - root - DEBUG - 5.1.4 Value: 1
2023-07-09 17:52:40,626 - root - DEBUG - 5.1.5 Value: 1
2023-07-09 17:52:40,626 - root - DEBUG - 5.1.6 Value: 0
2023-07-09 17:52:40,626 - root - DEBUG - 9 Value: None
2023-07-09 17:52:40,626 - root - DEBUG - 9.1 Value: None
2023-07-09 17:52:40,626 - root - DEBUG - 9.1.1 Value: None
2023-07-09 17:52:40,626 - root - DEBUG - 9.1.1.1 Value: 146
2023-07-09 17:52:40,626 - root - DEBUG - 9.1.1.2 Value: 20
2023-07-09 17:52:40,627 - root - DEBUG - 9.1.1.3 Value: 185
2023-07-09 17:52:40,627 - root - DEBUG - 9.1.1.4 Value: 35
2023-07-09 17:52:40,627 - root - DEBUG - 9.1.1.5 Value: 18
2023-07-09 17:52:40,627 - root - DEBUG - 9.1.1.6 Value: 1
2023-07-09 17:52:40,627 - root - DEBUG - 9.1.1.7 Value: 0
2023-07-09 17:52:40,627 - root - DEBUG - 9.1.1.8 Value: 12
2023-07-09 17:52:40,628 - root - DEBUG - 9.1.1.9 Value: 10
2023-07-09 17:52:40,628 - root - DEBUG - 9.1.4 Value: 34
2023-07-09 17:52:40,628 - root - DEBUG - 9.2 Value: None
2023-07-09 17:52:40,629 - root - DEBUG - 9.2.1 Value: 120
2023-07-09 17:52:40,632 - root - DEBUG - 9.2.2 Value: 20
2023-07-09 17:52:40,633 - root - DEBUG - 9.2.3 Value: 35
2023-07-09 17:52:40,633 - root - DEBUG - 9.2.4 Value: 7
2023-07-09 17:52:40,633 - root - DEBUG - 29 Value: None
2023-07-09 17:52:40,634 - root - DEBUG - 29.1 Value: None
2023-07-09 17:52:40,635 - root - DEBUG - 29.1.1 Value: None
2023-07-09 17:52:40,635 - root - DEBUG - 29.1.1.1 Value: None
2023-07-09 17:52:40,638 - root - DEBUG - 29.1.1.1.1 Value: None
2023-07-09 17:52:40,640 - root - DEBUG - 29.1.1.1.1.1 Value: 29
2023-07-09 17:52:40,640 - root - DEBUG - 29.1.1.1.1.2 Value: 119
2023-07-09 17:52:40,640 - root - DEBUG - 29.1.1.1.1.3 Value: 2
2023-07-09 17:52:40,641 - root - DEBUG - 29.1.1.1.1.4 Value: 10
2023-07-09 17:52:40,641 - root - DEBUG - 29.1.1.1.2 Value: None
2023-07-09 17:52:40,641 - root - DEBUG - 29.1.1.1.2.1 Value: 64
2023-07-09 17:52:40,642 - root - DEBUG - 29.1.1.1.2.2 Value: 119
2023-07-09 17:52:40,642 - root - DEBUG - 29.1.1.1.2.3 Value: 2
2023-07-09 17:52:40,642 - root - DEBUG - 29.1.1.1.2.4 Value: 10
2023-07-09 17:52:40,643 - root - DEBUG - 29.1.1.2 Value: None
2023-07-09 17:52:40,643 - root - DEBUG - 29.1.1.2.1 Value: None
2023-07-09 17:52:40,643 - root - DEBUG - 29.1.1.2.1.1 Value: 29
2023-07-09 17:52:40,643 - root - DEBUG - 29.1.1.2.1.2 Value: 185
2023-07-09 17:52:40,643 - root - DEBUG - 29.1.1.2.1.3 Value: 2
2023-07-09 17:52:40,644 - root - DEBUG - 29.1.1.2.1.4 Value: 10
2023-07-09 17:52:40,645 - root - DEBUG - 29.1.1.2.2 Value: None
2023-07-09 17:52:40,645 - root - DEBUG - 29.1.1.2.2.1 Value: 64
2023-07-09 17:52:40,645 - root - DEBUG - 29.1.1.2.2.2 Value: 185
2023-07-09 17:52:40,645 - root - DEBUG - 29.1.1.2.2.3 Value: 2
2023-07-09 17:52:40,646 - root - DEBUG - 29.1.1.2.2.4 Value: 10
2023-07-09 17:52:40,646 - root - DEBUG - 29.1.1.4 Value: 1
2023-07-09 17:52:40,646 - root - DEBUG - 0-Info
2023-07-09 17:52:40,647 - root - DEBUG - 0.1-DeviceId
2023-07-09 17:52:40,647 - root - DEBUG - 2-Background
2023-07-09 17:52:40,648 - root - DEBUG - 2.1-Image
2023-07-09 17:52:40,649 - root - DEBUG - 2.1.1-X
2023-07-09 17:52:40,651 - root - DEBUG - 2.1.2-Y
2023-07-09 17:52:40,652 - root - DEBUG - 2.1.3-ImageIndex
2023-07-09 17:52:40,652 - root - DEBUG - 2.3-Preview
2023-07-09 17:52:40,652 - root - DEBUG - 2.3.1-X
2023-07-09 17:52:40,652 - root - DEBUG - 2.3.2-Y
2023-07-09 17:52:40,653 - root - DEBUG - 2.3.3-ImageIndex
2023-07-09 17:52:40,653 - root - DEBUG - 2.4-PreviewTradChinese
2023-07-09 17:52:40,653 - root - DEBUG - 2.4.1-X
2023-07-09 17:52:40,653 - root - DEBUG - 2.4.2-Y
2023-07-09 17:52:40,654 - root - DEBUG - 2.4.3-ImageIndex
2023-07-09 17:52:40,654 - root - DEBUG - 2.5-PreviewChinese
2023-07-09 17:52:40,655 - root - DEBUG - 2.5.1-X
2023-07-09 17:52:40,655 - root - DEBUG - 2.5.2-Y
2023-07-09 17:52:40,655 - root - DEBUG - 2.5.3-ImageIndex
2023-07-09 17:52:40,655 - root - DEBUG - 3-TimeExtended
2023-07-09 17:52:40,656 - root - DEBUG - 3.1-TimeSeparateDigits
2023-07-09 17:52:40,656 - root - DEBUG - 3.1.1-Hours
2023-07-09 17:52:40,657 - root - DEBUG - 3.1.1.1-Tens
2023-07-09 17:52:40,657 - root - DEBUG - 3.1.1.1.1-X
2023-07-09 17:52:40,657 - root - DEBUG - 3.1.1.1.2-Y
2023-07-09 17:52:40,658 - root - DEBUG - 3.1.1.1.3-ImageIndex
2023-07-09 17:52:40,658 - root - DEBUG - 3.1.1.1.4-ImagesCount
2023-07-09 17:52:40,658 - root - DEBUG - 3.1.1.2-Ones
2023-07-09 17:52:40,659 - root - DEBUG - 3.1.1.2.1-X
2023-07-09 17:52:40,660 - root - DEBUG - 3.1.1.2.2-Y
2023-07-09 17:52:40,660 - root - DEBUG - 3.1.1.2.3-ImageIndex
2023-07-09 17:52:40,660 - root - DEBUG - 3.1.1.2.4-ImagesCount
2023-07-09 17:52:40,661 - root - DEBUG - 3.1.2-Minutes
2023-07-09 17:52:40,661 - root - DEBUG - 3.1.2.1-Tens
2023-07-09 17:52:40,661 - root - DEBUG - 3.1.2.1.1-X
2023-07-09 17:52:40,662 - root - DEBUG - 3.1.2.1.2-Y
2023-07-09 17:52:40,662 - root - DEBUG - 3.1.2.1.3-ImageIndex
2023-07-09 17:52:40,662 - root - DEBUG - 3.1.2.1.4-ImagesCount
2023-07-09 17:52:40,662 - root - DEBUG - 3.1.2.2-Ones
2023-07-09 17:52:40,662 - root - DEBUG - 3.1.2.2.1-X
2023-07-09 17:52:40,664 - root - DEBUG - 3.1.2.2.2-Y
2023-07-09 17:52:40,664 - root - DEBUG - 3.1.2.2.3-ImageIndex
2023-07-09 17:52:40,665 - root - DEBUG - 3.1.2.2.4-ImagesCount
2023-07-09 17:52:40,665 - root - DEBUG - 3.1.7-UnknowBoolean7
2023-07-09 17:52:40,666 - root - DEBUG - 3.1.8-PaddingZeroMinutes
2023-07-09 17:52:40,669 - root - DEBUG - 4-Activity
2023-07-09 17:52:40,670 - root - DEBUG - 4.1-Steps
2023-07-09 17:52:40,670 - root - DEBUG - 4.1.1-ImageNumber
2023-07-09 17:52:40,671 - root - DEBUG - 4.1.1.1-TopLeftX
2023-07-09 17:52:40,671 - root - DEBUG - 4.1.1.2-TopLeftY
2023-07-09 17:52:40,672 - root - DEBUG - 4.1.1.3-BottomRightX
2023-07-09 17:52:40,672 - root - DEBUG - 4.1.1.4-BottomRightY
2023-07-09 17:52:40,672 - root - DEBUG - 4.1.1.5-Alignment
2023-07-09 17:52:40,673 - root - DEBUG - 4.1.1.6-Spacing
2023-07-09 17:52:40,674 - root - DEBUG - 4.1.1.7-VerticalOffset
2023-07-09 17:52:40,674 - root - DEBUG - 4.1.1.8-ImageIndex
2023-07-09 17:52:40,674 - root - DEBUG - 4.1.1.9-ImagesCount
2023-07-09 17:52:40,674 - root - DEBUG - 4.1.4-Icon
2023-07-09 17:52:40,675 - root - DEBUG - 4.1.4.1-X
2023-07-09 17:52:40,676 - root - DEBUG - 4.1.4.2-Y
2023-07-09 17:52:40,676 - root - DEBUG - 4.1.4.3-ImageIndex
2023-07-09 17:52:40,677 - root - DEBUG - 4.7-UnknownLongValue7
2023-07-09 17:52:40,677 - root - DEBUG - 5-DateBlock
2023-07-09 17:52:40,677 - root - DEBUG - 5.1-Date
2023-07-09 17:52:40,678 - root - DEBUG - 5.1.2-OneLineMonthAndDay
2023-07-09 17:52:40,678 - root - DEBUG - 5.1.2.1-Number
2023-07-09 17:52:40,678 - root - DEBUG - 5.1.2.1.1-TopLeftX
2023-07-09 17:52:40,679 - root - DEBUG - 5.1.2.1.2-TopLeftY
2023-07-09 17:52:40,679 - root - DEBUG - 5.1.2.1.3-BottomRightX
2023-07-09 17:52:40,679 - root - DEBUG - 5.1.2.1.4-BottomRightY
2023-07-09 17:52:40,679 - root - DEBUG - 5.1.2.1.5-Alignment
2023-07-09 17:52:40,680 - root - DEBUG - 5.1.2.1.6-Spacing
2023-07-09 17:52:40,680 - root - DEBUG - 5.1.2.1.7-VerticalOffset
2023-07-09 17:52:40,680 - root - DEBUG - 5.1.2.1.8-ImageIndex
2023-07-09 17:52:40,680 - root - DEBUG - 5.1.2.1.9-ImagesCount
2023-07-09 17:52:40,680 - root - DEBUG - 5.1.2.2-DelimiterImageIndex
2023-07-09 17:52:40,682 - root - DEBUG - 5.1.4-PaddingZeroMonth
2023-07-09 17:52:40,685 - root - DEBUG - 5.1.5-PaddingZeroDay
2023-07-09 17:52:40,687 - root - DEBUG - 5.1.6-UnknownBoolean6
2023-07-09 17:52:40,689 - root - DEBUG - 9-Battery
2023-07-09 17:52:40,689 - root - DEBUG - 9.1-BatteryText
2023-07-09 17:52:40,689 - root - DEBUG - 9.1.1-ImageNumber
2023-07-09 17:52:40,690 - root - DEBUG - 9.1.1.1-TopLeftX
2023-07-09 17:52:40,690 - root - DEBUG - 9.1.1.2-TopLeftY
2023-07-09 17:52:40,690 - root - DEBUG - 9.1.1.3-BottomRightX
2023-07-09 17:52:40,690 - root - DEBUG - 9.1.1.4-BottomRightY
2023-07-09 17:52:40,691 - root - DEBUG - 9.1.1.5-Alignment
2023-07-09 17:52:40,692 - root - DEBUG - 9.1.1.6-Spacing
2023-07-09 17:52:40,694 - root - DEBUG - 9.1.1.7-VerticalOffset
2023-07-09 17:52:40,694 - root - DEBUG - 9.1.1.8-ImageIndex
2023-07-09 17:52:40,695 - root - DEBUG - 9.1.1.9-ImagesCount
2023-07-09 17:52:40,696 - root - DEBUG - 9.1.4-SuffixImageIndex
2023-07-09 17:52:40,696 - root - DEBUG - 9.2-ImageProgress
2023-07-09 17:52:40,697 - root - DEBUG - 9.2.1-X
2023-07-09 17:52:40,698 - root - DEBUG - 9.2.2-Y
2023-07-09 17:52:40,698 - root - DEBUG - 9.2.3-ImageIndex
2023-07-09 17:52:40,698 - root - DEBUG - 9.2.4-ImagesCount
2023-07-09 17:52:40,698 - root - DEBUG - 29-AlwaysOnDisplay
2023-07-09 17:52:40,699 - root - DEBUG - 29.1-TimeExtended
2023-07-09 17:52:40,699 - root - DEBUG - 29.1.1-TimeSeparateDigits
2023-07-09 17:52:40,700 - root - DEBUG - 29.1.1.1-Hours
2023-07-09 17:52:40,700 - root - DEBUG - 29.1.1.1.1-Tens
2023-07-09 17:52:40,700 - root - DEBUG - 29.1.1.1.1.1-X
2023-07-09 17:52:40,700 - root - DEBUG - 29.1.1.1.1.2-Y
2023-07-09 17:52:40,700 - root - DEBUG - 29.1.1.1.1.3-ImageIndex
2023-07-09 17:52:40,700 - root - DEBUG - 29.1.1.1.1.4-ImagesCount
2023-07-09 17:52:40,700 - root - DEBUG - 29.1.1.1.2-Ones
2023-07-09 17:52:40,701 - root - DEBUG - 29.1.1.1.2.1-X
2023-07-09 17:52:40,701 - root - DEBUG - 29.1.1.1.2.2-Y
2023-07-09 17:52:40,701 - root - DEBUG - 29.1.1.1.2.3-ImageIndex
2023-07-09 17:52:40,702 - root - DEBUG - 29.1.1.1.2.4-ImagesCount
2023-07-09 17:52:40,702 - root - DEBUG - 29.1.1.2-Minutes
2023-07-09 17:52:40,702 - root - DEBUG - 29.1.1.2.1-Tens
2023-07-09 17:52:40,703 - root - DEBUG - 29.1.1.2.1.1-X
2023-07-09 17:52:40,703 - root - DEBUG - 29.1.1.2.1.2-Y
2023-07-09 17:52:40,703 - root - DEBUG - 29.1.1.2.1.3-ImageIndex
2023-07-09 17:52:40,719 - root - DEBUG - 29.1.1.2.1.4-ImagesCount
2023-07-09 17:52:40,719 - root - DEBUG - 29.1.1.2.2-Ones
2023-07-09 17:52:40,719 - root - DEBUG - 29.1.1.2.2.1-X
2023-07-09 17:52:40,720 - root - DEBUG - 29.1.1.2.2.2-Y
2023-07-09 17:52:40,721 - root - DEBUG - 29.1.1.2.2.3-ImageIndex
2023-07-09 17:52:40,721 - root - DEBUG - 29.1.1.2.2.4-ImagesCount
2023-07-09 17:52:40,722 - root - DEBUG - 29.1.1.4-PaddingZeroHours
2023-07-09 17:52:40,722 - root - DEBUG - generatePreviews
2023-07-09 17:52:40,722 - root - DEBUG - Generating previews...
2023-07-09 17:52:40,738 - root - DEBUG - Generating states done...
2023-07-09 17:52:40,796 - root - DEBUG - >>>>>>>>>>>> 0 <watchFaceParser.models.parameter.Parameter object at 0x00000169B8D1F9D0>
2023-07-09 17:52:40,798 - root - DEBUG - >>>>>>>>>>>> 2 <watchFaceParser.models.parameter.Parameter object at 0x00000169B8D19610>
2023-07-09 17:52:40,812 - root - DEBUG - >>>>>>>>>>>> 3 <watchFaceParser.models.parameter.Parameter object at 0x00000169B8D192B0>
2023-07-09 17:52:40,823 - root - DEBUG - >>>>>>>>>>>> 4 <watchFaceParser.models.parameter.Parameter object at 0x00000169B8D1B820>
2023-07-09 17:52:40,835 - root - DEBUG - >>>>>>>>>>>> 5 <watchFaceParser.models.parameter.Parameter object at 0x00000169B8D1C100>
2023-07-09 17:52:40,843 - root - DEBUG - >>>>>>>>>>>> 9 <watchFaceParser.models.parameter.Parameter object at 0x00000169B8D1CD90>
2023-07-09 17:52:40,863 - root - DEBUG - >>>>>>>>>>>> 29 <watchFaceParser.models.parameter.Parameter object at 0x00000169B8D1C880>
2023-07-09 17:52:40,884 - root - DEBUG - Generating static preview gen done...
2023-07-09 17:52:41,020 - root - DEBUG - Generating static preview save done...
2023-07-09 17:52:41,020 - root - DEBUG - Generating anim preview gen done...
2023-07-09 17:52:41,020 - root - DEBUG - >>>>>>>>>>>> 0 <watchFaceParser.models.parameter.Parameter object at 0x00000169B8D1F9D0>
2023-07-09 17:52:41,021 - root - DEBUG - >>>>>>>>>>>> 2 <watchFaceParser.models.parameter.Parameter object at 0x00000169B8D19610>
2023-07-09 17:52:41,021 - root - DEBUG - >>>>>>>>>>>> 3 <watchFaceParser.models.parameter.Parameter object at 0x00000169B8D192B0>
2023-07-09 17:52:41,021 - root - DEBUG - >>>>>>>>>>>> 4 <watchFaceParser.models.parameter.Parameter object at 0x00000169B8D1B820>
2023-07-09 17:52:41,021 - root - DEBUG - >>>>>>>>>>>> 5 <watchFaceParser.models.parameter.Parameter object at 0x00000169B8D1C100>
2023-07-09 17:52:41,022 - root - DEBUG - >>>>>>>>>>>> 9 <watchFaceParser.models.parameter.Parameter object at 0x00000169B8D1CD90>
2023-07-09 17:52:41,023 - root - DEBUG - >>>>>>>>>>>> 29 <watchFaceParser.models.parameter.Parameter object at 0x00000169B8D1C880>
2023-07-09 17:52:41,346 - root - DEBUG - generatePreviews done
2023-07-09 17:52:41,346 - root - DEBUG - Exporting resources to 'E:\Codez\zepp-gts2mini-wf\afee5e4acf8210d72b17db8929cb83c7'
2023-07-09 17:52:41,349 - root - DEBUG - extracting E:\Codez\zepp-gts2mini-wf\afee5e4acf8210d72b17db8929cb83c7\0000.png...
2023-07-09 17:52:41,450 - root - DEBUG - extracting E:\Codez\zepp-gts2mini-wf\afee5e4acf8210d72b17db8929cb83c7\0001.png...
2023-07-09 17:52:41,672 - root - DEBUG - extracting E:\Codez\zepp-gts2mini-wf\afee5e4acf8210d72b17db8929cb83c7\0002.png...
2023-07-09 17:52:41,673 - root - DEBUG - extracting E:\Codez\zepp-gts2mini-wf\afee5e4acf8210d72b17db8929cb83c7\0003.png...
2023-07-09 17:52:41,674 - root - DEBUG - extracting E:\Codez\zepp-gts2mini-wf\afee5e4acf8210d72b17db8929cb83c7\0004.png...
2023-07-09 17:52:41,676 - root - DEBUG - extracting E:\Codez\zepp-gts2mini-wf\afee5e4acf8210d72b17db8929cb83c7\0005.png...
2023-07-09 17:52:41,679 - root - DEBUG - extracting E:\Codez\zepp-gts2mini-wf\afee5e4acf8210d72b17db8929cb83c7\0006.png...
2023-07-09 17:52:41,681 - root - DEBUG - extracting E:\Codez\zepp-gts2mini-wf\afee5e4acf8210d72b17db8929cb83c7\0007.png...
2023-07-09 17:52:41,683 - root - DEBUG - extracting E:\Codez\zepp-gts2mini-wf\afee5e4acf8210d72b17db8929cb83c7\0008.png...
2023-07-09 17:52:41,684 - root - DEBUG - extracting E:\Codez\zepp-gts2mini-wf\afee5e4acf8210d72b17db8929cb83c7\0009.png...
2023-07-09 17:52:41,685 - root - DEBUG - extracting E:\Codez\zepp-gts2mini-wf\afee5e4acf8210d72b17db8929cb83c7\0010.png...
2023-07-09 17:52:41,687 - root - DEBUG - extracting E:\Codez\zepp-gts2mini-wf\afee5e4acf8210d72b17db8929cb83c7\0011.png...
2023-07-09 17:52:41,688 - root - DEBUG - extracting E:\Codez\zepp-gts2mini-wf\afee5e4acf8210d72b17db8929cb83c7\0012.png...
2023-07-09 17:52:41,690 - root - DEBUG - extracting E:\Codez\zepp-gts2mini-wf\afee5e4acf8210d72b17db8929cb83c7\0013.png...
2023-07-09 17:52:41,691 - root - DEBUG - extracting E:\Codez\zepp-gts2mini-wf\afee5e4acf8210d72b17db8929cb83c7\0014.png...
2023-07-09 17:52:41,692 - root - DEBUG - extracting E:\Codez\zepp-gts2mini-wf\afee5e4acf8210d72b17db8929cb83c7\0015.png...
2023-07-09 17:52:41,693 - root - DEBUG - extracting E:\Codez\zepp-gts2mini-wf\afee5e4acf8210d72b17db8929cb83c7\0016.png...
2023-07-09 17:52:41,695 - root - DEBUG - extracting E:\Codez\zepp-gts2mini-wf\afee5e4acf8210d72b17db8929cb83c7\0017.png...
2023-07-09 17:52:41,696 - root - DEBUG - extracting E:\Codez\zepp-gts2mini-wf\afee5e4acf8210d72b17db8929cb83c7\0018.png...
2023-07-09 17:52:41,698 - root - DEBUG - extracting E:\Codez\zepp-gts2mini-wf\afee5e4acf8210d72b17db8929cb83c7\0019.png...
2023-07-09 17:52:41,699 - root - DEBUG - extracting E:\Codez\zepp-gts2mini-wf\afee5e4acf8210d72b17db8929cb83c7\0020.png...
2023-07-09 17:52:41,699 - root - DEBUG - extracting E:\Codez\zepp-gts2mini-wf\afee5e4acf8210d72b17db8929cb83c7\0021.png...
2023-07-09 17:52:41,700 - root - DEBUG - extracting E:\Codez\zepp-gts2mini-wf\afee5e4acf8210d72b17db8929cb83c7\0022.png...
2023-07-09 17:52:41,925 - root - DEBUG - extracting E:\Codez\zepp-gts2mini-wf\afee5e4acf8210d72b17db8929cb83c7\0023.png...
2023-07-09 17:52:41,928 - root - DEBUG - extracting E:\Codez\zepp-gts2mini-wf\afee5e4acf8210d72b17db8929cb83c7\0024.png...
2023-07-09 17:52:41,929 - root - DEBUG - extracting E:\Codez\zepp-gts2mini-wf\afee5e4acf8210d72b17db8929cb83c7\0025.png...
2023-07-09 17:52:41,941 - root - DEBUG - extracting E:\Codez\zepp-gts2mini-wf\afee5e4acf8210d72b17db8929cb83c7\0026.png...
2023-07-09 17:52:41,946 - root - DEBUG - extracting E:\Codez\zepp-gts2mini-wf\afee5e4acf8210d72b17db8929cb83c7\0027.png...
2023-07-09 17:52:41,947 - root - DEBUG - extracting E:\Codez\zepp-gts2mini-wf\afee5e4acf8210d72b17db8929cb83c7\0028.png...
2023-07-09 17:52:41,948 - root - DEBUG - extracting E:\Codez\zepp-gts2mini-wf\afee5e4acf8210d72b17db8929cb83c7\0029.png...
2023-07-09 17:52:41,951 - root - DEBUG - extracting E:\Codez\zepp-gts2mini-wf\afee5e4acf8210d72b17db8929cb83c7\0030.png...
2023-07-09 17:52:41,952 - root - DEBUG - extracting E:\Codez\zepp-gts2mini-wf\afee5e4acf8210d72b17db8929cb83c7\0031.png...
2023-07-09 17:52:41,955 - root - DEBUG - extracting E:\Codez\zepp-gts2mini-wf\afee5e4acf8210d72b17db8929cb83c7\0032.png...
2023-07-09 17:52:41,958 - root - DEBUG - extracting E:\Codez\zepp-gts2mini-wf\afee5e4acf8210d72b17db8929cb83c7\0033.png...
2023-07-09 17:52:41,961 - root - DEBUG - extracting E:\Codez\zepp-gts2mini-wf\afee5e4acf8210d72b17db8929cb83c7\0034.png...
2023-07-09 17:52:41,963 - root - DEBUG - extracting E:\Codez\zepp-gts2mini-wf\afee5e4acf8210d72b17db8929cb83c7\0035.png...
2023-07-09 17:52:41,966 - root - DEBUG - extracting E:\Codez\zepp-gts2mini-wf\afee5e4acf8210d72b17db8929cb83c7\0036.png...
2023-07-09 17:52:41,968 - root - DEBUG - extracting E:\Codez\zepp-gts2mini-wf\afee5e4acf8210d72b17db8929cb83c7\0037.png...
2023-07-09 17:52:41,969 - root - DEBUG - extracting E:\Codez\zepp-gts2mini-wf\afee5e4acf8210d72b17db8929cb83c7\0038.png...
2023-07-09 17:52:41,970 - root - DEBUG - extracting E:\Codez\zepp-gts2mini-wf\afee5e4acf8210d72b17db8929cb83c7\0039.png...
2023-07-09 17:52:41,973 - root - DEBUG - extracting E:\Codez\zepp-gts2mini-wf\afee5e4acf8210d72b17db8929cb83c7\0040.png...
2023-07-09 17:52:41,975 - root - DEBUG - extracting E:\Codez\zepp-gts2mini-wf\afee5e4acf8210d72b17db8929cb83c7\0041.png...
2023-07-09 17:52:41,979 - root - DEBUG - Exporting config...
