2022-01-06 09:14:39,361 - root - DEBUG - Opening watch face 'E:\Codez\zepp-gts2mini-wf\cdc5f1f5ce2854008335366996f8b651.bin'
2022-01-06 09:14:39,377 - root - DEBUG - Reading parameters...
2022-01-06 09:14:39,377 - root - INFO - Reading header...
2022-01-06 09:14:39,377 - root - INFO - Header was read:
2022-01-06 09:14:39,377 - root - INFO - Signature: b'UIHH\x01\x00\xff', Unknown: 87, ParametersSize: 33, isValid: True, deviceId: 73
2022-01-06 09:14:39,377 - root - INFO - Reading parameter offsets...
2022-01-06 09:14:39,377 - root - INFO - Parameter offsets were read from file
2022-01-06 09:14:39,377 - root - INFO - Reading parameters descriptor...
2022-01-06 09:14:39,377 - root - INFO - 1 ( A): 5 bytes
2022-01-06 09:14:39,377 - root - INFO -     1 ( 8): 208 D0
2022-01-06 09:14:39,377 - root - INFO -     2 (10): 51 33
2022-01-06 09:14:39,377 - root - INFO - getParameters descriptor was read:
2022-01-06 09:14:39,377 - root - INFO - ParametersTableLength: 208, ImagesCount: 51
2022-01-06 09:14:39,377 - root - INFO - Reading parameters locations...
2022-01-06 09:14:39,377 - root - INFO - 2 (12): 4 bytes
2022-01-06 09:14:39,377 - root - INFO -     1 ( 8): 0  0
2022-01-06 09:14:39,377 - root - INFO -     2 (10): 32 20
2022-01-06 09:14:39,377 - root - INFO - 4 (22): 4 bytes
2022-01-06 09:14:39,377 - root - INFO -     1 ( 8): 119 77
2022-01-06 09:14:39,377 - root - INFO -     2 (10): 27 1B
2022-01-06 09:14:39,377 - root - INFO - 5 (2A): 4 bytes
2022-01-06 09:14:39,377 - root - INFO -     1 ( 8): 32 20
2022-01-06 09:14:39,377 - root - INFO -     2 (10): 87 57
2022-01-06 09:14:39,377 - root - INFO - 21 (AA): 5 bytes
2022-01-06 09:14:39,377 - root - INFO -     1 ( 8): 146 92
2022-01-06 09:14:39,377 - root - INFO -     2 (10): 62 3E
2022-01-06 09:14:39,377 - root - INFO - Watch face parameters locations were read:
2022-01-06 09:14:39,377 - root - INFO - Reading descriptor for parameter 2
2022-01-06 09:14:39,377 - root - INFO - Descriptor offset: 0, Descriptor length: 32
2022-01-06 09:14:39,377 - root - INFO - Parsing descriptor for parameter 2...
2022-01-06 09:14:39,377 - root - INFO - 1 ( A): 6 bytes
2022-01-06 09:14:39,377 - root - INFO -     1 ( 8): 0  0
2022-01-06 09:14:39,377 - root - INFO -     2 (10): 0  0
2022-01-06 09:14:39,377 - root - INFO -     3 (18): 0  0
2022-01-06 09:14:39,377 - root - INFO - 3 (1A): 6 bytes
2022-01-06 09:14:39,377 - root - INFO -     1 ( 8): 0  0
2022-01-06 09:14:39,377 - root - INFO -     2 (10): 0  0
2022-01-06 09:14:39,377 - root - INFO -     3 (18): 1  1
2022-01-06 09:14:39,377 - root - INFO - 4 (22): 6 bytes
2022-01-06 09:14:39,377 - root - INFO -     1 ( 8): 0  0
2022-01-06 09:14:39,377 - root - INFO -     2 (10): 0  0
2022-01-06 09:14:39,377 - root - INFO -     3 (18): 1  1
2022-01-06 09:14:39,377 - root - INFO - 5 (2A): 6 bytes
2022-01-06 09:14:39,377 - root - INFO -     1 ( 8): 0  0
2022-01-06 09:14:39,377 - root - INFO -     2 (10): 0  0
2022-01-06 09:14:39,377 - root - INFO -     3 (18): 1  1
2022-01-06 09:14:39,377 - root - INFO - Reading descriptor for parameter 4
2022-01-06 09:14:39,377 - root - INFO - Descriptor offset: 119, Descriptor length: 27
2022-01-06 09:14:39,377 - root - INFO - Parsing descriptor for parameter 4...
2022-01-06 09:14:39,377 - root - INFO - 1 ( A): 23 bytes
2022-01-06 09:14:39,377 - root - INFO -     1 ( A): 21 bytes
2022-01-06 09:14:39,377 - root - INFO -         1 ( 8): 22 16
2022-01-06 09:14:39,377 - root - INFO -         2 (10): 226 E2
2022-01-06 09:14:39,377 - root - INFO -         3 (18): 285 11D
2022-01-06 09:14:39,377 - root - INFO -         4 (20): 269 10D
2022-01-06 09:14:39,377 - root - INFO -         5 (28): 66 42
2022-01-06 09:14:39,377 - root - INFO -         6 (30): 12  C
2022-01-06 09:14:39,377 - root - INFO -         7 (38): 0  0
2022-01-06 09:14:39,377 - root - INFO -         8 (40): 2  2
2022-01-06 09:14:39,377 - root - INFO -         9 (48): 10  A
2022-01-06 09:14:39,377 - root - INFO - 7 (38): 0  0
2022-01-06 09:14:39,377 - root - INFO - Reading descriptor for parameter 5
2022-01-06 09:14:39,377 - root - INFO - Descriptor offset: 32, Descriptor length: 87
2022-01-06 09:14:39,377 - root - INFO - Parsing descriptor for parameter 5...
2022-01-06 09:14:39,377 - root - INFO - 1 ( A): 55 bytes
2022-01-06 09:14:39,377 - root - INFO -     9 (4A): 47 bytes
2022-01-06 09:14:39,377 - root - INFO -         3 (1A): 21 bytes
2022-01-06 09:14:39,377 - root - INFO -             1 ( 8): 187 BB
2022-01-06 09:14:39,377 - root - INFO -             2 (10): 85 55
2022-01-06 09:14:39,377 - root - INFO -             3 (18): 285 11D
2022-01-06 09:14:39,377 - root - INFO -             4 (20): 128 80
2022-01-06 09:14:39,377 - root - INFO -             5 (28): 72 48
2022-01-06 09:14:39,377 - root - INFO -             6 (30): 12  C
2022-01-06 09:14:39,377 - root - INFO -             7 (38): 0  0
2022-01-06 09:14:39,377 - root - INFO -             8 (40): 2  2
2022-01-06 09:14:39,377 - root - INFO -             9 (48): 10  A
2022-01-06 09:14:39,377 - root - INFO -         4 (20): 0  0
2022-01-06 09:14:39,377 - root - INFO -         5 (28): 0  0
2022-01-06 09:14:39,377 - root - INFO -         6 (32): 8 bytes
2022-01-06 09:14:39,377 - root - INFO -             1 ( 8): 22 16
2022-01-06 09:14:39,377 - root - INFO -             2 (10): 85 55
2022-01-06 09:14:39,377 - root - INFO -             3 (18): 12  C
2022-01-06 09:14:39,377 - root - INFO -             4 (20): 12  C
2022-01-06 09:14:39,377 - root - INFO -         7 (3A): 8 bytes
2022-01-06 09:14:39,377 - root - INFO -             1 ( 8): 22 16
2022-01-06 09:14:39,377 - root - INFO -             2 (10): 85 55
2022-01-06 09:14:39,377 - root - INFO -             3 (18): 12  C
2022-01-06 09:14:39,377 - root - INFO -             4 (20): 12  C
2022-01-06 09:14:39,377 - root - INFO -     4 (20): 0  0
2022-01-06 09:14:39,392 - root - INFO -     5 (28): 1  1
2022-01-06 09:14:39,392 - root - INFO -     6 (30): 0  0
2022-01-06 09:14:39,392 - root - INFO - 4 (22): 8 bytes
2022-01-06 09:14:39,392 - root - INFO -     1 ( 8): 22 16
2022-01-06 09:14:39,392 - root - INFO -     2 (10): 32 20
2022-01-06 09:14:39,392 - root - INFO -     3 (18): 24 18
2022-01-06 09:14:39,392 - root - INFO -     4 (20): 7  7
2022-01-06 09:14:39,392 - root - INFO - 5 (2A): 8 bytes
2022-01-06 09:14:39,392 - root - INFO -     1 ( 8): 22 16
2022-01-06 09:14:39,392 - root - INFO -     2 (10): 32 20
2022-01-06 09:14:39,392 - root - INFO -     3 (18): 24 18
2022-01-06 09:14:39,392 - root - INFO -     4 (20): 7  7
2022-01-06 09:14:39,392 - root - INFO - 6 (32): 8 bytes
2022-01-06 09:14:39,392 - root - INFO -     1 ( 8): 22 16
2022-01-06 09:14:39,392 - root - INFO -     2 (10): 32 20
2022-01-06 09:14:39,392 - root - INFO -     3 (18): 24 18
2022-01-06 09:14:39,392 - root - INFO -     4 (20): 7  7
2022-01-06 09:14:39,392 - root - INFO - Reading descriptor for parameter 21
2022-01-06 09:14:39,392 - root - INFO - Descriptor offset: 146, Descriptor length: 62
2022-01-06 09:14:39,392 - root - INFO - Parsing descriptor for parameter 21...
2022-01-06 09:14:39,392 - root - INFO - 1 ( A): 20 bytes
2022-01-06 09:14:39,392 - root - INFO -     1 ( 8): 22 16
2022-01-06 09:14:39,392 - root - INFO -     2 (10): 146 92
2022-01-06 09:14:39,392 - root - INFO -     3 (18): 120 78
2022-01-06 09:14:39,392 - root - INFO -     4 (20): 208 D0
2022-01-06 09:14:39,392 - root - INFO -     5 (28): 72 48
2022-01-06 09:14:39,392 - root - INFO -     6 (30): 12  C
2022-01-06 09:14:39,392 - root - INFO -     7 (38): 0  0
2022-01-06 09:14:39,392 - root - INFO -     8 (40): 31 1F
2022-01-06 09:14:39,392 - root - INFO -     9 (48): 10  A
2022-01-06 09:14:39,392 - root - INFO - 3 (18): 1  1
2022-01-06 09:14:39,392 - root - INFO - 6 (30): 0  0
2022-01-06 09:14:39,392 - root - INFO - 8 (42): 34 bytes
2022-01-06 09:14:39,392 - root - INFO -     1 ( 8): 1  1
2022-01-06 09:14:39,392 - root - INFO -     2 (12): 22 bytes
2022-01-06 09:14:39,392 - root - INFO -         1 ( 8): 187 BB
2022-01-06 09:14:39,392 - root - INFO -         2 (10): 146 92
2022-01-06 09:14:39,392 - root - INFO -         3 (18): 285 11D
2022-01-06 09:14:39,392 - root - INFO -         4 (20): 208 D0
2022-01-06 09:14:39,392 - root - INFO -         5 (28): 72 48
2022-01-06 09:14:39,392 - root - INFO -         6 (30): 12  C
2022-01-06 09:14:39,392 - root - INFO -         7 (38): 0  0
2022-01-06 09:14:39,392 - root - INFO -         8 (40): 41 29
2022-01-06 09:14:39,392 - root - INFO -         9 (48): 10  A
2022-01-06 09:14:39,392 - root - INFO -     4 (20): 1  1
2022-01-06 09:14:39,392 - root - INFO -     5 (28): 1  1
2022-01-06 09:14:39,392 - root - INFO -     8 (40): 0  0
2022-01-06 09:14:39,392 - root - INFO -     9 (48): 0  0
2022-01-06 09:14:39,392 - root - INFO - Reading resources offsets table with 51 elements (204 bytes)
2022-01-06 09:14:39,392 - root - INFO - Resource 0 offset: 532, length: 212116...
2022-01-06 09:14:39,392 - root - DEBUG - Reading resource 0...
2022-01-06 09:14:39,439 - root - INFO - The image is bme.
2022-01-06 09:14:39,439 - root - INFO - Reading image header(readHeader16E)...
2022-01-06 09:14:39,439 - root - INFO - Image header was read:
2022-01-06 09:14:39,439 - root - INFO - Width: 306, Height: 354, RowLength: 612
2022-01-06 09:14:39,439 - root - INFO - datalength: 212100, _step: 2
2022-01-06 09:14:39,439 - root - INFO - BPP: 16, Transparency: False
2022-01-06 09:14:39,877 - root - INFO - Resource 1 offset: 212648, length: 100028...
2022-01-06 09:14:39,877 - root - DEBUG - Reading resource 1...
2022-01-06 09:14:39,892 - root - INFO - The image is bme.
2022-01-06 09:14:39,892 - root - INFO - Reading image header(readHeader16E)...
2022-01-06 09:14:39,892 - root - INFO - Image header was read:
2022-01-06 09:14:39,892 - root - INFO - Width: 210, Height: 242, RowLength: 420
2022-01-06 09:14:39,892 - root - INFO - datalength: 100012, _step: 2
2022-01-06 09:14:39,892 - root - INFO - BPP: 16, Transparency: False
2022-01-06 09:14:40,095 - root - INFO - Resource 2 offset: 312676, length: 518...
2022-01-06 09:14:40,095 - root - DEBUG - Reading resource 2...
2022-01-06 09:14:40,095 - root - INFO - The image is bme.
2022-01-06 09:14:40,095 - root - INFO - Reading image header(readHeader16E)...
2022-01-06 09:14:40,095 - root - INFO - Image header was read:
2022-01-06 09:14:40,095 - root - INFO - Width: 43, Height: 43, RowLength: 86
2022-01-06 09:14:40,095 - root - INFO - datalength: 502, _step: 2
2022-01-06 09:14:40,095 - root - INFO - BPP: 16, Transparency: False
2022-01-06 09:14:40,095 - root - INFO - Resource 3 offset: 313194, length: 302...
2022-01-06 09:14:40,095 - root - DEBUG - Reading resource 3...
2022-01-06 09:14:40,095 - root - INFO - The image is bme.
2022-01-06 09:14:40,095 - root - INFO - Reading image header(readHeader16E)...
2022-01-06 09:14:40,095 - root - INFO - Image header was read:
2022-01-06 09:14:40,095 - root - INFO - Width: 43, Height: 43, RowLength: 86
2022-01-06 09:14:40,095 - root - INFO - datalength: 286, _step: 2
2022-01-06 09:14:40,095 - root - INFO - BPP: 16, Transparency: False
2022-01-06 09:14:40,095 - root - INFO - Resource 4 offset: 313496, length: 444...
2022-01-06 09:14:40,095 - root - DEBUG - Reading resource 4...
2022-01-06 09:14:40,095 - root - INFO - The image is bme.
2022-01-06 09:14:40,095 - root - INFO - Reading image header(readHeader16E)...
2022-01-06 09:14:40,095 - root - INFO - Image header was read:
2022-01-06 09:14:40,095 - root - INFO - Width: 43, Height: 43, RowLength: 86
2022-01-06 09:14:40,095 - root - INFO - datalength: 428, _step: 2
2022-01-06 09:14:40,095 - root - INFO - BPP: 16, Transparency: False
2022-01-06 09:14:40,095 - root - INFO - Resource 5 offset: 313940, length: 476...
2022-01-06 09:14:40,095 - root - DEBUG - Reading resource 5...
2022-01-06 09:14:40,095 - root - INFO - The image is bme.
2022-01-06 09:14:40,095 - root - INFO - Reading image header(readHeader16E)...
2022-01-06 09:14:40,095 - root - INFO - Image header was read:
2022-01-06 09:14:40,095 - root - INFO - Width: 43, Height: 43, RowLength: 86
2022-01-06 09:14:40,095 - root - INFO - datalength: 460, _step: 2
2022-01-06 09:14:40,095 - root - INFO - BPP: 16, Transparency: False
2022-01-06 09:14:40,095 - root - INFO - Resource 6 offset: 314416, length: 436...
2022-01-06 09:14:40,095 - root - DEBUG - Reading resource 6...
2022-01-06 09:14:40,095 - root - INFO - The image is bme.
2022-01-06 09:14:40,095 - root - INFO - Reading image header(readHeader16E)...
2022-01-06 09:14:40,095 - root - INFO - Image header was read:
2022-01-06 09:14:40,095 - root - INFO - Width: 43, Height: 43, RowLength: 86
2022-01-06 09:14:40,095 - root - INFO - datalength: 420, _step: 2
2022-01-06 09:14:40,095 - root - INFO - BPP: 16, Transparency: False
2022-01-06 09:14:40,095 - root - INFO - Resource 7 offset: 314852, length: 460...
2022-01-06 09:14:40,095 - root - DEBUG - Reading resource 7...
2022-01-06 09:14:40,095 - root - INFO - The image is bme.
2022-01-06 09:14:40,095 - root - INFO - Reading image header(readHeader16E)...
2022-01-06 09:14:40,095 - root - INFO - Image header was read:
2022-01-06 09:14:40,095 - root - INFO - Width: 43, Height: 43, RowLength: 86
2022-01-06 09:14:40,095 - root - INFO - datalength: 444, _step: 2
2022-01-06 09:14:40,111 - root - INFO - BPP: 16, Transparency: False
2022-01-06 09:14:40,111 - root - INFO - Resource 8 offset: 315312, length: 524...
2022-01-06 09:14:40,111 - root - DEBUG - Reading resource 8...
2022-01-06 09:14:40,111 - root - INFO - The image is bme.
2022-01-06 09:14:40,111 - root - INFO - Reading image header(readHeader16E)...
2022-01-06 09:14:40,111 - root - INFO - Image header was read:
2022-01-06 09:14:40,111 - root - INFO - Width: 43, Height: 43, RowLength: 86
2022-01-06 09:14:40,111 - root - INFO - datalength: 508, _step: 2
2022-01-06 09:14:40,111 - root - INFO - BPP: 16, Transparency: False
2022-01-06 09:14:40,111 - root - INFO - Resource 9 offset: 315836, length: 328...
2022-01-06 09:14:40,111 - root - DEBUG - Reading resource 9...
2022-01-06 09:14:40,111 - root - INFO - The image is bme.
2022-01-06 09:14:40,111 - root - INFO - Reading image header(readHeader16E)...
2022-01-06 09:14:40,111 - root - INFO - Image header was read:
2022-01-06 09:14:40,111 - root - INFO - Width: 43, Height: 43, RowLength: 86
2022-01-06 09:14:40,111 - root - INFO - datalength: 312, _step: 2
2022-01-06 09:14:40,111 - root - INFO - BPP: 16, Transparency: False
2022-01-06 09:14:40,111 - root - INFO - Resource 10 offset: 316164, length: 546...
2022-01-06 09:14:40,111 - root - DEBUG - Reading resource 10...
2022-01-06 09:14:40,111 - root - INFO - The image is bme.
2022-01-06 09:14:40,111 - root - INFO - Reading image header(readHeader16E)...
2022-01-06 09:14:40,111 - root - INFO - Image header was read:
2022-01-06 09:14:40,111 - root - INFO - Width: 43, Height: 43, RowLength: 86
2022-01-06 09:14:40,111 - root - INFO - datalength: 530, _step: 2
2022-01-06 09:14:40,111 - root - INFO - BPP: 16, Transparency: False
2022-01-06 09:14:40,111 - root - INFO - Resource 11 offset: 316710, length: 518...
2022-01-06 09:14:40,111 - root - DEBUG - Reading resource 11...
2022-01-06 09:14:40,111 - root - INFO - The image is bme.
2022-01-06 09:14:40,111 - root - INFO - Reading image header(readHeader16E)...
2022-01-06 09:14:40,111 - root - INFO - Image header was read:
2022-01-06 09:14:40,111 - root - INFO - Width: 43, Height: 43, RowLength: 86
2022-01-06 09:14:40,111 - root - INFO - datalength: 502, _step: 2
2022-01-06 09:14:40,111 - root - INFO - BPP: 16, Transparency: False
2022-01-06 09:14:40,111 - root - INFO - Resource 12 offset: 317228, length: 1424...
2022-01-06 09:14:40,111 - root - DEBUG - Reading resource 12...
2022-01-06 09:14:40,111 - root - INFO - The image is bme.
2022-01-06 09:14:40,111 - root - INFO - Reading image header(readHeader16E)...
2022-01-06 09:14:40,111 - root - INFO - Image header was read:
2022-01-06 09:14:40,111 - root - INFO - Width: 153, Height: 43, RowLength: 306
2022-01-06 09:14:40,111 - root - INFO - datalength: 1408, _step: 2
2022-01-06 09:14:40,111 - root - INFO - BPP: 16, Transparency: False
2022-01-06 09:14:40,111 - root - INFO - Resource 13 offset: 318652, length: 1368...
2022-01-06 09:14:40,111 - root - DEBUG - Reading resource 13...
2022-01-06 09:14:40,111 - root - INFO - The image is bme.
2022-01-06 09:14:40,111 - root - INFO - Reading image header(readHeader16E)...
2022-01-06 09:14:40,111 - root - INFO - Image header was read:
2022-01-06 09:14:40,111 - root - INFO - Width: 153, Height: 43, RowLength: 306
2022-01-06 09:14:40,111 - root - INFO - datalength: 1352, _step: 2
2022-01-06 09:14:40,111 - root - INFO - BPP: 16, Transparency: False
2022-01-06 09:14:40,111 - root - INFO - Resource 14 offset: 320020, length: 1820...
2022-01-06 09:14:40,111 - root - DEBUG - Reading resource 14...
2022-01-06 09:14:40,111 - root - INFO - The image is bme.
2022-01-06 09:14:40,111 - root - INFO - Reading image header(readHeader16E)...
2022-01-06 09:14:40,111 - root - INFO - Image header was read:
2022-01-06 09:14:40,111 - root - INFO - Width: 153, Height: 43, RowLength: 306
2022-01-06 09:14:40,111 - root - INFO - datalength: 1804, _step: 2
2022-01-06 09:14:40,111 - root - INFO - BPP: 16, Transparency: False
2022-01-06 09:14:40,111 - root - INFO - Resource 15 offset: 321840, length: 1446...
2022-01-06 09:14:40,111 - root - DEBUG - Reading resource 15...
2022-01-06 09:14:40,111 - root - INFO - The image is bme.
2022-01-06 09:14:40,111 - root - INFO - Reading image header(readHeader16E)...
2022-01-06 09:14:40,111 - root - INFO - Image header was read:
2022-01-06 09:14:40,111 - root - INFO - Width: 153, Height: 43, RowLength: 306
2022-01-06 09:14:40,127 - root - INFO - datalength: 1430, _step: 2
2022-01-06 09:14:40,127 - root - INFO - BPP: 16, Transparency: False
2022-01-06 09:14:40,127 - root - INFO - Resource 16 offset: 323286, length: 1680...
2022-01-06 09:14:40,127 - root - DEBUG - Reading resource 16...
2022-01-06 09:14:40,127 - root - INFO - The image is bme.
2022-01-06 09:14:40,127 - root - INFO - Reading image header(readHeader16E)...
2022-01-06 09:14:40,127 - root - INFO - Image header was read:
2022-01-06 09:14:40,127 - root - INFO - Width: 153, Height: 43, RowLength: 306
2022-01-06 09:14:40,127 - root - INFO - datalength: 1664, _step: 2
2022-01-06 09:14:40,127 - root - INFO - BPP: 16, Transparency: False
2022-01-06 09:14:40,127 - root - INFO - Resource 17 offset: 324966, length: 1490...
2022-01-06 09:14:40,127 - root - DEBUG - Reading resource 17...
2022-01-06 09:14:40,127 - root - INFO - The image is bme.
2022-01-06 09:14:40,127 - root - INFO - Reading image header(readHeader16E)...
2022-01-06 09:14:40,127 - root - INFO - Image header was read:
2022-01-06 09:14:40,127 - root - INFO - Width: 153, Height: 43, RowLength: 306
2022-01-06 09:14:40,127 - root - INFO - datalength: 1474, _step: 2
2022-01-06 09:14:40,127 - root - INFO - BPP: 16, Transparency: False
2022-01-06 09:14:40,127 - root - INFO - Resource 18 offset: 326456, length: 1170...
2022-01-06 09:14:40,127 - root - DEBUG - Reading resource 18...
2022-01-06 09:14:40,127 - root - INFO - The image is bme.
2022-01-06 09:14:40,127 - root - INFO - Reading image header(readHeader16E)...
2022-01-06 09:14:40,127 - root - INFO - Image header was read:
2022-01-06 09:14:40,127 - root - INFO - Width: 153, Height: 43, RowLength: 306
2022-01-06 09:14:40,127 - root - INFO - datalength: 1154, _step: 2
2022-01-06 09:14:40,127 - root - INFO - BPP: 16, Transparency: False
2022-01-06 09:14:40,127 - root - INFO - Resource 19 offset: 327626, length: 1576...
2022-01-06 09:14:40,127 - root - DEBUG - Reading resource 19...
2022-01-06 09:14:40,127 - root - INFO - The image is bme.
2022-01-06 09:14:40,127 - root - INFO - Reading image header(readHeader16E)...
2022-01-06 09:14:40,127 - root - INFO - Image header was read:
2022-01-06 09:14:40,127 - root - INFO - Width: 153, Height: 43, RowLength: 306
2022-01-06 09:14:40,127 - root - INFO - datalength: 1560, _step: 2
2022-01-06 09:14:40,127 - root - INFO - BPP: 16, Transparency: False
2022-01-06 09:14:40,127 - root - INFO - Resource 20 offset: 329202, length: 1370...
2022-01-06 09:14:40,127 - root - DEBUG - Reading resource 20...
2022-01-06 09:14:40,127 - root - INFO - The image is bme.
2022-01-06 09:14:40,127 - root - INFO - Reading image header(readHeader16E)...
2022-01-06 09:14:40,127 - root - INFO - Image header was read:
2022-01-06 09:14:40,127 - root - INFO - Width: 153, Height: 43, RowLength: 306
2022-01-06 09:14:40,127 - root - INFO - datalength: 1354, _step: 2
2022-01-06 09:14:40,127 - root - INFO - BPP: 16, Transparency: False
2022-01-06 09:14:40,142 - root - INFO - Resource 21 offset: 330572, length: 1398...
2022-01-06 09:14:40,142 - root - DEBUG - Reading resource 21...
2022-01-06 09:14:40,142 - root - INFO - The image is bme.
2022-01-06 09:14:40,142 - root - INFO - Reading image header(readHeader16E)...
2022-01-06 09:14:40,142 - root - INFO - Image header was read:
2022-01-06 09:14:40,142 - root - INFO - Width: 153, Height: 43, RowLength: 306
2022-01-06 09:14:40,142 - root - INFO - datalength: 1382, _step: 2
2022-01-06 09:14:40,142 - root - INFO - BPP: 16, Transparency: False
2022-01-06 09:14:40,142 - root - INFO - Resource 22 offset: 331970, length: 1648...
2022-01-06 09:14:40,142 - root - DEBUG - Reading resource 22...
2022-01-06 09:14:40,142 - root - INFO - The image is bme.
2022-01-06 09:14:40,142 - root - INFO - Reading image header(readHeader16E)...
2022-01-06 09:14:40,142 - root - INFO - Image header was read:
2022-01-06 09:14:40,142 - root - INFO - Width: 153, Height: 43, RowLength: 306
2022-01-06 09:14:40,142 - root - INFO - datalength: 1632, _step: 2
2022-01-06 09:14:40,142 - root - INFO - BPP: 16, Transparency: False
2022-01-06 09:14:40,142 - root - INFO - Resource 23 offset: 333618, length: 1440...
2022-01-06 09:14:40,142 - root - DEBUG - Reading resource 23...
2022-01-06 09:14:40,142 - root - INFO - The image is bme.
2022-01-06 09:14:40,142 - root - INFO - Reading image header(readHeader16E)...
2022-01-06 09:14:40,142 - root - INFO - Image header was read:
2022-01-06 09:14:40,142 - root - INFO - Width: 153, Height: 43, RowLength: 306
2022-01-06 09:14:40,142 - root - INFO - datalength: 1424, _step: 2
2022-01-06 09:14:40,142 - root - INFO - BPP: 16, Transparency: False
2022-01-06 09:14:40,142 - root - INFO - Resource 24 offset: 335058, length: 1992...
2022-01-06 09:14:40,142 - root - DEBUG - Reading resource 24...
2022-01-06 09:14:40,142 - root - INFO - The image is bme.
2022-01-06 09:14:40,142 - root - INFO - Reading image header(readHeader16E)...
2022-01-06 09:14:40,142 - root - INFO - Image header was read:
2022-01-06 09:14:40,142 - root - INFO - Width: 153, Height: 43, RowLength: 306
2022-01-06 09:14:40,142 - root - INFO - datalength: 1976, _step: 2
2022-01-06 09:14:40,142 - root - INFO - BPP: 16, Transparency: False
2022-01-06 09:14:40,142 - root - INFO - Resource 25 offset: 337050, length: 1258...
2022-01-06 09:14:40,142 - root - DEBUG - Reading resource 25...
2022-01-06 09:14:40,142 - root - INFO - The image is bme.
2022-01-06 09:14:40,142 - root - INFO - Reading image header(readHeader16E)...
2022-01-06 09:14:40,142 - root - INFO - Image header was read:
2022-01-06 09:14:40,142 - root - INFO - Width: 153, Height: 43, RowLength: 306
2022-01-06 09:14:40,142 - root - INFO - datalength: 1242, _step: 2
2022-01-06 09:14:40,142 - root - INFO - BPP: 16, Transparency: False
2022-01-06 09:14:40,142 - root - INFO - Resource 26 offset: 338308, length: 1812...
2022-01-06 09:14:40,142 - root - DEBUG - Reading resource 26...
2022-01-06 09:14:40,142 - root - INFO - The image is bme.
2022-01-06 09:14:40,142 - root - INFO - Reading image header(readHeader16E)...
2022-01-06 09:14:40,142 - root - INFO - Image header was read:
2022-01-06 09:14:40,142 - root - INFO - Width: 153, Height: 43, RowLength: 306
2022-01-06 09:14:40,142 - root - INFO - datalength: 1796, _step: 2
2022-01-06 09:14:40,142 - root - INFO - BPP: 16, Transparency: False
2022-01-06 09:14:40,158 - root - INFO - Resource 27 offset: 340120, length: 1330...
2022-01-06 09:14:40,158 - root - DEBUG - Reading resource 27...
2022-01-06 09:14:40,158 - root - INFO - The image is bme.
2022-01-06 09:14:40,158 - root - INFO - Reading image header(readHeader16E)...
2022-01-06 09:14:40,158 - root - INFO - Image header was read:
2022-01-06 09:14:40,158 - root - INFO - Width: 153, Height: 43, RowLength: 306
2022-01-06 09:14:40,158 - root - INFO - datalength: 1314, _step: 2
2022-01-06 09:14:40,158 - root - INFO - BPP: 16, Transparency: False
2022-01-06 09:14:40,158 - root - INFO - Resource 28 offset: 341450, length: 1196...
2022-01-06 09:14:40,158 - root - DEBUG - Reading resource 28...
2022-01-06 09:14:40,158 - root - INFO - The image is bme.
2022-01-06 09:14:40,158 - root - INFO - Reading image header(readHeader16E)...
2022-01-06 09:14:40,158 - root - INFO - Image header was read:
2022-01-06 09:14:40,158 - root - INFO - Width: 153, Height: 43, RowLength: 306
2022-01-06 09:14:40,158 - root - INFO - datalength: 1180, _step: 2
2022-01-06 09:14:40,158 - root - INFO - BPP: 16, Transparency: False
2022-01-06 09:14:40,158 - root - INFO - Resource 29 offset: 342646, length: 1332...
2022-01-06 09:14:40,158 - root - DEBUG - Reading resource 29...
2022-01-06 09:14:40,158 - root - INFO - The image is bme.
2022-01-06 09:14:40,158 - root - INFO - Reading image header(readHeader16E)...
2022-01-06 09:14:40,158 - root - INFO - Image header was read:
2022-01-06 09:14:40,158 - root - INFO - Width: 153, Height: 43, RowLength: 306
2022-01-06 09:14:40,158 - root - INFO - datalength: 1316, _step: 2
2022-01-06 09:14:40,158 - root - INFO - BPP: 16, Transparency: False
2022-01-06 09:14:40,158 - root - INFO - Resource 30 offset: 343978, length: 1644...
2022-01-06 09:14:40,158 - root - DEBUG - Reading resource 30...
2022-01-06 09:14:40,158 - root - INFO - The image is bme.
2022-01-06 09:14:40,158 - root - INFO - Reading image header(readHeader16E)...
2022-01-06 09:14:40,158 - root - INFO - Image header was read:
2022-01-06 09:14:40,158 - root - INFO - Width: 153, Height: 43, RowLength: 306
2022-01-06 09:14:40,158 - root - INFO - datalength: 1628, _step: 2
2022-01-06 09:14:40,158 - root - INFO - BPP: 16, Transparency: False
2022-01-06 09:14:40,158 - root - INFO - Resource 31 offset: 345622, length: 2652...
2022-01-06 09:14:40,158 - root - DEBUG - Reading resource 31...
2022-01-06 09:14:40,158 - root - INFO - The image is bme.
2022-01-06 09:14:40,158 - root - INFO - Reading image header(readHeader16E)...
2022-01-06 09:14:40,158 - root - INFO - Image header was read:
2022-01-06 09:14:40,158 - root - INFO - Width: 43, Height: 62, RowLength: 86
2022-01-06 09:14:40,158 - root - INFO - datalength: 2636, _step: 2
2022-01-06 09:14:40,158 - root - INFO - BPP: 16, Transparency: False
2022-01-06 09:14:40,173 - root - INFO - Resource 32 offset: 348274, length: 1398...
2022-01-06 09:14:40,173 - root - DEBUG - Reading resource 32...
2022-01-06 09:14:40,173 - root - INFO - The image is bme.
2022-01-06 09:14:40,173 - root - INFO - Reading image header(readHeader16E)...
2022-01-06 09:14:40,173 - root - INFO - Image header was read:
2022-01-06 09:14:40,173 - root - INFO - Width: 43, Height: 62, RowLength: 86
2022-01-06 09:14:40,173 - root - INFO - datalength: 1382, _step: 2
2022-01-06 09:14:40,173 - root - INFO - BPP: 16, Transparency: False
2022-01-06 09:14:40,173 - root - INFO - Resource 33 offset: 349672, length: 2310...
2022-01-06 09:14:40,173 - root - DEBUG - Reading resource 33...
2022-01-06 09:14:40,173 - root - INFO - The image is bme.
2022-01-06 09:14:40,173 - root - INFO - Reading image header(readHeader16E)...
2022-01-06 09:14:40,173 - root - INFO - Image header was read:
2022-01-06 09:14:40,173 - root - INFO - Width: 43, Height: 62, RowLength: 86
2022-01-06 09:14:40,173 - root - INFO - datalength: 2294, _step: 2
2022-01-06 09:14:40,173 - root - INFO - BPP: 16, Transparency: False
2022-01-06 09:14:40,173 - root - INFO - Resource 34 offset: 351982, length: 2440...
2022-01-06 09:14:40,173 - root - DEBUG - Reading resource 34...
2022-01-06 09:14:40,173 - root - INFO - The image is bme.
2022-01-06 09:14:40,173 - root - INFO - Reading image header(readHeader16E)...
2022-01-06 09:14:40,173 - root - INFO - Image header was read:
2022-01-06 09:14:40,173 - root - INFO - Width: 43, Height: 62, RowLength: 86
2022-01-06 09:14:40,173 - root - INFO - datalength: 2424, _step: 2
2022-01-06 09:14:40,173 - root - INFO - BPP: 16, Transparency: False
2022-01-06 09:14:40,173 - root - INFO - Resource 35 offset: 354422, length: 2250...
2022-01-06 09:14:40,173 - root - DEBUG - Reading resource 35...
2022-01-06 09:14:40,173 - root - INFO - The image is bme.
2022-01-06 09:14:40,173 - root - INFO - Reading image header(readHeader16E)...
2022-01-06 09:14:40,173 - root - INFO - Image header was read:
2022-01-06 09:14:40,173 - root - INFO - Width: 43, Height: 62, RowLength: 86
2022-01-06 09:14:40,173 - root - INFO - datalength: 2234, _step: 2
2022-01-06 09:14:40,173 - root - INFO - BPP: 16, Transparency: False
2022-01-06 09:14:40,189 - root - INFO - Resource 36 offset: 356672, length: 2546...
2022-01-06 09:14:40,189 - root - DEBUG - Reading resource 36...
2022-01-06 09:14:40,189 - root - INFO - The image is bme.
2022-01-06 09:14:40,189 - root - INFO - Reading image header(readHeader16E)...
2022-01-06 09:14:40,189 - root - INFO - Image header was read:
2022-01-06 09:14:40,189 - root - INFO - Width: 43, Height: 62, RowLength: 86
2022-01-06 09:14:40,189 - root - INFO - datalength: 2530, _step: 2
2022-01-06 09:14:40,189 - root - INFO - BPP: 16, Transparency: False
2022-01-06 09:14:40,189 - root - INFO - Resource 37 offset: 359218, length: 2832...
2022-01-06 09:14:40,189 - root - DEBUG - Reading resource 37...
2022-01-06 09:14:40,189 - root - INFO - The image is bme.
2022-01-06 09:14:40,189 - root - INFO - Reading image header(readHeader16E)...
2022-01-06 09:14:40,189 - root - INFO - Image header was read:
2022-01-06 09:14:40,189 - root - INFO - Width: 43, Height: 62, RowLength: 86
2022-01-06 09:14:40,189 - root - INFO - datalength: 2816, _step: 2
2022-01-06 09:14:40,189 - root - INFO - BPP: 16, Transparency: False
2022-01-06 09:14:40,189 - root - INFO - Resource 38 offset: 362050, length: 1664...
2022-01-06 09:14:40,189 - root - DEBUG - Reading resource 38...
2022-01-06 09:14:40,189 - root - INFO - The image is bme.
2022-01-06 09:14:40,189 - root - INFO - Reading image header(readHeader16E)...
2022-01-06 09:14:40,189 - root - INFO - Image header was read:
2022-01-06 09:14:40,189 - root - INFO - Width: 43, Height: 62, RowLength: 86
2022-01-06 09:14:40,189 - root - INFO - datalength: 1648, _step: 2
2022-01-06 09:14:40,189 - root - INFO - BPP: 16, Transparency: False
2022-01-06 09:14:40,205 - root - INFO - Resource 39 offset: 363714, length: 2924...
2022-01-06 09:14:40,205 - root - DEBUG - Reading resource 39...
2022-01-06 09:14:40,205 - root - INFO - The image is bme.
2022-01-06 09:14:40,205 - root - INFO - Reading image header(readHeader16E)...
2022-01-06 09:14:40,205 - root - INFO - Image header was read:
2022-01-06 09:14:40,205 - root - INFO - Width: 43, Height: 62, RowLength: 86
2022-01-06 09:14:40,205 - root - INFO - datalength: 2908, _step: 2
2022-01-06 09:14:40,205 - root - INFO - BPP: 16, Transparency: False
2022-01-06 09:14:40,205 - root - INFO - Resource 40 offset: 366638, length: 2842...
2022-01-06 09:14:40,205 - root - DEBUG - Reading resource 40...
2022-01-06 09:14:40,205 - root - INFO - The image is bme.
2022-01-06 09:14:40,205 - root - INFO - Reading image header(readHeader16E)...
2022-01-06 09:14:40,205 - root - INFO - Image header was read:
2022-01-06 09:14:40,205 - root - INFO - Width: 43, Height: 62, RowLength: 86
2022-01-06 09:14:40,205 - root - INFO - datalength: 2826, _step: 2
2022-01-06 09:14:40,205 - root - INFO - BPP: 16, Transparency: False
2022-01-06 09:14:40,205 - root - INFO - Resource 41 offset: 369480, length: 2652...
2022-01-06 09:14:40,205 - root - DEBUG - Reading resource 41...
2022-01-06 09:14:40,205 - root - INFO - The image is bme.
2022-01-06 09:14:40,205 - root - INFO - Reading image header(readHeader16E)...
2022-01-06 09:14:40,205 - root - INFO - Image header was read:
2022-01-06 09:14:40,205 - root - INFO - Width: 43, Height: 62, RowLength: 86
2022-01-06 09:14:40,205 - root - INFO - datalength: 2636, _step: 2
2022-01-06 09:14:40,205 - root - INFO - BPP: 16, Transparency: False
2022-01-06 09:14:40,220 - root - INFO - Resource 42 offset: 372132, length: 1398...
2022-01-06 09:14:40,220 - root - DEBUG - Reading resource 42...
2022-01-06 09:14:40,220 - root - INFO - The image is bme.
2022-01-06 09:14:40,220 - root - INFO - Reading image header(readHeader16E)...
2022-01-06 09:14:40,220 - root - INFO - Image header was read:
2022-01-06 09:14:40,220 - root - INFO - Width: 43, Height: 62, RowLength: 86
2022-01-06 09:14:40,220 - root - INFO - datalength: 1382, _step: 2
2022-01-06 09:14:40,220 - root - INFO - BPP: 16, Transparency: False
2022-01-06 09:14:40,220 - root - INFO - Resource 43 offset: 373530, length: 2310...
2022-01-06 09:14:40,220 - root - DEBUG - Reading resource 43...
2022-01-06 09:14:40,220 - root - INFO - The image is bme.
2022-01-06 09:14:40,220 - root - INFO - Reading image header(readHeader16E)...
2022-01-06 09:14:40,220 - root - INFO - Image header was read:
2022-01-06 09:14:40,220 - root - INFO - Width: 43, Height: 62, RowLength: 86
2022-01-06 09:14:40,220 - root - INFO - datalength: 2294, _step: 2
2022-01-06 09:14:40,220 - root - INFO - BPP: 16, Transparency: False
2022-01-06 09:14:40,220 - root - INFO - Resource 44 offset: 375840, length: 2440...
2022-01-06 09:14:40,220 - root - DEBUG - Reading resource 44...
2022-01-06 09:14:40,220 - root - INFO - The image is bme.
2022-01-06 09:14:40,220 - root - INFO - Reading image header(readHeader16E)...
2022-01-06 09:14:40,220 - root - INFO - Image header was read:
2022-01-06 09:14:40,220 - root - INFO - Width: 43, Height: 62, RowLength: 86
2022-01-06 09:14:40,220 - root - INFO - datalength: 2424, _step: 2
2022-01-06 09:14:40,220 - root - INFO - BPP: 16, Transparency: False
2022-01-06 09:14:40,220 - root - INFO - Resource 45 offset: 378280, length: 2250...
2022-01-06 09:14:40,220 - root - DEBUG - Reading resource 45...
2022-01-06 09:14:40,220 - root - INFO - The image is bme.
2022-01-06 09:14:40,220 - root - INFO - Reading image header(readHeader16E)...
2022-01-06 09:14:40,220 - root - INFO - Image header was read:
2022-01-06 09:14:40,220 - root - INFO - Width: 43, Height: 62, RowLength: 86
2022-01-06 09:14:40,220 - root - INFO - datalength: 2234, _step: 2
2022-01-06 09:14:40,220 - root - INFO - BPP: 16, Transparency: False
2022-01-06 09:14:40,236 - root - INFO - Resource 46 offset: 380530, length: 2546...
2022-01-06 09:14:40,236 - root - DEBUG - Reading resource 46...
2022-01-06 09:14:40,236 - root - INFO - The image is bme.
2022-01-06 09:14:40,236 - root - INFO - Reading image header(readHeader16E)...
2022-01-06 09:14:40,236 - root - INFO - Image header was read:
2022-01-06 09:14:40,236 - root - INFO - Width: 43, Height: 62, RowLength: 86
2022-01-06 09:14:40,236 - root - INFO - datalength: 2530, _step: 2
2022-01-06 09:14:40,236 - root - INFO - BPP: 16, Transparency: False
2022-01-06 09:14:40,236 - root - INFO - Resource 47 offset: 383076, length: 2832...
2022-01-06 09:14:40,236 - root - DEBUG - Reading resource 47...
2022-01-06 09:14:40,236 - root - INFO - The image is bme.
2022-01-06 09:14:40,236 - root - INFO - Reading image header(readHeader16E)...
2022-01-06 09:14:40,236 - root - INFO - Image header was read:
2022-01-06 09:14:40,236 - root - INFO - Width: 43, Height: 62, RowLength: 86
2022-01-06 09:14:40,236 - root - INFO - datalength: 2816, _step: 2
2022-01-06 09:14:40,236 - root - INFO - BPP: 16, Transparency: False
2022-01-06 09:14:40,236 - root - INFO - Resource 48 offset: 385908, length: 1664...
2022-01-06 09:14:40,236 - root - DEBUG - Reading resource 48...
2022-01-06 09:14:40,236 - root - INFO - The image is bme.
2022-01-06 09:14:40,236 - root - INFO - Reading image header(readHeader16E)...
2022-01-06 09:14:40,236 - root - INFO - Image header was read:
2022-01-06 09:14:40,236 - root - INFO - Width: 43, Height: 62, RowLength: 86
2022-01-06 09:14:40,236 - root - INFO - datalength: 1648, _step: 2
2022-01-06 09:14:40,236 - root - INFO - BPP: 16, Transparency: False
2022-01-06 09:14:40,252 - root - INFO - Resource 49 offset: 387572, length: 2924...
2022-01-06 09:14:40,252 - root - DEBUG - Reading resource 49...
2022-01-06 09:14:40,252 - root - INFO - The image is bme.
2022-01-06 09:14:40,252 - root - INFO - Reading image header(readHeader16E)...
2022-01-06 09:14:40,252 - root - INFO - Image header was read:
2022-01-06 09:14:40,252 - root - INFO - Width: 43, Height: 62, RowLength: 86
2022-01-06 09:14:40,252 - root - INFO - datalength: 2908, _step: 2
2022-01-06 09:14:40,252 - root - INFO - BPP: 16, Transparency: False
2022-01-06 09:14:40,252 - root - INFO - Resource 50 offset: 390496, length: 2842...
2022-01-06 09:14:40,252 - root - DEBUG - Reading resource 50...
2022-01-06 09:14:40,252 - root - INFO - The image is bme.
2022-01-06 09:14:40,252 - root - INFO - Reading image header(readHeader16E)...
2022-01-06 09:14:40,252 - root - INFO - Image header was read:
2022-01-06 09:14:40,252 - root - INFO - Width: 43, Height: 62, RowLength: 86
2022-01-06 09:14:40,252 - root - INFO - datalength: 2826, _step: 2
2022-01-06 09:14:40,252 - root - INFO - BPP: 16, Transparency: False
2022-01-06 09:14:40,252 - root - DEBUG - Parsing parameters...
2022-01-06 09:14:40,314 - root - DEBUG - 0 Value: None
2022-01-06 09:14:40,314 - root - DEBUG - 0.1 Value: 73
2022-01-06 09:14:40,314 - root - DEBUG - 2 Value: None
2022-01-06 09:14:40,314 - root - DEBUG - 2.1 Value: None
2022-01-06 09:14:40,314 - root - DEBUG - 2.1.1 Value: 0
2022-01-06 09:14:40,314 - root - DEBUG - 2.1.2 Value: 0
2022-01-06 09:14:40,314 - root - DEBUG - 2.1.3 Value: 0
2022-01-06 09:14:40,314 - root - DEBUG - 2.3 Value: None
2022-01-06 09:14:40,314 - root - DEBUG - 2.3.1 Value: 0
2022-01-06 09:14:40,314 - root - DEBUG - 2.3.2 Value: 0
2022-01-06 09:14:40,314 - root - DEBUG - 2.3.3 Value: 1
2022-01-06 09:14:40,314 - root - DEBUG - 2.4 Value: None
2022-01-06 09:14:40,314 - root - DEBUG - 2.4.1 Value: 0
2022-01-06 09:14:40,314 - root - DEBUG - 2.4.2 Value: 0
2022-01-06 09:14:40,314 - root - DEBUG - 2.4.3 Value: 1
2022-01-06 09:14:40,314 - root - DEBUG - 2.5 Value: None
2022-01-06 09:14:40,314 - root - DEBUG - 2.5.1 Value: 0
2022-01-06 09:14:40,314 - root - DEBUG - 2.5.2 Value: 0
2022-01-06 09:14:40,314 - root - DEBUG - 2.5.3 Value: 1
2022-01-06 09:14:40,314 - root - DEBUG - 4 Value: None
2022-01-06 09:14:40,314 - root - DEBUG - 4.1 Value: None
2022-01-06 09:14:40,314 - root - DEBUG - 4.1.1 Value: None
2022-01-06 09:14:40,314 - root - DEBUG - 4.1.1.1 Value: 22
2022-01-06 09:14:40,314 - root - DEBUG - 4.1.1.2 Value: 226
2022-01-06 09:14:40,314 - root - DEBUG - 4.1.1.3 Value: 285
2022-01-06 09:14:40,314 - root - DEBUG - 4.1.1.4 Value: 269
2022-01-06 09:14:40,314 - root - DEBUG - 4.1.1.5 Value: 66
2022-01-06 09:14:40,314 - root - DEBUG - 4.1.1.6 Value: 12
2022-01-06 09:14:40,314 - root - DEBUG - 4.1.1.7 Value: 0
2022-01-06 09:14:40,314 - root - DEBUG - 4.1.1.8 Value: 2
2022-01-06 09:14:40,314 - root - DEBUG - 4.1.1.9 Value: 10
2022-01-06 09:14:40,314 - root - DEBUG - 4.7 Value: 0
2022-01-06 09:14:40,314 - root - DEBUG - 5 Value: None
2022-01-06 09:14:40,314 - root - DEBUG - 5.1 Value: None
2022-01-06 09:14:40,314 - root - DEBUG - 5.1.9 Value: None
2022-01-06 09:14:40,314 - root - DEBUG - 5.1.9.3 Value: None
2022-01-06 09:14:40,314 - root - DEBUG - 5.1.9.3.1 Value: 187
2022-01-06 09:14:40,314 - root - DEBUG - 5.1.9.3.2 Value: 85
2022-01-06 09:14:40,314 - root - DEBUG - 5.1.9.3.3 Value: 285
2022-01-06 09:14:40,314 - root - DEBUG - 5.1.9.3.4 Value: 128
2022-01-06 09:14:40,314 - root - DEBUG - 5.1.9.3.5 Value: 72
2022-01-06 09:14:40,314 - root - DEBUG - 5.1.9.3.6 Value: 12
2022-01-06 09:14:40,314 - root - DEBUG - 5.1.9.3.7 Value: 0
2022-01-06 09:14:40,314 - root - DEBUG - 5.1.9.3.8 Value: 2
2022-01-06 09:14:40,314 - root - DEBUG - 5.1.9.3.9 Value: 10
2022-01-06 09:14:40,314 - root - DEBUG - 5.1.9.4 Value: 0
2022-01-06 09:14:40,314 - root - DEBUG - 5.1.9.5 Value: 0
2022-01-06 09:14:40,314 - root - DEBUG - 5.1.9.6 Value: None
2022-01-06 09:14:40,314 - root - DEBUG - 5.1.9.6.1 Value: 22
2022-01-06 09:14:40,314 - root - DEBUG - 5.1.9.6.2 Value: 85
2022-01-06 09:14:40,314 - root - DEBUG - 5.1.9.6.3 Value: 12
2022-01-06 09:14:40,314 - root - DEBUG - 5.1.9.6.4 Value: 12
2022-01-06 09:14:40,314 - root - DEBUG - 5.1.9.7 Value: None
2022-01-06 09:14:40,314 - root - DEBUG - 5.1.9.7.1 Value: 22
2022-01-06 09:14:40,330 - root - DEBUG - 5.1.9.7.2 Value: 85
2022-01-06 09:14:40,330 - root - DEBUG - 5.1.9.7.3 Value: 12
2022-01-06 09:14:40,330 - root - DEBUG - 5.1.9.7.4 Value: 12
2022-01-06 09:14:40,330 - root - DEBUG - 5.1.4 Value: 0
2022-01-06 09:14:40,330 - root - DEBUG - 5.1.5 Value: 1
2022-01-06 09:14:40,330 - root - DEBUG - 5.1.6 Value: 0
2022-01-06 09:14:40,330 - root - DEBUG - 5.4 Value: None
2022-01-06 09:14:40,330 - root - DEBUG - 5.4.1 Value: 22
2022-01-06 09:14:40,330 - root - DEBUG - 5.4.2 Value: 32
2022-01-06 09:14:40,330 - root - DEBUG - 5.4.3 Value: 24
2022-01-06 09:14:40,330 - root - DEBUG - 5.4.4 Value: 7
2022-01-06 09:14:40,330 - root - DEBUG - 5.5 Value: None
2022-01-06 09:14:40,330 - root - DEBUG - 5.5.1 Value: 22
2022-01-06 09:14:40,330 - root - DEBUG - 5.5.2 Value: 32
2022-01-06 09:14:40,330 - root - DEBUG - 5.5.3 Value: 24
2022-01-06 09:14:40,330 - root - DEBUG - 5.5.4 Value: 7
2022-01-06 09:14:40,330 - root - DEBUG - 5.6 Value: None
2022-01-06 09:14:40,330 - root - DEBUG - 5.6.1 Value: 22
2022-01-06 09:14:40,330 - root - DEBUG - 5.6.2 Value: 32
2022-01-06 09:14:40,330 - root - DEBUG - 5.6.3 Value: 24
2022-01-06 09:14:40,330 - root - DEBUG - 5.6.4 Value: 7
2022-01-06 09:14:40,330 - root - DEBUG - 21 Value: None
2022-01-06 09:14:40,330 - root - DEBUG - 21.1 Value: None
2022-01-06 09:14:40,330 - root - DEBUG - 21.1.1 Value: 22
2022-01-06 09:14:40,330 - root - DEBUG - 21.1.2 Value: 146
2022-01-06 09:14:40,330 - root - DEBUG - 21.1.3 Value: 120
2022-01-06 09:14:40,330 - root - DEBUG - 21.1.4 Value: 208
2022-01-06 09:14:40,330 - root - DEBUG - 21.1.5 Value: 72
2022-01-06 09:14:40,330 - root - DEBUG - 21.1.6 Value: 12
2022-01-06 09:14:40,330 - root - DEBUG - 21.1.7 Value: 0
2022-01-06 09:14:40,330 - root - DEBUG - 21.1.8 Value: 31
2022-01-06 09:14:40,330 - root - DEBUG - 21.1.9 Value: 10
2022-01-06 09:14:40,330 - root - DEBUG - 21.3 Value: 1
2022-01-06 09:14:40,330 - root - DEBUG - 21.6 Value: 0
2022-01-06 09:14:40,330 - root - DEBUG - 21.8 Value: None
2022-01-06 09:14:40,330 - root - DEBUG - 21.8.1 Value: 1
2022-01-06 09:14:40,330 - root - DEBUG - 21.8.2 Value: None
2022-01-06 09:14:40,330 - root - DEBUG - 21.8.2.1 Value: 187
2022-01-06 09:14:40,330 - root - DEBUG - 21.8.2.2 Value: 146
2022-01-06 09:14:40,330 - root - DEBUG - 21.8.2.3 Value: 285
2022-01-06 09:14:40,330 - root - DEBUG - 21.8.2.4 Value: 208
2022-01-06 09:14:40,330 - root - DEBUG - 21.8.2.5 Value: 72
2022-01-06 09:14:40,330 - root - DEBUG - 21.8.2.6 Value: 12
2022-01-06 09:14:40,330 - root - DEBUG - 21.8.2.7 Value: 0
2022-01-06 09:14:40,330 - root - DEBUG - 21.8.2.8 Value: 41
2022-01-06 09:14:40,330 - root - DEBUG - 21.8.2.9 Value: 10
2022-01-06 09:14:40,330 - root - DEBUG - 21.8.4 Value: 1
2022-01-06 09:14:40,330 - root - DEBUG - 21.8.5 Value: 1
2022-01-06 09:14:40,330 - root - DEBUG - 21.8.8 Value: 0
2022-01-06 09:14:40,330 - root - DEBUG - 21.8.9 Value: 0
2022-01-06 09:14:40,330 - root - DEBUG - 0-Info
2022-01-06 09:14:40,330 - root - DEBUG - 0.1-DeviceId
2022-01-06 09:14:40,330 - root - DEBUG - 2-Background
2022-01-06 09:14:40,330 - root - DEBUG - 2.1-Image
2022-01-06 09:14:40,330 - root - DEBUG - 2.1.1-X
2022-01-06 09:14:40,330 - root - DEBUG - 2.1.2-Y
2022-01-06 09:14:40,330 - root - DEBUG - 2.1.3-ImageIndex
2022-01-06 09:14:40,330 - root - DEBUG - 2.3-Preview
2022-01-06 09:14:40,330 - root - DEBUG - 2.3.1-X
2022-01-06 09:14:40,330 - root - DEBUG - 2.3.2-Y
2022-01-06 09:14:40,330 - root - DEBUG - 2.3.3-ImageIndex
2022-01-06 09:14:40,330 - root - DEBUG - 2.4-PreviewTradChinese
2022-01-06 09:14:40,330 - root - DEBUG - 2.4.1-X
2022-01-06 09:14:40,330 - root - DEBUG - 2.4.2-Y
2022-01-06 09:14:40,330 - root - DEBUG - 2.4.3-ImageIndex
2022-01-06 09:14:40,330 - root - DEBUG - 2.5-PreviewChinese
2022-01-06 09:14:40,330 - root - DEBUG - 2.5.1-X
2022-01-06 09:14:40,330 - root - DEBUG - 2.5.2-Y
2022-01-06 09:14:40,330 - root - DEBUG - 2.5.3-ImageIndex
2022-01-06 09:14:40,330 - root - DEBUG - 4-Activity
2022-01-06 09:14:40,330 - root - DEBUG - 4.1-Steps
2022-01-06 09:14:40,330 - root - DEBUG - 4.1.1-ImageNumber
2022-01-06 09:14:40,330 - root - DEBUG - 4.1.1.1-TopLeftX
2022-01-06 09:14:40,330 - root - DEBUG - 4.1.1.2-TopLeftY
2022-01-06 09:14:40,330 - root - DEBUG - 4.1.1.3-BottomRightX
2022-01-06 09:14:40,330 - root - DEBUG - 4.1.1.4-BottomRightY
2022-01-06 09:14:40,330 - root - DEBUG - 4.1.1.5-Alignment
2022-01-06 09:14:40,330 - root - DEBUG - 4.1.1.6-Spacing
2022-01-06 09:14:40,330 - root - DEBUG - 4.1.1.7-VerticalOffset
2022-01-06 09:14:40,330 - root - DEBUG - 4.1.1.8-ImageIndex
2022-01-06 09:14:40,330 - root - DEBUG - 4.1.1.9-ImagesCount
2022-01-06 09:14:40,330 - root - DEBUG - 4.7-UnknownLongValue7
2022-01-06 09:14:40,330 - root - DEBUG - 5-DateBlock
2022-01-06 09:14:40,330 - root - DEBUG - 5.1-Date
2022-01-06 09:14:40,330 - root - DEBUG - 5.1.9-YearMonthAndDay
2022-01-06 09:14:40,330 - root - DEBUG - 5.1.9.3-Day
2022-01-06 09:14:40,330 - root - DEBUG - 5.1.9.3.1-TopLeftX
2022-01-06 09:14:40,330 - root - DEBUG - 5.1.9.3.2-TopLeftY
2022-01-06 09:14:40,330 - root - DEBUG - 5.1.9.3.3-BottomRightX
2022-01-06 09:14:40,330 - root - DEBUG - 5.1.9.3.4-BottomRightY
2022-01-06 09:14:40,330 - root - DEBUG - 5.1.9.3.5-Alignment
2022-01-06 09:14:40,330 - root - DEBUG - 5.1.9.3.6-Spacing
2022-01-06 09:14:40,330 - root - DEBUG - 5.1.9.3.7-VerticalOffset
2022-01-06 09:14:40,330 - root - DEBUG - 5.1.9.3.8-ImageIndex
2022-01-06 09:14:40,330 - root - DEBUG - 5.1.9.3.9-ImagesCount
2022-01-06 09:14:40,330 - root - DEBUG - 5.1.9.4-MonthFollowsYear
2022-01-06 09:14:40,330 - root - DEBUG - 5.1.9.5-DayFollowsMonth
2022-01-06 09:14:40,330 - root - DEBUG - 5.1.9.6-MonthAsWord
2022-01-06 09:14:40,330 - root - DEBUG - 5.1.9.6.1-X
2022-01-06 09:14:40,330 - root - DEBUG - 5.1.9.6.2-Y
2022-01-06 09:14:40,330 - root - DEBUG - 5.1.9.6.3-ImageIndex
2022-01-06 09:14:40,330 - root - DEBUG - 5.1.9.6.4-ImagesCount
2022-01-06 09:14:40,330 - root - DEBUG - 5.1.9.7-MonthAsWordChinese
2022-01-06 09:14:40,330 - root - DEBUG - 5.1.9.7.1-X
2022-01-06 09:14:40,330 - root - DEBUG - 5.1.9.7.2-Y
2022-01-06 09:14:40,330 - root - DEBUG - 5.1.9.7.3-ImageIndex
2022-01-06 09:14:40,330 - root - DEBUG - 5.1.9.7.4-ImagesCount
2022-01-06 09:14:40,330 - root - DEBUG - 5.1.4-PaddingZeroMonth
2022-01-06 09:14:40,330 - root - DEBUG - 5.1.5-PaddingZeroDay
2022-01-06 09:14:40,330 - root - DEBUG - 5.1.6-UnknownBoolean6
2022-01-06 09:14:40,330 - root - DEBUG - 5.4-Weekday
2022-01-06 09:14:40,330 - root - DEBUG - 5.4.1-X
2022-01-06 09:14:40,330 - root - DEBUG - 5.4.2-Y
2022-01-06 09:14:40,330 - root - DEBUG - 5.4.3-ImageIndex
2022-01-06 09:14:40,330 - root - DEBUG - 5.4.4-ImagesCount
2022-01-06 09:14:40,330 - root - DEBUG - 5.5-WeekdayChinese
2022-01-06 09:14:40,330 - root - DEBUG - 5.5.1-X
2022-01-06 09:14:40,330 - root - DEBUG - 5.5.2-Y
2022-01-06 09:14:40,330 - root - DEBUG - 5.5.3-ImageIndex
2022-01-06 09:14:40,330 - root - DEBUG - 5.5.4-ImagesCount
2022-01-06 09:14:40,330 - root - DEBUG - 5.6-WeekdayTradChinese
2022-01-06 09:14:40,330 - root - DEBUG - 5.6.1-X
2022-01-06 09:14:40,330 - root - DEBUG - 5.6.2-Y
2022-01-06 09:14:40,330 - root - DEBUG - 5.6.3-ImageIndex
2022-01-06 09:14:40,330 - root - DEBUG - 5.6.4-ImagesCount
2022-01-06 09:14:40,330 - root - DEBUG - 21-TimeDigital
2022-01-06 09:14:40,330 - root - DEBUG - 21.1-Hours
2022-01-06 09:14:40,330 - root - DEBUG - 21.1.1-TopLeftX
2022-01-06 09:14:40,330 - root - DEBUG - 21.1.2-TopLeftY
2022-01-06 09:14:40,330 - root - DEBUG - 21.1.3-BottomRightX
2022-01-06 09:14:40,330 - root - DEBUG - 21.1.4-BottomRightY
2022-01-06 09:14:40,330 - root - DEBUG - 21.1.5-Alignment
2022-01-06 09:14:40,330 - root - DEBUG - 21.1.6-Spacing
2022-01-06 09:14:40,330 - root - DEBUG - 21.1.7-VerticalOffset
2022-01-06 09:14:40,330 - root - DEBUG - 21.1.8-ImageIndex
2022-01-06 09:14:40,330 - root - DEBUG - 21.1.9-ImagesCount
2022-01-06 09:14:40,330 - root - DEBUG - 21.3-PaddingZeroHours
2022-01-06 09:14:40,330 - root - DEBUG - 21.6-HoursFollowPosition
2022-01-06 09:14:40,330 - root - DEBUG - 21.8-Time
2022-01-06 09:14:40,330 - root - DEBUG - 21.8.1-Unknown1
2022-01-06 09:14:40,330 - root - DEBUG - 21.8.2-Minutes
2022-01-06 09:14:40,330 - root - DEBUG - 21.8.2.1-TopLeftX
2022-01-06 09:14:40,330 - root - DEBUG - 21.8.2.2-TopLeftY
2022-01-06 09:14:40,330 - root - DEBUG - 21.8.2.3-BottomRightX
2022-01-06 09:14:40,330 - root - DEBUG - 21.8.2.4-BottomRightY
2022-01-06 09:14:40,330 - root - DEBUG - 21.8.2.5-Alignment
2022-01-06 09:14:40,330 - root - DEBUG - 21.8.2.6-Spacing
2022-01-06 09:14:40,330 - root - DEBUG - 21.8.2.7-VerticalOffset
2022-01-06 09:14:40,330 - root - DEBUG - 21.8.2.8-ImageIndex
2022-01-06 09:14:40,330 - root - DEBUG - 21.8.2.9-ImagesCount
2022-01-06 09:14:40,330 - root - DEBUG - 21.8.4-PaddingZeroMinutes
2022-01-06 09:14:40,330 - root - DEBUG - 21.8.5-PaddingZeroSeconds
2022-01-06 09:14:40,330 - root - DEBUG - 21.8.8-MinutesFollowHours
2022-01-06 09:14:40,330 - root - DEBUG - 21.8.9-SecondsFollowMinutes
2022-01-06 09:14:40,345 - root - DEBUG - generatePreviews
2022-01-06 09:14:40,345 - root - DEBUG - Generating previews...
2022-01-06 09:14:40,345 - root - DEBUG - Generating states done...
2022-01-06 09:14:40,345 - root - DEBUG - >>>>>>>>>>>> 0 <watchFaceParser.models.parameter.Parameter object at 0x00000146F4AB1908>
2022-01-06 09:14:40,345 - root - DEBUG - >>>>>>>>>>>> 2 <watchFaceParser.models.parameter.Parameter object at 0x00000146F4AA1BC8>
2022-01-06 09:14:40,345 - root - DEBUG - >>>>>>>>>>>> 4 <watchFaceParser.models.parameter.Parameter object at 0x00000146F4AAE088>
2022-01-06 09:14:40,361 - root - DEBUG - >>>>>>>>>>>> 5 <watchFaceParser.models.parameter.Parameter object at 0x00000146F4AAE0C8>
2022-01-06 09:14:40,361 - root - DEBUG - >>>>>>>>>>>> 21 <watchFaceParser.models.parameter.Parameter object at 0x00000146F4AB1048>
2022-01-06 09:14:40,377 - root - DEBUG - Generating static preview gen done...
2022-01-06 09:14:40,455 - root - DEBUG - Generating static preview save done...
2022-01-06 09:14:40,455 - root - DEBUG - Generating anim preview gen done...
2022-01-06 09:14:40,455 - root - DEBUG - >>>>>>>>>>>> 0 <watchFaceParser.models.parameter.Parameter object at 0x00000146F4AB1908>
2022-01-06 09:14:40,455 - root - DEBUG - >>>>>>>>>>>> 2 <watchFaceParser.models.parameter.Parameter object at 0x00000146F4AA1BC8>
2022-01-06 09:14:40,455 - root - DEBUG - >>>>>>>>>>>> 4 <watchFaceParser.models.parameter.Parameter object at 0x00000146F4AAE088>
2022-01-06 09:14:40,455 - root - DEBUG - >>>>>>>>>>>> 5 <watchFaceParser.models.parameter.Parameter object at 0x00000146F4AAE0C8>
2022-01-06 09:14:40,455 - root - DEBUG - >>>>>>>>>>>> 21 <watchFaceParser.models.parameter.Parameter object at 0x00000146F4AB1048>
2022-01-06 09:14:40,564 - root - DEBUG - generatePreviews done
2022-01-06 09:14:40,564 - root - DEBUG - Exporting resources to 'E:\Codez\zepp-gts2mini-wf\cdc5f1f5ce2854008335366996f8b651'
2022-01-06 09:14:40,564 - root - DEBUG - extracting E:\Codez\zepp-gts2mini-wf\cdc5f1f5ce2854008335366996f8b651\0000.png...
2022-01-06 09:14:40,595 - root - DEBUG - extracting E:\Codez\zepp-gts2mini-wf\cdc5f1f5ce2854008335366996f8b651\0001.png...
2022-01-06 09:14:40,627 - root - DEBUG - extracting E:\Codez\zepp-gts2mini-wf\cdc5f1f5ce2854008335366996f8b651\0002.png...
2022-01-06 09:14:40,627 - root - DEBUG - extracting E:\Codez\zepp-gts2mini-wf\cdc5f1f5ce2854008335366996f8b651\0003.png...
2022-01-06 09:14:40,627 - root - DEBUG - extracting E:\Codez\zepp-gts2mini-wf\cdc5f1f5ce2854008335366996f8b651\0004.png...
2022-01-06 09:14:40,627 - root - DEBUG - extracting E:\Codez\zepp-gts2mini-wf\cdc5f1f5ce2854008335366996f8b651\0005.png...
2022-01-06 09:14:40,627 - root - DEBUG - extracting E:\Codez\zepp-gts2mini-wf\cdc5f1f5ce2854008335366996f8b651\0006.png...
2022-01-06 09:14:40,627 - root - DEBUG - extracting E:\Codez\zepp-gts2mini-wf\cdc5f1f5ce2854008335366996f8b651\0007.png...
2022-01-06 09:14:40,627 - root - DEBUG - extracting E:\Codez\zepp-gts2mini-wf\cdc5f1f5ce2854008335366996f8b651\0008.png...
2022-01-06 09:14:40,627 - root - DEBUG - extracting E:\Codez\zepp-gts2mini-wf\cdc5f1f5ce2854008335366996f8b651\0009.png...
2022-01-06 09:14:40,627 - root - DEBUG - extracting E:\Codez\zepp-gts2mini-wf\cdc5f1f5ce2854008335366996f8b651\0010.png...
2022-01-06 09:14:40,627 - root - DEBUG - extracting E:\Codez\zepp-gts2mini-wf\cdc5f1f5ce2854008335366996f8b651\0011.png...
2022-01-06 09:14:40,627 - root - DEBUG - extracting E:\Codez\zepp-gts2mini-wf\cdc5f1f5ce2854008335366996f8b651\0012.png...
2022-01-06 09:14:40,627 - root - DEBUG - extracting E:\Codez\zepp-gts2mini-wf\cdc5f1f5ce2854008335366996f8b651\0013.png...
2022-01-06 09:14:40,627 - root - DEBUG - extracting E:\Codez\zepp-gts2mini-wf\cdc5f1f5ce2854008335366996f8b651\0014.png...
2022-01-06 09:14:40,627 - root - DEBUG - extracting E:\Codez\zepp-gts2mini-wf\cdc5f1f5ce2854008335366996f8b651\0015.png...
2022-01-06 09:14:40,627 - root - DEBUG - extracting E:\Codez\zepp-gts2mini-wf\cdc5f1f5ce2854008335366996f8b651\0016.png...
2022-01-06 09:14:40,627 - root - DEBUG - extracting E:\Codez\zepp-gts2mini-wf\cdc5f1f5ce2854008335366996f8b651\0017.png...
2022-01-06 09:14:40,627 - root - DEBUG - extracting E:\Codez\zepp-gts2mini-wf\cdc5f1f5ce2854008335366996f8b651\0018.png...
2022-01-06 09:14:40,627 - root - DEBUG - extracting E:\Codez\zepp-gts2mini-wf\cdc5f1f5ce2854008335366996f8b651\0019.png...
2022-01-06 09:14:40,642 - root - DEBUG - extracting E:\Codez\zepp-gts2mini-wf\cdc5f1f5ce2854008335366996f8b651\0020.png...
2022-01-06 09:14:40,642 - root - DEBUG - extracting E:\Codez\zepp-gts2mini-wf\cdc5f1f5ce2854008335366996f8b651\0021.png...
2022-01-06 09:14:40,642 - root - DEBUG - extracting E:\Codez\zepp-gts2mini-wf\cdc5f1f5ce2854008335366996f8b651\0022.png...
2022-01-06 09:14:40,642 - root - DEBUG - extracting E:\Codez\zepp-gts2mini-wf\cdc5f1f5ce2854008335366996f8b651\0023.png...
2022-01-06 09:14:40,642 - root - DEBUG - extracting E:\Codez\zepp-gts2mini-wf\cdc5f1f5ce2854008335366996f8b651\0024.png...
2022-01-06 09:14:40,642 - root - DEBUG - extracting E:\Codez\zepp-gts2mini-wf\cdc5f1f5ce2854008335366996f8b651\0025.png...
2022-01-06 09:14:40,642 - root - DEBUG - extracting E:\Codez\zepp-gts2mini-wf\cdc5f1f5ce2854008335366996f8b651\0026.png...
2022-01-06 09:14:40,642 - root - DEBUG - extracting E:\Codez\zepp-gts2mini-wf\cdc5f1f5ce2854008335366996f8b651\0027.png...
2022-01-06 09:14:40,642 - root - DEBUG - extracting E:\Codez\zepp-gts2mini-wf\cdc5f1f5ce2854008335366996f8b651\0028.png...
2022-01-06 09:14:40,642 - root - DEBUG - extracting E:\Codez\zepp-gts2mini-wf\cdc5f1f5ce2854008335366996f8b651\0029.png...
2022-01-06 09:14:40,642 - root - DEBUG - extracting E:\Codez\zepp-gts2mini-wf\cdc5f1f5ce2854008335366996f8b651\0030.png...
2022-01-06 09:14:40,642 - root - DEBUG - extracting E:\Codez\zepp-gts2mini-wf\cdc5f1f5ce2854008335366996f8b651\0031.png...
2022-01-06 09:14:40,642 - root - DEBUG - extracting E:\Codez\zepp-gts2mini-wf\cdc5f1f5ce2854008335366996f8b651\0032.png...
2022-01-06 09:14:40,642 - root - DEBUG - extracting E:\Codez\zepp-gts2mini-wf\cdc5f1f5ce2854008335366996f8b651\0033.png...
2022-01-06 09:14:40,658 - root - DEBUG - extracting E:\Codez\zepp-gts2mini-wf\cdc5f1f5ce2854008335366996f8b651\0034.png...
2022-01-06 09:14:40,658 - root - DEBUG - extracting E:\Codez\zepp-gts2mini-wf\cdc5f1f5ce2854008335366996f8b651\0035.png...
2022-01-06 09:14:40,658 - root - DEBUG - extracting E:\Codez\zepp-gts2mini-wf\cdc5f1f5ce2854008335366996f8b651\0036.png...
2022-01-06 09:14:40,658 - root - DEBUG - extracting E:\Codez\zepp-gts2mini-wf\cdc5f1f5ce2854008335366996f8b651\0037.png...
2022-01-06 09:14:40,658 - root - DEBUG - extracting E:\Codez\zepp-gts2mini-wf\cdc5f1f5ce2854008335366996f8b651\0038.png...
2022-01-06 09:14:40,658 - root - DEBUG - extracting E:\Codez\zepp-gts2mini-wf\cdc5f1f5ce2854008335366996f8b651\0039.png...
2022-01-06 09:14:40,658 - root - DEBUG - extracting E:\Codez\zepp-gts2mini-wf\cdc5f1f5ce2854008335366996f8b651\0040.png...
2022-01-06 09:14:40,658 - root - DEBUG - extracting E:\Codez\zepp-gts2mini-wf\cdc5f1f5ce2854008335366996f8b651\0041.png...
2022-01-06 09:14:40,658 - root - DEBUG - extracting E:\Codez\zepp-gts2mini-wf\cdc5f1f5ce2854008335366996f8b651\0042.png...
2022-01-06 09:14:40,658 - root - DEBUG - extracting E:\Codez\zepp-gts2mini-wf\cdc5f1f5ce2854008335366996f8b651\0043.png...
2022-01-06 09:14:40,658 - root - DEBUG - extracting E:\Codez\zepp-gts2mini-wf\cdc5f1f5ce2854008335366996f8b651\0044.png...
2022-01-06 09:14:40,658 - root - DEBUG - extracting E:\Codez\zepp-gts2mini-wf\cdc5f1f5ce2854008335366996f8b651\0045.png...
2022-01-06 09:14:40,658 - root - DEBUG - extracting E:\Codez\zepp-gts2mini-wf\cdc5f1f5ce2854008335366996f8b651\0046.png...
2022-01-06 09:14:40,658 - root - DEBUG - extracting E:\Codez\zepp-gts2mini-wf\cdc5f1f5ce2854008335366996f8b651\0047.png...
2022-01-06 09:14:40,658 - root - DEBUG - extracting E:\Codez\zepp-gts2mini-wf\cdc5f1f5ce2854008335366996f8b651\0048.png...
2022-01-06 09:14:40,658 - root - DEBUG - extracting E:\Codez\zepp-gts2mini-wf\cdc5f1f5ce2854008335366996f8b651\0049.png...
2022-01-06 09:14:40,658 - root - DEBUG - extracting E:\Codez\zepp-gts2mini-wf\cdc5f1f5ce2854008335366996f8b651\0050.png...
2022-01-06 09:14:40,674 - root - DEBUG - Exporting config...
