2023-07-09 17:51:55,069 - root - DEBUG - Opening watch face 'E:\Codez\zepp-gts2mini-wf\9837d3b2b93a5f214ba358d8a6581ee1.bin'
2023-07-09 17:51:55,084 - root - DEBUG - Reading parameters...
2023-07-09 17:51:55,084 - root - INFO - Reading header...
2023-07-09 17:51:55,084 - root - INFO - Header was read:
2023-07-09 17:51:55,084 - root - INFO - Signature: b'UIHH\x01\x00\xff', Unknown: 69, ParametersSize: 54, isValid: True, deviceId: 73
2023-07-09 17:51:55,084 - root - INFO - Reading parameter offsets...
2023-07-09 17:51:55,084 - root - INFO - Parameter offsets were read from file
2023-07-09 17:51:55,084 - root - INFO - Reading parameters descriptor...
2023-07-09 17:51:55,084 - root - INFO - 1 ( A): 5 bytes
2023-07-09 17:51:55,084 - root - INFO -     1 ( 8): 259 103
2023-07-09 17:51:55,084 - root - INFO -     2 (10): 99 63
2023-07-09 17:51:55,084 - root - INFO - getParameters descriptor was read:
2023-07-09 17:51:55,084 - root - INFO - ParametersTableLength: 259, ImagesCount: 99
2023-07-09 17:51:55,084 - root - INFO - Reading parameters locations...
2023-07-09 17:51:55,084 - root - INFO - 2 (12): 4 bytes
2023-07-09 17:51:55,084 - root - INFO -     1 ( 8): 0  0
2023-07-09 17:51:55,084 - root - INFO -     2 (10): 32 20
2023-07-09 17:51:55,084 - root - INFO - 4 (22): 4 bytes
2023-07-09 17:51:55,084 - root - INFO -     1 ( 8): 101 65
2023-07-09 17:51:55,084 - root - INFO -     2 (10): 54 36
2023-07-09 17:51:55,084 - root - INFO - 5 (2A): 4 bytes
2023-07-09 17:51:55,084 - root - INFO -     1 ( 8): 32 20
2023-07-09 17:51:55,084 - root - INFO -     2 (10): 69 45
2023-07-09 17:51:55,084 - root - INFO - 9 (4A): 5 bytes
2023-07-09 17:51:55,084 - root - INFO -     1 ( 8): 166 A6
2023-07-09 17:51:55,100 - root - INFO -     2 (10): 38 26
2023-07-09 17:51:55,100 - root - INFO - 12 (62): 5 bytes
2023-07-09 17:51:55,100 - root - INFO -     1 ( 8): 155 9B
2023-07-09 17:51:55,100 - root - INFO -     2 (10): 11  B
2023-07-09 17:51:55,100 - root - INFO - 15 (7A): 5 bytes
2023-07-09 17:51:55,100 - root - INFO -     1 ( 8): 204 CC
2023-07-09 17:51:55,100 - root - INFO -     2 (10): 11  B
2023-07-09 17:51:55,100 - root - INFO - 20 (A2): 5 bytes
2023-07-09 17:51:55,100 - root - INFO -     1 ( 8): 215 D7
2023-07-09 17:51:55,100 - root - INFO -     2 (10): 44 2C
2023-07-09 17:51:55,100 - root - INFO - Watch face parameters locations were read:
2023-07-09 17:51:55,100 - root - INFO - Reading descriptor for parameter 2
2023-07-09 17:51:55,100 - root - INFO - Descriptor offset: 0, Descriptor length: 32
2023-07-09 17:51:55,100 - root - INFO - Parsing descriptor for parameter 2...
2023-07-09 17:51:55,100 - root - INFO - 1 ( A): 6 bytes
2023-07-09 17:51:55,100 - root - INFO -     1 ( 8): 0  0
2023-07-09 17:51:55,100 - root - INFO -     2 (10): 0  0
2023-07-09 17:51:55,100 - root - INFO -     3 (18): 0  0
2023-07-09 17:51:55,100 - root - INFO - 3 (1A): 6 bytes
2023-07-09 17:51:55,100 - root - INFO -     1 ( 8): 0  0
2023-07-09 17:51:55,100 - root - INFO -     2 (10): 0  0
2023-07-09 17:51:55,100 - root - INFO -     3 (18): 1  1
2023-07-09 17:51:55,100 - root - INFO - 4 (22): 6 bytes
2023-07-09 17:51:55,100 - root - INFO -     1 ( 8): 0  0
2023-07-09 17:51:55,100 - root - INFO -     2 (10): 0  0
2023-07-09 17:51:55,100 - root - INFO -     3 (18): 3  3
2023-07-09 17:51:55,100 - root - INFO - 5 (2A): 6 bytes
2023-07-09 17:51:55,100 - root - INFO -     1 ( 8): 0  0
2023-07-09 17:51:55,100 - root - INFO -     2 (10): 0  0
2023-07-09 17:51:55,100 - root - INFO -     3 (18): 2  2
2023-07-09 17:51:55,100 - root - INFO - Reading descriptor for parameter 4
2023-07-09 17:51:55,100 - root - INFO - Descriptor offset: 101, Descriptor length: 54
2023-07-09 17:51:55,100 - root - INFO - Parsing descriptor for parameter 4...
2023-07-09 17:51:55,100 - root - INFO - 3 (1A): 22 bytes
2023-07-09 17:51:55,100 - root - INFO -     1 ( A): 20 bytes
2023-07-09 17:51:55,100 - root - INFO -         1 ( 8): 51 33
2023-07-09 17:51:55,100 - root - INFO -         2 (10): 170 AA
2023-07-09 17:51:55,100 - root - INFO -         3 (18): 115 73
2023-07-09 17:51:55,100 - root - INFO -         4 (20): 192 C0
2023-07-09 17:51:55,100 - root - INFO -         5 (28): 72 48
2023-07-09 17:51:55,100 - root - INFO -         6 (30): 0  0
2023-07-09 17:51:55,100 - root - INFO -         7 (38): 0  0
2023-07-09 17:51:55,100 - root - INFO -         8 (40): 35 23
2023-07-09 17:51:55,100 - root - INFO -         9 (48): 10  A
2023-07-09 17:51:55,100 - root - INFO - 4 (22): 26 bytes
2023-07-09 17:51:55,100 - root - INFO -     1 ( A): 22 bytes
2023-07-09 17:51:55,100 - root - INFO -         1 ( 8): 128 80
2023-07-09 17:51:55,100 - root - INFO -         2 (10): 246 F6
2023-07-09 17:51:55,100 - root - INFO -         3 (18): 176 B0
2023-07-09 17:51:55,100 - root - INFO -         4 (20): 268 10C
2023-07-09 17:51:55,100 - root - INFO -         5 (28): 72 48
2023-07-09 17:51:55,100 - root - INFO -         6 (30): 0  0
2023-07-09 17:51:55,100 - root - INFO -         7 (38): 0  0
2023-07-09 17:51:55,100 - root - INFO -         8 (40): 45 2D
2023-07-09 17:51:55,100 - root - INFO -         9 (48): 10  A
2023-07-09 17:51:55,100 - root - INFO -     3 (18): 55 37
2023-07-09 17:51:55,100 - root - INFO - 7 (38): 0  0
2023-07-09 17:51:55,100 - root - INFO - Reading descriptor for parameter 5
2023-07-09 17:51:55,100 - root - INFO - Descriptor offset: 32, Descriptor length: 69
2023-07-09 17:51:55,100 - root - INFO - Parsing descriptor for parameter 5...
2023-07-09 17:51:55,100 - root - INFO - 1 ( A): 34 bytes
2023-07-09 17:51:55,100 - root - INFO -     9 (4A): 26 bytes
2023-07-09 17:51:55,100 - root - INFO -         3 (1A): 20 bytes
2023-07-09 17:51:55,100 - root - INFO -             1 ( 8): 134 86
2023-07-09 17:51:55,100 - root - INFO -             2 (10): 97 61
2023-07-09 17:51:55,100 - root - INFO -             3 (18): 171 AB
2023-07-09 17:51:55,100 - root - INFO -             4 (20): 122 7A
2023-07-09 17:51:55,100 - root - INFO -             5 (28): 72 48
2023-07-09 17:51:55,100 - root - INFO -             6 (30): 3  3
2023-07-09 17:51:55,100 - root - INFO -             7 (38): 0  0
2023-07-09 17:51:55,100 - root - INFO -             8 (40): 4  4
2023-07-09 17:51:55,100 - root - INFO -             9 (48): 10  A
2023-07-09 17:51:55,100 - root - INFO -         4 (20): 0  0
2023-07-09 17:51:55,100 - root - INFO -         5 (28): 0  0
2023-07-09 17:51:55,100 - root - INFO -     4 (20): 1  1
2023-07-09 17:51:55,100 - root - INFO -     5 (28): 1  1
2023-07-09 17:51:55,100 - root - INFO -     6 (30): 0  0
2023-07-09 17:51:55,100 - root - INFO - 4 (22): 9 bytes
2023-07-09 17:51:55,100 - root - INFO -     1 ( 8): 128 80
2023-07-09 17:51:55,100 - root - INFO -     2 (10): 69 45
2023-07-09 17:51:55,100 - root - INFO -     3 (18): 14  E
2023-07-09 17:51:55,100 - root - INFO -     4 (20): 7  7
2023-07-09 17:51:55,100 - root - INFO - 5 (2A): 9 bytes
2023-07-09 17:51:55,100 - root - INFO -     1 ( 8): 128 80
2023-07-09 17:51:55,100 - root - INFO -     2 (10): 69 45
2023-07-09 17:51:55,100 - root - INFO -     3 (18): 28 1C
2023-07-09 17:51:55,100 - root - INFO -     4 (20): 7  7
2023-07-09 17:51:55,100 - root - INFO - 6 (32): 9 bytes
2023-07-09 17:51:55,100 - root - INFO -     1 ( 8): 128 80
2023-07-09 17:51:55,100 - root - INFO -     2 (10): 69 45
2023-07-09 17:51:55,100 - root - INFO -     3 (18): 21 15
2023-07-09 17:51:55,100 - root - INFO -     4 (20): 7  7
2023-07-09 17:51:55,100 - root - INFO - Reading descriptor for parameter 9
2023-07-09 17:51:55,100 - root - INFO - Descriptor offset: 166, Descriptor length: 38
2023-07-09 17:51:55,100 - root - INFO - Parsing descriptor for parameter 9...
2023-07-09 17:51:55,100 - root - INFO - 1 ( A): 24 bytes
2023-07-09 17:51:55,100 - root - INFO -     1 ( A): 22 bytes
2023-07-09 17:51:55,100 - root - INFO -         1 ( 8): 201 C9
2023-07-09 17:51:55,100 - root - INFO -         2 (10): 171 AB
2023-07-09 17:51:55,100 - root - INFO -         3 (18): 249 F9
2023-07-09 17:51:55,116 - root - INFO -         4 (20): 193 C1
2023-07-09 17:51:55,116 - root - INFO -         5 (28): 72 48
2023-07-09 17:51:55,116 - root - INFO -         6 (30): 0  0
2023-07-09 17:51:55,116 - root - INFO -         7 (38): 0  0
2023-07-09 17:51:55,116 - root - INFO -         8 (40): 66 42
2023-07-09 17:51:55,116 - root - INFO -         9 (48): 10  A
2023-07-09 17:51:55,116 - root - INFO - 2 (12): 10 bytes
2023-07-09 17:51:55,116 - root - INFO -     1 ( 8): 179 B3
2023-07-09 17:51:55,116 - root - INFO -     2 (10): 136 88
2023-07-09 17:51:55,116 - root - INFO -     3 (18): 76 4C
2023-07-09 17:51:55,116 - root - INFO -     4 (20): 10  A
2023-07-09 17:51:55,116 - root - INFO - Reading descriptor for parameter 12
2023-07-09 17:51:55,116 - root - INFO - Descriptor offset: 155, Descriptor length: 11
2023-07-09 17:51:55,116 - root - INFO - Parsing descriptor for parameter 12...
2023-07-09 17:51:55,116 - root - INFO - 2 (12): 9 bytes
2023-07-09 17:51:55,116 - root - INFO -     1 ( 8): 106 6A
2023-07-09 17:51:55,116 - root - INFO -     2 (10): 211 D3
2023-07-09 17:51:55,116 - root - INFO -     3 (18): 56 38
2023-07-09 17:51:55,116 - root - INFO -     4 (20): 10  A
2023-07-09 17:51:55,116 - root - INFO - Reading descriptor for parameter 15
2023-07-09 17:51:55,116 - root - INFO - Descriptor offset: 204, Descriptor length: 11
2023-07-09 17:51:55,116 - root - INFO - Parsing descriptor for parameter 15...
2023-07-09 17:51:55,116 - root - INFO - 2 (12): 9 bytes
2023-07-09 17:51:55,116 - root - INFO -     1 ( 8): 37 25
2023-07-09 17:51:55,116 - root - INFO -     2 (10): 136 88
2023-07-09 17:51:55,116 - root - INFO -     3 (18): 86 56
2023-07-09 17:51:55,116 - root - INFO -     4 (20): 10  A
2023-07-09 17:51:55,116 - root - INFO - Reading descriptor for parameter 20
2023-07-09 17:51:55,116 - root - INFO - Descriptor offset: 215, Descriptor length: 44
2023-07-09 17:51:55,116 - root - INFO - Parsing descriptor for parameter 20...
2023-07-09 17:51:55,116 - root - INFO - 3 (1A): 12 bytes
2023-07-09 17:51:55,116 - root - INFO -     1 ( 8): 96 60
2023-07-09 17:51:55,116 - root - INFO -     2 (10): 107 6B
2023-07-09 17:51:55,116 - root - INFO -     3 (1A): 6 bytes
2023-07-09 17:51:55,116 - root - INFO -         1 ( 8): 153 99
2023-07-09 17:51:55,116 - root - INFO -         2 (10): 177 B1
2023-07-09 17:51:55,116 - root - INFO - 4 (22): 13 bytes
2023-07-09 17:51:55,116 - root - INFO -     1 ( 8): 97 61
2023-07-09 17:51:55,116 - root - INFO -     2 (10): 129 81
2023-07-09 17:51:55,116 - root - INFO -     3 (1A): 6 bytes
2023-07-09 17:51:55,116 - root - INFO -         1 ( 8): 153 99
2023-07-09 17:51:55,116 - root - INFO -         2 (10): 177 B1
2023-07-09 17:51:55,116 - root - INFO - 5 (2A): 13 bytes
2023-07-09 17:51:55,116 - root - INFO -     1 ( 8): 98 62
2023-07-09 17:51:55,116 - root - INFO -     2 (10): 149 95
2023-07-09 17:51:55,116 - root - INFO -     3 (1A): 6 bytes
2023-07-09 17:51:55,116 - root - INFO -         1 ( 8): 153 99
2023-07-09 17:51:55,116 - root - INFO -         2 (10): 177 B1
2023-07-09 17:51:55,116 - root - INFO - Reading resources offsets table with 99 elements (396 bytes)
2023-07-09 17:51:55,116 - root - INFO - Resource 0 offset: 796, length: 212122...
2023-07-09 17:51:55,116 - root - DEBUG - Reading resource 0...
2023-07-09 17:51:55,178 - root - INFO - The image is bme.
2023-07-09 17:51:55,178 - root - INFO - Reading image header(readHeader16E)...
2023-07-09 17:51:55,178 - root - INFO - Image header was read:
2023-07-09 17:51:55,178 - root - INFO - Width: 306, Height: 354, RowLength: 612
2023-07-09 17:51:55,178 - root - INFO - datalength: 212106, _step: 2
2023-07-09 17:51:55,178 - root - INFO - BPP: 16, Transparency: False
2023-07-09 17:51:55,926 - root - INFO - Resource 1 offset: 212918, length: 100028...
2023-07-09 17:51:55,926 - root - DEBUG - Reading resource 1...
2023-07-09 17:51:55,926 - root - INFO - The image is bme.
2023-07-09 17:51:55,926 - root - INFO - Reading image header(readHeader16E)...
2023-07-09 17:51:55,926 - root - INFO - Image header was read:
2023-07-09 17:51:55,927 - root - INFO - Width: 210, Height: 242, RowLength: 420
2023-07-09 17:51:55,927 - root - INFO - datalength: 100012, _step: 2
2023-07-09 17:51:55,927 - root - INFO - BPP: 16, Transparency: False
2023-07-09 17:51:56,280 - root - INFO - Resource 2 offset: 312946, length: 100028...
2023-07-09 17:51:56,280 - root - DEBUG - Reading resource 2...
2023-07-09 17:51:56,280 - root - INFO - The image is bme.
2023-07-09 17:51:56,280 - root - INFO - Reading image header(readHeader16E)...
2023-07-09 17:51:56,280 - root - INFO - Image header was read:
2023-07-09 17:51:56,280 - root - INFO - Width: 210, Height: 242, RowLength: 420
2023-07-09 17:51:56,280 - root - INFO - datalength: 100012, _step: 2
2023-07-09 17:51:56,280 - root - INFO - BPP: 16, Transparency: False
2023-07-09 17:51:56,611 - root - INFO - Resource 3 offset: 412974, length: 100028...
2023-07-09 17:51:56,611 - root - DEBUG - Reading resource 3...
2023-07-09 17:51:56,611 - root - INFO - The image is bme.
2023-07-09 17:51:56,611 - root - INFO - Reading image header(readHeader16E)...
2023-07-09 17:51:56,611 - root - INFO - Image header was read:
2023-07-09 17:51:56,627 - root - INFO - Width: 210, Height: 242, RowLength: 420
2023-07-09 17:51:56,627 - root - INFO - datalength: 100012, _step: 2
2023-07-09 17:51:56,627 - root - INFO - BPP: 16, Transparency: False
2023-07-09 17:51:57,058 - root - INFO - Resource 4 offset: 513002, length: 530...
2023-07-09 17:51:57,058 - root - DEBUG - Reading resource 4...
2023-07-09 17:51:57,058 - root - INFO - The image is bme.
2023-07-09 17:51:57,058 - root - INFO - Reading image header(readHeader16E)...
2023-07-09 17:51:57,058 - root - INFO - Image header was read:
2023-07-09 17:51:57,058 - root - INFO - Width: 17, Height: 24, RowLength: 34
2023-07-09 17:51:57,058 - root - INFO - datalength: 514, _step: 2
2023-07-09 17:51:57,059 - root - INFO - BPP: 16, Transparency: False
2023-07-09 17:51:57,060 - root - INFO - Resource 5 offset: 513532, length: 288...
2023-07-09 17:51:57,060 - root - DEBUG - Reading resource 5...
2023-07-09 17:51:57,060 - root - INFO - The image is bme.
2023-07-09 17:51:57,061 - root - INFO - Reading image header(readHeader16E)...
2023-07-09 17:51:57,061 - root - INFO - Image header was read:
2023-07-09 17:51:57,061 - root - INFO - Width: 17, Height: 24, RowLength: 34
2023-07-09 17:51:57,061 - root - INFO - datalength: 272, _step: 2
2023-07-09 17:51:57,061 - root - INFO - BPP: 16, Transparency: False
2023-07-09 17:51:57,062 - root - INFO - Resource 6 offset: 513820, length: 430...
2023-07-09 17:51:57,062 - root - DEBUG - Reading resource 6...
2023-07-09 17:51:57,062 - root - INFO - The image is bme.
2023-07-09 17:51:57,062 - root - INFO - Reading image header(readHeader16E)...
2023-07-09 17:51:57,063 - root - INFO - Image header was read:
2023-07-09 17:51:57,063 - root - INFO - Width: 17, Height: 24, RowLength: 34
2023-07-09 17:51:57,063 - root - INFO - datalength: 414, _step: 2
2023-07-09 17:51:57,063 - root - INFO - BPP: 16, Transparency: False
2023-07-09 17:51:57,064 - root - INFO - Resource 7 offset: 514250, length: 492...
2023-07-09 17:51:57,064 - root - DEBUG - Reading resource 7...
2023-07-09 17:51:57,064 - root - INFO - The image is bme.
2023-07-09 17:51:57,065 - root - INFO - Reading image header(readHeader16E)...
2023-07-09 17:51:57,065 - root - INFO - Image header was read:
2023-07-09 17:51:57,065 - root - INFO - Width: 17, Height: 24, RowLength: 34
2023-07-09 17:51:57,065 - root - INFO - datalength: 476, _step: 2
2023-07-09 17:51:57,065 - root - INFO - BPP: 16, Transparency: False
2023-07-09 17:51:57,066 - root - INFO - Resource 8 offset: 514742, length: 454...
2023-07-09 17:51:57,066 - root - DEBUG - Reading resource 8...
2023-07-09 17:51:57,067 - root - INFO - The image is bme.
2023-07-09 17:51:57,067 - root - INFO - Reading image header(readHeader16E)...
2023-07-09 17:51:57,067 - root - INFO - Image header was read:
2023-07-09 17:51:57,067 - root - INFO - Width: 17, Height: 24, RowLength: 34
2023-07-09 17:51:57,067 - root - INFO - datalength: 438, _step: 2
2023-07-09 17:51:57,067 - root - INFO - BPP: 16, Transparency: False
2023-07-09 17:51:57,068 - root - INFO - Resource 9 offset: 515196, length: 500...
2023-07-09 17:51:57,069 - root - DEBUG - Reading resource 9...
2023-07-09 17:51:57,069 - root - INFO - The image is bme.
2023-07-09 17:51:57,069 - root - INFO - Reading image header(readHeader16E)...
2023-07-09 17:51:57,069 - root - INFO - Image header was read:
2023-07-09 17:51:57,069 - root - INFO - Width: 17, Height: 24, RowLength: 34
2023-07-09 17:51:57,069 - root - INFO - datalength: 484, _step: 2
2023-07-09 17:51:57,070 - root - INFO - BPP: 16, Transparency: False
2023-07-09 17:51:57,071 - root - INFO - Resource 10 offset: 515696, length: 552...
2023-07-09 17:51:57,071 - root - DEBUG - Reading resource 10...
2023-07-09 17:51:57,071 - root - INFO - The image is bme.
2023-07-09 17:51:57,071 - root - INFO - Reading image header(readHeader16E)...
2023-07-09 17:51:57,071 - root - INFO - Image header was read:
2023-07-09 17:51:57,071 - root - INFO - Width: 17, Height: 24, RowLength: 34
2023-07-09 17:51:57,072 - root - INFO - datalength: 536, _step: 2
2023-07-09 17:51:57,072 - root - INFO - BPP: 16, Transparency: False
2023-07-09 17:51:57,074 - root - INFO - Resource 11 offset: 516248, length: 338...
2023-07-09 17:51:57,074 - root - DEBUG - Reading resource 11...
2023-07-09 17:51:57,074 - root - INFO - The image is bme.
2023-07-09 17:51:57,074 - root - INFO - Reading image header(readHeader16E)...
2023-07-09 17:51:57,074 - root - INFO - Image header was read:
2023-07-09 17:51:57,074 - root - INFO - Width: 17, Height: 24, RowLength: 34
2023-07-09 17:51:57,074 - root - INFO - datalength: 322, _step: 2
2023-07-09 17:51:57,075 - root - INFO - BPP: 16, Transparency: False
2023-07-09 17:51:57,076 - root - INFO - Resource 12 offset: 516586, length: 572...
2023-07-09 17:51:57,076 - root - DEBUG - Reading resource 12...
2023-07-09 17:51:57,076 - root - INFO - The image is bme.
2023-07-09 17:51:57,076 - root - INFO - Reading image header(readHeader16E)...
2023-07-09 17:51:57,076 - root - INFO - Image header was read:
2023-07-09 17:51:57,077 - root - INFO - Width: 17, Height: 24, RowLength: 34
2023-07-09 17:51:57,077 - root - INFO - datalength: 556, _step: 2
2023-07-09 17:51:57,077 - root - INFO - BPP: 16, Transparency: False
2023-07-09 17:51:57,078 - root - INFO - Resource 13 offset: 517158, length: 552...
2023-07-09 17:51:57,078 - root - DEBUG - Reading resource 13...
2023-07-09 17:51:57,079 - root - INFO - The image is bme.
2023-07-09 17:51:57,079 - root - INFO - Reading image header(readHeader16E)...
2023-07-09 17:51:57,079 - root - INFO - Image header was read:
2023-07-09 17:51:57,079 - root - INFO - Width: 17, Height: 24, RowLength: 34
2023-07-09 17:51:57,079 - root - INFO - datalength: 536, _step: 2
2023-07-09 17:51:57,079 - root - INFO - BPP: 16, Transparency: False
2023-07-09 17:51:57,081 - root - INFO - Resource 14 offset: 517710, length: 1438...
2023-07-09 17:51:57,081 - root - DEBUG - Reading resource 14...
2023-07-09 17:51:57,081 - root - INFO - The image is bme.
2023-07-09 17:51:57,081 - root - INFO - Reading image header(readHeader16E)...
2023-07-09 17:51:57,081 - root - INFO - Image header was read:
2023-07-09 17:51:57,081 - root - INFO - Width: 51, Height: 23, RowLength: 102
2023-07-09 17:51:57,082 - root - INFO - datalength: 1422, _step: 2
2023-07-09 17:51:57,082 - root - INFO - BPP: 16, Transparency: False
2023-07-09 17:51:57,085 - root - INFO - Resource 15 offset: 519148, length: 924...
2023-07-09 17:51:57,085 - root - DEBUG - Reading resource 15...
2023-07-09 17:51:57,086 - root - INFO - The image is bme.
2023-07-09 17:51:57,086 - root - INFO - Reading image header(readHeader16E)...
2023-07-09 17:51:57,086 - root - INFO - Image header was read:
2023-07-09 17:51:57,086 - root - INFO - Width: 51, Height: 23, RowLength: 102
2023-07-09 17:51:57,086 - root - INFO - datalength: 908, _step: 2
2023-07-09 17:51:57,086 - root - INFO - BPP: 16, Transparency: False
2023-07-09 17:51:57,089 - root - INFO - Resource 16 offset: 520072, length: 1284...
2023-07-09 17:51:57,089 - root - DEBUG - Reading resource 16...
2023-07-09 17:51:57,089 - root - INFO - The image is bme.
2023-07-09 17:51:57,089 - root - INFO - Reading image header(readHeader16E)...
2023-07-09 17:51:57,089 - root - INFO - Image header was read:
2023-07-09 17:51:57,089 - root - INFO - Width: 51, Height: 23, RowLength: 102
2023-07-09 17:51:57,089 - root - INFO - datalength: 1268, _step: 2
2023-07-09 17:51:57,092 - root - INFO - BPP: 16, Transparency: False
2023-07-09 17:51:57,095 - root - INFO - Resource 17 offset: 521356, length: 966...
2023-07-09 17:51:57,095 - root - DEBUG - Reading resource 17...
2023-07-09 17:51:57,095 - root - INFO - The image is bme.
2023-07-09 17:51:57,095 - root - INFO - Reading image header(readHeader16E)...
2023-07-09 17:51:57,095 - root - INFO - Image header was read:
2023-07-09 17:51:57,095 - root - INFO - Width: 51, Height: 23, RowLength: 102
2023-07-09 17:51:57,095 - root - INFO - datalength: 950, _step: 2
2023-07-09 17:51:57,096 - root - INFO - BPP: 16, Transparency: False
2023-07-09 17:51:57,098 - root - INFO - Resource 18 offset: 522322, length: 956...
2023-07-09 17:51:57,098 - root - DEBUG - Reading resource 18...
2023-07-09 17:51:57,098 - root - INFO - The image is bme.
2023-07-09 17:51:57,098 - root - INFO - Reading image header(readHeader16E)...
2023-07-09 17:51:57,098 - root - INFO - Image header was read:
2023-07-09 17:51:57,098 - root - INFO - Width: 55, Height: 24, RowLength: 110
2023-07-09 17:51:57,099 - root - INFO - datalength: 940, _step: 2
2023-07-09 17:51:57,099 - root - INFO - BPP: 16, Transparency: False
2023-07-09 17:51:57,101 - root - INFO - Resource 19 offset: 523278, length: 994...
2023-07-09 17:51:57,101 - root - DEBUG - Reading resource 19...
2023-07-09 17:51:57,101 - root - INFO - The image is bme.
2023-07-09 17:51:57,101 - root - INFO - Reading image header(readHeader16E)...
2023-07-09 17:51:57,101 - root - INFO - Image header was read:
2023-07-09 17:51:57,102 - root - INFO - Width: 51, Height: 23, RowLength: 102
2023-07-09 17:51:57,102 - root - INFO - datalength: 978, _step: 2
2023-07-09 17:51:57,102 - root - INFO - BPP: 16, Transparency: False
2023-07-09 17:51:57,105 - root - INFO - Resource 20 offset: 524272, length: 1392...
2023-07-09 17:51:57,105 - root - DEBUG - Reading resource 20...
2023-07-09 17:51:57,105 - root - INFO - The image is bme.
2023-07-09 17:51:57,105 - root - INFO - Reading image header(readHeader16E)...
2023-07-09 17:51:57,105 - root - INFO - Image header was read:
2023-07-09 17:51:57,105 - root - INFO - Width: 56, Height: 24, RowLength: 112
2023-07-09 17:51:57,105 - root - INFO - datalength: 1376, _step: 2
2023-07-09 17:51:57,105 - root - INFO - BPP: 16, Transparency: False
2023-07-09 17:51:57,111 - root - INFO - Resource 21 offset: 525664, length: 944...
2023-07-09 17:51:57,111 - root - DEBUG - Reading resource 21...
2023-07-09 17:51:57,111 - root - INFO - The image is bme.
2023-07-09 17:51:57,111 - root - INFO - Reading image header(readHeader16E)...
2023-07-09 17:51:57,111 - root - INFO - Image header was read:
2023-07-09 17:51:57,111 - root - INFO - Width: 51, Height: 23, RowLength: 102
2023-07-09 17:51:57,112 - root - INFO - datalength: 928, _step: 2
2023-07-09 17:51:57,112 - root - INFO - BPP: 16, Transparency: False
2023-07-09 17:51:57,114 - root - INFO - Resource 22 offset: 526608, length: 1020...
2023-07-09 17:51:57,114 - root - DEBUG - Reading resource 22...
2023-07-09 17:51:57,115 - root - INFO - The image is bme.
2023-07-09 17:51:57,115 - root - INFO - Reading image header(readHeader16E)...
2023-07-09 17:51:57,115 - root - INFO - Image header was read:
2023-07-09 17:51:57,115 - root - INFO - Width: 51, Height: 23, RowLength: 102
2023-07-09 17:51:57,115 - root - INFO - datalength: 1004, _step: 2
2023-07-09 17:51:57,115 - root - INFO - BPP: 16, Transparency: False
2023-07-09 17:51:57,118 - root - INFO - Resource 23 offset: 527628, length: 1130...
2023-07-09 17:51:57,118 - root - DEBUG - Reading resource 23...
2023-07-09 17:51:57,118 - root - INFO - The image is bme.
2023-07-09 17:51:57,118 - root - INFO - Reading image header(readHeader16E)...
2023-07-09 17:51:57,119 - root - INFO - Image header was read:
2023-07-09 17:51:57,119 - root - INFO - Width: 51, Height: 23, RowLength: 102
2023-07-09 17:51:57,119 - root - INFO - datalength: 1114, _step: 2
2023-07-09 17:51:57,119 - root - INFO - BPP: 16, Transparency: False
2023-07-09 17:51:57,122 - root - INFO - Resource 24 offset: 528758, length: 1588...
2023-07-09 17:51:57,122 - root - DEBUG - Reading resource 24...
2023-07-09 17:51:57,123 - root - INFO - The image is bme.
2023-07-09 17:51:57,123 - root - INFO - Reading image header(readHeader16E)...
2023-07-09 17:51:57,123 - root - INFO - Image header was read:
2023-07-09 17:51:57,123 - root - INFO - Width: 51, Height: 23, RowLength: 102
2023-07-09 17:51:57,123 - root - INFO - datalength: 1572, _step: 2
2023-07-09 17:51:57,123 - root - INFO - BPP: 16, Transparency: False
2023-07-09 17:51:57,129 - root - INFO - Resource 25 offset: 530346, length: 1250...
2023-07-09 17:51:57,129 - root - DEBUG - Reading resource 25...
2023-07-09 17:51:57,129 - root - INFO - The image is bme.
2023-07-09 17:51:57,129 - root - INFO - Reading image header(readHeader16E)...
2023-07-09 17:51:57,129 - root - INFO - Image header was read:
2023-07-09 17:51:57,129 - root - INFO - Width: 51, Height: 23, RowLength: 102
2023-07-09 17:51:57,130 - root - INFO - datalength: 1234, _step: 2
2023-07-09 17:51:57,130 - root - INFO - BPP: 16, Transparency: False
2023-07-09 17:51:57,133 - root - INFO - Resource 26 offset: 531596, length: 1262...
2023-07-09 17:51:57,133 - root - DEBUG - Reading resource 26...
2023-07-09 17:51:57,133 - root - INFO - The image is bme.
2023-07-09 17:51:57,134 - root - INFO - Reading image header(readHeader16E)...
2023-07-09 17:51:57,134 - root - INFO - Image header was read:
2023-07-09 17:51:57,134 - root - INFO - Width: 51, Height: 23, RowLength: 102
2023-07-09 17:51:57,134 - root - INFO - datalength: 1246, _step: 2
2023-07-09 17:51:57,134 - root - INFO - BPP: 16, Transparency: False
2023-07-09 17:51:57,138 - root - INFO - Resource 27 offset: 532858, length: 1330...
2023-07-09 17:51:57,138 - root - DEBUG - Reading resource 27...
2023-07-09 17:51:57,138 - root - INFO - The image is bme.
2023-07-09 17:51:57,138 - root - INFO - Reading image header(readHeader16E)...
2023-07-09 17:51:57,138 - root - INFO - Image header was read:
2023-07-09 17:51:57,139 - root - INFO - Width: 51, Height: 23, RowLength: 102
2023-07-09 17:51:57,139 - root - INFO - datalength: 1314, _step: 2
2023-07-09 17:51:57,139 - root - INFO - BPP: 16, Transparency: False
2023-07-09 17:51:57,143 - root - INFO - Resource 28 offset: 534188, length: 1010...
2023-07-09 17:51:57,143 - root - DEBUG - Reading resource 28...
2023-07-09 17:51:57,143 - root - INFO - The image is bme.
2023-07-09 17:51:57,143 - root - INFO - Reading image header(readHeader16E)...
2023-07-09 17:51:57,143 - root - INFO - Image header was read:
2023-07-09 17:51:57,143 - root - INFO - Width: 51, Height: 23, RowLength: 102
2023-07-09 17:51:57,144 - root - INFO - datalength: 994, _step: 2
2023-07-09 17:51:57,144 - root - INFO - BPP: 16, Transparency: False
2023-07-09 17:51:57,148 - root - INFO - Resource 29 offset: 535198, length: 1086...
2023-07-09 17:51:57,148 - root - DEBUG - Reading resource 29...
2023-07-09 17:51:57,148 - root - INFO - The image is bme.
2023-07-09 17:51:57,148 - root - INFO - Reading image header(readHeader16E)...
2023-07-09 17:51:57,148 - root - INFO - Image header was read:
2023-07-09 17:51:57,148 - root - INFO - Width: 51, Height: 23, RowLength: 102
2023-07-09 17:51:57,149 - root - INFO - datalength: 1070, _step: 2
2023-07-09 17:51:57,149 - root - INFO - BPP: 16, Transparency: False
2023-07-09 17:51:57,152 - root - INFO - Resource 30 offset: 536284, length: 1196...
2023-07-09 17:51:57,152 - root - DEBUG - Reading resource 30...
2023-07-09 17:51:57,152 - root - INFO - The image is bme.
2023-07-09 17:51:57,153 - root - INFO - Reading image header(readHeader16E)...
2023-07-09 17:51:57,153 - root - INFO - Image header was read:
2023-07-09 17:51:57,153 - root - INFO - Width: 51, Height: 23, RowLength: 102
2023-07-09 17:51:57,153 - root - INFO - datalength: 1180, _step: 2
2023-07-09 17:51:57,153 - root - INFO - BPP: 16, Transparency: False
2023-07-09 17:51:57,156 - root - INFO - Resource 31 offset: 537480, length: 1654...
2023-07-09 17:51:57,157 - root - DEBUG - Reading resource 31...
2023-07-09 17:51:57,157 - root - INFO - The image is bme.
2023-07-09 17:51:57,157 - root - INFO - Reading image header(readHeader16E)...
2023-07-09 17:51:57,157 - root - INFO - Image header was read:
2023-07-09 17:51:57,157 - root - INFO - Width: 51, Height: 23, RowLength: 102
2023-07-09 17:51:57,157 - root - INFO - datalength: 1638, _step: 2
2023-07-09 17:51:57,157 - root - INFO - BPP: 16, Transparency: False
2023-07-09 17:51:57,163 - root - INFO - Resource 32 offset: 539134, length: 1316...
2023-07-09 17:51:57,163 - root - DEBUG - Reading resource 32...
2023-07-09 17:51:57,163 - root - INFO - The image is bme.
2023-07-09 17:51:57,164 - root - INFO - Reading image header(readHeader16E)...
2023-07-09 17:51:57,164 - root - INFO - Image header was read:
2023-07-09 17:51:57,165 - root - INFO - Width: 51, Height: 23, RowLength: 102
2023-07-09 17:51:57,165 - root - INFO - datalength: 1300, _step: 2
2023-07-09 17:51:57,166 - root - INFO - BPP: 16, Transparency: False
2023-07-09 17:51:57,171 - root - INFO - Resource 33 offset: 540450, length: 1328...
2023-07-09 17:51:57,172 - root - DEBUG - Reading resource 33...
2023-07-09 17:51:57,172 - root - INFO - The image is bme.
2023-07-09 17:51:57,172 - root - INFO - Reading image header(readHeader16E)...
2023-07-09 17:51:57,172 - root - INFO - Image header was read:
2023-07-09 17:51:57,173 - root - INFO - Width: 51, Height: 23, RowLength: 102
2023-07-09 17:51:57,173 - root - INFO - datalength: 1312, _step: 2
2023-07-09 17:51:57,173 - root - INFO - BPP: 16, Transparency: False
2023-07-09 17:51:57,177 - root - INFO - Resource 34 offset: 541778, length: 1396...
2023-07-09 17:51:57,177 - root - DEBUG - Reading resource 34...
2023-07-09 17:51:57,177 - root - INFO - The image is bme.
2023-07-09 17:51:57,178 - root - INFO - Reading image header(readHeader16E)...
2023-07-09 17:51:57,178 - root - INFO - Image header was read:
2023-07-09 17:51:57,178 - root - INFO - Width: 51, Height: 23, RowLength: 102
2023-07-09 17:51:57,178 - root - INFO - datalength: 1380, _step: 2
2023-07-09 17:51:57,178 - root - INFO - BPP: 16, Transparency: False
2023-07-09 17:51:57,182 - root - INFO - Resource 35 offset: 543174, length: 502...
2023-07-09 17:51:57,183 - root - DEBUG - Reading resource 35...
2023-07-09 17:51:57,183 - root - INFO - The image is bme.
2023-07-09 17:51:57,183 - root - INFO - Reading image header(readHeader16E)...
2023-07-09 17:51:57,183 - root - INFO - Image header was read:
2023-07-09 17:51:57,183 - root - INFO - Width: 17, Height: 22, RowLength: 34
2023-07-09 17:51:57,183 - root - INFO - datalength: 486, _step: 2
2023-07-09 17:51:57,183 - root - INFO - BPP: 16, Transparency: False
2023-07-09 17:51:57,185 - root - INFO - Resource 36 offset: 543676, length: 286...
2023-07-09 17:51:57,186 - root - DEBUG - Reading resource 36...
2023-07-09 17:51:57,186 - root - INFO - The image is bme.
2023-07-09 17:51:57,186 - root - INFO - Reading image header(readHeader16E)...
2023-07-09 17:51:57,186 - root - INFO - Image header was read:
2023-07-09 17:51:57,186 - root - INFO - Width: 17, Height: 22, RowLength: 34
2023-07-09 17:51:57,187 - root - INFO - datalength: 270, _step: 2
2023-07-09 17:51:57,187 - root - INFO - BPP: 16, Transparency: False
2023-07-09 17:51:57,188 - root - INFO - Resource 37 offset: 543962, length: 438...
2023-07-09 17:51:57,188 - root - DEBUG - Reading resource 37...
2023-07-09 17:51:57,189 - root - INFO - The image is bme.
2023-07-09 17:51:57,189 - root - INFO - Reading image header(readHeader16E)...
2023-07-09 17:51:57,189 - root - INFO - Image header was read:
2023-07-09 17:51:57,189 - root - INFO - Width: 17, Height: 22, RowLength: 34
2023-07-09 17:51:57,189 - root - INFO - datalength: 422, _step: 2
2023-07-09 17:51:57,189 - root - INFO - BPP: 16, Transparency: False
2023-07-09 17:51:57,191 - root - INFO - Resource 38 offset: 544400, length: 462...
2023-07-09 17:51:57,191 - root - DEBUG - Reading resource 38...
2023-07-09 17:51:57,191 - root - INFO - The image is bme.
2023-07-09 17:51:57,191 - root - INFO - Reading image header(readHeader16E)...
2023-07-09 17:51:57,192 - root - INFO - Image header was read:
2023-07-09 17:51:57,192 - root - INFO - Width: 17, Height: 22, RowLength: 34
2023-07-09 17:51:57,192 - root - INFO - datalength: 446, _step: 2
2023-07-09 17:51:57,193 - root - INFO - BPP: 16, Transparency: False
2023-07-09 17:51:57,194 - root - INFO - Resource 39 offset: 544862, length: 420...
2023-07-09 17:51:57,194 - root - DEBUG - Reading resource 39...
2023-07-09 17:51:57,194 - root - INFO - The image is bme.
2023-07-09 17:51:57,194 - root - INFO - Reading image header(readHeader16E)...
2023-07-09 17:51:57,194 - root - INFO - Image header was read:
2023-07-09 17:51:57,195 - root - INFO - Width: 17, Height: 22, RowLength: 34
2023-07-09 17:51:57,195 - root - INFO - datalength: 404, _step: 2
2023-07-09 17:51:57,195 - root - INFO - BPP: 16, Transparency: False
2023-07-09 17:51:57,196 - root - INFO - Resource 40 offset: 545282, length: 480...
2023-07-09 17:51:57,196 - root - DEBUG - Reading resource 40...
2023-07-09 17:51:57,196 - root - INFO - The image is bme.
2023-07-09 17:51:57,196 - root - INFO - Reading image header(readHeader16E)...
2023-07-09 17:51:57,196 - root - INFO - Image header was read:
2023-07-09 17:51:57,196 - root - INFO - Width: 17, Height: 22, RowLength: 34
2023-07-09 17:51:57,197 - root - INFO - datalength: 464, _step: 2
2023-07-09 17:51:57,197 - root - INFO - BPP: 16, Transparency: False
2023-07-09 17:51:57,200 - root - INFO - Resource 41 offset: 545762, length: 518...
2023-07-09 17:51:57,200 - root - DEBUG - Reading resource 41...
2023-07-09 17:51:57,200 - root - INFO - The image is bme.
2023-07-09 17:51:57,200 - root - INFO - Reading image header(readHeader16E)...
2023-07-09 17:51:57,200 - root - INFO - Image header was read:
2023-07-09 17:51:57,200 - root - INFO - Width: 17, Height: 22, RowLength: 34
2023-07-09 17:51:57,200 - root - INFO - datalength: 502, _step: 2
2023-07-09 17:51:57,201 - root - INFO - BPP: 16, Transparency: False
2023-07-09 17:51:57,203 - root - INFO - Resource 42 offset: 546280, length: 326...
2023-07-09 17:51:57,203 - root - DEBUG - Reading resource 42...
2023-07-09 17:51:57,203 - root - INFO - The image is bme.
2023-07-09 17:51:57,203 - root - INFO - Reading image header(readHeader16E)...
2023-07-09 17:51:57,203 - root - INFO - Image header was read:
2023-07-09 17:51:57,204 - root - INFO - Width: 17, Height: 22, RowLength: 34
2023-07-09 17:51:57,204 - root - INFO - datalength: 310, _step: 2
2023-07-09 17:51:57,204 - root - INFO - BPP: 16, Transparency: False
2023-07-09 17:51:57,206 - root - INFO - Resource 43 offset: 546606, length: 530...
2023-07-09 17:51:57,206 - root - DEBUG - Reading resource 43...
2023-07-09 17:51:57,206 - root - INFO - The image is bme.
2023-07-09 17:51:57,206 - root - INFO - Reading image header(readHeader16E)...
2023-07-09 17:51:57,206 - root - INFO - Image header was read:
2023-07-09 17:51:57,207 - root - INFO - Width: 17, Height: 22, RowLength: 34
2023-07-09 17:51:57,207 - root - INFO - datalength: 514, _step: 2
2023-07-09 17:51:57,207 - root - INFO - BPP: 16, Transparency: False
2023-07-09 17:51:57,208 - root - INFO - Resource 44 offset: 547136, length: 534...
2023-07-09 17:51:57,208 - root - DEBUG - Reading resource 44...
2023-07-09 17:51:57,209 - root - INFO - The image is bme.
2023-07-09 17:51:57,209 - root - INFO - Reading image header(readHeader16E)...
2023-07-09 17:51:57,209 - root - INFO - Image header was read:
2023-07-09 17:51:57,209 - root - INFO - Width: 17, Height: 22, RowLength: 34
2023-07-09 17:51:57,209 - root - INFO - datalength: 518, _step: 2
2023-07-09 17:51:57,209 - root - INFO - BPP: 16, Transparency: False
2023-07-09 17:51:57,211 - root - INFO - Resource 45 offset: 547670, length: 502...
2023-07-09 17:51:57,211 - root - DEBUG - Reading resource 45...
2023-07-09 17:51:57,211 - root - INFO - The image is bme.
2023-07-09 17:51:57,211 - root - INFO - Reading image header(readHeader16E)...
2023-07-09 17:51:57,211 - root - INFO - Image header was read:
2023-07-09 17:51:57,211 - root - INFO - Width: 17, Height: 22, RowLength: 34
2023-07-09 17:51:57,211 - root - INFO - datalength: 486, _step: 2
2023-07-09 17:51:57,212 - root - INFO - BPP: 16, Transparency: False
2023-07-09 17:51:57,213 - root - INFO - Resource 46 offset: 548172, length: 286...
2023-07-09 17:51:57,213 - root - DEBUG - Reading resource 46...
2023-07-09 17:51:57,213 - root - INFO - The image is bme.
2023-07-09 17:51:57,213 - root - INFO - Reading image header(readHeader16E)...
2023-07-09 17:51:57,213 - root - INFO - Image header was read:
2023-07-09 17:51:57,214 - root - INFO - Width: 17, Height: 22, RowLength: 34
2023-07-09 17:51:57,214 - root - INFO - datalength: 270, _step: 2
2023-07-09 17:51:57,214 - root - INFO - BPP: 16, Transparency: False
2023-07-09 17:51:57,215 - root - INFO - Resource 47 offset: 548458, length: 438...
2023-07-09 17:51:57,215 - root - DEBUG - Reading resource 47...
2023-07-09 17:51:57,215 - root - INFO - The image is bme.
2023-07-09 17:51:57,215 - root - INFO - Reading image header(readHeader16E)...
2023-07-09 17:51:57,215 - root - INFO - Image header was read:
2023-07-09 17:51:57,215 - root - INFO - Width: 17, Height: 22, RowLength: 34
2023-07-09 17:51:57,215 - root - INFO - datalength: 422, _step: 2
2023-07-09 17:51:57,216 - root - INFO - BPP: 16, Transparency: False
2023-07-09 17:51:57,217 - root - INFO - Resource 48 offset: 548896, length: 462...
2023-07-09 17:51:57,217 - root - DEBUG - Reading resource 48...
2023-07-09 17:51:57,217 - root - INFO - The image is bme.
2023-07-09 17:51:57,217 - root - INFO - Reading image header(readHeader16E)...
2023-07-09 17:51:57,217 - root - INFO - Image header was read:
2023-07-09 17:51:57,217 - root - INFO - Width: 17, Height: 22, RowLength: 34
2023-07-09 17:51:57,217 - root - INFO - datalength: 446, _step: 2
2023-07-09 17:51:57,218 - root - INFO - BPP: 16, Transparency: False
2023-07-09 17:51:57,219 - root - INFO - Resource 49 offset: 549358, length: 420...
2023-07-09 17:51:57,219 - root - DEBUG - Reading resource 49...
2023-07-09 17:51:57,219 - root - INFO - The image is bme.
2023-07-09 17:51:57,219 - root - INFO - Reading image header(readHeader16E)...
2023-07-09 17:51:57,219 - root - INFO - Image header was read:
2023-07-09 17:51:57,220 - root - INFO - Width: 17, Height: 22, RowLength: 34
2023-07-09 17:51:57,220 - root - INFO - datalength: 404, _step: 2
2023-07-09 17:51:57,220 - root - INFO - BPP: 16, Transparency: False
2023-07-09 17:51:57,221 - root - INFO - Resource 50 offset: 549778, length: 480...
2023-07-09 17:51:57,221 - root - DEBUG - Reading resource 50...
2023-07-09 17:51:57,221 - root - INFO - The image is bme.
2023-07-09 17:51:57,221 - root - INFO - Reading image header(readHeader16E)...
2023-07-09 17:51:57,221 - root - INFO - Image header was read:
2023-07-09 17:51:57,222 - root - INFO - Width: 17, Height: 22, RowLength: 34
2023-07-09 17:51:57,222 - root - INFO - datalength: 464, _step: 2
2023-07-09 17:51:57,222 - root - INFO - BPP: 16, Transparency: False
2023-07-09 17:51:57,223 - root - INFO - Resource 51 offset: 550258, length: 518...
2023-07-09 17:51:57,223 - root - DEBUG - Reading resource 51...
2023-07-09 17:51:57,224 - root - INFO - The image is bme.
2023-07-09 17:51:57,224 - root - INFO - Reading image header(readHeader16E)...
2023-07-09 17:51:57,224 - root - INFO - Image header was read:
2023-07-09 17:51:57,224 - root - INFO - Width: 17, Height: 22, RowLength: 34
2023-07-09 17:51:57,224 - root - INFO - datalength: 502, _step: 2
2023-07-09 17:51:57,224 - root - INFO - BPP: 16, Transparency: False
2023-07-09 17:51:57,226 - root - INFO - Resource 52 offset: 550776, length: 326...
2023-07-09 17:51:57,226 - root - DEBUG - Reading resource 52...
2023-07-09 17:51:57,226 - root - INFO - The image is bme.
2023-07-09 17:51:57,226 - root - INFO - Reading image header(readHeader16E)...
2023-07-09 17:51:57,226 - root - INFO - Image header was read:
2023-07-09 17:51:57,227 - root - INFO - Width: 17, Height: 22, RowLength: 34
2023-07-09 17:51:57,227 - root - INFO - datalength: 310, _step: 2
2023-07-09 17:51:57,227 - root - INFO - BPP: 16, Transparency: False
2023-07-09 17:51:57,228 - root - INFO - Resource 53 offset: 551102, length: 530...
2023-07-09 17:51:57,228 - root - DEBUG - Reading resource 53...
2023-07-09 17:51:57,228 - root - INFO - The image is bme.
2023-07-09 17:51:57,228 - root - INFO - Reading image header(readHeader16E)...
2023-07-09 17:51:57,228 - root - INFO - Image header was read:
2023-07-09 17:51:57,228 - root - INFO - Width: 17, Height: 22, RowLength: 34
2023-07-09 17:51:57,228 - root - INFO - datalength: 514, _step: 2
2023-07-09 17:51:57,228 - root - INFO - BPP: 16, Transparency: False
2023-07-09 17:51:57,230 - root - INFO - Resource 54 offset: 551632, length: 534...
2023-07-09 17:51:57,230 - root - DEBUG - Reading resource 54...
2023-07-09 17:51:57,231 - root - INFO - The image is bme.
2023-07-09 17:51:57,231 - root - INFO - Reading image header(readHeader16E)...
2023-07-09 17:51:57,231 - root - INFO - Image header was read:
2023-07-09 17:51:57,231 - root - INFO - Width: 17, Height: 22, RowLength: 34
2023-07-09 17:51:57,231 - root - INFO - datalength: 518, _step: 2
2023-07-09 17:51:57,231 - root - INFO - BPP: 16, Transparency: False
2023-07-09 17:51:57,232 - root - INFO - Resource 55 offset: 552166, length: 220...
2023-07-09 17:51:57,233 - root - DEBUG - Reading resource 55...
2023-07-09 17:51:57,233 - root - INFO - The image is bme.
2023-07-09 17:51:57,233 - root - INFO - Reading image header(readHeader16E)...
2023-07-09 17:51:57,233 - root - INFO - Image header was read:
2023-07-09 17:51:57,233 - root - INFO - Width: 38, Height: 22, RowLength: 76
2023-07-09 17:51:57,233 - root - INFO - datalength: 204, _step: 2
2023-07-09 17:51:57,233 - root - INFO - BPP: 16, Transparency: False
2023-07-09 17:51:57,234 - root - INFO - Resource 56 offset: 552386, length: 646...
2023-07-09 17:51:57,234 - root - DEBUG - Reading resource 56...
2023-07-09 17:51:57,234 - root - INFO - The image is bme.
2023-07-09 17:51:57,234 - root - INFO - Reading image header(readHeader16E)...
2023-07-09 17:51:57,235 - root - INFO - Image header was read:
2023-07-09 17:51:57,235 - root - INFO - Width: 92, Height: 91, RowLength: 184
2023-07-09 17:51:57,235 - root - INFO - datalength: 630, _step: 2
2023-07-09 17:51:57,235 - root - INFO - BPP: 16, Transparency: False
2023-07-09 17:51:57,237 - root - INFO - Resource 57 offset: 553032, length: 1128...
2023-07-09 17:51:57,237 - root - DEBUG - Reading resource 57...
2023-07-09 17:51:57,237 - root - INFO - The image is bme.
2023-07-09 17:51:57,238 - root - INFO - Reading image header(readHeader16E)...
2023-07-09 17:51:57,238 - root - INFO - Image header was read:
2023-07-09 17:51:57,238 - root - INFO - Width: 92, Height: 91, RowLength: 184
2023-07-09 17:51:57,238 - root - INFO - datalength: 1112, _step: 2
2023-07-09 17:51:57,238 - root - INFO - BPP: 16, Transparency: False
2023-07-09 17:51:57,242 - root - INFO - Resource 58 offset: 554160, length: 1608...
2023-07-09 17:51:57,242 - root - DEBUG - Reading resource 58...
2023-07-09 17:51:57,242 - root - INFO - The image is bme.
2023-07-09 17:51:57,242 - root - INFO - Reading image header(readHeader16E)...
2023-07-09 17:51:57,242 - root - INFO - Image header was read:
2023-07-09 17:51:57,243 - root - INFO - Width: 92, Height: 91, RowLength: 184
2023-07-09 17:51:57,243 - root - INFO - datalength: 1592, _step: 2
2023-07-09 17:51:57,243 - root - INFO - BPP: 16, Transparency: False
2023-07-09 17:51:57,247 - root - INFO - Resource 59 offset: 555768, length: 2062...
2023-07-09 17:51:57,247 - root - DEBUG - Reading resource 59...
2023-07-09 17:51:57,248 - root - INFO - The image is bme.
2023-07-09 17:51:57,248 - root - INFO - Reading image header(readHeader16E)...
2023-07-09 17:51:57,248 - root - INFO - Image header was read:
2023-07-09 17:51:57,248 - root - INFO - Width: 92, Height: 91, RowLength: 184
2023-07-09 17:51:57,248 - root - INFO - datalength: 2046, _step: 2
2023-07-09 17:51:57,248 - root - INFO - BPP: 16, Transparency: False
2023-07-09 17:51:57,254 - root - INFO - Resource 60 offset: 557830, length: 2450...
2023-07-09 17:51:57,254 - root - DEBUG - Reading resource 60...
2023-07-09 17:51:57,254 - root - INFO - The image is bme.
2023-07-09 17:51:57,254 - root - INFO - Reading image header(readHeader16E)...
2023-07-09 17:51:57,255 - root - INFO - Image header was read:
2023-07-09 17:51:57,255 - root - INFO - Width: 92, Height: 91, RowLength: 184
2023-07-09 17:51:57,255 - root - INFO - datalength: 2434, _step: 2
2023-07-09 17:51:57,255 - root - INFO - BPP: 16, Transparency: False
2023-07-09 17:51:57,264 - root - INFO - Resource 61 offset: 560280, length: 2836...
2023-07-09 17:51:57,264 - root - DEBUG - Reading resource 61...
2023-07-09 17:51:57,264 - root - INFO - The image is bme.
2023-07-09 17:51:57,264 - root - INFO - Reading image header(readHeader16E)...
2023-07-09 17:51:57,264 - root - INFO - Image header was read:
2023-07-09 17:51:57,264 - root - INFO - Width: 92, Height: 91, RowLength: 184
2023-07-09 17:51:57,264 - root - INFO - datalength: 2820, _step: 2
2023-07-09 17:51:57,265 - root - INFO - BPP: 16, Transparency: False
2023-07-09 17:51:57,274 - root - INFO - Resource 62 offset: 563116, length: 3304...
2023-07-09 17:51:57,274 - root - DEBUG - Reading resource 62...
2023-07-09 17:51:57,274 - root - INFO - The image is bme.
2023-07-09 17:51:57,274 - root - INFO - Reading image header(readHeader16E)...
2023-07-09 17:51:57,274 - root - INFO - Image header was read:
2023-07-09 17:51:57,274 - root - INFO - Width: 92, Height: 91, RowLength: 184
2023-07-09 17:51:57,274 - root - INFO - datalength: 3288, _step: 2
2023-07-09 17:51:57,274 - root - INFO - BPP: 16, Transparency: False
2023-07-09 17:51:57,285 - root - INFO - Resource 63 offset: 566420, length: 3772...
2023-07-09 17:51:57,285 - root - DEBUG - Reading resource 63...
2023-07-09 17:51:57,285 - root - INFO - The image is bme.
2023-07-09 17:51:57,285 - root - INFO - Reading image header(readHeader16E)...
2023-07-09 17:51:57,286 - root - INFO - Image header was read:
2023-07-09 17:51:57,286 - root - INFO - Width: 92, Height: 91, RowLength: 184
2023-07-09 17:51:57,286 - root - INFO - datalength: 3756, _step: 2
2023-07-09 17:51:57,286 - root - INFO - BPP: 16, Transparency: False
2023-07-09 17:51:57,298 - root - INFO - Resource 64 offset: 570192, length: 4254...
2023-07-09 17:51:57,298 - root - DEBUG - Reading resource 64...
2023-07-09 17:51:57,298 - root - INFO - The image is bme.
2023-07-09 17:51:57,298 - root - INFO - Reading image header(readHeader16E)...
2023-07-09 17:51:57,298 - root - INFO - Image header was read:
2023-07-09 17:51:57,298 - root - INFO - Width: 92, Height: 91, RowLength: 184
2023-07-09 17:51:57,298 - root - INFO - datalength: 4238, _step: 2
2023-07-09 17:51:57,299 - root - INFO - BPP: 16, Transparency: False
2023-07-09 17:51:57,311 - root - INFO - Resource 65 offset: 574446, length: 4706...
2023-07-09 17:51:57,312 - root - DEBUG - Reading resource 65...
2023-07-09 17:51:57,312 - root - INFO - The image is bme.
2023-07-09 17:51:57,312 - root - INFO - Reading image header(readHeader16E)...
2023-07-09 17:51:57,312 - root - INFO - Image header was read:
2023-07-09 17:51:57,312 - root - INFO - Width: 92, Height: 91, RowLength: 184
2023-07-09 17:51:57,312 - root - INFO - datalength: 4690, _step: 2
2023-07-09 17:51:57,312 - root - INFO - BPP: 16, Transparency: False
2023-07-09 17:51:57,327 - root - INFO - Resource 66 offset: 579152, length: 502...
2023-07-09 17:51:57,327 - root - DEBUG - Reading resource 66...
2023-07-09 17:51:57,328 - root - INFO - The image is bme.
2023-07-09 17:51:57,328 - root - INFO - Reading image header(readHeader16E)...
2023-07-09 17:51:57,328 - root - INFO - Image header was read:
2023-07-09 17:51:57,328 - root - INFO - Width: 17, Height: 22, RowLength: 34
2023-07-09 17:51:57,328 - root - INFO - datalength: 486, _step: 2
2023-07-09 17:51:57,328 - root - INFO - BPP: 16, Transparency: False
2023-07-09 17:51:57,329 - root - INFO - Resource 67 offset: 579654, length: 286...
2023-07-09 17:51:57,329 - root - DEBUG - Reading resource 67...
2023-07-09 17:51:57,330 - root - INFO - The image is bme.
2023-07-09 17:51:57,330 - root - INFO - Reading image header(readHeader16E)...
2023-07-09 17:51:57,330 - root - INFO - Image header was read:
2023-07-09 17:51:57,330 - root - INFO - Width: 17, Height: 22, RowLength: 34
2023-07-09 17:51:57,330 - root - INFO - datalength: 270, _step: 2
2023-07-09 17:51:57,330 - root - INFO - BPP: 16, Transparency: False
2023-07-09 17:51:57,331 - root - INFO - Resource 68 offset: 579940, length: 438...
2023-07-09 17:51:57,331 - root - DEBUG - Reading resource 68...
2023-07-09 17:51:57,331 - root - INFO - The image is bme.
2023-07-09 17:51:57,332 - root - INFO - Reading image header(readHeader16E)...
2023-07-09 17:51:57,332 - root - INFO - Image header was read:
2023-07-09 17:51:57,332 - root - INFO - Width: 17, Height: 22, RowLength: 34
2023-07-09 17:51:57,332 - root - INFO - datalength: 422, _step: 2
2023-07-09 17:51:57,332 - root - INFO - BPP: 16, Transparency: False
2023-07-09 17:51:57,334 - root - INFO - Resource 69 offset: 580378, length: 462...
2023-07-09 17:51:57,334 - root - DEBUG - Reading resource 69...
2023-07-09 17:51:57,334 - root - INFO - The image is bme.
2023-07-09 17:51:57,334 - root - INFO - Reading image header(readHeader16E)...
2023-07-09 17:51:57,334 - root - INFO - Image header was read:
2023-07-09 17:51:57,334 - root - INFO - Width: 17, Height: 22, RowLength: 34
2023-07-09 17:51:57,334 - root - INFO - datalength: 446, _step: 2
2023-07-09 17:51:57,334 - root - INFO - BPP: 16, Transparency: False
2023-07-09 17:51:57,336 - root - INFO - Resource 70 offset: 580840, length: 420...
2023-07-09 17:51:57,336 - root - DEBUG - Reading resource 70...
2023-07-09 17:51:57,336 - root - INFO - The image is bme.
2023-07-09 17:51:57,336 - root - INFO - Reading image header(readHeader16E)...
2023-07-09 17:51:57,336 - root - INFO - Image header was read:
2023-07-09 17:51:57,336 - root - INFO - Width: 17, Height: 22, RowLength: 34
2023-07-09 17:51:57,336 - root - INFO - datalength: 404, _step: 2
2023-07-09 17:51:57,337 - root - INFO - BPP: 16, Transparency: False
2023-07-09 17:51:57,338 - root - INFO - Resource 71 offset: 581260, length: 480...
2023-07-09 17:51:57,338 - root - DEBUG - Reading resource 71...
2023-07-09 17:51:57,338 - root - INFO - The image is bme.
2023-07-09 17:51:57,338 - root - INFO - Reading image header(readHeader16E)...
2023-07-09 17:51:57,338 - root - INFO - Image header was read:
2023-07-09 17:51:57,338 - root - INFO - Width: 17, Height: 22, RowLength: 34
2023-07-09 17:51:57,338 - root - INFO - datalength: 464, _step: 2
2023-07-09 17:51:57,338 - root - INFO - BPP: 16, Transparency: False
2023-07-09 17:51:57,340 - root - INFO - Resource 72 offset: 581740, length: 518...
2023-07-09 17:51:57,340 - root - DEBUG - Reading resource 72...
2023-07-09 17:51:57,340 - root - INFO - The image is bme.
2023-07-09 17:51:57,340 - root - INFO - Reading image header(readHeader16E)...
2023-07-09 17:51:57,340 - root - INFO - Image header was read:
2023-07-09 17:51:57,340 - root - INFO - Width: 17, Height: 22, RowLength: 34
2023-07-09 17:51:57,340 - root - INFO - datalength: 502, _step: 2
2023-07-09 17:51:57,341 - root - INFO - BPP: 16, Transparency: False
2023-07-09 17:51:57,342 - root - INFO - Resource 73 offset: 582258, length: 326...
2023-07-09 17:51:57,342 - root - DEBUG - Reading resource 73...
2023-07-09 17:51:57,343 - root - INFO - The image is bme.
2023-07-09 17:51:57,343 - root - INFO - Reading image header(readHeader16E)...
2023-07-09 17:51:57,343 - root - INFO - Image header was read:
2023-07-09 17:51:57,343 - root - INFO - Width: 17, Height: 22, RowLength: 34
2023-07-09 17:51:57,343 - root - INFO - datalength: 310, _step: 2
2023-07-09 17:51:57,343 - root - INFO - BPP: 16, Transparency: False
2023-07-09 17:51:57,344 - root - INFO - Resource 74 offset: 582584, length: 530...
2023-07-09 17:51:57,344 - root - DEBUG - Reading resource 74...
2023-07-09 17:51:57,344 - root - INFO - The image is bme.
2023-07-09 17:51:57,344 - root - INFO - Reading image header(readHeader16E)...
2023-07-09 17:51:57,344 - root - INFO - Image header was read:
2023-07-09 17:51:57,345 - root - INFO - Width: 17, Height: 22, RowLength: 34
2023-07-09 17:51:57,345 - root - INFO - datalength: 514, _step: 2
2023-07-09 17:51:57,345 - root - INFO - BPP: 16, Transparency: False
2023-07-09 17:51:57,346 - root - INFO - Resource 75 offset: 583114, length: 534...
2023-07-09 17:51:57,346 - root - DEBUG - Reading resource 75...
2023-07-09 17:51:57,346 - root - INFO - The image is bme.
2023-07-09 17:51:57,347 - root - INFO - Reading image header(readHeader16E)...
2023-07-09 17:51:57,347 - root - INFO - Image header was read:
2023-07-09 17:51:57,347 - root - INFO - Width: 17, Height: 22, RowLength: 34
2023-07-09 17:51:57,347 - root - INFO - datalength: 518, _step: 2
2023-07-09 17:51:57,347 - root - INFO - BPP: 16, Transparency: False
2023-07-09 17:51:57,349 - root - INFO - Resource 76 offset: 583648, length: 646...
2023-07-09 17:51:57,349 - root - DEBUG - Reading resource 76...
2023-07-09 17:51:57,349 - root - INFO - The image is bme.
2023-07-09 17:51:57,349 - root - INFO - Reading image header(readHeader16E)...
2023-07-09 17:51:57,349 - root - INFO - Image header was read:
2023-07-09 17:51:57,349 - root - INFO - Width: 92, Height: 91, RowLength: 184
2023-07-09 17:51:57,349 - root - INFO - datalength: 630, _step: 2
2023-07-09 17:51:57,350 - root - INFO - BPP: 16, Transparency: False
2023-07-09 17:51:57,352 - root - INFO - Resource 77 offset: 584294, length: 1128...
2023-07-09 17:51:57,352 - root - DEBUG - Reading resource 77...
2023-07-09 17:51:57,352 - root - INFO - The image is bme.
2023-07-09 17:51:57,352 - root - INFO - Reading image header(readHeader16E)...
2023-07-09 17:51:57,352 - root - INFO - Image header was read:
2023-07-09 17:51:57,352 - root - INFO - Width: 92, Height: 91, RowLength: 184
2023-07-09 17:51:57,353 - root - INFO - datalength: 1112, _step: 2
2023-07-09 17:51:57,353 - root - INFO - BPP: 16, Transparency: False
2023-07-09 17:51:57,356 - root - INFO - Resource 78 offset: 585422, length: 1608...
2023-07-09 17:51:57,356 - root - DEBUG - Reading resource 78...
2023-07-09 17:51:57,356 - root - INFO - The image is bme.
2023-07-09 17:51:57,356 - root - INFO - Reading image header(readHeader16E)...
2023-07-09 17:51:57,356 - root - INFO - Image header was read:
2023-07-09 17:51:57,357 - root - INFO - Width: 92, Height: 91, RowLength: 184
2023-07-09 17:51:57,357 - root - INFO - datalength: 1592, _step: 2
2023-07-09 17:51:57,357 - root - INFO - BPP: 16, Transparency: False
2023-07-09 17:51:57,363 - root - INFO - Resource 79 offset: 587030, length: 2062...
2023-07-09 17:51:57,363 - root - DEBUG - Reading resource 79...
2023-07-09 17:51:57,363 - root - INFO - The image is bme.
2023-07-09 17:51:57,363 - root - INFO - Reading image header(readHeader16E)...
2023-07-09 17:51:57,363 - root - INFO - Image header was read:
2023-07-09 17:51:57,363 - root - INFO - Width: 92, Height: 91, RowLength: 184
2023-07-09 17:51:57,363 - root - INFO - datalength: 2046, _step: 2
2023-07-09 17:51:57,363 - root - INFO - BPP: 16, Transparency: False
2023-07-09 17:51:57,370 - root - INFO - Resource 80 offset: 589092, length: 2450...
2023-07-09 17:51:57,370 - root - DEBUG - Reading resource 80...
2023-07-09 17:51:57,370 - root - INFO - The image is bme.
2023-07-09 17:51:57,370 - root - INFO - Reading image header(readHeader16E)...
2023-07-09 17:51:57,370 - root - INFO - Image header was read:
2023-07-09 17:51:57,370 - root - INFO - Width: 92, Height: 91, RowLength: 184
2023-07-09 17:51:57,370 - root - INFO - datalength: 2434, _step: 2
2023-07-09 17:51:57,370 - root - INFO - BPP: 16, Transparency: False
2023-07-09 17:51:57,378 - root - INFO - Resource 81 offset: 591542, length: 2836...
2023-07-09 17:51:57,378 - root - DEBUG - Reading resource 81...
2023-07-09 17:51:57,378 - root - INFO - The image is bme.
2023-07-09 17:51:57,378 - root - INFO - Reading image header(readHeader16E)...
2023-07-09 17:51:57,378 - root - INFO - Image header was read:
2023-07-09 17:51:57,378 - root - INFO - Width: 92, Height: 91, RowLength: 184
2023-07-09 17:51:57,379 - root - INFO - datalength: 2820, _step: 2
2023-07-09 17:51:57,379 - root - INFO - BPP: 16, Transparency: False
2023-07-09 17:51:57,387 - root - INFO - Resource 82 offset: 594378, length: 3304...
2023-07-09 17:51:57,387 - root - DEBUG - Reading resource 82...
2023-07-09 17:51:57,387 - root - INFO - The image is bme.
2023-07-09 17:51:57,387 - root - INFO - Reading image header(readHeader16E)...
2023-07-09 17:51:57,387 - root - INFO - Image header was read:
2023-07-09 17:51:57,387 - root - INFO - Width: 92, Height: 91, RowLength: 184
2023-07-09 17:51:57,388 - root - INFO - datalength: 3288, _step: 2
2023-07-09 17:51:57,388 - root - INFO - BPP: 16, Transparency: False
2023-07-09 17:51:57,397 - root - INFO - Resource 83 offset: 597682, length: 3772...
2023-07-09 17:51:57,398 - root - DEBUG - Reading resource 83...
2023-07-09 17:51:57,398 - root - INFO - The image is bme.
2023-07-09 17:51:57,398 - root - INFO - Reading image header(readHeader16E)...
2023-07-09 17:51:57,398 - root - INFO - Image header was read:
2023-07-09 17:51:57,398 - root - INFO - Width: 92, Height: 91, RowLength: 184
2023-07-09 17:51:57,398 - root - INFO - datalength: 3756, _step: 2
2023-07-09 17:51:57,399 - root - INFO - BPP: 16, Transparency: False
2023-07-09 17:51:57,410 - root - INFO - Resource 84 offset: 601454, length: 4254...
2023-07-09 17:51:57,410 - root - DEBUG - Reading resource 84...
2023-07-09 17:51:57,410 - root - INFO - The image is bme.
2023-07-09 17:51:57,410 - root - INFO - Reading image header(readHeader16E)...
2023-07-09 17:51:57,410 - root - INFO - Image header was read:
2023-07-09 17:51:57,410 - root - INFO - Width: 92, Height: 91, RowLength: 184
2023-07-09 17:51:57,410 - root - INFO - datalength: 4238, _step: 2
2023-07-09 17:51:57,410 - root - INFO - BPP: 16, Transparency: False
2023-07-09 17:51:57,423 - root - INFO - Resource 85 offset: 605708, length: 4710...
2023-07-09 17:51:57,423 - root - DEBUG - Reading resource 85...
2023-07-09 17:51:57,423 - root - INFO - The image is bme.
2023-07-09 17:51:57,423 - root - INFO - Reading image header(readHeader16E)...
2023-07-09 17:51:57,423 - root - INFO - Image header was read:
2023-07-09 17:51:57,423 - root - INFO - Width: 91, Height: 91, RowLength: 182
2023-07-09 17:51:57,424 - root - INFO - datalength: 4694, _step: 2
2023-07-09 17:51:57,424 - root - INFO - BPP: 16, Transparency: False
2023-07-09 17:51:57,441 - root - INFO - Resource 86 offset: 610418, length: 640...
2023-07-09 17:51:57,441 - root - DEBUG - Reading resource 86...
2023-07-09 17:51:57,441 - root - INFO - The image is bme.
2023-07-09 17:51:57,441 - root - INFO - Reading image header(readHeader16E)...
2023-07-09 17:51:57,441 - root - INFO - Image header was read:
2023-07-09 17:51:57,441 - root - INFO - Width: 92, Height: 91, RowLength: 184
2023-07-09 17:51:57,441 - root - INFO - datalength: 624, _step: 2
2023-07-09 17:51:57,442 - root - INFO - BPP: 16, Transparency: False
2023-07-09 17:51:57,444 - root - INFO - Resource 87 offset: 611058, length: 1122...
2023-07-09 17:51:57,444 - root - DEBUG - Reading resource 87...
2023-07-09 17:51:57,444 - root - INFO - The image is bme.
2023-07-09 17:51:57,444 - root - INFO - Reading image header(readHeader16E)...
2023-07-09 17:51:57,444 - root - INFO - Image header was read:
2023-07-09 17:51:57,445 - root - INFO - Width: 92, Height: 91, RowLength: 184
2023-07-09 17:51:57,445 - root - INFO - datalength: 1106, _step: 2
2023-07-09 17:51:57,445 - root - INFO - BPP: 16, Transparency: False
2023-07-09 17:51:57,448 - root - INFO - Resource 88 offset: 612180, length: 1612...
2023-07-09 17:51:57,448 - root - DEBUG - Reading resource 88...
2023-07-09 17:51:57,448 - root - INFO - The image is bme.
2023-07-09 17:51:57,448 - root - INFO - Reading image header(readHeader16E)...
2023-07-09 17:51:57,448 - root - INFO - Image header was read:
2023-07-09 17:51:57,449 - root - INFO - Width: 92, Height: 91, RowLength: 184
2023-07-09 17:51:57,449 - root - INFO - datalength: 1596, _step: 2
2023-07-09 17:51:57,449 - root - INFO - BPP: 16, Transparency: False
2023-07-09 17:51:57,455 - root - INFO - Resource 89 offset: 613792, length: 2060...
2023-07-09 17:51:57,455 - root - DEBUG - Reading resource 89...
2023-07-09 17:51:57,455 - root - INFO - The image is bme.
2023-07-09 17:51:57,455 - root - INFO - Reading image header(readHeader16E)...
2023-07-09 17:51:57,455 - root - INFO - Image header was read:
2023-07-09 17:51:57,455 - root - INFO - Width: 92, Height: 91, RowLength: 184
2023-07-09 17:51:57,455 - root - INFO - datalength: 2044, _step: 2
2023-07-09 17:51:57,456 - root - INFO - BPP: 16, Transparency: False
2023-07-09 17:51:57,461 - root - INFO - Resource 90 offset: 615852, length: 2464...
2023-07-09 17:51:57,462 - root - DEBUG - Reading resource 90...
2023-07-09 17:51:57,462 - root - INFO - The image is bme.
2023-07-09 17:51:57,462 - root - INFO - Reading image header(readHeader16E)...
2023-07-09 17:51:57,462 - root - INFO - Image header was read:
2023-07-09 17:51:57,462 - root - INFO - Width: 92, Height: 91, RowLength: 184
2023-07-09 17:51:57,462 - root - INFO - datalength: 2448, _step: 2
2023-07-09 17:51:57,462 - root - INFO - BPP: 16, Transparency: False
2023-07-09 17:51:57,469 - root - INFO - Resource 91 offset: 618316, length: 2872...
2023-07-09 17:51:57,469 - root - DEBUG - Reading resource 91...
2023-07-09 17:51:57,469 - root - INFO - The image is bme.
2023-07-09 17:51:57,470 - root - INFO - Reading image header(readHeader16E)...
2023-07-09 17:51:57,470 - root - INFO - Image header was read:
2023-07-09 17:51:57,470 - root - INFO - Width: 92, Height: 91, RowLength: 184
2023-07-09 17:51:57,470 - root - INFO - datalength: 2856, _step: 2
2023-07-09 17:51:57,470 - root - INFO - BPP: 16, Transparency: False
2023-07-09 17:51:57,479 - root - INFO - Resource 92 offset: 621188, length: 3302...
2023-07-09 17:51:57,479 - root - DEBUG - Reading resource 92...
2023-07-09 17:51:57,479 - root - INFO - The image is bme.
2023-07-09 17:51:57,480 - root - INFO - Reading image header(readHeader16E)...
2023-07-09 17:51:57,480 - root - INFO - Image header was read:
2023-07-09 17:51:57,480 - root - INFO - Width: 92, Height: 91, RowLength: 184
2023-07-09 17:51:57,480 - root - INFO - datalength: 3286, _step: 2
2023-07-09 17:51:57,480 - root - INFO - BPP: 16, Transparency: False
2023-07-09 17:51:57,490 - root - INFO - Resource 93 offset: 624490, length: 3814...
2023-07-09 17:51:57,490 - root - DEBUG - Reading resource 93...
2023-07-09 17:51:57,490 - root - INFO - The image is bme.
2023-07-09 17:51:57,490 - root - INFO - Reading image header(readHeader16E)...
2023-07-09 17:51:57,490 - root - INFO - Image header was read:
2023-07-09 17:51:57,490 - root - INFO - Width: 92, Height: 91, RowLength: 184
2023-07-09 17:51:57,490 - root - INFO - datalength: 3798, _step: 2
2023-07-09 17:51:57,491 - root - INFO - BPP: 16, Transparency: False
2023-07-09 17:51:57,501 - root - INFO - Resource 94 offset: 628304, length: 4300...
2023-07-09 17:51:57,502 - root - DEBUG - Reading resource 94...
2023-07-09 17:51:57,502 - root - INFO - The image is bme.
2023-07-09 17:51:57,502 - root - INFO - Reading image header(readHeader16E)...
2023-07-09 17:51:57,502 - root - INFO - Image header was read:
2023-07-09 17:51:57,502 - root - INFO - Width: 92, Height: 91, RowLength: 184
2023-07-09 17:51:57,502 - root - INFO - datalength: 4284, _step: 2
2023-07-09 17:51:57,502 - root - INFO - BPP: 16, Transparency: False
2023-07-09 17:51:57,515 - root - INFO - Resource 95 offset: 632604, length: 4750...
2023-07-09 17:51:57,515 - root - DEBUG - Reading resource 95...
2023-07-09 17:51:57,515 - root - INFO - The image is bme.
2023-07-09 17:51:57,515 - root - INFO - Reading image header(readHeader16E)...
2023-07-09 17:51:57,515 - root - INFO - Image header was read:
2023-07-09 17:51:57,515 - root - INFO - Width: 92, Height: 91, RowLength: 184
2023-07-09 17:51:57,516 - root - INFO - datalength: 4734, _step: 2
2023-07-09 17:51:57,516 - root - INFO - BPP: 16, Transparency: False
2023-07-09 17:51:57,530 - root - INFO - Resource 96 offset: 637354, length: 2797...
2023-07-09 17:51:57,530 - root - DEBUG - Reading resource 96...
2023-07-09 17:51:57,530 - root - INFO - The image is bmc.
2023-07-09 17:51:57,530 - root - INFO - Reading image header(readHeader16C)...
2023-07-09 17:51:57,530 - root - INFO - Image header was read:
2023-07-09 17:51:57,530 - root - INFO - Width: 9, Height: 103, RowLength: 27
2023-07-09 17:51:57,530 - root - INFO - _step: 3, unknown2: 0,
2023-07-09 17:51:57,530 - root - INFO - BPP: 24, Transparency: False
2023-07-09 17:51:57,536 - root - INFO - Resource 97 offset: 640151, length: 9256...
2023-07-09 17:51:57,537 - root - DEBUG - Reading resource 97...
2023-07-09 17:51:57,537 - root - INFO - The image is bmc.
2023-07-09 17:51:57,537 - root - INFO - Reading image header(readHeader16C)...
2023-07-09 17:51:57,537 - root - INFO - Image header was read:
2023-07-09 17:51:57,537 - root - INFO - Width: 22, Height: 140, RowLength: 66
2023-07-09 17:51:57,537 - root - INFO - _step: 3, unknown2: 0,
2023-07-09 17:51:57,537 - root - INFO - BPP: 24, Transparency: False
2023-07-09 17:51:57,544 - root - INFO - Resource 98 offset: 649407, length: 2221...
2023-07-09 17:51:57,544 - root - DEBUG - Reading resource 98...
2023-07-09 17:51:57,544 - root - INFO - The image is bmc.
2023-07-09 17:51:57,544 - root - INFO - Reading image header(readHeader16C)...
2023-07-09 17:51:57,544 - root - INFO - Image header was read:
2023-07-09 17:51:57,544 - root - INFO - Width: 5, Height: 147, RowLength: 15
2023-07-09 17:51:57,544 - root - INFO - _step: 3, unknown2: 0,
2023-07-09 17:51:57,544 - root - INFO - BPP: 24, Transparency: False
2023-07-09 17:51:57,559 - root - DEBUG - Parsing parameters...
2023-07-09 17:51:57,675 - root - DEBUG - 0 Value: None
2023-07-09 17:51:57,675 - root - DEBUG - 0.1 Value: 73
2023-07-09 17:51:57,676 - root - DEBUG - 2 Value: None
2023-07-09 17:51:57,676 - root - DEBUG - 2.1 Value: None
2023-07-09 17:51:57,676 - root - DEBUG - 2.1.1 Value: 0
2023-07-09 17:51:57,676 - root - DEBUG - 2.1.2 Value: 0
2023-07-09 17:51:57,676 - root - DEBUG - 2.1.3 Value: 0
2023-07-09 17:51:57,676 - root - DEBUG - 2.3 Value: None
2023-07-09 17:51:57,676 - root - DEBUG - 2.3.1 Value: 0
2023-07-09 17:51:57,676 - root - DEBUG - 2.3.2 Value: 0
2023-07-09 17:51:57,677 - root - DEBUG - 2.3.3 Value: 1
2023-07-09 17:51:57,677 - root - DEBUG - 2.4 Value: None
2023-07-09 17:51:57,677 - root - DEBUG - 2.4.1 Value: 0
2023-07-09 17:51:57,677 - root - DEBUG - 2.4.2 Value: 0
2023-07-09 17:51:57,677 - root - DEBUG - 2.4.3 Value: 3
2023-07-09 17:51:57,677 - root - DEBUG - 2.5 Value: None
2023-07-09 17:51:57,677 - root - DEBUG - 2.5.1 Value: 0
2023-07-09 17:51:57,678 - root - DEBUG - 2.5.2 Value: 0
2023-07-09 17:51:57,678 - root - DEBUG - 2.5.3 Value: 2
2023-07-09 17:51:57,678 - root - DEBUG - 4 Value: None
2023-07-09 17:51:57,678 - root - DEBUG - 4.3 Value: None
2023-07-09 17:51:57,678 - root - DEBUG - 4.3.1 Value: None
2023-07-09 17:51:57,678 - root - DEBUG - 4.3.1.1 Value: 51
2023-07-09 17:51:57,678 - root - DEBUG - 4.3.1.2 Value: 170
2023-07-09 17:51:57,678 - root - DEBUG - 4.3.1.3 Value: 115
2023-07-09 17:51:57,679 - root - DEBUG - 4.3.1.4 Value: 192
2023-07-09 17:51:57,679 - root - DEBUG - 4.3.1.5 Value: 72
2023-07-09 17:51:57,679 - root - DEBUG - 4.3.1.6 Value: 0
2023-07-09 17:51:57,679 - root - DEBUG - 4.3.1.7 Value: 0
2023-07-09 17:51:57,679 - root - DEBUG - 4.3.1.8 Value: 35
2023-07-09 17:51:57,679 - root - DEBUG - 4.3.1.9 Value: 10
2023-07-09 17:51:57,679 - root - DEBUG - 4.4 Value: None
2023-07-09 17:51:57,679 - root - DEBUG - 4.4.1 Value: None
2023-07-09 17:51:57,680 - root - DEBUG - 4.4.1.1 Value: 128
2023-07-09 17:51:57,680 - root - DEBUG - 4.4.1.2 Value: 246
2023-07-09 17:51:57,680 - root - DEBUG - 4.4.1.3 Value: 176
2023-07-09 17:51:57,680 - root - DEBUG - 4.4.1.4 Value: 268
2023-07-09 17:51:57,680 - root - DEBUG - 4.4.1.5 Value: 72
2023-07-09 17:51:57,680 - root - DEBUG - 4.4.1.6 Value: 0
2023-07-09 17:51:57,680 - root - DEBUG - 4.4.1.7 Value: 0
2023-07-09 17:51:57,680 - root - DEBUG - 4.4.1.8 Value: 45
2023-07-09 17:51:57,680 - root - DEBUG - 4.4.1.9 Value: 10
2023-07-09 17:51:57,680 - root - DEBUG - 4.4.3 Value: 55
2023-07-09 17:51:57,681 - root - DEBUG - 4.7 Value: 0
2023-07-09 17:51:57,681 - root - DEBUG - 5 Value: None
2023-07-09 17:51:57,681 - root - DEBUG - 5.1 Value: None
2023-07-09 17:51:57,681 - root - DEBUG - 5.1.9 Value: None
2023-07-09 17:51:57,681 - root - DEBUG - 5.1.9.3 Value: None
2023-07-09 17:51:57,681 - root - DEBUG - 5.1.9.3.1 Value: 134
2023-07-09 17:51:57,681 - root - DEBUG - 5.1.9.3.2 Value: 97
2023-07-09 17:51:57,682 - root - DEBUG - 5.1.9.3.3 Value: 171
2023-07-09 17:51:57,682 - root - DEBUG - 5.1.9.3.4 Value: 122
2023-07-09 17:51:57,682 - root - DEBUG - 5.1.9.3.5 Value: 72
2023-07-09 17:51:57,682 - root - DEBUG - 5.1.9.3.6 Value: 3
2023-07-09 17:51:57,682 - root - DEBUG - 5.1.9.3.7 Value: 0
2023-07-09 17:51:57,682 - root - DEBUG - 5.1.9.3.8 Value: 4
2023-07-09 17:51:57,682 - root - DEBUG - 5.1.9.3.9 Value: 10
2023-07-09 17:51:57,682 - root - DEBUG - 5.1.9.4 Value: 0
2023-07-09 17:51:57,683 - root - DEBUG - 5.1.9.5 Value: 0
2023-07-09 17:51:57,683 - root - DEBUG - 5.1.4 Value: 1
2023-07-09 17:51:57,683 - root - DEBUG - 5.1.5 Value: 1
2023-07-09 17:51:57,683 - root - DEBUG - 5.1.6 Value: 0
2023-07-09 17:51:57,683 - root - DEBUG - 5.4 Value: None
2023-07-09 17:51:57,683 - root - DEBUG - 5.4.1 Value: 128
2023-07-09 17:51:57,683 - root - DEBUG - 5.4.2 Value: 69
2023-07-09 17:51:57,683 - root - DEBUG - 5.4.3 Value: 14
2023-07-09 17:51:57,684 - root - DEBUG - 5.4.4 Value: 7
2023-07-09 17:51:57,684 - root - DEBUG - 5.5 Value: None
2023-07-09 17:51:57,684 - root - DEBUG - 5.5.1 Value: 128
2023-07-09 17:51:57,684 - root - DEBUG - 5.5.2 Value: 69
2023-07-09 17:51:57,684 - root - DEBUG - 5.5.3 Value: 28
2023-07-09 17:51:57,684 - root - DEBUG - 5.5.4 Value: 7
2023-07-09 17:51:57,684 - root - DEBUG - 5.6 Value: None
2023-07-09 17:51:57,684 - root - DEBUG - 5.6.1 Value: 128
2023-07-09 17:51:57,685 - root - DEBUG - 5.6.2 Value: 69
2023-07-09 17:51:57,685 - root - DEBUG - 5.6.3 Value: 21
2023-07-09 17:51:57,685 - root - DEBUG - 5.6.4 Value: 7
2023-07-09 17:51:57,685 - root - DEBUG - 9 Value: None
2023-07-09 17:51:57,685 - root - DEBUG - 9.1 Value: None
2023-07-09 17:51:57,685 - root - DEBUG - 9.1.1 Value: None
2023-07-09 17:51:57,685 - root - DEBUG - 9.1.1.1 Value: 201
2023-07-09 17:51:57,685 - root - DEBUG - 9.1.1.2 Value: 171
2023-07-09 17:51:57,686 - root - DEBUG - 9.1.1.3 Value: 249
2023-07-09 17:51:57,686 - root - DEBUG - 9.1.1.4 Value: 193
2023-07-09 17:51:57,686 - root - DEBUG - 9.1.1.5 Value: 72
2023-07-09 17:51:57,686 - root - DEBUG - 9.1.1.6 Value: 0
2023-07-09 17:51:57,686 - root - DEBUG - 9.1.1.7 Value: 0
2023-07-09 17:51:57,686 - root - DEBUG - 9.1.1.8 Value: 66
2023-07-09 17:51:57,686 - root - DEBUG - 9.1.1.9 Value: 10
2023-07-09 17:51:57,686 - root - DEBUG - 9.2 Value: None
2023-07-09 17:51:57,686 - root - DEBUG - 9.2.1 Value: 179
2023-07-09 17:51:57,687 - root - DEBUG - 9.2.2 Value: 136
2023-07-09 17:51:57,687 - root - DEBUG - 9.2.3 Value: 76
2023-07-09 17:51:57,687 - root - DEBUG - 9.2.4 Value: 10
2023-07-09 17:51:57,687 - root - DEBUG - 12 Value: None
2023-07-09 17:51:57,687 - root - DEBUG - 12.2 Value: None
2023-07-09 17:51:57,687 - root - DEBUG - 12.2.1 Value: 106
2023-07-09 17:51:57,687 - root - DEBUG - 12.2.2 Value: 211
2023-07-09 17:51:57,687 - root - DEBUG - 12.2.3 Value: 56
2023-07-09 17:51:57,688 - root - DEBUG - 12.2.4 Value: 10
2023-07-09 17:51:57,688 - root - DEBUG - 15 Value: None
2023-07-09 17:51:57,688 - root - DEBUG - 15.2 Value: None
2023-07-09 17:51:57,688 - root - DEBUG - 15.2.1 Value: 37
2023-07-09 17:51:57,688 - root - DEBUG - 15.2.2 Value: 136
2023-07-09 17:51:57,688 - root - DEBUG - 15.2.3 Value: 86
2023-07-09 17:51:57,688 - root - DEBUG - 15.2.4 Value: 10
2023-07-09 17:51:57,688 - root - DEBUG - 20 Value: None
2023-07-09 17:51:57,689 - root - DEBUG - 20.3 Value: None
2023-07-09 17:51:57,689 - root - DEBUG - 20.3.1 Value: 96
2023-07-09 17:51:57,689 - root - DEBUG - 20.3.2 Value: 107
2023-07-09 17:51:57,689 - root - DEBUG - 20.3.3 Value: None
2023-07-09 17:51:57,689 - root - DEBUG - 20.3.3.1 Value: 153
2023-07-09 17:51:57,689 - root - DEBUG - 20.3.3.2 Value: 177
2023-07-09 17:51:57,689 - root - DEBUG - 20.4 Value: None
2023-07-09 17:51:57,689 - root - DEBUG - 20.4.1 Value: 97
2023-07-09 17:51:57,690 - root - DEBUG - 20.4.2 Value: 129
2023-07-09 17:51:57,690 - root - DEBUG - 20.4.3 Value: None
2023-07-09 17:51:57,690 - root - DEBUG - 20.4.3.1 Value: 153
2023-07-09 17:51:57,690 - root - DEBUG - 20.4.3.2 Value: 177
2023-07-09 17:51:57,690 - root - DEBUG - 20.5 Value: None
2023-07-09 17:51:57,690 - root - DEBUG - 20.5.1 Value: 98
2023-07-09 17:51:57,690 - root - DEBUG - 20.5.2 Value: 149
2023-07-09 17:51:57,690 - root - DEBUG - 20.5.3 Value: None
2023-07-09 17:51:57,690 - root - DEBUG - 20.5.3.1 Value: 153
2023-07-09 17:51:57,691 - root - DEBUG - 20.5.3.2 Value: 177
2023-07-09 17:51:57,691 - root - DEBUG - 0-Info
2023-07-09 17:51:57,691 - root - DEBUG - 0.1-DeviceId
2023-07-09 17:51:57,691 - root - DEBUG - 2-Background
2023-07-09 17:51:57,691 - root - DEBUG - 2.1-Image
2023-07-09 17:51:57,692 - root - DEBUG - 2.1.1-X
2023-07-09 17:51:57,692 - root - DEBUG - 2.1.2-Y
2023-07-09 17:51:57,692 - root - DEBUG - 2.1.3-ImageIndex
2023-07-09 17:51:57,692 - root - DEBUG - 2.3-Preview
2023-07-09 17:51:57,692 - root - DEBUG - 2.3.1-X
2023-07-09 17:51:57,692 - root - DEBUG - 2.3.2-Y
2023-07-09 17:51:57,693 - root - DEBUG - 2.3.3-ImageIndex
2023-07-09 17:51:57,693 - root - DEBUG - 2.4-PreviewTradChinese
2023-07-09 17:51:57,693 - root - DEBUG - 2.4.1-X
2023-07-09 17:51:57,693 - root - DEBUG - 2.4.2-Y
2023-07-09 17:51:57,693 - root - DEBUG - 2.4.3-ImageIndex
2023-07-09 17:51:57,694 - root - DEBUG - 2.5-PreviewChinese
2023-07-09 17:51:57,694 - root - DEBUG - 2.5.1-X
2023-07-09 17:51:57,694 - root - DEBUG - 2.5.2-Y
2023-07-09 17:51:57,694 - root - DEBUG - 2.5.3-ImageIndex
2023-07-09 17:51:57,694 - root - DEBUG - 4-Activity
2023-07-09 17:51:57,694 - root - DEBUG - 4.3-Calories
2023-07-09 17:51:57,694 - root - DEBUG - 4.3.1-ImageNumber
2023-07-09 17:51:57,695 - root - DEBUG - 4.3.1.1-TopLeftX
2023-07-09 17:51:57,695 - root - DEBUG - 4.3.1.2-TopLeftY
2023-07-09 17:51:57,695 - root - DEBUG - 4.3.1.3-BottomRightX
2023-07-09 17:51:57,695 - root - DEBUG - 4.3.1.4-BottomRightY
2023-07-09 17:51:57,695 - root - DEBUG - 4.3.1.5-Alignment
2023-07-09 17:51:57,696 - root - DEBUG - 4.3.1.6-Spacing
2023-07-09 17:51:57,696 - root - DEBUG - 4.3.1.7-VerticalOffset
2023-07-09 17:51:57,696 - root - DEBUG - 4.3.1.8-ImageIndex
2023-07-09 17:51:57,696 - root - DEBUG - 4.3.1.9-ImagesCount
2023-07-09 17:51:57,696 - root - DEBUG - 4.4-HeartRate
2023-07-09 17:51:57,697 - root - DEBUG - 4.4.1-ImageNumber
2023-07-09 17:51:57,697 - root - DEBUG - 4.4.1.1-TopLeftX
2023-07-09 17:51:57,697 - root - DEBUG - 4.4.1.2-TopLeftY
2023-07-09 17:51:57,697 - root - DEBUG - 4.4.1.3-BottomRightX
2023-07-09 17:51:57,697 - root - DEBUG - 4.4.1.4-BottomRightY
2023-07-09 17:51:57,697 - root - DEBUG - 4.4.1.5-Alignment
2023-07-09 17:51:57,698 - root - DEBUG - 4.4.1.6-Spacing
2023-07-09 17:51:57,698 - root - DEBUG - 4.4.1.7-VerticalOffset
2023-07-09 17:51:57,698 - root - DEBUG - 4.4.1.8-ImageIndex
2023-07-09 17:51:57,698 - root - DEBUG - 4.4.1.9-ImagesCount
2023-07-09 17:51:57,699 - root - DEBUG - 4.4.3-NoDataImageIndex
2023-07-09 17:51:57,699 - root - DEBUG - 4.7-UnknownLongValue7
2023-07-09 17:51:57,699 - root - DEBUG - 5-DateBlock
2023-07-09 17:51:57,699 - root - DEBUG - 5.1-Date
2023-07-09 17:51:57,699 - root - DEBUG - 5.1.9-YearMonthAndDay
2023-07-09 17:51:57,699 - root - DEBUG - 5.1.9.3-Day
2023-07-09 17:51:57,700 - root - DEBUG - 5.1.9.3.1-TopLeftX
2023-07-09 17:51:57,700 - root - DEBUG - 5.1.9.3.2-TopLeftY
2023-07-09 17:51:57,700 - root - DEBUG - 5.1.9.3.3-BottomRightX
2023-07-09 17:51:57,700 - root - DEBUG - 5.1.9.3.4-BottomRightY
2023-07-09 17:51:57,700 - root - DEBUG - 5.1.9.3.5-Alignment
2023-07-09 17:51:57,701 - root - DEBUG - 5.1.9.3.6-Spacing
2023-07-09 17:51:57,701 - root - DEBUG - 5.1.9.3.7-VerticalOffset
2023-07-09 17:51:57,701 - root - DEBUG - 5.1.9.3.8-ImageIndex
2023-07-09 17:51:57,701 - root - DEBUG - 5.1.9.3.9-ImagesCount
2023-07-09 17:51:57,701 - root - DEBUG - 5.1.9.4-MonthFollowsYear
2023-07-09 17:51:57,701 - root - DEBUG - 5.1.9.5-DayFollowsMonth
2023-07-09 17:51:57,702 - root - DEBUG - 5.1.4-PaddingZeroMonth
2023-07-09 17:51:57,702 - root - DEBUG - 5.1.5-PaddingZeroDay
2023-07-09 17:51:57,702 - root - DEBUG - 5.1.6-UnknownBoolean6
2023-07-09 17:51:57,702 - root - DEBUG - 5.4-Weekday
2023-07-09 17:51:57,702 - root - DEBUG - 5.4.1-X
2023-07-09 17:51:57,703 - root - DEBUG - 5.4.2-Y
2023-07-09 17:51:57,703 - root - DEBUG - 5.4.3-ImageIndex
2023-07-09 17:51:57,703 - root - DEBUG - 5.4.4-ImagesCount
2023-07-09 17:51:57,703 - root - DEBUG - 5.5-WeekdayChinese
2023-07-09 17:51:57,703 - root - DEBUG - 5.5.1-X
2023-07-09 17:51:57,703 - root - DEBUG - 5.5.2-Y
2023-07-09 17:51:57,704 - root - DEBUG - 5.5.3-ImageIndex
2023-07-09 17:51:57,704 - root - DEBUG - 5.5.4-ImagesCount
2023-07-09 17:51:57,704 - root - DEBUG - 5.6-WeekdayTradChinese
2023-07-09 17:51:57,704 - root - DEBUG - 5.6.1-X
2023-07-09 17:51:57,704 - root - DEBUG - 5.6.2-Y
2023-07-09 17:51:57,704 - root - DEBUG - 5.6.3-ImageIndex
2023-07-09 17:51:57,705 - root - DEBUG - 5.6.4-ImagesCount
2023-07-09 17:51:57,705 - root - DEBUG - 9-Battery
2023-07-09 17:51:57,705 - root - DEBUG - 9.1-BatteryText
2023-07-09 17:51:57,705 - root - DEBUG - 9.1.1-ImageNumber
2023-07-09 17:51:57,705 - root - DEBUG - 9.1.1.1-TopLeftX
2023-07-09 17:51:57,705 - root - DEBUG - 9.1.1.2-TopLeftY
2023-07-09 17:51:57,706 - root - DEBUG - 9.1.1.3-BottomRightX
2023-07-09 17:51:57,706 - root - DEBUG - 9.1.1.4-BottomRightY
2023-07-09 17:51:57,706 - root - DEBUG - 9.1.1.5-Alignment
2023-07-09 17:51:57,706 - root - DEBUG - 9.1.1.6-Spacing
2023-07-09 17:51:57,706 - root - DEBUG - 9.1.1.7-VerticalOffset
2023-07-09 17:51:57,707 - root - DEBUG - 9.1.1.8-ImageIndex
2023-07-09 17:51:57,707 - root - DEBUG - 9.1.1.9-ImagesCount
2023-07-09 17:51:57,707 - root - DEBUG - 9.2-ImageProgress
2023-07-09 17:51:57,707 - root - DEBUG - 9.2.1-X
2023-07-09 17:51:57,707 - root - DEBUG - 9.2.2-Y
2023-07-09 17:51:57,707 - root - DEBUG - 9.2.3-ImageIndex
2023-07-09 17:51:57,708 - root - DEBUG - 9.2.4-ImagesCount
2023-07-09 17:51:57,708 - root - DEBUG - 12-HeartProgress
2023-07-09 17:51:57,708 - root - DEBUG - 12.2-ImageProgress
2023-07-09 17:51:57,708 - root - DEBUG - 12.2.1-X
2023-07-09 17:51:57,708 - root - DEBUG - 12.2.2-Y
2023-07-09 17:51:57,709 - root - DEBUG - 12.2.3-ImageIndex
2023-07-09 17:51:57,709 - root - DEBUG - 12.2.4-ImagesCount
2023-07-09 17:51:57,709 - root - DEBUG - 15-CaloriesProgress
2023-07-09 17:51:57,709 - root - DEBUG - 15.2-ImageProgress
2023-07-09 17:51:57,709 - root - DEBUG - 15.2.1-X
2023-07-09 17:51:57,709 - root - DEBUG - 15.2.2-Y
2023-07-09 17:51:57,710 - root - DEBUG - 15.2.3-ImageIndex
2023-07-09 17:51:57,710 - root - DEBUG - 15.2.4-ImagesCount
2023-07-09 17:51:57,710 - root - DEBUG - 20-TimeAnalog
2023-07-09 17:51:57,710 - root - DEBUG - 20.3-Hours
2023-07-09 17:51:57,710 - root - DEBUG - 20.3.1-ImageIndex
2023-07-09 17:51:57,710 - root - DEBUG - 20.3.2-PointerCenterOfRotationY
2023-07-09 17:51:57,711 - root - DEBUG - 20.3.3-CenterCoordinates
2023-07-09 17:51:57,711 - root - DEBUG - 20.3.3.1-X
2023-07-09 17:51:57,711 - root - DEBUG - 20.3.3.2-Y
2023-07-09 17:51:57,711 - root - DEBUG - 20.4-Minutes
2023-07-09 17:51:57,711 - root - DEBUG - 20.4.1-ImageIndex
2023-07-09 17:51:57,711 - root - DEBUG - 20.4.2-PointerCenterOfRotationY
2023-07-09 17:51:57,712 - root - DEBUG - 20.4.3-CenterCoordinates
2023-07-09 17:51:57,712 - root - DEBUG - 20.4.3.1-X
2023-07-09 17:51:57,712 - root - DEBUG - 20.4.3.2-Y
2023-07-09 17:51:57,712 - root - DEBUG - 20.5-Seconds
2023-07-09 17:51:57,712 - root - DEBUG - 20.5.1-ImageIndex
2023-07-09 17:51:57,712 - root - DEBUG - 20.5.2-PointerCenterOfRotationY
2023-07-09 17:51:57,713 - root - DEBUG - 20.5.3-CenterCoordinates
2023-07-09 17:51:57,713 - root - DEBUG - 20.5.3.1-X
2023-07-09 17:51:57,713 - root - DEBUG - 20.5.3.2-Y
2023-07-09 17:51:57,713 - root - DEBUG - generatePreviews
2023-07-09 17:51:57,713 - root - DEBUG - Generating previews...
2023-07-09 17:51:57,718 - root - DEBUG - Generating states done...
2023-07-09 17:51:57,728 - root - DEBUG - >>>>>>>>>>>> 0 <watchFaceParser.models.parameter.Parameter object at 0x000002B2CDDDFD90>
2023-07-09 17:51:57,729 - root - DEBUG - >>>>>>>>>>>> 2 <watchFaceParser.models.parameter.Parameter object at 0x000002B2CDDD9310>
2023-07-09 17:51:57,734 - root - DEBUG - >>>>>>>>>>>> 4 <watchFaceParser.models.parameter.Parameter object at 0x000002B2CDDD9A00>
2023-07-09 17:51:57,749 - root - DEBUG - >>>>>>>>>>>> 5 <watchFaceParser.models.parameter.Parameter object at 0x000002B2CDDDBBB0>
2023-07-09 17:51:57,749 - root - DEBUG - >>>>>>>>>>>> 9 <watchFaceParser.models.parameter.Parameter object at 0x000002B2CDDDCF10>
2023-07-09 17:51:57,765 - root - DEBUG - >>>>>>>>>>>> 12 <watchFaceParser.models.parameter.Parameter object at 0x000002B2CDDDF250>
2023-07-09 17:51:57,765 - root - DEBUG - >>>>>>>>>>>> 15 <watchFaceParser.models.parameter.Parameter object at 0x000002B2CDDDCA00>
2023-07-09 17:51:57,765 - root - DEBUG - >>>>>>>>>>>> 20 <watchFaceParser.models.parameter.Parameter object at 0x000002B2CDDDF220>
2023-07-09 17:51:57,827 - root - DEBUG - Generating static preview gen done...
2023-07-09 17:51:57,906 - root - DEBUG - Generating static preview save done...
2023-07-09 17:51:57,906 - root - DEBUG - Generating anim preview gen done...
2023-07-09 17:51:57,921 - root - DEBUG - >>>>>>>>>>>> 0 <watchFaceParser.models.parameter.Parameter object at 0x000002B2CDDDFD90>
2023-07-09 17:51:57,921 - root - DEBUG - >>>>>>>>>>>> 2 <watchFaceParser.models.parameter.Parameter object at 0x000002B2CDDD9310>
2023-07-09 17:51:57,921 - root - DEBUG - >>>>>>>>>>>> 4 <watchFaceParser.models.parameter.Parameter object at 0x000002B2CDDD9A00>
2023-07-09 17:51:57,921 - root - DEBUG - >>>>>>>>>>>> 5 <watchFaceParser.models.parameter.Parameter object at 0x000002B2CDDDBBB0>
2023-07-09 17:51:57,921 - root - DEBUG - >>>>>>>>>>>> 9 <watchFaceParser.models.parameter.Parameter object at 0x000002B2CDDDCF10>
2023-07-09 17:51:57,921 - root - DEBUG - >>>>>>>>>>>> 12 <watchFaceParser.models.parameter.Parameter object at 0x000002B2CDDDF250>
2023-07-09 17:51:57,921 - root - DEBUG - >>>>>>>>>>>> 15 <watchFaceParser.models.parameter.Parameter object at 0x000002B2CDDDCA00>
2023-07-09 17:51:57,921 - root - DEBUG - >>>>>>>>>>>> 20 <watchFaceParser.models.parameter.Parameter object at 0x000002B2CDDDF220>
2023-07-09 17:51:58,796 - root - DEBUG - generatePreviews done
2023-07-09 17:51:58,796 - root - DEBUG - Exporting resources to 'E:\Codez\zepp-gts2mini-wf\9837d3b2b93a5f214ba358d8a6581ee1'
2023-07-09 17:51:58,796 - root - DEBUG - extracting E:\Codez\zepp-gts2mini-wf\9837d3b2b93a5f214ba358d8a6581ee1\0000.png...
2023-07-09 17:51:58,812 - root - DEBUG - extracting E:\Codez\zepp-gts2mini-wf\9837d3b2b93a5f214ba358d8a6581ee1\0001.png...
2023-07-09 17:51:58,827 - root - DEBUG - extracting E:\Codez\zepp-gts2mini-wf\9837d3b2b93a5f214ba358d8a6581ee1\0002.png...
2023-07-09 17:51:58,843 - root - DEBUG - extracting E:\Codez\zepp-gts2mini-wf\9837d3b2b93a5f214ba358d8a6581ee1\0003.png...
2023-07-09 17:51:58,859 - root - DEBUG - extracting E:\Codez\zepp-gts2mini-wf\9837d3b2b93a5f214ba358d8a6581ee1\0004.png...
2023-07-09 17:51:58,859 - root - DEBUG - extracting E:\Codez\zepp-gts2mini-wf\9837d3b2b93a5f214ba358d8a6581ee1\0005.png...
2023-07-09 17:51:58,859 - root - DEBUG - extracting E:\Codez\zepp-gts2mini-wf\9837d3b2b93a5f214ba358d8a6581ee1\0006.png...
2023-07-09 17:51:58,859 - root - DEBUG - extracting E:\Codez\zepp-gts2mini-wf\9837d3b2b93a5f214ba358d8a6581ee1\0007.png...
2023-07-09 17:51:58,859 - root - DEBUG - extracting E:\Codez\zepp-gts2mini-wf\9837d3b2b93a5f214ba358d8a6581ee1\0008.png...
2023-07-09 17:51:58,859 - root - DEBUG - extracting E:\Codez\zepp-gts2mini-wf\9837d3b2b93a5f214ba358d8a6581ee1\0009.png...
2023-07-09 17:51:58,859 - root - DEBUG - extracting E:\Codez\zepp-gts2mini-wf\9837d3b2b93a5f214ba358d8a6581ee1\0010.png...
2023-07-09 17:51:58,859 - root - DEBUG - extracting E:\Codez\zepp-gts2mini-wf\9837d3b2b93a5f214ba358d8a6581ee1\0011.png...
2023-07-09 17:51:58,859 - root - DEBUG - extracting E:\Codez\zepp-gts2mini-wf\9837d3b2b93a5f214ba358d8a6581ee1\0012.png...
2023-07-09 17:51:58,859 - root - DEBUG - extracting E:\Codez\zepp-gts2mini-wf\9837d3b2b93a5f214ba358d8a6581ee1\0013.png...
2023-07-09 17:51:58,859 - root - DEBUG - extracting E:\Codez\zepp-gts2mini-wf\9837d3b2b93a5f214ba358d8a6581ee1\0014.png...
2023-07-09 17:51:58,859 - root - DEBUG - extracting E:\Codez\zepp-gts2mini-wf\9837d3b2b93a5f214ba358d8a6581ee1\0015.png...
2023-07-09 17:51:58,859 - root - DEBUG - extracting E:\Codez\zepp-gts2mini-wf\9837d3b2b93a5f214ba358d8a6581ee1\0016.png...
2023-07-09 17:51:58,874 - root - DEBUG - extracting E:\Codez\zepp-gts2mini-wf\9837d3b2b93a5f214ba358d8a6581ee1\0017.png...
2023-07-09 17:51:58,874 - root - DEBUG - extracting E:\Codez\zepp-gts2mini-wf\9837d3b2b93a5f214ba358d8a6581ee1\0018.png...
2023-07-09 17:51:58,874 - root - DEBUG - extracting E:\Codez\zepp-gts2mini-wf\9837d3b2b93a5f214ba358d8a6581ee1\0019.png...
2023-07-09 17:51:58,874 - root - DEBUG - extracting E:\Codez\zepp-gts2mini-wf\9837d3b2b93a5f214ba358d8a6581ee1\0020.png...
2023-07-09 17:51:58,874 - root - DEBUG - extracting E:\Codez\zepp-gts2mini-wf\9837d3b2b93a5f214ba358d8a6581ee1\0021.png...
2023-07-09 17:51:58,874 - root - DEBUG - extracting E:\Codez\zepp-gts2mini-wf\9837d3b2b93a5f214ba358d8a6581ee1\0022.png...
2023-07-09 17:51:58,874 - root - DEBUG - extracting E:\Codez\zepp-gts2mini-wf\9837d3b2b93a5f214ba358d8a6581ee1\0023.png...
2023-07-09 17:51:58,874 - root - DEBUG - extracting E:\Codez\zepp-gts2mini-wf\9837d3b2b93a5f214ba358d8a6581ee1\0024.png...
2023-07-09 17:51:58,874 - root - DEBUG - extracting E:\Codez\zepp-gts2mini-wf\9837d3b2b93a5f214ba358d8a6581ee1\0025.png...
2023-07-09 17:51:58,874 - root - DEBUG - extracting E:\Codez\zepp-gts2mini-wf\9837d3b2b93a5f214ba358d8a6581ee1\0026.png...
2023-07-09 17:51:58,874 - root - DEBUG - extracting E:\Codez\zepp-gts2mini-wf\9837d3b2b93a5f214ba358d8a6581ee1\0027.png...
2023-07-09 17:51:58,874 - root - DEBUG - extracting E:\Codez\zepp-gts2mini-wf\9837d3b2b93a5f214ba358d8a6581ee1\0028.png...
2023-07-09 17:51:58,874 - root - DEBUG - extracting E:\Codez\zepp-gts2mini-wf\9837d3b2b93a5f214ba358d8a6581ee1\0029.png...
2023-07-09 17:51:58,874 - root - DEBUG - extracting E:\Codez\zepp-gts2mini-wf\9837d3b2b93a5f214ba358d8a6581ee1\0030.png...
2023-07-09 17:51:58,890 - root - DEBUG - extracting E:\Codez\zepp-gts2mini-wf\9837d3b2b93a5f214ba358d8a6581ee1\0031.png...
2023-07-09 17:51:58,890 - root - DEBUG - extracting E:\Codez\zepp-gts2mini-wf\9837d3b2b93a5f214ba358d8a6581ee1\0032.png...
2023-07-09 17:51:58,890 - root - DEBUG - extracting E:\Codez\zepp-gts2mini-wf\9837d3b2b93a5f214ba358d8a6581ee1\0033.png...
2023-07-09 17:51:58,890 - root - DEBUG - extracting E:\Codez\zepp-gts2mini-wf\9837d3b2b93a5f214ba358d8a6581ee1\0034.png...
2023-07-09 17:51:58,890 - root - DEBUG - extracting E:\Codez\zepp-gts2mini-wf\9837d3b2b93a5f214ba358d8a6581ee1\0035.png...
2023-07-09 17:51:58,890 - root - DEBUG - extracting E:\Codez\zepp-gts2mini-wf\9837d3b2b93a5f214ba358d8a6581ee1\0036.png...
2023-07-09 17:51:58,890 - root - DEBUG - extracting E:\Codez\zepp-gts2mini-wf\9837d3b2b93a5f214ba358d8a6581ee1\0037.png...
2023-07-09 17:51:58,890 - root - DEBUG - extracting E:\Codez\zepp-gts2mini-wf\9837d3b2b93a5f214ba358d8a6581ee1\0038.png...
2023-07-09 17:51:58,890 - root - DEBUG - extracting E:\Codez\zepp-gts2mini-wf\9837d3b2b93a5f214ba358d8a6581ee1\0039.png...
2023-07-09 17:51:58,890 - root - DEBUG - extracting E:\Codez\zepp-gts2mini-wf\9837d3b2b93a5f214ba358d8a6581ee1\0040.png...
2023-07-09 17:51:58,890 - root - DEBUG - extracting E:\Codez\zepp-gts2mini-wf\9837d3b2b93a5f214ba358d8a6581ee1\0041.png...
2023-07-09 17:51:58,890 - root - DEBUG - extracting E:\Codez\zepp-gts2mini-wf\9837d3b2b93a5f214ba358d8a6581ee1\0042.png...
2023-07-09 17:51:58,890 - root - DEBUG - extracting E:\Codez\zepp-gts2mini-wf\9837d3b2b93a5f214ba358d8a6581ee1\0043.png...
2023-07-09 17:51:58,890 - root - DEBUG - extracting E:\Codez\zepp-gts2mini-wf\9837d3b2b93a5f214ba358d8a6581ee1\0044.png...
2023-07-09 17:51:58,890 - root - DEBUG - extracting E:\Codez\zepp-gts2mini-wf\9837d3b2b93a5f214ba358d8a6581ee1\0045.png...
2023-07-09 17:51:58,906 - root - DEBUG - extracting E:\Codez\zepp-gts2mini-wf\9837d3b2b93a5f214ba358d8a6581ee1\0046.png...
2023-07-09 17:51:58,906 - root - DEBUG - extracting E:\Codez\zepp-gts2mini-wf\9837d3b2b93a5f214ba358d8a6581ee1\0047.png...
2023-07-09 17:51:58,906 - root - DEBUG - extracting E:\Codez\zepp-gts2mini-wf\9837d3b2b93a5f214ba358d8a6581ee1\0048.png...
2023-07-09 17:51:58,906 - root - DEBUG - extracting E:\Codez\zepp-gts2mini-wf\9837d3b2b93a5f214ba358d8a6581ee1\0049.png...
2023-07-09 17:51:58,906 - root - DEBUG - extracting E:\Codez\zepp-gts2mini-wf\9837d3b2b93a5f214ba358d8a6581ee1\0050.png...
2023-07-09 17:51:58,906 - root - DEBUG - extracting E:\Codez\zepp-gts2mini-wf\9837d3b2b93a5f214ba358d8a6581ee1\0051.png...
2023-07-09 17:51:58,906 - root - DEBUG - extracting E:\Codez\zepp-gts2mini-wf\9837d3b2b93a5f214ba358d8a6581ee1\0052.png...
2023-07-09 17:51:58,906 - root - DEBUG - extracting E:\Codez\zepp-gts2mini-wf\9837d3b2b93a5f214ba358d8a6581ee1\0053.png...
2023-07-09 17:51:58,906 - root - DEBUG - extracting E:\Codez\zepp-gts2mini-wf\9837d3b2b93a5f214ba358d8a6581ee1\0054.png...
2023-07-09 17:51:58,906 - root - DEBUG - extracting E:\Codez\zepp-gts2mini-wf\9837d3b2b93a5f214ba358d8a6581ee1\0055.png...
2023-07-09 17:51:58,915 - root - DEBUG - extracting E:\Codez\zepp-gts2mini-wf\9837d3b2b93a5f214ba358d8a6581ee1\0056.png...
2023-07-09 17:51:58,917 - root - DEBUG - extracting E:\Codez\zepp-gts2mini-wf\9837d3b2b93a5f214ba358d8a6581ee1\0057.png...
2023-07-09 17:51:58,919 - root - DEBUG - extracting E:\Codez\zepp-gts2mini-wf\9837d3b2b93a5f214ba358d8a6581ee1\0058.png...
2023-07-09 17:51:58,921 - root - DEBUG - extracting E:\Codez\zepp-gts2mini-wf\9837d3b2b93a5f214ba358d8a6581ee1\0059.png...
2023-07-09 17:51:58,923 - root - DEBUG - extracting E:\Codez\zepp-gts2mini-wf\9837d3b2b93a5f214ba358d8a6581ee1\0060.png...
2023-07-09 17:51:58,925 - root - DEBUG - extracting E:\Codez\zepp-gts2mini-wf\9837d3b2b93a5f214ba358d8a6581ee1\0061.png...
2023-07-09 17:51:58,928 - root - DEBUG - extracting E:\Codez\zepp-gts2mini-wf\9837d3b2b93a5f214ba358d8a6581ee1\0062.png...
2023-07-09 17:51:58,930 - root - DEBUG - extracting E:\Codez\zepp-gts2mini-wf\9837d3b2b93a5f214ba358d8a6581ee1\0063.png...
2023-07-09 17:51:58,934 - root - DEBUG - extracting E:\Codez\zepp-gts2mini-wf\9837d3b2b93a5f214ba358d8a6581ee1\0064.png...
2023-07-09 17:51:58,936 - root - DEBUG - extracting E:\Codez\zepp-gts2mini-wf\9837d3b2b93a5f214ba358d8a6581ee1\0065.png...
2023-07-09 17:51:58,939 - root - DEBUG - extracting E:\Codez\zepp-gts2mini-wf\9837d3b2b93a5f214ba358d8a6581ee1\0066.png...
2023-07-09 17:51:58,940 - root - DEBUG - extracting E:\Codez\zepp-gts2mini-wf\9837d3b2b93a5f214ba358d8a6581ee1\0067.png...
2023-07-09 17:51:58,941 - root - DEBUG - extracting E:\Codez\zepp-gts2mini-wf\9837d3b2b93a5f214ba358d8a6581ee1\0068.png...
2023-07-09 17:51:58,941 - root - DEBUG - extracting E:\Codez\zepp-gts2mini-wf\9837d3b2b93a5f214ba358d8a6581ee1\0069.png...
2023-07-09 17:51:58,943 - root - DEBUG - extracting E:\Codez\zepp-gts2mini-wf\9837d3b2b93a5f214ba358d8a6581ee1\0070.png...
2023-07-09 17:51:58,944 - root - DEBUG - extracting E:\Codez\zepp-gts2mini-wf\9837d3b2b93a5f214ba358d8a6581ee1\0071.png...
2023-07-09 17:51:58,945 - root - DEBUG - extracting E:\Codez\zepp-gts2mini-wf\9837d3b2b93a5f214ba358d8a6581ee1\0072.png...
2023-07-09 17:51:58,946 - root - DEBUG - extracting E:\Codez\zepp-gts2mini-wf\9837d3b2b93a5f214ba358d8a6581ee1\0073.png...
2023-07-09 17:51:58,946 - root - DEBUG - extracting E:\Codez\zepp-gts2mini-wf\9837d3b2b93a5f214ba358d8a6581ee1\0074.png...
2023-07-09 17:51:58,948 - root - DEBUG - extracting E:\Codez\zepp-gts2mini-wf\9837d3b2b93a5f214ba358d8a6581ee1\0075.png...
2023-07-09 17:51:58,948 - root - DEBUG - extracting E:\Codez\zepp-gts2mini-wf\9837d3b2b93a5f214ba358d8a6581ee1\0076.png...
2023-07-09 17:51:58,950 - root - DEBUG - extracting E:\Codez\zepp-gts2mini-wf\9837d3b2b93a5f214ba358d8a6581ee1\0077.png...
2023-07-09 17:51:58,952 - root - DEBUG - extracting E:\Codez\zepp-gts2mini-wf\9837d3b2b93a5f214ba358d8a6581ee1\0078.png...
2023-07-09 17:51:58,954 - root - DEBUG - extracting E:\Codez\zepp-gts2mini-wf\9837d3b2b93a5f214ba358d8a6581ee1\0079.png...
2023-07-09 17:51:58,957 - root - DEBUG - extracting E:\Codez\zepp-gts2mini-wf\9837d3b2b93a5f214ba358d8a6581ee1\0080.png...
2023-07-09 17:51:58,959 - root - DEBUG - extracting E:\Codez\zepp-gts2mini-wf\9837d3b2b93a5f214ba358d8a6581ee1\0081.png...
2023-07-09 17:51:58,961 - root - DEBUG - extracting E:\Codez\zepp-gts2mini-wf\9837d3b2b93a5f214ba358d8a6581ee1\0082.png...
2023-07-09 17:51:58,963 - root - DEBUG - extracting E:\Codez\zepp-gts2mini-wf\9837d3b2b93a5f214ba358d8a6581ee1\0083.png...
2023-07-09 17:51:58,966 - root - DEBUG - extracting E:\Codez\zepp-gts2mini-wf\9837d3b2b93a5f214ba358d8a6581ee1\0084.png...
2023-07-09 17:51:58,967 - root - DEBUG - extracting E:\Codez\zepp-gts2mini-wf\9837d3b2b93a5f214ba358d8a6581ee1\0085.png...
2023-07-09 17:51:58,967 - root - DEBUG - extracting E:\Codez\zepp-gts2mini-wf\9837d3b2b93a5f214ba358d8a6581ee1\0086.png...
2023-07-09 17:51:58,967 - root - DEBUG - extracting E:\Codez\zepp-gts2mini-wf\9837d3b2b93a5f214ba358d8a6581ee1\0087.png...
2023-07-09 17:51:58,967 - root - DEBUG - extracting E:\Codez\zepp-gts2mini-wf\9837d3b2b93a5f214ba358d8a6581ee1\0088.png...
2023-07-09 17:51:58,967 - root - DEBUG - extracting E:\Codez\zepp-gts2mini-wf\9837d3b2b93a5f214ba358d8a6581ee1\0089.png...
2023-07-09 17:51:58,967 - root - DEBUG - extracting E:\Codez\zepp-gts2mini-wf\9837d3b2b93a5f214ba358d8a6581ee1\0090.png...
2023-07-09 17:51:58,967 - root - DEBUG - extracting E:\Codez\zepp-gts2mini-wf\9837d3b2b93a5f214ba358d8a6581ee1\0091.png...
2023-07-09 17:51:58,983 - root - DEBUG - extracting E:\Codez\zepp-gts2mini-wf\9837d3b2b93a5f214ba358d8a6581ee1\0092.png...
2023-07-09 17:51:58,983 - root - DEBUG - extracting E:\Codez\zepp-gts2mini-wf\9837d3b2b93a5f214ba358d8a6581ee1\0093.png...
2023-07-09 17:51:58,983 - root - DEBUG - extracting E:\Codez\zepp-gts2mini-wf\9837d3b2b93a5f214ba358d8a6581ee1\0094.png...
2023-07-09 17:51:58,983 - root - DEBUG - extracting E:\Codez\zepp-gts2mini-wf\9837d3b2b93a5f214ba358d8a6581ee1\0095.png...
2023-07-09 17:51:58,983 - root - DEBUG - extracting E:\Codez\zepp-gts2mini-wf\9837d3b2b93a5f214ba358d8a6581ee1\0096.png...
2023-07-09 17:51:58,983 - root - DEBUG - extracting E:\Codez\zepp-gts2mini-wf\9837d3b2b93a5f214ba358d8a6581ee1\0097.png...
2023-07-09 17:51:58,983 - root - DEBUG - extracting E:\Codez\zepp-gts2mini-wf\9837d3b2b93a5f214ba358d8a6581ee1\0098.png...
2023-07-09 17:51:58,983 - root - DEBUG - Exporting config...
